[2025-05-31T17:24:36.765+0000] {local_task_job_runner.py:123} INFO - ::group::Pre task execution logs
[2025-05-31T17:24:36.779+0000] {taskinstance.py:2612} INFO - Dependencies all met for dep_context=non-requeueable deps ti=<TaskInstance: log_monitoring_dag.start_log_producer scheduled__2025-05-31T17:15:00+00:00 [queued]>
[2025-05-31T17:24:36.787+0000] {taskinstance.py:2612} INFO - Dependencies all met for dep_context=requeueable deps ti=<TaskInstance: log_monitoring_dag.start_log_producer scheduled__2025-05-31T17:15:00+00:00 [queued]>
[2025-05-31T17:24:36.788+0000] {taskinstance.py:2865} INFO - Starting attempt 1 of 2
[2025-05-31T17:24:36.805+0000] {taskinstance.py:2888} INFO - Executing <Task(BashOperator): start_log_producer> on 2025-05-31 17:15:00+00:00
[2025-05-31T17:24:36.812+0000] {logging_mixin.py:190} WARNING - /home/***/.local/lib/python3.12/site-packages/***/task/task_runner/standard_task_runner.py:70 DeprecationWarning: This process (pid=1071) is multi-threaded, use of fork() may lead to deadlocks in the child.
[2025-05-31T17:24:36.813+0000] {standard_task_runner.py:72} INFO - Started process 1075 to run task
[2025-05-31T17:24:36.812+0000] {standard_task_runner.py:104} INFO - Running: ['***', 'tasks', 'run', 'log_monitoring_dag', 'start_log_producer', 'scheduled__2025-05-31T17:15:00+00:00', '--job-id', '227', '--raw', '--subdir', 'DAGS_FOLDER/log_monitoring_dag.py', '--cfg-path', '/tmp/tmp6g54wsu5']
[2025-05-31T17:24:36.814+0000] {standard_task_runner.py:105} INFO - Job 227: Subtask start_log_producer
[2025-05-31T17:24:36.831+0000] {logging_mixin.py:190} WARNING - /home/***/.local/lib/python3.12/site-packages/***/settings.py:209 DeprecationWarning: The sql_alchemy_conn option in [core] has been moved to the sql_alchemy_conn option in [database] - the old setting has been used, but please update your config.
[2025-05-31T17:24:36.874+0000] {task_command.py:467} INFO - Running <TaskInstance: log_monitoring_dag.start_log_producer scheduled__2025-05-31T17:15:00+00:00 [running]> on host 1d31c4e9dbe9
[2025-05-31T17:24:36.876+0000] {logging_mixin.py:190} WARNING - /home/***/.local/lib/python3.12/site-packages/***/settings.py:470 DeprecationWarning: The sql_alchemy_conn option in [core] has been moved to the sql_alchemy_conn option in [database] - the old setting has been used, but please update your config.
[2025-05-31T17:24:37.257+0000] {taskinstance.py:3131} INFO - Exporting env vars: AIRFLOW_CTX_DAG_OWNER='***' AIRFLOW_CTX_DAG_ID='log_monitoring_dag' AIRFLOW_CTX_TASK_ID='start_log_producer' AIRFLOW_CTX_EXECUTION_DATE='2025-05-31T17:15:00+00:00' AIRFLOW_CTX_TRY_NUMBER='1' AIRFLOW_CTX_DAG_RUN_ID='scheduled__2025-05-31T17:15:00+00:00'
[2025-05-31T17:24:37.264+0000] {taskinstance.py:731} INFO - ::endgroup::
[2025-05-31T17:24:37.310+0000] {subprocess.py:63} INFO - Tmp dir root location: /tmp
[2025-05-31T17:24:37.313+0000] {subprocess.py:75} INFO - Running command: ['/usr/bin/bash', '-c', 'cd /opt/***/app && python -u log_producer.py']
[2025-05-31T17:24:37.330+0000] {subprocess.py:86} INFO - Output:
[2025-05-31T17:24:40.574+0000] {subprocess.py:93} INFO - Sending log: {'timestamp': '2025-05-31 17:24:40', 'level': 'WARNING', 'message': 'High memory usage'}
[2025-05-31T17:24:42.902+0000] {subprocess.py:93} INFO - Sending log: {'timestamp': '2025-05-31 17:24:42', 'level': 'WARNING', 'message': 'High memory usage'}
[2025-05-31T17:24:44.956+0000] {subprocess.py:93} INFO - Sending log: {'timestamp': '2025-05-31 17:24:44', 'level': 'WARNING', 'message': 'Slow response time'}
[2025-05-31T17:24:46.962+0000] {subprocess.py:93} INFO - Sending log: {'timestamp': '2025-05-31 17:24:46', 'level': 'INFO', 'message': 'Page loaded'}
[2025-05-31T17:24:48.962+0000] {subprocess.py:93} INFO - Sending log: {'timestamp': '2025-05-31 17:24:48', 'level': 'INFO', 'message': 'User logged in'}
[2025-05-31T17:24:50.983+0000] {subprocess.py:93} INFO - Sending log: {'timestamp': '2025-05-31 17:24:50', 'level': 'WARNING', 'message': 'Slow response time'}
[2025-05-31T17:24:53.062+0000] {subprocess.py:93} INFO - Sending log: {'timestamp': '2025-05-31 17:24:53', 'level': 'ERROR', 'message': 'Payment gateway timeout'}
[2025-05-31T17:24:55.063+0000] {subprocess.py:93} INFO - Sending log: {'timestamp': '2025-05-31 17:24:55', 'level': 'INFO', 'message': 'Page loaded'}
[2025-05-31T17:24:57.063+0000] {subprocess.py:93} INFO - Sending log: {'timestamp': '2025-05-31 17:24:57', 'level': 'INFO', 'message': 'User logged in'}
[2025-05-31T17:24:59.074+0000] {subprocess.py:93} INFO - Sending log: {'timestamp': '2025-05-31 17:24:59', 'level': 'WARNING', 'message': 'High memory usage'}
[2025-05-31T17:25:01.075+0000] {subprocess.py:93} INFO - Sending log: {'timestamp': '2025-05-31 17:25:01', 'level': 'INFO', 'message': 'User logged in'}
[2025-05-31T17:25:03.075+0000] {subprocess.py:93} INFO - Sending log: {'timestamp': '2025-05-31 17:25:03', 'level': 'ERROR', 'message': 'Database connection failed'}
[2025-05-31T17:25:05.096+0000] {subprocess.py:93} INFO - Sending log: {'timestamp': '2025-05-31 17:25:05', 'level': 'ERROR', 'message': 'Database connection failed'}
[2025-05-31T17:25:07.096+0000] {subprocess.py:93} INFO - Sending log: {'timestamp': '2025-05-31 17:25:07', 'level': 'INFO', 'message': 'Page loaded'}
[2025-05-31T17:25:09.113+0000] {subprocess.py:93} INFO - Sending log: {'timestamp': '2025-05-31 17:25:09', 'level': 'ERROR', 'message': 'Database connection failed'}
[2025-05-31T17:25:11.109+0000] {subprocess.py:93} INFO - Sending log: {'timestamp': '2025-05-31 17:25:11', 'level': 'INFO', 'message': 'User logged in'}
[2025-05-31T17:25:13.109+0000] {subprocess.py:93} INFO - Sending log: {'timestamp': '2025-05-31 17:25:13', 'level': 'ERROR', 'message': 'Database connection failed'}
[2025-05-31T17:25:15.210+0000] {subprocess.py:93} INFO - Sending log: {'timestamp': '2025-05-31 17:25:15', 'level': 'ERROR', 'message': 'Database connection failed'}
[2025-05-31T17:25:17.294+0000] {subprocess.py:93} INFO - Sending log: {'timestamp': '2025-05-31 17:25:17', 'level': 'WARNING', 'message': 'Slow response time'}
[2025-05-31T17:25:19.295+0000] {subprocess.py:93} INFO - Sending log: {'timestamp': '2025-05-31 17:25:19', 'level': 'ERROR', 'message': 'Payment gateway timeout'}
[2025-05-31T17:25:21.361+0000] {subprocess.py:93} INFO - Sending log: {'timestamp': '2025-05-31 17:25:21', 'level': 'WARNING', 'message': 'High memory usage'}
[2025-05-31T17:25:23.411+0000] {subprocess.py:93} INFO - Sending log: {'timestamp': '2025-05-31 17:25:23', 'level': 'INFO', 'message': 'Search executed'}
[2025-05-31T17:25:25.441+0000] {subprocess.py:93} INFO - Sending log: {'timestamp': '2025-05-31 17:25:25', 'level': 'WARNING', 'message': 'High memory usage'}
[2025-05-31T17:25:27.441+0000] {subprocess.py:93} INFO - Sending log: {'timestamp': '2025-05-31 17:25:27', 'level': 'WARNING', 'message': 'Slow response time'}
[2025-05-31T17:25:29.442+0000] {subprocess.py:93} INFO - Sending log: {'timestamp': '2025-05-31 17:25:29', 'level': 'INFO', 'message': 'Search executed'}
[2025-05-31T17:25:31.443+0000] {subprocess.py:93} INFO - Sending log: {'timestamp': '2025-05-31 17:25:31', 'level': 'INFO', 'message': 'Search executed'}
[2025-05-31T17:25:33.444+0000] {subprocess.py:93} INFO - Sending log: {'timestamp': '2025-05-31 17:25:33', 'level': 'INFO', 'message': 'Search executed'}
[2025-05-31T17:25:35.546+0000] {subprocess.py:93} INFO - Sending log: {'timestamp': '2025-05-31 17:25:35', 'level': 'INFO', 'message': 'Search executed'}
[2025-05-31T17:25:37.547+0000] {subprocess.py:93} INFO - Sending log: {'timestamp': '2025-05-31 17:25:37', 'level': 'INFO', 'message': 'User logged in'}
[2025-05-31T17:25:39.558+0000] {subprocess.py:93} INFO - Sending log: {'timestamp': '2025-05-31 17:25:39', 'level': 'INFO', 'message': 'Search executed'}
[2025-05-31T17:25:41.597+0000] {subprocess.py:93} INFO - Sending log: {'timestamp': '2025-05-31 17:25:41', 'level': 'INFO', 'message': 'User logged in'}
[2025-05-31T17:25:43.740+0000] {subprocess.py:93} INFO - Sending log: {'timestamp': '2025-05-31 17:25:43', 'level': 'WARNING', 'message': 'High memory usage'}
[2025-05-31T17:25:45.729+0000] {subprocess.py:93} INFO - Sending log: {'timestamp': '2025-05-31 17:25:45', 'level': 'INFO', 'message': 'User logged in'}
[2025-05-31T17:25:47.729+0000] {subprocess.py:93} INFO - Sending log: {'timestamp': '2025-05-31 17:25:47', 'level': 'INFO', 'message': 'Page loaded'}
[2025-05-31T17:25:49.730+0000] {subprocess.py:93} INFO - Sending log: {'timestamp': '2025-05-31 17:25:49', 'level': 'INFO', 'message': 'User logged in'}
[2025-05-31T17:25:51.730+0000] {subprocess.py:93} INFO - Sending log: {'timestamp': '2025-05-31 17:25:51', 'level': 'WARNING', 'message': 'High memory usage'}
[2025-05-31T17:25:53.731+0000] {subprocess.py:93} INFO - Sending log: {'timestamp': '2025-05-31 17:25:53', 'level': 'ERROR', 'message': 'Database connection failed'}
[2025-05-31T17:25:55.738+0000] {subprocess.py:93} INFO - Sending log: {'timestamp': '2025-05-31 17:25:55', 'level': 'WARNING', 'message': 'High memory usage'}
[2025-05-31T17:25:57.738+0000] {subprocess.py:93} INFO - Sending log: {'timestamp': '2025-05-31 17:25:57', 'level': 'ERROR', 'message': 'Payment gateway timeout'}
[2025-05-31T17:25:59.740+0000] {subprocess.py:93} INFO - Sending log: {'timestamp': '2025-05-31 17:25:59', 'level': 'ERROR', 'message': 'Database connection failed'}
[2025-05-31T17:26:01.740+0000] {subprocess.py:93} INFO - Sending log: {'timestamp': '2025-05-31 17:26:01', 'level': 'INFO', 'message': 'Search executed'}
[2025-05-31T17:26:03.741+0000] {subprocess.py:93} INFO - Sending log: {'timestamp': '2025-05-31 17:26:03', 'level': 'ERROR', 'message': 'Payment gateway timeout'}
[2025-05-31T17:26:05.741+0000] {subprocess.py:93} INFO - Sending log: {'timestamp': '2025-05-31 17:26:05', 'level': 'ERROR', 'message': 'Database connection failed'}
[2025-05-31T17:26:07.742+0000] {subprocess.py:93} INFO - Sending log: {'timestamp': '2025-05-31 17:26:07', 'level': 'ERROR', 'message': 'Payment gateway timeout'}
[2025-05-31T17:26:09.742+0000] {subprocess.py:93} INFO - Sending log: {'timestamp': '2025-05-31 17:26:09', 'level': 'INFO', 'message': 'Page loaded'}
[2025-05-31T17:26:11.743+0000] {subprocess.py:93} INFO - Sending log: {'timestamp': '2025-05-31 17:26:11', 'level': 'WARNING', 'message': 'High memory usage'}
[2025-05-31T17:26:13.743+0000] {subprocess.py:93} INFO - Sending log: {'timestamp': '2025-05-31 17:26:13', 'level': 'WARNING', 'message': 'Slow response time'}
[2025-05-31T17:26:15.740+0000] {subprocess.py:93} INFO - Sending log: {'timestamp': '2025-05-31 17:26:15', 'level': 'ERROR', 'message': 'Payment gateway timeout'}
[2025-05-31T17:26:17.740+0000] {subprocess.py:93} INFO - Sending log: {'timestamp': '2025-05-31 17:26:17', 'level': 'INFO', 'message': 'Page loaded'}
[2025-05-31T17:26:19.740+0000] {subprocess.py:93} INFO - Sending log: {'timestamp': '2025-05-31 17:26:19', 'level': 'WARNING', 'message': 'High memory usage'}
[2025-05-31T17:26:21.741+0000] {subprocess.py:93} INFO - Sending log: {'timestamp': '2025-05-31 17:26:21', 'level': 'INFO', 'message': 'User logged in'}
[2025-05-31T17:26:23.782+0000] {subprocess.py:93} INFO - Sending log: {'timestamp': '2025-05-31 17:26:23', 'level': 'ERROR', 'message': 'Database connection failed'}
[2025-05-31T17:26:25.782+0000] {subprocess.py:93} INFO - Sending log: {'timestamp': '2025-05-31 17:26:25', 'level': 'ERROR', 'message': 'Payment gateway timeout'}
[2025-05-31T17:26:27.853+0000] {subprocess.py:93} INFO - Sending log: {'timestamp': '2025-05-31 17:26:27', 'level': 'INFO', 'message': 'Page loaded'}
[2025-05-31T17:26:29.854+0000] {subprocess.py:93} INFO - Sending log: {'timestamp': '2025-05-31 17:26:29', 'level': 'INFO', 'message': 'User logged in'}
[2025-05-31T17:26:31.854+0000] {subprocess.py:93} INFO - Sending log: {'timestamp': '2025-05-31 17:26:31', 'level': 'ERROR', 'message': 'Payment gateway timeout'}
[2025-05-31T17:26:33.855+0000] {subprocess.py:93} INFO - Sending log: {'timestamp': '2025-05-31 17:26:33', 'level': 'WARNING', 'message': 'High memory usage'}
[2025-05-31T17:26:35.963+0000] {subprocess.py:93} INFO - Sending log: {'timestamp': '2025-05-31 17:26:35', 'level': 'WARNING', 'message': 'Slow response time'}
[2025-05-31T17:26:37.964+0000] {subprocess.py:93} INFO - Sending log: {'timestamp': '2025-05-31 17:26:37', 'level': 'ERROR', 'message': 'Payment gateway timeout'}
[2025-05-31T17:26:40.012+0000] {subprocess.py:93} INFO - Sending log: {'timestamp': '2025-05-31 17:26:40', 'level': 'INFO', 'message': 'Page loaded'}
[2025-05-31T17:26:42.066+0000] {subprocess.py:93} INFO - Sending log: {'timestamp': '2025-05-31 17:26:42', 'level': 'ERROR', 'message': 'Database connection failed'}
[2025-05-31T17:26:44.274+0000] {subprocess.py:93} INFO - Sending log: {'timestamp': '2025-05-31 17:26:44', 'level': 'ERROR', 'message': 'Payment gateway timeout'}
[2025-05-31T17:26:46.274+0000] {subprocess.py:93} INFO - Sending log: {'timestamp': '2025-05-31 17:26:46', 'level': 'INFO', 'message': 'Page loaded'}
[2025-05-31T17:26:48.300+0000] {subprocess.py:93} INFO - Sending log: {'timestamp': '2025-05-31 17:26:48', 'level': 'WARNING', 'message': 'Slow response time'}
[2025-05-31T17:26:50.384+0000] {subprocess.py:93} INFO - Sending log: {'timestamp': '2025-05-31 17:26:50', 'level': 'INFO', 'message': 'User logged in'}
[2025-05-31T17:26:52.478+0000] {subprocess.py:93} INFO - Sending log: {'timestamp': '2025-05-31 17:26:52', 'level': 'INFO', 'message': 'User logged in'}
[2025-05-31T17:26:54.525+0000] {subprocess.py:93} INFO - Sending log: {'timestamp': '2025-05-31 17:26:54', 'level': 'WARNING', 'message': 'High memory usage'}
[2025-05-31T17:26:56.579+0000] {subprocess.py:93} INFO - Sending log: {'timestamp': '2025-05-31 17:26:56', 'level': 'ERROR', 'message': 'Payment gateway timeout'}
[2025-05-31T17:26:58.580+0000] {subprocess.py:93} INFO - Sending log: {'timestamp': '2025-05-31 17:26:58', 'level': 'INFO', 'message': 'Page loaded'}
[2025-05-31T17:27:00.580+0000] {subprocess.py:93} INFO - Sending log: {'timestamp': '2025-05-31 17:27:00', 'level': 'ERROR', 'message': 'Database connection failed'}
[2025-05-31T17:27:02.826+0000] {subprocess.py:93} INFO - Sending log: {'timestamp': '2025-05-31 17:27:02', 'level': 'ERROR', 'message': 'Database connection failed'}
[2025-05-31T17:27:05.080+0000] {subprocess.py:93} INFO - Sending log: {'timestamp': '2025-05-31 17:27:05', 'level': 'INFO', 'message': 'User logged in'}
[2025-05-31T17:27:07.376+0000] {subprocess.py:93} INFO - Sending log: {'timestamp': '2025-05-31 17:27:07', 'level': 'INFO', 'message': 'Page loaded'}
[2025-05-31T17:27:09.312+0000] {subprocess.py:93} INFO - Sending log: {'timestamp': '2025-05-31 17:27:09', 'level': 'WARNING', 'message': 'High memory usage'}
[2025-05-31T17:27:11.311+0000] {subprocess.py:93} INFO - Sending log: {'timestamp': '2025-05-31 17:27:11', 'level': 'WARNING', 'message': 'Slow response time'}
[2025-05-31T17:27:11.500+0000] {job.py:229} INFO - Heartbeat recovered after 16.90 seconds
[2025-05-31T17:27:13.339+0000] {subprocess.py:93} INFO - Sending log: {'timestamp': '2025-05-31 17:27:13', 'level': 'WARNING', 'message': 'High memory usage'}
[2025-05-31T17:27:15.282+0000] {subprocess.py:93} INFO - Sending log: {'timestamp': '2025-05-31 17:27:15', 'level': 'WARNING', 'message': 'Slow response time'}
[2025-05-31T17:27:17.283+0000] {subprocess.py:93} INFO - Sending log: {'timestamp': '2025-05-31 17:27:17', 'level': 'INFO', 'message': 'Page loaded'}
[2025-05-31T17:27:19.283+0000] {subprocess.py:93} INFO - Sending log: {'timestamp': '2025-05-31 17:27:19', 'level': 'ERROR', 'message': 'Payment gateway timeout'}
[2025-05-31T17:27:21.288+0000] {subprocess.py:93} INFO - Sending log: {'timestamp': '2025-05-31 17:27:21', 'level': 'ERROR', 'message': 'Database connection failed'}
[2025-05-31T17:27:23.289+0000] {subprocess.py:93} INFO - Sending log: {'timestamp': '2025-05-31 17:27:23', 'level': 'ERROR', 'message': 'Payment gateway timeout'}
[2025-05-31T17:27:24.322+0000] {job.py:229} INFO - Heartbeat recovered after 14.44 seconds
[2025-05-31T17:27:25.289+0000] {subprocess.py:93} INFO - Sending log: {'timestamp': '2025-05-31 17:27:25', 'level': 'ERROR', 'message': 'Database connection failed'}
[2025-05-31T17:27:27.290+0000] {subprocess.py:93} INFO - Sending log: {'timestamp': '2025-05-31 17:27:27', 'level': 'WARNING', 'message': 'High memory usage'}
[2025-05-31T17:27:29.290+0000] {subprocess.py:93} INFO - Sending log: {'timestamp': '2025-05-31 17:27:29', 'level': 'ERROR', 'message': 'Database connection failed'}
[2025-05-31T17:27:31.291+0000] {subprocess.py:93} INFO - Sending log: {'timestamp': '2025-05-31 17:27:31', 'level': 'WARNING', 'message': 'Slow response time'}
[2025-05-31T17:27:33.291+0000] {subprocess.py:93} INFO - Sending log: {'timestamp': '2025-05-31 17:27:33', 'level': 'INFO', 'message': 'Page loaded'}
[2025-05-31T17:27:35.291+0000] {subprocess.py:93} INFO - Sending log: {'timestamp': '2025-05-31 17:27:35', 'level': 'ERROR', 'message': 'Database connection failed'}
[2025-05-31T17:27:37.292+0000] {subprocess.py:93} INFO - Sending log: {'timestamp': '2025-05-31 17:27:37', 'level': 'ERROR', 'message': 'Database connection failed'}
[2025-05-31T17:27:39.292+0000] {subprocess.py:93} INFO - Sending log: {'timestamp': '2025-05-31 17:27:39', 'level': 'WARNING', 'message': 'Slow response time'}
[2025-05-31T17:27:41.293+0000] {subprocess.py:93} INFO - Sending log: {'timestamp': '2025-05-31 17:27:41', 'level': 'INFO', 'message': 'Search executed'}
[2025-05-31T17:27:43.294+0000] {subprocess.py:93} INFO - Sending log: {'timestamp': '2025-05-31 17:27:43', 'level': 'ERROR', 'message': 'Payment gateway timeout'}
[2025-05-31T17:27:45.267+0000] {subprocess.py:93} INFO - Sending log: {'timestamp': '2025-05-31 17:27:45', 'level': 'ERROR', 'message': 'Database connection failed'}
[2025-05-31T17:27:47.268+0000] {subprocess.py:93} INFO - Sending log: {'timestamp': '2025-05-31 17:27:47', 'level': 'INFO', 'message': 'Search executed'}
[2025-05-31T17:27:49.268+0000] {subprocess.py:93} INFO - Sending log: {'timestamp': '2025-05-31 17:27:49', 'level': 'ERROR', 'message': 'Payment gateway timeout'}
[2025-05-31T17:27:51.268+0000] {subprocess.py:93} INFO - Sending log: {'timestamp': '2025-05-31 17:27:51', 'level': 'ERROR', 'message': 'Payment gateway timeout'}
[2025-05-31T17:27:53.269+0000] {subprocess.py:93} INFO - Sending log: {'timestamp': '2025-05-31 17:27:53', 'level': 'WARNING', 'message': 'High memory usage'}
[2025-05-31T17:27:55.270+0000] {subprocess.py:93} INFO - Sending log: {'timestamp': '2025-05-31 17:27:55', 'level': 'INFO', 'message': 'User logged in'}
[2025-05-31T17:27:57.270+0000] {subprocess.py:93} INFO - Sending log: {'timestamp': '2025-05-31 17:27:57', 'level': 'INFO', 'message': 'Search executed'}
[2025-05-31T17:27:59.271+0000] {subprocess.py:93} INFO - Sending log: {'timestamp': '2025-05-31 17:27:59', 'level': 'WARNING', 'message': 'Slow response time'}
[2025-05-31T17:28:01.271+0000] {subprocess.py:93} INFO - Sending log: {'timestamp': '2025-05-31 17:28:01', 'level': 'ERROR', 'message': 'Payment gateway timeout'}
[2025-05-31T17:28:03.271+0000] {subprocess.py:93} INFO - Sending log: {'timestamp': '2025-05-31 17:28:03', 'level': 'WARNING', 'message': 'High memory usage'}
[2025-05-31T17:28:05.272+0000] {subprocess.py:93} INFO - Sending log: {'timestamp': '2025-05-31 17:28:05', 'level': 'WARNING', 'message': 'High memory usage'}
[2025-05-31T17:28:07.272+0000] {subprocess.py:93} INFO - Sending log: {'timestamp': '2025-05-31 17:28:07', 'level': 'WARNING', 'message': 'Slow response time'}
[2025-05-31T17:28:09.273+0000] {subprocess.py:93} INFO - Sending log: {'timestamp': '2025-05-31 17:28:09', 'level': 'INFO', 'message': 'User logged in'}
[2025-05-31T17:28:11.273+0000] {subprocess.py:93} INFO - Sending log: {'timestamp': '2025-05-31 17:28:11', 'level': 'ERROR', 'message': 'Database connection failed'}
[2025-05-31T17:28:13.274+0000] {subprocess.py:93} INFO - Sending log: {'timestamp': '2025-05-31 17:28:13', 'level': 'WARNING', 'message': 'High memory usage'}
[2025-05-31T17:28:15.276+0000] {subprocess.py:93} INFO - Sending log: {'timestamp': '2025-05-31 17:28:15', 'level': 'ERROR', 'message': 'Payment gateway timeout'}
[2025-05-31T17:28:17.276+0000] {subprocess.py:93} INFO - Sending log: {'timestamp': '2025-05-31 17:28:17', 'level': 'INFO', 'message': 'Search executed'}
[2025-05-31T17:28:19.277+0000] {subprocess.py:93} INFO - Sending log: {'timestamp': '2025-05-31 17:28:19', 'level': 'INFO', 'message': 'User logged in'}
[2025-05-31T17:28:21.277+0000] {subprocess.py:93} INFO - Sending log: {'timestamp': '2025-05-31 17:28:21', 'level': 'WARNING', 'message': 'High memory usage'}
[2025-05-31T17:28:23.278+0000] {subprocess.py:93} INFO - Sending log: {'timestamp': '2025-05-31 17:28:23', 'level': 'WARNING', 'message': 'High memory usage'}
[2025-05-31T17:28:25.278+0000] {subprocess.py:93} INFO - Sending log: {'timestamp': '2025-05-31 17:28:25', 'level': 'ERROR', 'message': 'Payment gateway timeout'}
[2025-05-31T17:28:27.279+0000] {subprocess.py:93} INFO - Sending log: {'timestamp': '2025-05-31 17:28:27', 'level': 'ERROR', 'message': 'Database connection failed'}
[2025-05-31T17:28:29.279+0000] {subprocess.py:93} INFO - Sending log: {'timestamp': '2025-05-31 17:28:29', 'level': 'INFO', 'message': 'User logged in'}
[2025-05-31T17:28:31.279+0000] {subprocess.py:93} INFO - Sending log: {'timestamp': '2025-05-31 17:28:31', 'level': 'ERROR', 'message': 'Payment gateway timeout'}
[2025-05-31T17:28:33.280+0000] {subprocess.py:93} INFO - Sending log: {'timestamp': '2025-05-31 17:28:33', 'level': 'ERROR', 'message': 'Database connection failed'}
[2025-05-31T17:28:35.280+0000] {subprocess.py:93} INFO - Sending log: {'timestamp': '2025-05-31 17:28:35', 'level': 'WARNING', 'message': 'Slow response time'}
[2025-05-31T17:28:37.281+0000] {subprocess.py:93} INFO - Sending log: {'timestamp': '2025-05-31 17:28:37', 'level': 'INFO', 'message': 'User logged in'}
[2025-05-31T17:28:39.281+0000] {subprocess.py:93} INFO - Sending log: {'timestamp': '2025-05-31 17:28:39', 'level': 'ERROR', 'message': 'Payment gateway timeout'}
[2025-05-31T17:28:41.281+0000] {subprocess.py:93} INFO - Sending log: {'timestamp': '2025-05-31 17:28:41', 'level': 'INFO', 'message': 'Page loaded'}
[2025-05-31T17:28:43.282+0000] {subprocess.py:93} INFO - Sending log: {'timestamp': '2025-05-31 17:28:43', 'level': 'INFO', 'message': 'Page loaded'}
[2025-05-31T17:28:45.282+0000] {subprocess.py:93} INFO - Sending log: {'timestamp': '2025-05-31 17:28:45', 'level': 'INFO', 'message': 'Search executed'}
[2025-05-31T17:28:47.283+0000] {subprocess.py:93} INFO - Sending log: {'timestamp': '2025-05-31 17:28:47', 'level': 'INFO', 'message': 'User logged in'}
[2025-05-31T17:28:49.283+0000] {subprocess.py:93} INFO - Sending log: {'timestamp': '2025-05-31 17:28:49', 'level': 'ERROR', 'message': 'Payment gateway timeout'}
[2025-05-31T17:28:51.284+0000] {subprocess.py:93} INFO - Sending log: {'timestamp': '2025-05-31 17:28:51', 'level': 'ERROR', 'message': 'Payment gateway timeout'}
[2025-05-31T17:28:53.284+0000] {subprocess.py:93} INFO - Sending log: {'timestamp': '2025-05-31 17:28:53', 'level': 'ERROR', 'message': 'Payment gateway timeout'}
[2025-05-31T17:28:55.285+0000] {subprocess.py:93} INFO - Sending log: {'timestamp': '2025-05-31 17:28:55', 'level': 'WARNING', 'message': 'High memory usage'}
[2025-05-31T17:28:57.285+0000] {subprocess.py:93} INFO - Sending log: {'timestamp': '2025-05-31 17:28:57', 'level': 'WARNING', 'message': 'High memory usage'}
[2025-05-31T17:28:59.286+0000] {subprocess.py:93} INFO - Sending log: {'timestamp': '2025-05-31 17:28:59', 'level': 'WARNING', 'message': 'Slow response time'}
[2025-05-31T17:29:01.286+0000] {subprocess.py:93} INFO - Sending log: {'timestamp': '2025-05-31 17:29:01', 'level': 'ERROR', 'message': 'Database connection failed'}
[2025-05-31T17:29:03.287+0000] {subprocess.py:93} INFO - Sending log: {'timestamp': '2025-05-31 17:29:03', 'level': 'INFO', 'message': 'Search executed'}
[2025-05-31T17:29:05.287+0000] {subprocess.py:93} INFO - Sending log: {'timestamp': '2025-05-31 17:29:05', 'level': 'ERROR', 'message': 'Payment gateway timeout'}
[2025-05-31T17:29:07.304+0000] {subprocess.py:93} INFO - Sending log: {'timestamp': '2025-05-31 17:29:07', 'level': 'ERROR', 'message': 'Payment gateway timeout'}
[2025-05-31T17:29:09.304+0000] {subprocess.py:93} INFO - Sending log: {'timestamp': '2025-05-31 17:29:09', 'level': 'ERROR', 'message': 'Payment gateway timeout'}
[2025-05-31T17:29:11.305+0000] {subprocess.py:93} INFO - Sending log: {'timestamp': '2025-05-31 17:29:11', 'level': 'INFO', 'message': 'User logged in'}
[2025-05-31T17:29:13.305+0000] {subprocess.py:93} INFO - Sending log: {'timestamp': '2025-05-31 17:29:13', 'level': 'ERROR', 'message': 'Payment gateway timeout'}
[2025-05-31T17:29:15.331+0000] {subprocess.py:93} INFO - Sending log: {'timestamp': '2025-05-31 17:29:15', 'level': 'INFO', 'message': 'User logged in'}
[2025-05-31T17:29:17.332+0000] {subprocess.py:93} INFO - Sending log: {'timestamp': '2025-05-31 17:29:17', 'level': 'WARNING', 'message': 'Slow response time'}
[2025-05-31T17:29:19.332+0000] {subprocess.py:93} INFO - Sending log: {'timestamp': '2025-05-31 17:29:19', 'level': 'WARNING', 'message': 'Slow response time'}
[2025-05-31T17:29:21.333+0000] {subprocess.py:93} INFO - Sending log: {'timestamp': '2025-05-31 17:29:21', 'level': 'WARNING', 'message': 'Slow response time'}
[2025-05-31T17:29:23.333+0000] {subprocess.py:93} INFO - Sending log: {'timestamp': '2025-05-31 17:29:23', 'level': 'WARNING', 'message': 'High memory usage'}
[2025-05-31T17:29:25.341+0000] {subprocess.py:93} INFO - Sending log: {'timestamp': '2025-05-31 17:29:25', 'level': 'WARNING', 'message': 'High memory usage'}
[2025-05-31T17:29:27.341+0000] {subprocess.py:93} INFO - Sending log: {'timestamp': '2025-05-31 17:29:27', 'level': 'ERROR', 'message': 'Database connection failed'}
[2025-05-31T17:29:29.341+0000] {subprocess.py:93} INFO - Sending log: {'timestamp': '2025-05-31 17:29:29', 'level': 'ERROR', 'message': 'Database connection failed'}
[2025-05-31T17:29:31.342+0000] {subprocess.py:93} INFO - Sending log: {'timestamp': '2025-05-31 17:29:31', 'level': 'WARNING', 'message': 'High memory usage'}
[2025-05-31T17:29:33.342+0000] {subprocess.py:93} INFO - Sending log: {'timestamp': '2025-05-31 17:29:33', 'level': 'INFO', 'message': 'Search executed'}
[2025-05-31T17:29:35.342+0000] {subprocess.py:93} INFO - Sending log: {'timestamp': '2025-05-31 17:29:35', 'level': 'INFO', 'message': 'User logged in'}
[2025-05-31T17:29:37.343+0000] {subprocess.py:93} INFO - Sending log: {'timestamp': '2025-05-31 17:29:37', 'level': 'INFO', 'message': 'User logged in'}
[2025-05-31T17:29:39.343+0000] {subprocess.py:93} INFO - Sending log: {'timestamp': '2025-05-31 17:29:39', 'level': 'WARNING', 'message': 'High memory usage'}
[2025-05-31T17:29:41.344+0000] {subprocess.py:93} INFO - Sending log: {'timestamp': '2025-05-31 17:29:41', 'level': 'ERROR', 'message': 'Payment gateway timeout'}
[2025-05-31T17:29:43.344+0000] {subprocess.py:93} INFO - Sending log: {'timestamp': '2025-05-31 17:29:43', 'level': 'ERROR', 'message': 'Database connection failed'}
[2025-05-31T17:29:45.344+0000] {subprocess.py:93} INFO - Sending log: {'timestamp': '2025-05-31 17:29:45', 'level': 'INFO', 'message': 'User logged in'}
[2025-05-31T17:29:47.344+0000] {subprocess.py:93} INFO - Sending log: {'timestamp': '2025-05-31 17:29:47', 'level': 'ERROR', 'message': 'Payment gateway timeout'}
[2025-05-31T17:29:49.345+0000] {subprocess.py:93} INFO - Sending log: {'timestamp': '2025-05-31 17:29:49', 'level': 'ERROR', 'message': 'Database connection failed'}
[2025-05-31T17:29:51.345+0000] {subprocess.py:93} INFO - Sending log: {'timestamp': '2025-05-31 17:29:51', 'level': 'ERROR', 'message': 'Payment gateway timeout'}
[2025-05-31T17:29:53.388+0000] {subprocess.py:93} INFO - Sending log: {'timestamp': '2025-05-31 17:29:53', 'level': 'WARNING', 'message': 'Slow response time'}
[2025-05-31T17:29:55.388+0000] {subprocess.py:93} INFO - Sending log: {'timestamp': '2025-05-31 17:29:55', 'level': 'INFO', 'message': 'Page loaded'}
[2025-05-31T17:29:57.389+0000] {subprocess.py:93} INFO - Sending log: {'timestamp': '2025-05-31 17:29:57', 'level': 'WARNING', 'message': 'Slow response time'}
[2025-05-31T17:29:59.389+0000] {subprocess.py:93} INFO - Sending log: {'timestamp': '2025-05-31 17:29:59', 'level': 'WARNING', 'message': 'Slow response time'}
[2025-05-31T17:30:01.390+0000] {subprocess.py:93} INFO - Sending log: {'timestamp': '2025-05-31 17:30:01', 'level': 'WARNING', 'message': 'Slow response time'}
[2025-05-31T17:30:03.390+0000] {subprocess.py:93} INFO - Sending log: {'timestamp': '2025-05-31 17:30:03', 'level': 'INFO', 'message': 'Search executed'}
[2025-05-31T17:30:05.391+0000] {subprocess.py:93} INFO - Sending log: {'timestamp': '2025-05-31 17:30:05', 'level': 'INFO', 'message': 'Page loaded'}
[2025-05-31T17:30:07.391+0000] {subprocess.py:93} INFO - Sending log: {'timestamp': '2025-05-31 17:30:07', 'level': 'WARNING', 'message': 'High memory usage'}
[2025-05-31T17:30:09.392+0000] {subprocess.py:93} INFO - Sending log: {'timestamp': '2025-05-31 17:30:09', 'level': 'INFO', 'message': 'User logged in'}
[2025-05-31T17:30:11.421+0000] {subprocess.py:93} INFO - Sending log: {'timestamp': '2025-05-31 17:30:11', 'level': 'INFO', 'message': 'User logged in'}
[2025-05-31T17:30:13.421+0000] {subprocess.py:93} INFO - Sending log: {'timestamp': '2025-05-31 17:30:13', 'level': 'INFO', 'message': 'Page loaded'}
[2025-05-31T17:30:15.421+0000] {subprocess.py:93} INFO - Sending log: {'timestamp': '2025-05-31 17:30:15', 'level': 'ERROR', 'message': 'Database connection failed'}
[2025-05-31T17:30:17.421+0000] {subprocess.py:93} INFO - Sending log: {'timestamp': '2025-05-31 17:30:17', 'level': 'WARNING', 'message': 'Slow response time'}
[2025-05-31T17:30:19.422+0000] {subprocess.py:93} INFO - Sending log: {'timestamp': '2025-05-31 17:30:19', 'level': 'ERROR', 'message': 'Database connection failed'}
[2025-05-31T17:30:21.422+0000] {subprocess.py:93} INFO - Sending log: {'timestamp': '2025-05-31 17:30:21', 'level': 'INFO', 'message': 'User logged in'}
[2025-05-31T17:30:23.423+0000] {subprocess.py:93} INFO - Sending log: {'timestamp': '2025-05-31 17:30:23', 'level': 'INFO', 'message': 'User logged in'}
[2025-05-31T17:30:25.423+0000] {subprocess.py:93} INFO - Sending log: {'timestamp': '2025-05-31 17:30:25', 'level': 'INFO', 'message': 'User logged in'}
[2025-05-31T17:30:27.424+0000] {subprocess.py:93} INFO - Sending log: {'timestamp': '2025-05-31 17:30:27', 'level': 'WARNING', 'message': 'High memory usage'}
[2025-05-31T17:30:29.424+0000] {subprocess.py:93} INFO - Sending log: {'timestamp': '2025-05-31 17:30:29', 'level': 'WARNING', 'message': 'High memory usage'}
[2025-05-31T17:30:31.424+0000] {subprocess.py:93} INFO - Sending log: {'timestamp': '2025-05-31 17:30:31', 'level': 'ERROR', 'message': 'Database connection failed'}
[2025-05-31T17:30:33.425+0000] {subprocess.py:93} INFO - Sending log: {'timestamp': '2025-05-31 17:30:33', 'level': 'WARNING', 'message': 'High memory usage'}
[2025-05-31T17:30:35.425+0000] {subprocess.py:93} INFO - Sending log: {'timestamp': '2025-05-31 17:30:35', 'level': 'WARNING', 'message': 'High memory usage'}
[2025-05-31T17:30:37.426+0000] {subprocess.py:93} INFO - Sending log: {'timestamp': '2025-05-31 17:30:37', 'level': 'INFO', 'message': 'Search executed'}
[2025-05-31T17:30:39.426+0000] {subprocess.py:93} INFO - Sending log: {'timestamp': '2025-05-31 17:30:39', 'level': 'WARNING', 'message': 'High memory usage'}
[2025-05-31T17:30:41.427+0000] {subprocess.py:93} INFO - Sending log: {'timestamp': '2025-05-31 17:30:41', 'level': 'ERROR', 'message': 'Payment gateway timeout'}
[2025-05-31T17:30:43.427+0000] {subprocess.py:93} INFO - Sending log: {'timestamp': '2025-05-31 17:30:43', 'level': 'WARNING', 'message': 'High memory usage'}
[2025-05-31T17:30:45.426+0000] {subprocess.py:93} INFO - Sending log: {'timestamp': '2025-05-31 17:30:45', 'level': 'INFO', 'message': 'Search executed'}
[2025-05-31T17:30:47.427+0000] {subprocess.py:93} INFO - Sending log: {'timestamp': '2025-05-31 17:30:47', 'level': 'INFO', 'message': 'User logged in'}
[2025-05-31T17:30:49.428+0000] {subprocess.py:93} INFO - Sending log: {'timestamp': '2025-05-31 17:30:49', 'level': 'INFO', 'message': 'Search executed'}
[2025-05-31T17:30:51.428+0000] {subprocess.py:93} INFO - Sending log: {'timestamp': '2025-05-31 17:30:51', 'level': 'WARNING', 'message': 'High memory usage'}
[2025-05-31T17:30:53.429+0000] {subprocess.py:93} INFO - Sending log: {'timestamp': '2025-05-31 17:30:53', 'level': 'ERROR', 'message': 'Payment gateway timeout'}
[2025-05-31T17:30:55.429+0000] {subprocess.py:93} INFO - Sending log: {'timestamp': '2025-05-31 17:30:55', 'level': 'WARNING', 'message': 'High memory usage'}
[2025-05-31T17:30:57.429+0000] {subprocess.py:93} INFO - Sending log: {'timestamp': '2025-05-31 17:30:57', 'level': 'ERROR', 'message': 'Payment gateway timeout'}
[2025-05-31T17:30:59.430+0000] {subprocess.py:93} INFO - Sending log: {'timestamp': '2025-05-31 17:30:59', 'level': 'INFO', 'message': 'Page loaded'}
[2025-05-31T17:31:01.430+0000] {subprocess.py:93} INFO - Sending log: {'timestamp': '2025-05-31 17:31:01', 'level': 'ERROR', 'message': 'Payment gateway timeout'}
[2025-05-31T17:31:03.431+0000] {subprocess.py:93} INFO - Sending log: {'timestamp': '2025-05-31 17:31:03', 'level': 'ERROR', 'message': 'Payment gateway timeout'}
[2025-05-31T17:31:05.431+0000] {subprocess.py:93} INFO - Sending log: {'timestamp': '2025-05-31 17:31:05', 'level': 'INFO', 'message': 'Search executed'}
[2025-05-31T17:31:07.432+0000] {subprocess.py:93} INFO - Sending log: {'timestamp': '2025-05-31 17:31:07', 'level': 'INFO', 'message': 'Page loaded'}
[2025-05-31T17:31:09.432+0000] {subprocess.py:93} INFO - Sending log: {'timestamp': '2025-05-31 17:31:09', 'level': 'INFO', 'message': 'Page loaded'}
[2025-05-31T17:31:11.432+0000] {subprocess.py:93} INFO - Sending log: {'timestamp': '2025-05-31 17:31:11', 'level': 'ERROR', 'message': 'Payment gateway timeout'}
[2025-05-31T17:31:13.433+0000] {subprocess.py:93} INFO - Sending log: {'timestamp': '2025-05-31 17:31:13', 'level': 'INFO', 'message': 'User logged in'}
[2025-05-31T17:31:15.432+0000] {subprocess.py:93} INFO - Sending log: {'timestamp': '2025-05-31 17:31:15', 'level': 'WARNING', 'message': 'Slow response time'}
[2025-05-31T17:31:17.432+0000] {subprocess.py:93} INFO - Sending log: {'timestamp': '2025-05-31 17:31:17', 'level': 'INFO', 'message': 'Page loaded'}
[2025-05-31T17:31:19.433+0000] {subprocess.py:93} INFO - Sending log: {'timestamp': '2025-05-31 17:31:19', 'level': 'INFO', 'message': 'Search executed'}
[2025-05-31T17:31:21.433+0000] {subprocess.py:93} INFO - Sending log: {'timestamp': '2025-05-31 17:31:21', 'level': 'ERROR', 'message': 'Database connection failed'}
[2025-05-31T17:31:23.434+0000] {subprocess.py:93} INFO - Sending log: {'timestamp': '2025-05-31 17:31:23', 'level': 'INFO', 'message': 'User logged in'}
[2025-05-31T17:31:25.434+0000] {subprocess.py:93} INFO - Sending log: {'timestamp': '2025-05-31 17:31:25', 'level': 'WARNING', 'message': 'High memory usage'}
[2025-05-31T17:31:27.435+0000] {subprocess.py:93} INFO - Sending log: {'timestamp': '2025-05-31 17:31:27', 'level': 'ERROR', 'message': 'Database connection failed'}
[2025-05-31T17:31:29.435+0000] {subprocess.py:93} INFO - Sending log: {'timestamp': '2025-05-31 17:31:29', 'level': 'INFO', 'message': 'Search executed'}
[2025-05-31T17:31:31.435+0000] {subprocess.py:93} INFO - Sending log: {'timestamp': '2025-05-31 17:31:31', 'level': 'WARNING', 'message': 'Slow response time'}
[2025-05-31T17:31:33.436+0000] {subprocess.py:93} INFO - Sending log: {'timestamp': '2025-05-31 17:31:33', 'level': 'ERROR', 'message': 'Payment gateway timeout'}
[2025-05-31T17:31:35.437+0000] {subprocess.py:93} INFO - Sending log: {'timestamp': '2025-05-31 17:31:35', 'level': 'ERROR', 'message': 'Database connection failed'}
[2025-05-31T17:31:37.437+0000] {subprocess.py:93} INFO - Sending log: {'timestamp': '2025-05-31 17:31:37', 'level': 'INFO', 'message': 'Page loaded'}
[2025-05-31T17:31:39.438+0000] {subprocess.py:93} INFO - Sending log: {'timestamp': '2025-05-31 17:31:39', 'level': 'ERROR', 'message': 'Database connection failed'}
[2025-05-31T17:31:41.438+0000] {subprocess.py:93} INFO - Sending log: {'timestamp': '2025-05-31 17:31:41', 'level': 'WARNING', 'message': 'High memory usage'}
[2025-05-31T17:31:43.438+0000] {subprocess.py:93} INFO - Sending log: {'timestamp': '2025-05-31 17:31:43', 'level': 'ERROR', 'message': 'Payment gateway timeout'}
[2025-05-31T17:31:45.438+0000] {subprocess.py:93} INFO - Sending log: {'timestamp': '2025-05-31 17:31:45', 'level': 'ERROR', 'message': 'Payment gateway timeout'}
[2025-05-31T17:31:47.438+0000] {subprocess.py:93} INFO - Sending log: {'timestamp': '2025-05-31 17:31:47', 'level': 'INFO', 'message': 'User logged in'}
[2025-05-31T17:31:49.438+0000] {subprocess.py:93} INFO - Sending log: {'timestamp': '2025-05-31 17:31:49', 'level': 'WARNING', 'message': 'Slow response time'}
[2025-05-31T17:31:51.439+0000] {subprocess.py:93} INFO - Sending log: {'timestamp': '2025-05-31 17:31:51', 'level': 'INFO', 'message': 'Page loaded'}
[2025-05-31T17:31:53.439+0000] {subprocess.py:93} INFO - Sending log: {'timestamp': '2025-05-31 17:31:53', 'level': 'ERROR', 'message': 'Database connection failed'}
[2025-05-31T17:31:55.440+0000] {subprocess.py:93} INFO - Sending log: {'timestamp': '2025-05-31 17:31:55', 'level': 'WARNING', 'message': 'High memory usage'}
[2025-05-31T17:31:57.440+0000] {subprocess.py:93} INFO - Sending log: {'timestamp': '2025-05-31 17:31:57', 'level': 'ERROR', 'message': 'Database connection failed'}
[2025-05-31T17:31:59.441+0000] {subprocess.py:93} INFO - Sending log: {'timestamp': '2025-05-31 17:31:59', 'level': 'ERROR', 'message': 'Payment gateway timeout'}
[2025-05-31T17:32:01.441+0000] {subprocess.py:93} INFO - Sending log: {'timestamp': '2025-05-31 17:32:01', 'level': 'ERROR', 'message': 'Database connection failed'}
[2025-05-31T17:32:03.441+0000] {subprocess.py:93} INFO - Sending log: {'timestamp': '2025-05-31 17:32:03', 'level': 'INFO', 'message': 'Page loaded'}
[2025-05-31T17:32:05.442+0000] {subprocess.py:93} INFO - Sending log: {'timestamp': '2025-05-31 17:32:05', 'level': 'INFO', 'message': 'Search executed'}
[2025-05-31T17:32:07.442+0000] {subprocess.py:93} INFO - Sending log: {'timestamp': '2025-05-31 17:32:07', 'level': 'INFO', 'message': 'Page loaded'}
[2025-05-31T17:32:09.443+0000] {subprocess.py:93} INFO - Sending log: {'timestamp': '2025-05-31 17:32:09', 'level': 'INFO', 'message': 'Page loaded'}
[2025-05-31T17:32:11.443+0000] {subprocess.py:93} INFO - Sending log: {'timestamp': '2025-05-31 17:32:11', 'level': 'WARNING', 'message': 'Slow response time'}
[2025-05-31T17:32:13.444+0000] {subprocess.py:93} INFO - Sending log: {'timestamp': '2025-05-31 17:32:13', 'level': 'WARNING', 'message': 'High memory usage'}
[2025-05-31T17:32:15.443+0000] {subprocess.py:93} INFO - Sending log: {'timestamp': '2025-05-31 17:32:15', 'level': 'INFO', 'message': 'User logged in'}
[2025-05-31T17:32:17.443+0000] {subprocess.py:93} INFO - Sending log: {'timestamp': '2025-05-31 17:32:17', 'level': 'ERROR', 'message': 'Database connection failed'}
[2025-05-31T17:32:19.444+0000] {subprocess.py:93} INFO - Sending log: {'timestamp': '2025-05-31 17:32:19', 'level': 'WARNING', 'message': 'Slow response time'}
[2025-05-31T17:32:21.444+0000] {subprocess.py:93} INFO - Sending log: {'timestamp': '2025-05-31 17:32:21', 'level': 'INFO', 'message': 'User logged in'}
[2025-05-31T17:32:23.445+0000] {subprocess.py:93} INFO - Sending log: {'timestamp': '2025-05-31 17:32:23', 'level': 'INFO', 'message': 'Page loaded'}
[2025-05-31T17:32:25.445+0000] {subprocess.py:93} INFO - Sending log: {'timestamp': '2025-05-31 17:32:25', 'level': 'WARNING', 'message': 'High memory usage'}
[2025-05-31T17:32:27.446+0000] {subprocess.py:93} INFO - Sending log: {'timestamp': '2025-05-31 17:32:27', 'level': 'INFO', 'message': 'Search executed'}
[2025-05-31T17:32:29.446+0000] {subprocess.py:93} INFO - Sending log: {'timestamp': '2025-05-31 17:32:29', 'level': 'ERROR', 'message': 'Database connection failed'}
[2025-05-31T17:32:31.447+0000] {subprocess.py:93} INFO - Sending log: {'timestamp': '2025-05-31 17:32:31', 'level': 'INFO', 'message': 'Page loaded'}
[2025-05-31T17:32:33.447+0000] {subprocess.py:93} INFO - Sending log: {'timestamp': '2025-05-31 17:32:33', 'level': 'WARNING', 'message': 'High memory usage'}
[2025-05-31T17:32:35.448+0000] {subprocess.py:93} INFO - Sending log: {'timestamp': '2025-05-31 17:32:35', 'level': 'ERROR', 'message': 'Payment gateway timeout'}
[2025-05-31T17:32:37.448+0000] {subprocess.py:93} INFO - Sending log: {'timestamp': '2025-05-31 17:32:37', 'level': 'INFO', 'message': 'Search executed'}
[2025-05-31T17:32:39.448+0000] {subprocess.py:93} INFO - Sending log: {'timestamp': '2025-05-31 17:32:39', 'level': 'INFO', 'message': 'Page loaded'}
[2025-05-31T17:32:41.449+0000] {subprocess.py:93} INFO - Sending log: {'timestamp': '2025-05-31 17:32:41', 'level': 'WARNING', 'message': 'High memory usage'}
[2025-05-31T17:32:43.449+0000] {subprocess.py:93} INFO - Sending log: {'timestamp': '2025-05-31 17:32:43', 'level': 'ERROR', 'message': 'Payment gateway timeout'}
[2025-05-31T17:32:45.448+0000] {subprocess.py:93} INFO - Sending log: {'timestamp': '2025-05-31 17:32:45', 'level': 'ERROR', 'message': 'Database connection failed'}
[2025-05-31T17:32:47.449+0000] {subprocess.py:93} INFO - Sending log: {'timestamp': '2025-05-31 17:32:47', 'level': 'ERROR', 'message': 'Payment gateway timeout'}
[2025-05-31T17:32:49.449+0000] {subprocess.py:93} INFO - Sending log: {'timestamp': '2025-05-31 17:32:49', 'level': 'INFO', 'message': 'Search executed'}
[2025-05-31T17:32:51.450+0000] {subprocess.py:93} INFO - Sending log: {'timestamp': '2025-05-31 17:32:51', 'level': 'ERROR', 'message': 'Payment gateway timeout'}
[2025-05-31T17:32:53.450+0000] {subprocess.py:93} INFO - Sending log: {'timestamp': '2025-05-31 17:32:53', 'level': 'WARNING', 'message': 'Slow response time'}
[2025-05-31T17:32:55.451+0000] {subprocess.py:93} INFO - Sending log: {'timestamp': '2025-05-31 17:32:55', 'level': 'INFO', 'message': 'User logged in'}
[2025-05-31T17:32:57.451+0000] {subprocess.py:93} INFO - Sending log: {'timestamp': '2025-05-31 17:32:57', 'level': 'ERROR', 'message': 'Payment gateway timeout'}
[2025-05-31T17:32:59.452+0000] {subprocess.py:93} INFO - Sending log: {'timestamp': '2025-05-31 17:32:59', 'level': 'INFO', 'message': 'User logged in'}
[2025-05-31T17:33:01.452+0000] {subprocess.py:93} INFO - Sending log: {'timestamp': '2025-05-31 17:33:01', 'level': 'ERROR', 'message': 'Payment gateway timeout'}
[2025-05-31T17:33:03.453+0000] {subprocess.py:93} INFO - Sending log: {'timestamp': '2025-05-31 17:33:03', 'level': 'INFO', 'message': 'Search executed'}
[2025-05-31T17:33:05.453+0000] {subprocess.py:93} INFO - Sending log: {'timestamp': '2025-05-31 17:33:05', 'level': 'ERROR', 'message': 'Database connection failed'}
[2025-05-31T17:33:07.454+0000] {subprocess.py:93} INFO - Sending log: {'timestamp': '2025-05-31 17:33:07', 'level': 'ERROR', 'message': 'Payment gateway timeout'}
[2025-05-31T17:33:09.454+0000] {subprocess.py:93} INFO - Sending log: {'timestamp': '2025-05-31 17:33:09', 'level': 'INFO', 'message': 'Page loaded'}
[2025-05-31T17:33:11.455+0000] {subprocess.py:93} INFO - Sending log: {'timestamp': '2025-05-31 17:33:11', 'level': 'ERROR', 'message': 'Database connection failed'}
[2025-05-31T17:33:13.455+0000] {subprocess.py:93} INFO - Sending log: {'timestamp': '2025-05-31 17:33:13', 'level': 'WARNING', 'message': 'High memory usage'}
[2025-05-31T17:33:15.454+0000] {subprocess.py:93} INFO - Sending log: {'timestamp': '2025-05-31 17:33:15', 'level': 'INFO', 'message': 'User logged in'}
[2025-05-31T17:33:17.455+0000] {subprocess.py:93} INFO - Sending log: {'timestamp': '2025-05-31 17:33:17', 'level': 'ERROR', 'message': 'Database connection failed'}
[2025-05-31T17:33:19.455+0000] {subprocess.py:93} INFO - Sending log: {'timestamp': '2025-05-31 17:33:19', 'level': 'INFO', 'message': 'Page loaded'}
[2025-05-31T17:33:21.456+0000] {subprocess.py:93} INFO - Sending log: {'timestamp': '2025-05-31 17:33:21', 'level': 'ERROR', 'message': 'Payment gateway timeout'}
[2025-05-31T17:33:23.456+0000] {subprocess.py:93} INFO - Sending log: {'timestamp': '2025-05-31 17:33:23', 'level': 'WARNING', 'message': 'Slow response time'}
[2025-05-31T17:33:25.457+0000] {subprocess.py:93} INFO - Sending log: {'timestamp': '2025-05-31 17:33:25', 'level': 'ERROR', 'message': 'Payment gateway timeout'}
[2025-05-31T17:33:27.457+0000] {subprocess.py:93} INFO - Sending log: {'timestamp': '2025-05-31 17:33:27', 'level': 'ERROR', 'message': 'Database connection failed'}
[2025-05-31T17:33:29.458+0000] {subprocess.py:93} INFO - Sending log: {'timestamp': '2025-05-31 17:33:29', 'level': 'WARNING', 'message': 'Slow response time'}
[2025-05-31T17:33:31.458+0000] {subprocess.py:93} INFO - Sending log: {'timestamp': '2025-05-31 17:33:31', 'level': 'WARNING', 'message': 'Slow response time'}
[2025-05-31T17:33:33.458+0000] {subprocess.py:93} INFO - Sending log: {'timestamp': '2025-05-31 17:33:33', 'level': 'ERROR', 'message': 'Payment gateway timeout'}
[2025-05-31T17:33:35.459+0000] {subprocess.py:93} INFO - Sending log: {'timestamp': '2025-05-31 17:33:35', 'level': 'INFO', 'message': 'User logged in'}
[2025-05-31T17:33:37.459+0000] {subprocess.py:93} INFO - Sending log: {'timestamp': '2025-05-31 17:33:37', 'level': 'ERROR', 'message': 'Payment gateway timeout'}
[2025-05-31T17:33:39.460+0000] {subprocess.py:93} INFO - Sending log: {'timestamp': '2025-05-31 17:33:39', 'level': 'WARNING', 'message': 'Slow response time'}
[2025-05-31T17:33:41.460+0000] {subprocess.py:93} INFO - Sending log: {'timestamp': '2025-05-31 17:33:41', 'level': 'ERROR', 'message': 'Payment gateway timeout'}
[2025-05-31T17:33:43.461+0000] {subprocess.py:93} INFO - Sending log: {'timestamp': '2025-05-31 17:33:43', 'level': 'INFO', 'message': 'Search executed'}
[2025-05-31T17:33:45.460+0000] {subprocess.py:93} INFO - Sending log: {'timestamp': '2025-05-31 17:33:45', 'level': 'ERROR', 'message': 'Payment gateway timeout'}
[2025-05-31T17:33:47.460+0000] {subprocess.py:93} INFO - Sending log: {'timestamp': '2025-05-31 17:33:47', 'level': 'WARNING', 'message': 'High memory usage'}
[2025-05-31T17:33:49.460+0000] {subprocess.py:93} INFO - Sending log: {'timestamp': '2025-05-31 17:33:49', 'level': 'WARNING', 'message': 'Slow response time'}
[2025-05-31T17:33:51.461+0000] {subprocess.py:93} INFO - Sending log: {'timestamp': '2025-05-31 17:33:51', 'level': 'WARNING', 'message': 'High memory usage'}
[2025-05-31T17:33:53.461+0000] {subprocess.py:93} INFO - Sending log: {'timestamp': '2025-05-31 17:33:53', 'level': 'WARNING', 'message': 'Slow response time'}
[2025-05-31T17:33:55.462+0000] {subprocess.py:93} INFO - Sending log: {'timestamp': '2025-05-31 17:33:55', 'level': 'INFO', 'message': 'Page loaded'}
[2025-05-31T17:33:57.462+0000] {subprocess.py:93} INFO - Sending log: {'timestamp': '2025-05-31 17:33:57', 'level': 'ERROR', 'message': 'Database connection failed'}
[2025-05-31T17:33:59.463+0000] {subprocess.py:93} INFO - Sending log: {'timestamp': '2025-05-31 17:33:59', 'level': 'INFO', 'message': 'Search executed'}
[2025-05-31T17:34:01.463+0000] {subprocess.py:93} INFO - Sending log: {'timestamp': '2025-05-31 17:34:01', 'level': 'WARNING', 'message': 'Slow response time'}
[2025-05-31T17:34:03.463+0000] {subprocess.py:93} INFO - Sending log: {'timestamp': '2025-05-31 17:34:03', 'level': 'ERROR', 'message': 'Payment gateway timeout'}
[2025-05-31T17:34:05.464+0000] {subprocess.py:93} INFO - Sending log: {'timestamp': '2025-05-31 17:34:05', 'level': 'ERROR', 'message': 'Payment gateway timeout'}
[2025-05-31T17:34:07.464+0000] {subprocess.py:93} INFO - Sending log: {'timestamp': '2025-05-31 17:34:07', 'level': 'WARNING', 'message': 'High memory usage'}
[2025-05-31T17:34:09.465+0000] {subprocess.py:93} INFO - Sending log: {'timestamp': '2025-05-31 17:34:09', 'level': 'ERROR', 'message': 'Database connection failed'}
[2025-05-31T17:34:11.465+0000] {subprocess.py:93} INFO - Sending log: {'timestamp': '2025-05-31 17:34:11', 'level': 'WARNING', 'message': 'High memory usage'}
[2025-05-31T17:34:13.465+0000] {subprocess.py:93} INFO - Sending log: {'timestamp': '2025-05-31 17:34:13', 'level': 'ERROR', 'message': 'Database connection failed'}
[2025-05-31T17:34:15.465+0000] {subprocess.py:93} INFO - Sending log: {'timestamp': '2025-05-31 17:34:15', 'level': 'ERROR', 'message': 'Payment gateway timeout'}
[2025-05-31T17:34:17.465+0000] {subprocess.py:93} INFO - Sending log: {'timestamp': '2025-05-31 17:34:17', 'level': 'INFO', 'message': 'User logged in'}
[2025-05-31T17:34:19.466+0000] {subprocess.py:93} INFO - Sending log: {'timestamp': '2025-05-31 17:34:19', 'level': 'INFO', 'message': 'Search executed'}
[2025-05-31T17:34:21.466+0000] {subprocess.py:93} INFO - Sending log: {'timestamp': '2025-05-31 17:34:21', 'level': 'WARNING', 'message': 'High memory usage'}
[2025-05-31T17:34:23.467+0000] {subprocess.py:93} INFO - Sending log: {'timestamp': '2025-05-31 17:34:23', 'level': 'WARNING', 'message': 'Slow response time'}
[2025-05-31T17:34:25.467+0000] {subprocess.py:93} INFO - Sending log: {'timestamp': '2025-05-31 17:34:25', 'level': 'WARNING', 'message': 'Slow response time'}
[2025-05-31T17:34:27.468+0000] {subprocess.py:93} INFO - Sending log: {'timestamp': '2025-05-31 17:34:27', 'level': 'WARNING', 'message': 'High memory usage'}
[2025-05-31T17:34:29.468+0000] {subprocess.py:93} INFO - Sending log: {'timestamp': '2025-05-31 17:34:29', 'level': 'ERROR', 'message': 'Payment gateway timeout'}
[2025-05-31T17:34:31.468+0000] {subprocess.py:93} INFO - Sending log: {'timestamp': '2025-05-31 17:34:31', 'level': 'INFO', 'message': 'Page loaded'}
[2025-05-31T17:34:33.469+0000] {subprocess.py:93} INFO - Sending log: {'timestamp': '2025-05-31 17:34:33', 'level': 'ERROR', 'message': 'Payment gateway timeout'}
[2025-05-31T17:34:35.469+0000] {subprocess.py:93} INFO - Sending log: {'timestamp': '2025-05-31 17:34:35', 'level': 'WARNING', 'message': 'Slow response time'}
[2025-05-31T17:34:37.470+0000] {subprocess.py:93} INFO - Sending log: {'timestamp': '2025-05-31 17:34:37', 'level': 'WARNING', 'message': 'Slow response time'}
[2025-05-31T17:34:39.470+0000] {subprocess.py:93} INFO - Sending log: {'timestamp': '2025-05-31 17:34:39', 'level': 'WARNING', 'message': 'Slow response time'}
[2025-05-31T17:34:41.471+0000] {subprocess.py:93} INFO - Sending log: {'timestamp': '2025-05-31 17:34:41', 'level': 'WARNING', 'message': 'High memory usage'}
[2025-05-31T17:34:43.471+0000] {subprocess.py:93} INFO - Sending log: {'timestamp': '2025-05-31 17:34:43', 'level': 'ERROR', 'message': 'Database connection failed'}
[2025-05-31T17:34:45.470+0000] {subprocess.py:93} INFO - Sending log: {'timestamp': '2025-05-31 17:34:45', 'level': 'ERROR', 'message': 'Database connection failed'}
[2025-05-31T17:34:47.470+0000] {subprocess.py:93} INFO - Sending log: {'timestamp': '2025-05-31 17:34:47', 'level': 'WARNING', 'message': 'Slow response time'}
[2025-05-31T17:34:49.472+0000] {subprocess.py:93} INFO - Sending log: {'timestamp': '2025-05-31 17:34:49', 'level': 'INFO', 'message': 'Page loaded'}
[2025-05-31T17:34:51.472+0000] {subprocess.py:93} INFO - Sending log: {'timestamp': '2025-05-31 17:34:51', 'level': 'INFO', 'message': 'Page loaded'}
[2025-05-31T17:34:53.473+0000] {subprocess.py:93} INFO - Sending log: {'timestamp': '2025-05-31 17:34:53', 'level': 'INFO', 'message': 'User logged in'}
[2025-05-31T17:34:55.473+0000] {subprocess.py:93} INFO - Sending log: {'timestamp': '2025-05-31 17:34:55', 'level': 'INFO', 'message': 'User logged in'}
[2025-05-31T17:34:57.474+0000] {subprocess.py:93} INFO - Sending log: {'timestamp': '2025-05-31 17:34:57', 'level': 'WARNING', 'message': 'High memory usage'}
[2025-05-31T17:34:59.474+0000] {subprocess.py:93} INFO - Sending log: {'timestamp': '2025-05-31 17:34:59', 'level': 'INFO', 'message': 'Page loaded'}
[2025-05-31T17:35:01.475+0000] {subprocess.py:93} INFO - Sending log: {'timestamp': '2025-05-31 17:35:01', 'level': 'INFO', 'message': 'User logged in'}
[2025-05-31T17:35:03.476+0000] {subprocess.py:93} INFO - Sending log: {'timestamp': '2025-05-31 17:35:03', 'level': 'INFO', 'message': 'Page loaded'}
[2025-05-31T17:35:05.476+0000] {subprocess.py:93} INFO - Sending log: {'timestamp': '2025-05-31 17:35:05', 'level': 'INFO', 'message': 'Search executed'}
[2025-05-31T17:35:07.477+0000] {subprocess.py:93} INFO - Sending log: {'timestamp': '2025-05-31 17:35:07', 'level': 'WARNING', 'message': 'High memory usage'}
[2025-05-31T17:35:09.477+0000] {subprocess.py:93} INFO - Sending log: {'timestamp': '2025-05-31 17:35:09', 'level': 'ERROR', 'message': 'Database connection failed'}
[2025-05-31T17:35:11.477+0000] {subprocess.py:93} INFO - Sending log: {'timestamp': '2025-05-31 17:35:11', 'level': 'ERROR', 'message': 'Payment gateway timeout'}
[2025-05-31T17:35:13.478+0000] {subprocess.py:93} INFO - Sending log: {'timestamp': '2025-05-31 17:35:13', 'level': 'ERROR', 'message': 'Payment gateway timeout'}
[2025-05-31T17:35:15.477+0000] {subprocess.py:93} INFO - Sending log: {'timestamp': '2025-05-31 17:35:15', 'level': 'ERROR', 'message': 'Payment gateway timeout'}
[2025-05-31T17:35:17.477+0000] {subprocess.py:93} INFO - Sending log: {'timestamp': '2025-05-31 17:35:17', 'level': 'ERROR', 'message': 'Database connection failed'}
[2025-05-31T17:35:19.478+0000] {subprocess.py:93} INFO - Sending log: {'timestamp': '2025-05-31 17:35:19', 'level': 'INFO', 'message': 'Search executed'}
[2025-05-31T17:35:21.478+0000] {subprocess.py:93} INFO - Sending log: {'timestamp': '2025-05-31 17:35:21', 'level': 'INFO', 'message': 'Page loaded'}
[2025-05-31T17:35:23.479+0000] {subprocess.py:93} INFO - Sending log: {'timestamp': '2025-05-31 17:35:23', 'level': 'ERROR', 'message': 'Database connection failed'}
[2025-05-31T17:35:25.479+0000] {subprocess.py:93} INFO - Sending log: {'timestamp': '2025-05-31 17:35:25', 'level': 'ERROR', 'message': 'Payment gateway timeout'}
[2025-05-31T17:35:27.480+0000] {subprocess.py:93} INFO - Sending log: {'timestamp': '2025-05-31 17:35:27', 'level': 'WARNING', 'message': 'Slow response time'}
[2025-05-31T17:35:29.480+0000] {subprocess.py:93} INFO - Sending log: {'timestamp': '2025-05-31 17:35:29', 'level': 'WARNING', 'message': 'Slow response time'}
[2025-05-31T17:35:31.480+0000] {subprocess.py:93} INFO - Sending log: {'timestamp': '2025-05-31 17:35:31', 'level': 'ERROR', 'message': 'Database connection failed'}
[2025-05-31T17:35:33.481+0000] {subprocess.py:93} INFO - Sending log: {'timestamp': '2025-05-31 17:35:33', 'level': 'WARNING', 'message': 'Slow response time'}
[2025-05-31T17:35:35.481+0000] {subprocess.py:93} INFO - Sending log: {'timestamp': '2025-05-31 17:35:35', 'level': 'WARNING', 'message': 'Slow response time'}
[2025-05-31T17:35:37.482+0000] {subprocess.py:93} INFO - Sending log: {'timestamp': '2025-05-31 17:35:37', 'level': 'WARNING', 'message': 'Slow response time'}
[2025-05-31T17:35:39.482+0000] {subprocess.py:93} INFO - Sending log: {'timestamp': '2025-05-31 17:35:39', 'level': 'INFO', 'message': 'User logged in'}
[2025-05-31T17:35:41.482+0000] {subprocess.py:93} INFO - Sending log: {'timestamp': '2025-05-31 17:35:41', 'level': 'INFO', 'message': 'Page loaded'}
[2025-05-31T17:35:43.483+0000] {subprocess.py:93} INFO - Sending log: {'timestamp': '2025-05-31 17:35:43', 'level': 'ERROR', 'message': 'Database connection failed'}
[2025-05-31T17:35:45.482+0000] {subprocess.py:93} INFO - Sending log: {'timestamp': '2025-05-31 17:35:45', 'level': 'WARNING', 'message': 'High memory usage'}
[2025-05-31T17:35:47.483+0000] {subprocess.py:93} INFO - Sending log: {'timestamp': '2025-05-31 17:35:47', 'level': 'WARNING', 'message': 'High memory usage'}
[2025-05-31T17:35:49.484+0000] {subprocess.py:93} INFO - Sending log: {'timestamp': '2025-05-31 17:35:49', 'level': 'INFO', 'message': 'User logged in'}
[2025-05-31T17:35:51.484+0000] {subprocess.py:93} INFO - Sending log: {'timestamp': '2025-05-31 17:35:51', 'level': 'ERROR', 'message': 'Payment gateway timeout'}
[2025-05-31T17:44:31.673+0000] {subprocess.py:93} INFO - Sending log: {'timestamp': '2025-05-31 17:44:31', 'level': 'INFO', 'message': 'User logged in'}
[2025-05-31T17:44:33.673+0000] {subprocess.py:93} INFO - Sending log: {'timestamp': '2025-05-31 17:44:33', 'level': 'WARNING', 'message': 'Slow response time'}
[2025-05-31T17:44:35.910+0000] {subprocess.py:93} INFO - Sending log: {'timestamp': '2025-05-31 17:44:35', 'level': 'WARNING', 'message': 'High memory usage'}
[2025-05-31T17:44:37.910+0000] {subprocess.py:93} INFO - Sending log: {'timestamp': '2025-05-31 17:44:37', 'level': 'INFO', 'message': 'Page loaded'}
[2025-05-31T17:44:39.537+0000] {job.py:229} INFO - Heartbeat recovered after 527.35 seconds
[2025-05-31T17:44:40.271+0000] {subprocess.py:93} INFO - Sending log: {'timestamp': '2025-05-31 17:44:40', 'level': 'ERROR', 'message': 'Payment gateway timeout'}
[2025-05-31T17:44:42.271+0000] {subprocess.py:93} INFO - Sending log: {'timestamp': '2025-05-31 17:44:42', 'level': 'WARNING', 'message': 'High memory usage'}
[2025-05-31T17:44:44.273+0000] {subprocess.py:93} INFO - Sending log: {'timestamp': '2025-05-31 17:44:44', 'level': 'INFO', 'message': 'User logged in'}
[2025-05-31T17:44:46.273+0000] {subprocess.py:93} INFO - Sending log: {'timestamp': '2025-05-31 17:44:46', 'level': 'INFO', 'message': 'User logged in'}
[2025-05-31T17:44:48.274+0000] {subprocess.py:93} INFO - Sending log: {'timestamp': '2025-05-31 17:44:48', 'level': 'ERROR', 'message': 'Database connection failed'}
[2025-05-31T17:44:50.322+0000] {subprocess.py:93} INFO - Sending log: {'timestamp': '2025-05-31 17:44:50', 'level': 'ERROR', 'message': 'Payment gateway timeout'}
[2025-05-31T17:44:52.322+0000] {subprocess.py:93} INFO - Sending log: {'timestamp': '2025-05-31 17:44:52', 'level': 'ERROR', 'message': 'Payment gateway timeout'}
[2025-05-31T17:44:54.694+0000] {subprocess.py:93} INFO - Sending log: {'timestamp': '2025-05-31 17:44:54', 'level': 'WARNING', 'message': 'High memory usage'}
[2025-05-31T17:44:56.695+0000] {subprocess.py:93} INFO - Sending log: {'timestamp': '2025-05-31 17:44:56', 'level': 'INFO', 'message': 'Page loaded'}
[2025-05-31T17:44:58.695+0000] {subprocess.py:93} INFO - Sending log: {'timestamp': '2025-05-31 17:44:58', 'level': 'WARNING', 'message': 'Slow response time'}
[2025-05-31T17:45:00.696+0000] {subprocess.py:93} INFO - Sending log: {'timestamp': '2025-05-31 17:45:00', 'level': 'WARNING', 'message': 'Slow response time'}
[2025-05-31T17:45:02.696+0000] {subprocess.py:93} INFO - Sending log: {'timestamp': '2025-05-31 17:45:02', 'level': 'ERROR', 'message': 'Database connection failed'}
[2025-05-31T17:45:05.582+0000] {subprocess.py:93} INFO - Sending log: {'timestamp': '2025-05-31 17:45:05', 'level': 'INFO', 'message': 'User logged in'}
[2025-05-31T17:45:07.583+0000] {subprocess.py:93} INFO - Sending log: {'timestamp': '2025-05-31 17:45:07', 'level': 'INFO', 'message': 'Page loaded'}
[2025-05-31T17:45:09.583+0000] {subprocess.py:93} INFO - Sending log: {'timestamp': '2025-05-31 17:45:09', 'level': 'INFO', 'message': 'User logged in'}
[2025-05-31T17:45:11.584+0000] {subprocess.py:93} INFO - Sending log: {'timestamp': '2025-05-31 17:45:11', 'level': 'WARNING', 'message': 'Slow response time'}
[2025-05-31T17:45:13.641+0000] {subprocess.py:93} INFO - Sending log: {'timestamp': '2025-05-31 17:45:13', 'level': 'WARNING', 'message': 'High memory usage'}
[2025-05-31T17:45:15.764+0000] {subprocess.py:93} INFO - Sending log: {'timestamp': '2025-05-31 17:45:15', 'level': 'INFO', 'message': 'Search executed'}
[2025-05-31T17:45:17.764+0000] {subprocess.py:93} INFO - Sending log: {'timestamp': '2025-05-31 17:45:17', 'level': 'INFO', 'message': 'Page loaded'}
[2025-05-31T17:45:19.765+0000] {subprocess.py:93} INFO - Sending log: {'timestamp': '2025-05-31 17:45:19', 'level': 'ERROR', 'message': 'Payment gateway timeout'}
[2025-05-31T17:45:21.766+0000] {subprocess.py:93} INFO - Sending log: {'timestamp': '2025-05-31 17:45:21', 'level': 'WARNING', 'message': 'Slow response time'}
[2025-05-31T17:45:23.765+0000] {subprocess.py:93} INFO - Sending log: {'timestamp': '2025-05-31 17:45:23', 'level': 'ERROR', 'message': 'Payment gateway timeout'}
[2025-05-31T17:45:25.765+0000] {subprocess.py:93} INFO - Sending log: {'timestamp': '2025-05-31 17:45:25', 'level': 'ERROR', 'message': 'Payment gateway timeout'}
[2025-05-31T17:45:27.766+0000] {subprocess.py:93} INFO - Sending log: {'timestamp': '2025-05-31 17:45:27', 'level': 'ERROR', 'message': 'Payment gateway timeout'}
[2025-05-31T17:45:29.766+0000] {subprocess.py:93} INFO - Sending log: {'timestamp': '2025-05-31 17:45:29', 'level': 'WARNING', 'message': 'High memory usage'}
[2025-05-31T17:45:31.767+0000] {subprocess.py:93} INFO - Sending log: {'timestamp': '2025-05-31 17:45:31', 'level': 'WARNING', 'message': 'Slow response time'}
[2025-05-31T17:45:33.767+0000] {subprocess.py:93} INFO - Sending log: {'timestamp': '2025-05-31 17:45:33', 'level': 'WARNING', 'message': 'Slow response time'}
[2025-05-31T17:45:35.768+0000] {subprocess.py:93} INFO - Sending log: {'timestamp': '2025-05-31 17:45:35', 'level': 'INFO', 'message': 'Search executed'}
[2025-05-31T17:45:37.822+0000] {subprocess.py:93} INFO - Sending log: {'timestamp': '2025-05-31 17:45:37', 'level': 'WARNING', 'message': 'High memory usage'}
[2025-05-31T17:45:39.823+0000] {subprocess.py:93} INFO - Sending log: {'timestamp': '2025-05-31 17:45:39', 'level': 'WARNING', 'message': 'Slow response time'}
[2025-05-31T17:45:41.982+0000] {subprocess.py:93} INFO - Sending log: {'timestamp': '2025-05-31 17:45:41', 'level': 'ERROR', 'message': 'Payment gateway timeout'}
[2025-05-31T17:45:44.147+0000] {subprocess.py:93} INFO - Sending log: {'timestamp': '2025-05-31 17:45:44', 'level': 'ERROR', 'message': 'Payment gateway timeout'}
[2025-05-31T17:45:46.614+0000] {subprocess.py:93} INFO - Sending log: {'timestamp': '2025-05-31 17:45:46', 'level': 'ERROR', 'message': 'Payment gateway timeout'}
[2025-05-31T17:45:49.164+0000] {subprocess.py:93} INFO - Sending log: {'timestamp': '2025-05-31 17:45:48', 'level': 'INFO', 'message': 'Search executed'}
[2025-05-31T17:45:50.957+0000] {subprocess.py:93} INFO - Sending log: {'timestamp': '2025-05-31 17:45:50', 'level': 'INFO', 'message': 'Search executed'}
[2025-05-31T17:45:52.959+0000] {subprocess.py:93} INFO - Sending log: {'timestamp': '2025-05-31 17:45:52', 'level': 'WARNING', 'message': 'High memory usage'}
[2025-05-31T17:45:55.015+0000] {subprocess.py:93} INFO - Sending log: {'timestamp': '2025-05-31 17:45:55', 'level': 'WARNING', 'message': 'Slow response time'}
[2025-05-31T17:45:56.143+0000] {job.py:229} INFO - Heartbeat recovered after 19.39 seconds
[2025-05-31T17:45:57.023+0000] {subprocess.py:93} INFO - Sending log: {'timestamp': '2025-05-31 17:45:57', 'level': 'WARNING', 'message': 'High memory usage'}
[2025-05-31T17:45:59.249+0000] {subprocess.py:93} INFO - Sending log: {'timestamp': '2025-05-31 17:45:59', 'level': 'INFO', 'message': 'Search executed'}
[2025-05-31T17:46:01.387+0000] {subprocess.py:93} INFO - Sending log: {'timestamp': '2025-05-31 17:46:01', 'level': 'INFO', 'message': 'Search executed'}
[2025-05-31T17:46:03.387+0000] {subprocess.py:93} INFO - Sending log: {'timestamp': '2025-05-31 17:46:03', 'level': 'INFO', 'message': 'User logged in'}
[2025-05-31T17:46:05.555+0000] {subprocess.py:93} INFO - Sending log: {'timestamp': '2025-05-31 17:46:05', 'level': 'WARNING', 'message': 'High memory usage'}
[2025-05-31T17:46:07.261+0000] {job.py:229} INFO - Heartbeat recovered after 11.31 seconds
[2025-05-31T17:46:07.624+0000] {subprocess.py:93} INFO - Sending log: {'timestamp': '2025-05-31 17:46:07', 'level': 'INFO', 'message': 'User logged in'}
[2025-05-31T17:46:09.678+0000] {subprocess.py:93} INFO - Sending log: {'timestamp': '2025-05-31 17:46:09', 'level': 'WARNING', 'message': 'Slow response time'}
[2025-05-31T17:46:11.743+0000] {subprocess.py:93} INFO - Sending log: {'timestamp': '2025-05-31 17:46:11', 'level': 'WARNING', 'message': 'High memory usage'}
[2025-05-31T17:46:13.973+0000] {subprocess.py:93} INFO - Sending log: {'timestamp': '2025-05-31 17:46:13', 'level': 'ERROR', 'message': 'Database connection failed'}
[2025-05-31T17:46:21.750+0000] {subprocess.py:93} INFO - Sending log: {'timestamp': '2025-05-31 17:46:16', 'level': 'WARNING', 'message': 'Slow response time'}
[2025-05-31T17:46:21.751+0000] {subprocess.py:93} INFO - Sending log: {'timestamp': '2025-05-31 17:46:18', 'level': 'WARNING', 'message': 'High memory usage'}
[2025-05-31T17:46:21.752+0000] {subprocess.py:93} INFO - Sending log: {'timestamp': '2025-05-31 17:46:20', 'level': 'ERROR', 'message': 'Database connection failed'}
[2025-05-31T17:46:22.653+0000] {subprocess.py:93} INFO - Sending log: {'timestamp': '2025-05-31 17:46:22', 'level': 'WARNING', 'message': 'Slow response time'}
[2025-05-31T17:46:24.593+0000] {subprocess.py:93} INFO - Sending log: {'timestamp': '2025-05-31 17:46:24', 'level': 'WARNING', 'message': 'Slow response time'}
[2025-05-31T17:46:26.616+0000] {subprocess.py:93} INFO - Sending log: {'timestamp': '2025-05-31 17:46:26', 'level': 'WARNING', 'message': 'Slow response time'}
[2025-05-31T17:46:28.821+0000] {subprocess.py:93} INFO - Sending log: {'timestamp': '2025-05-31 17:46:28', 'level': 'WARNING', 'message': 'High memory usage'}
[2025-05-31T17:46:30.884+0000] {subprocess.py:93} INFO - Sending log: {'timestamp': '2025-05-31 17:46:30', 'level': 'ERROR', 'message': 'Database connection failed'}
[2025-05-31T17:46:33.239+0000] {subprocess.py:93} INFO - Sending log: {'timestamp': '2025-05-31 17:46:33', 'level': 'WARNING', 'message': 'High memory usage'}
[2025-05-31T17:46:34.126+0000] {job.py:229} INFO - Heartbeat recovered after 27.18 seconds
[2025-05-31T17:46:35.524+0000] {subprocess.py:93} INFO - Sending log: {'timestamp': '2025-05-31 17:46:35', 'level': 'ERROR', 'message': 'Database connection failed'}
[2025-05-31T17:46:37.554+0000] {subprocess.py:93} INFO - Sending log: {'timestamp': '2025-05-31 17:46:37', 'level': 'WARNING', 'message': 'Slow response time'}
[2025-05-31T17:46:39.547+0000] {subprocess.py:93} INFO - Sending log: {'timestamp': '2025-05-31 17:46:39', 'level': 'ERROR', 'message': 'Database connection failed'}
[2025-05-31T17:46:41.547+0000] {subprocess.py:93} INFO - Sending log: {'timestamp': '2025-05-31 17:46:41', 'level': 'ERROR', 'message': 'Payment gateway timeout'}
[2025-05-31T17:46:43.548+0000] {subprocess.py:93} INFO - Sending log: {'timestamp': '2025-05-31 17:46:43', 'level': 'INFO', 'message': 'Page loaded'}
[2025-05-31T17:46:45.581+0000] {subprocess.py:93} INFO - Sending log: {'timestamp': '2025-05-31 17:46:45', 'level': 'WARNING', 'message': 'Slow response time'}
[2025-05-31T17:46:46.338+0000] {job.py:229} INFO - Heartbeat recovered after 13.04 seconds
[2025-05-31T17:46:47.576+0000] {subprocess.py:93} INFO - Sending log: {'timestamp': '2025-05-31 17:46:47', 'level': 'WARNING', 'message': 'Slow response time'}
[2025-05-31T17:46:49.739+0000] {subprocess.py:93} INFO - Sending log: {'timestamp': '2025-05-31 17:46:49', 'level': 'INFO', 'message': 'Page loaded'}
[2025-05-31T17:46:51.741+0000] {subprocess.py:93} INFO - Sending log: {'timestamp': '2025-05-31 17:46:51', 'level': 'INFO', 'message': 'User logged in'}
[2025-05-31T17:46:53.801+0000] {subprocess.py:93} INFO - Sending log: {'timestamp': '2025-05-31 17:46:53', 'level': 'INFO', 'message': 'Page loaded'}
[2025-05-31T17:46:55.944+0000] {subprocess.py:93} INFO - Sending log: {'timestamp': '2025-05-31 17:46:55', 'level': 'WARNING', 'message': 'Slow response time'}
[2025-05-31T17:46:57.944+0000] {subprocess.py:93} INFO - Sending log: {'timestamp': '2025-05-31 17:46:57', 'level': 'ERROR', 'message': 'Payment gateway timeout'}
[2025-05-31T17:46:59.976+0000] {subprocess.py:93} INFO - Sending log: {'timestamp': '2025-05-31 17:46:59', 'level': 'INFO', 'message': 'User logged in'}
[2025-05-31T17:47:01.976+0000] {subprocess.py:93} INFO - Sending log: {'timestamp': '2025-05-31 17:47:01', 'level': 'WARNING', 'message': 'Slow response time'}
[2025-05-31T17:47:03.977+0000] {subprocess.py:93} INFO - Sending log: {'timestamp': '2025-05-31 17:47:03', 'level': 'WARNING', 'message': 'Slow response time'}
[2025-05-31T17:47:05.977+0000] {subprocess.py:93} INFO - Sending log: {'timestamp': '2025-05-31 17:47:05', 'level': 'ERROR', 'message': 'Database connection failed'}
[2025-05-31T17:47:08.236+0000] {subprocess.py:93} INFO - Sending log: {'timestamp': '2025-05-31 17:47:08', 'level': 'WARNING', 'message': 'Slow response time'}
[2025-05-31T17:47:10.236+0000] {subprocess.py:93} INFO - Sending log: {'timestamp': '2025-05-31 17:47:10', 'level': 'WARNING', 'message': 'High memory usage'}
[2025-05-31T17:47:12.283+0000] {subprocess.py:93} INFO - Sending log: {'timestamp': '2025-05-31 17:47:12', 'level': 'WARNING', 'message': 'High memory usage'}
[2025-05-31T17:47:14.351+0000] {subprocess.py:93} INFO - Sending log: {'timestamp': '2025-05-31 17:47:14', 'level': 'WARNING', 'message': 'High memory usage'}
[2025-05-31T17:47:16.351+0000] {subprocess.py:93} INFO - Sending log: {'timestamp': '2025-05-31 17:47:16', 'level': 'WARNING', 'message': 'Slow response time'}
[2025-05-31T17:47:18.351+0000] {subprocess.py:93} INFO - Sending log: {'timestamp': '2025-05-31 17:47:18', 'level': 'INFO', 'message': 'Page loaded'}
[2025-05-31T17:47:20.352+0000] {subprocess.py:93} INFO - Sending log: {'timestamp': '2025-05-31 17:47:20', 'level': 'WARNING', 'message': 'Slow response time'}
[2025-05-31T17:47:22.479+0000] {subprocess.py:93} INFO - Sending log: {'timestamp': '2025-05-31 17:47:22', 'level': 'ERROR', 'message': 'Database connection failed'}
[2025-05-31T17:47:24.289+0000] {subprocess.py:93} INFO - Sending log: {'timestamp': '2025-05-31 17:47:24', 'level': 'ERROR', 'message': 'Database connection failed'}
[2025-05-31T17:47:26.289+0000] {subprocess.py:93} INFO - Sending log: {'timestamp': '2025-05-31 17:47:26', 'level': 'ERROR', 'message': 'Payment gateway timeout'}
[2025-05-31T17:47:28.529+0000] {subprocess.py:93} INFO - Sending log: {'timestamp': '2025-05-31 17:47:28', 'level': 'WARNING', 'message': 'Slow response time'}
[2025-05-31T17:47:31.026+0000] {subprocess.py:93} INFO - Sending log: {'timestamp': '2025-05-31 17:47:31', 'level': 'INFO', 'message': 'Page loaded'}
[2025-05-31T17:47:33.028+0000] {subprocess.py:93} INFO - Sending log: {'timestamp': '2025-05-31 17:47:33', 'level': 'ERROR', 'message': 'Database connection failed'}
[2025-05-31T17:47:35.498+0000] {subprocess.py:93} INFO - Sending log: {'timestamp': '2025-05-31 17:47:35', 'level': 'ERROR', 'message': 'Database connection failed'}
[2025-05-31T17:47:37.597+0000] {subprocess.py:93} INFO - Sending log: {'timestamp': '2025-05-31 17:47:37', 'level': 'ERROR', 'message': 'Payment gateway timeout'}
[2025-05-31T17:47:39.691+0000] {subprocess.py:93} INFO - Sending log: {'timestamp': '2025-05-31 17:47:39', 'level': 'INFO', 'message': 'Page loaded'}
[2025-05-31T17:47:41.724+0000] {subprocess.py:93} INFO - Sending log: {'timestamp': '2025-05-31 17:47:41', 'level': 'INFO', 'message': 'Search executed'}
[2025-05-31T17:47:43.771+0000] {subprocess.py:93} INFO - Sending log: {'timestamp': '2025-05-31 17:47:43', 'level': 'INFO', 'message': 'Search executed'}
[2025-05-31T17:47:45.771+0000] {subprocess.py:93} INFO - Sending log: {'timestamp': '2025-05-31 17:47:45', 'level': 'ERROR', 'message': 'Payment gateway timeout'}
[2025-05-31T17:47:47.829+0000] {subprocess.py:93} INFO - Sending log: {'timestamp': '2025-05-31 17:47:47', 'level': 'WARNING', 'message': 'Slow response time'}
[2025-05-31T17:47:50.031+0000] {subprocess.py:93} INFO - Sending log: {'timestamp': '2025-05-31 17:47:50', 'level': 'ERROR', 'message': 'Database connection failed'}
[2025-05-31T17:47:52.331+0000] {subprocess.py:93} INFO - Sending log: {'timestamp': '2025-05-31 17:47:52', 'level': 'WARNING', 'message': 'High memory usage'}
[2025-05-31T17:47:54.704+0000] {subprocess.py:93} INFO - Sending log: {'timestamp': '2025-05-31 17:47:54', 'level': 'INFO', 'message': 'User logged in'}
[2025-05-31T17:47:57.104+0000] {subprocess.py:93} INFO - Sending log: {'timestamp': '2025-05-31 17:47:56', 'level': 'WARNING', 'message': 'Slow response time'}
[2025-05-31T17:47:59.510+0000] {subprocess.py:93} INFO - Sending log: {'timestamp': '2025-05-31 17:47:59', 'level': 'INFO', 'message': 'Page loaded'}
[2025-05-31T17:48:02.198+0000] {subprocess.py:93} INFO - Sending log: {'timestamp': '2025-05-31 17:48:02', 'level': 'ERROR', 'message': 'Database connection failed'}
[2025-05-31T17:48:05.611+0000] {subprocess.py:93} INFO - Sending log: {'timestamp': '2025-05-31 17:48:05', 'level': 'ERROR', 'message': 'Database connection failed'}
[2025-05-31T17:48:08.513+0000] {subprocess.py:93} INFO - Sending log: {'timestamp': '2025-05-31 17:48:08', 'level': 'ERROR', 'message': 'Database connection failed'}
[2025-05-31T17:48:10.592+0000] {subprocess.py:93} INFO - Sending log: {'timestamp': '2025-05-31 17:48:10', 'level': 'INFO', 'message': 'Search executed'}
[2025-05-31T17:48:12.763+0000] {subprocess.py:93} INFO - Sending log: {'timestamp': '2025-05-31 17:48:12', 'level': 'INFO', 'message': 'User logged in'}
[2025-05-31T17:48:14.895+0000] {subprocess.py:93} INFO - Sending log: {'timestamp': '2025-05-31 17:48:14', 'level': 'INFO', 'message': 'Page loaded'}
[2025-05-31T17:48:17.012+0000] {subprocess.py:93} INFO - Sending log: {'timestamp': '2025-05-31 17:48:17', 'level': 'ERROR', 'message': 'Payment gateway timeout'}
[2025-05-31T17:48:20.668+0000] {subprocess.py:93} INFO - Sending log: {'timestamp': '2025-05-31 17:48:19', 'level': 'ERROR', 'message': 'Payment gateway timeout'}
[2025-05-31T17:48:22.886+0000] {subprocess.py:93} INFO - Sending log: {'timestamp': '2025-05-31 17:48:22', 'level': 'INFO', 'message': 'Search executed'}
[2025-05-31T17:48:24.507+0000] {subprocess.py:93} INFO - Sending log: {'timestamp': '2025-05-31 17:48:24', 'level': 'WARNING', 'message': 'Slow response time'}
[2025-05-31T17:48:24.905+0000] {job.py:229} INFO - Heartbeat recovered after 61.12 seconds
[2025-05-31T17:48:26.121+0000] {subprocess.py:93} INFO - Sending log: {'timestamp': '2025-05-31 17:48:26', 'level': 'ERROR', 'message': 'Database connection failed'}
[2025-05-31T17:48:28.122+0000] {subprocess.py:93} INFO - Sending log: {'timestamp': '2025-05-31 17:48:28', 'level': 'INFO', 'message': 'User logged in'}
[2025-05-31T17:48:30.331+0000] {subprocess.py:93} INFO - Sending log: {'timestamp': '2025-05-31 17:48:30', 'level': 'ERROR', 'message': 'Payment gateway timeout'}
[2025-05-31T17:48:32.719+0000] {subprocess.py:93} INFO - Sending log: {'timestamp': '2025-05-31 17:48:32', 'level': 'INFO', 'message': 'Page loaded'}
[2025-05-31T17:48:34.738+0000] {subprocess.py:93} INFO - Sending log: {'timestamp': '2025-05-31 17:48:34', 'level': 'ERROR', 'message': 'Payment gateway timeout'}
[2025-05-31T17:48:36.730+0000] {subprocess.py:93} INFO - Sending log: {'timestamp': '2025-05-31 17:48:36', 'level': 'ERROR', 'message': 'Database connection failed'}
[2025-05-31T17:48:39.400+0000] {subprocess.py:93} INFO - Sending log: {'timestamp': '2025-05-31 17:48:39', 'level': 'WARNING', 'message': 'Slow response time'}
[2025-05-31T17:48:41.559+0000] {subprocess.py:93} INFO - Sending log: {'timestamp': '2025-05-31 17:48:41', 'level': 'WARNING', 'message': 'High memory usage'}
[2025-05-31T17:48:43.376+0000] {subprocess.py:93} INFO - Sending log: {'timestamp': '2025-05-31 17:48:43', 'level': 'ERROR', 'message': 'Database connection failed'}
[2025-05-31T17:48:46.329+0000] {subprocess.py:93} INFO - Sending log: {'timestamp': '2025-05-31 17:48:46', 'level': 'ERROR', 'message': 'Payment gateway timeout'}
[2025-05-31T17:48:46.610+0000] {job.py:229} INFO - Heartbeat recovered after 23.62 seconds
[2025-05-31T17:48:48.432+0000] {subprocess.py:93} INFO - Sending log: {'timestamp': '2025-05-31 17:48:48', 'level': 'ERROR', 'message': 'Payment gateway timeout'}
[2025-05-31T17:48:50.637+0000] {subprocess.py:93} INFO - Sending log: {'timestamp': '2025-05-31 17:48:50', 'level': 'WARNING', 'message': 'High memory usage'}
[2025-05-31T17:48:52.689+0000] {subprocess.py:93} INFO - Sending log: {'timestamp': '2025-05-31 17:48:52', 'level': 'ERROR', 'message': 'Payment gateway timeout'}
[2025-05-31T17:48:54.790+0000] {subprocess.py:93} INFO - Sending log: {'timestamp': '2025-05-31 17:48:54', 'level': 'ERROR', 'message': 'Payment gateway timeout'}
[2025-05-31T17:48:56.557+0000] {subprocess.py:93} INFO - Sending log: {'timestamp': '2025-05-31 17:48:56', 'level': 'INFO', 'message': 'User logged in'}
[2025-05-31T17:48:58.558+0000] {subprocess.py:93} INFO - Sending log: {'timestamp': '2025-05-31 17:48:58', 'level': 'ERROR', 'message': 'Payment gateway timeout'}
[2025-05-31T17:49:00.722+0000] {subprocess.py:93} INFO - Sending log: {'timestamp': '2025-05-31 17:49:00', 'level': 'ERROR', 'message': 'Payment gateway timeout'}
[2025-05-31T17:49:02.894+0000] {subprocess.py:93} INFO - Sending log: {'timestamp': '2025-05-31 17:49:02', 'level': 'ERROR', 'message': 'Payment gateway timeout'}
[2025-05-31T17:49:05.444+0000] {subprocess.py:93} INFO - Sending log: {'timestamp': '2025-05-31 17:49:05', 'level': 'ERROR', 'message': 'Payment gateway timeout'}
[2025-05-31T17:49:07.523+0000] {subprocess.py:93} INFO - Sending log: {'timestamp': '2025-05-31 17:49:07', 'level': 'ERROR', 'message': 'Database connection failed'}
[2025-05-31T17:49:09.534+0000] {subprocess.py:93} INFO - Sending log: {'timestamp': '2025-05-31 17:49:09', 'level': 'ERROR', 'message': 'Database connection failed'}
[2025-05-31T17:49:11.655+0000] {subprocess.py:93} INFO - Sending log: {'timestamp': '2025-05-31 17:49:11', 'level': 'INFO', 'message': 'Page loaded'}
[2025-05-31T17:49:14.016+0000] {subprocess.py:93} INFO - Sending log: {'timestamp': '2025-05-31 17:49:14', 'level': 'INFO', 'message': 'Page loaded'}
[2025-05-31T17:49:14.025+0000] {job.py:229} INFO - Heartbeat recovered after 31.15 seconds
[2025-05-31T17:49:16.041+0000] {subprocess.py:93} INFO - Sending log: {'timestamp': '2025-05-31 17:49:16', 'level': 'INFO', 'message': 'User logged in'}
[2025-05-31T17:49:18.042+0000] {subprocess.py:93} INFO - Sending log: {'timestamp': '2025-05-31 17:49:18', 'level': 'INFO', 'message': 'User logged in'}
[2025-05-31T17:49:19.824+0000] {job.py:229} INFO - Heartbeat recovered after 11.02 seconds
[2025-05-31T17:49:20.094+0000] {subprocess.py:93} INFO - Sending log: {'timestamp': '2025-05-31 17:49:20', 'level': 'WARNING', 'message': 'Slow response time'}
[2025-05-31T17:49:22.095+0000] {subprocess.py:93} INFO - Sending log: {'timestamp': '2025-05-31 17:49:22', 'level': 'INFO', 'message': 'Search executed'}
[2025-05-31T17:49:24.127+0000] {subprocess.py:93} INFO - Sending log: {'timestamp': '2025-05-31 17:49:24', 'level': 'INFO', 'message': 'Page loaded'}
[2025-05-31T17:49:26.056+0000] {subprocess.py:93} INFO - Sending log: {'timestamp': '2025-05-31 17:49:26', 'level': 'WARNING', 'message': 'Slow response time'}
[2025-05-31T17:49:28.057+0000] {subprocess.py:93} INFO - Sending log: {'timestamp': '2025-05-31 17:49:28', 'level': 'ERROR', 'message': 'Database connection failed'}
[2025-05-31T17:49:30.057+0000] {subprocess.py:93} INFO - Sending log: {'timestamp': '2025-05-31 17:49:30', 'level': 'ERROR', 'message': 'Payment gateway timeout'}
[2025-05-31T17:49:32.057+0000] {subprocess.py:93} INFO - Sending log: {'timestamp': '2025-05-31 17:49:32', 'level': 'INFO', 'message': 'Search executed'}
[2025-05-31T17:49:34.058+0000] {subprocess.py:93} INFO - Sending log: {'timestamp': '2025-05-31 17:49:34', 'level': 'INFO', 'message': 'Search executed'}
[2025-05-31T17:49:36.059+0000] {subprocess.py:93} INFO - Sending log: {'timestamp': '2025-05-31 17:49:36', 'level': 'INFO', 'message': 'Search executed'}
[2025-05-31T17:49:38.059+0000] {subprocess.py:93} INFO - Sending log: {'timestamp': '2025-05-31 17:49:38', 'level': 'WARNING', 'message': 'Slow response time'}
[2025-05-31T17:49:40.060+0000] {subprocess.py:93} INFO - Sending log: {'timestamp': '2025-05-31 17:49:40', 'level': 'INFO', 'message': 'Page loaded'}
[2025-05-31T17:49:42.060+0000] {subprocess.py:93} INFO - Sending log: {'timestamp': '2025-05-31 17:49:42', 'level': 'INFO', 'message': 'Search executed'}
[2025-05-31T17:49:44.061+0000] {subprocess.py:93} INFO - Sending log: {'timestamp': '2025-05-31 17:49:44', 'level': 'ERROR', 'message': 'Payment gateway timeout'}
[2025-05-31T17:49:46.062+0000] {subprocess.py:93} INFO - Sending log: {'timestamp': '2025-05-31 17:49:46', 'level': 'INFO', 'message': 'Search executed'}
[2025-05-31T17:49:48.062+0000] {subprocess.py:93} INFO - Sending log: {'timestamp': '2025-05-31 17:49:48', 'level': 'ERROR', 'message': 'Database connection failed'}
[2025-05-31T17:49:50.063+0000] {subprocess.py:93} INFO - Sending log: {'timestamp': '2025-05-31 17:49:50', 'level': 'ERROR', 'message': 'Payment gateway timeout'}
[2025-05-31T17:49:52.064+0000] {subprocess.py:93} INFO - Sending log: {'timestamp': '2025-05-31 17:49:52', 'level': 'ERROR', 'message': 'Payment gateway timeout'}
[2025-05-31T17:49:54.064+0000] {subprocess.py:93} INFO - Sending log: {'timestamp': '2025-05-31 17:49:54', 'level': 'INFO', 'message': 'User logged in'}
[2025-05-31T17:49:56.079+0000] {subprocess.py:93} INFO - Sending log: {'timestamp': '2025-05-31 17:49:56', 'level': 'ERROR', 'message': 'Database connection failed'}
[2025-05-31T17:49:58.080+0000] {subprocess.py:93} INFO - Sending log: {'timestamp': '2025-05-31 17:49:58', 'level': 'WARNING', 'message': 'Slow response time'}
[2025-05-31T17:50:00.080+0000] {subprocess.py:93} INFO - Sending log: {'timestamp': '2025-05-31 17:50:00', 'level': 'WARNING', 'message': 'High memory usage'}
[2025-05-31T17:50:02.081+0000] {subprocess.py:93} INFO - Sending log: {'timestamp': '2025-05-31 17:50:02', 'level': 'INFO', 'message': 'User logged in'}
[2025-05-31T17:50:04.082+0000] {subprocess.py:93} INFO - Sending log: {'timestamp': '2025-05-31 17:50:04', 'level': 'WARNING', 'message': 'Slow response time'}
[2025-05-31T17:50:06.082+0000] {subprocess.py:93} INFO - Sending log: {'timestamp': '2025-05-31 17:50:06', 'level': 'ERROR', 'message': 'Payment gateway timeout'}
[2025-05-31T17:50:08.083+0000] {subprocess.py:93} INFO - Sending log: {'timestamp': '2025-05-31 17:50:08', 'level': 'WARNING', 'message': 'High memory usage'}
[2025-05-31T17:50:10.083+0000] {subprocess.py:93} INFO - Sending log: {'timestamp': '2025-05-31 17:50:10', 'level': 'INFO', 'message': 'Search executed'}
[2025-05-31T17:50:12.084+0000] {subprocess.py:93} INFO - Sending log: {'timestamp': '2025-05-31 17:50:12', 'level': 'ERROR', 'message': 'Database connection failed'}
[2025-05-31T17:50:14.084+0000] {subprocess.py:93} INFO - Sending log: {'timestamp': '2025-05-31 17:50:14', 'level': 'WARNING', 'message': 'High memory usage'}
[2025-05-31T17:50:16.085+0000] {subprocess.py:93} INFO - Sending log: {'timestamp': '2025-05-31 17:50:16', 'level': 'INFO', 'message': 'Search executed'}
[2025-05-31T17:50:18.086+0000] {subprocess.py:93} INFO - Sending log: {'timestamp': '2025-05-31 17:50:18', 'level': 'ERROR', 'message': 'Payment gateway timeout'}
[2025-05-31T17:50:20.086+0000] {subprocess.py:93} INFO - Sending log: {'timestamp': '2025-05-31 17:50:20', 'level': 'ERROR', 'message': 'Database connection failed'}
[2025-05-31T17:50:22.087+0000] {subprocess.py:93} INFO - Sending log: {'timestamp': '2025-05-31 17:50:22', 'level': 'ERROR', 'message': 'Payment gateway timeout'}
[2025-05-31T17:50:24.087+0000] {subprocess.py:93} INFO - Sending log: {'timestamp': '2025-05-31 17:50:24', 'level': 'INFO', 'message': 'Page loaded'}
[2025-05-31T17:50:26.072+0000] {subprocess.py:93} INFO - Sending log: {'timestamp': '2025-05-31 17:50:26', 'level': 'INFO', 'message': 'Search executed'}
[2025-05-31T17:50:28.072+0000] {subprocess.py:93} INFO - Sending log: {'timestamp': '2025-05-31 17:50:28', 'level': 'WARNING', 'message': 'Slow response time'}
[2025-05-31T17:50:30.073+0000] {subprocess.py:93} INFO - Sending log: {'timestamp': '2025-05-31 17:50:30', 'level': 'INFO', 'message': 'User logged in'}
[2025-05-31T17:50:32.073+0000] {subprocess.py:93} INFO - Sending log: {'timestamp': '2025-05-31 17:50:32', 'level': 'INFO', 'message': 'User logged in'}
[2025-05-31T17:50:34.074+0000] {subprocess.py:93} INFO - Sending log: {'timestamp': '2025-05-31 17:50:34', 'level': 'ERROR', 'message': 'Database connection failed'}
[2025-05-31T17:50:36.074+0000] {subprocess.py:93} INFO - Sending log: {'timestamp': '2025-05-31 17:50:36', 'level': 'WARNING', 'message': 'Slow response time'}
[2025-05-31T17:50:38.075+0000] {subprocess.py:93} INFO - Sending log: {'timestamp': '2025-05-31 17:50:38', 'level': 'ERROR', 'message': 'Database connection failed'}
[2025-05-31T17:50:40.075+0000] {subprocess.py:93} INFO - Sending log: {'timestamp': '2025-05-31 17:50:40', 'level': 'ERROR', 'message': 'Payment gateway timeout'}
[2025-05-31T17:50:42.076+0000] {subprocess.py:93} INFO - Sending log: {'timestamp': '2025-05-31 17:50:42', 'level': 'INFO', 'message': 'User logged in'}
[2025-05-31T17:50:44.076+0000] {subprocess.py:93} INFO - Sending log: {'timestamp': '2025-05-31 17:50:44', 'level': 'INFO', 'message': 'User logged in'}
[2025-05-31T17:50:46.077+0000] {subprocess.py:93} INFO - Sending log: {'timestamp': '2025-05-31 17:50:46', 'level': 'INFO', 'message': 'User logged in'}
[2025-05-31T17:50:48.077+0000] {subprocess.py:93} INFO - Sending log: {'timestamp': '2025-05-31 17:50:48', 'level': 'WARNING', 'message': 'Slow response time'}
[2025-05-31T17:50:50.077+0000] {subprocess.py:93} INFO - Sending log: {'timestamp': '2025-05-31 17:50:50', 'level': 'ERROR', 'message': 'Database connection failed'}
[2025-05-31T17:50:52.078+0000] {subprocess.py:93} INFO - Sending log: {'timestamp': '2025-05-31 17:50:52', 'level': 'WARNING', 'message': 'High memory usage'}
[2025-05-31T17:50:54.257+0000] {subprocess.py:93} INFO - Sending log: {'timestamp': '2025-05-31 17:50:54', 'level': 'INFO', 'message': 'Page loaded'}
[2025-05-31T17:50:56.252+0000] {subprocess.py:93} INFO - Sending log: {'timestamp': '2025-05-31 17:50:56', 'level': 'ERROR', 'message': 'Payment gateway timeout'}
[2025-05-31T17:50:58.253+0000] {subprocess.py:93} INFO - Sending log: {'timestamp': '2025-05-31 17:50:58', 'level': 'ERROR', 'message': 'Payment gateway timeout'}
[2025-05-31T17:51:00.253+0000] {subprocess.py:93} INFO - Sending log: {'timestamp': '2025-05-31 17:51:00', 'level': 'ERROR', 'message': 'Database connection failed'}
[2025-05-31T17:51:02.254+0000] {subprocess.py:93} INFO - Sending log: {'timestamp': '2025-05-31 17:51:02', 'level': 'INFO', 'message': 'Search executed'}
[2025-05-31T17:51:04.254+0000] {subprocess.py:93} INFO - Sending log: {'timestamp': '2025-05-31 17:51:04', 'level': 'INFO', 'message': 'Page loaded'}
[2025-05-31T17:51:06.255+0000] {subprocess.py:93} INFO - Sending log: {'timestamp': '2025-05-31 17:51:06', 'level': 'INFO', 'message': 'User logged in'}
[2025-05-31T17:51:08.255+0000] {subprocess.py:93} INFO - Sending log: {'timestamp': '2025-05-31 17:51:08', 'level': 'ERROR', 'message': 'Database connection failed'}
[2025-05-31T17:51:10.256+0000] {subprocess.py:93} INFO - Sending log: {'timestamp': '2025-05-31 17:51:10', 'level': 'WARNING', 'message': 'Slow response time'}
[2025-05-31T17:51:12.256+0000] {subprocess.py:93} INFO - Sending log: {'timestamp': '2025-05-31 17:51:12', 'level': 'ERROR', 'message': 'Database connection failed'}
[2025-05-31T17:51:14.257+0000] {subprocess.py:93} INFO - Sending log: {'timestamp': '2025-05-31 17:51:14', 'level': 'WARNING', 'message': 'Slow response time'}
[2025-05-31T17:51:16.257+0000] {subprocess.py:93} INFO - Sending log: {'timestamp': '2025-05-31 17:51:16', 'level': 'WARNING', 'message': 'Slow response time'}
[2025-05-31T17:51:18.258+0000] {subprocess.py:93} INFO - Sending log: {'timestamp': '2025-05-31 17:51:18', 'level': 'INFO', 'message': 'Page loaded'}
[2025-05-31T17:51:20.264+0000] {subprocess.py:93} INFO - Sending log: {'timestamp': '2025-05-31 17:51:20', 'level': 'INFO', 'message': 'Page loaded'}
[2025-05-31T17:51:22.264+0000] {subprocess.py:93} INFO - Sending log: {'timestamp': '2025-05-31 17:51:22', 'level': 'INFO', 'message': 'Search executed'}
[2025-05-31T17:51:24.264+0000] {subprocess.py:93} INFO - Sending log: {'timestamp': '2025-05-31 17:51:24', 'level': 'ERROR', 'message': 'Payment gateway timeout'}
[2025-05-31T17:51:26.261+0000] {subprocess.py:93} INFO - Sending log: {'timestamp': '2025-05-31 17:51:26', 'level': 'ERROR', 'message': 'Payment gateway timeout'}
[2025-05-31T17:51:28.262+0000] {subprocess.py:93} INFO - Sending log: {'timestamp': '2025-05-31 17:51:28', 'level': 'ERROR', 'message': 'Database connection failed'}
[2025-05-31T17:51:30.262+0000] {subprocess.py:93} INFO - Sending log: {'timestamp': '2025-05-31 17:51:30', 'level': 'WARNING', 'message': 'High memory usage'}
[2025-05-31T17:51:32.262+0000] {subprocess.py:93} INFO - Sending log: {'timestamp': '2025-05-31 17:51:32', 'level': 'INFO', 'message': 'Page loaded'}
[2025-05-31T17:51:34.263+0000] {subprocess.py:93} INFO - Sending log: {'timestamp': '2025-05-31 17:51:34', 'level': 'WARNING', 'message': 'Slow response time'}
[2025-05-31T17:51:36.264+0000] {subprocess.py:93} INFO - Sending log: {'timestamp': '2025-05-31 17:51:36', 'level': 'INFO', 'message': 'Page loaded'}
[2025-05-31T17:51:38.265+0000] {subprocess.py:93} INFO - Sending log: {'timestamp': '2025-05-31 17:51:38', 'level': 'INFO', 'message': 'Page loaded'}
[2025-05-31T17:51:40.265+0000] {subprocess.py:93} INFO - Sending log: {'timestamp': '2025-05-31 17:51:40', 'level': 'INFO', 'message': 'Search executed'}
[2025-05-31T17:51:42.291+0000] {subprocess.py:93} INFO - Sending log: {'timestamp': '2025-05-31 17:51:42', 'level': 'WARNING', 'message': 'High memory usage'}
[2025-05-31T17:51:44.292+0000] {subprocess.py:93} INFO - Sending log: {'timestamp': '2025-05-31 17:51:44', 'level': 'ERROR', 'message': 'Payment gateway timeout'}
[2025-05-31T17:51:46.292+0000] {subprocess.py:93} INFO - Sending log: {'timestamp': '2025-05-31 17:51:46', 'level': 'WARNING', 'message': 'Slow response time'}
[2025-05-31T17:51:48.293+0000] {subprocess.py:93} INFO - Sending log: {'timestamp': '2025-05-31 17:51:48', 'level': 'INFO', 'message': 'User logged in'}
[2025-05-31T17:51:50.293+0000] {subprocess.py:93} INFO - Sending log: {'timestamp': '2025-05-31 17:51:50', 'level': 'WARNING', 'message': 'Slow response time'}
[2025-05-31T17:51:52.294+0000] {subprocess.py:93} INFO - Sending log: {'timestamp': '2025-05-31 17:51:52', 'level': 'ERROR', 'message': 'Database connection failed'}
[2025-05-31T17:51:54.294+0000] {subprocess.py:93} INFO - Sending log: {'timestamp': '2025-05-31 17:51:54', 'level': 'INFO', 'message': 'User logged in'}
[2025-05-31T17:51:56.292+0000] {subprocess.py:93} INFO - Sending log: {'timestamp': '2025-05-31 17:51:56', 'level': 'WARNING', 'message': 'Slow response time'}
[2025-05-31T17:51:58.292+0000] {subprocess.py:93} INFO - Sending log: {'timestamp': '2025-05-31 17:51:58', 'level': 'WARNING', 'message': 'High memory usage'}
[2025-05-31T17:52:00.293+0000] {subprocess.py:93} INFO - Sending log: {'timestamp': '2025-05-31 17:52:00', 'level': 'INFO', 'message': 'Search executed'}
[2025-05-31T17:52:02.293+0000] {subprocess.py:93} INFO - Sending log: {'timestamp': '2025-05-31 17:52:02', 'level': 'INFO', 'message': 'User logged in'}
[2025-05-31T17:52:04.293+0000] {subprocess.py:93} INFO - Sending log: {'timestamp': '2025-05-31 17:52:04', 'level': 'INFO', 'message': 'Search executed'}
[2025-05-31T17:52:06.294+0000] {subprocess.py:93} INFO - Sending log: {'timestamp': '2025-05-31 17:52:06', 'level': 'INFO', 'message': 'Page loaded'}
[2025-05-31T17:52:08.294+0000] {subprocess.py:93} INFO - Sending log: {'timestamp': '2025-05-31 17:52:08', 'level': 'INFO', 'message': 'User logged in'}
[2025-05-31T17:52:10.295+0000] {subprocess.py:93} INFO - Sending log: {'timestamp': '2025-05-31 17:52:10', 'level': 'INFO', 'message': 'Search executed'}
[2025-05-31T17:52:12.295+0000] {subprocess.py:93} INFO - Sending log: {'timestamp': '2025-05-31 17:52:12', 'level': 'ERROR', 'message': 'Database connection failed'}
[2025-05-31T17:52:14.296+0000] {subprocess.py:93} INFO - Sending log: {'timestamp': '2025-05-31 17:52:14', 'level': 'ERROR', 'message': 'Database connection failed'}
[2025-05-31T17:52:16.296+0000] {subprocess.py:93} INFO - Sending log: {'timestamp': '2025-05-31 17:52:16', 'level': 'ERROR', 'message': 'Payment gateway timeout'}
[2025-05-31T17:52:18.297+0000] {subprocess.py:93} INFO - Sending log: {'timestamp': '2025-05-31 17:52:18', 'level': 'WARNING', 'message': 'High memory usage'}
[2025-05-31T17:52:20.322+0000] {subprocess.py:93} INFO - Sending log: {'timestamp': '2025-05-31 17:52:20', 'level': 'ERROR', 'message': 'Payment gateway timeout'}
[2025-05-31T17:52:22.322+0000] {subprocess.py:93} INFO - Sending log: {'timestamp': '2025-05-31 17:52:22', 'level': 'WARNING', 'message': 'High memory usage'}
[2025-05-31T17:52:24.323+0000] {subprocess.py:93} INFO - Sending log: {'timestamp': '2025-05-31 17:52:24', 'level': 'WARNING', 'message': 'High memory usage'}
[2025-05-31T17:52:26.280+0000] {subprocess.py:93} INFO - Sending log: {'timestamp': '2025-05-31 17:52:26', 'level': 'ERROR', 'message': 'Database connection failed'}
[2025-05-31T17:52:28.281+0000] {subprocess.py:93} INFO - Sending log: {'timestamp': '2025-05-31 17:52:28', 'level': 'ERROR', 'message': 'Payment gateway timeout'}
[2025-05-31T17:52:30.282+0000] {subprocess.py:93} INFO - Sending log: {'timestamp': '2025-05-31 17:52:30', 'level': 'ERROR', 'message': 'Database connection failed'}
[2025-05-31T17:52:32.283+0000] {subprocess.py:93} INFO - Sending log: {'timestamp': '2025-05-31 17:52:32', 'level': 'ERROR', 'message': 'Database connection failed'}
[2025-05-31T17:52:34.283+0000] {subprocess.py:93} INFO - Sending log: {'timestamp': '2025-05-31 17:52:34', 'level': 'INFO', 'message': 'User logged in'}
[2025-05-31T17:52:36.284+0000] {subprocess.py:93} INFO - Sending log: {'timestamp': '2025-05-31 17:52:36', 'level': 'ERROR', 'message': 'Payment gateway timeout'}
[2025-05-31T17:52:38.284+0000] {subprocess.py:93} INFO - Sending log: {'timestamp': '2025-05-31 17:52:38', 'level': 'ERROR', 'message': 'Database connection failed'}
[2025-05-31T17:52:40.285+0000] {subprocess.py:93} INFO - Sending log: {'timestamp': '2025-05-31 17:52:40', 'level': 'WARNING', 'message': 'Slow response time'}
[2025-05-31T17:52:42.286+0000] {subprocess.py:93} INFO - Sending log: {'timestamp': '2025-05-31 17:52:42', 'level': 'INFO', 'message': 'Page loaded'}
[2025-05-31T17:52:44.286+0000] {subprocess.py:93} INFO - Sending log: {'timestamp': '2025-05-31 17:52:44', 'level': 'WARNING', 'message': 'Slow response time'}
[2025-05-31T17:52:46.287+0000] {subprocess.py:93} INFO - Sending log: {'timestamp': '2025-05-31 17:52:46', 'level': 'WARNING', 'message': 'High memory usage'}
[2025-05-31T17:52:48.287+0000] {subprocess.py:93} INFO - Sending log: {'timestamp': '2025-05-31 17:52:48', 'level': 'INFO', 'message': 'User logged in'}
[2025-05-31T17:52:50.288+0000] {subprocess.py:93} INFO - Sending log: {'timestamp': '2025-05-31 17:52:50', 'level': 'INFO', 'message': 'User logged in'}
[2025-05-31T17:52:52.288+0000] {subprocess.py:93} INFO - Sending log: {'timestamp': '2025-05-31 17:52:52', 'level': 'INFO', 'message': 'Page loaded'}
[2025-05-31T17:52:54.289+0000] {subprocess.py:93} INFO - Sending log: {'timestamp': '2025-05-31 17:52:54', 'level': 'INFO', 'message': 'Page loaded'}
[2025-05-31T17:52:55.716+0000] {local_task_job_runner.py:127} ERROR - Received SIGTERM. Terminating subprocesses
[2025-05-31T17:52:58.918+0000] {process_utils.py:132} INFO - Sending 15 to group 1075. PIDs of all processes in the group: [1079, 1075]
[2025-05-31T17:53:01.614+0000] {subprocess.py:93} INFO - Sending log: {'timestamp': '2025-05-31 17:53:00', 'level': 'ERROR', 'message': 'Payment gateway timeout'}
[2025-05-31T17:53:02.999+0000] {subprocess.py:93} INFO - Sending log: {'timestamp': '2025-05-31 17:53:02', 'level': 'WARNING', 'message': 'High memory usage'}
[2025-05-31T17:53:02.395+0000] {process_utils.py:87} INFO - Sending the signal 15 to group 1075
[2025-05-31T17:53:06.685+0000] {taskinstance.py:3092} ERROR - Received SIGTERM. Terminating subprocesses.
[2025-05-31T17:53:11.217+0000] {subprocess.py:104} INFO - Sending SIGTERM signal to process group
