[2025-05-27T13:50:18.577+0000] {local_task_job_runner.py:123} INFO - ::group::Pre task execution logs
[2025-05-27T13:50:18.704+0000] {taskinstance.py:2612} INFO - Dependencies all met for dep_context=non-requeueable deps ti=<TaskInstance: log_monitoring_dag.start_log_producer manual__2025-05-27T13:50:08.941959+00:00 [queued]>
[2025-05-27T13:50:18.744+0000] {taskinstance.py:2612} INFO - Dependencies all met for dep_context=requeueable deps ti=<TaskInstance: log_monitoring_dag.start_log_producer manual__2025-05-27T13:50:08.941959+00:00 [queued]>
[2025-05-27T13:50:18.744+0000] {taskinstance.py:2865} INFO - Starting attempt 1 of 2
[2025-05-27T13:50:18.791+0000] {taskinstance.py:2888} INFO - Executing <Task(BashOperator): start_log_producer> on 2025-05-27 13:50:08.941959+00:00
[2025-05-27T13:50:18.824+0000] {logging_mixin.py:190} WARNING - /home/***/.local/lib/python3.12/site-packages/***/task/task_runner/standard_task_runner.py:70 DeprecationWarning: This process (pid=182) is multi-threaded, use of fork() may lead to deadlocks in the child.
[2025-05-27T13:50:18.830+0000] {standard_task_runner.py:72} INFO - Started process 188 to run task
[2025-05-27T13:50:18.828+0000] {standard_task_runner.py:104} INFO - Running: ['***', 'tasks', 'run', 'log_monitoring_dag', 'start_log_producer', 'manual__2025-05-27T13:50:08.941959+00:00', '--job-id', '81', '--raw', '--subdir', 'DAGS_FOLDER/log_monitoring_dag.py', '--cfg-path', '/tmp/tmpzv_zssal']
[2025-05-27T13:50:18.839+0000] {standard_task_runner.py:105} INFO - Job 81: Subtask start_log_producer
[2025-05-27T13:50:18.966+0000] {logging_mixin.py:190} WARNING - /home/***/.local/lib/python3.12/site-packages/***/settings.py:209 DeprecationWarning: The sql_alchemy_conn option in [core] has been moved to the sql_alchemy_conn option in [database] - the old setting has been used, but please update your config.
[2025-05-27T13:50:19.243+0000] {task_command.py:467} INFO - Running <TaskInstance: log_monitoring_dag.start_log_producer manual__2025-05-27T13:50:08.941959+00:00 [running]> on host 1d31c4e9dbe9
[2025-05-27T13:50:20.195+0000] {taskinstance.py:3131} INFO - Exporting env vars: AIRFLOW_CTX_DAG_OWNER='***' AIRFLOW_CTX_DAG_ID='log_monitoring_dag' AIRFLOW_CTX_TASK_ID='start_log_producer' AIRFLOW_CTX_EXECUTION_DATE='2025-05-27T13:50:08.941959+00:00' AIRFLOW_CTX_TRY_NUMBER='1' AIRFLOW_CTX_DAG_RUN_ID='manual__2025-05-27T13:50:08.941959+00:00'
[2025-05-27T13:50:20.198+0000] {taskinstance.py:731} INFO - ::endgroup::
[2025-05-27T13:50:20.304+0000] {subprocess.py:63} INFO - Tmp dir root location: /tmp
[2025-05-27T13:50:20.309+0000] {subprocess.py:75} INFO - Running command: ['/usr/bin/bash', '-c', 'cd /opt/***/app && python log_producer.py']
[2025-05-27T13:50:20.328+0000] {subprocess.py:86} INFO - Output:
[2025-05-27T13:53:04.466+0000] {subprocess.py:93} INFO - Sending log: {'timestamp': '2025-05-27 13:50:23', 'level': 'WARNING', 'message': 'High memory usage'}
[2025-05-27T13:53:04.690+0000] {subprocess.py:93} INFO - Sending log: {'timestamp': '2025-05-27 13:50:26', 'level': 'WARNING', 'message': 'High memory usage'}
[2025-05-27T13:53:04.711+0000] {subprocess.py:93} INFO - Sending log: {'timestamp': '2025-05-27 13:50:28', 'level': 'WARNING', 'message': 'Slow response time'}
[2025-05-27T13:53:04.713+0000] {subprocess.py:93} INFO - Sending log: {'timestamp': '2025-05-27 13:50:30', 'level': 'INFO', 'message': 'User logged in'}
[2025-05-27T13:53:04.723+0000] {subprocess.py:93} INFO - Sending log: {'timestamp': '2025-05-27 13:50:32', 'level': 'ERROR', 'message': 'Payment gateway timeout'}
[2025-05-27T13:53:04.729+0000] {subprocess.py:93} INFO - Sending log: {'timestamp': '2025-05-27 13:50:34', 'level': 'WARNING', 'message': 'High memory usage'}
[2025-05-27T13:53:04.736+0000] {subprocess.py:93} INFO - Sending log: {'timestamp': '2025-05-27 13:50:36', 'level': 'INFO', 'message': 'Page loaded'}
[2025-05-27T13:53:04.737+0000] {subprocess.py:93} INFO - Sending log: {'timestamp': '2025-05-27 13:50:38', 'level': 'ERROR', 'message': 'Database connection failed'}
[2025-05-27T13:53:04.745+0000] {subprocess.py:93} INFO - Sending log: {'timestamp': '2025-05-27 13:50:40', 'level': 'ERROR', 'message': 'Database connection failed'}
[2025-05-27T13:53:04.749+0000] {subprocess.py:93} INFO - Sending log: {'timestamp': '2025-05-27 13:50:42', 'level': 'ERROR', 'message': 'Payment gateway timeout'}
[2025-05-27T13:53:04.750+0000] {subprocess.py:93} INFO - Sending log: {'timestamp': '2025-05-27 13:50:44', 'level': 'INFO', 'message': 'Page loaded'}
[2025-05-27T13:53:04.761+0000] {subprocess.py:93} INFO - Sending log: {'timestamp': '2025-05-27 13:50:46', 'level': 'INFO', 'message': 'Search executed'}
[2025-05-27T13:53:04.762+0000] {subprocess.py:93} INFO - Sending log: {'timestamp': '2025-05-27 13:50:48', 'level': 'ERROR', 'message': 'Database connection failed'}
[2025-05-27T13:53:04.766+0000] {subprocess.py:93} INFO - Sending log: {'timestamp': '2025-05-27 13:50:50', 'level': 'WARNING', 'message': 'High memory usage'}
[2025-05-27T13:53:04.767+0000] {subprocess.py:93} INFO - Sending log: {'timestamp': '2025-05-27 13:50:52', 'level': 'INFO', 'message': 'Search executed'}
[2025-05-27T13:53:04.767+0000] {subprocess.py:93} INFO - Sending log: {'timestamp': '2025-05-27 13:50:54', 'level': 'WARNING', 'message': 'High memory usage'}
[2025-05-27T13:53:04.771+0000] {subprocess.py:93} INFO - Sending log: {'timestamp': '2025-05-27 13:50:56', 'level': 'INFO', 'message': 'User logged in'}
[2025-05-27T13:53:04.775+0000] {subprocess.py:93} INFO - Sending log: {'timestamp': '2025-05-27 13:50:58', 'level': 'ERROR', 'message': 'Payment gateway timeout'}
[2025-05-27T13:53:04.775+0000] {subprocess.py:93} INFO - Sending log: {'timestamp': '2025-05-27 13:51:00', 'level': 'INFO', 'message': 'User logged in'}
[2025-05-27T13:53:04.776+0000] {subprocess.py:93} INFO - Sending log: {'timestamp': '2025-05-27 13:51:02', 'level': 'ERROR', 'message': 'Payment gateway timeout'}
[2025-05-27T13:53:04.776+0000] {subprocess.py:93} INFO - Sending log: {'timestamp': '2025-05-27 13:51:04', 'level': 'WARNING', 'message': 'High memory usage'}
[2025-05-27T13:53:04.779+0000] {subprocess.py:93} INFO - Sending log: {'timestamp': '2025-05-27 13:51:06', 'level': 'INFO', 'message': 'Search executed'}
[2025-05-27T13:53:04.780+0000] {subprocess.py:93} INFO - Sending log: {'timestamp': '2025-05-27 13:51:08', 'level': 'ERROR', 'message': 'Database connection failed'}
[2025-05-27T13:53:04.780+0000] {subprocess.py:93} INFO - Sending log: {'timestamp': '2025-05-27 13:51:10', 'level': 'ERROR', 'message': 'Payment gateway timeout'}
[2025-05-27T13:53:04.781+0000] {subprocess.py:93} INFO - Sending log: {'timestamp': '2025-05-27 13:51:12', 'level': 'ERROR', 'message': 'Database connection failed'}
[2025-05-27T13:53:04.781+0000] {subprocess.py:93} INFO - Sending log: {'timestamp': '2025-05-27 13:51:14', 'level': 'WARNING', 'message': 'High memory usage'}
[2025-05-27T13:53:04.781+0000] {subprocess.py:93} INFO - Sending log: {'timestamp': '2025-05-27 13:51:16', 'level': 'ERROR', 'message': 'Database connection failed'}
[2025-05-27T13:53:04.782+0000] {subprocess.py:93} INFO - Sending log: {'timestamp': '2025-05-27 13:51:18', 'level': 'WARNING', 'message': 'High memory usage'}
[2025-05-27T13:53:04.782+0000] {subprocess.py:93} INFO - Sending log: {'timestamp': '2025-05-27 13:51:20', 'level': 'ERROR', 'message': 'Payment gateway timeout'}
[2025-05-27T13:53:04.783+0000] {subprocess.py:93} INFO - Sending log: {'timestamp': '2025-05-27 13:51:22', 'level': 'WARNING', 'message': 'High memory usage'}
[2025-05-27T13:53:04.783+0000] {subprocess.py:93} INFO - Sending log: {'timestamp': '2025-05-27 13:51:24', 'level': 'WARNING', 'message': 'Slow response time'}
[2025-05-27T13:53:04.784+0000] {subprocess.py:93} INFO - Sending log: {'timestamp': '2025-05-27 13:51:26', 'level': 'ERROR', 'message': 'Payment gateway timeout'}
[2025-05-27T13:53:04.793+0000] {subprocess.py:93} INFO - Sending log: {'timestamp': '2025-05-27 13:51:28', 'level': 'WARNING', 'message': 'High memory usage'}
[2025-05-27T13:53:04.796+0000] {subprocess.py:93} INFO - Sending log: {'timestamp': '2025-05-27 13:51:30', 'level': 'INFO', 'message': 'Page loaded'}
[2025-05-27T13:53:04.801+0000] {subprocess.py:93} INFO - Sending log: {'timestamp': '2025-05-27 13:51:32', 'level': 'ERROR', 'message': 'Database connection failed'}
[2025-05-27T13:53:04.802+0000] {subprocess.py:93} INFO - Sending log: {'timestamp': '2025-05-27 13:51:34', 'level': 'ERROR', 'message': 'Database connection failed'}
[2025-05-27T13:53:04.803+0000] {subprocess.py:93} INFO - Sending log: {'timestamp': '2025-05-27 13:51:36', 'level': 'ERROR', 'message': 'Payment gateway timeout'}
[2025-05-27T13:53:04.807+0000] {subprocess.py:93} INFO - Sending log: {'timestamp': '2025-05-27 13:51:38', 'level': 'WARNING', 'message': 'Slow response time'}
[2025-05-27T13:53:04.808+0000] {subprocess.py:93} INFO - Sending log: {'timestamp': '2025-05-27 13:51:40', 'level': 'ERROR', 'message': 'Payment gateway timeout'}
[2025-05-27T13:53:04.811+0000] {subprocess.py:93} INFO - Sending log: {'timestamp': '2025-05-27 13:51:42', 'level': 'ERROR', 'message': 'Payment gateway timeout'}
[2025-05-27T13:53:04.812+0000] {subprocess.py:93} INFO - Sending log: {'timestamp': '2025-05-27 13:51:44', 'level': 'INFO', 'message': 'Search executed'}
[2025-05-27T13:53:04.812+0000] {subprocess.py:93} INFO - Sending log: {'timestamp': '2025-05-27 13:51:46', 'level': 'INFO', 'message': 'User logged in'}
[2025-05-27T13:53:04.813+0000] {subprocess.py:93} INFO - Sending log: {'timestamp': '2025-05-27 13:51:48', 'level': 'INFO', 'message': 'User logged in'}
[2025-05-27T13:53:04.816+0000] {subprocess.py:93} INFO - Sending log: {'timestamp': '2025-05-27 13:51:50', 'level': 'ERROR', 'message': 'Payment gateway timeout'}
[2025-05-27T13:53:04.817+0000] {subprocess.py:93} INFO - Sending log: {'timestamp': '2025-05-27 13:51:52', 'level': 'INFO', 'message': 'Page loaded'}
[2025-05-27T13:53:04.822+0000] {subprocess.py:93} INFO - Sending log: {'timestamp': '2025-05-27 13:51:54', 'level': 'WARNING', 'message': 'Slow response time'}
[2025-05-27T13:53:04.822+0000] {subprocess.py:93} INFO - Sending log: {'timestamp': '2025-05-27 13:51:56', 'level': 'INFO', 'message': 'User logged in'}
[2025-05-27T13:53:04.830+0000] {subprocess.py:93} INFO - Sending log: {'timestamp': '2025-05-27 13:51:58', 'level': 'INFO', 'message': 'User logged in'}
[2025-05-27T13:53:04.834+0000] {subprocess.py:93} INFO - Sending log: {'timestamp': '2025-05-27 13:52:00', 'level': 'WARNING', 'message': 'High memory usage'}
[2025-05-27T13:53:04.835+0000] {subprocess.py:93} INFO - Sending log: {'timestamp': '2025-05-27 13:52:02', 'level': 'WARNING', 'message': 'Slow response time'}
[2025-05-27T13:53:04.835+0000] {subprocess.py:93} INFO - Sending log: {'timestamp': '2025-05-27 13:52:04', 'level': 'ERROR', 'message': 'Payment gateway timeout'}
[2025-05-27T13:53:04.836+0000] {subprocess.py:93} INFO - Sending log: {'timestamp': '2025-05-27 13:52:06', 'level': 'ERROR', 'message': 'Database connection failed'}
[2025-05-27T13:53:04.836+0000] {subprocess.py:93} INFO - Sending log: {'timestamp': '2025-05-27 13:52:08', 'level': 'WARNING', 'message': 'High memory usage'}
[2025-05-27T13:53:04.837+0000] {subprocess.py:93} INFO - Sending log: {'timestamp': '2025-05-27 13:52:10', 'level': 'INFO', 'message': 'Search executed'}
[2025-05-27T13:53:04.838+0000] {subprocess.py:93} INFO - Sending log: {'timestamp': '2025-05-27 13:52:12', 'level': 'WARNING', 'message': 'High memory usage'}
[2025-05-27T13:53:04.838+0000] {subprocess.py:93} INFO - Sending log: {'timestamp': '2025-05-27 13:52:14', 'level': 'ERROR', 'message': 'Database connection failed'}
[2025-05-27T13:53:04.838+0000] {subprocess.py:93} INFO - Sending log: {'timestamp': '2025-05-27 13:52:16', 'level': 'WARNING', 'message': 'High memory usage'}
[2025-05-27T13:53:04.839+0000] {subprocess.py:93} INFO - Sending log: {'timestamp': '2025-05-27 13:52:18', 'level': 'INFO', 'message': 'Search executed'}
[2025-05-27T13:53:04.839+0000] {subprocess.py:93} INFO - Sending log: {'timestamp': '2025-05-27 13:52:20', 'level': 'WARNING', 'message': 'High memory usage'}
[2025-05-27T13:53:04.839+0000] {subprocess.py:93} INFO - Sending log: {'timestamp': '2025-05-27 13:52:22', 'level': 'ERROR', 'message': 'Payment gateway timeout'}
[2025-05-27T13:53:04.840+0000] {subprocess.py:93} INFO - Sending log: {'timestamp': '2025-05-27 13:52:24', 'level': 'WARNING', 'message': 'High memory usage'}
[2025-05-27T13:53:04.840+0000] {subprocess.py:93} INFO - Sending log: {'timestamp': '2025-05-27 13:52:26', 'level': 'INFO', 'message': 'Page loaded'}
[2025-05-27T13:53:04.840+0000] {subprocess.py:93} INFO - Sending log: {'timestamp': '2025-05-27 13:52:28', 'level': 'WARNING', 'message': 'High memory usage'}
[2025-05-27T13:53:04.841+0000] {subprocess.py:93} INFO - Sending log: {'timestamp': '2025-05-27 13:52:30', 'level': 'INFO', 'message': 'Search executed'}
[2025-05-27T13:53:04.841+0000] {subprocess.py:93} INFO - Sending log: {'timestamp': '2025-05-27 13:52:32', 'level': 'INFO', 'message': 'Page loaded'}
[2025-05-27T13:53:04.841+0000] {subprocess.py:93} INFO - Sending log: {'timestamp': '2025-05-27 13:52:34', 'level': 'ERROR', 'message': 'Database connection failed'}
[2025-05-27T13:53:04.842+0000] {subprocess.py:93} INFO - Sending log: {'timestamp': '2025-05-27 13:52:36', 'level': 'ERROR', 'message': 'Payment gateway timeout'}
[2025-05-27T13:53:04.842+0000] {subprocess.py:93} INFO - Sending log: {'timestamp': '2025-05-27 13:52:38', 'level': 'ERROR', 'message': 'Payment gateway timeout'}
[2025-05-27T13:53:04.842+0000] {subprocess.py:93} INFO - Sending log: {'timestamp': '2025-05-27 13:52:40', 'level': 'INFO', 'message': 'Search executed'}
[2025-05-27T13:53:04.843+0000] {subprocess.py:93} INFO - Sending log: {'timestamp': '2025-05-27 13:52:42', 'level': 'INFO', 'message': 'User logged in'}
[2025-05-27T13:53:04.843+0000] {subprocess.py:93} INFO - Sending log: {'timestamp': '2025-05-27 13:52:44', 'level': 'INFO', 'message': 'Search executed'}
[2025-05-27T13:53:04.844+0000] {subprocess.py:93} INFO - Sending log: {'timestamp': '2025-05-27 13:52:46', 'level': 'ERROR', 'message': 'Database connection failed'}
[2025-05-27T13:53:04.844+0000] {subprocess.py:93} INFO - Sending log: {'timestamp': '2025-05-27 13:52:48', 'level': 'INFO', 'message': 'Search executed'}
[2025-05-27T13:53:04.844+0000] {subprocess.py:93} INFO - Sending log: {'timestamp': '2025-05-27 13:52:50', 'level': 'WARNING', 'message': 'Slow response time'}
[2025-05-27T13:53:04.845+0000] {subprocess.py:93} INFO - Sending log: {'timestamp': '2025-05-27 13:52:52', 'level': 'ERROR', 'message': 'Payment gateway timeout'}
[2025-05-27T13:53:04.846+0000] {subprocess.py:93} INFO - Sending log: {'timestamp': '2025-05-27 13:52:54', 'level': 'ERROR', 'message': 'Payment gateway timeout'}
[2025-05-27T13:53:04.851+0000] {subprocess.py:93} INFO - Sending log: {'timestamp': '2025-05-27 13:52:56', 'level': 'INFO', 'message': 'Search executed'}
[2025-05-27T13:53:04.851+0000] {subprocess.py:93} INFO - Sending log: {'timestamp': '2025-05-27 13:52:58', 'level': 'ERROR', 'message': 'Payment gateway timeout'}
[2025-05-27T13:53:04.852+0000] {subprocess.py:93} INFO - Sending log: {'timestamp': '2025-05-27 13:53:00', 'level': 'ERROR', 'message': 'Payment gateway timeout'}
[2025-05-27T13:53:04.854+0000] {subprocess.py:93} INFO - Sending log: {'timestamp': '2025-05-27 13:53:02', 'level': 'ERROR', 'message': 'Database connection failed'}
[2025-05-27T13:55:46.386+0000] {subprocess.py:93} INFO - Sending log: {'timestamp': '2025-05-27 13:53:04', 'level': 'WARNING', 'message': 'Slow response time'}
[2025-05-27T13:55:46.405+0000] {subprocess.py:93} INFO - Sending log: {'timestamp': '2025-05-27 13:53:06', 'level': 'INFO', 'message': 'Page loaded'}
[2025-05-27T13:55:46.406+0000] {subprocess.py:93} INFO - Sending log: {'timestamp': '2025-05-27 13:53:08', 'level': 'ERROR', 'message': 'Payment gateway timeout'}
[2025-05-27T13:55:46.406+0000] {subprocess.py:93} INFO - Sending log: {'timestamp': '2025-05-27 13:53:10', 'level': 'INFO', 'message': 'Search executed'}
[2025-05-27T13:55:46.407+0000] {subprocess.py:93} INFO - Sending log: {'timestamp': '2025-05-27 13:53:12', 'level': 'INFO', 'message': 'Page loaded'}
[2025-05-27T13:55:46.408+0000] {subprocess.py:93} INFO - Sending log: {'timestamp': '2025-05-27 13:53:14', 'level': 'INFO', 'message': 'User logged in'}
[2025-05-27T13:55:46.408+0000] {subprocess.py:93} INFO - Sending log: {'timestamp': '2025-05-27 13:53:16', 'level': 'ERROR', 'message': 'Database connection failed'}
[2025-05-27T13:55:46.409+0000] {subprocess.py:93} INFO - Sending log: {'timestamp': '2025-05-27 13:53:18', 'level': 'WARNING', 'message': 'High memory usage'}
[2025-05-27T13:55:46.409+0000] {subprocess.py:93} INFO - Sending log: {'timestamp': '2025-05-27 13:53:20', 'level': 'INFO', 'message': 'Page loaded'}
[2025-05-27T13:55:46.410+0000] {subprocess.py:93} INFO - Sending log: {'timestamp': '2025-05-27 13:53:22', 'level': 'ERROR', 'message': 'Database connection failed'}
[2025-05-27T13:55:46.410+0000] {subprocess.py:93} INFO - Sending log: {'timestamp': '2025-05-27 13:53:24', 'level': 'INFO', 'message': 'Page loaded'}
[2025-05-27T13:55:46.410+0000] {subprocess.py:93} INFO - Sending log: {'timestamp': '2025-05-27 13:53:26', 'level': 'ERROR', 'message': 'Database connection failed'}
[2025-05-27T13:55:46.411+0000] {subprocess.py:93} INFO - Sending log: {'timestamp': '2025-05-27 13:53:28', 'level': 'ERROR', 'message': 'Database connection failed'}
[2025-05-27T13:55:46.411+0000] {subprocess.py:93} INFO - Sending log: {'timestamp': '2025-05-27 13:53:30', 'level': 'WARNING', 'message': 'High memory usage'}
[2025-05-27T13:55:46.412+0000] {subprocess.py:93} INFO - Sending log: {'timestamp': '2025-05-27 13:53:32', 'level': 'WARNING', 'message': 'Slow response time'}
[2025-05-27T13:55:46.412+0000] {subprocess.py:93} INFO - Sending log: {'timestamp': '2025-05-27 13:53:34', 'level': 'WARNING', 'message': 'High memory usage'}
[2025-05-27T13:55:46.412+0000] {subprocess.py:93} INFO - Sending log: {'timestamp': '2025-05-27 13:53:36', 'level': 'WARNING', 'message': 'High memory usage'}
[2025-05-27T13:55:46.413+0000] {subprocess.py:93} INFO - Sending log: {'timestamp': '2025-05-27 13:53:38', 'level': 'INFO', 'message': 'Page loaded'}
[2025-05-27T13:55:46.413+0000] {subprocess.py:93} INFO - Sending log: {'timestamp': '2025-05-27 13:53:40', 'level': 'WARNING', 'message': 'High memory usage'}
[2025-05-27T13:55:46.413+0000] {subprocess.py:93} INFO - Sending log: {'timestamp': '2025-05-27 13:53:42', 'level': 'ERROR', 'message': 'Payment gateway timeout'}
[2025-05-27T13:55:46.414+0000] {subprocess.py:93} INFO - Sending log: {'timestamp': '2025-05-27 13:53:44', 'level': 'INFO', 'message': 'User logged in'}
[2025-05-27T13:55:46.414+0000] {subprocess.py:93} INFO - Sending log: {'timestamp': '2025-05-27 13:53:46', 'level': 'ERROR', 'message': 'Database connection failed'}
[2025-05-27T13:55:46.414+0000] {subprocess.py:93} INFO - Sending log: {'timestamp': '2025-05-27 13:53:48', 'level': 'WARNING', 'message': 'High memory usage'}
[2025-05-27T13:55:46.414+0000] {subprocess.py:93} INFO - Sending log: {'timestamp': '2025-05-27 13:53:50', 'level': 'INFO', 'message': 'Search executed'}
[2025-05-27T13:55:46.415+0000] {subprocess.py:93} INFO - Sending log: {'timestamp': '2025-05-27 13:53:52', 'level': 'WARNING', 'message': 'High memory usage'}
[2025-05-27T13:55:46.415+0000] {subprocess.py:93} INFO - Sending log: {'timestamp': '2025-05-27 13:53:54', 'level': 'ERROR', 'message': 'Database connection failed'}
[2025-05-27T13:55:46.415+0000] {subprocess.py:93} INFO - Sending log: {'timestamp': '2025-05-27 13:53:56', 'level': 'WARNING', 'message': 'High memory usage'}
[2025-05-27T13:55:46.416+0000] {subprocess.py:93} INFO - Sending log: {'timestamp': '2025-05-27 13:53:58', 'level': 'WARNING', 'message': 'High memory usage'}
[2025-05-27T13:55:46.416+0000] {subprocess.py:93} INFO - Sending log: {'timestamp': '2025-05-27 13:54:00', 'level': 'WARNING', 'message': 'Slow response time'}
[2025-05-27T13:55:46.416+0000] {subprocess.py:93} INFO - Sending log: {'timestamp': '2025-05-27 13:54:02', 'level': 'INFO', 'message': 'Page loaded'}
[2025-05-27T13:55:46.417+0000] {subprocess.py:93} INFO - Sending log: {'timestamp': '2025-05-27 13:54:04', 'level': 'WARNING', 'message': 'Slow response time'}
[2025-05-27T13:55:46.417+0000] {subprocess.py:93} INFO - Sending log: {'timestamp': '2025-05-27 13:54:06', 'level': 'WARNING', 'message': 'High memory usage'}
[2025-05-27T13:55:46.417+0000] {subprocess.py:93} INFO - Sending log: {'timestamp': '2025-05-27 13:54:08', 'level': 'WARNING', 'message': 'Slow response time'}
[2025-05-27T13:55:46.418+0000] {subprocess.py:93} INFO - Sending log: {'timestamp': '2025-05-27 13:54:10', 'level': 'WARNING', 'message': 'Slow response time'}
[2025-05-27T13:55:46.418+0000] {subprocess.py:93} INFO - Sending log: {'timestamp': '2025-05-27 13:54:12', 'level': 'WARNING', 'message': 'Slow response time'}
[2025-05-27T13:55:46.419+0000] {subprocess.py:93} INFO - Sending log: {'timestamp': '2025-05-27 13:54:14', 'level': 'INFO', 'message': 'User logged in'}
[2025-05-27T13:55:46.419+0000] {subprocess.py:93} INFO - Sending log: {'timestamp': '2025-05-27 13:54:16', 'level': 'INFO', 'message': 'Search executed'}
[2025-05-27T13:55:46.419+0000] {subprocess.py:93} INFO - Sending log: {'timestamp': '2025-05-27 13:54:18', 'level': 'INFO', 'message': 'User logged in'}
[2025-05-27T13:55:46.419+0000] {subprocess.py:93} INFO - Sending log: {'timestamp': '2025-05-27 13:54:20', 'level': 'WARNING', 'message': 'Slow response time'}
[2025-05-27T13:55:46.420+0000] {subprocess.py:93} INFO - Sending log: {'timestamp': '2025-05-27 13:54:22', 'level': 'ERROR', 'message': 'Database connection failed'}
[2025-05-27T13:55:46.420+0000] {subprocess.py:93} INFO - Sending log: {'timestamp': '2025-05-27 13:54:24', 'level': 'INFO', 'message': 'Search executed'}
[2025-05-27T13:55:46.420+0000] {subprocess.py:93} INFO - Sending log: {'timestamp': '2025-05-27 13:54:26', 'level': 'ERROR', 'message': 'Payment gateway timeout'}
[2025-05-27T13:55:46.421+0000] {subprocess.py:93} INFO - Sending log: {'timestamp': '2025-05-27 13:54:28', 'level': 'ERROR', 'message': 'Payment gateway timeout'}
[2025-05-27T13:55:46.421+0000] {subprocess.py:93} INFO - Sending log: {'timestamp': '2025-05-27 13:54:30', 'level': 'INFO', 'message': 'Page loaded'}
[2025-05-27T13:55:46.421+0000] {subprocess.py:93} INFO - Sending log: {'timestamp': '2025-05-27 13:54:32', 'level': 'INFO', 'message': 'Page loaded'}
[2025-05-27T13:55:46.421+0000] {subprocess.py:93} INFO - Sending log: {'timestamp': '2025-05-27 13:54:34', 'level': 'ERROR', 'message': 'Database connection failed'}
[2025-05-27T13:55:46.422+0000] {subprocess.py:93} INFO - Sending log: {'timestamp': '2025-05-27 13:54:36', 'level': 'INFO', 'message': 'Page loaded'}
[2025-05-27T13:55:46.422+0000] {subprocess.py:93} INFO - Sending log: {'timestamp': '2025-05-27 13:54:38', 'level': 'INFO', 'message': 'Page loaded'}
[2025-05-27T13:55:46.422+0000] {subprocess.py:93} INFO - Sending log: {'timestamp': '2025-05-27 13:54:40', 'level': 'INFO', 'message': 'Page loaded'}
[2025-05-27T13:55:46.423+0000] {subprocess.py:93} INFO - Sending log: {'timestamp': '2025-05-27 13:54:42', 'level': 'INFO', 'message': 'Page loaded'}
[2025-05-27T13:55:46.423+0000] {subprocess.py:93} INFO - Sending log: {'timestamp': '2025-05-27 13:54:44', 'level': 'INFO', 'message': 'Search executed'}
[2025-05-27T13:55:46.423+0000] {subprocess.py:93} INFO - Sending log: {'timestamp': '2025-05-27 13:54:46', 'level': 'WARNING', 'message': 'Slow response time'}
[2025-05-27T13:55:46.423+0000] {subprocess.py:93} INFO - Sending log: {'timestamp': '2025-05-27 13:54:48', 'level': 'WARNING', 'message': 'High memory usage'}
[2025-05-27T13:55:46.424+0000] {subprocess.py:93} INFO - Sending log: {'timestamp': '2025-05-27 13:54:50', 'level': 'ERROR', 'message': 'Payment gateway timeout'}
[2025-05-27T13:55:46.424+0000] {subprocess.py:93} INFO - Sending log: {'timestamp': '2025-05-27 13:54:52', 'level': 'WARNING', 'message': 'High memory usage'}
[2025-05-27T13:55:46.424+0000] {subprocess.py:93} INFO - Sending log: {'timestamp': '2025-05-27 13:54:54', 'level': 'INFO', 'message': 'Search executed'}
[2025-05-27T13:55:46.425+0000] {subprocess.py:93} INFO - Sending log: {'timestamp': '2025-05-27 13:54:56', 'level': 'ERROR', 'message': 'Payment gateway timeout'}
[2025-05-27T13:55:46.425+0000] {subprocess.py:93} INFO - Sending log: {'timestamp': '2025-05-27 13:54:58', 'level': 'ERROR', 'message': 'Payment gateway timeout'}
[2025-05-27T13:55:46.425+0000] {subprocess.py:93} INFO - Sending log: {'timestamp': '2025-05-27 13:55:00', 'level': 'WARNING', 'message': 'Slow response time'}
[2025-05-27T13:55:46.425+0000] {subprocess.py:93} INFO - Sending log: {'timestamp': '2025-05-27 13:55:02', 'level': 'ERROR', 'message': 'Database connection failed'}
[2025-05-27T13:55:46.426+0000] {subprocess.py:93} INFO - Sending log: {'timestamp': '2025-05-27 13:55:04', 'level': 'ERROR', 'message': 'Payment gateway timeout'}
[2025-05-27T13:55:46.426+0000] {subprocess.py:93} INFO - Sending log: {'timestamp': '2025-05-27 13:55:06', 'level': 'WARNING', 'message': 'High memory usage'}
[2025-05-27T13:55:46.426+0000] {subprocess.py:93} INFO - Sending log: {'timestamp': '2025-05-27 13:55:08', 'level': 'ERROR', 'message': 'Payment gateway timeout'}
[2025-05-27T13:55:46.426+0000] {subprocess.py:93} INFO - Sending log: {'timestamp': '2025-05-27 13:55:10', 'level': 'ERROR', 'message': 'Database connection failed'}
[2025-05-27T13:55:46.427+0000] {subprocess.py:93} INFO - Sending log: {'timestamp': '2025-05-27 13:55:12', 'level': 'ERROR', 'message': 'Payment gateway timeout'}
[2025-05-27T13:55:46.427+0000] {subprocess.py:93} INFO - Sending log: {'timestamp': '2025-05-27 13:55:14', 'level': 'INFO', 'message': 'Search executed'}
[2025-05-27T13:55:46.427+0000] {subprocess.py:93} INFO - Sending log: {'timestamp': '2025-05-27 13:55:16', 'level': 'WARNING', 'message': 'High memory usage'}
[2025-05-27T13:55:46.428+0000] {subprocess.py:93} INFO - Sending log: {'timestamp': '2025-05-27 13:55:18', 'level': 'INFO', 'message': 'Page loaded'}
[2025-05-27T13:55:46.428+0000] {subprocess.py:93} INFO - Sending log: {'timestamp': '2025-05-27 13:55:20', 'level': 'WARNING', 'message': 'Slow response time'}
[2025-05-27T13:55:46.428+0000] {subprocess.py:93} INFO - Sending log: {'timestamp': '2025-05-27 13:55:22', 'level': 'ERROR', 'message': 'Payment gateway timeout'}
[2025-05-27T13:55:46.429+0000] {subprocess.py:93} INFO - Sending log: {'timestamp': '2025-05-27 13:55:24', 'level': 'WARNING', 'message': 'High memory usage'}
[2025-05-27T13:55:46.429+0000] {subprocess.py:93} INFO - Sending log: {'timestamp': '2025-05-27 13:55:26', 'level': 'INFO', 'message': 'Search executed'}
[2025-05-27T13:55:46.429+0000] {subprocess.py:93} INFO - Sending log: {'timestamp': '2025-05-27 13:55:28', 'level': 'ERROR', 'message': 'Database connection failed'}
[2025-05-27T13:55:46.430+0000] {subprocess.py:93} INFO - Sending log: {'timestamp': '2025-05-27 13:55:30', 'level': 'ERROR', 'message': 'Payment gateway timeout'}
[2025-05-27T13:55:46.430+0000] {subprocess.py:93} INFO - Sending log: {'timestamp': '2025-05-27 13:55:32', 'level': 'WARNING', 'message': 'Slow response time'}
[2025-05-27T13:55:46.430+0000] {subprocess.py:93} INFO - Sending log: {'timestamp': '2025-05-27 13:55:34', 'level': 'INFO', 'message': 'Search executed'}
[2025-05-27T13:55:46.431+0000] {subprocess.py:93} INFO - Sending log: {'timestamp': '2025-05-27 13:55:36', 'level': 'WARNING', 'message': 'Slow response time'}
[2025-05-27T13:55:46.431+0000] {subprocess.py:93} INFO - Sending log: {'timestamp': '2025-05-27 13:55:38', 'level': 'INFO', 'message': 'Page loaded'}
[2025-05-27T13:55:46.431+0000] {subprocess.py:93} INFO - Sending log: {'timestamp': '2025-05-27 13:55:40', 'level': 'WARNING', 'message': 'High memory usage'}
[2025-05-27T13:55:46.432+0000] {subprocess.py:93} INFO - Sending log: {'timestamp': '2025-05-27 13:55:42', 'level': 'WARNING', 'message': 'Slow response time'}
[2025-05-27T13:55:46.432+0000] {subprocess.py:93} INFO - Sending log: {'timestamp': '2025-05-27 13:55:44', 'level': 'ERROR', 'message': 'Database connection failed'}
[2025-05-27T13:58:28.441+0000] {subprocess.py:93} INFO - Sending log: {'timestamp': '2025-05-27 13:55:46', 'level': 'WARNING', 'message': 'High memory usage'}
[2025-05-27T13:58:28.482+0000] {subprocess.py:93} INFO - Sending log: {'timestamp': '2025-05-27 13:55:48', 'level': 'INFO', 'message': 'Page loaded'}
[2025-05-27T13:58:28.483+0000] {subprocess.py:93} INFO - Sending log: {'timestamp': '2025-05-27 13:55:50', 'level': 'WARNING', 'message': 'Slow response time'}
[2025-05-27T13:58:28.483+0000] {subprocess.py:93} INFO - Sending log: {'timestamp': '2025-05-27 13:55:52', 'level': 'WARNING', 'message': 'Slow response time'}
[2025-05-27T13:58:28.483+0000] {subprocess.py:93} INFO - Sending log: {'timestamp': '2025-05-27 13:55:54', 'level': 'ERROR', 'message': 'Payment gateway timeout'}
[2025-05-27T13:58:28.484+0000] {subprocess.py:93} INFO - Sending log: {'timestamp': '2025-05-27 13:55:56', 'level': 'WARNING', 'message': 'Slow response time'}
[2025-05-27T13:58:28.484+0000] {subprocess.py:93} INFO - Sending log: {'timestamp': '2025-05-27 13:55:58', 'level': 'INFO', 'message': 'User logged in'}
[2025-05-27T13:58:28.485+0000] {subprocess.py:93} INFO - Sending log: {'timestamp': '2025-05-27 13:56:00', 'level': 'WARNING', 'message': 'High memory usage'}
[2025-05-27T13:58:28.485+0000] {subprocess.py:93} INFO - Sending log: {'timestamp': '2025-05-27 13:56:02', 'level': 'INFO', 'message': 'Page loaded'}
[2025-05-27T13:58:28.485+0000] {subprocess.py:93} INFO - Sending log: {'timestamp': '2025-05-27 13:56:04', 'level': 'INFO', 'message': 'Search executed'}
[2025-05-27T13:58:28.486+0000] {subprocess.py:93} INFO - Sending log: {'timestamp': '2025-05-27 13:56:06', 'level': 'ERROR', 'message': 'Payment gateway timeout'}
[2025-05-27T13:58:28.486+0000] {subprocess.py:93} INFO - Sending log: {'timestamp': '2025-05-27 13:56:08', 'level': 'INFO', 'message': 'Search executed'}
[2025-05-27T13:58:28.487+0000] {subprocess.py:93} INFO - Sending log: {'timestamp': '2025-05-27 13:56:10', 'level': 'WARNING', 'message': 'Slow response time'}
[2025-05-27T13:58:28.487+0000] {subprocess.py:93} INFO - Sending log: {'timestamp': '2025-05-27 13:56:12', 'level': 'WARNING', 'message': 'High memory usage'}
[2025-05-27T13:58:28.487+0000] {subprocess.py:93} INFO - Sending log: {'timestamp': '2025-05-27 13:56:14', 'level': 'ERROR', 'message': 'Database connection failed'}
[2025-05-27T13:58:28.488+0000] {subprocess.py:93} INFO - Sending log: {'timestamp': '2025-05-27 13:56:16', 'level': 'ERROR', 'message': 'Payment gateway timeout'}
[2025-05-27T13:58:28.488+0000] {subprocess.py:93} INFO - Sending log: {'timestamp': '2025-05-27 13:56:18', 'level': 'INFO', 'message': 'User logged in'}
[2025-05-27T13:58:28.488+0000] {subprocess.py:93} INFO - Sending log: {'timestamp': '2025-05-27 13:56:20', 'level': 'WARNING', 'message': 'High memory usage'}
[2025-05-27T13:58:28.489+0000] {subprocess.py:93} INFO - Sending log: {'timestamp': '2025-05-27 13:56:22', 'level': 'WARNING', 'message': 'Slow response time'}
[2025-05-27T13:58:28.489+0000] {subprocess.py:93} INFO - Sending log: {'timestamp': '2025-05-27 13:56:24', 'level': 'INFO', 'message': 'Search executed'}
[2025-05-27T13:58:28.489+0000] {subprocess.py:93} INFO - Sending log: {'timestamp': '2025-05-27 13:56:26', 'level': 'ERROR', 'message': 'Payment gateway timeout'}
[2025-05-27T13:58:28.490+0000] {subprocess.py:93} INFO - Sending log: {'timestamp': '2025-05-27 13:56:28', 'level': 'ERROR', 'message': 'Database connection failed'}
[2025-05-27T13:58:28.490+0000] {subprocess.py:93} INFO - Sending log: {'timestamp': '2025-05-27 13:56:30', 'level': 'ERROR', 'message': 'Payment gateway timeout'}
[2025-05-27T13:58:28.490+0000] {subprocess.py:93} INFO - Sending log: {'timestamp': '2025-05-27 13:56:32', 'level': 'ERROR', 'message': 'Database connection failed'}
[2025-05-27T13:58:28.491+0000] {subprocess.py:93} INFO - Sending log: {'timestamp': '2025-05-27 13:56:34', 'level': 'WARNING', 'message': 'Slow response time'}
[2025-05-27T13:58:28.491+0000] {subprocess.py:93} INFO - Sending log: {'timestamp': '2025-05-27 13:56:36', 'level': 'WARNING', 'message': 'High memory usage'}
[2025-05-27T13:58:28.492+0000] {subprocess.py:93} INFO - Sending log: {'timestamp': '2025-05-27 13:56:38', 'level': 'INFO', 'message': 'Search executed'}
[2025-05-27T13:58:28.492+0000] {subprocess.py:93} INFO - Sending log: {'timestamp': '2025-05-27 13:56:40', 'level': 'INFO', 'message': 'User logged in'}
[2025-05-27T13:58:28.493+0000] {subprocess.py:93} INFO - Sending log: {'timestamp': '2025-05-27 13:56:42', 'level': 'INFO', 'message': 'Search executed'}
[2025-05-27T13:58:28.493+0000] {subprocess.py:93} INFO - Sending log: {'timestamp': '2025-05-27 13:56:44', 'level': 'ERROR', 'message': 'Database connection failed'}
[2025-05-27T13:58:28.493+0000] {subprocess.py:93} INFO - Sending log: {'timestamp': '2025-05-27 13:56:46', 'level': 'INFO', 'message': 'User logged in'}
[2025-05-27T13:58:28.494+0000] {subprocess.py:93} INFO - Sending log: {'timestamp': '2025-05-27 13:56:48', 'level': 'INFO', 'message': 'User logged in'}
[2025-05-27T13:58:28.494+0000] {subprocess.py:93} INFO - Sending log: {'timestamp': '2025-05-27 13:56:50', 'level': 'ERROR', 'message': 'Database connection failed'}
[2025-05-27T13:58:28.494+0000] {subprocess.py:93} INFO - Sending log: {'timestamp': '2025-05-27 13:56:52', 'level': 'INFO', 'message': 'User logged in'}
[2025-05-27T13:58:28.495+0000] {subprocess.py:93} INFO - Sending log: {'timestamp': '2025-05-27 13:56:54', 'level': 'WARNING', 'message': 'High memory usage'}
[2025-05-27T13:58:28.495+0000] {subprocess.py:93} INFO - Sending log: {'timestamp': '2025-05-27 13:56:56', 'level': 'ERROR', 'message': 'Database connection failed'}
[2025-05-27T13:58:28.495+0000] {subprocess.py:93} INFO - Sending log: {'timestamp': '2025-05-27 13:56:58', 'level': 'INFO', 'message': 'Search executed'}
[2025-05-27T13:58:28.495+0000] {subprocess.py:93} INFO - Sending log: {'timestamp': '2025-05-27 13:57:00', 'level': 'ERROR', 'message': 'Payment gateway timeout'}
[2025-05-27T13:58:28.496+0000] {subprocess.py:93} INFO - Sending log: {'timestamp': '2025-05-27 13:57:02', 'level': 'INFO', 'message': 'Search executed'}
[2025-05-27T13:58:28.496+0000] {subprocess.py:93} INFO - Sending log: {'timestamp': '2025-05-27 13:57:04', 'level': 'INFO', 'message': 'Search executed'}
[2025-05-27T13:58:28.496+0000] {subprocess.py:93} INFO - Sending log: {'timestamp': '2025-05-27 13:57:06', 'level': 'ERROR', 'message': 'Database connection failed'}
[2025-05-27T13:58:28.497+0000] {subprocess.py:93} INFO - Sending log: {'timestamp': '2025-05-27 13:57:08', 'level': 'WARNING', 'message': 'Slow response time'}
[2025-05-27T13:58:28.497+0000] {subprocess.py:93} INFO - Sending log: {'timestamp': '2025-05-27 13:57:10', 'level': 'WARNING', 'message': 'Slow response time'}
[2025-05-27T13:58:28.497+0000] {subprocess.py:93} INFO - Sending log: {'timestamp': '2025-05-27 13:57:12', 'level': 'WARNING', 'message': 'High memory usage'}
[2025-05-27T13:58:28.498+0000] {subprocess.py:93} INFO - Sending log: {'timestamp': '2025-05-27 13:57:14', 'level': 'ERROR', 'message': 'Database connection failed'}
[2025-05-27T13:58:28.498+0000] {subprocess.py:93} INFO - Sending log: {'timestamp': '2025-05-27 13:57:16', 'level': 'INFO', 'message': 'User logged in'}
[2025-05-27T13:58:28.498+0000] {subprocess.py:93} INFO - Sending log: {'timestamp': '2025-05-27 13:57:18', 'level': 'WARNING', 'message': 'Slow response time'}
[2025-05-27T13:58:28.499+0000] {subprocess.py:93} INFO - Sending log: {'timestamp': '2025-05-27 13:57:20', 'level': 'ERROR', 'message': 'Payment gateway timeout'}
[2025-05-27T13:58:28.499+0000] {subprocess.py:93} INFO - Sending log: {'timestamp': '2025-05-27 13:57:22', 'level': 'WARNING', 'message': 'High memory usage'}
[2025-05-27T13:58:28.499+0000] {subprocess.py:93} INFO - Sending log: {'timestamp': '2025-05-27 13:57:24', 'level': 'ERROR', 'message': 'Database connection failed'}
[2025-05-27T13:58:28.500+0000] {subprocess.py:93} INFO - Sending log: {'timestamp': '2025-05-27 13:57:26', 'level': 'WARNING', 'message': 'High memory usage'}
[2025-05-27T13:58:28.500+0000] {subprocess.py:93} INFO - Sending log: {'timestamp': '2025-05-27 13:57:28', 'level': 'WARNING', 'message': 'High memory usage'}
[2025-05-27T13:58:28.500+0000] {subprocess.py:93} INFO - Sending log: {'timestamp': '2025-05-27 13:57:30', 'level': 'INFO', 'message': 'Search executed'}
[2025-05-27T13:58:28.501+0000] {subprocess.py:93} INFO - Sending log: {'timestamp': '2025-05-27 13:57:32', 'level': 'INFO', 'message': 'User logged in'}
[2025-05-27T13:58:28.501+0000] {subprocess.py:93} INFO - Sending log: {'timestamp': '2025-05-27 13:57:34', 'level': 'WARNING', 'message': 'High memory usage'}
[2025-05-27T13:58:28.501+0000] {subprocess.py:93} INFO - Sending log: {'timestamp': '2025-05-27 13:57:36', 'level': 'WARNING', 'message': 'Slow response time'}
[2025-05-27T13:58:28.502+0000] {subprocess.py:93} INFO - Sending log: {'timestamp': '2025-05-27 13:57:38', 'level': 'WARNING', 'message': 'High memory usage'}
[2025-05-27T13:58:28.502+0000] {subprocess.py:93} INFO - Sending log: {'timestamp': '2025-05-27 13:57:40', 'level': 'INFO', 'message': 'Page loaded'}
[2025-05-27T13:58:28.502+0000] {subprocess.py:93} INFO - Sending log: {'timestamp': '2025-05-27 13:57:42', 'level': 'ERROR', 'message': 'Payment gateway timeout'}
[2025-05-27T13:58:28.502+0000] {subprocess.py:93} INFO - Sending log: {'timestamp': '2025-05-27 13:57:44', 'level': 'ERROR', 'message': 'Payment gateway timeout'}
[2025-05-27T13:58:28.503+0000] {subprocess.py:93} INFO - Sending log: {'timestamp': '2025-05-27 13:57:46', 'level': 'INFO', 'message': 'Page loaded'}
[2025-05-27T13:58:28.503+0000] {subprocess.py:93} INFO - Sending log: {'timestamp': '2025-05-27 13:57:48', 'level': 'WARNING', 'message': 'Slow response time'}
[2025-05-27T13:58:28.503+0000] {subprocess.py:93} INFO - Sending log: {'timestamp': '2025-05-27 13:57:50', 'level': 'INFO', 'message': 'User logged in'}
[2025-05-27T13:58:28.503+0000] {subprocess.py:93} INFO - Sending log: {'timestamp': '2025-05-27 13:57:52', 'level': 'WARNING', 'message': 'Slow response time'}
[2025-05-27T13:58:28.504+0000] {subprocess.py:93} INFO - Sending log: {'timestamp': '2025-05-27 13:57:54', 'level': 'ERROR', 'message': 'Payment gateway timeout'}
[2025-05-27T13:58:28.504+0000] {subprocess.py:93} INFO - Sending log: {'timestamp': '2025-05-27 13:57:56', 'level': 'WARNING', 'message': 'High memory usage'}
[2025-05-27T13:58:28.504+0000] {subprocess.py:93} INFO - Sending log: {'timestamp': '2025-05-27 13:57:58', 'level': 'INFO', 'message': 'Page loaded'}
[2025-05-27T13:58:28.505+0000] {subprocess.py:93} INFO - Sending log: {'timestamp': '2025-05-27 13:58:00', 'level': 'INFO', 'message': 'Search executed'}
[2025-05-27T13:58:28.505+0000] {subprocess.py:93} INFO - Sending log: {'timestamp': '2025-05-27 13:58:02', 'level': 'INFO', 'message': 'Search executed'}
[2025-05-27T13:58:28.505+0000] {subprocess.py:93} INFO - Sending log: {'timestamp': '2025-05-27 13:58:04', 'level': 'INFO', 'message': 'Page loaded'}
[2025-05-27T13:58:28.506+0000] {subprocess.py:93} INFO - Sending log: {'timestamp': '2025-05-27 13:58:06', 'level': 'INFO', 'message': 'User logged in'}
[2025-05-27T13:58:28.506+0000] {subprocess.py:93} INFO - Sending log: {'timestamp': '2025-05-27 13:58:08', 'level': 'INFO', 'message': 'User logged in'}
[2025-05-27T13:58:28.506+0000] {subprocess.py:93} INFO - Sending log: {'timestamp': '2025-05-27 13:58:10', 'level': 'INFO', 'message': 'Page loaded'}
[2025-05-27T13:58:28.506+0000] {subprocess.py:93} INFO - Sending log: {'timestamp': '2025-05-27 13:58:12', 'level': 'ERROR', 'message': 'Database connection failed'}
[2025-05-27T13:58:28.507+0000] {subprocess.py:93} INFO - Sending log: {'timestamp': '2025-05-27 13:58:14', 'level': 'INFO', 'message': 'User logged in'}
[2025-05-27T13:58:28.507+0000] {subprocess.py:93} INFO - Sending log: {'timestamp': '2025-05-27 13:58:16', 'level': 'INFO', 'message': 'Search executed'}
[2025-05-27T13:58:28.507+0000] {subprocess.py:93} INFO - Sending log: {'timestamp': '2025-05-27 13:58:18', 'level': 'WARNING', 'message': 'High memory usage'}
[2025-05-27T13:58:28.507+0000] {subprocess.py:93} INFO - Sending log: {'timestamp': '2025-05-27 13:58:20', 'level': 'ERROR', 'message': 'Database connection failed'}
[2025-05-27T13:58:28.508+0000] {subprocess.py:93} INFO - Sending log: {'timestamp': '2025-05-27 13:58:22', 'level': 'ERROR', 'message': 'Database connection failed'}
[2025-05-27T13:58:28.508+0000] {subprocess.py:93} INFO - Sending log: {'timestamp': '2025-05-27 13:58:24', 'level': 'WARNING', 'message': 'High memory usage'}
[2025-05-27T13:58:28.508+0000] {subprocess.py:93} INFO - Sending log: {'timestamp': '2025-05-27 13:58:26', 'level': 'ERROR', 'message': 'Database connection failed'}
[2025-05-27T14:01:10.568+0000] {subprocess.py:93} INFO - Sending log: {'timestamp': '2025-05-27 13:58:28', 'level': 'WARNING', 'message': 'Slow response time'}
[2025-05-27T14:01:10.610+0000] {subprocess.py:93} INFO - Sending log: {'timestamp': '2025-05-27 13:58:30', 'level': 'WARNING', 'message': 'Slow response time'}
[2025-05-27T14:01:10.610+0000] {subprocess.py:93} INFO - Sending log: {'timestamp': '2025-05-27 13:58:32', 'level': 'WARNING', 'message': 'High memory usage'}
[2025-05-27T14:01:10.611+0000] {subprocess.py:93} INFO - Sending log: {'timestamp': '2025-05-27 13:58:34', 'level': 'WARNING', 'message': 'Slow response time'}
[2025-05-27T14:01:10.611+0000] {subprocess.py:93} INFO - Sending log: {'timestamp': '2025-05-27 13:58:36', 'level': 'INFO', 'message': 'Search executed'}
[2025-05-27T14:01:10.612+0000] {subprocess.py:93} INFO - Sending log: {'timestamp': '2025-05-27 13:58:38', 'level': 'INFO', 'message': 'User logged in'}
[2025-05-27T14:01:10.612+0000] {subprocess.py:93} INFO - Sending log: {'timestamp': '2025-05-27 13:58:40', 'level': 'WARNING', 'message': 'Slow response time'}
[2025-05-27T14:01:10.613+0000] {subprocess.py:93} INFO - Sending log: {'timestamp': '2025-05-27 13:58:42', 'level': 'ERROR', 'message': 'Payment gateway timeout'}
[2025-05-27T14:01:10.613+0000] {subprocess.py:93} INFO - Sending log: {'timestamp': '2025-05-27 13:58:44', 'level': 'WARNING', 'message': 'Slow response time'}
[2025-05-27T14:01:10.614+0000] {subprocess.py:93} INFO - Sending log: {'timestamp': '2025-05-27 13:58:46', 'level': 'WARNING', 'message': 'High memory usage'}
[2025-05-27T14:01:10.614+0000] {subprocess.py:93} INFO - Sending log: {'timestamp': '2025-05-27 13:58:48', 'level': 'ERROR', 'message': 'Database connection failed'}
[2025-05-27T14:01:10.614+0000] {subprocess.py:93} INFO - Sending log: {'timestamp': '2025-05-27 13:58:50', 'level': 'INFO', 'message': 'User logged in'}
[2025-05-27T14:01:10.615+0000] {subprocess.py:93} INFO - Sending log: {'timestamp': '2025-05-27 13:58:52', 'level': 'INFO', 'message': 'Page loaded'}
[2025-05-27T14:01:10.616+0000] {subprocess.py:93} INFO - Sending log: {'timestamp': '2025-05-27 13:58:54', 'level': 'ERROR', 'message': 'Payment gateway timeout'}
[2025-05-27T14:01:10.616+0000] {subprocess.py:93} INFO - Sending log: {'timestamp': '2025-05-27 13:58:56', 'level': 'INFO', 'message': 'Page loaded'}
[2025-05-27T14:01:10.616+0000] {subprocess.py:93} INFO - Sending log: {'timestamp': '2025-05-27 13:58:58', 'level': 'ERROR', 'message': 'Payment gateway timeout'}
[2025-05-27T14:01:10.617+0000] {subprocess.py:93} INFO - Sending log: {'timestamp': '2025-05-27 13:59:00', 'level': 'WARNING', 'message': 'Slow response time'}
[2025-05-27T14:01:10.617+0000] {subprocess.py:93} INFO - Sending log: {'timestamp': '2025-05-27 13:59:02', 'level': 'WARNING', 'message': 'Slow response time'}
[2025-05-27T14:01:10.618+0000] {subprocess.py:93} INFO - Sending log: {'timestamp': '2025-05-27 13:59:04', 'level': 'WARNING', 'message': 'Slow response time'}
[2025-05-27T14:01:10.618+0000] {subprocess.py:93} INFO - Sending log: {'timestamp': '2025-05-27 13:59:06', 'level': 'ERROR', 'message': 'Payment gateway timeout'}
[2025-05-27T14:01:10.618+0000] {subprocess.py:93} INFO - Sending log: {'timestamp': '2025-05-27 13:59:08', 'level': 'ERROR', 'message': 'Payment gateway timeout'}
[2025-05-27T14:01:10.619+0000] {subprocess.py:93} INFO - Sending log: {'timestamp': '2025-05-27 13:59:10', 'level': 'WARNING', 'message': 'High memory usage'}
[2025-05-27T14:01:10.619+0000] {subprocess.py:93} INFO - Sending log: {'timestamp': '2025-05-27 13:59:12', 'level': 'WARNING', 'message': 'High memory usage'}
[2025-05-27T14:01:10.619+0000] {subprocess.py:93} INFO - Sending log: {'timestamp': '2025-05-27 13:59:14', 'level': 'WARNING', 'message': 'High memory usage'}
[2025-05-27T14:01:10.620+0000] {subprocess.py:93} INFO - Sending log: {'timestamp': '2025-05-27 13:59:16', 'level': 'ERROR', 'message': 'Database connection failed'}
[2025-05-27T14:01:10.620+0000] {subprocess.py:93} INFO - Sending log: {'timestamp': '2025-05-27 13:59:18', 'level': 'WARNING', 'message': 'High memory usage'}
[2025-05-27T14:01:10.620+0000] {subprocess.py:93} INFO - Sending log: {'timestamp': '2025-05-27 13:59:20', 'level': 'INFO', 'message': 'Page loaded'}
[2025-05-27T14:01:10.621+0000] {subprocess.py:93} INFO - Sending log: {'timestamp': '2025-05-27 13:59:22', 'level': 'ERROR', 'message': 'Payment gateway timeout'}
[2025-05-27T14:01:10.621+0000] {subprocess.py:93} INFO - Sending log: {'timestamp': '2025-05-27 13:59:24', 'level': 'INFO', 'message': 'Search executed'}
[2025-05-27T14:01:10.621+0000] {subprocess.py:93} INFO - Sending log: {'timestamp': '2025-05-27 13:59:26', 'level': 'INFO', 'message': 'User logged in'}
[2025-05-27T14:01:10.622+0000] {subprocess.py:93} INFO - Sending log: {'timestamp': '2025-05-27 13:59:28', 'level': 'ERROR', 'message': 'Database connection failed'}
[2025-05-27T14:01:10.622+0000] {subprocess.py:93} INFO - Sending log: {'timestamp': '2025-05-27 13:59:30', 'level': 'ERROR', 'message': 'Database connection failed'}
[2025-05-27T14:01:10.622+0000] {subprocess.py:93} INFO - Sending log: {'timestamp': '2025-05-27 13:59:32', 'level': 'WARNING', 'message': 'Slow response time'}
[2025-05-27T14:01:10.622+0000] {subprocess.py:93} INFO - Sending log: {'timestamp': '2025-05-27 13:59:34', 'level': 'WARNING', 'message': 'High memory usage'}
[2025-05-27T14:01:10.623+0000] {subprocess.py:93} INFO - Sending log: {'timestamp': '2025-05-27 13:59:36', 'level': 'ERROR', 'message': 'Payment gateway timeout'}
[2025-05-27T14:01:10.623+0000] {subprocess.py:93} INFO - Sending log: {'timestamp': '2025-05-27 13:59:38', 'level': 'INFO', 'message': 'Page loaded'}
[2025-05-27T14:01:10.623+0000] {subprocess.py:93} INFO - Sending log: {'timestamp': '2025-05-27 13:59:40', 'level': 'WARNING', 'message': 'Slow response time'}
[2025-05-27T14:01:10.624+0000] {subprocess.py:93} INFO - Sending log: {'timestamp': '2025-05-27 13:59:42', 'level': 'INFO', 'message': 'Search executed'}
[2025-05-27T14:01:10.624+0000] {subprocess.py:93} INFO - Sending log: {'timestamp': '2025-05-27 13:59:44', 'level': 'ERROR', 'message': 'Payment gateway timeout'}
[2025-05-27T14:01:10.624+0000] {subprocess.py:93} INFO - Sending log: {'timestamp': '2025-05-27 13:59:46', 'level': 'WARNING', 'message': 'High memory usage'}
[2025-05-27T14:01:10.624+0000] {subprocess.py:93} INFO - Sending log: {'timestamp': '2025-05-27 13:59:48', 'level': 'ERROR', 'message': 'Database connection failed'}
[2025-05-27T14:01:10.625+0000] {subprocess.py:93} INFO - Sending log: {'timestamp': '2025-05-27 13:59:50', 'level': 'WARNING', 'message': 'Slow response time'}
[2025-05-27T14:01:10.625+0000] {subprocess.py:93} INFO - Sending log: {'timestamp': '2025-05-27 13:59:52', 'level': 'INFO', 'message': 'Page loaded'}
[2025-05-27T14:01:10.625+0000] {subprocess.py:93} INFO - Sending log: {'timestamp': '2025-05-27 13:59:54', 'level': 'INFO', 'message': 'User logged in'}
[2025-05-27T14:01:10.626+0000] {subprocess.py:93} INFO - Sending log: {'timestamp': '2025-05-27 13:59:56', 'level': 'WARNING', 'message': 'Slow response time'}
[2025-05-27T14:01:10.626+0000] {subprocess.py:93} INFO - Sending log: {'timestamp': '2025-05-27 13:59:58', 'level': 'INFO', 'message': 'Page loaded'}
[2025-05-27T14:01:10.626+0000] {subprocess.py:93} INFO - Sending log: {'timestamp': '2025-05-27 14:00:00', 'level': 'WARNING', 'message': 'Slow response time'}
[2025-05-27T14:01:10.626+0000] {subprocess.py:93} INFO - Sending log: {'timestamp': '2025-05-27 14:00:02', 'level': 'ERROR', 'message': 'Payment gateway timeout'}
[2025-05-27T14:01:10.627+0000] {subprocess.py:93} INFO - Sending log: {'timestamp': '2025-05-27 14:00:04', 'level': 'WARNING', 'message': 'High memory usage'}
[2025-05-27T14:01:10.627+0000] {subprocess.py:93} INFO - Sending log: {'timestamp': '2025-05-27 14:00:06', 'level': 'ERROR', 'message': 'Database connection failed'}
[2025-05-27T14:01:10.627+0000] {subprocess.py:93} INFO - Sending log: {'timestamp': '2025-05-27 14:00:08', 'level': 'ERROR', 'message': 'Database connection failed'}
[2025-05-27T14:01:10.628+0000] {subprocess.py:93} INFO - Sending log: {'timestamp': '2025-05-27 14:00:10', 'level': 'INFO', 'message': 'Page loaded'}
[2025-05-27T14:01:10.628+0000] {subprocess.py:93} INFO - Sending log: {'timestamp': '2025-05-27 14:00:12', 'level': 'INFO', 'message': 'Search executed'}
[2025-05-27T14:01:10.628+0000] {subprocess.py:93} INFO - Sending log: {'timestamp': '2025-05-27 14:00:14', 'level': 'WARNING', 'message': 'High memory usage'}
[2025-05-27T14:01:10.628+0000] {subprocess.py:93} INFO - Sending log: {'timestamp': '2025-05-27 14:00:16', 'level': 'ERROR', 'message': 'Database connection failed'}
[2025-05-27T14:01:10.629+0000] {subprocess.py:93} INFO - Sending log: {'timestamp': '2025-05-27 14:00:18', 'level': 'ERROR', 'message': 'Database connection failed'}
[2025-05-27T14:01:10.629+0000] {subprocess.py:93} INFO - Sending log: {'timestamp': '2025-05-27 14:00:20', 'level': 'INFO', 'message': 'Search executed'}
[2025-05-27T14:01:10.629+0000] {subprocess.py:93} INFO - Sending log: {'timestamp': '2025-05-27 14:00:22', 'level': 'INFO', 'message': 'Page loaded'}
[2025-05-27T14:01:10.630+0000] {subprocess.py:93} INFO - Sending log: {'timestamp': '2025-05-27 14:00:24', 'level': 'WARNING', 'message': 'High memory usage'}
[2025-05-27T14:01:10.630+0000] {subprocess.py:93} INFO - Sending log: {'timestamp': '2025-05-27 14:00:26', 'level': 'ERROR', 'message': 'Payment gateway timeout'}
[2025-05-27T14:01:10.630+0000] {subprocess.py:93} INFO - Sending log: {'timestamp': '2025-05-27 14:00:28', 'level': 'ERROR', 'message': 'Database connection failed'}
[2025-05-27T14:01:10.630+0000] {subprocess.py:93} INFO - Sending log: {'timestamp': '2025-05-27 14:00:30', 'level': 'ERROR', 'message': 'Database connection failed'}
[2025-05-27T14:01:10.631+0000] {subprocess.py:93} INFO - Sending log: {'timestamp': '2025-05-27 14:00:32', 'level': 'WARNING', 'message': 'High memory usage'}
[2025-05-27T14:01:10.631+0000] {subprocess.py:93} INFO - Sending log: {'timestamp': '2025-05-27 14:00:34', 'level': 'ERROR', 'message': 'Database connection failed'}
[2025-05-27T14:01:10.632+0000] {subprocess.py:93} INFO - Sending log: {'timestamp': '2025-05-27 14:00:36', 'level': 'WARNING', 'message': 'High memory usage'}
[2025-05-27T14:01:10.632+0000] {subprocess.py:93} INFO - Sending log: {'timestamp': '2025-05-27 14:00:38', 'level': 'WARNING', 'message': 'Slow response time'}
[2025-05-27T14:01:10.633+0000] {subprocess.py:93} INFO - Sending log: {'timestamp': '2025-05-27 14:00:40', 'level': 'ERROR', 'message': 'Payment gateway timeout'}
[2025-05-27T14:01:10.633+0000] {subprocess.py:93} INFO - Sending log: {'timestamp': '2025-05-27 14:00:42', 'level': 'WARNING', 'message': 'Slow response time'}
[2025-05-27T14:01:10.633+0000] {subprocess.py:93} INFO - Sending log: {'timestamp': '2025-05-27 14:00:44', 'level': 'WARNING', 'message': 'Slow response time'}
[2025-05-27T14:01:10.634+0000] {subprocess.py:93} INFO - Sending log: {'timestamp': '2025-05-27 14:00:46', 'level': 'ERROR', 'message': 'Payment gateway timeout'}
[2025-05-27T14:01:10.635+0000] {subprocess.py:93} INFO - Sending log: {'timestamp': '2025-05-27 14:00:48', 'level': 'ERROR', 'message': 'Payment gateway timeout'}
[2025-05-27T14:01:10.635+0000] {subprocess.py:93} INFO - Sending log: {'timestamp': '2025-05-27 14:00:50', 'level': 'WARNING', 'message': 'High memory usage'}
[2025-05-27T14:01:10.635+0000] {subprocess.py:93} INFO - Sending log: {'timestamp': '2025-05-27 14:00:52', 'level': 'WARNING', 'message': 'Slow response time'}
[2025-05-27T14:01:10.636+0000] {subprocess.py:93} INFO - Sending log: {'timestamp': '2025-05-27 14:00:54', 'level': 'ERROR', 'message': 'Payment gateway timeout'}
[2025-05-27T14:01:10.636+0000] {subprocess.py:93} INFO - Sending log: {'timestamp': '2025-05-27 14:00:56', 'level': 'INFO', 'message': 'User logged in'}
[2025-05-27T14:01:10.636+0000] {subprocess.py:93} INFO - Sending log: {'timestamp': '2025-05-27 14:00:58', 'level': 'INFO', 'message': 'User logged in'}
[2025-05-27T14:01:10.636+0000] {subprocess.py:93} INFO - Sending log: {'timestamp': '2025-05-27 14:01:00', 'level': 'WARNING', 'message': 'High memory usage'}
[2025-05-27T14:01:10.637+0000] {subprocess.py:93} INFO - Sending log: {'timestamp': '2025-05-27 14:01:02', 'level': 'ERROR', 'message': 'Database connection failed'}
[2025-05-27T14:01:10.637+0000] {subprocess.py:93} INFO - Sending log: {'timestamp': '2025-05-27 14:01:04', 'level': 'WARNING', 'message': 'Slow response time'}
[2025-05-27T14:01:10.637+0000] {subprocess.py:93} INFO - Sending log: {'timestamp': '2025-05-27 14:01:06', 'level': 'INFO', 'message': 'Search executed'}
[2025-05-27T14:01:10.638+0000] {subprocess.py:93} INFO - Sending log: {'timestamp': '2025-05-27 14:01:08', 'level': 'INFO', 'message': 'Page loaded'}
[2025-05-27T14:03:50.661+0000] {subprocess.py:93} INFO - Sending log: {'timestamp': '2025-05-27 14:01:10', 'level': 'INFO', 'message': 'User logged in'}
[2025-05-27T14:03:50.870+0000] {subprocess.py:93} INFO - Sending log: {'timestamp': '2025-05-27 14:01:12', 'level': 'WARNING', 'message': 'High memory usage'}
[2025-05-27T14:03:50.870+0000] {subprocess.py:93} INFO - Sending log: {'timestamp': '2025-05-27 14:01:14', 'level': 'WARNING', 'message': 'Slow response time'}
[2025-05-27T14:03:50.871+0000] {subprocess.py:93} INFO - Sending log: {'timestamp': '2025-05-27 14:01:16', 'level': 'INFO', 'message': 'User logged in'}
[2025-05-27T14:03:50.871+0000] {subprocess.py:93} INFO - Sending log: {'timestamp': '2025-05-27 14:01:18', 'level': 'WARNING', 'message': 'High memory usage'}
[2025-05-27T14:03:50.872+0000] {subprocess.py:93} INFO - Sending log: {'timestamp': '2025-05-27 14:01:20', 'level': 'WARNING', 'message': 'Slow response time'}
[2025-05-27T14:03:50.872+0000] {subprocess.py:93} INFO - Sending log: {'timestamp': '2025-05-27 14:01:22', 'level': 'INFO', 'message': 'User logged in'}
[2025-05-27T14:03:50.873+0000] {subprocess.py:93} INFO - Sending log: {'timestamp': '2025-05-27 14:01:24', 'level': 'ERROR', 'message': 'Payment gateway timeout'}
[2025-05-27T14:03:50.873+0000] {subprocess.py:93} INFO - Sending log: {'timestamp': '2025-05-27 14:01:26', 'level': 'ERROR', 'message': 'Database connection failed'}
[2025-05-27T14:03:50.873+0000] {subprocess.py:93} INFO - Sending log: {'timestamp': '2025-05-27 14:01:28', 'level': 'WARNING', 'message': 'Slow response time'}
[2025-05-27T14:03:50.874+0000] {subprocess.py:93} INFO - Sending log: {'timestamp': '2025-05-27 14:01:30', 'level': 'ERROR', 'message': 'Payment gateway timeout'}
[2025-05-27T14:03:50.874+0000] {subprocess.py:93} INFO - Sending log: {'timestamp': '2025-05-27 14:01:32', 'level': 'ERROR', 'message': 'Payment gateway timeout'}
[2025-05-27T14:03:50.875+0000] {subprocess.py:93} INFO - Sending log: {'timestamp': '2025-05-27 14:01:34', 'level': 'ERROR', 'message': 'Database connection failed'}
[2025-05-27T14:03:50.876+0000] {subprocess.py:93} INFO - Sending log: {'timestamp': '2025-05-27 14:01:36', 'level': 'WARNING', 'message': 'High memory usage'}
[2025-05-27T14:03:50.876+0000] {subprocess.py:93} INFO - Sending log: {'timestamp': '2025-05-27 14:01:38', 'level': 'WARNING', 'message': 'High memory usage'}
[2025-05-27T14:03:50.877+0000] {subprocess.py:93} INFO - Sending log: {'timestamp': '2025-05-27 14:01:40', 'level': 'INFO', 'message': 'Page loaded'}
[2025-05-27T14:03:50.878+0000] {subprocess.py:93} INFO - Sending log: {'timestamp': '2025-05-27 14:01:42', 'level': 'ERROR', 'message': 'Database connection failed'}
[2025-05-27T14:03:50.878+0000] {subprocess.py:93} INFO - Sending log: {'timestamp': '2025-05-27 14:01:44', 'level': 'WARNING', 'message': 'High memory usage'}
[2025-05-27T14:03:50.879+0000] {subprocess.py:93} INFO - Sending log: {'timestamp': '2025-05-27 14:01:46', 'level': 'WARNING', 'message': 'High memory usage'}
[2025-05-27T14:03:50.879+0000] {subprocess.py:93} INFO - Sending log: {'timestamp': '2025-05-27 14:01:48', 'level': 'ERROR', 'message': 'Database connection failed'}
[2025-05-27T14:03:50.880+0000] {subprocess.py:93} INFO - Sending log: {'timestamp': '2025-05-27 14:01:50', 'level': 'ERROR', 'message': 'Database connection failed'}
[2025-05-27T14:03:50.881+0000] {subprocess.py:93} INFO - Sending log: {'timestamp': '2025-05-27 14:01:52', 'level': 'ERROR', 'message': 'Database connection failed'}
[2025-05-27T14:03:50.881+0000] {subprocess.py:93} INFO - Sending log: {'timestamp': '2025-05-27 14:01:54', 'level': 'ERROR', 'message': 'Database connection failed'}
[2025-05-27T14:03:50.882+0000] {subprocess.py:93} INFO - Sending log: {'timestamp': '2025-05-27 14:01:56', 'level': 'INFO', 'message': 'User logged in'}
[2025-05-27T14:03:50.882+0000] {subprocess.py:93} INFO - Sending log: {'timestamp': '2025-05-27 14:01:58', 'level': 'INFO', 'message': 'Search executed'}
[2025-05-27T14:03:50.883+0000] {subprocess.py:93} INFO - Sending log: {'timestamp': '2025-05-27 14:02:00', 'level': 'ERROR', 'message': 'Database connection failed'}
[2025-05-27T14:03:50.883+0000] {subprocess.py:93} INFO - Sending log: {'timestamp': '2025-05-27 14:02:02', 'level': 'INFO', 'message': 'Page loaded'}
[2025-05-27T14:03:50.883+0000] {subprocess.py:93} INFO - Sending log: {'timestamp': '2025-05-27 14:02:04', 'level': 'ERROR', 'message': 'Database connection failed'}
[2025-05-27T14:03:50.884+0000] {subprocess.py:93} INFO - Sending log: {'timestamp': '2025-05-27 14:02:06', 'level': 'ERROR', 'message': 'Database connection failed'}
[2025-05-27T14:03:50.885+0000] {subprocess.py:93} INFO - Sending log: {'timestamp': '2025-05-27 14:02:08', 'level': 'ERROR', 'message': 'Payment gateway timeout'}
[2025-05-27T14:03:50.885+0000] {subprocess.py:93} INFO - Sending log: {'timestamp': '2025-05-27 14:02:10', 'level': 'WARNING', 'message': 'High memory usage'}
[2025-05-27T14:03:50.885+0000] {subprocess.py:93} INFO - Sending log: {'timestamp': '2025-05-27 14:02:12', 'level': 'INFO', 'message': 'Search executed'}
[2025-05-27T14:03:50.886+0000] {subprocess.py:93} INFO - Sending log: {'timestamp': '2025-05-27 14:02:14', 'level': 'WARNING', 'message': 'High memory usage'}
[2025-05-27T14:03:50.886+0000] {subprocess.py:93} INFO - Sending log: {'timestamp': '2025-05-27 14:02:16', 'level': 'ERROR', 'message': 'Database connection failed'}
[2025-05-27T14:03:50.887+0000] {subprocess.py:93} INFO - Sending log: {'timestamp': '2025-05-27 14:02:18', 'level': 'WARNING', 'message': 'High memory usage'}
[2025-05-27T14:03:50.888+0000] {subprocess.py:93} INFO - Sending log: {'timestamp': '2025-05-27 14:02:20', 'level': 'WARNING', 'message': 'High memory usage'}
[2025-05-27T14:03:50.888+0000] {subprocess.py:93} INFO - Sending log: {'timestamp': '2025-05-27 14:02:22', 'level': 'WARNING', 'message': 'High memory usage'}
[2025-05-27T14:03:50.889+0000] {subprocess.py:93} INFO - Sending log: {'timestamp': '2025-05-27 14:02:24', 'level': 'WARNING', 'message': 'High memory usage'}
[2025-05-27T14:03:50.889+0000] {subprocess.py:93} INFO - Sending log: {'timestamp': '2025-05-27 14:02:26', 'level': 'WARNING', 'message': 'Slow response time'}
[2025-05-27T14:03:50.890+0000] {subprocess.py:93} INFO - Sending log: {'timestamp': '2025-05-27 14:02:28', 'level': 'WARNING', 'message': 'Slow response time'}
[2025-05-27T14:03:50.890+0000] {subprocess.py:93} INFO - Sending log: {'timestamp': '2025-05-27 14:02:30', 'level': 'INFO', 'message': 'Page loaded'}
[2025-05-27T14:03:50.891+0000] {subprocess.py:93} INFO - Sending log: {'timestamp': '2025-05-27 14:02:32', 'level': 'WARNING', 'message': 'Slow response time'}
[2025-05-27T14:03:50.892+0000] {subprocess.py:93} INFO - Sending log: {'timestamp': '2025-05-27 14:02:34', 'level': 'WARNING', 'message': 'High memory usage'}
[2025-05-27T14:03:50.892+0000] {subprocess.py:93} INFO - Sending log: {'timestamp': '2025-05-27 14:02:36', 'level': 'WARNING', 'message': 'High memory usage'}
[2025-05-27T14:03:50.893+0000] {subprocess.py:93} INFO - Sending log: {'timestamp': '2025-05-27 14:02:38', 'level': 'WARNING', 'message': 'High memory usage'}
[2025-05-27T14:03:50.893+0000] {subprocess.py:93} INFO - Sending log: {'timestamp': '2025-05-27 14:02:40', 'level': 'ERROR', 'message': 'Database connection failed'}
[2025-05-27T14:03:50.894+0000] {subprocess.py:93} INFO - Sending log: {'timestamp': '2025-05-27 14:02:42', 'level': 'WARNING', 'message': 'Slow response time'}
[2025-05-27T14:03:50.894+0000] {subprocess.py:93} INFO - Sending log: {'timestamp': '2025-05-27 14:02:44', 'level': 'INFO', 'message': 'User logged in'}
[2025-05-27T14:03:50.895+0000] {subprocess.py:93} INFO - Sending log: {'timestamp': '2025-05-27 14:02:46', 'level': 'WARNING', 'message': 'Slow response time'}
[2025-05-27T14:03:50.895+0000] {subprocess.py:93} INFO - Sending log: {'timestamp': '2025-05-27 14:02:48', 'level': 'ERROR', 'message': 'Database connection failed'}
[2025-05-27T14:03:50.896+0000] {subprocess.py:93} INFO - Sending log: {'timestamp': '2025-05-27 14:02:50', 'level': 'WARNING', 'message': 'High memory usage'}
[2025-05-27T14:03:50.897+0000] {subprocess.py:93} INFO - Sending log: {'timestamp': '2025-05-27 14:02:52', 'level': 'ERROR', 'message': 'Database connection failed'}
[2025-05-27T14:03:50.897+0000] {subprocess.py:93} INFO - Sending log: {'timestamp': '2025-05-27 14:02:54', 'level': 'WARNING', 'message': 'Slow response time'}
[2025-05-27T14:03:50.898+0000] {subprocess.py:93} INFO - Sending log: {'timestamp': '2025-05-27 14:02:56', 'level': 'INFO', 'message': 'User logged in'}
[2025-05-27T14:03:50.898+0000] {subprocess.py:93} INFO - Sending log: {'timestamp': '2025-05-27 14:02:58', 'level': 'WARNING', 'message': 'High memory usage'}
[2025-05-27T14:03:50.899+0000] {subprocess.py:93} INFO - Sending log: {'timestamp': '2025-05-27 14:03:00', 'level': 'WARNING', 'message': 'High memory usage'}
[2025-05-27T14:03:50.900+0000] {subprocess.py:93} INFO - Sending log: {'timestamp': '2025-05-27 14:03:02', 'level': 'WARNING', 'message': 'High memory usage'}
[2025-05-27T14:03:50.900+0000] {subprocess.py:93} INFO - Sending log: {'timestamp': '2025-05-27 14:03:04', 'level': 'WARNING', 'message': 'Slow response time'}
[2025-05-27T14:03:50.901+0000] {subprocess.py:93} INFO - Sending log: {'timestamp': '2025-05-27 14:03:06', 'level': 'ERROR', 'message': 'Payment gateway timeout'}
[2025-05-27T14:03:50.902+0000] {subprocess.py:93} INFO - Sending log: {'timestamp': '2025-05-27 14:03:08', 'level': 'ERROR', 'message': 'Payment gateway timeout'}
[2025-05-27T14:03:50.902+0000] {subprocess.py:93} INFO - Sending log: {'timestamp': '2025-05-27 14:03:10', 'level': 'ERROR', 'message': 'Database connection failed'}
[2025-05-27T14:03:50.903+0000] {subprocess.py:93} INFO - Sending log: {'timestamp': '2025-05-27 14:03:12', 'level': 'WARNING', 'message': 'High memory usage'}
[2025-05-27T14:03:50.903+0000] {subprocess.py:93} INFO - Sending log: {'timestamp': '2025-05-27 14:03:14', 'level': 'INFO', 'message': 'Page loaded'}
[2025-05-27T14:03:50.904+0000] {subprocess.py:93} INFO - Sending log: {'timestamp': '2025-05-27 14:03:16', 'level': 'WARNING', 'message': 'High memory usage'}
[2025-05-27T14:03:50.904+0000] {subprocess.py:93} INFO - Sending log: {'timestamp': '2025-05-27 14:03:18', 'level': 'ERROR', 'message': 'Database connection failed'}
[2025-05-27T14:03:50.905+0000] {subprocess.py:93} INFO - Sending log: {'timestamp': '2025-05-27 14:03:20', 'level': 'INFO', 'message': 'Page loaded'}
[2025-05-27T14:03:50.905+0000] {subprocess.py:93} INFO - Sending log: {'timestamp': '2025-05-27 14:03:22', 'level': 'INFO', 'message': 'User logged in'}
[2025-05-27T14:03:50.906+0000] {subprocess.py:93} INFO - Sending log: {'timestamp': '2025-05-27 14:03:24', 'level': 'WARNING', 'message': 'High memory usage'}
[2025-05-27T14:03:50.907+0000] {subprocess.py:93} INFO - Sending log: {'timestamp': '2025-05-27 14:03:26', 'level': 'INFO', 'message': 'Search executed'}
[2025-05-27T14:03:50.907+0000] {subprocess.py:93} INFO - Sending log: {'timestamp': '2025-05-27 14:03:28', 'level': 'ERROR', 'message': 'Payment gateway timeout'}
[2025-05-27T14:03:50.908+0000] {subprocess.py:93} INFO - Sending log: {'timestamp': '2025-05-27 14:03:30', 'level': 'INFO', 'message': 'User logged in'}
[2025-05-27T14:03:50.908+0000] {subprocess.py:93} INFO - Sending log: {'timestamp': '2025-05-27 14:03:32', 'level': 'WARNING', 'message': 'Slow response time'}
[2025-05-27T14:03:50.909+0000] {subprocess.py:93} INFO - Sending log: {'timestamp': '2025-05-27 14:03:34', 'level': 'WARNING', 'message': 'Slow response time'}
[2025-05-27T14:03:50.909+0000] {subprocess.py:93} INFO - Sending log: {'timestamp': '2025-05-27 14:03:36', 'level': 'ERROR', 'message': 'Database connection failed'}
[2025-05-27T14:03:50.910+0000] {subprocess.py:93} INFO - Sending log: {'timestamp': '2025-05-27 14:03:38', 'level': 'INFO', 'message': 'Search executed'}
[2025-05-27T14:03:50.911+0000] {subprocess.py:93} INFO - Sending log: {'timestamp': '2025-05-27 14:03:40', 'level': 'INFO', 'message': 'Page loaded'}
[2025-05-27T14:03:50.911+0000] {subprocess.py:93} INFO - Sending log: {'timestamp': '2025-05-27 14:03:42', 'level': 'ERROR', 'message': 'Payment gateway timeout'}
[2025-05-27T14:03:50.911+0000] {subprocess.py:93} INFO - Sending log: {'timestamp': '2025-05-27 14:03:44', 'level': 'ERROR', 'message': 'Database connection failed'}
[2025-05-27T14:03:50.912+0000] {subprocess.py:93} INFO - Sending log: {'timestamp': '2025-05-27 14:03:46', 'level': 'INFO', 'message': 'Page loaded'}
[2025-05-27T14:03:50.912+0000] {subprocess.py:93} INFO - Sending log: {'timestamp': '2025-05-27 14:03:48', 'level': 'ERROR', 'message': 'Payment gateway timeout'}
[2025-05-27T17:05:42.790+0000] {job.py:229} INFO - Heartbeat recovered after 10808.11 seconds
[2025-05-28T05:39:50.574+0000] {job.py:229} INFO - Heartbeat recovered after 45248.12 seconds
[2025-05-28T05:39:52.574+0000] {local_task_job_runner.py:228} ERROR - Heartbeat time limit exceeded!
[2025-05-28T05:39:52.638+0000] {local_task_job_runner.py:245} INFO - ::endgroup::
[2025-05-28T05:39:54.493+0000] {process_utils.py:132} INFO - Sending 15 to group 188. PIDs of all processes in the group: [190, 188]
[2025-05-28T05:39:54.643+0000] {process_utils.py:87} INFO - Sending the signal 15 to group 188
[2025-05-28T05:39:55.385+0000] {taskinstance.py:3092} ERROR - Received SIGTERM. Terminating subprocesses.
[2025-05-28T05:39:56.929+0000] {subprocess.py:104} INFO - Sending SIGTERM signal to process group
[2025-05-28T05:39:59.286+0000] {taskinstance.py:3310} ERROR - Task failed with exception
Traceback (most recent call last):
  File "/home/airflow/.local/lib/python3.12/site-packages/airflow/models/taskinstance.py", line 767, in _execute_task
    result = _execute_callable(context=context, **execute_callable_kwargs)
             ^^^^^^^^^^^^^^^^^^^^^^^^^^^^^^^^^^^^^^^^^^^^^^^^^^^^^^^^^^^^^
  File "/home/airflow/.local/lib/python3.12/site-packages/airflow/models/taskinstance.py", line 733, in _execute_callable
    return ExecutionCallableRunner(
           ^^^^^^^^^^^^^^^^^^^^^^^^
  File "/home/airflow/.local/lib/python3.12/site-packages/airflow/utils/operator_helpers.py", line 252, in run
    return self.func(*args, **kwargs)
           ^^^^^^^^^^^^^^^^^^^^^^^^^^
  File "/home/airflow/.local/lib/python3.12/site-packages/airflow/models/baseoperator.py", line 406, in wrapper
    return func(self, *args, **kwargs)
           ^^^^^^^^^^^^^^^^^^^^^^^^^^^
  File "/home/airflow/.local/lib/python3.12/site-packages/airflow/operators/bash.py", line 240, in execute
    result = self.subprocess_hook.run_command(
             ^^^^^^^^^^^^^^^^^^^^^^^^^^^^^^^^^
  File "/home/airflow/.local/lib/python3.12/site-packages/airflow/hooks/subprocess.py", line 91, in run_command
    for raw_line in iter(self.sub_process.stdout.readline, b""):
                    ^^^^^^^^^^^^^^^^^^^^^^^^^^^^^^^^^^^^^^^^^^^
  File "/home/airflow/.local/lib/python3.12/site-packages/airflow/models/taskinstance.py", line 3094, in signal_handler
    raise AirflowTaskTerminated("Task received SIGTERM signal")
airflow.exceptions.AirflowTaskTerminated: Task received SIGTERM signal
[2025-05-28T05:39:59.978+0000] {taskinstance.py:1225} INFO - Marking task as UP_FOR_RETRY. dag_id=log_monitoring_dag, task_id=start_log_producer, run_id=manual__2025-05-27T13:50:08.941959+00:00, execution_date=20250527T135008, start_date=20250527T135018, end_date=20250528T053959
[2025-05-28T05:40:05.281+0000] {taskinstance.py:340} INFO - ::group::Post task execution logs
[2025-05-28T05:40:07.148+0000] {process_utils.py:80} INFO - Process psutil.Process(pid=190, status='terminated', started='13:50:19') (190) terminated with exit code None
[2025-05-28T05:40:07.152+0000] {process_utils.py:80} INFO - Process psutil.Process(pid=188, status='terminated', exitcode=2, started='13:50:18') (188) terminated with exit code 2
[2025-05-28T05:40:07.459+0000] {standard_task_runner.py:217} INFO - Process not found (most likely exited), stop collecting metrics
