[2025-06-02T00:37:05.171+0000] {local_task_job_runner.py:123} INFO - ::group::Pre task execution logs
[2025-06-02T00:37:05.189+0000] {taskinstance.py:2612} INFO - Dependencies all met for dep_context=non-requeueable deps ti=<TaskInstance: log_monitoring_dag.start_spark_consumer scheduled__2025-06-02T00:30:00+00:00 [queued]>
[2025-06-02T00:37:05.198+0000] {taskinstance.py:2612} INFO - Dependencies all met for dep_context=requeueable deps ti=<TaskInstance: log_monitoring_dag.start_spark_consumer scheduled__2025-06-02T00:30:00+00:00 [queued]>
[2025-06-02T00:37:05.201+0000] {taskinstance.py:2865} INFO - Starting attempt 1 of 2
[2025-06-02T00:37:05.218+0000] {taskinstance.py:2888} INFO - Executing <Task(BashOperator): start_spark_consumer> on 2025-06-02 00:30:00+00:00
[2025-06-02T00:37:05.226+0000] {logging_mixin.py:190} WARNING - /home/***/.local/lib/python3.12/site-packages/***/task/task_runner/standard_task_runner.py:70 DeprecationWarning: This process (pid=243) is multi-threaded, use of fork() may lead to deadlocks in the child.
[2025-06-02T00:37:05.227+0000] {standard_task_runner.py:72} INFO - Started process 244 to run task
[2025-06-02T00:37:05.226+0000] {standard_task_runner.py:104} INFO - Running: ['***', 'tasks', 'run', 'log_monitoring_dag', 'start_spark_consumer', 'scheduled__2025-06-02T00:30:00+00:00', '--job-id', '52', '--raw', '--subdir', 'DAGS_FOLDER/log_monitoring_dag.py', '--cfg-path', '/tmp/tmpwqmjqzqr']
[2025-06-02T00:37:05.228+0000] {standard_task_runner.py:105} INFO - Job 52: Subtask start_spark_consumer
[2025-06-02T00:37:05.249+0000] {logging_mixin.py:190} WARNING - /home/***/.local/lib/python3.12/site-packages/***/settings.py:209 DeprecationWarning: The sql_alchemy_conn option in [core] has been moved to the sql_alchemy_conn option in [database] - the old setting has been used, but please update your config.
[2025-06-02T00:37:05.282+0000] {task_command.py:467} INFO - Running <TaskInstance: log_monitoring_dag.start_spark_consumer scheduled__2025-06-02T00:30:00+00:00 [running]> on host 95af1ae74a08
[2025-06-02T00:37:05.284+0000] {logging_mixin.py:190} WARNING - /home/***/.local/lib/python3.12/site-packages/***/settings.py:470 DeprecationWarning: The sql_alchemy_conn option in [core] has been moved to the sql_alchemy_conn option in [database] - the old setting has been used, but please update your config.
[2025-06-02T00:37:05.375+0000] {taskinstance.py:3131} INFO - Exporting env vars: AIRFLOW_CTX_DAG_OWNER='***' AIRFLOW_CTX_DAG_ID='log_monitoring_dag' AIRFLOW_CTX_TASK_ID='start_spark_consumer' AIRFLOW_CTX_EXECUTION_DATE='2025-06-02T00:30:00+00:00' AIRFLOW_CTX_TRY_NUMBER='1' AIRFLOW_CTX_DAG_RUN_ID='scheduled__2025-06-02T00:30:00+00:00'
[2025-06-02T00:37:05.376+0000] {taskinstance.py:731} INFO - ::endgroup::
[2025-06-02T00:37:05.391+0000] {subprocess.py:63} INFO - Tmp dir root location: /tmp
[2025-06-02T00:37:05.392+0000] {subprocess.py:75} INFO - Running command: ['/usr/bin/bash', '-c', '\n            docker run --rm             --network realtime_log_monitoring_default             -v /opt/***/app:/app             bitnami/spark:3.3.0             spark-submit --packages org.apache.spark:spark-sql-kafka-0-10_2.12:3.2.0 /app/log_consumer.py\n        ']
[2025-06-02T00:37:05.401+0000] {subprocess.py:86} INFO - Output:
[2025-06-02T00:37:27.154+0000] {subprocess.py:93} INFO - [38;5;6m [38;5;5m00:37:27.15 [0m
[2025-06-02T00:37:27.169+0000] {subprocess.py:93} INFO - [38;5;6m [38;5;5m00:37:27.15 [0m[1mWelcome to the Bitnami spark container[0m
[2025-06-02T00:37:27.244+0000] {subprocess.py:93} INFO - [38;5;6m [38;5;5m00:37:27.15 [0mSubscribe to project updates by watching [1mhttps://github.com/bitnami/containers[0m
[2025-06-02T00:37:27.245+0000] {subprocess.py:93} INFO - [38;5;6m [38;5;5m00:37:27.15 [0mSubmit issues and feature requests at [1mhttps://github.com/bitnami/containers/issues[0m
[2025-06-02T00:37:27.246+0000] {subprocess.py:93} INFO - [38;5;6m [38;5;5m00:37:27.15 [0m
[2025-06-02T00:37:27.247+0000] {subprocess.py:93} INFO - 
[2025-06-02T00:38:29.049+0000] {subprocess.py:93} INFO - :: loading settings :: url = jar:file:/opt/bitnami/spark/jars/ivy-2.5.0.jar!/org/apache/ivy/core/settings/ivysettings.xml
[2025-06-02T00:38:33.566+0000] {subprocess.py:93} INFO - Ivy Default Cache set to: /opt/bitnami/spark/.ivy2/cache
[2025-06-02T00:38:33.566+0000] {subprocess.py:93} INFO - The jars for the packages stored in: /opt/bitnami/spark/.ivy2/jars
[2025-06-02T00:38:33.601+0000] {subprocess.py:93} INFO - org.apache.spark#spark-sql-kafka-0-10_2.12 added as a dependency
[2025-06-02T00:38:33.716+0000] {subprocess.py:93} INFO - :: resolving dependencies :: org.apache.spark#spark-submit-parent-b1d1700b-65b4-4694-ac90-7da964e20d91;1.0
[2025-06-02T00:38:33.717+0000] {subprocess.py:93} INFO - 	confs: [default]
[2025-06-02T00:38:45.197+0000] {subprocess.py:93} INFO - 	found org.apache.spark#spark-sql-kafka-0-10_2.12;3.2.0 in central
[2025-06-02T00:38:46.950+0000] {subprocess.py:93} INFO - 	found org.apache.spark#spark-token-provider-kafka-0-10_2.12;3.2.0 in central
[2025-06-02T00:38:47.451+0000] {subprocess.py:93} INFO - 	found org.apache.kafka#kafka-clients;2.8.0 in central
[2025-06-02T00:38:47.834+0000] {subprocess.py:93} INFO - 	found org.lz4#lz4-java;1.7.1 in central
[2025-06-02T00:38:48.315+0000] {subprocess.py:93} INFO - 	found org.xerial.snappy#snappy-java;1.1.8.4 in central
[2025-06-02T00:38:50.216+0000] {subprocess.py:93} INFO - 	found org.slf4j#slf4j-api;1.7.30 in central
[2025-06-02T00:38:53.986+0000] {subprocess.py:93} INFO - 	found org.apache.hadoop#hadoop-client-runtime;3.3.1 in central
[2025-06-02T00:38:55.725+0000] {subprocess.py:93} INFO - 	found org.spark-project.spark#unused;1.0.0 in central
[2025-06-02T00:38:56.698+0000] {subprocess.py:93} INFO - 	found org.apache.hadoop#hadoop-client-api;3.3.1 in central
[2025-06-02T00:39:03.849+0000] {subprocess.py:93} INFO - 	found org.apache.htrace#htrace-core4;4.1.0-incubating in central
[2025-06-02T00:39:06.941+0000] {subprocess.py:93} INFO - 	found commons-logging#commons-logging;1.1.3 in central
[2025-06-02T00:39:07.457+0000] {subprocess.py:93} INFO - 	found com.google.code.findbugs#jsr305;3.0.0 in central
[2025-06-02T00:39:11.037+0000] {subprocess.py:93} INFO - 	found org.apache.commons#commons-pool2;2.6.2 in central
[2025-06-02T00:39:11.193+0000] {subprocess.py:93} INFO - downloading https://repo1.maven.org/maven2/org/apache/spark/spark-sql-kafka-0-10_2.12/3.2.0/spark-sql-kafka-0-10_2.12-3.2.0.jar ...
[2025-06-02T00:39:16.373+0000] {subprocess.py:93} INFO - 	[SUCCESSFUL ] org.apache.spark#spark-sql-kafka-0-10_2.12;3.2.0!spark-sql-kafka-0-10_2.12.jar (5322ms)
[2025-06-02T00:39:16.711+0000] {subprocess.py:93} INFO - downloading https://repo1.maven.org/maven2/org/apache/spark/spark-token-provider-kafka-0-10_2.12/3.2.0/spark-token-provider-kafka-0-10_2.12-3.2.0.jar ...
[2025-06-02T00:39:16.918+0000] {subprocess.py:93} INFO - 	[SUCCESSFUL ] org.apache.spark#spark-token-provider-kafka-0-10_2.12;3.2.0!spark-token-provider-kafka-0-10_2.12.jar (545ms)
[2025-06-02T00:39:17.068+0000] {subprocess.py:93} INFO - downloading https://repo1.maven.org/maven2/org/apache/kafka/kafka-clients/2.8.0/kafka-clients-2.8.0.jar ...
[2025-06-02T00:39:35.838+0000] {subprocess.py:93} INFO - 	[SUCCESSFUL ] org.apache.kafka#kafka-clients;2.8.0!kafka-clients.jar (18918ms)
[2025-06-02T00:39:35.978+0000] {subprocess.py:93} INFO - downloading https://repo1.maven.org/maven2/com/google/code/findbugs/jsr305/3.0.0/jsr305-3.0.0.jar ...
[2025-06-02T00:39:36.239+0000] {subprocess.py:93} INFO - 	[SUCCESSFUL ] com.google.code.findbugs#jsr305;3.0.0!jsr305.jar (400ms)
[2025-06-02T00:39:36.428+0000] {subprocess.py:93} INFO - downloading https://repo1.maven.org/maven2/org/apache/commons/commons-pool2/2.6.2/commons-pool2-2.6.2.jar ...
[2025-06-02T00:39:38.461+0000] {subprocess.py:93} INFO - 	[SUCCESSFUL ] org.apache.commons#commons-pool2;2.6.2!commons-pool2.jar (2222ms)
[2025-06-02T00:39:38.690+0000] {subprocess.py:93} INFO - downloading https://repo1.maven.org/maven2/org/spark-project/spark/unused/1.0.0/unused-1.0.0.jar ...
[2025-06-02T00:39:38.841+0000] {subprocess.py:93} INFO - 	[SUCCESSFUL ] org.spark-project.spark#unused;1.0.0!unused.jar (379ms)
[2025-06-02T00:39:38.982+0000] {subprocess.py:93} INFO - downloading https://repo1.maven.org/maven2/org/apache/hadoop/hadoop-client-runtime/3.3.1/hadoop-client-runtime-3.3.1.jar ...
[2025-06-02T00:40:03.809+0000] {job.py:229} INFO - Heartbeat recovered after 25.73 seconds
[2025-06-02T00:40:49.239+0000] {job.py:229} INFO - Heartbeat recovered after 47.56 seconds
[2025-06-02T00:41:26.652+0000] {job.py:229} INFO - Heartbeat recovered after 13.78 seconds
[2025-06-02T00:41:56.297+0000] {subprocess.py:93} INFO - 	[SUCCESSFUL ] org.apache.hadoop#hadoop-client-runtime;3.3.1!hadoop-client-runtime.jar (137453ms)
[2025-06-02T00:41:56.454+0000] {subprocess.py:93} INFO - downloading https://repo1.maven.org/maven2/org/lz4/lz4-java/1.7.1/lz4-java-1.7.1.jar ...
[2025-06-02T00:41:57.001+0000] {subprocess.py:93} INFO - 	[SUCCESSFUL ] org.lz4#lz4-java;1.7.1!lz4-java.jar (691ms)
[2025-06-02T00:41:57.871+0000] {subprocess.py:93} INFO - downloading https://repo1.maven.org/maven2/org/xerial/snappy/snappy-java/1.1.8.4/snappy-java-1.1.8.4.jar ...
[2025-06-02T00:41:59.211+0000] {subprocess.py:93} INFO - 	[SUCCESSFUL ] org.xerial.snappy#snappy-java;1.1.8.4!snappy-java.jar(bundle) (1487ms)
[2025-06-02T00:41:59.721+0000] {subprocess.py:93} INFO - downloading https://repo1.maven.org/maven2/org/slf4j/slf4j-api/1.7.30/slf4j-api-1.7.30.jar ...
[2025-06-02T00:42:00.022+0000] {subprocess.py:93} INFO - 	[SUCCESSFUL ] org.slf4j#slf4j-api;1.7.30!slf4j-api.jar (584ms)
[2025-06-02T00:42:00.433+0000] {subprocess.py:93} INFO - downloading https://repo1.maven.org/maven2/org/apache/hadoop/hadoop-client-api/3.3.1/hadoop-client-api-3.3.1.jar ...
[2025-06-02T00:42:59.715+0000] {job.py:229} INFO - Heartbeat recovered after 55.15 seconds
[2025-06-02T00:43:13.079+0000] {job.py:229} INFO - Heartbeat recovered after 16.98 seconds
[2025-06-02T00:43:43.061+0000] {job.py:229} INFO - Heartbeat recovered after 30.68 seconds
[2025-06-02T00:43:43.138+0000] {subprocess.py:93} INFO - 	[SUCCESSFUL ] org.apache.hadoop#hadoop-client-api;3.3.1!hadoop-client-api.jar (103052ms)
[2025-06-02T00:43:43.484+0000] {subprocess.py:93} INFO - downloading https://repo1.maven.org/maven2/org/apache/htrace/htrace-core4/4.1.0-incubating/htrace-core4-4.1.0-incubating.jar ...
[2025-06-02T00:43:48.880+0000] {subprocess.py:93} INFO - 	[SUCCESSFUL ] org.apache.htrace#htrace-core4;4.1.0-incubating!htrace-core4.jar (2068ms)
[2025-06-02T00:43:49.191+0000] {subprocess.py:93} INFO - downloading https://repo1.maven.org/maven2/commons-logging/commons-logging/1.1.3/commons-logging-1.1.3.jar ...
[2025-06-02T00:43:50.587+0000] {job.py:229} INFO - Heartbeat recovered after 27.96 seconds
[2025-06-02T00:43:50.967+0000] {subprocess.py:93} INFO - 	[SUCCESSFUL ] commons-logging#commons-logging;1.1.3!commons-logging.jar (1243ms)
[2025-06-02T00:43:50.968+0000] {subprocess.py:93} INFO - :: resolution report :: resolve 37335ms :: artifacts dl 275485ms
[2025-06-02T00:43:50.968+0000] {subprocess.py:93} INFO - 	:: modules in use:
[2025-06-02T00:43:50.969+0000] {subprocess.py:93} INFO - 	com.google.code.findbugs#jsr305;3.0.0 from central in [default]
[2025-06-02T00:43:50.969+0000] {subprocess.py:93} INFO - 	commons-logging#commons-logging;1.1.3 from central in [default]
[2025-06-02T00:43:50.969+0000] {subprocess.py:93} INFO - 	org.apache.commons#commons-pool2;2.6.2 from central in [default]
[2025-06-02T00:43:50.970+0000] {subprocess.py:93} INFO - 	org.apache.hadoop#hadoop-client-api;3.3.1 from central in [default]
[2025-06-02T00:43:50.970+0000] {subprocess.py:93} INFO - 	org.apache.hadoop#hadoop-client-runtime;3.3.1 from central in [default]
[2025-06-02T00:43:50.971+0000] {subprocess.py:93} INFO - 	org.apache.htrace#htrace-core4;4.1.0-incubating from central in [default]
[2025-06-02T00:43:50.971+0000] {subprocess.py:93} INFO - 	org.apache.kafka#kafka-clients;2.8.0 from central in [default]
[2025-06-02T00:43:50.971+0000] {subprocess.py:93} INFO - 	org.apache.spark#spark-sql-kafka-0-10_2.12;3.2.0 from central in [default]
[2025-06-02T00:43:50.972+0000] {subprocess.py:93} INFO - 	org.apache.spark#spark-token-provider-kafka-0-10_2.12;3.2.0 from central in [default]
[2025-06-02T00:43:50.972+0000] {subprocess.py:93} INFO - 	org.lz4#lz4-java;1.7.1 from central in [default]
[2025-06-02T00:43:50.973+0000] {subprocess.py:93} INFO - 	org.slf4j#slf4j-api;1.7.30 from central in [default]
[2025-06-02T00:43:50.973+0000] {subprocess.py:93} INFO - 	org.spark-project.spark#unused;1.0.0 from central in [default]
[2025-06-02T00:43:50.974+0000] {subprocess.py:93} INFO - 	org.xerial.snappy#snappy-java;1.1.8.4 from central in [default]
[2025-06-02T00:43:50.974+0000] {subprocess.py:93} INFO - 	---------------------------------------------------------------------
[2025-06-02T00:43:50.975+0000] {subprocess.py:93} INFO - 	|                  |            modules            ||   artifacts   |
[2025-06-02T00:43:50.975+0000] {subprocess.py:93} INFO - 	|       conf       | number| search|dwnlded|evicted|| number|dwnlded|
[2025-06-02T00:43:50.976+0000] {subprocess.py:93} INFO - 	---------------------------------------------------------------------
[2025-06-02T00:43:50.976+0000] {subprocess.py:93} INFO - 	|      default     |   13  |   13  |   13  |   0   ||   13  |   13  |
[2025-06-02T00:43:50.977+0000] {subprocess.py:93} INFO - 	---------------------------------------------------------------------
[2025-06-02T00:43:51.031+0000] {subprocess.py:93} INFO - :: retrieving :: org.apache.spark#spark-submit-parent-b1d1700b-65b4-4694-ac90-7da964e20d91
[2025-06-02T00:43:51.813+0000] {subprocess.py:93} INFO - 	confs: [default]
[2025-06-02T00:44:12.987+0000] {job.py:229} INFO - Heartbeat recovered after 24.11 seconds
[2025-06-02T00:44:30.589+0000] {job.py:229} INFO - Heartbeat recovered after 22.32 seconds
[2025-06-02T00:45:15.402+0000] {job.py:229} INFO - Heartbeat recovered after 22.90 seconds
[2025-06-02T00:45:49.590+0000] {job.py:229} INFO - Heartbeat recovered after 27.68 seconds
[2025-06-02T00:45:56.735+0000] {job.py:229} INFO - Heartbeat recovered after 14.56 seconds
[2025-06-02T00:46:10.842+0000] {job.py:229} INFO - Heartbeat recovered after 15.63 seconds
[2025-06-02T00:46:31.953+0000] {job.py:229} INFO - Heartbeat recovered after 15.88 seconds
[2025-06-02T00:47:50.151+0000] {job.py:229} INFO - Heartbeat recovered after 78.25 seconds
[2025-06-02T00:47:53.773+0000] {subprocess.py:93} INFO - 	13 artifacts copied, 0 already retrieved (59181kB/242666ms)
[2025-06-02T00:47:56.799+0000] {job.py:229} INFO - Heartbeat recovered after 73.60 seconds
[2025-06-02T00:49:58.357+0000] {job.py:229} INFO - Heartbeat recovered after 47.70 seconds
[2025-06-02T00:50:07.294+0000] {job.py:229} INFO - Heartbeat recovered after 46.09 seconds
[2025-06-02T00:51:36.086+0000] {job.py:229} INFO - Heartbeat recovered after 89.75 seconds
[2025-06-02T00:51:44.150+0000] {job.py:229} INFO - Heartbeat recovered after 86.49 seconds
[2025-06-02T00:52:32.098+0000] {job.py:229} INFO - Heartbeat recovered after 30.24 seconds
[2025-06-02T00:52:37.215+0000] {job.py:229} INFO - Heartbeat recovered after 25.84 seconds
[2025-06-02T00:54:20.614+0000] {job.py:229} INFO - Heartbeat recovered after 39.60 seconds
[2025-06-02T00:54:26.782+0000] {job.py:229} INFO - Heartbeat recovered after 40.60 seconds
[2025-06-02T00:55:25.104+0000] {job.py:229} INFO - Heartbeat recovered after 58.33 seconds
[2025-06-02T00:55:30.710+0000] {job.py:229} INFO - Heartbeat recovered after 57.18 seconds
[2025-06-02T00:58:02.193+0000] {job.py:229} INFO - Heartbeat recovered after 146.04 seconds
[2025-06-02T00:58:08.521+0000] {job.py:229} INFO - Heartbeat recovered after 145.53 seconds
[2025-06-02T01:00:24.799+0000] {job.py:229} INFO - Heartbeat recovered after 123.70 seconds
[2025-06-02T01:00:30.432+0000] {job.py:229} INFO - Heartbeat recovered after 122.27 seconds
[2025-06-02T01:01:55.951+0000] {job.py:229} INFO - Heartbeat recovered after 37.51 seconds
[2025-06-02T01:01:02.415+0000] {subprocess.py:93} INFO - 25/06/02 01:00:48 WARN NativeCodeLoader: Unable to load native-hadoop library for your platform... using builtin-java classes where applicable
[2025-06-02T01:03:10.698+0000] {job.py:229} INFO - Heartbeat recovered after 51.66 seconds
[2025-06-02T01:03:58.537+0000] {job.py:239} ERROR - Job heartbeat failed with error
Traceback (most recent call last):
  File "/home/airflow/.local/lib/python3.12/site-packages/sqlalchemy/engine/base.py", line 3371, in _wrap_pool_connect
    return fn()
           ^^^^
  File "/home/airflow/.local/lib/python3.12/site-packages/sqlalchemy/pool/base.py", line 327, in connect
    return _ConnectionFairy._checkout(self)
           ^^^^^^^^^^^^^^^^^^^^^^^^^^^^^^^^
  File "/home/airflow/.local/lib/python3.12/site-packages/sqlalchemy/pool/base.py", line 894, in _checkout
    fairy = _ConnectionRecord.checkout(pool)
            ^^^^^^^^^^^^^^^^^^^^^^^^^^^^^^^^
  File "/home/airflow/.local/lib/python3.12/site-packages/sqlalchemy/pool/base.py", line 493, in checkout
    rec = pool._do_get()
          ^^^^^^^^^^^^^^
  File "/home/airflow/.local/lib/python3.12/site-packages/sqlalchemy/pool/impl.py", line 256, in _do_get
    return self._create_connection()
           ^^^^^^^^^^^^^^^^^^^^^^^^^
  File "/home/airflow/.local/lib/python3.12/site-packages/sqlalchemy/pool/base.py", line 273, in _create_connection
    return _ConnectionRecord(self)
           ^^^^^^^^^^^^^^^^^^^^^^^
  File "/home/airflow/.local/lib/python3.12/site-packages/sqlalchemy/pool/base.py", line 388, in __init__
    self.__connect()
  File "/home/airflow/.local/lib/python3.12/site-packages/sqlalchemy/pool/base.py", line 690, in __connect
    with util.safe_reraise():
  File "/home/airflow/.local/lib/python3.12/site-packages/sqlalchemy/util/langhelpers.py", line 70, in __exit__
    compat.raise_(
  File "/home/airflow/.local/lib/python3.12/site-packages/sqlalchemy/util/compat.py", line 211, in raise_
    raise exception
  File "/home/airflow/.local/lib/python3.12/site-packages/sqlalchemy/pool/base.py", line 686, in __connect
    self.dbapi_connection = connection = pool._invoke_creator(self)
                                         ^^^^^^^^^^^^^^^^^^^^^^^^^^
  File "/home/airflow/.local/lib/python3.12/site-packages/sqlalchemy/engine/create.py", line 574, in connect
    return dialect.connect(*cargs, **cparams)
           ^^^^^^^^^^^^^^^^^^^^^^^^^^^^^^^^^^
  File "/home/airflow/.local/lib/python3.12/site-packages/sqlalchemy/engine/default.py", line 598, in connect
    return self.dbapi.connect(*cargs, **cparams)
           ^^^^^^^^^^^^^^^^^^^^^^^^^^^^^^^^^^^^^
  File "/home/airflow/.local/lib/python3.12/site-packages/psycopg2/__init__.py", line 122, in connect
    conn = _connect(dsn, connection_factory=connection_factory, **kwasync)
           ^^^^^^^^^^^^^^^^^^^^^^^^^^^^^^^^^^^^^^^^^^^^^^^^^^^^^^^^^^^^^^^
psycopg2.OperationalError: could not translate host name "postgres" to address: Temporary failure in name resolution


The above exception was the direct cause of the following exception:

Traceback (most recent call last):
  File "/home/airflow/.local/lib/python3.12/site-packages/airflow/jobs/job.py", line 207, in heartbeat
    self._merge_from(Job._fetch_from_db(self, session))
                     ^^^^^^^^^^^^^^^^^^^^^^^^^^^^^^^^^
  File "/home/airflow/.local/lib/python3.12/site-packages/airflow/api_internal/internal_api_call.py", line 139, in wrapper
    return func(*args, **kwargs)
           ^^^^^^^^^^^^^^^^^^^^^
  File "/home/airflow/.local/lib/python3.12/site-packages/airflow/utils/session.py", line 94, in wrapper
    return func(*args, **kwargs)
           ^^^^^^^^^^^^^^^^^^^^^
  File "/home/airflow/.local/lib/python3.12/site-packages/airflow/utils/retries.py", line 93, in wrapped_function
    for attempt in run_with_db_retries(max_retries=retries, logger=logger, **retry_kwargs):
                   ^^^^^^^^^^^^^^^^^^^^^^^^^^^^^^^^^^^^^^^^^^^^^^^^^^^^^^^^^^^^^^^^^^^^^^^
  File "/home/airflow/.local/lib/python3.12/site-packages/tenacity/__init__.py", line 443, in __iter__
    do = self.iter(retry_state=retry_state)
         ^^^^^^^^^^^^^^^^^^^^^^^^^^^^^^^^^^
  File "/home/airflow/.local/lib/python3.12/site-packages/tenacity/__init__.py", line 376, in iter
    result = action(retry_state)
             ^^^^^^^^^^^^^^^^^^^
  File "/home/airflow/.local/lib/python3.12/site-packages/tenacity/__init__.py", line 418, in exc_check
    raise retry_exc.reraise()
          ^^^^^^^^^^^^^^^^^^^
  File "/home/airflow/.local/lib/python3.12/site-packages/tenacity/__init__.py", line 185, in reraise
    raise self.last_attempt.result()
          ^^^^^^^^^^^^^^^^^^^^^^^^^^
  File "/usr/local/lib/python3.12/concurrent/futures/_base.py", line 449, in result
    return self.__get_result()
           ^^^^^^^^^^^^^^^^^^^
  File "/usr/local/lib/python3.12/concurrent/futures/_base.py", line 401, in __get_result
    raise self._exception
  File "/home/airflow/.local/lib/python3.12/site-packages/airflow/utils/retries.py", line 102, in wrapped_function
    return func(*args, **kwargs)
           ^^^^^^^^^^^^^^^^^^^^^
  File "/home/airflow/.local/lib/python3.12/site-packages/airflow/jobs/job.py", line 335, in _fetch_from_db
    session.merge(job)
  File "/home/airflow/.local/lib/python3.12/site-packages/sqlalchemy/orm/session.py", line 3056, in merge
    return self._merge(
           ^^^^^^^^^^^^
  File "/home/airflow/.local/lib/python3.12/site-packages/sqlalchemy/orm/session.py", line 3136, in _merge
    merged = self.get(
             ^^^^^^^^^
  File "/home/airflow/.local/lib/python3.12/site-packages/sqlalchemy/orm/session.py", line 2853, in get
    return self._get_impl(
           ^^^^^^^^^^^^^^^
  File "/home/airflow/.local/lib/python3.12/site-packages/sqlalchemy/orm/session.py", line 2975, in _get_impl
    return db_load_fn(
           ^^^^^^^^^^^
  File "/home/airflow/.local/lib/python3.12/site-packages/sqlalchemy/orm/loading.py", line 530, in load_on_pk_identity
    session.execute(
  File "/home/airflow/.local/lib/python3.12/site-packages/sqlalchemy/orm/session.py", line 1716, in execute
    conn = self._connection_for_bind(bind)
           ^^^^^^^^^^^^^^^^^^^^^^^^^^^^^^^
  File "/home/airflow/.local/lib/python3.12/site-packages/sqlalchemy/orm/session.py", line 1555, in _connection_for_bind
    return self._transaction._connection_for_bind(
           ^^^^^^^^^^^^^^^^^^^^^^^^^^^^^^^^^^^^^^^
  File "/home/airflow/.local/lib/python3.12/site-packages/sqlalchemy/orm/session.py", line 750, in _connection_for_bind
    conn = bind.connect()
           ^^^^^^^^^^^^^^
  File "/home/airflow/.local/lib/python3.12/site-packages/sqlalchemy/future/engine.py", line 412, in connect
    return super(Engine, self).connect()
           ^^^^^^^^^^^^^^^^^^^^^^^^^^^^^
  File "/home/airflow/.local/lib/python3.12/site-packages/sqlalchemy/engine/base.py", line 3325, in connect
    return self._connection_cls(self, close_with_result=close_with_result)
           ^^^^^^^^^^^^^^^^^^^^^^^^^^^^^^^^^^^^^^^^^^^^^^^^^^^^^^^^^^^^^^^
  File "/home/airflow/.local/lib/python3.12/site-packages/sqlalchemy/engine/base.py", line 96, in __init__
    else engine.raw_connection()
         ^^^^^^^^^^^^^^^^^^^^^^^
  File "/home/airflow/.local/lib/python3.12/site-packages/sqlalchemy/engine/base.py", line 3404, in raw_connection
    return self._wrap_pool_connect(self.pool.connect, _connection)
           ^^^^^^^^^^^^^^^^^^^^^^^^^^^^^^^^^^^^^^^^^^^^^^^^^^^^^^^
  File "/home/airflow/.local/lib/python3.12/site-packages/sqlalchemy/engine/base.py", line 3374, in _wrap_pool_connect
    Connection._handle_dbapi_exception_noconnection(
  File "/home/airflow/.local/lib/python3.12/site-packages/sqlalchemy/engine/base.py", line 2208, in _handle_dbapi_exception_noconnection
    util.raise_(
  File "/home/airflow/.local/lib/python3.12/site-packages/sqlalchemy/util/compat.py", line 211, in raise_
    raise exception
  File "/home/airflow/.local/lib/python3.12/site-packages/sqlalchemy/engine/base.py", line 3371, in _wrap_pool_connect
    return fn()
           ^^^^
  File "/home/airflow/.local/lib/python3.12/site-packages/sqlalchemy/pool/base.py", line 327, in connect
    return _ConnectionFairy._checkout(self)
           ^^^^^^^^^^^^^^^^^^^^^^^^^^^^^^^^
  File "/home/airflow/.local/lib/python3.12/site-packages/sqlalchemy/pool/base.py", line 894, in _checkout
    fairy = _ConnectionRecord.checkout(pool)
            ^^^^^^^^^^^^^^^^^^^^^^^^^^^^^^^^
  File "/home/airflow/.local/lib/python3.12/site-packages/sqlalchemy/pool/base.py", line 493, in checkout
    rec = pool._do_get()
          ^^^^^^^^^^^^^^
  File "/home/airflow/.local/lib/python3.12/site-packages/sqlalchemy/pool/impl.py", line 256, in _do_get
    return self._create_connection()
           ^^^^^^^^^^^^^^^^^^^^^^^^^
  File "/home/airflow/.local/lib/python3.12/site-packages/sqlalchemy/pool/base.py", line 273, in _create_connection
    return _ConnectionRecord(self)
           ^^^^^^^^^^^^^^^^^^^^^^^
  File "/home/airflow/.local/lib/python3.12/site-packages/sqlalchemy/pool/base.py", line 388, in __init__
    self.__connect()
  File "/home/airflow/.local/lib/python3.12/site-packages/sqlalchemy/pool/base.py", line 690, in __connect
    with util.safe_reraise():
  File "/home/airflow/.local/lib/python3.12/site-packages/sqlalchemy/util/langhelpers.py", line 70, in __exit__
    compat.raise_(
  File "/home/airflow/.local/lib/python3.12/site-packages/sqlalchemy/util/compat.py", line 211, in raise_
    raise exception
  File "/home/airflow/.local/lib/python3.12/site-packages/sqlalchemy/pool/base.py", line 686, in __connect
    self.dbapi_connection = connection = pool._invoke_creator(self)
                                         ^^^^^^^^^^^^^^^^^^^^^^^^^^
  File "/home/airflow/.local/lib/python3.12/site-packages/sqlalchemy/engine/create.py", line 574, in connect
    return dialect.connect(*cargs, **cparams)
           ^^^^^^^^^^^^^^^^^^^^^^^^^^^^^^^^^^
  File "/home/airflow/.local/lib/python3.12/site-packages/sqlalchemy/engine/default.py", line 598, in connect
    return self.dbapi.connect(*cargs, **cparams)
           ^^^^^^^^^^^^^^^^^^^^^^^^^^^^^^^^^^^^^
  File "/home/airflow/.local/lib/python3.12/site-packages/psycopg2/__init__.py", line 122, in connect
    conn = _connect(dsn, connection_factory=connection_factory, **kwasync)
           ^^^^^^^^^^^^^^^^^^^^^^^^^^^^^^^^^^^^^^^^^^^^^^^^^^^^^^^^^^^^^^^
sqlalchemy.exc.OperationalError: (psycopg2.OperationalError) could not translate host name "postgres" to address: Temporary failure in name resolution

(Background on this error at: https://sqlalche.me/e/14/e3q8)
[2025-06-02T01:04:09.513+0000] {job.py:254} ERROR - Job heartbeat failed with error. Scheduler is in unhealthy state
[2025-06-02T01:05:00.998+0000] {job.py:229} INFO - Heartbeat recovered after 154.84 seconds
[2025-06-02T01:05:10.440+0000] {job.py:229} INFO - Heartbeat recovered after 29.30 seconds
[2025-06-02T01:05:42.769+0000] {job.py:229} INFO - Heartbeat recovered after 11.62 seconds
[2025-06-02T01:07:35.513+0000] {job.py:229} INFO - Heartbeat recovered after 61.39 seconds
[2025-06-02T01:07:41.508+0000] {job.py:229} INFO - Heartbeat recovered after 56.23 seconds
[2025-06-02T01:08:07.403+0000] {job.py:229} INFO - Heartbeat recovered after 10.81 seconds
[2025-06-02T01:08:19.000+0000] {job.py:229} INFO - Heartbeat recovered after 15.68 seconds
[2025-06-02T01:09:05.796+0000] {job.py:229} INFO - Heartbeat recovered after 48.49 seconds
[2025-06-02T01:09:25.205+0000] {job.py:229} INFO - Heartbeat recovered after 20.62 seconds
[2025-06-02T01:09:35.884+0000] {job.py:229} INFO - Heartbeat recovered after 13.31 seconds
[2025-06-02T01:10:09.882+0000] {job.py:229} INFO - Heartbeat recovered after 35.19 seconds
[2025-06-02T01:10:27.334+0000] {job.py:229} INFO - Heartbeat recovered after 17.90 seconds
[2025-06-02T01:10:52.847+0000] {job.py:229} INFO - Heartbeat recovered after 18.32 seconds
[2025-06-02T01:11:24.788+0000] {job.py:229} INFO - Heartbeat recovered after 15.78 seconds
[2025-06-02T01:11:52.136+0000] {job.py:229} INFO - Heartbeat recovered after 31.15 seconds
[2025-06-02T01:12:11.392+0000] {job.py:229} INFO - Heartbeat recovered after 19.65 seconds
[2025-06-02T01:12:32.027+0000] {job.py:229} INFO - Heartbeat recovered after 15.01 seconds
[2025-06-02T01:12:42.313+0000] {job.py:229} INFO - Heartbeat recovered after 10.52 seconds
[2025-06-02T01:13:18.129+0000] {job.py:229} INFO - Heartbeat recovered after 15.98 seconds
[2025-06-02T01:13:34.835+0000] {job.py:229} INFO - Heartbeat recovered after 18.93 seconds
[2025-06-02T01:13:45.654+0000] {job.py:229} INFO - Heartbeat recovered after 11.39 seconds
[2025-06-02T01:14:14.596+0000] {job.py:229} INFO - Heartbeat recovered after 23.79 seconds
[2025-06-02T01:14:25.764+0000] {job.py:229} INFO - Heartbeat recovered after 11.45 seconds
[2025-06-02T01:14:54.858+0000] {job.py:229} INFO - Heartbeat recovered after 29.27 seconds
[2025-06-02T01:15:30.339+0000] {job.py:229} INFO - Heartbeat recovered after 20.37 seconds
[2025-06-02T01:15:53.728+0000] {job.py:229} INFO - Heartbeat recovered after 24.07 seconds
[2025-06-02T01:16:18.444+0000] {job.py:229} INFO - Heartbeat recovered after 11.95 seconds
[2025-06-02T01:16:40.216+0000] {subprocess.py:93} INFO - python3: can't open file '/app/log_consumer.py': [Errno 2] No such file or directory
[2025-06-02T01:16:51.711+0000] {subprocess.py:93} INFO - 25/06/02 01:16:40 INFO ShutdownHookManager: Shutdown hook called
[2025-06-02T01:16:51.800+0000] {subprocess.py:93} INFO - 25/06/02 01:16:40 INFO ShutdownHookManager: Deleting directory /tmp/spark-063bb470-5de6-48cd-8f33-5943a4382c27
[2025-06-02T01:17:10.837+0000] {job.py:229} INFO - Heartbeat recovered after 14.35 seconds
[2025-06-02T01:17:49.910+0000] {job.py:229} INFO - Heartbeat recovered after 40.53 seconds
[2025-06-02T01:18:01.291+0000] {job.py:229} INFO - Heartbeat recovered after 11.39 seconds
[2025-06-02T01:18:12.908+0000] {job.py:229} INFO - Heartbeat recovered after 14.60 seconds
[2025-06-02T01:18:41.043+0000] {job.py:229} INFO - Heartbeat recovered after 14.99 seconds
[2025-06-02T01:18:43.563+0000] {subprocess.py:97} INFO - Command exited with return code 2
[2025-06-02T01:19:03.323+0000] {job.py:229} INFO - Heartbeat recovered after 13.70 seconds
[2025-06-02T01:20:30.418+0000] {taskinstance.py:3310} ERROR - Task failed with exception
Traceback (most recent call last):
  File "/home/airflow/.local/lib/python3.12/site-packages/airflow/models/taskinstance.py", line 767, in _execute_task
    result = _execute_callable(context=context, **execute_callable_kwargs)
             ^^^^^^^^^^^^^^^^^^^^^^^^^^^^^^^^^^^^^^^^^^^^^^^^^^^^^^^^^^^^^
  File "/home/airflow/.local/lib/python3.12/site-packages/airflow/models/taskinstance.py", line 733, in _execute_callable
    return ExecutionCallableRunner(
           ^^^^^^^^^^^^^^^^^^^^^^^^
  File "/home/airflow/.local/lib/python3.12/site-packages/airflow/utils/operator_helpers.py", line 252, in run
    return self.func(*args, **kwargs)
           ^^^^^^^^^^^^^^^^^^^^^^^^^^
  File "/home/airflow/.local/lib/python3.12/site-packages/airflow/models/baseoperator.py", line 406, in wrapper
    return func(self, *args, **kwargs)
           ^^^^^^^^^^^^^^^^^^^^^^^^^^^
  File "/home/airflow/.local/lib/python3.12/site-packages/airflow/operators/bash.py", line 249, in execute
    raise AirflowException(
airflow.exceptions.AirflowException: Bash command failed. The command returned a non-zero exit code 2.
[2025-06-02T01:20:41.958+0000] {taskinstance.py:1225} INFO - Marking task as UP_FOR_RETRY. dag_id=log_monitoring_dag, task_id=start_spark_consumer, run_id=scheduled__2025-06-02T00:30:00+00:00, execution_date=20250602T003000, start_date=20250602T003705, end_date=20250602T012040
[2025-06-02T01:20:51.074+0000] {taskinstance.py:340} INFO - ::group::Post task execution logs
[2025-06-02T01:20:52.029+0000] {standard_task_runner.py:124} ERROR - Failed to execute job 52 for task start_spark_consumer (Bash command failed. The command returned a non-zero exit code 2.; 244)
Traceback (most recent call last):
  File "/home/airflow/.local/lib/python3.12/site-packages/airflow/task/task_runner/standard_task_runner.py", line 117, in _start_by_fork
    ret = args.func(args, dag=self.dag)
          ^^^^^^^^^^^^^^^^^^^^^^^^^^^^^
  File "/home/airflow/.local/lib/python3.12/site-packages/airflow/cli/cli_config.py", line 49, in command
    return func(*args, **kwargs)
           ^^^^^^^^^^^^^^^^^^^^^
  File "/home/airflow/.local/lib/python3.12/site-packages/airflow/utils/cli.py", line 115, in wrapper
    return f(*args, **kwargs)
           ^^^^^^^^^^^^^^^^^^
  File "/home/airflow/.local/lib/python3.12/site-packages/airflow/cli/commands/task_command.py", line 483, in task_run
    task_return_code = _run_task_by_selected_method(args, _dag, ti)
                       ^^^^^^^^^^^^^^^^^^^^^^^^^^^^^^^^^^^^^^^^^^^^
  File "/home/airflow/.local/lib/python3.12/site-packages/airflow/cli/commands/task_command.py", line 256, in _run_task_by_selected_method
    return _run_raw_task(args, ti)
           ^^^^^^^^^^^^^^^^^^^^^^^
  File "/home/airflow/.local/lib/python3.12/site-packages/airflow/cli/commands/task_command.py", line 341, in _run_raw_task
    return ti._run_raw_task(
           ^^^^^^^^^^^^^^^^^
  File "/home/airflow/.local/lib/python3.12/site-packages/airflow/utils/session.py", line 97, in wrapper
    return func(*args, session=session, **kwargs)
           ^^^^^^^^^^^^^^^^^^^^^^^^^^^^^^^^^^^^^^
  File "/home/airflow/.local/lib/python3.12/site-packages/airflow/models/taskinstance.py", line 3004, in _run_raw_task
    return _run_raw_task(
           ^^^^^^^^^^^^^^
  File "/home/airflow/.local/lib/python3.12/site-packages/airflow/models/taskinstance.py", line 273, in _run_raw_task
    TaskInstance._execute_task_with_callbacks(
  File "/home/airflow/.local/lib/python3.12/site-packages/airflow/models/taskinstance.py", line 3158, in _execute_task_with_callbacks
    result = self._execute_task(context, task_orig)
             ^^^^^^^^^^^^^^^^^^^^^^^^^^^^^^^^^^^^^^
  File "/home/airflow/.local/lib/python3.12/site-packages/airflow/models/taskinstance.py", line 3182, in _execute_task
    return _execute_task(self, context, task_orig)
           ^^^^^^^^^^^^^^^^^^^^^^^^^^^^^^^^^^^^^^^
  File "/home/airflow/.local/lib/python3.12/site-packages/airflow/models/taskinstance.py", line 767, in _execute_task
    result = _execute_callable(context=context, **execute_callable_kwargs)
             ^^^^^^^^^^^^^^^^^^^^^^^^^^^^^^^^^^^^^^^^^^^^^^^^^^^^^^^^^^^^^
  File "/home/airflow/.local/lib/python3.12/site-packages/airflow/models/taskinstance.py", line 733, in _execute_callable
    return ExecutionCallableRunner(
           ^^^^^^^^^^^^^^^^^^^^^^^^
  File "/home/airflow/.local/lib/python3.12/site-packages/airflow/utils/operator_helpers.py", line 252, in run
    return self.func(*args, **kwargs)
           ^^^^^^^^^^^^^^^^^^^^^^^^^^
  File "/home/airflow/.local/lib/python3.12/site-packages/airflow/models/baseoperator.py", line 406, in wrapper
    return func(self, *args, **kwargs)
           ^^^^^^^^^^^^^^^^^^^^^^^^^^^
  File "/home/airflow/.local/lib/python3.12/site-packages/airflow/operators/bash.py", line 249, in execute
    raise AirflowException(
airflow.exceptions.AirflowException: Bash command failed. The command returned a non-zero exit code 2.
[2025-06-02T01:20:56.952+0000] {local_task_job_runner.py:266} INFO - Task exited with return code 1
[2025-06-02T01:20:58.468+0000] {standard_task_runner.py:217} INFO - Process not found (most likely exited), stop collecting metrics
[2025-06-02T01:21:27.935+0000] {taskinstance.py:3900} INFO - 0 downstream tasks scheduled from follow-on schedule check
[2025-06-02T01:21:27.969+0000] {local_task_job_runner.py:245} INFO - ::endgroup::
