[2025-06-02T01:22:46.278+0000] {local_task_job_runner.py:123} INFO - ::group::Pre task execution logs
[2025-06-02T01:22:50.043+0000] {taskinstance.py:2612} INFO - Dependencies all met for dep_context=non-requeueable deps ti=<TaskInstance: log_monitoring_dag.start_spark_consumer scheduled__2025-06-02T00:30:00+00:00 [queued]>
[2025-06-02T01:22:50.386+0000] {taskinstance.py:2612} INFO - Dependencies all met for dep_context=requeueable deps ti=<TaskInstance: log_monitoring_dag.start_spark_consumer scheduled__2025-06-02T00:30:00+00:00 [queued]>
[2025-06-02T01:22:50.386+0000] {taskinstance.py:2865} INFO - Starting attempt 2 of 2
[2025-06-02T01:22:51.951+0000] {taskinstance.py:2888} INFO - Executing <Task(BashOperator): start_spark_consumer> on 2025-06-02 00:30:00+00:00
[2025-06-02T01:23:01.777+0000] {standard_task_runner.py:104} INFO - Running: ['***', 'tasks', 'run', 'log_monitoring_dag', 'start_spark_consumer', 'scheduled__2025-06-02T00:30:00+00:00', '--job-id', '69', '--raw', '--subdir', 'DAGS_FOLDER/log_monitoring_dag.py', '--cfg-path', '/tmp/tmpdm8tjqhs']
[2025-06-02T01:23:11.358+0000] {standard_task_runner.py:105} INFO - Job 69: Subtask start_spark_consumer
[2025-06-02T01:23:06.944+0000] {logging_mixin.py:190} WARNING - /home/***/.local/lib/python3.12/site-packages/***/task/task_runner/standard_task_runner.py:70 DeprecationWarning: This process (pid=518) is multi-threaded, use of fork() may lead to deadlocks in the child.
[2025-06-02T01:23:14.415+0000] {standard_task_runner.py:72} INFO - Started process 525 to run task
[2025-06-02T01:23:23.960+0000] {logging_mixin.py:190} WARNING - /home/***/.local/lib/python3.12/site-packages/***/settings.py:209 DeprecationWarning: The sql_alchemy_conn option in [core] has been moved to the sql_alchemy_conn option in [database] - the old setting has been used, but please update your config.
[2025-06-02T01:23:35.448+0000] {task_command.py:467} INFO - Running <TaskInstance: log_monitoring_dag.start_spark_consumer scheduled__2025-06-02T00:30:00+00:00 [running]> on host 95af1ae74a08
[2025-06-02T01:23:35.450+0000] {logging_mixin.py:190} WARNING - /home/***/.local/lib/python3.12/site-packages/***/settings.py:470 DeprecationWarning: The sql_alchemy_conn option in [core] has been moved to the sql_alchemy_conn option in [database] - the old setting has been used, but please update your config.
[2025-06-02T01:23:35.530+0000] {job.py:229} INFO - Heartbeat recovered after 52.20 seconds
[2025-06-02T01:23:41.352+0000] {taskinstance.py:3131} INFO - Exporting env vars: AIRFLOW_CTX_DAG_OWNER='***' AIRFLOW_CTX_DAG_ID='log_monitoring_dag' AIRFLOW_CTX_TASK_ID='start_spark_consumer' AIRFLOW_CTX_EXECUTION_DATE='2025-06-02T00:30:00+00:00' AIRFLOW_CTX_TRY_NUMBER='2' AIRFLOW_CTX_DAG_RUN_ID='scheduled__2025-06-02T00:30:00+00:00'
[2025-06-02T01:23:41.355+0000] {taskinstance.py:731} INFO - ::endgroup::
[2025-06-02T01:23:42.003+0000] {subprocess.py:63} INFO - Tmp dir root location: /tmp
[2025-06-02T01:23:42.810+0000] {subprocess.py:75} INFO - Running command: ['/usr/bin/bash', '-c', '\n            docker run --rm             --network realtime_log_monitoring_default             -v /opt/***/app:/app             bitnami/spark:3.3.0             spark-submit --packages org.apache.spark:spark-sql-kafka-0-10_2.12:3.2.0 /app/log_consumer.py\n        ']
[2025-06-02T01:23:43.339+0000] {subprocess.py:86} INFO - Output:
[2025-06-02T01:23:47.347+0000] {job.py:229} INFO - Heartbeat recovered after 12.50 seconds
[2025-06-02T01:24:18.336+0000] {job.py:229} INFO - Heartbeat recovered after 11.64 seconds
[2025-06-02T01:24:30.958+0000] {job.py:229} INFO - Heartbeat recovered after 12.85 seconds
[2025-06-02T01:24:41.478+0000] {job.py:229} INFO - Heartbeat recovered after 10.90 seconds
[2025-06-02T01:24:57.404+0000] {job.py:229} INFO - Heartbeat recovered after 10.75 seconds
[2025-06-02T01:25:08.277+0000] {job.py:229} INFO - Heartbeat recovered after 10.89 seconds
[2025-06-02T01:25:24.490+0000] {job.py:229} INFO - Heartbeat recovered after 16.23 seconds
[2025-06-02T01:25:52.923+0000] {job.py:229} INFO - Heartbeat recovered after 19.61 seconds
[2025-06-02T01:26:02.986+0000] {job.py:229} INFO - Heartbeat recovered after 11.23 seconds
[2025-06-02T01:26:21.471+0000] {subprocess.py:93} INFO - [38;5;6m [38;5;5m01:26:21.46 [0m
[2025-06-02T01:26:21.514+0000] {subprocess.py:93} INFO - [38;5;6m [38;5;5m01:26:21.47 [0m[1mWelcome to the Bitnami spark container[0m
[2025-06-02T01:26:21.515+0000] {subprocess.py:93} INFO - [38;5;6m [38;5;5m01:26:21.47 [0mSubscribe to project updates by watching [1mhttps://github.com/bitnami/containers[0m
[2025-06-02T01:26:21.515+0000] {subprocess.py:93} INFO - [38;5;6m [38;5;5m01:26:21.47 [0mSubmit issues and feature requests at [1mhttps://github.com/bitnami/containers/issues[0m
[2025-06-02T01:26:21.516+0000] {subprocess.py:93} INFO - [38;5;6m [38;5;5m01:26:21.47 [0m
[2025-06-02T01:26:22.307+0000] {subprocess.py:93} INFO - 
[2025-06-02T01:26:52.458+0000] {job.py:229} INFO - Heartbeat recovered after 16.87 seconds
[2025-06-02T01:27:17.204+0000] {job.py:229} INFO - Heartbeat recovered after 11.96 seconds
[2025-06-02T01:27:52.288+0000] {job.py:229} INFO - Heartbeat recovered after 35.97 seconds
[2025-06-02T01:28:06.997+0000] {job.py:229} INFO - Heartbeat recovered after 17.24 seconds
[2025-06-02T01:28:20.218+0000] {job.py:229} INFO - Heartbeat recovered after 13.36 seconds
[2025-06-02T01:28:42.639+0000] {job.py:229} INFO - Heartbeat recovered after 23.04 seconds
[2025-06-02T01:28:57.238+0000] {job.py:229} INFO - Heartbeat recovered after 16.25 seconds
[2025-06-02T01:29:24.096+0000] {job.py:229} INFO - Heartbeat recovered after 27.02 seconds
[2025-06-02T01:29:56.882+0000] {job.py:229} INFO - Heartbeat recovered after 33.17 seconds
[2025-06-02T01:30:19.134+0000] {job.py:229} INFO - Heartbeat recovered after 15.21 seconds
[2025-06-02T01:30:29.606+0000] {job.py:229} INFO - Heartbeat recovered after 11.54 seconds
[2025-06-02T01:30:47.375+0000] {job.py:229} INFO - Heartbeat recovered after 18.03 seconds
[2025-06-02T01:31:25.271+0000] {job.py:229} INFO - Heartbeat recovered after 13.13 seconds
[2025-06-02T01:31:37.663+0000] {subprocess.py:93} INFO - :: loading settings :: url = jar:file:/opt/bitnami/spark/jars/ivy-2.5.0.jar!/org/apache/ivy/core/settings/ivysettings.xml
[2025-06-02T01:31:41.622+0000] {subprocess.py:93} INFO - Ivy Default Cache set to: /opt/bitnami/spark/.ivy2/cache
[2025-06-02T01:31:41.807+0000] {subprocess.py:93} INFO - The jars for the packages stored in: /opt/bitnami/spark/.ivy2/jars
[2025-06-02T01:31:42.293+0000] {subprocess.py:93} INFO - org.apache.spark#spark-sql-kafka-0-10_2.12 added as a dependency
[2025-06-02T01:31:42.294+0000] {subprocess.py:93} INFO - :: resolving dependencies :: org.apache.spark#spark-submit-parent-045b91f7-d093-4026-90d5-188d0919e693;1.0
[2025-06-02T01:31:42.301+0000] {subprocess.py:93} INFO - 	confs: [default]
[2025-06-02T01:32:11.827+0000] {subprocess.py:93} INFO - You probably access the destination server through a proxy server that is not well configured.
[2025-06-02T01:32:16.689+0000] {subprocess.py:93} INFO - You probably access the destination server through a proxy server that is not well configured.
[2025-06-02T01:32:32.004+0000] {subprocess.py:93} INFO - :: resolution report :: resolve 51131ms :: artifacts dl 0ms
[2025-06-02T01:32:32.277+0000] {subprocess.py:93} INFO - 	:: modules in use:
[2025-06-02T01:32:32.363+0000] {subprocess.py:93} INFO - 	---------------------------------------------------------------------
[2025-06-02T01:32:32.384+0000] {subprocess.py:93} INFO - 	|                  |            modules            ||   artifacts   |
[2025-06-02T01:32:32.522+0000] {subprocess.py:93} INFO - 	|       conf       | number| search|dwnlded|evicted|| number|dwnlded|
[2025-06-02T01:32:32.756+0000] {subprocess.py:93} INFO - 	---------------------------------------------------------------------
[2025-06-02T01:32:32.757+0000] {subprocess.py:93} INFO - 	|      default     |   1   |   0   |   0   |   0   ||   0   |   0   |
[2025-06-02T01:32:32.758+0000] {subprocess.py:93} INFO - 	---------------------------------------------------------------------
[2025-06-02T01:32:32.759+0000] {subprocess.py:93} INFO - 
[2025-06-02T01:32:32.759+0000] {subprocess.py:93} INFO - :: problems summary ::
[2025-06-02T01:32:32.760+0000] {subprocess.py:93} INFO - :::: WARNINGS
[2025-06-02T01:32:32.761+0000] {subprocess.py:93} INFO - 	Host repo1.maven.org not found. url=https://repo1.maven.org/maven2/org/apache/spark/spark-sql-kafka-0-10_2.12/3.2.0/spark-sql-kafka-0-10_2.12-3.2.0.pom
[2025-06-02T01:32:32.761+0000] {subprocess.py:93} INFO - 
[2025-06-02T01:32:32.762+0000] {subprocess.py:93} INFO - 	Host repo1.maven.org not found. url=https://repo1.maven.org/maven2/org/apache/spark/spark-sql-kafka-0-10_2.12/3.2.0/spark-sql-kafka-0-10_2.12-3.2.0.jar
[2025-06-02T01:32:32.762+0000] {subprocess.py:93} INFO - 
[2025-06-02T01:32:32.763+0000] {subprocess.py:93} INFO - 		module not found: org.apache.spark#spark-sql-kafka-0-10_2.12;3.2.0
[2025-06-02T01:32:32.763+0000] {subprocess.py:93} INFO - 
[2025-06-02T01:32:32.764+0000] {subprocess.py:93} INFO - 	==== local-m2-cache: tried
[2025-06-02T01:32:32.765+0000] {subprocess.py:93} INFO - 
[2025-06-02T01:32:32.765+0000] {subprocess.py:93} INFO - 	  file:/opt/bitnami/spark/.m2/repository/org/apache/spark/spark-sql-kafka-0-10_2.12/3.2.0/spark-sql-kafka-0-10_2.12-3.2.0.pom
[2025-06-02T01:32:32.766+0000] {subprocess.py:93} INFO - 
[2025-06-02T01:32:32.766+0000] {subprocess.py:93} INFO - 	  -- artifact org.apache.spark#spark-sql-kafka-0-10_2.12;3.2.0!spark-sql-kafka-0-10_2.12.jar:
[2025-06-02T01:32:32.767+0000] {subprocess.py:93} INFO - 
[2025-06-02T01:32:32.767+0000] {subprocess.py:93} INFO - 	  file:/opt/bitnami/spark/.m2/repository/org/apache/spark/spark-sql-kafka-0-10_2.12/3.2.0/spark-sql-kafka-0-10_2.12-3.2.0.jar
[2025-06-02T01:32:32.781+0000] {subprocess.py:93} INFO - 
[2025-06-02T01:32:32.782+0000] {subprocess.py:93} INFO - 	==== local-ivy-cache: tried
[2025-06-02T01:32:32.783+0000] {subprocess.py:93} INFO - 
[2025-06-02T01:32:32.783+0000] {subprocess.py:93} INFO - 	  /opt/bitnami/spark/.ivy2/local/org.apache.spark/spark-sql-kafka-0-10_2.12/3.2.0/ivys/ivy.xml
[2025-06-02T01:32:32.784+0000] {subprocess.py:93} INFO - 
[2025-06-02T01:32:32.784+0000] {subprocess.py:93} INFO - 	  -- artifact org.apache.spark#spark-sql-kafka-0-10_2.12;3.2.0!spark-sql-kafka-0-10_2.12.jar:
[2025-06-02T01:32:32.785+0000] {subprocess.py:93} INFO - 
[2025-06-02T01:32:32.785+0000] {subprocess.py:93} INFO - 	  /opt/bitnami/spark/.ivy2/local/org.apache.spark/spark-sql-kafka-0-10_2.12/3.2.0/jars/spark-sql-kafka-0-10_2.12.jar
[2025-06-02T01:32:32.786+0000] {subprocess.py:93} INFO - 
[2025-06-02T01:32:32.786+0000] {subprocess.py:93} INFO - 	==== central: tried
[2025-06-02T01:32:32.786+0000] {subprocess.py:93} INFO - 
[2025-06-02T01:32:32.802+0000] {subprocess.py:93} INFO - 	  https://repo1.maven.org/maven2/org/apache/spark/spark-sql-kafka-0-10_2.12/3.2.0/spark-sql-kafka-0-10_2.12-3.2.0.pom
[2025-06-02T01:32:32.803+0000] {subprocess.py:93} INFO - 
[2025-06-02T01:32:32.803+0000] {subprocess.py:93} INFO - 	  -- artifact org.apache.spark#spark-sql-kafka-0-10_2.12;3.2.0!spark-sql-kafka-0-10_2.12.jar:
[2025-06-02T01:32:32.820+0000] {subprocess.py:93} INFO - 
[2025-06-02T01:32:32.821+0000] {subprocess.py:93} INFO - 	  https://repo1.maven.org/maven2/org/apache/spark/spark-sql-kafka-0-10_2.12/3.2.0/spark-sql-kafka-0-10_2.12-3.2.0.jar
[2025-06-02T01:32:32.822+0000] {subprocess.py:93} INFO - 
[2025-06-02T01:32:32.851+0000] {subprocess.py:93} INFO - 	==== spark-packages: tried
[2025-06-02T01:32:32.852+0000] {subprocess.py:93} INFO - 
[2025-06-02T01:32:32.852+0000] {subprocess.py:93} INFO - 	  https://repos.spark-packages.org/org/apache/spark/spark-sql-kafka-0-10_2.12/3.2.0/spark-sql-kafka-0-10_2.12-3.2.0.pom
[2025-06-02T01:32:32.853+0000] {subprocess.py:93} INFO - 
[2025-06-02T01:32:32.853+0000] {subprocess.py:93} INFO - 	  -- artifact org.apache.spark#spark-sql-kafka-0-10_2.12;3.2.0!spark-sql-kafka-0-10_2.12.jar:
[2025-06-02T01:32:32.854+0000] {subprocess.py:93} INFO - 
[2025-06-02T01:32:32.874+0000] {subprocess.py:93} INFO - 	  https://repos.spark-packages.org/org/apache/spark/spark-sql-kafka-0-10_2.12/3.2.0/spark-sql-kafka-0-10_2.12-3.2.0.jar
[2025-06-02T01:32:32.875+0000] {subprocess.py:93} INFO - 
[2025-06-02T01:32:32.875+0000] {subprocess.py:93} INFO - 		::::::::::::::::::::::::::::::::::::::::::::::
[2025-06-02T01:32:32.876+0000] {subprocess.py:93} INFO - 
[2025-06-02T01:32:32.876+0000] {subprocess.py:93} INFO - 		::          UNRESOLVED DEPENDENCIES         ::
[2025-06-02T01:32:32.877+0000] {subprocess.py:93} INFO - 
[2025-06-02T01:32:32.877+0000] {subprocess.py:93} INFO - 		::::::::::::::::::::::::::::::::::::::::::::::
[2025-06-02T01:32:32.877+0000] {subprocess.py:93} INFO - 
[2025-06-02T01:32:32.878+0000] {subprocess.py:93} INFO - 		:: org.apache.spark#spark-sql-kafka-0-10_2.12;3.2.0: not found
[2025-06-02T01:32:32.878+0000] {subprocess.py:93} INFO - 
[2025-06-02T01:32:32.879+0000] {subprocess.py:93} INFO - 		::::::::::::::::::::::::::::::::::::::::::::::
[2025-06-02T01:32:32.879+0000] {subprocess.py:93} INFO - 
[2025-06-02T01:32:32.880+0000] {subprocess.py:93} INFO - 
[2025-06-02T01:32:32.880+0000] {subprocess.py:93} INFO - 
[2025-06-02T01:32:32.880+0000] {subprocess.py:93} INFO - :: USE VERBOSE OR DEBUG MESSAGE LEVEL FOR MORE DETAILS
[2025-06-02T01:32:32.881+0000] {subprocess.py:93} INFO - Exception in thread "main" java.lang.RuntimeException: [unresolved dependency: org.apache.spark#spark-sql-kafka-0-10_2.12;3.2.0: not found]
[2025-06-02T01:32:32.881+0000] {subprocess.py:93} INFO - 	at org.apache.spark.deploy.SparkSubmitUtils$.resolveMavenCoordinates(SparkSubmit.scala:1456)
[2025-06-02T01:32:32.882+0000] {subprocess.py:93} INFO - 	at org.apache.spark.util.DependencyUtils$.resolveMavenDependencies(DependencyUtils.scala:185)
[2025-06-02T01:32:32.882+0000] {subprocess.py:93} INFO - 	at org.apache.spark.deploy.SparkSubmit.prepareSubmitEnvironment(SparkSubmit.scala:308)
[2025-06-02T01:32:33.030+0000] {subprocess.py:93} INFO - 	at org.apache.spark.deploy.SparkSubmit.org$apache$spark$deploy$SparkSubmit$$runMain(SparkSubmit.scala:901)
[2025-06-02T01:32:33.031+0000] {subprocess.py:93} INFO - 	at org.apache.spark.deploy.SparkSubmit.doRunMain$1(SparkSubmit.scala:180)
[2025-06-02T01:32:33.032+0000] {subprocess.py:93} INFO - 	at org.apache.spark.deploy.SparkSubmit.submit(SparkSubmit.scala:203)
[2025-06-02T01:32:33.032+0000] {subprocess.py:93} INFO - 	at org.apache.spark.deploy.SparkSubmit.doSubmit(SparkSubmit.scala:90)
[2025-06-02T01:32:33.033+0000] {subprocess.py:93} INFO - 	at org.apache.spark.deploy.SparkSubmit$$anon$2.doSubmit(SparkSubmit.scala:1046)
[2025-06-02T01:32:33.033+0000] {subprocess.py:93} INFO - 	at org.apache.spark.deploy.SparkSubmit$.main(SparkSubmit.scala:1055)
[2025-06-02T01:32:33.034+0000] {subprocess.py:93} INFO - 	at org.apache.spark.deploy.SparkSubmit.main(SparkSubmit.scala)
[2025-06-02T01:32:59.171+0000] {subprocess.py:97} INFO - Command exited with return code 1
[2025-06-02T01:33:07.224+0000] {taskinstance.py:3310} ERROR - Task failed with exception
Traceback (most recent call last):
  File "/home/airflow/.local/lib/python3.12/site-packages/airflow/models/taskinstance.py", line 767, in _execute_task
    result = _execute_callable(context=context, **execute_callable_kwargs)
             ^^^^^^^^^^^^^^^^^^^^^^^^^^^^^^^^^^^^^^^^^^^^^^^^^^^^^^^^^^^^^
  File "/home/airflow/.local/lib/python3.12/site-packages/airflow/models/taskinstance.py", line 733, in _execute_callable
    return ExecutionCallableRunner(
           ^^^^^^^^^^^^^^^^^^^^^^^^
  File "/home/airflow/.local/lib/python3.12/site-packages/airflow/utils/operator_helpers.py", line 252, in run
    return self.func(*args, **kwargs)
           ^^^^^^^^^^^^^^^^^^^^^^^^^^
  File "/home/airflow/.local/lib/python3.12/site-packages/airflow/models/baseoperator.py", line 406, in wrapper
    return func(self, *args, **kwargs)
           ^^^^^^^^^^^^^^^^^^^^^^^^^^^
  File "/home/airflow/.local/lib/python3.12/site-packages/airflow/operators/bash.py", line 249, in execute
    raise AirflowException(
airflow.exceptions.AirflowException: Bash command failed. The command returned a non-zero exit code 1.
[2025-06-02T01:33:08.278+0000] {taskinstance.py:1225} INFO - Marking task as FAILED. dag_id=log_monitoring_dag, task_id=start_spark_consumer, run_id=scheduled__2025-06-02T00:30:00+00:00, execution_date=20250602T003000, start_date=20250602T012250, end_date=20250602T013307
[2025-06-02T01:33:11.075+0000] {taskinstance.py:340} INFO - ::group::Post task execution logs
[2025-06-02T01:33:11.284+0000] {standard_task_runner.py:124} ERROR - Failed to execute job 69 for task start_spark_consumer (Bash command failed. The command returned a non-zero exit code 1.; 525)
Traceback (most recent call last):
  File "/home/airflow/.local/lib/python3.12/site-packages/airflow/task/task_runner/standard_task_runner.py", line 117, in _start_by_fork
    ret = args.func(args, dag=self.dag)
          ^^^^^^^^^^^^^^^^^^^^^^^^^^^^^
  File "/home/airflow/.local/lib/python3.12/site-packages/airflow/cli/cli_config.py", line 49, in command
    return func(*args, **kwargs)
           ^^^^^^^^^^^^^^^^^^^^^
  File "/home/airflow/.local/lib/python3.12/site-packages/airflow/utils/cli.py", line 115, in wrapper
    return f(*args, **kwargs)
           ^^^^^^^^^^^^^^^^^^
  File "/home/airflow/.local/lib/python3.12/site-packages/airflow/cli/commands/task_command.py", line 483, in task_run
    task_return_code = _run_task_by_selected_method(args, _dag, ti)
                       ^^^^^^^^^^^^^^^^^^^^^^^^^^^^^^^^^^^^^^^^^^^^
  File "/home/airflow/.local/lib/python3.12/site-packages/airflow/cli/commands/task_command.py", line 256, in _run_task_by_selected_method
    return _run_raw_task(args, ti)
           ^^^^^^^^^^^^^^^^^^^^^^^
  File "/home/airflow/.local/lib/python3.12/site-packages/airflow/cli/commands/task_command.py", line 341, in _run_raw_task
    return ti._run_raw_task(
           ^^^^^^^^^^^^^^^^^
  File "/home/airflow/.local/lib/python3.12/site-packages/airflow/utils/session.py", line 97, in wrapper
    return func(*args, session=session, **kwargs)
           ^^^^^^^^^^^^^^^^^^^^^^^^^^^^^^^^^^^^^^
  File "/home/airflow/.local/lib/python3.12/site-packages/airflow/models/taskinstance.py", line 3004, in _run_raw_task
    return _run_raw_task(
           ^^^^^^^^^^^^^^
  File "/home/airflow/.local/lib/python3.12/site-packages/airflow/models/taskinstance.py", line 273, in _run_raw_task
    TaskInstance._execute_task_with_callbacks(
  File "/home/airflow/.local/lib/python3.12/site-packages/airflow/models/taskinstance.py", line 3158, in _execute_task_with_callbacks
    result = self._execute_task(context, task_orig)
             ^^^^^^^^^^^^^^^^^^^^^^^^^^^^^^^^^^^^^^
  File "/home/airflow/.local/lib/python3.12/site-packages/airflow/models/taskinstance.py", line 3182, in _execute_task
    return _execute_task(self, context, task_orig)
           ^^^^^^^^^^^^^^^^^^^^^^^^^^^^^^^^^^^^^^^
  File "/home/airflow/.local/lib/python3.12/site-packages/airflow/models/taskinstance.py", line 767, in _execute_task
    result = _execute_callable(context=context, **execute_callable_kwargs)
             ^^^^^^^^^^^^^^^^^^^^^^^^^^^^^^^^^^^^^^^^^^^^^^^^^^^^^^^^^^^^^
  File "/home/airflow/.local/lib/python3.12/site-packages/airflow/models/taskinstance.py", line 733, in _execute_callable
    return ExecutionCallableRunner(
           ^^^^^^^^^^^^^^^^^^^^^^^^
  File "/home/airflow/.local/lib/python3.12/site-packages/airflow/utils/operator_helpers.py", line 252, in run
    return self.func(*args, **kwargs)
           ^^^^^^^^^^^^^^^^^^^^^^^^^^
  File "/home/airflow/.local/lib/python3.12/site-packages/airflow/models/baseoperator.py", line 406, in wrapper
    return func(self, *args, **kwargs)
           ^^^^^^^^^^^^^^^^^^^^^^^^^^^
  File "/home/airflow/.local/lib/python3.12/site-packages/airflow/operators/bash.py", line 249, in execute
    raise AirflowException(
airflow.exceptions.AirflowException: Bash command failed. The command returned a non-zero exit code 1.
[2025-06-02T01:33:11.903+0000] {local_task_job_runner.py:266} INFO - Task exited with return code 1
[2025-06-02T01:33:15.960+0000] {taskinstance.py:3900} INFO - 0 downstream tasks scheduled from follow-on schedule check
[2025-06-02T01:33:16.546+0000] {standard_task_runner.py:217} INFO - Process not found (most likely exited), stop collecting metrics
[2025-06-02T01:33:16.666+0000] {local_task_job_runner.py:245} INFO - ::endgroup::
