[2025-06-01T18:41:22.955+0000] {local_task_job_runner.py:123} INFO - ::group::Pre task execution logs
[2025-06-01T18:41:22.977+0000] {taskinstance.py:2612} INFO - Dependencies all met for dep_context=non-requeueable deps ti=<TaskInstance: log_monitoring_dag.start_spark_consumer scheduled__2025-06-01T18:00:00+00:00 [queued]>
[2025-06-01T18:41:22.986+0000] {taskinstance.py:2612} INFO - Dependencies all met for dep_context=requeueable deps ti=<TaskInstance: log_monitoring_dag.start_spark_consumer scheduled__2025-06-01T18:00:00+00:00 [queued]>
[2025-06-01T18:41:22.986+0000] {taskinstance.py:2865} INFO - Starting attempt 2 of 2
[2025-06-01T18:41:23.902+0000] {taskinstance.py:2888} INFO - Executing <Task(BashOperator): start_spark_consumer> on 2025-06-01 18:00:00+00:00
[2025-06-01T18:41:23.974+0000] {logging_mixin.py:190} WARNING - /home/***/.local/lib/python3.12/site-packages/***/task/task_runner/standard_task_runner.py:70 DeprecationWarning: This process (pid=1205) is multi-threaded, use of fork() may lead to deadlocks in the child.
[2025-06-01T18:41:24.209+0000] {standard_task_runner.py:72} INFO - Started process 1214 to run task
[2025-06-01T18:41:25.060+0000] {standard_task_runner.py:104} INFO - Running: ['***', 'tasks', 'run', 'log_monitoring_dag', 'start_spark_consumer', 'scheduled__2025-06-01T18:00:00+00:00', '--job-id', '99', '--raw', '--subdir', 'DAGS_FOLDER/log_monitoring_dag.py', '--cfg-path', '/tmp/tmpzhtwhetu']
[2025-06-01T18:41:25.518+0000] {standard_task_runner.py:105} INFO - Job 99: Subtask start_spark_consumer
[2025-06-01T18:41:27.852+0000] {logging_mixin.py:190} WARNING - /home/***/.local/lib/python3.12/site-packages/***/settings.py:209 DeprecationWarning: The sql_alchemy_conn option in [core] has been moved to the sql_alchemy_conn option in [database] - the old setting has been used, but please update your config.
[2025-06-01T18:41:31.037+0000] {task_command.py:467} INFO - Running <TaskInstance: log_monitoring_dag.start_spark_consumer scheduled__2025-06-01T18:00:00+00:00 [running]> on host 61a0313acf02
[2025-06-01T18:41:31.054+0000] {logging_mixin.py:190} WARNING - /home/***/.local/lib/python3.12/site-packages/***/settings.py:470 DeprecationWarning: The sql_alchemy_conn option in [core] has been moved to the sql_alchemy_conn option in [database] - the old setting has been used, but please update your config.
[2025-06-01T18:41:32.080+0000] {job.py:229} INFO - Heartbeat recovered after 11.17 seconds
[2025-06-01T18:41:35.051+0000] {taskinstance.py:3131} INFO - Exporting env vars: AIRFLOW_CTX_DAG_OWNER='***' AIRFLOW_CTX_DAG_ID='log_monitoring_dag' AIRFLOW_CTX_TASK_ID='start_spark_consumer' AIRFLOW_CTX_EXECUTION_DATE='2025-06-01T18:00:00+00:00' AIRFLOW_CTX_TRY_NUMBER='2' AIRFLOW_CTX_DAG_RUN_ID='scheduled__2025-06-01T18:00:00+00:00'
[2025-06-01T18:41:35.439+0000] {taskinstance.py:731} INFO - ::endgroup::
[2025-06-01T18:41:39.210+0000] {subprocess.py:63} INFO - Tmp dir root location: /tmp
[2025-06-01T18:41:39.503+0000] {subprocess.py:75} INFO - Running command: ['/usr/bin/bash', '-c', '\n            docker run --rm             --network realtime_log_monitoring_default             -v /opt/***/app:/app             bitnami/spark:3.3.0             spark-submit --packages org.apache.spark:spark-sql-kafka-0-10_2.12:3.2.0 /app/log_consumer.py\n        ']
[2025-06-01T18:41:39.517+0000] {subprocess.py:86} INFO - Output:
[2025-06-01T18:41:41.833+0000] {job.py:229} INFO - Heartbeat recovered after 10.62 seconds
[2025-06-01T18:42:08.992+0000] {job.py:229} INFO - Heartbeat recovered after 21.33 seconds
[2025-06-01T18:42:34.096+0000] {job.py:229} INFO - Heartbeat recovered after 26.06 seconds
[2025-06-01T18:43:05.867+0000] {job.py:229} INFO - Heartbeat recovered after 16.58 seconds
[2025-06-01T18:43:39.014+0000] {job.py:229} INFO - Heartbeat recovered after 34.30 seconds
[2025-06-01T18:43:48.884+0000] {job.py:229} INFO - Heartbeat recovered after 10.99 seconds
[2025-06-01T18:44:56.288+0000] {job.py:229} INFO - Heartbeat recovered after 13.66 seconds
[2025-06-01T18:45:04.655+0000] {job.py:229} INFO - Heartbeat recovered after 11.06 seconds
[2025-06-01T18:45:27.682+0000] {job.py:229} INFO - Heartbeat recovered after 11.59 seconds
[2025-06-01T18:46:32.855+0000] {job.py:229} INFO - Heartbeat recovered after 36.19 seconds
