[2025-06-01T18:41:34.100+0000] {local_task_job_runner.py:123} INFO - ::group::Pre task execution logs
[2025-06-01T18:41:36.702+0000] {taskinstance.py:2612} INFO - Dependencies all met for dep_context=non-requeueable deps ti=<TaskInstance: log_monitoring_dag.start_spark_consumer scheduled__2025-06-01T18:05:00+00:00 [queued]>
[2025-06-01T18:41:41.021+0000] {taskinstance.py:2612} INFO - Dependencies all met for dep_context=requeueable deps ti=<TaskInstance: log_monitoring_dag.start_spark_consumer scheduled__2025-06-01T18:05:00+00:00 [queued]>
[2025-06-01T18:41:41.050+0000] {taskinstance.py:2865} INFO - Starting attempt 2 of 2
[2025-06-01T18:41:41.888+0000] {taskinstance.py:2888} INFO - Executing <Task(BashOperator): start_spark_consumer> on 2025-06-01 18:05:00+00:00
[2025-06-01T18:41:42.024+0000] {logging_mixin.py:190} WARNING - /home/***/.local/lib/python3.12/site-packages/***/task/task_runner/standard_task_runner.py:70 DeprecationWarning: This process (pid=1206) is multi-threaded, use of fork() may lead to deadlocks in the child.
[2025-06-01T18:41:42.029+0000] {standard_task_runner.py:72} INFO - Started process 1231 to run task
[2025-06-01T18:41:42.046+0000] {standard_task_runner.py:104} INFO - Running: ['***', 'tasks', 'run', 'log_monitoring_dag', 'start_spark_consumer', 'scheduled__2025-06-01T18:05:00+00:00', '--job-id', '102', '--raw', '--subdir', 'DAGS_FOLDER/log_monitoring_dag.py', '--cfg-path', '/tmp/tmp7lj5_hc3']
[2025-06-01T18:41:42.073+0000] {standard_task_runner.py:105} INFO - Job 102: Subtask start_spark_consumer
[2025-06-01T18:41:44.033+0000] {logging_mixin.py:190} WARNING - /home/***/.local/lib/python3.12/site-packages/***/settings.py:209 DeprecationWarning: The sql_alchemy_conn option in [core] has been moved to the sql_alchemy_conn option in [database] - the old setting has been used, but please update your config.
[2025-06-01T18:41:45.202+0000] {task_command.py:467} INFO - Running <TaskInstance: log_monitoring_dag.start_spark_consumer scheduled__2025-06-01T18:05:00+00:00 [running]> on host 61a0313acf02
[2025-06-01T18:41:45.205+0000] {logging_mixin.py:190} WARNING - /home/***/.local/lib/python3.12/site-packages/***/settings.py:470 DeprecationWarning: The sql_alchemy_conn option in [core] has been moved to the sql_alchemy_conn option in [database] - the old setting has been used, but please update your config.
[2025-06-01T18:41:45.417+0000] {taskinstance.py:3131} INFO - Exporting env vars: AIRFLOW_CTX_DAG_OWNER='***' AIRFLOW_CTX_DAG_ID='log_monitoring_dag' AIRFLOW_CTX_TASK_ID='start_spark_consumer' AIRFLOW_CTX_EXECUTION_DATE='2025-06-01T18:05:00+00:00' AIRFLOW_CTX_TRY_NUMBER='2' AIRFLOW_CTX_DAG_RUN_ID='scheduled__2025-06-01T18:05:00+00:00'
[2025-06-01T18:41:45.418+0000] {taskinstance.py:731} INFO - ::endgroup::
[2025-06-01T18:41:46.087+0000] {subprocess.py:63} INFO - Tmp dir root location: /tmp
[2025-06-01T18:41:46.294+0000] {subprocess.py:75} INFO - Running command: ['/usr/bin/bash', '-c', '\n            docker run --rm             --network realtime_log_monitoring_default             -v /opt/***/app:/app             bitnami/spark:3.3.0             spark-submit --packages org.apache.spark:spark-sql-kafka-0-10_2.12:3.2.0 /app/log_consumer.py\n        ']
[2025-06-01T18:41:46.814+0000] {subprocess.py:86} INFO - Output:
[2025-06-01T18:41:48.201+0000] {job.py:229} INFO - Heartbeat recovered after 23.12 seconds
[2025-06-01T18:42:16.431+0000] {job.py:229} INFO - Heartbeat recovered after 28.29 seconds
[2025-06-01T18:42:37.338+0000] {job.py:229} INFO - Heartbeat recovered after 22.60 seconds
[2025-06-01T18:42:54.831+0000] {job.py:229} INFO - Heartbeat recovered after 17.51 seconds
[2025-06-01T18:43:31.699+0000] {job.py:229} INFO - Heartbeat recovered after 37.24 seconds
[2025-06-01T18:43:44.161+0000] {job.py:229} INFO - Heartbeat recovered after 17.51 seconds
[2025-06-01T18:45:19.332+0000] {job.py:229} INFO - Heartbeat recovered after 14.40 seconds
[2025-06-01T18:45:27.548+0000] {job.py:229} INFO - Heartbeat recovered after 17.18 seconds
[2025-06-01T18:46:31.838+0000] {job.py:229} INFO - Heartbeat recovered after 36.50 seconds
