[2025-06-01T18:41:44.263+0000] {local_task_job_runner.py:123} INFO - ::group::Pre task execution logs
[2025-06-01T18:42:00.382+0000] {taskinstance.py:2612} INFO - Dependencies all met for dep_context=non-requeueable deps ti=<TaskInstance: log_monitoring_dag.start_spark_consumer manual__2025-06-01T18:14:25.745126+00:00 [queued]>
[2025-06-01T18:42:07.876+0000] {taskinstance.py:2612} INFO - Dependencies all met for dep_context=requeueable deps ti=<TaskInstance: log_monitoring_dag.start_spark_consumer manual__2025-06-01T18:14:25.745126+00:00 [queued]>
[2025-06-01T18:42:07.908+0000] {taskinstance.py:2865} INFO - Starting attempt 1 of 2
[2025-06-01T18:42:14.363+0000] {taskinstance.py:2888} INFO - Executing <Task(BashOperator): start_spark_consumer> on 2025-06-01 18:14:25.745126+00:00
[2025-06-01T18:42:14.747+0000] {standard_task_runner.py:104} INFO - Running: ['***', 'tasks', 'run', 'log_monitoring_dag', 'start_spark_consumer', 'manual__2025-06-01T18:14:25.745126+00:00', '--job-id', '107', '--raw', '--subdir', 'DAGS_FOLDER/log_monitoring_dag.py', '--cfg-path', '/tmp/tmp8t56bi3h']
[2025-06-01T18:42:27.063+0000] {standard_task_runner.py:105} INFO - Job 107: Subtask start_spark_consumer
[2025-06-01T18:42:30.061+0000] {logging_mixin.py:190} WARNING - /home/***/.local/lib/python3.12/site-packages/***/task/task_runner/standard_task_runner.py:70 DeprecationWarning: This process (pid=1216) is multi-threaded, use of fork() may lead to deadlocks in the child.
[2025-06-01T18:42:30.816+0000] {standard_task_runner.py:72} INFO - Started process 1269 to run task
[2025-06-01T18:42:37.001+0000] {logging_mixin.py:190} WARNING - /home/***/.local/lib/python3.12/site-packages/***/settings.py:209 DeprecationWarning: The sql_alchemy_conn option in [core] has been moved to the sql_alchemy_conn option in [database] - the old setting has been used, but please update your config.
[2025-06-01T18:42:44.366+0000] {job.py:229} INFO - Heartbeat recovered after 64.82 seconds
[2025-06-01T18:42:48.337+0000] {task_command.py:467} INFO - Running <TaskInstance: log_monitoring_dag.start_spark_consumer manual__2025-06-01T18:14:25.745126+00:00 [running]> on host 61a0313acf02
[2025-06-01T18:42:56.647+0000] {job.py:229} INFO - Heartbeat recovered after 12.43 seconds
[2025-06-01T18:42:57.336+0000] {taskinstance.py:3131} INFO - Exporting env vars: AIRFLOW_CTX_DAG_OWNER='***' AIRFLOW_CTX_DAG_ID='log_monitoring_dag' AIRFLOW_CTX_TASK_ID='start_spark_consumer' AIRFLOW_CTX_EXECUTION_DATE='2025-06-01T18:14:25.745126+00:00' AIRFLOW_CTX_TRY_NUMBER='1' AIRFLOW_CTX_DAG_RUN_ID='manual__2025-06-01T18:14:25.745126+00:00'
[2025-06-01T18:42:58.687+0000] {taskinstance.py:731} INFO - ::endgroup::
[2025-06-01T18:42:58.764+0000] {subprocess.py:63} INFO - Tmp dir root location: /tmp
[2025-06-01T18:42:59.008+0000] {subprocess.py:75} INFO - Running command: ['/usr/bin/bash', '-c', '\n            docker run --rm             --network realtime_log_monitoring_default             -v /opt/***/app:/app             bitnami/spark:3.3.0             spark-submit --packages org.apache.spark:spark-sql-kafka-0-10_2.12:3.2.0 /app/log_consumer.py\n        ']
[2025-06-01T18:42:59.757+0000] {subprocess.py:86} INFO - Output:
[2025-06-01T18:43:13.815+0000] {job.py:229} INFO - Heartbeat recovered after 17.32 seconds
[2025-06-01T18:43:40.164+0000] {job.py:229} INFO - Heartbeat recovered after 27.72 seconds
[2025-06-01T18:44:58.285+0000] {job.py:229} INFO - Heartbeat recovered after 14.05 seconds
[2025-06-01T18:45:26.644+0000] {job.py:229} INFO - Heartbeat recovered after 10.55 seconds
[2025-06-01T18:46:33.277+0000] {job.py:229} INFO - Heartbeat recovered after 30.10 seconds
[2025-06-01T18:47:35.010+0000] {job.py:229} INFO - Heartbeat recovered after 71.11 seconds
