[2025-06-02T00:53:45.151+0000] {local_task_job_runner.py:123} INFO - ::group::Pre task execution logs
[2025-06-02T00:53:45.168+0000] {taskinstance.py:2612} INFO - Dependencies all met for dep_context=non-requeueable deps ti=<TaskInstance: log_monitoring_dag.start_log_producer scheduled__2025-06-02T00:45:00+00:00 [queued]>
[2025-06-02T00:53:45.176+0000] {taskinstance.py:2612} INFO - Dependencies all met for dep_context=requeueable deps ti=<TaskInstance: log_monitoring_dag.start_log_producer scheduled__2025-06-02T00:45:00+00:00 [queued]>
[2025-06-02T00:53:45.177+0000] {taskinstance.py:2865} INFO - Starting attempt 2 of 2
[2025-06-02T00:53:45.193+0000] {taskinstance.py:2888} INFO - Executing <Task(BashOperator): start_log_producer> on 2025-06-02 00:45:00+00:00
[2025-06-02T00:53:45.199+0000] {logging_mixin.py:190} WARNING - /home/***/.local/lib/python3.12/site-packages/***/task/task_runner/standard_task_runner.py:70 DeprecationWarning: This process (pid=359) is multi-threaded, use of fork() may lead to deadlocks in the child.
[2025-06-02T00:53:45.201+0000] {standard_task_runner.py:72} INFO - Started process 360 to run task
[2025-06-02T00:53:45.199+0000] {standard_task_runner.py:104} INFO - Running: ['***', 'tasks', 'run', 'log_monitoring_dag', 'start_log_producer', 'scheduled__2025-06-02T00:45:00+00:00', '--job-id', '60', '--raw', '--subdir', 'DAGS_FOLDER/log_monitoring_dag.py', '--cfg-path', '/tmp/tmpyodmjhla']
[2025-06-02T00:53:45.205+0000] {standard_task_runner.py:105} INFO - Job 60: Subtask start_log_producer
[2025-06-02T00:53:45.226+0000] {logging_mixin.py:190} WARNING - /home/***/.local/lib/python3.12/site-packages/***/settings.py:209 DeprecationWarning: The sql_alchemy_conn option in [core] has been moved to the sql_alchemy_conn option in [database] - the old setting has been used, but please update your config.
[2025-06-02T00:53:45.269+0000] {task_command.py:467} INFO - Running <TaskInstance: log_monitoring_dag.start_log_producer scheduled__2025-06-02T00:45:00+00:00 [running]> on host 95af1ae74a08
[2025-06-02T00:53:45.271+0000] {logging_mixin.py:190} WARNING - /home/***/.local/lib/python3.12/site-packages/***/settings.py:470 DeprecationWarning: The sql_alchemy_conn option in [core] has been moved to the sql_alchemy_conn option in [database] - the old setting has been used, but please update your config.
[2025-06-02T00:54:22.046+0000] {job.py:229} INFO - Heartbeat recovered after 36.95 seconds
[2025-06-02T00:54:24.990+0000] {taskinstance.py:3131} INFO - Exporting env vars: AIRFLOW_CTX_DAG_OWNER='***' AIRFLOW_CTX_DAG_ID='log_monitoring_dag' AIRFLOW_CTX_TASK_ID='start_log_producer' AIRFLOW_CTX_EXECUTION_DATE='2025-06-02T00:45:00+00:00' AIRFLOW_CTX_TRY_NUMBER='2' AIRFLOW_CTX_DAG_RUN_ID='scheduled__2025-06-02T00:45:00+00:00'
[2025-06-02T00:54:24.991+0000] {taskinstance.py:731} INFO - ::endgroup::
[2025-06-02T00:54:25.010+0000] {subprocess.py:63} INFO - Tmp dir root location: /tmp
[2025-06-02T00:54:25.011+0000] {subprocess.py:75} INFO - Running command: ['/usr/bin/bash', '-c', 'cd /opt/***/app && python -u log_producer.py']
[2025-06-02T00:54:25.020+0000] {subprocess.py:86} INFO - Output:
[2025-06-02T00:54:27.371+0000] {job.py:229} INFO - Heartbeat recovered after 37.07 seconds
[2025-06-02T00:55:25.266+0000] {job.py:229} INFO - Heartbeat recovered after 58.10 seconds
[2025-06-02T00:55:29.793+0000] {subprocess.py:93} INFO - Sent log: {'timestamp': '2025-06-02T00:55:27.721304', 'level': 'INFO', 'message': 'This is a log message'}
[2025-06-02T00:55:30.813+0000] {subprocess.py:93} INFO - Sent log: {'timestamp': '2025-06-02T00:55:30.811929', 'level': 'WARNING', 'message': 'This is a log message'}
[2025-06-02T00:55:31.816+0000] {subprocess.py:93} INFO - Sent log: {'timestamp': '2025-06-02T00:55:31.815731', 'level': 'ERROR', 'message': 'This is a log message'}
[2025-06-02T00:55:32.138+0000] {job.py:229} INFO - Heartbeat recovered after 59.70 seconds
[2025-06-02T00:55:32.845+0000] {subprocess.py:93} INFO - Sent log: {'timestamp': '2025-06-02T00:55:32.845575', 'level': 'ERROR', 'message': 'This is a log message'}
[2025-06-02T00:55:36.722+0000] {subprocess.py:93} INFO - Sent log: {'timestamp': '2025-06-02T00:55:36.721352', 'level': 'ERROR', 'message': 'This is a log message'}
[2025-06-02T00:58:02.186+0000] {job.py:229} INFO - Heartbeat recovered after 150.17 seconds
[2025-06-02T00:58:02.924+0000] {subprocess.py:97} INFO - Command exited with return code 0
[2025-06-02T00:58:05.098+0000] {taskinstance.py:340} INFO - ::group::Post task execution logs
[2025-06-02T00:58:05.100+0000] {taskinstance.py:352} INFO - Marking task as SUCCESS. dag_id=log_monitoring_dag, task_id=start_log_producer, run_id=scheduled__2025-06-02T00:45:00+00:00, execution_date=20250602T004500, start_date=20250602T005345, end_date=20250602T005805
[2025-06-02T00:58:06.503+0000] {local_task_job_runner.py:266} INFO - Task exited with return code 0
[2025-06-02T00:58:06.795+0000] {taskinstance.py:3900} INFO - 1 downstream tasks scheduled from follow-on schedule check
[2025-06-02T00:58:06.840+0000] {local_task_job_runner.py:245} INFO - ::endgroup::
