[2025-06-02T15:42:47.725+0000] {local_task_job_runner.py:123} INFO - ::group::Pre task execution logs
[2025-06-02T15:42:47.781+0000] {taskinstance.py:2612} INFO - Dependencies all met for dep_context=non-requeueable deps ti=<TaskInstance: log_monitoring_dag.start_log_producer manual__2025-06-02T15:37:47.618112+00:00 [queued]>
[2025-06-02T15:42:47.790+0000] {taskinstance.py:2612} INFO - Dependencies all met for dep_context=requeueable deps ti=<TaskInstance: log_monitoring_dag.start_log_producer manual__2025-06-02T15:37:47.618112+00:00 [queued]>
[2025-06-02T15:42:47.791+0000] {taskinstance.py:2865} INFO - Starting attempt 2 of 2
[2025-06-02T15:42:47.808+0000] {taskinstance.py:2888} INFO - Executing <Task(BashOperator): start_log_producer> on 2025-06-02 15:37:47.618112+00:00
[2025-06-02T15:42:47.817+0000] {logging_mixin.py:190} WARNING - /home/***/.local/lib/python3.12/site-packages/***/task/task_runner/standard_task_runner.py:70 DeprecationWarning: This process (pid=1600) is multi-threaded, use of fork() may lead to deadlocks in the child.
[2025-06-02T15:42:47.819+0000] {standard_task_runner.py:72} INFO - Started process 1601 to run task
[2025-06-02T15:42:47.817+0000] {standard_task_runner.py:104} INFO - Running: ['***', 'tasks', 'run', 'log_monitoring_dag', 'start_log_producer', 'manual__2025-06-02T15:37:47.618112+00:00', '--job-id', '118', '--raw', '--subdir', 'DAGS_FOLDER/log_monitoring_dag.py', '--cfg-path', '/tmp/tmpwh2bis27']
[2025-06-02T15:42:47.820+0000] {standard_task_runner.py:105} INFO - Job 118: Subtask start_log_producer
[2025-06-02T15:42:47.839+0000] {logging_mixin.py:190} WARNING - /home/***/.local/lib/python3.12/site-packages/***/settings.py:209 DeprecationWarning: The sql_alchemy_conn option in [core] has been moved to the sql_alchemy_conn option in [database] - the old setting has been used, but please update your config.
[2025-06-02T15:42:47.875+0000] {task_command.py:467} INFO - Running <TaskInstance: log_monitoring_dag.start_log_producer manual__2025-06-02T15:37:47.618112+00:00 [running]> on host c47ce43ea693
[2025-06-02T15:42:48.060+0000] {taskinstance.py:3131} INFO - Exporting env vars: AIRFLOW_CTX_DAG_OWNER='***' AIRFLOW_CTX_DAG_ID='log_monitoring_dag' AIRFLOW_CTX_TASK_ID='start_log_producer' AIRFLOW_CTX_EXECUTION_DATE='2025-06-02T15:37:47.618112+00:00' AIRFLOW_CTX_TRY_NUMBER='2' AIRFLOW_CTX_DAG_RUN_ID='manual__2025-06-02T15:37:47.618112+00:00'
[2025-06-02T15:42:48.061+0000] {taskinstance.py:731} INFO - ::endgroup::
[2025-06-02T15:42:48.197+0000] {subprocess.py:63} INFO - Tmp dir root location: /tmp
[2025-06-02T15:42:48.239+0000] {subprocess.py:75} INFO - Running command: ['/usr/bin/bash', '-c', 'cd /opt/***/app && python -u log_producer.py']
[2025-06-02T15:42:48.331+0000] {subprocess.py:86} INFO - Output:
[2025-06-02T15:42:52.580+0000] {subprocess.py:93} INFO - Sent log: {'timestamp': '2025-06-02T15:42:49.824059', 'level': 'ERROR', 'message': 'This is a log message'}
[2025-06-02T15:42:58.110+0000] {subprocess.py:93} INFO - Sent log: {'timestamp': '2025-06-02T15:42:58.109760', 'level': 'WARNING', 'message': 'This is a log message'}
[2025-06-02T15:42:59.113+0000] {subprocess.py:93} INFO - Sent log: {'timestamp': '2025-06-02T15:42:59.112366', 'level': 'ERROR', 'message': 'This is a log message'}
[2025-06-02T15:43:00.186+0000] {subprocess.py:93} INFO - Sent log: {'timestamp': '2025-06-02T15:43:00.185603', 'level': 'INFO', 'message': 'This is a log message'}
[2025-06-02T15:43:01.336+0000] {subprocess.py:93} INFO - Sent log: {'timestamp': '2025-06-02T15:43:01.335241', 'level': 'WARNING', 'message': 'This is a log message'}
[2025-06-02T15:43:02.338+0000] {subprocess.py:93} INFO - Sent log: {'timestamp': '2025-06-02T15:43:02.337701', 'level': 'WARNING', 'message': 'This is a log message'}
[2025-06-02T15:43:03.469+0000] {subprocess.py:93} INFO - Sent log: {'timestamp': '2025-06-02T15:43:03.469223', 'level': 'ERROR', 'message': 'This is a log message'}
[2025-06-02T15:43:04.471+0000] {subprocess.py:93} INFO - Sent log: {'timestamp': '2025-06-02T15:43:04.471639', 'level': 'WARNING', 'message': 'This is a log message'}
[2025-06-02T15:43:05.475+0000] {subprocess.py:93} INFO - Sent log: {'timestamp': '2025-06-02T15:43:05.474768', 'level': 'INFO', 'message': 'This is a log message'}
[2025-06-02T15:43:06.477+0000] {subprocess.py:93} INFO - Sent log: {'timestamp': '2025-06-02T15:43:06.477159', 'level': 'WARNING', 'message': 'This is a log message'}
[2025-06-02T15:43:07.479+0000] {subprocess.py:93} INFO - Sent log: {'timestamp': '2025-06-02T15:43:07.479410', 'level': 'WARNING', 'message': 'This is a log message'}
[2025-06-02T15:43:08.881+0000] {subprocess.py:93} INFO - Sent log: {'timestamp': '2025-06-02T15:43:08.881401', 'level': 'INFO', 'message': 'This is a log message'}
[2025-06-02T15:43:09.923+0000] {subprocess.py:93} INFO - Sent log: {'timestamp': '2025-06-02T15:43:09.922947', 'level': 'INFO', 'message': 'This is a log message'}
[2025-06-02T15:43:11.033+0000] {subprocess.py:93} INFO - Sent log: {'timestamp': '2025-06-02T15:43:11.033333', 'level': 'INFO', 'message': 'This is a log message'}
[2025-06-02T15:43:12.036+0000] {subprocess.py:93} INFO - Sent log: {'timestamp': '2025-06-02T15:43:12.035615', 'level': 'INFO', 'message': 'This is a log message'}
[2025-06-02T15:43:13.037+0000] {subprocess.py:93} INFO - Sent log: {'timestamp': '2025-06-02T15:43:13.037028', 'level': 'WARNING', 'message': 'This is a log message'}
[2025-06-02T15:43:14.177+0000] {subprocess.py:93} INFO - Sent log: {'timestamp': '2025-06-02T15:43:14.177559', 'level': 'ERROR', 'message': 'This is a log message'}
[2025-06-02T15:43:15.180+0000] {subprocess.py:93} INFO - Sent log: {'timestamp': '2025-06-02T15:43:15.180007', 'level': 'INFO', 'message': 'This is a log message'}
[2025-06-02T15:43:16.182+0000] {subprocess.py:93} INFO - Sent log: {'timestamp': '2025-06-02T15:43:16.182427', 'level': 'INFO', 'message': 'This is a log message'}
[2025-06-02T15:43:17.186+0000] {subprocess.py:93} INFO - Sent log: {'timestamp': '2025-06-02T15:43:17.184987', 'level': 'ERROR', 'message': 'This is a log message'}
[2025-06-02T15:43:18.188+0000] {subprocess.py:93} INFO - Sent log: {'timestamp': '2025-06-02T15:43:18.187913', 'level': 'WARNING', 'message': 'This is a log message'}
[2025-06-02T15:43:19.191+0000] {subprocess.py:93} INFO - Sent log: {'timestamp': '2025-06-02T15:43:19.190715', 'level': 'INFO', 'message': 'This is a log message'}
[2025-06-02T15:43:20.193+0000] {subprocess.py:93} INFO - Sent log: {'timestamp': '2025-06-02T15:43:20.193069', 'level': 'ERROR', 'message': 'This is a log message'}
[2025-06-02T15:43:21.229+0000] {subprocess.py:93} INFO - Sent log: {'timestamp': '2025-06-02T15:43:21.229073', 'level': 'ERROR', 'message': 'This is a log message'}
[2025-06-02T15:43:22.231+0000] {subprocess.py:93} INFO - Sent log: {'timestamp': '2025-06-02T15:43:22.231426', 'level': 'WARNING', 'message': 'This is a log message'}
[2025-06-02T15:43:23.235+0000] {subprocess.py:93} INFO - Sent log: {'timestamp': '2025-06-02T15:43:23.234578', 'level': 'INFO', 'message': 'This is a log message'}
[2025-06-02T15:43:24.238+0000] {subprocess.py:93} INFO - Sent log: {'timestamp': '2025-06-02T15:43:24.238380', 'level': 'INFO', 'message': 'This is a log message'}
[2025-06-02T15:43:25.241+0000] {subprocess.py:93} INFO - Sent log: {'timestamp': '2025-06-02T15:43:25.241131', 'level': 'WARNING', 'message': 'This is a log message'}
[2025-06-02T15:43:26.244+0000] {subprocess.py:93} INFO - Sent log: {'timestamp': '2025-06-02T15:43:26.243246', 'level': 'INFO', 'message': 'This is a log message'}
[2025-06-02T15:43:27.356+0000] {subprocess.py:93} INFO - Sent log: {'timestamp': '2025-06-02T15:43:27.356081', 'level': 'ERROR', 'message': 'This is a log message'}
[2025-06-02T15:43:28.358+0000] {subprocess.py:93} INFO - Sent log: {'timestamp': '2025-06-02T15:43:28.358440', 'level': 'ERROR', 'message': 'This is a log message'}
[2025-06-02T15:43:29.360+0000] {subprocess.py:93} INFO - Sent log: {'timestamp': '2025-06-02T15:43:29.360471', 'level': 'WARNING', 'message': 'This is a log message'}
[2025-06-02T15:43:30.363+0000] {subprocess.py:93} INFO - Sent log: {'timestamp': '2025-06-02T15:43:30.362918', 'level': 'INFO', 'message': 'This is a log message'}
[2025-06-02T15:43:31.393+0000] {subprocess.py:93} INFO - Sent log: {'timestamp': '2025-06-02T15:43:31.393300', 'level': 'WARNING', 'message': 'This is a log message'}
[2025-06-02T15:43:32.434+0000] {subprocess.py:93} INFO - Sent log: {'timestamp': '2025-06-02T15:43:32.433555', 'level': 'INFO', 'message': 'This is a log message'}
[2025-06-02T15:43:33.436+0000] {subprocess.py:93} INFO - Sent log: {'timestamp': '2025-06-02T15:43:33.436367', 'level': 'INFO', 'message': 'This is a log message'}
[2025-06-02T15:43:34.477+0000] {subprocess.py:93} INFO - Sent log: {'timestamp': '2025-06-02T15:43:34.476839', 'level': 'ERROR', 'message': 'This is a log message'}
[2025-06-02T15:43:35.481+0000] {subprocess.py:93} INFO - Sent log: {'timestamp': '2025-06-02T15:43:35.479560', 'level': 'INFO', 'message': 'This is a log message'}
[2025-06-02T15:43:36.483+0000] {subprocess.py:93} INFO - Sent log: {'timestamp': '2025-06-02T15:43:36.482638', 'level': 'ERROR', 'message': 'This is a log message'}
[2025-06-02T15:43:37.485+0000] {subprocess.py:93} INFO - Sent log: {'timestamp': '2025-06-02T15:43:37.485325', 'level': 'INFO', 'message': 'This is a log message'}
[2025-06-02T15:43:38.488+0000] {subprocess.py:93} INFO - Sent log: {'timestamp': '2025-06-02T15:43:38.487689', 'level': 'ERROR', 'message': 'This is a log message'}
[2025-06-02T15:43:39.491+0000] {subprocess.py:93} INFO - Sent log: {'timestamp': '2025-06-02T15:43:39.490536', 'level': 'ERROR', 'message': 'This is a log message'}
[2025-06-02T15:43:40.495+0000] {subprocess.py:93} INFO - Sent log: {'timestamp': '2025-06-02T15:43:40.494133', 'level': 'INFO', 'message': 'This is a log message'}
[2025-06-02T15:43:41.497+0000] {subprocess.py:93} INFO - Sent log: {'timestamp': '2025-06-02T15:43:41.497295', 'level': 'WARNING', 'message': 'This is a log message'}
[2025-06-02T15:43:42.500+0000] {subprocess.py:93} INFO - Sent log: {'timestamp': '2025-06-02T15:43:42.499726', 'level': 'INFO', 'message': 'This is a log message'}
[2025-06-02T15:43:43.501+0000] {subprocess.py:93} INFO - Sent log: {'timestamp': '2025-06-02T15:43:43.501095', 'level': 'WARNING', 'message': 'This is a log message'}
[2025-06-02T15:43:44.504+0000] {subprocess.py:93} INFO - Sent log: {'timestamp': '2025-06-02T15:43:44.503437', 'level': 'INFO', 'message': 'This is a log message'}
[2025-06-02T15:43:45.506+0000] {subprocess.py:93} INFO - Sent log: {'timestamp': '2025-06-02T15:43:45.505648', 'level': 'INFO', 'message': 'This is a log message'}
[2025-06-02T15:43:46.508+0000] {subprocess.py:93} INFO - Sent log: {'timestamp': '2025-06-02T15:43:46.507749', 'level': 'WARNING', 'message': 'This is a log message'}
[2025-06-02T15:43:47.511+0000] {subprocess.py:93} INFO - Sent log: {'timestamp': '2025-06-02T15:43:47.510992', 'level': 'INFO', 'message': 'This is a log message'}
[2025-06-02T15:43:48.514+0000] {subprocess.py:93} INFO - Sent log: {'timestamp': '2025-06-02T15:43:48.513618', 'level': 'ERROR', 'message': 'This is a log message'}
[2025-06-02T15:43:49.632+0000] {subprocess.py:93} INFO - Sent log: {'timestamp': '2025-06-02T15:43:49.631513', 'level': 'ERROR', 'message': 'This is a log message'}
[2025-06-02T15:43:50.636+0000] {subprocess.py:93} INFO - Sent log: {'timestamp': '2025-06-02T15:43:50.636056', 'level': 'ERROR', 'message': 'This is a log message'}
[2025-06-02T15:43:51.639+0000] {subprocess.py:93} INFO - Sent log: {'timestamp': '2025-06-02T15:43:51.638835', 'level': 'ERROR', 'message': 'This is a log message'}
[2025-06-02T15:43:52.642+0000] {subprocess.py:93} INFO - Sent log: {'timestamp': '2025-06-02T15:43:52.642284', 'level': 'INFO', 'message': 'This is a log message'}
[2025-06-02T15:43:53.645+0000] {subprocess.py:93} INFO - Sent log: {'timestamp': '2025-06-02T15:43:53.644405', 'level': 'INFO', 'message': 'This is a log message'}
[2025-06-02T15:43:54.647+0000] {subprocess.py:93} INFO - Sent log: {'timestamp': '2025-06-02T15:43:54.647511', 'level': 'INFO', 'message': 'This is a log message'}
[2025-06-02T15:43:55.650+0000] {subprocess.py:93} INFO - Sent log: {'timestamp': '2025-06-02T15:43:55.649888', 'level': 'WARNING', 'message': 'This is a log message'}
[2025-06-02T15:43:56.652+0000] {subprocess.py:93} INFO - Sent log: {'timestamp': '2025-06-02T15:43:56.652583', 'level': 'WARNING', 'message': 'This is a log message'}
[2025-06-02T15:43:57.655+0000] {subprocess.py:93} INFO - Sent log: {'timestamp': '2025-06-02T15:43:57.654972', 'level': 'WARNING', 'message': 'This is a log message'}
[2025-06-02T15:43:58.658+0000] {subprocess.py:93} INFO - Sent log: {'timestamp': '2025-06-02T15:43:58.657763', 'level': 'INFO', 'message': 'This is a log message'}
[2025-06-02T15:43:59.661+0000] {subprocess.py:93} INFO - Sent log: {'timestamp': '2025-06-02T15:43:59.660373', 'level': 'ERROR', 'message': 'This is a log message'}
[2025-06-02T15:44:00.680+0000] {subprocess.py:93} INFO - Sent log: {'timestamp': '2025-06-02T15:44:00.679989', 'level': 'WARNING', 'message': 'This is a log message'}
[2025-06-02T15:44:01.682+0000] {subprocess.py:93} INFO - Sent log: {'timestamp': '2025-06-02T15:44:01.682351', 'level': 'INFO', 'message': 'This is a log message'}
[2025-06-02T15:44:02.685+0000] {subprocess.py:93} INFO - Sent log: {'timestamp': '2025-06-02T15:44:02.684656', 'level': 'WARNING', 'message': 'This is a log message'}
[2025-06-02T15:44:03.688+0000] {subprocess.py:93} INFO - Sent log: {'timestamp': '2025-06-02T15:44:03.687874', 'level': 'ERROR', 'message': 'This is a log message'}
[2025-06-02T15:44:04.691+0000] {subprocess.py:93} INFO - Sent log: {'timestamp': '2025-06-02T15:44:04.690832', 'level': 'WARNING', 'message': 'This is a log message'}
[2025-06-02T15:44:05.694+0000] {subprocess.py:93} INFO - Sent log: {'timestamp': '2025-06-02T15:44:05.693892', 'level': 'INFO', 'message': 'This is a log message'}
[2025-06-02T15:44:06.781+0000] {subprocess.py:93} INFO - Sent log: {'timestamp': '2025-06-02T15:44:06.781075', 'level': 'WARNING', 'message': 'This is a log message'}
[2025-06-02T15:44:07.783+0000] {subprocess.py:93} INFO - Sent log: {'timestamp': '2025-06-02T15:44:07.783477', 'level': 'INFO', 'message': 'This is a log message'}
[2025-06-02T15:44:08.787+0000] {subprocess.py:93} INFO - Sent log: {'timestamp': '2025-06-02T15:44:08.787028', 'level': 'WARNING', 'message': 'This is a log message'}
[2025-06-02T15:44:09.789+0000] {subprocess.py:93} INFO - Sent log: {'timestamp': '2025-06-02T15:44:09.789533', 'level': 'WARNING', 'message': 'This is a log message'}
[2025-06-02T15:44:10.792+0000] {subprocess.py:93} INFO - Sent log: {'timestamp': '2025-06-02T15:44:10.792114', 'level': 'ERROR', 'message': 'This is a log message'}
[2025-06-02T15:44:11.794+0000] {subprocess.py:93} INFO - Sent log: {'timestamp': '2025-06-02T15:44:11.794516', 'level': 'INFO', 'message': 'This is a log message'}
[2025-06-02T15:44:12.796+0000] {subprocess.py:93} INFO - Sent log: {'timestamp': '2025-06-02T15:44:12.795214', 'level': 'ERROR', 'message': 'This is a log message'}
[2025-06-02T15:44:13.902+0000] {subprocess.py:93} INFO - Sent log: {'timestamp': '2025-06-02T15:44:13.901716', 'level': 'ERROR', 'message': 'This is a log message'}
[2025-06-02T15:44:14.905+0000] {subprocess.py:93} INFO - Sent log: {'timestamp': '2025-06-02T15:44:14.904768', 'level': 'INFO', 'message': 'This is a log message'}
[2025-06-02T15:44:15.907+0000] {subprocess.py:93} INFO - Sent log: {'timestamp': '2025-06-02T15:44:15.906856', 'level': 'ERROR', 'message': 'This is a log message'}
[2025-06-02T15:44:16.909+0000] {subprocess.py:93} INFO - Sent log: {'timestamp': '2025-06-02T15:44:16.909118', 'level': 'INFO', 'message': 'This is a log message'}
[2025-06-02T15:44:17.911+0000] {subprocess.py:93} INFO - Sent log: {'timestamp': '2025-06-02T15:44:17.911566', 'level': 'WARNING', 'message': 'This is a log message'}
[2025-06-02T15:44:18.914+0000] {subprocess.py:93} INFO - Sent log: {'timestamp': '2025-06-02T15:44:18.914427', 'level': 'INFO', 'message': 'This is a log message'}
[2025-06-02T15:44:19.918+0000] {subprocess.py:93} INFO - Sent log: {'timestamp': '2025-06-02T15:44:19.917179', 'level': 'INFO', 'message': 'This is a log message'}
[2025-06-02T15:44:20.920+0000] {subprocess.py:93} INFO - Sent log: {'timestamp': '2025-06-02T15:44:20.919812', 'level': 'WARNING', 'message': 'This is a log message'}
[2025-06-02T15:44:21.922+0000] {subprocess.py:93} INFO - Sent log: {'timestamp': '2025-06-02T15:44:21.922484', 'level': 'INFO', 'message': 'This is a log message'}
[2025-06-02T15:44:22.925+0000] {subprocess.py:93} INFO - Sent log: {'timestamp': '2025-06-02T15:44:22.924678', 'level': 'WARNING', 'message': 'This is a log message'}
[2025-06-02T15:44:23.927+0000] {subprocess.py:93} INFO - Sent log: {'timestamp': '2025-06-02T15:44:23.927030', 'level': 'ERROR', 'message': 'This is a log message'}
[2025-06-02T15:44:24.930+0000] {subprocess.py:93} INFO - Sent log: {'timestamp': '2025-06-02T15:44:24.929736', 'level': 'INFO', 'message': 'This is a log message'}
[2025-06-02T15:44:25.933+0000] {subprocess.py:93} INFO - Sent log: {'timestamp': '2025-06-02T15:44:25.932681', 'level': 'INFO', 'message': 'This is a log message'}
[2025-06-02T15:44:26.939+0000] {subprocess.py:93} INFO - Sent log: {'timestamp': '2025-06-02T15:44:26.936020', 'level': 'WARNING', 'message': 'This is a log message'}
[2025-06-02T15:44:27.945+0000] {subprocess.py:93} INFO - Sent log: {'timestamp': '2025-06-02T15:44:27.944023', 'level': 'ERROR', 'message': 'This is a log message'}
[2025-06-02T15:44:28.948+0000] {subprocess.py:93} INFO - Sent log: {'timestamp': '2025-06-02T15:44:28.947207', 'level': 'INFO', 'message': 'This is a log message'}
[2025-06-02T15:44:30.011+0000] {subprocess.py:93} INFO - Sent log: {'timestamp': '2025-06-02T15:44:30.010190', 'level': 'ERROR', 'message': 'This is a log message'}
[2025-06-02T15:44:31.013+0000] {subprocess.py:93} INFO - Sent log: {'timestamp': '2025-06-02T15:44:31.012868', 'level': 'ERROR', 'message': 'This is a log message'}
[2025-06-02T15:44:32.016+0000] {subprocess.py:93} INFO - Sent log: {'timestamp': '2025-06-02T15:44:32.015547', 'level': 'INFO', 'message': 'This is a log message'}
[2025-06-02T15:44:33.019+0000] {subprocess.py:93} INFO - Sent log: {'timestamp': '2025-06-02T15:44:33.018290', 'level': 'WARNING', 'message': 'This is a log message'}
[2025-06-02T15:44:34.021+0000] {subprocess.py:93} INFO - Sent log: {'timestamp': '2025-06-02T15:44:34.020852', 'level': 'WARNING', 'message': 'This is a log message'}
[2025-06-02T15:44:35.023+0000] {subprocess.py:93} INFO - Sent log: {'timestamp': '2025-06-02T15:44:35.022945', 'level': 'INFO', 'message': 'This is a log message'}
[2025-06-02T15:44:36.027+0000] {subprocess.py:93} INFO - Sent log: {'timestamp': '2025-06-02T15:44:36.025517', 'level': 'ERROR', 'message': 'This is a log message'}
[2025-06-02T15:44:37.139+0000] {subprocess.py:93} INFO - Sent log: {'timestamp': '2025-06-02T15:44:37.139268', 'level': 'INFO', 'message': 'This is a log message'}
[2025-06-02T15:44:38.142+0000] {subprocess.py:93} INFO - Sent log: {'timestamp': '2025-06-02T15:44:38.141410', 'level': 'ERROR', 'message': 'This is a log message'}
[2025-06-02T15:44:39.145+0000] {subprocess.py:93} INFO - Sent log: {'timestamp': '2025-06-02T15:44:39.144815', 'level': 'INFO', 'message': 'This is a log message'}
[2025-06-02T15:44:40.147+0000] {subprocess.py:93} INFO - Sent log: {'timestamp': '2025-06-02T15:44:40.146964', 'level': 'INFO', 'message': 'This is a log message'}
[2025-06-02T15:44:41.307+0000] {subprocess.py:93} INFO - Sent log: {'timestamp': '2025-06-02T15:44:41.306740', 'level': 'INFO', 'message': 'This is a log message'}
[2025-06-02T15:44:42.310+0000] {subprocess.py:93} INFO - Sent log: {'timestamp': '2025-06-02T15:44:42.310380', 'level': 'WARNING', 'message': 'This is a log message'}
[2025-06-02T15:44:43.311+0000] {subprocess.py:93} INFO - Sent log: {'timestamp': '2025-06-02T15:44:43.311219', 'level': 'ERROR', 'message': 'This is a log message'}
[2025-06-02T15:44:44.313+0000] {subprocess.py:93} INFO - Sent log: {'timestamp': '2025-06-02T15:44:44.313471', 'level': 'INFO', 'message': 'This is a log message'}
[2025-06-02T15:44:45.418+0000] {subprocess.py:93} INFO - Sent log: {'timestamp': '2025-06-02T15:44:45.417515', 'level': 'ERROR', 'message': 'This is a log message'}
[2025-06-02T15:44:46.421+0000] {subprocess.py:93} INFO - Sent log: {'timestamp': '2025-06-02T15:44:46.420184', 'level': 'INFO', 'message': 'This is a log message'}
[2025-06-02T15:44:47.425+0000] {subprocess.py:93} INFO - Sent log: {'timestamp': '2025-06-02T15:44:47.424441', 'level': 'WARNING', 'message': 'This is a log message'}
[2025-06-02T15:44:48.428+0000] {subprocess.py:93} INFO - Sent log: {'timestamp': '2025-06-02T15:44:48.427660', 'level': 'WARNING', 'message': 'This is a log message'}
[2025-06-02T15:44:49.432+0000] {subprocess.py:93} INFO - Sent log: {'timestamp': '2025-06-02T15:44:49.430399', 'level': 'INFO', 'message': 'This is a log message'}
[2025-06-02T15:44:50.482+0000] {subprocess.py:97} INFO - Command exited with return code 0
[2025-06-02T15:44:50.507+0000] {taskinstance.py:340} INFO - ::group::Post task execution logs
[2025-06-02T15:44:50.508+0000] {taskinstance.py:352} INFO - Marking task as SUCCESS. dag_id=log_monitoring_dag, task_id=start_log_producer, run_id=manual__2025-06-02T15:37:47.618112+00:00, execution_date=20250602T153747, start_date=20250602T154247, end_date=20250602T154450
[2025-06-02T15:44:50.541+0000] {local_task_job_runner.py:266} INFO - Task exited with return code 0
[2025-06-02T15:44:50.615+0000] {taskinstance.py:3900} INFO - 1 downstream tasks scheduled from follow-on schedule check
[2025-06-02T15:44:50.621+0000] {local_task_job_runner.py:245} INFO - ::endgroup::
