[2025-05-31T15:58:06.625+0000] {local_task_job_runner.py:123} INFO - ::group::Pre task execution logs
[2025-05-31T15:58:06.651+0000] {taskinstance.py:2612} INFO - Dependencies all met for dep_context=non-requeueable deps ti=<TaskInstance: log_monitoring_dag.start_log_producer manual__2025-05-31T15:56:48.344406+00:00 [queued]>
[2025-05-31T15:58:06.663+0000] {taskinstance.py:2612} INFO - Dependencies all met for dep_context=requeueable deps ti=<TaskInstance: log_monitoring_dag.start_log_producer manual__2025-05-31T15:56:48.344406+00:00 [queued]>
[2025-05-31T15:58:06.665+0000] {taskinstance.py:2865} INFO - Starting attempt 1 of 2
[2025-05-31T15:58:06.690+0000] {taskinstance.py:2888} INFO - Executing <Task(BashOperator): start_log_producer> on 2025-05-31 15:56:48.344406+00:00
[2025-05-31T15:58:06.702+0000] {logging_mixin.py:190} WARNING - /home/***/.local/lib/python3.12/site-packages/***/task/task_runner/standard_task_runner.py:70 DeprecationWarning: This process (pid=569) is multi-threaded, use of fork() may lead to deadlocks in the child.
[2025-05-31T15:58:06.704+0000] {standard_task_runner.py:72} INFO - Started process 570 to run task
[2025-05-31T15:58:06.702+0000] {standard_task_runner.py:104} INFO - Running: ['***', 'tasks', 'run', 'log_monitoring_dag', 'start_log_producer', 'manual__2025-05-31T15:56:48.344406+00:00', '--job-id', '199', '--raw', '--subdir', 'DAGS_FOLDER/log_monitoring_dag.py', '--cfg-path', '/tmp/tmp1bl251jj']
[2025-05-31T15:58:06.706+0000] {standard_task_runner.py:105} INFO - Job 199: Subtask start_log_producer
[2025-05-31T15:58:09.752+0000] {logging_mixin.py:190} WARNING - /home/***/.local/lib/python3.12/site-packages/***/settings.py:209 DeprecationWarning: The sql_alchemy_conn option in [core] has been moved to the sql_alchemy_conn option in [database] - the old setting has been used, but please update your config.
[2025-05-31T15:58:10.078+0000] {task_command.py:467} INFO - Running <TaskInstance: log_monitoring_dag.start_log_producer manual__2025-05-31T15:56:48.344406+00:00 [running]> on host 1d31c4e9dbe9
[2025-05-31T15:58:11.802+0000] {taskinstance.py:3131} INFO - Exporting env vars: AIRFLOW_CTX_DAG_OWNER='***' AIRFLOW_CTX_DAG_ID='log_monitoring_dag' AIRFLOW_CTX_TASK_ID='start_log_producer' AIRFLOW_CTX_EXECUTION_DATE='2025-05-31T15:56:48.344406+00:00' AIRFLOW_CTX_TRY_NUMBER='1' AIRFLOW_CTX_DAG_RUN_ID='manual__2025-05-31T15:56:48.344406+00:00'
[2025-05-31T15:58:12.176+0000] {taskinstance.py:731} INFO - ::endgroup::
[2025-05-31T15:58:12.202+0000] {subprocess.py:63} INFO - Tmp dir root location: /tmp
[2025-05-31T15:58:12.204+0000] {subprocess.py:75} INFO - Running command: ['/usr/bin/bash', '-c', 'cd /opt/***/app && python -u log_producer.py']
[2025-05-31T15:58:12.217+0000] {subprocess.py:86} INFO - Output:
[2025-05-31T15:58:14.087+0000] {subprocess.py:93} INFO - Sending log: {'timestamp': '2025-05-31 15:58:14', 'level': 'ERROR', 'message': 'Payment gateway timeout'}
[2025-05-31T15:58:16.192+0000] {subprocess.py:93} INFO - Sending log: {'timestamp': '2025-05-31 15:58:16', 'level': 'ERROR', 'message': 'Payment gateway timeout'}
[2025-05-31T15:58:18.193+0000] {subprocess.py:93} INFO - Sending log: {'timestamp': '2025-05-31 15:58:18', 'level': 'INFO', 'message': 'Page loaded'}
[2025-05-31T15:58:20.193+0000] {subprocess.py:93} INFO - Sending log: {'timestamp': '2025-05-31 15:58:20', 'level': 'INFO', 'message': 'Search executed'}
[2025-05-31T15:58:22.194+0000] {subprocess.py:93} INFO - Sending log: {'timestamp': '2025-05-31 15:58:22', 'level': 'INFO', 'message': 'Page loaded'}
[2025-05-31T15:58:24.194+0000] {subprocess.py:93} INFO - Sending log: {'timestamp': '2025-05-31 15:58:24', 'level': 'WARNING', 'message': 'Slow response time'}
[2025-05-31T15:58:26.195+0000] {subprocess.py:93} INFO - Sending log: {'timestamp': '2025-05-31 15:58:26', 'level': 'WARNING', 'message': 'High memory usage'}
[2025-05-31T15:58:28.350+0000] {subprocess.py:93} INFO - Sending log: {'timestamp': '2025-05-31 15:58:28', 'level': 'WARNING', 'message': 'Slow response time'}
[2025-05-31T15:58:30.350+0000] {subprocess.py:93} INFO - Sending log: {'timestamp': '2025-05-31 15:58:30', 'level': 'WARNING', 'message': 'Slow response time'}
[2025-05-31T15:58:32.351+0000] {subprocess.py:93} INFO - Sending log: {'timestamp': '2025-05-31 15:58:32', 'level': 'ERROR', 'message': 'Payment gateway timeout'}
[2025-05-31T15:58:34.353+0000] {subprocess.py:93} INFO - Sending log: {'timestamp': '2025-05-31 15:58:34', 'level': 'INFO', 'message': 'User logged in'}
[2025-05-31T15:58:36.356+0000] {subprocess.py:93} INFO - Sending log: {'timestamp': '2025-05-31 15:58:36', 'level': 'WARNING', 'message': 'High memory usage'}
[2025-05-31T15:58:38.357+0000] {subprocess.py:93} INFO - Sending log: {'timestamp': '2025-05-31 15:58:38', 'level': 'INFO', 'message': 'Page loaded'}
[2025-05-31T15:58:40.347+0000] {subprocess.py:93} INFO - Sending log: {'timestamp': '2025-05-31 15:58:40', 'level': 'WARNING', 'message': 'Slow response time'}
[2025-05-31T15:58:42.347+0000] {subprocess.py:93} INFO - Sending log: {'timestamp': '2025-05-31 15:58:42', 'level': 'INFO', 'message': 'Page loaded'}
[2025-05-31T15:58:44.348+0000] {subprocess.py:93} INFO - Sending log: {'timestamp': '2025-05-31 15:58:44', 'level': 'ERROR', 'message': 'Database connection failed'}
[2025-05-31T15:58:46.348+0000] {subprocess.py:93} INFO - Sending log: {'timestamp': '2025-05-31 15:58:46', 'level': 'ERROR', 'message': 'Payment gateway timeout'}
[2025-05-31T15:58:48.349+0000] {subprocess.py:93} INFO - Sending log: {'timestamp': '2025-05-31 15:58:48', 'level': 'ERROR', 'message': 'Payment gateway timeout'}
[2025-05-31T15:58:50.349+0000] {subprocess.py:93} INFO - Sending log: {'timestamp': '2025-05-31 15:58:50', 'level': 'ERROR', 'message': 'Database connection failed'}
[2025-05-31T15:58:52.405+0000] {subprocess.py:93} INFO - Sending log: {'timestamp': '2025-05-31 15:58:52', 'level': 'ERROR', 'message': 'Payment gateway timeout'}
[2025-05-31T15:58:54.406+0000] {subprocess.py:93} INFO - Sending log: {'timestamp': '2025-05-31 15:58:54', 'level': 'WARNING', 'message': 'High memory usage'}
[2025-05-31T15:58:56.406+0000] {subprocess.py:93} INFO - Sending log: {'timestamp': '2025-05-31 15:58:56', 'level': 'WARNING', 'message': 'High memory usage'}
[2025-05-31T15:58:58.407+0000] {subprocess.py:93} INFO - Sending log: {'timestamp': '2025-05-31 15:58:58', 'level': 'WARNING', 'message': 'Slow response time'}
[2025-05-31T15:59:00.407+0000] {subprocess.py:93} INFO - Sending log: {'timestamp': '2025-05-31 15:59:00', 'level': 'INFO', 'message': 'Page loaded'}
[2025-05-31T15:59:02.408+0000] {subprocess.py:93} INFO - Sending log: {'timestamp': '2025-05-31 15:59:02', 'level': 'ERROR', 'message': 'Payment gateway timeout'}
[2025-05-31T15:59:04.408+0000] {subprocess.py:93} INFO - Sending log: {'timestamp': '2025-05-31 15:59:04', 'level': 'ERROR', 'message': 'Database connection failed'}
[2025-05-31T15:59:06.409+0000] {subprocess.py:93} INFO - Sending log: {'timestamp': '2025-05-31 15:59:06', 'level': 'INFO', 'message': 'Page loaded'}
[2025-05-31T15:59:08.409+0000] {subprocess.py:93} INFO - Sending log: {'timestamp': '2025-05-31 15:59:08', 'level': 'INFO', 'message': 'Search executed'}
[2025-05-31T15:59:10.406+0000] {subprocess.py:93} INFO - Sending log: {'timestamp': '2025-05-31 15:59:10', 'level': 'WARNING', 'message': 'Slow response time'}
[2025-05-31T15:59:12.407+0000] {subprocess.py:93} INFO - Sending log: {'timestamp': '2025-05-31 15:59:12', 'level': 'INFO', 'message': 'Page loaded'}
[2025-05-31T15:59:14.494+0000] {subprocess.py:93} INFO - Sending log: {'timestamp': '2025-05-31 15:59:14', 'level': 'WARNING', 'message': 'High memory usage'}
[2025-05-31T15:59:16.494+0000] {subprocess.py:93} INFO - Sending log: {'timestamp': '2025-05-31 15:59:16', 'level': 'ERROR', 'message': 'Database connection failed'}
[2025-05-31T15:59:18.495+0000] {subprocess.py:93} INFO - Sending log: {'timestamp': '2025-05-31 15:59:18', 'level': 'ERROR', 'message': 'Payment gateway timeout'}
[2025-05-31T15:59:20.668+0000] {subprocess.py:93} INFO - Sending log: {'timestamp': '2025-05-31 15:59:20', 'level': 'WARNING', 'message': 'Slow response time'}
[2025-05-31T15:59:22.669+0000] {subprocess.py:93} INFO - Sending log: {'timestamp': '2025-05-31 15:59:22', 'level': 'ERROR', 'message': 'Payment gateway timeout'}
[2025-05-31T15:59:24.669+0000] {subprocess.py:93} INFO - Sending log: {'timestamp': '2025-05-31 15:59:24', 'level': 'ERROR', 'message': 'Database connection failed'}
[2025-05-31T15:59:26.851+0000] {subprocess.py:93} INFO - Sending log: {'timestamp': '2025-05-31 15:59:26', 'level': 'WARNING', 'message': 'High memory usage'}
[2025-05-31T15:59:28.852+0000] {subprocess.py:93} INFO - Sending log: {'timestamp': '2025-05-31 15:59:28', 'level': 'ERROR', 'message': 'Database connection failed'}
[2025-05-31T15:59:30.852+0000] {subprocess.py:93} INFO - Sending log: {'timestamp': '2025-05-31 15:59:30', 'level': 'INFO', 'message': 'Page loaded'}
[2025-05-31T15:59:32.853+0000] {subprocess.py:93} INFO - Sending log: {'timestamp': '2025-05-31 15:59:32', 'level': 'ERROR', 'message': 'Database connection failed'}
[2025-05-31T15:59:34.853+0000] {subprocess.py:93} INFO - Sending log: {'timestamp': '2025-05-31 15:59:34', 'level': 'INFO', 'message': 'Search executed'}
[2025-05-31T15:59:36.854+0000] {subprocess.py:93} INFO - Sending log: {'timestamp': '2025-05-31 15:59:36', 'level': 'ERROR', 'message': 'Database connection failed'}
[2025-05-31T15:59:38.855+0000] {subprocess.py:93} INFO - Sending log: {'timestamp': '2025-05-31 15:59:38', 'level': 'WARNING', 'message': 'Slow response time'}
[2025-05-31T15:59:40.855+0000] {subprocess.py:93} INFO - Sending log: {'timestamp': '2025-05-31 15:59:40', 'level': 'WARNING', 'message': 'Slow response time'}
[2025-05-31T15:59:42.859+0000] {subprocess.py:93} INFO - Sending log: {'timestamp': '2025-05-31 15:59:42', 'level': 'ERROR', 'message': 'Payment gateway timeout'}
[2025-05-31T15:59:44.860+0000] {subprocess.py:93} INFO - Sending log: {'timestamp': '2025-05-31 15:59:44', 'level': 'ERROR', 'message': 'Database connection failed'}
[2025-05-31T15:59:46.860+0000] {subprocess.py:93} INFO - Sending log: {'timestamp': '2025-05-31 15:59:46', 'level': 'WARNING', 'message': 'High memory usage'}
[2025-05-31T15:59:48.861+0000] {subprocess.py:93} INFO - Sending log: {'timestamp': '2025-05-31 15:59:48', 'level': 'WARNING', 'message': 'High memory usage'}
[2025-05-31T15:59:50.861+0000] {subprocess.py:93} INFO - Sending log: {'timestamp': '2025-05-31 15:59:50', 'level': 'INFO', 'message': 'Page loaded'}
[2025-05-31T15:59:52.862+0000] {subprocess.py:93} INFO - Sending log: {'timestamp': '2025-05-31 15:59:52', 'level': 'ERROR', 'message': 'Payment gateway timeout'}
[2025-05-31T15:59:54.862+0000] {subprocess.py:93} INFO - Sending log: {'timestamp': '2025-05-31 15:59:54', 'level': 'ERROR', 'message': 'Payment gateway timeout'}
[2025-05-31T15:59:56.863+0000] {subprocess.py:93} INFO - Sending log: {'timestamp': '2025-05-31 15:59:56', 'level': 'WARNING', 'message': 'Slow response time'}
[2025-05-31T15:59:58.863+0000] {subprocess.py:93} INFO - Sending log: {'timestamp': '2025-05-31 15:59:58', 'level': 'WARNING', 'message': 'Slow response time'}
[2025-05-31T16:00:00.863+0000] {subprocess.py:93} INFO - Sending log: {'timestamp': '2025-05-31 16:00:00', 'level': 'INFO', 'message': 'Page loaded'}
[2025-05-31T16:00:02.864+0000] {subprocess.py:93} INFO - Sending log: {'timestamp': '2025-05-31 16:00:02', 'level': 'INFO', 'message': 'Search executed'}
[2025-05-31T16:00:04.864+0000] {subprocess.py:93} INFO - Sending log: {'timestamp': '2025-05-31 16:00:04', 'level': 'WARNING', 'message': 'High memory usage'}
[2025-05-31T16:00:06.864+0000] {subprocess.py:93} INFO - Sending log: {'timestamp': '2025-05-31 16:00:06', 'level': 'WARNING', 'message': 'High memory usage'}
[2025-05-31T16:00:08.865+0000] {subprocess.py:93} INFO - Sending log: {'timestamp': '2025-05-31 16:00:08', 'level': 'INFO', 'message': 'Search executed'}
[2025-05-31T16:00:10.864+0000] {subprocess.py:93} INFO - Sending log: {'timestamp': '2025-05-31 16:00:10', 'level': 'ERROR', 'message': 'Payment gateway timeout'}
[2025-05-31T16:00:12.865+0000] {subprocess.py:93} INFO - Sending log: {'timestamp': '2025-05-31 16:00:12', 'level': 'WARNING', 'message': 'High memory usage'}
[2025-05-31T16:00:14.865+0000] {subprocess.py:93} INFO - Sending log: {'timestamp': '2025-05-31 16:00:14', 'level': 'INFO', 'message': 'User logged in'}
[2025-05-31T16:00:16.865+0000] {subprocess.py:93} INFO - Sending log: {'timestamp': '2025-05-31 16:00:16', 'level': 'ERROR', 'message': 'Database connection failed'}
[2025-05-31T16:00:18.866+0000] {subprocess.py:93} INFO - Sending log: {'timestamp': '2025-05-31 16:00:18', 'level': 'WARNING', 'message': 'High memory usage'}
[2025-05-31T16:00:20.866+0000] {subprocess.py:93} INFO - Sending log: {'timestamp': '2025-05-31 16:00:20', 'level': 'WARNING', 'message': 'High memory usage'}
[2025-05-31T16:00:22.867+0000] {subprocess.py:93} INFO - Sending log: {'timestamp': '2025-05-31 16:00:22', 'level': 'INFO', 'message': 'User logged in'}
[2025-05-31T16:00:24.867+0000] {subprocess.py:93} INFO - Sending log: {'timestamp': '2025-05-31 16:00:24', 'level': 'WARNING', 'message': 'High memory usage'}
[2025-05-31T16:00:26.867+0000] {subprocess.py:93} INFO - Sending log: {'timestamp': '2025-05-31 16:00:26', 'level': 'ERROR', 'message': 'Database connection failed'}
[2025-05-31T16:00:28.868+0000] {subprocess.py:93} INFO - Sending log: {'timestamp': '2025-05-31 16:00:28', 'level': 'ERROR', 'message': 'Database connection failed'}
[2025-05-31T16:00:30.868+0000] {subprocess.py:93} INFO - Sending log: {'timestamp': '2025-05-31 16:00:30', 'level': 'ERROR', 'message': 'Database connection failed'}
[2025-05-31T16:00:32.869+0000] {subprocess.py:93} INFO - Sending log: {'timestamp': '2025-05-31 16:00:32', 'level': 'WARNING', 'message': 'High memory usage'}
[2025-05-31T16:00:34.869+0000] {subprocess.py:93} INFO - Sending log: {'timestamp': '2025-05-31 16:00:34', 'level': 'INFO', 'message': 'Search executed'}
[2025-05-31T16:00:36.870+0000] {subprocess.py:93} INFO - Sending log: {'timestamp': '2025-05-31 16:00:36', 'level': 'ERROR', 'message': 'Database connection failed'}
[2025-05-31T16:00:38.870+0000] {subprocess.py:93} INFO - Sending log: {'timestamp': '2025-05-31 16:00:38', 'level': 'WARNING', 'message': 'High memory usage'}
[2025-05-31T16:00:40.870+0000] {subprocess.py:93} INFO - Sending log: {'timestamp': '2025-05-31 16:00:40', 'level': 'WARNING', 'message': 'High memory usage'}
[2025-05-31T16:00:42.870+0000] {subprocess.py:93} INFO - Sending log: {'timestamp': '2025-05-31 16:00:42', 'level': 'INFO', 'message': 'Search executed'}
[2025-05-31T16:00:44.871+0000] {subprocess.py:93} INFO - Sending log: {'timestamp': '2025-05-31 16:00:44', 'level': 'INFO', 'message': 'Page loaded'}
[2025-05-31T16:00:46.871+0000] {subprocess.py:93} INFO - Sending log: {'timestamp': '2025-05-31 16:00:46', 'level': 'WARNING', 'message': 'Slow response time'}
[2025-05-31T16:00:48.871+0000] {subprocess.py:93} INFO - Sending log: {'timestamp': '2025-05-31 16:00:48', 'level': 'ERROR', 'message': 'Database connection failed'}
[2025-05-31T16:00:50.872+0000] {subprocess.py:93} INFO - Sending log: {'timestamp': '2025-05-31 16:00:50', 'level': 'ERROR', 'message': 'Payment gateway timeout'}
[2025-05-31T16:00:52.872+0000] {subprocess.py:93} INFO - Sending log: {'timestamp': '2025-05-31 16:00:52', 'level': 'WARNING', 'message': 'High memory usage'}
[2025-05-31T16:00:54.873+0000] {subprocess.py:93} INFO - Sending log: {'timestamp': '2025-05-31 16:00:54', 'level': 'ERROR', 'message': 'Database connection failed'}
[2025-05-31T16:00:56.874+0000] {subprocess.py:93} INFO - Sending log: {'timestamp': '2025-05-31 16:00:56', 'level': 'INFO', 'message': 'Search executed'}
[2025-05-31T16:00:58.874+0000] {subprocess.py:93} INFO - Sending log: {'timestamp': '2025-05-31 16:00:58', 'level': 'WARNING', 'message': 'High memory usage'}
[2025-05-31T16:01:00.874+0000] {subprocess.py:93} INFO - Sending log: {'timestamp': '2025-05-31 16:01:00', 'level': 'ERROR', 'message': 'Payment gateway timeout'}
[2025-05-31T16:01:02.875+0000] {subprocess.py:93} INFO - Sending log: {'timestamp': '2025-05-31 16:01:02', 'level': 'WARNING', 'message': 'High memory usage'}
[2025-05-31T16:01:04.875+0000] {subprocess.py:93} INFO - Sending log: {'timestamp': '2025-05-31 16:01:04', 'level': 'ERROR', 'message': 'Database connection failed'}
[2025-05-31T16:01:06.875+0000] {subprocess.py:93} INFO - Sending log: {'timestamp': '2025-05-31 16:01:06', 'level': 'WARNING', 'message': 'High memory usage'}
[2025-05-31T16:01:08.876+0000] {subprocess.py:93} INFO - Sending log: {'timestamp': '2025-05-31 16:01:08', 'level': 'WARNING', 'message': 'High memory usage'}
[2025-05-31T16:01:10.875+0000] {subprocess.py:93} INFO - Sending log: {'timestamp': '2025-05-31 16:01:10', 'level': 'WARNING', 'message': 'High memory usage'}
[2025-05-31T16:01:12.875+0000] {subprocess.py:93} INFO - Sending log: {'timestamp': '2025-05-31 16:01:12', 'level': 'INFO', 'message': 'User logged in'}
[2025-05-31T16:01:14.876+0000] {subprocess.py:93} INFO - Sending log: {'timestamp': '2025-05-31 16:01:14', 'level': 'ERROR', 'message': 'Database connection failed'}
[2025-05-31T16:01:16.876+0000] {subprocess.py:93} INFO - Sending log: {'timestamp': '2025-05-31 16:01:16', 'level': 'ERROR', 'message': 'Payment gateway timeout'}
[2025-05-31T16:01:18.877+0000] {subprocess.py:93} INFO - Sending log: {'timestamp': '2025-05-31 16:01:18', 'level': 'WARNING', 'message': 'High memory usage'}
[2025-05-31T16:01:20.877+0000] {subprocess.py:93} INFO - Sending log: {'timestamp': '2025-05-31 16:01:20', 'level': 'ERROR', 'message': 'Database connection failed'}
[2025-05-31T16:01:22.877+0000] {subprocess.py:93} INFO - Sending log: {'timestamp': '2025-05-31 16:01:22', 'level': 'WARNING', 'message': 'High memory usage'}
[2025-05-31T16:01:24.878+0000] {subprocess.py:93} INFO - Sending log: {'timestamp': '2025-05-31 16:01:24', 'level': 'ERROR', 'message': 'Database connection failed'}
[2025-05-31T16:01:26.878+0000] {subprocess.py:93} INFO - Sending log: {'timestamp': '2025-05-31 16:01:26', 'level': 'ERROR', 'message': 'Database connection failed'}
[2025-05-31T16:01:28.879+0000] {subprocess.py:93} INFO - Sending log: {'timestamp': '2025-05-31 16:01:28', 'level': 'ERROR', 'message': 'Database connection failed'}
[2025-05-31T16:01:30.490+0000] {job.py:229} INFO - Heartbeat recovered after 157.92 seconds
[2025-05-31T16:01:30.937+0000] {subprocess.py:93} INFO - Sending log: {'timestamp': '2025-05-31 16:01:30', 'level': 'ERROR', 'message': 'Database connection failed'}
[2025-05-31T16:01:32.930+0000] {subprocess.py:93} INFO - Sending log: {'timestamp': '2025-05-31 16:01:32', 'level': 'WARNING', 'message': 'Slow response time'}
[2025-05-31T16:01:34.930+0000] {subprocess.py:93} INFO - Sending log: {'timestamp': '2025-05-31 16:01:34', 'level': 'WARNING', 'message': 'Slow response time'}
[2025-05-31T16:01:36.931+0000] {subprocess.py:93} INFO - Sending log: {'timestamp': '2025-05-31 16:01:36', 'level': 'WARNING', 'message': 'High memory usage'}
[2025-05-31T16:01:38.932+0000] {subprocess.py:93} INFO - Sending log: {'timestamp': '2025-05-31 16:01:38', 'level': 'ERROR', 'message': 'Database connection failed'}
[2025-05-31T16:01:40.940+0000] {subprocess.py:93} INFO - Sending log: {'timestamp': '2025-05-31 16:01:40', 'level': 'WARNING', 'message': 'High memory usage'}
[2025-05-31T16:01:41.767+0000] {job.py:229} INFO - Heartbeat recovered after 159.66 seconds
[2025-05-31T16:01:42.949+0000] {subprocess.py:93} INFO - Sending log: {'timestamp': '2025-05-31 16:01:42', 'level': 'ERROR', 'message': 'Payment gateway timeout'}
[2025-05-31T16:01:45.075+0000] {subprocess.py:93} INFO - Sending log: {'timestamp': '2025-05-31 16:01:45', 'level': 'INFO', 'message': 'User logged in'}
[2025-05-31T16:01:47.076+0000] {subprocess.py:93} INFO - Sending log: {'timestamp': '2025-05-31 16:01:47', 'level': 'ERROR', 'message': 'Database connection failed'}
[2025-05-31T16:01:49.155+0000] {subprocess.py:93} INFO - Sending log: {'timestamp': '2025-05-31 16:01:49', 'level': 'INFO', 'message': 'Page loaded'}
[2025-05-31T16:01:51.156+0000] {subprocess.py:93} INFO - Sending log: {'timestamp': '2025-05-31 16:01:51', 'level': 'INFO', 'message': 'User logged in'}
[2025-05-31T16:01:53.156+0000] {subprocess.py:93} INFO - Sending log: {'timestamp': '2025-05-31 16:01:53', 'level': 'INFO', 'message': 'User logged in'}
[2025-05-31T16:01:55.157+0000] {subprocess.py:93} INFO - Sending log: {'timestamp': '2025-05-31 16:01:55', 'level': 'WARNING', 'message': 'High memory usage'}
[2025-05-31T16:01:57.157+0000] {subprocess.py:93} INFO - Sending log: {'timestamp': '2025-05-31 16:01:57', 'level': 'ERROR', 'message': 'Database connection failed'}
[2025-05-31T16:01:59.158+0000] {subprocess.py:93} INFO - Sending log: {'timestamp': '2025-05-31 16:01:59', 'level': 'INFO', 'message': 'User logged in'}
[2025-05-31T16:02:01.158+0000] {subprocess.py:93} INFO - Sending log: {'timestamp': '2025-05-31 16:02:01', 'level': 'WARNING', 'message': 'Slow response time'}
[2025-05-31T16:02:03.159+0000] {subprocess.py:93} INFO - Sending log: {'timestamp': '2025-05-31 16:02:03', 'level': 'WARNING', 'message': 'Slow response time'}
[2025-05-31T16:02:05.159+0000] {subprocess.py:93} INFO - Sending log: {'timestamp': '2025-05-31 16:02:05', 'level': 'ERROR', 'message': 'Database connection failed'}
[2025-05-31T16:02:07.160+0000] {subprocess.py:93} INFO - Sending log: {'timestamp': '2025-05-31 16:02:07', 'level': 'INFO', 'message': 'Search executed'}
[2025-05-31T16:02:09.160+0000] {subprocess.py:93} INFO - Sending log: {'timestamp': '2025-05-31 16:02:09', 'level': 'INFO', 'message': 'Search executed'}
[2025-05-31T16:02:11.159+0000] {subprocess.py:93} INFO - Sending log: {'timestamp': '2025-05-31 16:02:11', 'level': 'ERROR', 'message': 'Payment gateway timeout'}
[2025-05-31T16:02:13.160+0000] {subprocess.py:93} INFO - Sending log: {'timestamp': '2025-05-31 16:02:13', 'level': 'ERROR', 'message': 'Payment gateway timeout'}
[2025-05-31T16:02:15.163+0000] {subprocess.py:93} INFO - Sending log: {'timestamp': '2025-05-31 16:02:15', 'level': 'ERROR', 'message': 'Database connection failed'}
[2025-05-31T16:02:17.164+0000] {subprocess.py:93} INFO - Sending log: {'timestamp': '2025-05-31 16:02:17', 'level': 'ERROR', 'message': 'Payment gateway timeout'}
[2025-05-31T16:02:19.164+0000] {subprocess.py:93} INFO - Sending log: {'timestamp': '2025-05-31 16:02:19', 'level': 'ERROR', 'message': 'Database connection failed'}
[2025-05-31T16:02:21.165+0000] {subprocess.py:93} INFO - Sending log: {'timestamp': '2025-05-31 16:02:21', 'level': 'INFO', 'message': 'User logged in'}
[2025-05-31T16:02:23.165+0000] {subprocess.py:93} INFO - Sending log: {'timestamp': '2025-05-31 16:02:23', 'level': 'WARNING', 'message': 'Slow response time'}
[2025-05-31T16:02:25.166+0000] {subprocess.py:93} INFO - Sending log: {'timestamp': '2025-05-31 16:02:25', 'level': 'INFO', 'message': 'User logged in'}
[2025-05-31T16:02:27.166+0000] {subprocess.py:93} INFO - Sending log: {'timestamp': '2025-05-31 16:02:27', 'level': 'ERROR', 'message': 'Database connection failed'}
[2025-05-31T16:02:29.175+0000] {subprocess.py:93} INFO - Sending log: {'timestamp': '2025-05-31 16:02:29', 'level': 'ERROR', 'message': 'Payment gateway timeout'}
[2025-05-31T16:02:31.173+0000] {subprocess.py:93} INFO - Sending log: {'timestamp': '2025-05-31 16:02:31', 'level': 'WARNING', 'message': 'High memory usage'}
[2025-05-31T16:02:33.185+0000] {subprocess.py:93} INFO - Sending log: {'timestamp': '2025-05-31 16:02:33', 'level': 'WARNING', 'message': 'High memory usage'}
[2025-05-31T16:02:35.185+0000] {subprocess.py:93} INFO - Sending log: {'timestamp': '2025-05-31 16:02:35', 'level': 'WARNING', 'message': 'Slow response time'}
[2025-05-31T16:02:37.186+0000] {subprocess.py:93} INFO - Sending log: {'timestamp': '2025-05-31 16:02:37', 'level': 'ERROR', 'message': 'Database connection failed'}
[2025-05-31T16:02:39.186+0000] {subprocess.py:93} INFO - Sending log: {'timestamp': '2025-05-31 16:02:39', 'level': 'ERROR', 'message': 'Payment gateway timeout'}
[2025-05-31T16:02:41.186+0000] {subprocess.py:93} INFO - Sending log: {'timestamp': '2025-05-31 16:02:41', 'level': 'WARNING', 'message': 'Slow response time'}
[2025-05-31T16:02:43.186+0000] {subprocess.py:93} INFO - Sending log: {'timestamp': '2025-05-31 16:02:43', 'level': 'WARNING', 'message': 'Slow response time'}
[2025-05-31T16:02:45.187+0000] {subprocess.py:93} INFO - Sending log: {'timestamp': '2025-05-31 16:02:45', 'level': 'INFO', 'message': 'User logged in'}
[2025-05-31T16:02:47.187+0000] {subprocess.py:93} INFO - Sending log: {'timestamp': '2025-05-31 16:02:47', 'level': 'INFO', 'message': 'Page loaded'}
[2025-05-31T16:02:49.188+0000] {subprocess.py:93} INFO - Sending log: {'timestamp': '2025-05-31 16:02:49', 'level': 'INFO', 'message': 'Search executed'}
[2025-05-31T16:02:51.188+0000] {subprocess.py:93} INFO - Sending log: {'timestamp': '2025-05-31 16:02:51', 'level': 'INFO', 'message': 'User logged in'}
[2025-05-31T16:02:53.189+0000] {subprocess.py:93} INFO - Sending log: {'timestamp': '2025-05-31 16:02:53', 'level': 'INFO', 'message': 'Search executed'}
[2025-05-31T16:02:55.189+0000] {subprocess.py:93} INFO - Sending log: {'timestamp': '2025-05-31 16:02:55', 'level': 'WARNING', 'message': 'Slow response time'}
[2025-05-31T16:02:57.190+0000] {subprocess.py:93} INFO - Sending log: {'timestamp': '2025-05-31 16:02:57', 'level': 'ERROR', 'message': 'Database connection failed'}
[2025-05-31T16:02:59.190+0000] {subprocess.py:93} INFO - Sending log: {'timestamp': '2025-05-31 16:02:59', 'level': 'WARNING', 'message': 'Slow response time'}
[2025-05-31T16:03:01.191+0000] {subprocess.py:93} INFO - Sending log: {'timestamp': '2025-05-31 16:03:01', 'level': 'ERROR', 'message': 'Payment gateway timeout'}
[2025-05-31T16:03:03.191+0000] {subprocess.py:93} INFO - Sending log: {'timestamp': '2025-05-31 16:03:03', 'level': 'ERROR', 'message': 'Database connection failed'}
[2025-05-31T16:03:05.192+0000] {subprocess.py:93} INFO - Sending log: {'timestamp': '2025-05-31 16:03:05', 'level': 'INFO', 'message': 'Search executed'}
[2025-05-31T16:03:07.192+0000] {subprocess.py:93} INFO - Sending log: {'timestamp': '2025-05-31 16:03:07', 'level': 'INFO', 'message': 'User logged in'}
[2025-05-31T16:03:09.193+0000] {subprocess.py:93} INFO - Sending log: {'timestamp': '2025-05-31 16:03:09', 'level': 'WARNING', 'message': 'High memory usage'}
[2025-05-31T16:03:11.193+0000] {subprocess.py:93} INFO - Sending log: {'timestamp': '2025-05-31 16:03:11', 'level': 'ERROR', 'message': 'Database connection failed'}
[2025-05-31T16:03:13.193+0000] {subprocess.py:93} INFO - Sending log: {'timestamp': '2025-05-31 16:03:13', 'level': 'INFO', 'message': 'User logged in'}
[2025-05-31T16:03:15.193+0000] {subprocess.py:93} INFO - Sending log: {'timestamp': '2025-05-31 16:03:15', 'level': 'INFO', 'message': 'Page loaded'}
[2025-05-31T16:03:17.194+0000] {subprocess.py:93} INFO - Sending log: {'timestamp': '2025-05-31 16:03:17', 'level': 'ERROR', 'message': 'Database connection failed'}
[2025-05-31T16:03:19.194+0000] {subprocess.py:93} INFO - Sending log: {'timestamp': '2025-05-31 16:03:19', 'level': 'INFO', 'message': 'Search executed'}
[2025-05-31T16:03:21.195+0000] {subprocess.py:93} INFO - Sending log: {'timestamp': '2025-05-31 16:03:21', 'level': 'WARNING', 'message': 'Slow response time'}
[2025-05-31T16:03:23.195+0000] {subprocess.py:93} INFO - Sending log: {'timestamp': '2025-05-31 16:03:23', 'level': 'ERROR', 'message': 'Database connection failed'}
[2025-05-31T16:03:25.196+0000] {subprocess.py:93} INFO - Sending log: {'timestamp': '2025-05-31 16:03:25', 'level': 'ERROR', 'message': 'Payment gateway timeout'}
[2025-05-31T16:03:27.196+0000] {subprocess.py:93} INFO - Sending log: {'timestamp': '2025-05-31 16:03:27', 'level': 'WARNING', 'message': 'Slow response time'}
[2025-05-31T16:03:29.197+0000] {subprocess.py:93} INFO - Sending log: {'timestamp': '2025-05-31 16:03:29', 'level': 'INFO', 'message': 'User logged in'}
[2025-05-31T16:03:31.197+0000] {subprocess.py:93} INFO - Sending log: {'timestamp': '2025-05-31 16:03:31', 'level': 'ERROR', 'message': 'Payment gateway timeout'}
[2025-05-31T16:03:33.198+0000] {subprocess.py:93} INFO - Sending log: {'timestamp': '2025-05-31 16:03:33', 'level': 'INFO', 'message': 'Search executed'}
[2025-05-31T16:03:35.198+0000] {subprocess.py:93} INFO - Sending log: {'timestamp': '2025-05-31 16:03:35', 'level': 'INFO', 'message': 'User logged in'}
[2025-05-31T16:03:37.199+0000] {subprocess.py:93} INFO - Sending log: {'timestamp': '2025-05-31 16:03:37', 'level': 'WARNING', 'message': 'Slow response time'}
[2025-05-31T16:03:39.200+0000] {subprocess.py:93} INFO - Sending log: {'timestamp': '2025-05-31 16:03:39', 'level': 'ERROR', 'message': 'Payment gateway timeout'}
[2025-05-31T16:03:41.199+0000] {subprocess.py:93} INFO - Sending log: {'timestamp': '2025-05-31 16:03:41', 'level': 'WARNING', 'message': 'Slow response time'}
[2025-05-31T16:03:43.200+0000] {subprocess.py:93} INFO - Sending log: {'timestamp': '2025-05-31 16:03:43', 'level': 'INFO', 'message': 'User logged in'}
[2025-05-31T16:03:45.200+0000] {subprocess.py:93} INFO - Sending log: {'timestamp': '2025-05-31 16:03:45', 'level': 'INFO', 'message': 'User logged in'}
[2025-05-31T16:03:47.201+0000] {subprocess.py:93} INFO - Sending log: {'timestamp': '2025-05-31 16:03:47', 'level': 'ERROR', 'message': 'Payment gateway timeout'}
[2025-05-31T16:03:49.202+0000] {subprocess.py:93} INFO - Sending log: {'timestamp': '2025-05-31 16:03:49', 'level': 'WARNING', 'message': 'High memory usage'}
[2025-05-31T16:03:51.203+0000] {subprocess.py:93} INFO - Sending log: {'timestamp': '2025-05-31 16:03:51', 'level': 'INFO', 'message': 'Search executed'}
[2025-05-31T16:03:53.204+0000] {subprocess.py:93} INFO - Sending log: {'timestamp': '2025-05-31 16:03:53', 'level': 'ERROR', 'message': 'Payment gateway timeout'}
[2025-05-31T16:03:55.204+0000] {subprocess.py:93} INFO - Sending log: {'timestamp': '2025-05-31 16:03:55', 'level': 'INFO', 'message': 'User logged in'}
[2025-05-31T16:03:57.205+0000] {subprocess.py:93} INFO - Sending log: {'timestamp': '2025-05-31 16:03:57', 'level': 'INFO', 'message': 'User logged in'}
[2025-05-31T16:03:59.206+0000] {subprocess.py:93} INFO - Sending log: {'timestamp': '2025-05-31 16:03:59', 'level': 'INFO', 'message': 'User logged in'}
[2025-05-31T16:04:01.206+0000] {subprocess.py:93} INFO - Sending log: {'timestamp': '2025-05-31 16:04:01', 'level': 'INFO', 'message': 'Page loaded'}
[2025-05-31T16:04:03.207+0000] {subprocess.py:93} INFO - Sending log: {'timestamp': '2025-05-31 16:04:03', 'level': 'WARNING', 'message': 'Slow response time'}
[2025-05-31T16:04:05.207+0000] {subprocess.py:93} INFO - Sending log: {'timestamp': '2025-05-31 16:04:05', 'level': 'ERROR', 'message': 'Payment gateway timeout'}
[2025-05-31T16:04:07.207+0000] {subprocess.py:93} INFO - Sending log: {'timestamp': '2025-05-31 16:04:07', 'level': 'WARNING', 'message': 'High memory usage'}
[2025-05-31T16:04:09.208+0000] {subprocess.py:93} INFO - Sending log: {'timestamp': '2025-05-31 16:04:09', 'level': 'WARNING', 'message': 'High memory usage'}
[2025-05-31T16:04:11.207+0000] {subprocess.py:93} INFO - Sending log: {'timestamp': '2025-05-31 16:04:11', 'level': 'INFO', 'message': 'User logged in'}
[2025-05-31T16:04:13.221+0000] {subprocess.py:93} INFO - Sending log: {'timestamp': '2025-05-31 16:04:13', 'level': 'WARNING', 'message': 'High memory usage'}
[2025-05-31T16:04:15.239+0000] {subprocess.py:93} INFO - Sending log: {'timestamp': '2025-05-31 16:04:15', 'level': 'INFO', 'message': 'User logged in'}
[2025-05-31T16:04:17.240+0000] {subprocess.py:93} INFO - Sending log: {'timestamp': '2025-05-31 16:04:17', 'level': 'WARNING', 'message': 'High memory usage'}
[2025-05-31T16:04:19.240+0000] {subprocess.py:93} INFO - Sending log: {'timestamp': '2025-05-31 16:04:19', 'level': 'INFO', 'message': 'User logged in'}
[2025-05-31T16:04:21.241+0000] {subprocess.py:93} INFO - Sending log: {'timestamp': '2025-05-31 16:04:21', 'level': 'INFO', 'message': 'User logged in'}
[2025-05-31T16:04:23.241+0000] {subprocess.py:93} INFO - Sending log: {'timestamp': '2025-05-31 16:04:23', 'level': 'INFO', 'message': 'User logged in'}
[2025-05-31T16:04:25.242+0000] {subprocess.py:93} INFO - Sending log: {'timestamp': '2025-05-31 16:04:25', 'level': 'WARNING', 'message': 'Slow response time'}
[2025-05-31T16:04:27.242+0000] {subprocess.py:93} INFO - Sending log: {'timestamp': '2025-05-31 16:04:27', 'level': 'ERROR', 'message': 'Payment gateway timeout'}
[2025-05-31T16:04:29.243+0000] {subprocess.py:93} INFO - Sending log: {'timestamp': '2025-05-31 16:04:29', 'level': 'INFO', 'message': 'Search executed'}
[2025-05-31T16:04:31.243+0000] {subprocess.py:93} INFO - Sending log: {'timestamp': '2025-05-31 16:04:31', 'level': 'WARNING', 'message': 'Slow response time'}
[2025-05-31T16:04:33.244+0000] {subprocess.py:93} INFO - Sending log: {'timestamp': '2025-05-31 16:04:33', 'level': 'INFO', 'message': 'Page loaded'}
[2025-05-31T16:04:35.244+0000] {subprocess.py:93} INFO - Sending log: {'timestamp': '2025-05-31 16:04:35', 'level': 'WARNING', 'message': 'Slow response time'}
[2025-05-31T16:04:37.245+0000] {subprocess.py:93} INFO - Sending log: {'timestamp': '2025-05-31 16:04:37', 'level': 'INFO', 'message': 'User logged in'}
[2025-05-31T16:04:39.262+0000] {subprocess.py:93} INFO - Sending log: {'timestamp': '2025-05-31 16:04:39', 'level': 'INFO', 'message': 'Search executed'}
[2025-05-31T16:04:41.261+0000] {subprocess.py:93} INFO - Sending log: {'timestamp': '2025-05-31 16:04:41', 'level': 'ERROR', 'message': 'Database connection failed'}
[2025-05-31T16:04:43.262+0000] {subprocess.py:93} INFO - Sending log: {'timestamp': '2025-05-31 16:04:43', 'level': 'WARNING', 'message': 'High memory usage'}
[2025-05-31T16:04:45.262+0000] {subprocess.py:93} INFO - Sending log: {'timestamp': '2025-05-31 16:04:45', 'level': 'ERROR', 'message': 'Database connection failed'}
[2025-05-31T16:04:47.263+0000] {subprocess.py:93} INFO - Sending log: {'timestamp': '2025-05-31 16:04:47', 'level': 'WARNING', 'message': 'Slow response time'}
[2025-05-31T16:04:49.263+0000] {subprocess.py:93} INFO - Sending log: {'timestamp': '2025-05-31 16:04:49', 'level': 'WARNING', 'message': 'Slow response time'}
[2025-05-31T16:04:51.416+0000] {subprocess.py:93} INFO - Sending log: {'timestamp': '2025-05-31 16:04:51', 'level': 'WARNING', 'message': 'Slow response time'}
[2025-05-31T16:04:53.417+0000] {subprocess.py:93} INFO - Sending log: {'timestamp': '2025-05-31 16:04:53', 'level': 'WARNING', 'message': 'High memory usage'}
[2025-05-31T16:04:55.417+0000] {subprocess.py:93} INFO - Sending log: {'timestamp': '2025-05-31 16:04:55', 'level': 'WARNING', 'message': 'High memory usage'}
[2025-05-31T16:04:57.418+0000] {subprocess.py:93} INFO - Sending log: {'timestamp': '2025-05-31 16:04:57', 'level': 'ERROR', 'message': 'Payment gateway timeout'}
[2025-05-31T16:04:59.418+0000] {subprocess.py:93} INFO - Sending log: {'timestamp': '2025-05-31 16:04:59', 'level': 'ERROR', 'message': 'Database connection failed'}
[2025-05-31T16:05:01.419+0000] {subprocess.py:93} INFO - Sending log: {'timestamp': '2025-05-31 16:05:01', 'level': 'WARNING', 'message': 'Slow response time'}
[2025-05-31T16:05:03.419+0000] {subprocess.py:93} INFO - Sending log: {'timestamp': '2025-05-31 16:05:03', 'level': 'ERROR', 'message': 'Database connection failed'}
[2025-05-31T16:05:05.420+0000] {subprocess.py:93} INFO - Sending log: {'timestamp': '2025-05-31 16:05:05', 'level': 'WARNING', 'message': 'Slow response time'}
[2025-05-31T16:05:07.420+0000] {subprocess.py:93} INFO - Sending log: {'timestamp': '2025-05-31 16:05:07', 'level': 'WARNING', 'message': 'Slow response time'}
[2025-05-31T16:05:09.421+0000] {subprocess.py:93} INFO - Sending log: {'timestamp': '2025-05-31 16:05:09', 'level': 'WARNING', 'message': 'High memory usage'}
[2025-05-31T16:05:11.444+0000] {subprocess.py:93} INFO - Sending log: {'timestamp': '2025-05-31 16:05:11', 'level': 'ERROR', 'message': 'Database connection failed'}
[2025-05-31T16:05:13.445+0000] {subprocess.py:93} INFO - Sending log: {'timestamp': '2025-05-31 16:05:13', 'level': 'WARNING', 'message': 'Slow response time'}
[2025-05-31T16:05:15.445+0000] {subprocess.py:93} INFO - Sending log: {'timestamp': '2025-05-31 16:05:15', 'level': 'INFO', 'message': 'User logged in'}
[2025-05-31T16:05:17.445+0000] {subprocess.py:93} INFO - Sending log: {'timestamp': '2025-05-31 16:05:17', 'level': 'WARNING', 'message': 'Slow response time'}
[2025-05-31T16:05:19.446+0000] {subprocess.py:93} INFO - Sending log: {'timestamp': '2025-05-31 16:05:19', 'level': 'WARNING', 'message': 'High memory usage'}
[2025-05-31T16:05:21.446+0000] {subprocess.py:93} INFO - Sending log: {'timestamp': '2025-05-31 16:05:21', 'level': 'ERROR', 'message': 'Database connection failed'}
[2025-05-31T16:05:23.447+0000] {subprocess.py:93} INFO - Sending log: {'timestamp': '2025-05-31 16:05:23', 'level': 'ERROR', 'message': 'Payment gateway timeout'}
[2025-05-31T16:05:25.447+0000] {subprocess.py:93} INFO - Sending log: {'timestamp': '2025-05-31 16:05:25', 'level': 'INFO', 'message': 'Search executed'}
[2025-05-31T16:05:27.448+0000] {subprocess.py:93} INFO - Sending log: {'timestamp': '2025-05-31 16:05:27', 'level': 'WARNING', 'message': 'Slow response time'}
[2025-05-31T16:05:29.448+0000] {subprocess.py:93} INFO - Sending log: {'timestamp': '2025-05-31 16:05:29', 'level': 'INFO', 'message': 'Search executed'}
[2025-05-31T16:05:31.449+0000] {subprocess.py:93} INFO - Sending log: {'timestamp': '2025-05-31 16:05:31', 'level': 'ERROR', 'message': 'Database connection failed'}
[2025-05-31T16:05:33.450+0000] {subprocess.py:93} INFO - Sending log: {'timestamp': '2025-05-31 16:05:33', 'level': 'ERROR', 'message': 'Database connection failed'}
[2025-05-31T16:05:35.450+0000] {subprocess.py:93} INFO - Sending log: {'timestamp': '2025-05-31 16:05:35', 'level': 'INFO', 'message': 'Search executed'}
[2025-05-31T16:05:37.451+0000] {subprocess.py:93} INFO - Sending log: {'timestamp': '2025-05-31 16:05:37', 'level': 'WARNING', 'message': 'High memory usage'}
[2025-05-31T16:05:39.451+0000] {subprocess.py:93} INFO - Sending log: {'timestamp': '2025-05-31 16:05:39', 'level': 'WARNING', 'message': 'High memory usage'}
[2025-05-31T16:05:41.451+0000] {subprocess.py:93} INFO - Sending log: {'timestamp': '2025-05-31 16:05:41', 'level': 'WARNING', 'message': 'Slow response time'}
[2025-05-31T16:05:43.451+0000] {subprocess.py:93} INFO - Sending log: {'timestamp': '2025-05-31 16:05:43', 'level': 'ERROR', 'message': 'Payment gateway timeout'}
[2025-05-31T16:05:45.452+0000] {subprocess.py:93} INFO - Sending log: {'timestamp': '2025-05-31 16:05:45', 'level': 'WARNING', 'message': 'High memory usage'}
[2025-05-31T16:05:47.456+0000] {subprocess.py:93} INFO - Sending log: {'timestamp': '2025-05-31 16:05:47', 'level': 'ERROR', 'message': 'Database connection failed'}
[2025-05-31T16:05:49.456+0000] {subprocess.py:93} INFO - Sending log: {'timestamp': '2025-05-31 16:05:49', 'level': 'WARNING', 'message': 'High memory usage'}
[2025-05-31T16:05:51.457+0000] {subprocess.py:93} INFO - Sending log: {'timestamp': '2025-05-31 16:05:51', 'level': 'ERROR', 'message': 'Payment gateway timeout'}
[2025-05-31T16:05:53.458+0000] {subprocess.py:93} INFO - Sending log: {'timestamp': '2025-05-31 16:05:53', 'level': 'WARNING', 'message': 'High memory usage'}
[2025-05-31T16:05:55.550+0000] {subprocess.py:93} INFO - Sending log: {'timestamp': '2025-05-31 16:05:55', 'level': 'ERROR', 'message': 'Database connection failed'}
[2025-05-31T16:05:57.550+0000] {subprocess.py:93} INFO - Sending log: {'timestamp': '2025-05-31 16:05:57', 'level': 'ERROR', 'message': 'Database connection failed'}
[2025-05-31T16:05:59.551+0000] {subprocess.py:93} INFO - Sending log: {'timestamp': '2025-05-31 16:05:59', 'level': 'ERROR', 'message': 'Payment gateway timeout'}
[2025-05-31T16:06:01.551+0000] {subprocess.py:93} INFO - Sending log: {'timestamp': '2025-05-31 16:06:01', 'level': 'WARNING', 'message': 'High memory usage'}
[2025-05-31T16:06:03.553+0000] {subprocess.py:93} INFO - Sending log: {'timestamp': '2025-05-31 16:06:03', 'level': 'WARNING', 'message': 'High memory usage'}
[2025-05-31T16:06:05.554+0000] {subprocess.py:93} INFO - Sending log: {'timestamp': '2025-05-31 16:06:05', 'level': 'ERROR', 'message': 'Database connection failed'}
[2025-05-31T16:06:07.671+0000] {subprocess.py:93} INFO - Sending log: {'timestamp': '2025-05-31 16:06:07', 'level': 'INFO', 'message': 'User logged in'}
[2025-05-31T16:06:09.671+0000] {subprocess.py:93} INFO - Sending log: {'timestamp': '2025-05-31 16:06:09', 'level': 'ERROR', 'message': 'Payment gateway timeout'}
[2025-05-31T16:06:11.671+0000] {subprocess.py:93} INFO - Sending log: {'timestamp': '2025-05-31 16:06:11', 'level': 'INFO', 'message': 'Search executed'}
[2025-05-31T16:06:13.671+0000] {subprocess.py:93} INFO - Sending log: {'timestamp': '2025-05-31 16:06:13', 'level': 'WARNING', 'message': 'High memory usage'}
[2025-05-31T16:06:15.672+0000] {subprocess.py:93} INFO - Sending log: {'timestamp': '2025-05-31 16:06:15', 'level': 'WARNING', 'message': 'High memory usage'}
[2025-05-31T16:06:17.672+0000] {subprocess.py:93} INFO - Sending log: {'timestamp': '2025-05-31 16:06:17', 'level': 'WARNING', 'message': 'Slow response time'}
[2025-05-31T16:06:19.673+0000] {subprocess.py:93} INFO - Sending log: {'timestamp': '2025-05-31 16:06:19', 'level': 'INFO', 'message': 'Page loaded'}
[2025-05-31T16:06:21.673+0000] {subprocess.py:93} INFO - Sending log: {'timestamp': '2025-05-31 16:06:21', 'level': 'INFO', 'message': 'User logged in'}
[2025-05-31T16:06:23.674+0000] {subprocess.py:93} INFO - Sending log: {'timestamp': '2025-05-31 16:06:23', 'level': 'ERROR', 'message': 'Payment gateway timeout'}
[2025-05-31T16:06:25.674+0000] {subprocess.py:93} INFO - Sending log: {'timestamp': '2025-05-31 16:06:25', 'level': 'ERROR', 'message': 'Payment gateway timeout'}
[2025-05-31T16:06:27.675+0000] {subprocess.py:93} INFO - Sending log: {'timestamp': '2025-05-31 16:06:27', 'level': 'ERROR', 'message': 'Payment gateway timeout'}
[2025-05-31T16:06:29.675+0000] {subprocess.py:93} INFO - Sending log: {'timestamp': '2025-05-31 16:06:29', 'level': 'ERROR', 'message': 'Payment gateway timeout'}
[2025-05-31T16:06:31.676+0000] {subprocess.py:93} INFO - Sending log: {'timestamp': '2025-05-31 16:06:31', 'level': 'ERROR', 'message': 'Payment gateway timeout'}
[2025-05-31T16:06:33.677+0000] {subprocess.py:93} INFO - Sending log: {'timestamp': '2025-05-31 16:06:33', 'level': 'INFO', 'message': 'Page loaded'}
[2025-05-31T16:06:35.677+0000] {subprocess.py:93} INFO - Sending log: {'timestamp': '2025-05-31 16:06:35', 'level': 'WARNING', 'message': 'High memory usage'}
[2025-05-31T16:06:37.678+0000] {subprocess.py:93} INFO - Sending log: {'timestamp': '2025-05-31 16:06:37', 'level': 'INFO', 'message': 'Search executed'}
[2025-05-31T16:06:39.678+0000] {subprocess.py:93} INFO - Sending log: {'timestamp': '2025-05-31 16:06:39', 'level': 'INFO', 'message': 'Search executed'}
[2025-05-31T16:06:41.677+0000] {subprocess.py:93} INFO - Sending log: {'timestamp': '2025-05-31 16:06:41', 'level': 'INFO', 'message': 'Page loaded'}
[2025-05-31T16:06:43.678+0000] {subprocess.py:93} INFO - Sending log: {'timestamp': '2025-05-31 16:06:43', 'level': 'INFO', 'message': 'Page loaded'}
[2025-05-31T16:06:45.678+0000] {subprocess.py:93} INFO - Sending log: {'timestamp': '2025-05-31 16:06:45', 'level': 'ERROR', 'message': 'Payment gateway timeout'}
[2025-05-31T16:06:47.793+0000] {subprocess.py:93} INFO - Sending log: {'timestamp': '2025-05-31 16:06:47', 'level': 'ERROR', 'message': 'Payment gateway timeout'}
[2025-05-31T16:06:49.793+0000] {subprocess.py:93} INFO - Sending log: {'timestamp': '2025-05-31 16:06:49', 'level': 'ERROR', 'message': 'Database connection failed'}
[2025-05-31T16:06:51.794+0000] {subprocess.py:93} INFO - Sending log: {'timestamp': '2025-05-31 16:06:51', 'level': 'INFO', 'message': 'User logged in'}
[2025-05-31T16:06:53.794+0000] {subprocess.py:93} INFO - Sending log: {'timestamp': '2025-05-31 16:06:53', 'level': 'ERROR', 'message': 'Database connection failed'}
[2025-05-31T16:06:55.795+0000] {subprocess.py:93} INFO - Sending log: {'timestamp': '2025-05-31 16:06:55', 'level': 'ERROR', 'message': 'Database connection failed'}
[2025-05-31T16:06:57.795+0000] {subprocess.py:93} INFO - Sending log: {'timestamp': '2025-05-31 16:06:57', 'level': 'ERROR', 'message': 'Database connection failed'}
[2025-05-31T16:06:59.796+0000] {subprocess.py:93} INFO - Sending log: {'timestamp': '2025-05-31 16:06:59', 'level': 'WARNING', 'message': 'Slow response time'}
[2025-05-31T16:07:01.796+0000] {subprocess.py:93} INFO - Sending log: {'timestamp': '2025-05-31 16:07:01', 'level': 'WARNING', 'message': 'Slow response time'}
[2025-05-31T16:07:03.797+0000] {subprocess.py:93} INFO - Sending log: {'timestamp': '2025-05-31 16:07:03', 'level': 'WARNING', 'message': 'High memory usage'}
[2025-05-31T16:07:05.798+0000] {subprocess.py:93} INFO - Sending log: {'timestamp': '2025-05-31 16:07:05', 'level': 'INFO', 'message': 'Page loaded'}
[2025-05-31T16:07:07.798+0000] {subprocess.py:93} INFO - Sending log: {'timestamp': '2025-05-31 16:07:07', 'level': 'WARNING', 'message': 'Slow response time'}
[2025-05-31T16:07:09.851+0000] {subprocess.py:93} INFO - Sending log: {'timestamp': '2025-05-31 16:07:09', 'level': 'WARNING', 'message': 'High memory usage'}
[2025-05-31T16:07:11.851+0000] {subprocess.py:93} INFO - Sending log: {'timestamp': '2025-05-31 16:07:11', 'level': 'WARNING', 'message': 'Slow response time'}
[2025-05-31T16:07:13.851+0000] {subprocess.py:93} INFO - Sending log: {'timestamp': '2025-05-31 16:07:13', 'level': 'INFO', 'message': 'User logged in'}
[2025-05-31T16:07:15.852+0000] {subprocess.py:93} INFO - Sending log: {'timestamp': '2025-05-31 16:07:15', 'level': 'WARNING', 'message': 'Slow response time'}
[2025-05-31T16:07:17.852+0000] {subprocess.py:93} INFO - Sending log: {'timestamp': '2025-05-31 16:07:17', 'level': 'WARNING', 'message': 'High memory usage'}
[2025-05-31T16:07:19.852+0000] {subprocess.py:93} INFO - Sending log: {'timestamp': '2025-05-31 16:07:19', 'level': 'ERROR', 'message': 'Database connection failed'}
[2025-05-31T16:07:21.853+0000] {subprocess.py:93} INFO - Sending log: {'timestamp': '2025-05-31 16:07:21', 'level': 'INFO', 'message': 'Search executed'}
[2025-05-31T16:07:23.853+0000] {subprocess.py:93} INFO - Sending log: {'timestamp': '2025-05-31 16:07:23', 'level': 'ERROR', 'message': 'Database connection failed'}
[2025-05-31T16:07:25.854+0000] {subprocess.py:93} INFO - Sending log: {'timestamp': '2025-05-31 16:07:25', 'level': 'WARNING', 'message': 'High memory usage'}
[2025-05-31T16:07:27.855+0000] {subprocess.py:93} INFO - Sending log: {'timestamp': '2025-05-31 16:07:27', 'level': 'INFO', 'message': 'Page loaded'}
[2025-05-31T16:07:29.855+0000] {subprocess.py:93} INFO - Sending log: {'timestamp': '2025-05-31 16:07:29', 'level': 'ERROR', 'message': 'Database connection failed'}
[2025-05-31T16:07:31.855+0000] {subprocess.py:93} INFO - Sending log: {'timestamp': '2025-05-31 16:07:31', 'level': 'INFO', 'message': 'User logged in'}
[2025-05-31T16:07:33.856+0000] {subprocess.py:93} INFO - Sending log: {'timestamp': '2025-05-31 16:07:33', 'level': 'ERROR', 'message': 'Payment gateway timeout'}
[2025-05-31T16:07:35.856+0000] {subprocess.py:93} INFO - Sending log: {'timestamp': '2025-05-31 16:07:35', 'level': 'INFO', 'message': 'User logged in'}
[2025-05-31T16:07:37.857+0000] {subprocess.py:93} INFO - Sending log: {'timestamp': '2025-05-31 16:07:37', 'level': 'WARNING', 'message': 'Slow response time'}
[2025-05-31T16:07:39.857+0000] {subprocess.py:93} INFO - Sending log: {'timestamp': '2025-05-31 16:07:39', 'level': 'ERROR', 'message': 'Payment gateway timeout'}
[2025-05-31T16:07:41.856+0000] {subprocess.py:93} INFO - Sending log: {'timestamp': '2025-05-31 16:07:41', 'level': 'ERROR', 'message': 'Payment gateway timeout'}
[2025-05-31T16:07:43.857+0000] {subprocess.py:93} INFO - Sending log: {'timestamp': '2025-05-31 16:07:43', 'level': 'ERROR', 'message': 'Payment gateway timeout'}
[2025-05-31T16:07:45.857+0000] {subprocess.py:93} INFO - Sending log: {'timestamp': '2025-05-31 16:07:45', 'level': 'WARNING', 'message': 'Slow response time'}
[2025-05-31T16:07:47.858+0000] {subprocess.py:93} INFO - Sending log: {'timestamp': '2025-05-31 16:07:47', 'level': 'WARNING', 'message': 'High memory usage'}
[2025-05-31T16:07:49.858+0000] {subprocess.py:93} INFO - Sending log: {'timestamp': '2025-05-31 16:07:49', 'level': 'ERROR', 'message': 'Database connection failed'}
[2025-05-31T16:07:51.858+0000] {subprocess.py:93} INFO - Sending log: {'timestamp': '2025-05-31 16:07:51', 'level': 'WARNING', 'message': 'Slow response time'}
[2025-05-31T16:07:53.859+0000] {subprocess.py:93} INFO - Sending log: {'timestamp': '2025-05-31 16:07:53', 'level': 'INFO', 'message': 'Page loaded'}
[2025-05-31T16:07:55.859+0000] {subprocess.py:93} INFO - Sending log: {'timestamp': '2025-05-31 16:07:55', 'level': 'INFO', 'message': 'Search executed'}
[2025-05-31T16:07:57.860+0000] {subprocess.py:93} INFO - Sending log: {'timestamp': '2025-05-31 16:07:57', 'level': 'WARNING', 'message': 'Slow response time'}
[2025-05-31T16:07:59.860+0000] {subprocess.py:93} INFO - Sending log: {'timestamp': '2025-05-31 16:07:59', 'level': 'WARNING', 'message': 'Slow response time'}
[2025-05-31T16:08:01.861+0000] {subprocess.py:93} INFO - Sending log: {'timestamp': '2025-05-31 16:08:01', 'level': 'WARNING', 'message': 'High memory usage'}
[2025-05-31T16:08:03.861+0000] {subprocess.py:93} INFO - Sending log: {'timestamp': '2025-05-31 16:08:03', 'level': 'ERROR', 'message': 'Payment gateway timeout'}
[2025-05-31T16:08:05.875+0000] {subprocess.py:93} INFO - Sending log: {'timestamp': '2025-05-31 16:08:05', 'level': 'INFO', 'message': 'Search executed'}
[2025-05-31T16:08:07.875+0000] {subprocess.py:93} INFO - Sending log: {'timestamp': '2025-05-31 16:08:07', 'level': 'WARNING', 'message': 'High memory usage'}
[2025-05-31T16:08:09.876+0000] {subprocess.py:93} INFO - Sending log: {'timestamp': '2025-05-31 16:08:09', 'level': 'ERROR', 'message': 'Payment gateway timeout'}
[2025-05-31T16:08:11.875+0000] {subprocess.py:93} INFO - Sending log: {'timestamp': '2025-05-31 16:08:11', 'level': 'ERROR', 'message': 'Payment gateway timeout'}
[2025-05-31T16:08:13.875+0000] {subprocess.py:93} INFO - Sending log: {'timestamp': '2025-05-31 16:08:13', 'level': 'INFO', 'message': 'Search executed'}
[2025-05-31T16:08:15.876+0000] {subprocess.py:93} INFO - Sending log: {'timestamp': '2025-05-31 16:08:15', 'level': 'WARNING', 'message': 'Slow response time'}
[2025-05-31T16:08:17.876+0000] {subprocess.py:93} INFO - Sending log: {'timestamp': '2025-05-31 16:08:17', 'level': 'WARNING', 'message': 'Slow response time'}
[2025-05-31T16:08:19.877+0000] {subprocess.py:93} INFO - Sending log: {'timestamp': '2025-05-31 16:08:19', 'level': 'ERROR', 'message': 'Payment gateway timeout'}
[2025-05-31T16:08:21.877+0000] {subprocess.py:93} INFO - Sending log: {'timestamp': '2025-05-31 16:08:21', 'level': 'WARNING', 'message': 'Slow response time'}
[2025-05-31T16:08:23.877+0000] {subprocess.py:93} INFO - Sending log: {'timestamp': '2025-05-31 16:08:23', 'level': 'INFO', 'message': 'Page loaded'}
[2025-05-31T16:08:25.878+0000] {subprocess.py:93} INFO - Sending log: {'timestamp': '2025-05-31 16:08:25', 'level': 'WARNING', 'message': 'High memory usage'}
[2025-05-31T16:08:27.878+0000] {subprocess.py:93} INFO - Sending log: {'timestamp': '2025-05-31 16:08:27', 'level': 'ERROR', 'message': 'Payment gateway timeout'}
[2025-05-31T16:08:29.879+0000] {subprocess.py:93} INFO - Sending log: {'timestamp': '2025-05-31 16:08:29', 'level': 'WARNING', 'message': 'High memory usage'}
[2025-05-31T16:08:31.879+0000] {subprocess.py:93} INFO - Sending log: {'timestamp': '2025-05-31 16:08:31', 'level': 'WARNING', 'message': 'High memory usage'}
[2025-05-31T16:08:33.881+0000] {subprocess.py:93} INFO - Sending log: {'timestamp': '2025-05-31 16:08:33', 'level': 'WARNING', 'message': 'Slow response time'}
[2025-05-31T16:08:35.882+0000] {subprocess.py:93} INFO - Sending log: {'timestamp': '2025-05-31 16:08:35', 'level': 'INFO', 'message': 'Search executed'}
[2025-05-31T16:08:37.883+0000] {subprocess.py:93} INFO - Sending log: {'timestamp': '2025-05-31 16:08:37', 'level': 'ERROR', 'message': 'Payment gateway timeout'}
[2025-05-31T16:08:39.883+0000] {subprocess.py:93} INFO - Sending log: {'timestamp': '2025-05-31 16:08:39', 'level': 'ERROR', 'message': 'Database connection failed'}
[2025-05-31T16:08:41.883+0000] {subprocess.py:93} INFO - Sending log: {'timestamp': '2025-05-31 16:08:41', 'level': 'ERROR', 'message': 'Database connection failed'}
[2025-05-31T16:08:43.884+0000] {subprocess.py:93} INFO - Sending log: {'timestamp': '2025-05-31 16:08:43', 'level': 'INFO', 'message': 'User logged in'}
[2025-05-31T16:08:45.884+0000] {subprocess.py:93} INFO - Sending log: {'timestamp': '2025-05-31 16:08:45', 'level': 'WARNING', 'message': 'Slow response time'}
[2025-05-31T16:08:47.885+0000] {subprocess.py:93} INFO - Sending log: {'timestamp': '2025-05-31 16:08:47', 'level': 'INFO', 'message': 'Page loaded'}
[2025-05-31T16:08:49.885+0000] {subprocess.py:93} INFO - Sending log: {'timestamp': '2025-05-31 16:08:49', 'level': 'WARNING', 'message': 'High memory usage'}
[2025-05-31T16:08:51.886+0000] {subprocess.py:93} INFO - Sending log: {'timestamp': '2025-05-31 16:08:51', 'level': 'WARNING', 'message': 'High memory usage'}
[2025-05-31T16:08:53.886+0000] {subprocess.py:93} INFO - Sending log: {'timestamp': '2025-05-31 16:08:53', 'level': 'INFO', 'message': 'User logged in'}
[2025-05-31T16:08:55.887+0000] {subprocess.py:93} INFO - Sending log: {'timestamp': '2025-05-31 16:08:55', 'level': 'INFO', 'message': 'Search executed'}
[2025-05-31T16:08:57.887+0000] {subprocess.py:93} INFO - Sending log: {'timestamp': '2025-05-31 16:08:57', 'level': 'WARNING', 'message': 'Slow response time'}
[2025-05-31T16:08:59.888+0000] {subprocess.py:93} INFO - Sending log: {'timestamp': '2025-05-31 16:08:59', 'level': 'INFO', 'message': 'Search executed'}
[2025-05-31T16:09:01.889+0000] {subprocess.py:93} INFO - Sending log: {'timestamp': '2025-05-31 16:09:01', 'level': 'ERROR', 'message': 'Payment gateway timeout'}
[2025-05-31T16:09:03.889+0000] {subprocess.py:93} INFO - Sending log: {'timestamp': '2025-05-31 16:09:03', 'level': 'INFO', 'message': 'Page loaded'}
[2025-05-31T16:09:05.890+0000] {subprocess.py:93} INFO - Sending log: {'timestamp': '2025-05-31 16:09:05', 'level': 'WARNING', 'message': 'Slow response time'}
[2025-05-31T16:09:07.890+0000] {subprocess.py:93} INFO - Sending log: {'timestamp': '2025-05-31 16:09:07', 'level': 'INFO', 'message': 'User logged in'}
[2025-05-31T16:09:09.891+0000] {subprocess.py:93} INFO - Sending log: {'timestamp': '2025-05-31 16:09:09', 'level': 'ERROR', 'message': 'Database connection failed'}
[2025-05-31T16:09:11.890+0000] {subprocess.py:93} INFO - Sending log: {'timestamp': '2025-05-31 16:09:11', 'level': 'WARNING', 'message': 'High memory usage'}
[2025-05-31T16:09:13.890+0000] {subprocess.py:93} INFO - Sending log: {'timestamp': '2025-05-31 16:09:13', 'level': 'INFO', 'message': 'Page loaded'}
[2025-05-31T16:09:15.891+0000] {subprocess.py:93} INFO - Sending log: {'timestamp': '2025-05-31 16:09:15', 'level': 'WARNING', 'message': 'Slow response time'}
[2025-05-31T16:09:17.891+0000] {subprocess.py:93} INFO - Sending log: {'timestamp': '2025-05-31 16:09:17', 'level': 'ERROR', 'message': 'Database connection failed'}
[2025-05-31T16:09:19.892+0000] {subprocess.py:93} INFO - Sending log: {'timestamp': '2025-05-31 16:09:19', 'level': 'INFO', 'message': 'Search executed'}
[2025-05-31T16:09:21.892+0000] {subprocess.py:93} INFO - Sending log: {'timestamp': '2025-05-31 16:09:21', 'level': 'WARNING', 'message': 'Slow response time'}
[2025-05-31T16:09:23.893+0000] {subprocess.py:93} INFO - Sending log: {'timestamp': '2025-05-31 16:09:23', 'level': 'ERROR', 'message': 'Payment gateway timeout'}
[2025-05-31T16:09:25.893+0000] {subprocess.py:93} INFO - Sending log: {'timestamp': '2025-05-31 16:09:25', 'level': 'WARNING', 'message': 'Slow response time'}
[2025-05-31T16:09:27.894+0000] {subprocess.py:93} INFO - Sending log: {'timestamp': '2025-05-31 16:09:27', 'level': 'ERROR', 'message': 'Payment gateway timeout'}
[2025-05-31T16:09:29.894+0000] {subprocess.py:93} INFO - Sending log: {'timestamp': '2025-05-31 16:09:29', 'level': 'INFO', 'message': 'Search executed'}
[2025-05-31T16:09:31.895+0000] {subprocess.py:93} INFO - Sending log: {'timestamp': '2025-05-31 16:09:31', 'level': 'ERROR', 'message': 'Database connection failed'}
[2025-05-31T16:09:33.896+0000] {subprocess.py:93} INFO - Sending log: {'timestamp': '2025-05-31 16:09:33', 'level': 'ERROR', 'message': 'Payment gateway timeout'}
[2025-05-31T16:09:35.896+0000] {subprocess.py:93} INFO - Sending log: {'timestamp': '2025-05-31 16:09:35', 'level': 'WARNING', 'message': 'High memory usage'}
[2025-05-31T16:09:37.897+0000] {subprocess.py:93} INFO - Sending log: {'timestamp': '2025-05-31 16:09:37', 'level': 'WARNING', 'message': 'Slow response time'}
[2025-05-31T16:09:42.410+0000] {subprocess.py:93} INFO - Sending log: {'timestamp': '2025-05-31 16:09:42', 'level': 'ERROR', 'message': 'Database connection failed'}
[2025-05-31T16:09:44.411+0000] {subprocess.py:93} INFO - Sending log: {'timestamp': '2025-05-31 16:09:44', 'level': 'ERROR', 'message': 'Payment gateway timeout'}
[2025-05-31T16:09:46.411+0000] {subprocess.py:93} INFO - Sending log: {'timestamp': '2025-05-31 16:09:46', 'level': 'INFO', 'message': 'User logged in'}
[2025-05-31T16:09:48.412+0000] {subprocess.py:93} INFO - Sending log: {'timestamp': '2025-05-31 16:09:48', 'level': 'INFO', 'message': 'User logged in'}
[2025-05-31T16:09:50.530+0000] {subprocess.py:93} INFO - Sending log: {'timestamp': '2025-05-31 16:09:50', 'level': 'INFO', 'message': 'Page loaded'}
[2025-05-31T16:09:52.531+0000] {subprocess.py:93} INFO - Sending log: {'timestamp': '2025-05-31 16:09:52', 'level': 'INFO', 'message': 'Search executed'}
[2025-05-31T16:09:54.531+0000] {subprocess.py:93} INFO - Sending log: {'timestamp': '2025-05-31 16:09:54', 'level': 'INFO', 'message': 'User logged in'}
[2025-05-31T16:09:56.532+0000] {subprocess.py:93} INFO - Sending log: {'timestamp': '2025-05-31 16:09:56', 'level': 'WARNING', 'message': 'High memory usage'}
[2025-05-31T16:09:58.532+0000] {subprocess.py:93} INFO - Sending log: {'timestamp': '2025-05-31 16:09:58', 'level': 'INFO', 'message': 'Search executed'}
[2025-05-31T16:10:00.533+0000] {subprocess.py:93} INFO - Sending log: {'timestamp': '2025-05-31 16:10:00', 'level': 'WARNING', 'message': 'Slow response time'}
[2025-05-31T16:10:02.533+0000] {subprocess.py:93} INFO - Sending log: {'timestamp': '2025-05-31 16:10:02', 'level': 'ERROR', 'message': 'Payment gateway timeout'}
[2025-05-31T16:10:04.534+0000] {subprocess.py:93} INFO - Sending log: {'timestamp': '2025-05-31 16:10:04', 'level': 'ERROR', 'message': 'Payment gateway timeout'}
[2025-05-31T16:10:06.622+0000] {subprocess.py:93} INFO - Sending log: {'timestamp': '2025-05-31 16:10:06', 'level': 'WARNING', 'message': 'Slow response time'}
[2025-05-31T16:10:08.627+0000] {subprocess.py:93} INFO - Sending log: {'timestamp': '2025-05-31 16:10:08', 'level': 'ERROR', 'message': 'Database connection failed'}
[2025-05-31T16:10:10.634+0000] {subprocess.py:93} INFO - Sending log: {'timestamp': '2025-05-31 16:10:10', 'level': 'WARNING', 'message': 'High memory usage'}
[2025-05-31T16:10:12.634+0000] {subprocess.py:93} INFO - Sending log: {'timestamp': '2025-05-31 16:10:12', 'level': 'ERROR', 'message': 'Database connection failed'}
[2025-05-31T16:10:14.687+0000] {subprocess.py:93} INFO - Sending log: {'timestamp': '2025-05-31 16:10:14', 'level': 'INFO', 'message': 'Search executed'}
[2025-05-31T16:10:16.703+0000] {subprocess.py:93} INFO - Sending log: {'timestamp': '2025-05-31 16:10:16', 'level': 'INFO', 'message': 'Search executed'}
[2025-05-31T16:10:18.704+0000] {subprocess.py:93} INFO - Sending log: {'timestamp': '2025-05-31 16:10:18', 'level': 'ERROR', 'message': 'Payment gateway timeout'}
[2025-05-31T16:10:20.704+0000] {subprocess.py:93} INFO - Sending log: {'timestamp': '2025-05-31 16:10:20', 'level': 'ERROR', 'message': 'Payment gateway timeout'}
[2025-05-31T16:10:22.861+0000] {subprocess.py:93} INFO - Sending log: {'timestamp': '2025-05-31 16:10:22', 'level': 'INFO', 'message': 'Page loaded'}
[2025-05-31T16:10:24.891+0000] {subprocess.py:93} INFO - Sending log: {'timestamp': '2025-05-31 16:10:24', 'level': 'INFO', 'message': 'Search executed'}
[2025-05-31T16:10:26.883+0000] {subprocess.py:93} INFO - Sending log: {'timestamp': '2025-05-31 16:10:26', 'level': 'WARNING', 'message': 'High memory usage'}
[2025-05-31T16:10:28.931+0000] {subprocess.py:93} INFO - Sending log: {'timestamp': '2025-05-31 16:10:28', 'level': 'ERROR', 'message': 'Payment gateway timeout'}
[2025-05-31T16:10:30.932+0000] {subprocess.py:93} INFO - Sending log: {'timestamp': '2025-05-31 16:10:30', 'level': 'WARNING', 'message': 'Slow response time'}
[2025-05-31T16:10:32.932+0000] {subprocess.py:93} INFO - Sending log: {'timestamp': '2025-05-31 16:10:32', 'level': 'INFO', 'message': 'User logged in'}
[2025-05-31T16:10:34.932+0000] {subprocess.py:93} INFO - Sending log: {'timestamp': '2025-05-31 16:10:34', 'level': 'ERROR', 'message': 'Database connection failed'}
[2025-05-31T16:10:36.620+0000] {job.py:229} INFO - Heartbeat recovered after 21.08 seconds
[2025-05-31T16:10:36.933+0000] {subprocess.py:93} INFO - Sending log: {'timestamp': '2025-05-31 16:10:36', 'level': 'INFO', 'message': 'Search executed'}
[2025-05-31T16:10:38.933+0000] {subprocess.py:93} INFO - Sending log: {'timestamp': '2025-05-31 16:10:38', 'level': 'INFO', 'message': 'Search executed'}
[2025-05-31T16:10:40.933+0000] {subprocess.py:93} INFO - Sending log: {'timestamp': '2025-05-31 16:10:40', 'level': 'WARNING', 'message': 'Slow response time'}
[2025-05-31T16:10:42.922+0000] {job.py:229} INFO - Heartbeat recovered after 17.58 seconds
[2025-05-31T16:10:42.969+0000] {subprocess.py:93} INFO - Sending log: {'timestamp': '2025-05-31 16:10:42', 'level': 'WARNING', 'message': 'High memory usage'}
[2025-05-31T16:10:44.970+0000] {subprocess.py:93} INFO - Sending log: {'timestamp': '2025-05-31 16:10:44', 'level': 'INFO', 'message': 'Search executed'}
[2025-05-31T16:10:46.970+0000] {subprocess.py:93} INFO - Sending log: {'timestamp': '2025-05-31 16:10:46', 'level': 'ERROR', 'message': 'Database connection failed'}
[2025-05-31T16:10:49.364+0000] {subprocess.py:93} INFO - Sending log: {'timestamp': '2025-05-31 16:10:49', 'level': 'INFO', 'message': 'Search executed'}
[2025-05-31T16:10:51.619+0000] {subprocess.py:93} INFO - Sending log: {'timestamp': '2025-05-31 16:10:51', 'level': 'INFO', 'message': 'User logged in'}
[2025-05-31T16:10:53.478+0000] {job.py:229} INFO - Heartbeat recovered after 10.87 seconds
[2025-05-31T16:10:54.015+0000] {subprocess.py:93} INFO - Sending log: {'timestamp': '2025-05-31 16:10:53', 'level': 'INFO', 'message': 'User logged in'}
[2025-05-31T16:10:56.027+0000] {subprocess.py:93} INFO - Sending log: {'timestamp': '2025-05-31 16:10:56', 'level': 'INFO', 'message': 'User logged in'}
[2025-05-31T16:10:58.027+0000] {subprocess.py:93} INFO - Sending log: {'timestamp': '2025-05-31 16:10:58', 'level': 'ERROR', 'message': 'Payment gateway timeout'}
[2025-05-31T16:11:00.028+0000] {subprocess.py:93} INFO - Sending log: {'timestamp': '2025-05-31 16:11:00', 'level': 'WARNING', 'message': 'Slow response time'}
[2025-05-31T16:11:02.348+0000] {subprocess.py:93} INFO - Sending log: {'timestamp': '2025-05-31 16:11:02', 'level': 'ERROR', 'message': 'Database connection failed'}
[2025-05-31T16:11:05.240+0000] {subprocess.py:93} INFO - Sending log: {'timestamp': '2025-05-31 16:11:05', 'level': 'WARNING', 'message': 'High memory usage'}
[2025-05-31T16:11:05.732+0000] {job.py:229} INFO - Heartbeat recovered after 12.99 seconds
[2025-05-31T16:11:07.240+0000] {subprocess.py:93} INFO - Sending log: {'timestamp': '2025-05-31 16:11:07', 'level': 'INFO', 'message': 'Page loaded'}
[2025-05-31T16:11:09.240+0000] {subprocess.py:93} INFO - Sending log: {'timestamp': '2025-05-31 16:11:09', 'level': 'ERROR', 'message': 'Payment gateway timeout'}
[2025-05-31T16:11:11.317+0000] {subprocess.py:93} INFO - Sending log: {'timestamp': '2025-05-31 16:11:11', 'level': 'ERROR', 'message': 'Database connection failed'}
[2025-05-31T16:11:13.318+0000] {subprocess.py:93} INFO - Sending log: {'timestamp': '2025-05-31 16:11:13', 'level': 'INFO', 'message': 'Search executed'}
[2025-05-31T16:11:15.350+0000] {subprocess.py:93} INFO - Sending log: {'timestamp': '2025-05-31 16:11:15', 'level': 'INFO', 'message': 'Search executed'}
[2025-05-31T16:11:17.350+0000] {subprocess.py:93} INFO - Sending log: {'timestamp': '2025-05-31 16:11:17', 'level': 'WARNING', 'message': 'Slow response time'}
[2025-05-31T16:11:19.351+0000] {subprocess.py:93} INFO - Sending log: {'timestamp': '2025-05-31 16:11:19', 'level': 'WARNING', 'message': 'High memory usage'}
[2025-05-31T16:11:21.351+0000] {subprocess.py:93} INFO - Sending log: {'timestamp': '2025-05-31 16:11:21', 'level': 'WARNING', 'message': 'Slow response time'}
[2025-05-31T16:11:23.352+0000] {subprocess.py:93} INFO - Sending log: {'timestamp': '2025-05-31 16:11:23', 'level': 'WARNING', 'message': 'High memory usage'}
[2025-05-31T16:11:25.352+0000] {subprocess.py:93} INFO - Sending log: {'timestamp': '2025-05-31 16:11:25', 'level': 'ERROR', 'message': 'Payment gateway timeout'}
[2025-05-31T16:11:27.353+0000] {subprocess.py:93} INFO - Sending log: {'timestamp': '2025-05-31 16:11:27', 'level': 'ERROR', 'message': 'Payment gateway timeout'}
[2025-05-31T16:11:29.353+0000] {subprocess.py:93} INFO - Sending log: {'timestamp': '2025-05-31 16:11:29', 'level': 'WARNING', 'message': 'Slow response time'}
[2025-05-31T16:11:31.354+0000] {subprocess.py:93} INFO - Sending log: {'timestamp': '2025-05-31 16:11:31', 'level': 'WARNING', 'message': 'Slow response time'}
[2025-05-31T16:11:34.967+0000] {subprocess.py:93} INFO - Sending log: {'timestamp': '2025-05-31 16:11:34', 'level': 'ERROR', 'message': 'Database connection failed'}
[2025-05-31T16:11:37.272+0000] {subprocess.py:93} INFO - Sending log: {'timestamp': '2025-05-31 16:11:37', 'level': 'INFO', 'message': 'Page loaded'}
[2025-05-31T16:11:40.078+0000] {subprocess.py:93} INFO - Sending log: {'timestamp': '2025-05-31 16:11:40', 'level': 'INFO', 'message': 'User logged in'}
[2025-05-31T16:11:42.145+0000] {subprocess.py:93} INFO - Sending log: {'timestamp': '2025-05-31 16:11:42', 'level': 'INFO', 'message': 'Search executed'}
[2025-05-31T16:11:44.266+0000] {subprocess.py:93} INFO - Sending log: {'timestamp': '2025-05-31 16:11:44', 'level': 'ERROR', 'message': 'Payment gateway timeout'}
[2025-05-31T16:11:45.695+0000] {job.py:229} INFO - Heartbeat recovered after 14.72 seconds
[2025-05-31T16:11:46.266+0000] {subprocess.py:93} INFO - Sending log: {'timestamp': '2025-05-31 16:11:46', 'level': 'INFO', 'message': 'Page loaded'}
[2025-05-31T16:11:48.267+0000] {subprocess.py:93} INFO - Sending log: {'timestamp': '2025-05-31 16:11:48', 'level': 'WARNING', 'message': 'Slow response time'}
[2025-05-31T16:11:50.267+0000] {subprocess.py:93} INFO - Sending log: {'timestamp': '2025-05-31 16:11:50', 'level': 'INFO', 'message': 'Search executed'}
[2025-05-31T16:11:51.463+0000] {job.py:229} INFO - Heartbeat recovered after 13.37 seconds
[2025-05-31T16:11:52.268+0000] {subprocess.py:93} INFO - Sending log: {'timestamp': '2025-05-31 16:11:52', 'level': 'WARNING', 'message': 'Slow response time'}
[2025-05-31T16:11:54.268+0000] {subprocess.py:93} INFO - Sending log: {'timestamp': '2025-05-31 16:11:54', 'level': 'WARNING', 'message': 'High memory usage'}
[2025-05-31T16:11:56.269+0000] {subprocess.py:93} INFO - Sending log: {'timestamp': '2025-05-31 16:11:56', 'level': 'ERROR', 'message': 'Database connection failed'}
[2025-05-31T16:11:58.358+0000] {subprocess.py:93} INFO - Sending log: {'timestamp': '2025-05-31 16:11:58', 'level': 'ERROR', 'message': 'Payment gateway timeout'}
[2025-05-31T16:12:00.410+0000] {subprocess.py:93} INFO - Sending log: {'timestamp': '2025-05-31 16:12:00', 'level': 'ERROR', 'message': 'Database connection failed'}
[2025-05-31T16:12:02.411+0000] {subprocess.py:93} INFO - Sending log: {'timestamp': '2025-05-31 16:12:02', 'level': 'ERROR', 'message': 'Database connection failed'}
[2025-05-31T16:12:04.411+0000] {subprocess.py:93} INFO - Sending log: {'timestamp': '2025-05-31 16:12:04', 'level': 'INFO', 'message': 'Page loaded'}
[2025-05-31T16:12:06.414+0000] {subprocess.py:93} INFO - Sending log: {'timestamp': '2025-05-31 16:12:06', 'level': 'ERROR', 'message': 'Payment gateway timeout'}
[2025-05-31T16:12:08.475+0000] {subprocess.py:93} INFO - Sending log: {'timestamp': '2025-05-31 16:12:08', 'level': 'WARNING', 'message': 'High memory usage'}
[2025-05-31T16:12:10.475+0000] {subprocess.py:93} INFO - Sending log: {'timestamp': '2025-05-31 16:12:10', 'level': 'INFO', 'message': 'Search executed'}
[2025-05-31T16:12:12.490+0000] {subprocess.py:93} INFO - Sending log: {'timestamp': '2025-05-31 16:12:12', 'level': 'WARNING', 'message': 'High memory usage'}
[2025-05-31T16:12:14.491+0000] {subprocess.py:93} INFO - Sending log: {'timestamp': '2025-05-31 16:12:14', 'level': 'INFO', 'message': 'User logged in'}
[2025-05-31T16:12:16.492+0000] {subprocess.py:93} INFO - Sending log: {'timestamp': '2025-05-31 16:12:16', 'level': 'INFO', 'message': 'Page loaded'}
[2025-05-31T16:12:18.493+0000] {subprocess.py:93} INFO - Sending log: {'timestamp': '2025-05-31 16:12:18', 'level': 'INFO', 'message': 'User logged in'}
[2025-05-31T16:12:20.494+0000] {subprocess.py:93} INFO - Sending log: {'timestamp': '2025-05-31 16:12:20', 'level': 'INFO', 'message': 'Search executed'}
[2025-05-31T16:12:22.494+0000] {subprocess.py:93} INFO - Sending log: {'timestamp': '2025-05-31 16:12:22', 'level': 'WARNING', 'message': 'Slow response time'}
[2025-05-31T16:12:24.495+0000] {subprocess.py:93} INFO - Sending log: {'timestamp': '2025-05-31 16:12:24', 'level': 'INFO', 'message': 'Page loaded'}
[2025-05-31T16:12:26.495+0000] {subprocess.py:93} INFO - Sending log: {'timestamp': '2025-05-31 16:12:26', 'level': 'INFO', 'message': 'Page loaded'}
[2025-05-31T16:12:28.496+0000] {subprocess.py:93} INFO - Sending log: {'timestamp': '2025-05-31 16:12:28', 'level': 'WARNING', 'message': 'High memory usage'}
[2025-05-31T16:12:30.496+0000] {subprocess.py:93} INFO - Sending log: {'timestamp': '2025-05-31 16:12:30', 'level': 'ERROR', 'message': 'Payment gateway timeout'}
[2025-05-31T16:12:32.497+0000] {subprocess.py:93} INFO - Sending log: {'timestamp': '2025-05-31 16:12:32', 'level': 'ERROR', 'message': 'Database connection failed'}
[2025-05-31T16:12:34.498+0000] {subprocess.py:93} INFO - Sending log: {'timestamp': '2025-05-31 16:12:34', 'level': 'INFO', 'message': 'User logged in'}
[2025-05-31T16:12:36.498+0000] {subprocess.py:93} INFO - Sending log: {'timestamp': '2025-05-31 16:12:36', 'level': 'ERROR', 'message': 'Database connection failed'}
[2025-05-31T16:12:38.499+0000] {subprocess.py:93} INFO - Sending log: {'timestamp': '2025-05-31 16:12:38', 'level': 'ERROR', 'message': 'Payment gateway timeout'}
[2025-05-31T16:12:40.621+0000] {subprocess.py:93} INFO - Sending log: {'timestamp': '2025-05-31 16:12:40', 'level': 'ERROR', 'message': 'Database connection failed'}
[2025-05-31T16:12:42.621+0000] {subprocess.py:93} INFO - Sending log: {'timestamp': '2025-05-31 16:12:42', 'level': 'INFO', 'message': 'User logged in'}
[2025-05-31T16:12:45.202+0000] {subprocess.py:93} INFO - Sending log: {'timestamp': '2025-05-31 16:12:45', 'level': 'ERROR', 'message': 'Payment gateway timeout'}
[2025-05-31T16:12:47.203+0000] {subprocess.py:93} INFO - Sending log: {'timestamp': '2025-05-31 16:12:47', 'level': 'INFO', 'message': 'User logged in'}
[2025-05-31T16:12:49.204+0000] {subprocess.py:93} INFO - Sending log: {'timestamp': '2025-05-31 16:12:49', 'level': 'ERROR', 'message': 'Database connection failed'}
[2025-05-31T16:12:51.205+0000] {subprocess.py:93} INFO - Sending log: {'timestamp': '2025-05-31 16:12:51', 'level': 'INFO', 'message': 'User logged in'}
[2025-05-31T16:12:53.206+0000] {subprocess.py:93} INFO - Sending log: {'timestamp': '2025-05-31 16:12:53', 'level': 'ERROR', 'message': 'Database connection failed'}
[2025-05-31T16:12:55.206+0000] {subprocess.py:93} INFO - Sending log: {'timestamp': '2025-05-31 16:12:55', 'level': 'ERROR', 'message': 'Payment gateway timeout'}
[2025-05-31T16:12:57.207+0000] {subprocess.py:93} INFO - Sending log: {'timestamp': '2025-05-31 16:12:57', 'level': 'WARNING', 'message': 'Slow response time'}
[2025-05-31T16:12:59.207+0000] {subprocess.py:93} INFO - Sending log: {'timestamp': '2025-05-31 16:12:59', 'level': 'ERROR', 'message': 'Database connection failed'}
[2025-05-31T16:13:01.208+0000] {subprocess.py:93} INFO - Sending log: {'timestamp': '2025-05-31 16:13:01', 'level': 'WARNING', 'message': 'High memory usage'}
[2025-05-31T16:13:03.208+0000] {subprocess.py:93} INFO - Sending log: {'timestamp': '2025-05-31 16:13:03', 'level': 'ERROR', 'message': 'Database connection failed'}
[2025-05-31T16:13:05.209+0000] {subprocess.py:93} INFO - Sending log: {'timestamp': '2025-05-31 16:13:05', 'level': 'INFO', 'message': 'User logged in'}
[2025-05-31T16:13:07.209+0000] {subprocess.py:93} INFO - Sending log: {'timestamp': '2025-05-31 16:13:07', 'level': 'INFO', 'message': 'Page loaded'}
[2025-05-31T16:13:09.210+0000] {subprocess.py:93} INFO - Sending log: {'timestamp': '2025-05-31 16:13:09', 'level': 'WARNING', 'message': 'High memory usage'}
[2025-05-31T16:13:11.209+0000] {subprocess.py:93} INFO - Sending log: {'timestamp': '2025-05-31 16:13:11', 'level': 'WARNING', 'message': 'High memory usage'}
[2025-05-31T16:13:13.209+0000] {subprocess.py:93} INFO - Sending log: {'timestamp': '2025-05-31 16:13:13', 'level': 'ERROR', 'message': 'Payment gateway timeout'}
[2025-05-31T16:13:15.210+0000] {subprocess.py:93} INFO - Sending log: {'timestamp': '2025-05-31 16:13:15', 'level': 'INFO', 'message': 'Page loaded'}
[2025-05-31T16:13:17.210+0000] {subprocess.py:93} INFO - Sending log: {'timestamp': '2025-05-31 16:13:17', 'level': 'INFO', 'message': 'Search executed'}
[2025-05-31T16:13:19.211+0000] {subprocess.py:93} INFO - Sending log: {'timestamp': '2025-05-31 16:13:19', 'level': 'WARNING', 'message': 'Slow response time'}
[2025-05-31T16:13:21.211+0000] {subprocess.py:93} INFO - Sending log: {'timestamp': '2025-05-31 16:13:21', 'level': 'ERROR', 'message': 'Payment gateway timeout'}
[2025-05-31T16:13:23.211+0000] {subprocess.py:93} INFO - Sending log: {'timestamp': '2025-05-31 16:13:23', 'level': 'INFO', 'message': 'Page loaded'}
[2025-05-31T16:13:25.212+0000] {subprocess.py:93} INFO - Sending log: {'timestamp': '2025-05-31 16:13:25', 'level': 'INFO', 'message': 'Page loaded'}
[2025-05-31T16:13:27.213+0000] {subprocess.py:93} INFO - Sending log: {'timestamp': '2025-05-31 16:13:27', 'level': 'WARNING', 'message': 'Slow response time'}
[2025-05-31T16:13:29.213+0000] {subprocess.py:93} INFO - Sending log: {'timestamp': '2025-05-31 16:13:29', 'level': 'INFO', 'message': 'User logged in'}
[2025-05-31T16:13:31.213+0000] {subprocess.py:93} INFO - Sending log: {'timestamp': '2025-05-31 16:13:31', 'level': 'WARNING', 'message': 'High memory usage'}
[2025-05-31T16:13:33.214+0000] {subprocess.py:93} INFO - Sending log: {'timestamp': '2025-05-31 16:13:33', 'level': 'INFO', 'message': 'Search executed'}
[2025-05-31T16:13:35.214+0000] {subprocess.py:93} INFO - Sending log: {'timestamp': '2025-05-31 16:13:35', 'level': 'ERROR', 'message': 'Database connection failed'}
[2025-05-31T16:13:37.215+0000] {subprocess.py:93} INFO - Sending log: {'timestamp': '2025-05-31 16:13:37', 'level': 'WARNING', 'message': 'Slow response time'}
[2025-05-31T16:13:39.215+0000] {subprocess.py:93} INFO - Sending log: {'timestamp': '2025-05-31 16:13:39', 'level': 'ERROR', 'message': 'Payment gateway timeout'}
[2025-05-31T16:13:41.214+0000] {subprocess.py:93} INFO - Sending log: {'timestamp': '2025-05-31 16:13:41', 'level': 'WARNING', 'message': 'Slow response time'}
[2025-05-31T16:13:43.215+0000] {subprocess.py:93} INFO - Sending log: {'timestamp': '2025-05-31 16:13:43', 'level': 'INFO', 'message': 'Page loaded'}
[2025-05-31T16:13:45.229+0000] {subprocess.py:93} INFO - Sending log: {'timestamp': '2025-05-31 16:13:45', 'level': 'ERROR', 'message': 'Payment gateway timeout'}
[2025-05-31T16:13:47.269+0000] {subprocess.py:93} INFO - Sending log: {'timestamp': '2025-05-31 16:13:47', 'level': 'WARNING', 'message': 'Slow response time'}
[2025-05-31T16:13:50.560+0000] {subprocess.py:93} INFO - Sending log: {'timestamp': '2025-05-31 16:13:50', 'level': 'INFO', 'message': 'Page loaded'}
[2025-05-31T16:13:52.667+0000] {subprocess.py:93} INFO - Sending log: {'timestamp': '2025-05-31 16:13:52', 'level': 'WARNING', 'message': 'Slow response time'}
[2025-05-31T16:13:55.564+0000] {subprocess.py:93} INFO - Sending log: {'timestamp': '2025-05-31 16:13:55', 'level': 'ERROR', 'message': 'Database connection failed'}
[2025-05-31T16:13:57.679+0000] {subprocess.py:93} INFO - Sending log: {'timestamp': '2025-05-31 16:13:57', 'level': 'INFO', 'message': 'Page loaded'}
[2025-05-31T16:13:59.680+0000] {subprocess.py:93} INFO - Sending log: {'timestamp': '2025-05-31 16:13:59', 'level': 'INFO', 'message': 'Page loaded'}
[2025-05-31T16:14:01.689+0000] {subprocess.py:93} INFO - Sending log: {'timestamp': '2025-05-31 16:14:01', 'level': 'INFO', 'message': 'Page loaded'}
[2025-05-31T16:14:03.689+0000] {subprocess.py:93} INFO - Sending log: {'timestamp': '2025-05-31 16:14:03', 'level': 'INFO', 'message': 'Page loaded'}
[2025-05-31T16:14:05.690+0000] {subprocess.py:93} INFO - Sending log: {'timestamp': '2025-05-31 16:14:05', 'level': 'WARNING', 'message': 'Slow response time'}
[2025-05-31T16:14:07.827+0000] {subprocess.py:93} INFO - Sending log: {'timestamp': '2025-05-31 16:14:07', 'level': 'INFO', 'message': 'User logged in'}
[2025-05-31T16:14:09.986+0000] {subprocess.py:93} INFO - Sending log: {'timestamp': '2025-05-31 16:14:09', 'level': 'INFO', 'message': 'User logged in'}
[2025-05-31T16:14:12.147+0000] {subprocess.py:93} INFO - Sending log: {'timestamp': '2025-05-31 16:14:12', 'level': 'WARNING', 'message': 'Slow response time'}
[2025-05-31T16:14:14.147+0000] {subprocess.py:93} INFO - Sending log: {'timestamp': '2025-05-31 16:14:14', 'level': 'WARNING', 'message': 'High memory usage'}
[2025-05-31T16:14:16.147+0000] {subprocess.py:93} INFO - Sending log: {'timestamp': '2025-05-31 16:14:16', 'level': 'ERROR', 'message': 'Payment gateway timeout'}
[2025-05-31T16:14:18.148+0000] {subprocess.py:93} INFO - Sending log: {'timestamp': '2025-05-31 16:14:18', 'level': 'WARNING', 'message': 'Slow response time'}
[2025-05-31T16:14:20.148+0000] {subprocess.py:93} INFO - Sending log: {'timestamp': '2025-05-31 16:14:20', 'level': 'WARNING', 'message': 'Slow response time'}
[2025-05-31T16:14:22.149+0000] {subprocess.py:93} INFO - Sending log: {'timestamp': '2025-05-31 16:14:22', 'level': 'WARNING', 'message': 'High memory usage'}
[2025-05-31T16:14:24.149+0000] {subprocess.py:93} INFO - Sending log: {'timestamp': '2025-05-31 16:14:24', 'level': 'ERROR', 'message': 'Database connection failed'}
[2025-05-31T16:14:26.551+0000] {subprocess.py:93} INFO - Sending log: {'timestamp': '2025-05-31 16:14:26', 'level': 'WARNING', 'message': 'High memory usage'}
[2025-05-31T16:14:28.935+0000] {subprocess.py:93} INFO - Sending log: {'timestamp': '2025-05-31 16:14:28', 'level': 'WARNING', 'message': 'High memory usage'}
[2025-05-31T16:14:30.935+0000] {subprocess.py:93} INFO - Sending log: {'timestamp': '2025-05-31 16:14:30', 'level': 'ERROR', 'message': 'Database connection failed'}
[2025-05-31T16:14:32.936+0000] {subprocess.py:93} INFO - Sending log: {'timestamp': '2025-05-31 16:14:32', 'level': 'INFO', 'message': 'Page loaded'}
[2025-05-31T16:14:34.936+0000] {subprocess.py:93} INFO - Sending log: {'timestamp': '2025-05-31 16:14:34', 'level': 'INFO', 'message': 'Page loaded'}
[2025-05-31T16:14:36.937+0000] {subprocess.py:93} INFO - Sending log: {'timestamp': '2025-05-31 16:14:36', 'level': 'INFO', 'message': 'User logged in'}
[2025-05-31T16:14:38.960+0000] {subprocess.py:93} INFO - Sending log: {'timestamp': '2025-05-31 16:14:38', 'level': 'ERROR', 'message': 'Database connection failed'}
[2025-05-31T16:14:41.443+0000] {subprocess.py:93} INFO - Sending log: {'timestamp': '2025-05-31 16:14:40', 'level': 'INFO', 'message': 'Search executed'}
[2025-05-31T16:14:43.661+0000] {subprocess.py:93} INFO - Sending log: {'timestamp': '2025-05-31 16:14:43', 'level': 'INFO', 'message': 'User logged in'}
[2025-05-31T16:14:45.662+0000] {subprocess.py:93} INFO - Sending log: {'timestamp': '2025-05-31 16:14:45', 'level': 'ERROR', 'message': 'Database connection failed'}
[2025-05-31T16:14:47.662+0000] {subprocess.py:93} INFO - Sending log: {'timestamp': '2025-05-31 16:14:47', 'level': 'INFO', 'message': 'User logged in'}
[2025-05-31T16:14:49.663+0000] {subprocess.py:93} INFO - Sending log: {'timestamp': '2025-05-31 16:14:49', 'level': 'INFO', 'message': 'User logged in'}
[2025-05-31T16:14:51.663+0000] {subprocess.py:93} INFO - Sending log: {'timestamp': '2025-05-31 16:14:51', 'level': 'WARNING', 'message': 'High memory usage'}
[2025-05-31T16:14:53.664+0000] {subprocess.py:93} INFO - Sending log: {'timestamp': '2025-05-31 16:14:53', 'level': 'INFO', 'message': 'User logged in'}
[2025-05-31T16:14:55.716+0000] {subprocess.py:93} INFO - Sending log: {'timestamp': '2025-05-31 16:14:55', 'level': 'ERROR', 'message': 'Database connection failed'}
[2025-05-31T16:14:57.717+0000] {subprocess.py:93} INFO - Sending log: {'timestamp': '2025-05-31 16:14:57', 'level': 'ERROR', 'message': 'Payment gateway timeout'}
[2025-05-31T16:14:59.717+0000] {subprocess.py:93} INFO - Sending log: {'timestamp': '2025-05-31 16:14:59', 'level': 'WARNING', 'message': 'High memory usage'}
[2025-05-31T16:15:01.718+0000] {subprocess.py:93} INFO - Sending log: {'timestamp': '2025-05-31 16:15:01', 'level': 'WARNING', 'message': 'High memory usage'}
[2025-05-31T16:15:03.719+0000] {subprocess.py:93} INFO - Sending log: {'timestamp': '2025-05-31 16:15:03', 'level': 'INFO', 'message': 'Page loaded'}
[2025-05-31T16:15:05.719+0000] {subprocess.py:93} INFO - Sending log: {'timestamp': '2025-05-31 16:15:05', 'level': 'WARNING', 'message': 'High memory usage'}
[2025-05-31T16:15:07.719+0000] {subprocess.py:93} INFO - Sending log: {'timestamp': '2025-05-31 16:15:07', 'level': 'ERROR', 'message': 'Payment gateway timeout'}
[2025-05-31T16:15:09.721+0000] {subprocess.py:93} INFO - Sending log: {'timestamp': '2025-05-31 16:15:09', 'level': 'INFO', 'message': 'User logged in'}
[2025-05-31T16:15:11.937+0000] {subprocess.py:93} INFO - Sending log: {'timestamp': '2025-05-31 16:15:11', 'level': 'INFO', 'message': 'Search executed'}
[2025-05-31T16:15:13.938+0000] {subprocess.py:93} INFO - Sending log: {'timestamp': '2025-05-31 16:15:13', 'level': 'WARNING', 'message': 'High memory usage'}
[2025-05-31T16:15:15.939+0000] {subprocess.py:93} INFO - Sending log: {'timestamp': '2025-05-31 16:15:15', 'level': 'ERROR', 'message': 'Database connection failed'}
[2025-05-31T16:15:17.983+0000] {subprocess.py:93} INFO - Sending log: {'timestamp': '2025-05-31 16:15:17', 'level': 'ERROR', 'message': 'Database connection failed'}
[2025-05-31T16:15:19.984+0000] {subprocess.py:93} INFO - Sending log: {'timestamp': '2025-05-31 16:15:19', 'level': 'INFO', 'message': 'User logged in'}
[2025-05-31T16:15:22.186+0000] {subprocess.py:93} INFO - Sending log: {'timestamp': '2025-05-31 16:15:22', 'level': 'INFO', 'message': 'Page loaded'}
[2025-05-31T16:15:24.162+0000] {subprocess.py:93} INFO - Sending log: {'timestamp': '2025-05-31 16:15:24', 'level': 'INFO', 'message': 'User logged in'}
[2025-05-31T16:15:26.162+0000] {subprocess.py:93} INFO - Sending log: {'timestamp': '2025-05-31 16:15:26', 'level': 'ERROR', 'message': 'Database connection failed'}
[2025-05-31T16:15:28.295+0000] {subprocess.py:93} INFO - Sending log: {'timestamp': '2025-05-31 16:15:28', 'level': 'WARNING', 'message': 'High memory usage'}
[2025-05-31T16:15:30.295+0000] {subprocess.py:93} INFO - Sending log: {'timestamp': '2025-05-31 16:15:30', 'level': 'ERROR', 'message': 'Payment gateway timeout'}
[2025-05-31T16:15:32.296+0000] {subprocess.py:93} INFO - Sending log: {'timestamp': '2025-05-31 16:15:32', 'level': 'INFO', 'message': 'User logged in'}
[2025-05-31T16:15:34.329+0000] {subprocess.py:93} INFO - Sending log: {'timestamp': '2025-05-31 16:15:34', 'level': 'ERROR', 'message': 'Database connection failed'}
[2025-05-31T16:15:36.329+0000] {subprocess.py:93} INFO - Sending log: {'timestamp': '2025-05-31 16:15:36', 'level': 'WARNING', 'message': 'High memory usage'}
[2025-05-31T16:15:38.329+0000] {subprocess.py:93} INFO - Sending log: {'timestamp': '2025-05-31 16:15:38', 'level': 'INFO', 'message': 'User logged in'}
[2025-05-31T16:15:40.330+0000] {subprocess.py:93} INFO - Sending log: {'timestamp': '2025-05-31 16:15:40', 'level': 'INFO', 'message': 'User logged in'}
[2025-05-31T16:15:42.386+0000] {subprocess.py:93} INFO - Sending log: {'timestamp': '2025-05-31 16:15:42', 'level': 'ERROR', 'message': 'Payment gateway timeout'}
[2025-05-31T16:15:44.386+0000] {subprocess.py:93} INFO - Sending log: {'timestamp': '2025-05-31 16:15:44', 'level': 'WARNING', 'message': 'High memory usage'}
[2025-05-31T16:15:46.387+0000] {subprocess.py:93} INFO - Sending log: {'timestamp': '2025-05-31 16:15:46', 'level': 'WARNING', 'message': 'High memory usage'}
[2025-05-31T16:15:48.387+0000] {subprocess.py:93} INFO - Sending log: {'timestamp': '2025-05-31 16:15:48', 'level': 'INFO', 'message': 'Page loaded'}
[2025-05-31T16:15:50.388+0000] {subprocess.py:93} INFO - Sending log: {'timestamp': '2025-05-31 16:15:50', 'level': 'ERROR', 'message': 'Payment gateway timeout'}
[2025-05-31T16:15:52.461+0000] {subprocess.py:93} INFO - Sending log: {'timestamp': '2025-05-31 16:15:52', 'level': 'INFO', 'message': 'User logged in'}
[2025-05-31T16:15:54.462+0000] {subprocess.py:93} INFO - Sending log: {'timestamp': '2025-05-31 16:15:54', 'level': 'WARNING', 'message': 'High memory usage'}
[2025-05-31T16:15:56.462+0000] {subprocess.py:93} INFO - Sending log: {'timestamp': '2025-05-31 16:15:56', 'level': 'WARNING', 'message': 'High memory usage'}
[2025-05-31T16:15:58.463+0000] {subprocess.py:93} INFO - Sending log: {'timestamp': '2025-05-31 16:15:58', 'level': 'ERROR', 'message': 'Payment gateway timeout'}
[2025-05-31T16:16:00.464+0000] {subprocess.py:93} INFO - Sending log: {'timestamp': '2025-05-31 16:16:00', 'level': 'ERROR', 'message': 'Payment gateway timeout'}
[2025-05-31T16:16:02.464+0000] {subprocess.py:93} INFO - Sending log: {'timestamp': '2025-05-31 16:16:02', 'level': 'ERROR', 'message': 'Payment gateway timeout'}
[2025-05-31T16:16:04.465+0000] {subprocess.py:93} INFO - Sending log: {'timestamp': '2025-05-31 16:16:04', 'level': 'ERROR', 'message': 'Payment gateway timeout'}
[2025-05-31T16:16:06.465+0000] {subprocess.py:93} INFO - Sending log: {'timestamp': '2025-05-31 16:16:06', 'level': 'ERROR', 'message': 'Payment gateway timeout'}
[2025-05-31T16:16:08.465+0000] {subprocess.py:93} INFO - Sending log: {'timestamp': '2025-05-31 16:16:08', 'level': 'ERROR', 'message': 'Payment gateway timeout'}
[2025-05-31T16:16:10.466+0000] {subprocess.py:93} INFO - Sending log: {'timestamp': '2025-05-31 16:16:10', 'level': 'WARNING', 'message': 'High memory usage'}
[2025-05-31T16:16:12.466+0000] {subprocess.py:93} INFO - Sending log: {'timestamp': '2025-05-31 16:16:12', 'level': 'WARNING', 'message': 'High memory usage'}
[2025-05-31T16:16:14.467+0000] {subprocess.py:93} INFO - Sending log: {'timestamp': '2025-05-31 16:16:14', 'level': 'INFO', 'message': 'Page loaded'}
[2025-05-31T16:16:16.467+0000] {subprocess.py:93} INFO - Sending log: {'timestamp': '2025-05-31 16:16:16', 'level': 'INFO', 'message': 'Page loaded'}
[2025-05-31T16:16:18.468+0000] {subprocess.py:93} INFO - Sending log: {'timestamp': '2025-05-31 16:16:18', 'level': 'INFO', 'message': 'Page loaded'}
[2025-05-31T16:16:20.468+0000] {subprocess.py:93} INFO - Sending log: {'timestamp': '2025-05-31 16:16:20', 'level': 'WARNING', 'message': 'Slow response time'}
[2025-05-31T16:16:22.469+0000] {subprocess.py:93} INFO - Sending log: {'timestamp': '2025-05-31 16:16:22', 'level': 'ERROR', 'message': 'Payment gateway timeout'}
[2025-05-31T16:16:24.625+0000] {subprocess.py:93} INFO - Sending log: {'timestamp': '2025-05-31 16:16:24', 'level': 'ERROR', 'message': 'Payment gateway timeout'}
[2025-05-31T16:16:26.020+0000] {job.py:229} INFO - Heartbeat recovered after 160.19 seconds
[2025-05-31T16:16:26.668+0000] {subprocess.py:93} INFO - Sending log: {'timestamp': '2025-05-31 16:16:26', 'level': 'INFO', 'message': 'Search executed'}
[2025-05-31T16:16:28.687+0000] {subprocess.py:93} INFO - Sending log: {'timestamp': '2025-05-31 16:16:28', 'level': 'ERROR', 'message': 'Database connection failed'}
[2025-05-31T16:16:30.688+0000] {subprocess.py:93} INFO - Sending log: {'timestamp': '2025-05-31 16:16:30', 'level': 'INFO', 'message': 'Page loaded'}
[2025-05-31T16:16:33.380+0000] {subprocess.py:93} INFO - Sending log: {'timestamp': '2025-05-31 16:16:33', 'level': 'INFO', 'message': 'Page loaded'}
[2025-05-31T16:16:35.461+0000] {subprocess.py:93} INFO - Sending log: {'timestamp': '2025-05-31 16:16:35', 'level': 'INFO', 'message': 'Search executed'}
[2025-05-31T16:16:37.815+0000] {subprocess.py:93} INFO - Sending log: {'timestamp': '2025-05-31 16:16:37', 'level': 'ERROR', 'message': 'Database connection failed'}
[2025-05-31T16:16:40.066+0000] {subprocess.py:93} INFO - Sending log: {'timestamp': '2025-05-31 16:16:40', 'level': 'ERROR', 'message': 'Payment gateway timeout'}
[2025-05-31T16:16:42.181+0000] {subprocess.py:93} INFO - Sending log: {'timestamp': '2025-05-31 16:16:42', 'level': 'WARNING', 'message': 'High memory usage'}
[2025-05-31T16:16:44.236+0000] {subprocess.py:93} INFO - Sending log: {'timestamp': '2025-05-31 16:16:44', 'level': 'INFO', 'message': 'User logged in'}
[2025-05-31T16:16:46.266+0000] {subprocess.py:93} INFO - Sending log: {'timestamp': '2025-05-31 16:16:46', 'level': 'WARNING', 'message': 'Slow response time'}
[2025-05-31T16:16:48.332+0000] {subprocess.py:93} INFO - Sending log: {'timestamp': '2025-05-31 16:16:48', 'level': 'INFO', 'message': 'User logged in'}
[2025-05-31T16:16:50.360+0000] {subprocess.py:93} INFO - Sending log: {'timestamp': '2025-05-31 16:16:50', 'level': 'WARNING', 'message': 'High memory usage'}
[2025-05-31T16:16:52.691+0000] {subprocess.py:93} INFO - Sending log: {'timestamp': '2025-05-31 16:16:52', 'level': 'WARNING', 'message': 'Slow response time'}
[2025-05-31T16:16:54.934+0000] {subprocess.py:93} INFO - Sending log: {'timestamp': '2025-05-31 16:16:54', 'level': 'INFO', 'message': 'Page loaded'}
[2025-05-31T16:16:56.964+0000] {subprocess.py:93} INFO - Sending log: {'timestamp': '2025-05-31 16:16:56', 'level': 'ERROR', 'message': 'Payment gateway timeout'}
[2025-05-31T16:16:58.819+0000] {job.py:229} INFO - Heartbeat recovered after 181.38 seconds
[2025-05-31T16:16:59.272+0000] {subprocess.py:93} INFO - Sending log: {'timestamp': '2025-05-31 16:16:59', 'level': 'WARNING', 'message': 'Slow response time'}
[2025-05-31T16:17:04.058+0000] {subprocess.py:93} INFO - Sending log: {'timestamp': '2025-05-31 16:17:02', 'level': 'WARNING', 'message': 'High memory usage'}
[2025-05-31T16:17:07.100+0000] {subprocess.py:93} INFO - Sending log: {'timestamp': '2025-05-31 16:17:04', 'level': 'ERROR', 'message': 'Payment gateway timeout'}
[2025-05-31T16:17:05.758+0000] {local_task_job_runner.py:346} WARNING - State of this instance has been externally set to None. Terminating instance.
[2025-05-31T16:17:08.132+0000] {subprocess.py:93} INFO - Sending log: {'timestamp': '2025-05-31 16:17:06', 'level': 'INFO', 'message': 'User logged in'}
[2025-05-31T16:17:08.471+0000] {local_task_job_runner.py:245} INFO - ::endgroup::
[2025-05-31T16:17:09.941+0000] {subprocess.py:93} INFO - Sending log: {'timestamp': '2025-05-31 16:17:08', 'level': 'INFO', 'message': 'User logged in'}
[2025-05-31T16:17:10.988+0000] {process_utils.py:132} INFO - Sending 15 to group 570. PIDs of all processes in the group: [575, 570]
[2025-05-31T16:17:11.722+0000] {subprocess.py:93} INFO - Sending log: {'timestamp': '2025-05-31 16:17:11', 'level': 'INFO', 'message': 'User logged in'}
[2025-05-31T16:17:12.061+0000] {process_utils.py:87} INFO - Sending the signal 15 to group 570
[2025-05-31T16:17:15.943+0000] {taskinstance.py:3092} ERROR - Received SIGTERM. Terminating subprocesses.
[2025-05-31T16:17:19.193+0000] {subprocess.py:104} INFO - Sending SIGTERM signal to process group
[2025-05-31T16:18:12.979+0000] {process_utils.py:150} WARNING - process psutil.Process(pid=575, name='python', status='zombie', started='15:58:11') did not respond to SIGTERM. Trying SIGKILL
[2025-05-31T16:18:15.898+0000] {process_utils.py:150} WARNING - process psutil.Process(pid=570, name='airflow task ru', status='running', started='15:58:06') did not respond to SIGTERM. Trying SIGKILL
[2025-05-31T16:18:16.724+0000] {process_utils.py:87} INFO - Sending the signal 9 to group 570
[2025-05-31T16:18:18.818+0000] {process_utils.py:80} INFO - Process psutil.Process(pid=570, name='airflow task ru', status='terminated', exitcode=<Negsignal.SIGKILL: -9>, started='15:58:06') (570) terminated with exit code -9
[2025-05-31T16:18:19.202+0000] {process_utils.py:80} INFO - Process psutil.Process(pid=575, name='python', status='terminated', started='15:58:11') (575) terminated with exit code None
[2025-05-31T16:18:20.382+0000] {standard_task_runner.py:217} INFO - Process not found (most likely exited), stop collecting metrics
[2025-05-31T16:18:20.077+0000] {standard_task_runner.py:190} ERROR - ('Job 199 was killed before it finished (likely due to running out of memory)', 'For more information, see https://***.apache.org/docs/apache-***/stable/troubleshooting.html#LocalTaskJob-killed')
