[2025-06-02T01:00:51.004+0000] {local_task_job_runner.py:123} INFO - ::group::Pre task execution logs
[2025-06-02T01:00:51.031+0000] {taskinstance.py:2612} INFO - Dependencies all met for dep_context=non-requeueable deps ti=<TaskInstance: log_monitoring_dag.start_log_producer scheduled__2025-06-02T00:55:00+00:00 [queued]>
[2025-06-02T01:00:51.064+0000] {taskinstance.py:2612} INFO - Dependencies all met for dep_context=requeueable deps ti=<TaskInstance: log_monitoring_dag.start_log_producer scheduled__2025-06-02T00:55:00+00:00 [queued]>
[2025-06-02T01:00:51.065+0000] {taskinstance.py:2865} INFO - Starting attempt 1 of 2
[2025-06-02T01:00:51.134+0000] {taskinstance.py:2888} INFO - Executing <Task(BashOperator): start_log_producer> on 2025-06-02 00:55:00+00:00
[2025-06-02T01:00:51.402+0000] {logging_mixin.py:190} WARNING - /home/***/.local/lib/python3.12/site-packages/***/task/task_runner/standard_task_runner.py:70 DeprecationWarning: This process (pid=408) is multi-threaded, use of fork() may lead to deadlocks in the child.
[2025-06-02T01:00:51.403+0000] {standard_task_runner.py:72} INFO - Started process 409 to run task
[2025-06-02T01:00:51.401+0000] {standard_task_runner.py:104} INFO - Running: ['***', 'tasks', 'run', 'log_monitoring_dag', 'start_log_producer', 'scheduled__2025-06-02T00:55:00+00:00', '--job-id', '63', '--raw', '--subdir', 'DAGS_FOLDER/log_monitoring_dag.py', '--cfg-path', '/tmp/tmpnqcabnh_']
[2025-06-02T01:00:51.404+0000] {standard_task_runner.py:105} INFO - Job 63: Subtask start_log_producer
[2025-06-02T01:00:51.684+0000] {logging_mixin.py:190} WARNING - /home/***/.local/lib/python3.12/site-packages/***/settings.py:209 DeprecationWarning: The sql_alchemy_conn option in [core] has been moved to the sql_alchemy_conn option in [database] - the old setting has been used, but please update your config.
[2025-06-02T01:00:51.985+0000] {task_command.py:467} INFO - Running <TaskInstance: log_monitoring_dag.start_log_producer scheduled__2025-06-02T00:55:00+00:00 [running]> on host 95af1ae74a08
[2025-06-02T01:00:51.994+0000] {logging_mixin.py:190} WARNING - /home/***/.local/lib/python3.12/site-packages/***/settings.py:470 DeprecationWarning: The sql_alchemy_conn option in [core] has been moved to the sql_alchemy_conn option in [database] - the old setting has been used, but please update your config.
[2025-06-02T01:00:52.651+0000] {taskinstance.py:3131} INFO - Exporting env vars: AIRFLOW_CTX_DAG_OWNER='***' AIRFLOW_CTX_DAG_ID='log_monitoring_dag' AIRFLOW_CTX_TASK_ID='start_log_producer' AIRFLOW_CTX_EXECUTION_DATE='2025-06-02T00:55:00+00:00' AIRFLOW_CTX_TRY_NUMBER='1' AIRFLOW_CTX_DAG_RUN_ID='scheduled__2025-06-02T00:55:00+00:00'
[2025-06-02T01:00:52.652+0000] {taskinstance.py:731} INFO - ::endgroup::
[2025-06-02T01:00:52.669+0000] {subprocess.py:63} INFO - Tmp dir root location: /tmp
[2025-06-02T01:00:52.670+0000] {subprocess.py:75} INFO - Running command: ['/usr/bin/bash', '-c', 'cd /opt/***/app && python -u log_producer.py']
[2025-06-02T01:00:52.791+0000] {subprocess.py:86} INFO - Output:
[2025-06-02T01:01:09.784+0000] {job.py:229} INFO - Heartbeat recovered after 13.08 seconds
[2025-06-02T01:01:18.929+0000] {subprocess.py:93} INFO - Sent log: {'timestamp': '2025-06-02T01:01:17.222095', 'level': 'WARNING', 'message': 'This is a log message'}
[2025-06-02T01:01:20.243+0000] {subprocess.py:93} INFO - Sent log: {'timestamp': '2025-06-02T01:01:20.242631', 'level': 'WARNING', 'message': 'This is a log message'}
[2025-06-02T01:01:55.582+0000] {subprocess.py:93} INFO - Sent log: {'timestamp': '2025-06-02T01:01:55.580870', 'level': 'ERROR', 'message': 'This is a log message'}
[2025-06-02T01:01:57.131+0000] {job.py:229} INFO - Heartbeat recovered after 40.83 seconds
[2025-06-02T01:01:59.067+0000] {subprocess.py:93} INFO - Sent log: {'timestamp': '2025-06-02T01:01:59.066439', 'level': 'ERROR', 'message': 'This is a log message'}
[2025-06-02T01:02:02.905+0000] {subprocess.py:93} INFO - Sent log: {'timestamp': '2025-06-02T01:02:02.904686', 'level': 'WARNING', 'message': 'This is a log message'}
[2025-06-02T01:02:04.601+0000] {subprocess.py:93} INFO - Sent log: {'timestamp': '2025-06-02T01:02:04.600713', 'level': 'INFO', 'message': 'This is a log message'}
[2025-06-02T01:02:06.028+0000] {subprocess.py:93} INFO - Sent log: {'timestamp': '2025-06-02T01:02:06.027265', 'level': 'INFO', 'message': 'This is a log message'}
[2025-06-02T01:02:07.534+0000] {subprocess.py:93} INFO - Sent log: {'timestamp': '2025-06-02T01:02:07.534612', 'level': 'INFO', 'message': 'This is a log message'}
[2025-06-02T01:02:09.457+0000] {subprocess.py:93} INFO - Sent log: {'timestamp': '2025-06-02T01:02:09.456308', 'level': 'INFO', 'message': 'This is a log message'}
[2025-06-02T01:02:10.636+0000] {subprocess.py:93} INFO - Sent log: {'timestamp': '2025-06-02T01:02:10.636469', 'level': 'INFO', 'message': 'This is a log message'}
[2025-06-02T01:02:12.388+0000] {subprocess.py:93} INFO - Sent log: {'timestamp': '2025-06-02T01:02:12.388018', 'level': 'INFO', 'message': 'This is a log message'}
[2025-06-02T01:02:13.997+0000] {subprocess.py:93} INFO - Sent log: {'timestamp': '2025-06-02T01:02:13.997319', 'level': 'INFO', 'message': 'This is a log message'}
[2025-06-02T01:02:15.088+0000] {subprocess.py:93} INFO - Sent log: {'timestamp': '2025-06-02T01:02:15.088507', 'level': 'ERROR', 'message': 'This is a log message'}
[2025-06-02T01:02:16.158+0000] {subprocess.py:93} INFO - Sent log: {'timestamp': '2025-06-02T01:02:16.158308', 'level': 'ERROR', 'message': 'This is a log message'}
[2025-06-02T01:02:17.175+0000] {subprocess.py:93} INFO - Sent log: {'timestamp': '2025-06-02T01:02:17.175154', 'level': 'WARNING', 'message': 'This is a log message'}
[2025-06-02T01:02:18.206+0000] {subprocess.py:93} INFO - Sent log: {'timestamp': '2025-06-02T01:02:18.205878', 'level': 'WARNING', 'message': 'This is a log message'}
[2025-06-02T01:02:19.209+0000] {subprocess.py:93} INFO - Sent log: {'timestamp': '2025-06-02T01:02:19.208460', 'level': 'INFO', 'message': 'This is a log message'}
[2025-06-02T01:02:20.211+0000] {subprocess.py:93} INFO - Sent log: {'timestamp': '2025-06-02T01:02:20.210785', 'level': 'INFO', 'message': 'This is a log message'}
[2025-06-02T01:02:21.345+0000] {subprocess.py:93} INFO - Sent log: {'timestamp': '2025-06-02T01:02:21.344472', 'level': 'ERROR', 'message': 'This is a log message'}
[2025-06-02T01:02:50.635+0000] {subprocess.py:93} INFO - Sent log: {'timestamp': '2025-06-02T01:02:50.635199', 'level': 'INFO', 'message': 'This is a log message'}
[2025-06-02T01:03:10.738+0000] {job.py:229} INFO - Heartbeat recovered after 46.52 seconds
[2025-06-02T01:03:49.561+0000] {job.py:239} ERROR - Job heartbeat failed with error
Traceback (most recent call last):
  File "/home/airflow/.local/lib/python3.12/site-packages/sqlalchemy/engine/base.py", line 3371, in _wrap_pool_connect
    return fn()
           ^^^^
  File "/home/airflow/.local/lib/python3.12/site-packages/sqlalchemy/pool/base.py", line 327, in connect
    return _ConnectionFairy._checkout(self)
           ^^^^^^^^^^^^^^^^^^^^^^^^^^^^^^^^
  File "/home/airflow/.local/lib/python3.12/site-packages/sqlalchemy/pool/base.py", line 894, in _checkout
    fairy = _ConnectionRecord.checkout(pool)
            ^^^^^^^^^^^^^^^^^^^^^^^^^^^^^^^^
  File "/home/airflow/.local/lib/python3.12/site-packages/sqlalchemy/pool/base.py", line 493, in checkout
    rec = pool._do_get()
          ^^^^^^^^^^^^^^
  File "/home/airflow/.local/lib/python3.12/site-packages/sqlalchemy/pool/impl.py", line 256, in _do_get
    return self._create_connection()
           ^^^^^^^^^^^^^^^^^^^^^^^^^
  File "/home/airflow/.local/lib/python3.12/site-packages/sqlalchemy/pool/base.py", line 273, in _create_connection
    return _ConnectionRecord(self)
           ^^^^^^^^^^^^^^^^^^^^^^^
  File "/home/airflow/.local/lib/python3.12/site-packages/sqlalchemy/pool/base.py", line 388, in __init__
    self.__connect()
  File "/home/airflow/.local/lib/python3.12/site-packages/sqlalchemy/pool/base.py", line 690, in __connect
    with util.safe_reraise():
  File "/home/airflow/.local/lib/python3.12/site-packages/sqlalchemy/util/langhelpers.py", line 70, in __exit__
    compat.raise_(
  File "/home/airflow/.local/lib/python3.12/site-packages/sqlalchemy/util/compat.py", line 211, in raise_
    raise exception
  File "/home/airflow/.local/lib/python3.12/site-packages/sqlalchemy/pool/base.py", line 686, in __connect
    self.dbapi_connection = connection = pool._invoke_creator(self)
                                         ^^^^^^^^^^^^^^^^^^^^^^^^^^
  File "/home/airflow/.local/lib/python3.12/site-packages/sqlalchemy/engine/create.py", line 574, in connect
    return dialect.connect(*cargs, **cparams)
           ^^^^^^^^^^^^^^^^^^^^^^^^^^^^^^^^^^
  File "/home/airflow/.local/lib/python3.12/site-packages/sqlalchemy/engine/default.py", line 598, in connect
    return self.dbapi.connect(*cargs, **cparams)
           ^^^^^^^^^^^^^^^^^^^^^^^^^^^^^^^^^^^^^
  File "/home/airflow/.local/lib/python3.12/site-packages/psycopg2/__init__.py", line 122, in connect
    conn = _connect(dsn, connection_factory=connection_factory, **kwasync)
           ^^^^^^^^^^^^^^^^^^^^^^^^^^^^^^^^^^^^^^^^^^^^^^^^^^^^^^^^^^^^^^^
psycopg2.OperationalError: could not translate host name "postgres" to address: Temporary failure in name resolution


The above exception was the direct cause of the following exception:

Traceback (most recent call last):
  File "/home/airflow/.local/lib/python3.12/site-packages/airflow/jobs/job.py", line 207, in heartbeat
    self._merge_from(Job._fetch_from_db(self, session))
                     ^^^^^^^^^^^^^^^^^^^^^^^^^^^^^^^^^
  File "/home/airflow/.local/lib/python3.12/site-packages/airflow/api_internal/internal_api_call.py", line 139, in wrapper
    return func(*args, **kwargs)
           ^^^^^^^^^^^^^^^^^^^^^
  File "/home/airflow/.local/lib/python3.12/site-packages/airflow/utils/session.py", line 94, in wrapper
    return func(*args, **kwargs)
           ^^^^^^^^^^^^^^^^^^^^^
  File "/home/airflow/.local/lib/python3.12/site-packages/airflow/utils/retries.py", line 93, in wrapped_function
    for attempt in run_with_db_retries(max_retries=retries, logger=logger, **retry_kwargs):
                   ^^^^^^^^^^^^^^^^^^^^^^^^^^^^^^^^^^^^^^^^^^^^^^^^^^^^^^^^^^^^^^^^^^^^^^^
  File "/home/airflow/.local/lib/python3.12/site-packages/tenacity/__init__.py", line 443, in __iter__
    do = self.iter(retry_state=retry_state)
         ^^^^^^^^^^^^^^^^^^^^^^^^^^^^^^^^^^
  File "/home/airflow/.local/lib/python3.12/site-packages/tenacity/__init__.py", line 376, in iter
    result = action(retry_state)
             ^^^^^^^^^^^^^^^^^^^
  File "/home/airflow/.local/lib/python3.12/site-packages/tenacity/__init__.py", line 418, in exc_check
    raise retry_exc.reraise()
          ^^^^^^^^^^^^^^^^^^^
  File "/home/airflow/.local/lib/python3.12/site-packages/tenacity/__init__.py", line 185, in reraise
    raise self.last_attempt.result()
          ^^^^^^^^^^^^^^^^^^^^^^^^^^
  File "/usr/local/lib/python3.12/concurrent/futures/_base.py", line 449, in result
    return self.__get_result()
           ^^^^^^^^^^^^^^^^^^^
  File "/usr/local/lib/python3.12/concurrent/futures/_base.py", line 401, in __get_result
    raise self._exception
  File "/home/airflow/.local/lib/python3.12/site-packages/airflow/utils/retries.py", line 102, in wrapped_function
    return func(*args, **kwargs)
           ^^^^^^^^^^^^^^^^^^^^^
  File "/home/airflow/.local/lib/python3.12/site-packages/airflow/jobs/job.py", line 335, in _fetch_from_db
    session.merge(job)
  File "/home/airflow/.local/lib/python3.12/site-packages/sqlalchemy/orm/session.py", line 3056, in merge
    return self._merge(
           ^^^^^^^^^^^^
  File "/home/airflow/.local/lib/python3.12/site-packages/sqlalchemy/orm/session.py", line 3136, in _merge
    merged = self.get(
             ^^^^^^^^^
  File "/home/airflow/.local/lib/python3.12/site-packages/sqlalchemy/orm/session.py", line 2853, in get
    return self._get_impl(
           ^^^^^^^^^^^^^^^
  File "/home/airflow/.local/lib/python3.12/site-packages/sqlalchemy/orm/session.py", line 2975, in _get_impl
    return db_load_fn(
           ^^^^^^^^^^^
  File "/home/airflow/.local/lib/python3.12/site-packages/sqlalchemy/orm/loading.py", line 530, in load_on_pk_identity
    session.execute(
  File "/home/airflow/.local/lib/python3.12/site-packages/sqlalchemy/orm/session.py", line 1716, in execute
    conn = self._connection_for_bind(bind)
           ^^^^^^^^^^^^^^^^^^^^^^^^^^^^^^^
  File "/home/airflow/.local/lib/python3.12/site-packages/sqlalchemy/orm/session.py", line 1555, in _connection_for_bind
    return self._transaction._connection_for_bind(
           ^^^^^^^^^^^^^^^^^^^^^^^^^^^^^^^^^^^^^^^
  File "/home/airflow/.local/lib/python3.12/site-packages/sqlalchemy/orm/session.py", line 750, in _connection_for_bind
    conn = bind.connect()
           ^^^^^^^^^^^^^^
  File "/home/airflow/.local/lib/python3.12/site-packages/sqlalchemy/future/engine.py", line 412, in connect
    return super(Engine, self).connect()
           ^^^^^^^^^^^^^^^^^^^^^^^^^^^^^
  File "/home/airflow/.local/lib/python3.12/site-packages/sqlalchemy/engine/base.py", line 3325, in connect
    return self._connection_cls(self, close_with_result=close_with_result)
           ^^^^^^^^^^^^^^^^^^^^^^^^^^^^^^^^^^^^^^^^^^^^^^^^^^^^^^^^^^^^^^^
  File "/home/airflow/.local/lib/python3.12/site-packages/sqlalchemy/engine/base.py", line 96, in __init__
    else engine.raw_connection()
         ^^^^^^^^^^^^^^^^^^^^^^^
  File "/home/airflow/.local/lib/python3.12/site-packages/sqlalchemy/engine/base.py", line 3404, in raw_connection
    return self._wrap_pool_connect(self.pool.connect, _connection)
           ^^^^^^^^^^^^^^^^^^^^^^^^^^^^^^^^^^^^^^^^^^^^^^^^^^^^^^^
  File "/home/airflow/.local/lib/python3.12/site-packages/sqlalchemy/engine/base.py", line 3374, in _wrap_pool_connect
    Connection._handle_dbapi_exception_noconnection(
  File "/home/airflow/.local/lib/python3.12/site-packages/sqlalchemy/engine/base.py", line 2208, in _handle_dbapi_exception_noconnection
    util.raise_(
  File "/home/airflow/.local/lib/python3.12/site-packages/sqlalchemy/util/compat.py", line 211, in raise_
    raise exception
  File "/home/airflow/.local/lib/python3.12/site-packages/sqlalchemy/engine/base.py", line 3371, in _wrap_pool_connect
    return fn()
           ^^^^
  File "/home/airflow/.local/lib/python3.12/site-packages/sqlalchemy/pool/base.py", line 327, in connect
    return _ConnectionFairy._checkout(self)
           ^^^^^^^^^^^^^^^^^^^^^^^^^^^^^^^^
  File "/home/airflow/.local/lib/python3.12/site-packages/sqlalchemy/pool/base.py", line 894, in _checkout
    fairy = _ConnectionRecord.checkout(pool)
            ^^^^^^^^^^^^^^^^^^^^^^^^^^^^^^^^
  File "/home/airflow/.local/lib/python3.12/site-packages/sqlalchemy/pool/base.py", line 493, in checkout
    rec = pool._do_get()
          ^^^^^^^^^^^^^^
  File "/home/airflow/.local/lib/python3.12/site-packages/sqlalchemy/pool/impl.py", line 256, in _do_get
    return self._create_connection()
           ^^^^^^^^^^^^^^^^^^^^^^^^^
  File "/home/airflow/.local/lib/python3.12/site-packages/sqlalchemy/pool/base.py", line 273, in _create_connection
    return _ConnectionRecord(self)
           ^^^^^^^^^^^^^^^^^^^^^^^
  File "/home/airflow/.local/lib/python3.12/site-packages/sqlalchemy/pool/base.py", line 388, in __init__
    self.__connect()
  File "/home/airflow/.local/lib/python3.12/site-packages/sqlalchemy/pool/base.py", line 690, in __connect
    with util.safe_reraise():
  File "/home/airflow/.local/lib/python3.12/site-packages/sqlalchemy/util/langhelpers.py", line 70, in __exit__
    compat.raise_(
  File "/home/airflow/.local/lib/python3.12/site-packages/sqlalchemy/util/compat.py", line 211, in raise_
    raise exception
  File "/home/airflow/.local/lib/python3.12/site-packages/sqlalchemy/pool/base.py", line 686, in __connect
    self.dbapi_connection = connection = pool._invoke_creator(self)
                                         ^^^^^^^^^^^^^^^^^^^^^^^^^^
  File "/home/airflow/.local/lib/python3.12/site-packages/sqlalchemy/engine/create.py", line 574, in connect
    return dialect.connect(*cargs, **cparams)
           ^^^^^^^^^^^^^^^^^^^^^^^^^^^^^^^^^^
  File "/home/airflow/.local/lib/python3.12/site-packages/sqlalchemy/engine/default.py", line 598, in connect
    return self.dbapi.connect(*cargs, **cparams)
           ^^^^^^^^^^^^^^^^^^^^^^^^^^^^^^^^^^^^^
  File "/home/airflow/.local/lib/python3.12/site-packages/psycopg2/__init__.py", line 122, in connect
    conn = _connect(dsn, connection_factory=connection_factory, **kwasync)
           ^^^^^^^^^^^^^^^^^^^^^^^^^^^^^^^^^^^^^^^^^^^^^^^^^^^^^^^^^^^^^^^
sqlalchemy.exc.OperationalError: (psycopg2.OperationalError) could not translate host name "postgres" to address: Temporary failure in name resolution

(Background on this error at: https://sqlalche.me/e/14/e3q8)
[2025-06-02T01:03:53.960+0000] {job.py:254} ERROR - Job heartbeat failed with error. Scheduler is in unhealthy state
[2025-06-02T01:04:29.715+0000] {job.py:254} ERROR - Job heartbeat failed with error. Scheduler is in unhealthy state
[2025-06-02T01:05:01.449+0000] {job.py:229} INFO - Heartbeat recovered after 146.38 seconds
[2025-06-02T01:05:02.910+0000] {subprocess.py:97} INFO - Command exited with return code 0
[2025-06-02T01:05:04.279+0000] {taskinstance.py:340} INFO - ::group::Post task execution logs
[2025-06-02T01:05:06.060+0000] {taskinstance.py:352} INFO - Marking task as SUCCESS. dag_id=log_monitoring_dag, task_id=start_log_producer, run_id=scheduled__2025-06-02T00:55:00+00:00, execution_date=20250602T005500, start_date=20250602T010051, end_date=20250602T010505
[2025-06-02T01:05:11.413+0000] {job.py:229} INFO - Heartbeat recovered after 20.69 seconds
[2025-06-02T01:05:12.428+0000] {local_task_job_runner.py:266} INFO - Task exited with return code 0
[2025-06-02T01:05:12.544+0000] {standard_task_runner.py:217} INFO - Process not found (most likely exited), stop collecting metrics
[2025-06-02T01:05:21.871+0000] {taskinstance.py:3900} INFO - 1 downstream tasks scheduled from follow-on schedule check
[2025-06-02T01:05:22.076+0000] {local_task_job_runner.py:245} INFO - ::endgroup::
