[2025-05-31T17:52:19.150+0000] {local_task_job_runner.py:123} INFO - ::group::Pre task execution logs
[2025-05-31T17:52:19.169+0000] {taskinstance.py:2612} INFO - Dependencies all met for dep_context=non-requeueable deps ti=<TaskInstance: log_monitoring_dag.start_log_producer scheduled__2025-05-31T17:45:00+00:00 [queued]>
[2025-05-31T17:52:19.179+0000] {taskinstance.py:2612} INFO - Dependencies all met for dep_context=requeueable deps ti=<TaskInstance: log_monitoring_dag.start_log_producer scheduled__2025-05-31T17:45:00+00:00 [queued]>
[2025-05-31T17:52:19.180+0000] {taskinstance.py:2865} INFO - Starting attempt 1 of 2
[2025-05-31T17:52:22.895+0000] {taskinstance.py:2888} INFO - Executing <Task(BashOperator): start_log_producer> on 2025-05-31 17:45:00+00:00
[2025-05-31T17:52:22.906+0000] {logging_mixin.py:190} WARNING - /home/***/.local/lib/python3.12/site-packages/***/task/task_runner/standard_task_runner.py:70 DeprecationWarning: This process (pid=1260) is multi-threaded, use of fork() may lead to deadlocks in the child.
[2025-05-31T17:52:22.907+0000] {standard_task_runner.py:72} INFO - Started process 1261 to run task
[2025-05-31T17:52:22.906+0000] {standard_task_runner.py:104} INFO - Running: ['***', 'tasks', 'run', 'log_monitoring_dag', 'start_log_producer', 'scheduled__2025-05-31T17:45:00+00:00', '--job-id', '238', '--raw', '--subdir', 'DAGS_FOLDER/log_monitoring_dag.py', '--cfg-path', '/tmp/tmpcht7syyk']
[2025-05-31T17:52:22.908+0000] {standard_task_runner.py:105} INFO - Job 238: Subtask start_log_producer
[2025-05-31T17:52:22.929+0000] {logging_mixin.py:190} WARNING - /home/***/.local/lib/python3.12/site-packages/***/settings.py:209 DeprecationWarning: The sql_alchemy_conn option in [core] has been moved to the sql_alchemy_conn option in [database] - the old setting has been used, but please update your config.
[2025-05-31T17:52:22.977+0000] {task_command.py:467} INFO - Running <TaskInstance: log_monitoring_dag.start_log_producer scheduled__2025-05-31T17:45:00+00:00 [running]> on host 1d31c4e9dbe9
[2025-05-31T17:52:22.979+0000] {logging_mixin.py:190} WARNING - /home/***/.local/lib/python3.12/site-packages/***/settings.py:470 DeprecationWarning: The sql_alchemy_conn option in [core] has been moved to the sql_alchemy_conn option in [database] - the old setting has been used, but please update your config.
[2025-05-31T17:52:23.151+0000] {taskinstance.py:3131} INFO - Exporting env vars: AIRFLOW_CTX_DAG_OWNER='***' AIRFLOW_CTX_DAG_ID='log_monitoring_dag' AIRFLOW_CTX_TASK_ID='start_log_producer' AIRFLOW_CTX_EXECUTION_DATE='2025-05-31T17:45:00+00:00' AIRFLOW_CTX_TRY_NUMBER='1' AIRFLOW_CTX_DAG_RUN_ID='scheduled__2025-05-31T17:45:00+00:00'
[2025-05-31T17:52:23.152+0000] {taskinstance.py:731} INFO - ::endgroup::
[2025-05-31T17:52:23.202+0000] {subprocess.py:63} INFO - Tmp dir root location: /tmp
[2025-05-31T17:52:23.242+0000] {subprocess.py:75} INFO - Running command: ['/usr/bin/bash', '-c', 'cd /opt/***/app && python -u log_producer.py']
[2025-05-31T17:52:23.254+0000] {subprocess.py:86} INFO - Output:
[2025-05-31T17:52:24.611+0000] {subprocess.py:93} INFO - Sending log: {'timestamp': '2025-05-31 17:52:24', 'level': 'ERROR', 'message': 'Database connection failed'}
[2025-05-31T17:52:26.687+0000] {subprocess.py:93} INFO - Sending log: {'timestamp': '2025-05-31 17:52:26', 'level': 'WARNING', 'message': 'High memory usage'}
[2025-05-31T17:52:28.688+0000] {subprocess.py:93} INFO - Sending log: {'timestamp': '2025-05-31 17:52:28', 'level': 'ERROR', 'message': 'Database connection failed'}
[2025-05-31T17:52:30.688+0000] {subprocess.py:93} INFO - Sending log: {'timestamp': '2025-05-31 17:52:30', 'level': 'WARNING', 'message': 'High memory usage'}
[2025-05-31T17:52:32.689+0000] {subprocess.py:93} INFO - Sending log: {'timestamp': '2025-05-31 17:52:32', 'level': 'WARNING', 'message': 'Slow response time'}
[2025-05-31T17:52:34.689+0000] {subprocess.py:93} INFO - Sending log: {'timestamp': '2025-05-31 17:52:34', 'level': 'ERROR', 'message': 'Payment gateway timeout'}
[2025-05-31T17:52:36.690+0000] {subprocess.py:93} INFO - Sending log: {'timestamp': '2025-05-31 17:52:36', 'level': 'INFO', 'message': 'Search executed'}
[2025-05-31T17:52:38.690+0000] {subprocess.py:93} INFO - Sending log: {'timestamp': '2025-05-31 17:52:38', 'level': 'WARNING', 'message': 'Slow response time'}
[2025-05-31T17:52:40.691+0000] {subprocess.py:93} INFO - Sending log: {'timestamp': '2025-05-31 17:52:40', 'level': 'INFO', 'message': 'Page loaded'}
[2025-05-31T17:52:42.691+0000] {subprocess.py:93} INFO - Sending log: {'timestamp': '2025-05-31 17:52:42', 'level': 'ERROR', 'message': 'Database connection failed'}
[2025-05-31T17:52:44.692+0000] {subprocess.py:93} INFO - Sending log: {'timestamp': '2025-05-31 17:52:44', 'level': 'WARNING', 'message': 'Slow response time'}
[2025-05-31T17:52:46.692+0000] {subprocess.py:93} INFO - Sending log: {'timestamp': '2025-05-31 17:52:46', 'level': 'WARNING', 'message': 'Slow response time'}
[2025-05-31T17:52:48.693+0000] {subprocess.py:93} INFO - Sending log: {'timestamp': '2025-05-31 17:52:48', 'level': 'WARNING', 'message': 'High memory usage'}
[2025-05-31T17:52:50.694+0000] {subprocess.py:93} INFO - Sending log: {'timestamp': '2025-05-31 17:52:50', 'level': 'ERROR', 'message': 'Payment gateway timeout'}
[2025-05-31T17:52:52.694+0000] {subprocess.py:93} INFO - Sending log: {'timestamp': '2025-05-31 17:52:52', 'level': 'INFO', 'message': 'Page loaded'}
[2025-05-31T17:52:54.387+0000] {local_task_job_runner.py:127} ERROR - Received SIGTERM. Terminating subprocesses
[2025-05-31T17:52:55.973+0000] {subprocess.py:93} INFO - Sending log: {'timestamp': '2025-05-31 17:52:55', 'level': 'ERROR', 'message': 'Database connection failed'}
[2025-05-31T17:52:57.220+0000] {process_utils.py:132} INFO - Sending 15 to group 1261. PIDs of all processes in the group: [1263, 1261]
[2025-05-31T17:52:57.309+0000] {process_utils.py:87} INFO - Sending the signal 15 to group 1261
[2025-05-31T17:52:58.319+0000] {taskinstance.py:3092} ERROR - Received SIGTERM. Terminating subprocesses.
[2025-05-31T17:52:58.548+0000] {subprocess.py:104} INFO - Sending SIGTERM signal to process group
[2025-05-31T17:52:59.103+0000] {taskinstance.py:3310} ERROR - Task failed with exception
Traceback (most recent call last):
  File "/home/airflow/.local/lib/python3.12/site-packages/airflow/models/taskinstance.py", line 767, in _execute_task
    result = _execute_callable(context=context, **execute_callable_kwargs)
             ^^^^^^^^^^^^^^^^^^^^^^^^^^^^^^^^^^^^^^^^^^^^^^^^^^^^^^^^^^^^^
  File "/home/airflow/.local/lib/python3.12/site-packages/airflow/models/taskinstance.py", line 733, in _execute_callable
    return ExecutionCallableRunner(
           ^^^^^^^^^^^^^^^^^^^^^^^^
  File "/home/airflow/.local/lib/python3.12/site-packages/airflow/utils/operator_helpers.py", line 252, in run
    return self.func(*args, **kwargs)
           ^^^^^^^^^^^^^^^^^^^^^^^^^^
  File "/home/airflow/.local/lib/python3.12/site-packages/airflow/models/baseoperator.py", line 406, in wrapper
    return func(self, *args, **kwargs)
           ^^^^^^^^^^^^^^^^^^^^^^^^^^^
  File "/home/airflow/.local/lib/python3.12/site-packages/airflow/operators/bash.py", line 240, in execute
    result = self.subprocess_hook.run_command(
             ^^^^^^^^^^^^^^^^^^^^^^^^^^^^^^^^^
  File "/home/airflow/.local/lib/python3.12/site-packages/airflow/hooks/subprocess.py", line 92, in run_command
    line = raw_line.decode(output_encoding, errors="backslashreplace").rstrip()
           ^^^^^^^^^^^^^^^^^^^^^^^^^^^^^^^^^^^^^^^^^^^^^^^^^^^^^^^^^^^
  File "/home/airflow/.local/lib/python3.12/site-packages/airflow/models/taskinstance.py", line 3094, in signal_handler
    raise AirflowTaskTerminated("Task received SIGTERM signal")
airflow.exceptions.AirflowTaskTerminated: Task received SIGTERM signal
[2025-05-31T17:53:04.294+0000] {taskinstance.py:1225} INFO - Marking task as UP_FOR_RETRY. dag_id=log_monitoring_dag, task_id=start_log_producer, run_id=scheduled__2025-05-31T17:45:00+00:00, execution_date=20250531T174500, start_date=20250531T175219, end_date=20250531T175301
[2025-05-31T17:53:08.637+0000] {taskinstance.py:340} INFO - ::group::Post task execution logs
[2025-05-31T17:53:08.929+0000] {process_utils.py:80} INFO - Process psutil.Process(pid=1261, status='terminated', exitcode=2, started='17:52:21') (1261) terminated with exit code 2
[2025-05-31T17:53:09.096+0000] {process_utils.py:80} INFO - Process psutil.Process(pid=1263, status='terminated', started='17:52:22') (1263) terminated with exit code None
[2025-05-31T17:53:09.451+0000] {local_task_job_runner.py:266} INFO - Task exited with return code 143
[2025-05-31T17:53:09.980+0000] {standard_task_runner.py:217} INFO - Process not found (most likely exited), stop collecting metrics
