[2025-06-02T14:04:21.450+0000] {local_task_job_runner.py:123} INFO - ::group::Pre task execution logs
[2025-06-02T14:04:21.471+0000] {taskinstance.py:2612} INFO - Dependencies all met for dep_context=non-requeueable deps ti=<TaskInstance: log_monitoring_dag.run_alert_script manual__2025-06-02T12:54:53.448668+00:00 [queued]>
[2025-06-02T14:04:21.481+0000] {taskinstance.py:2612} INFO - Dependencies all met for dep_context=requeueable deps ti=<TaskInstance: log_monitoring_dag.run_alert_script manual__2025-06-02T12:54:53.448668+00:00 [queued]>
[2025-06-02T14:04:21.484+0000] {taskinstance.py:2865} INFO - Starting attempt 8 of 9
[2025-06-02T14:04:21.503+0000] {taskinstance.py:2888} INFO - Executing <Task(BashOperator): run_alert_script> on 2025-06-02 12:54:53.448668+00:00
[2025-06-02T14:04:21.511+0000] {logging_mixin.py:190} WARNING - /home/***/.local/lib/python3.12/site-packages/***/task/task_runner/standard_task_runner.py:70 DeprecationWarning: This process (pid=998) is multi-threaded, use of fork() may lead to deadlocks in the child.
[2025-06-02T14:04:21.512+0000] {standard_task_runner.py:72} INFO - Started process 999 to run task
[2025-06-02T14:04:21.511+0000] {standard_task_runner.py:104} INFO - Running: ['***', 'tasks', 'run', 'log_monitoring_dag', 'run_alert_script', 'manual__2025-06-02T12:54:53.448668+00:00', '--job-id', '107', '--raw', '--subdir', 'DAGS_FOLDER/log_monitoring_dag.py', '--cfg-path', '/tmp/tmpoe8nxvno']
[2025-06-02T14:04:21.514+0000] {standard_task_runner.py:105} INFO - Job 107: Subtask run_alert_script
[2025-06-02T14:04:21.537+0000] {logging_mixin.py:190} WARNING - /home/***/.local/lib/python3.12/site-packages/***/settings.py:209 DeprecationWarning: The sql_alchemy_conn option in [core] has been moved to the sql_alchemy_conn option in [database] - the old setting has been used, but please update your config.
[2025-06-02T14:04:21.689+0000] {task_command.py:467} INFO - Running <TaskInstance: log_monitoring_dag.run_alert_script manual__2025-06-02T12:54:53.448668+00:00 [running]> on host c47ce43ea693
[2025-06-02T14:04:21.792+0000] {taskinstance.py:3131} INFO - Exporting env vars: AIRFLOW_CTX_DAG_OWNER='***' AIRFLOW_CTX_DAG_ID='log_monitoring_dag' AIRFLOW_CTX_TASK_ID='run_alert_script' AIRFLOW_CTX_EXECUTION_DATE='2025-06-02T12:54:53.448668+00:00' AIRFLOW_CTX_TRY_NUMBER='8' AIRFLOW_CTX_DAG_RUN_ID='manual__2025-06-02T12:54:53.448668+00:00'
[2025-06-02T14:04:21.793+0000] {taskinstance.py:731} INFO - ::endgroup::
[2025-06-02T14:04:21.816+0000] {subprocess.py:63} INFO - Tmp dir root location: /tmp
[2025-06-02T14:04:21.818+0000] {subprocess.py:75} INFO - Running command: ['/usr/bin/bash', '-c', 'python /opt/***/app/error_alert.py']
[2025-06-02T14:04:21.830+0000] {subprocess.py:86} INFO - Output:
[2025-06-02T14:04:22.022+0000] {subprocess.py:93} INFO - OK: Only 0 error logs in the last 5 minutes.
[2025-06-02T14:04:22.027+0000] {subprocess.py:97} INFO - Command exited with return code 0
[2025-06-02T14:04:22.059+0000] {taskinstance.py:340} INFO - ::group::Post task execution logs
[2025-06-02T14:04:22.060+0000] {taskinstance.py:352} INFO - Marking task as SUCCESS. dag_id=log_monitoring_dag, task_id=run_alert_script, run_id=manual__2025-06-02T12:54:53.448668+00:00, execution_date=20250602T125453, start_date=20250602T140421, end_date=20250602T140422
[2025-06-02T14:04:22.131+0000] {local_task_job_runner.py:266} INFO - Task exited with return code 0
[2025-06-02T14:04:22.172+0000] {taskinstance.py:3900} INFO - 1 downstream tasks scheduled from follow-on schedule check
[2025-06-02T14:04:22.183+0000] {local_task_job_runner.py:245} INFO - ::endgroup::
