[2025-06-01T20:49:36.691+0000] {local_task_job_runner.py:123} INFO - ::group::Pre task execution logs
[2025-06-01T20:49:37.002+0000] {taskinstance.py:2612} INFO - Dependencies all met for dep_context=non-requeueable deps ti=<TaskInstance: log_monitoring_dag.start_spark_consumer manual__2025-06-01T18:45:47.092796+00:00 [queued]>
[2025-06-01T20:49:37.030+0000] {taskinstance.py:2612} INFO - Dependencies all met for dep_context=requeueable deps ti=<TaskInstance: log_monitoring_dag.start_spark_consumer manual__2025-06-01T18:45:47.092796+00:00 [queued]>
[2025-06-01T20:49:37.033+0000] {taskinstance.py:2865} INFO - Starting attempt 1 of 2
[2025-06-01T20:49:37.080+0000] {taskinstance.py:2888} INFO - Executing <Task(BashOperator): start_spark_consumer> on 2025-06-01 18:45:47.092796+00:00
[2025-06-01T20:49:37.114+0000] {logging_mixin.py:190} WARNING - /home/***/.local/lib/python3.12/site-packages/***/task/task_runner/standard_task_runner.py:70 DeprecationWarning: This process (pid=362) is multi-threaded, use of fork() may lead to deadlocks in the child.
[2025-06-01T20:49:37.118+0000] {standard_task_runner.py:72} INFO - Started process 371 to run task
[2025-06-01T20:49:37.114+0000] {standard_task_runner.py:104} INFO - Running: ['***', 'tasks', 'run', 'log_monitoring_dag', 'start_spark_consumer', 'manual__2025-06-01T18:45:47.092796+00:00', '--job-id', '160', '--raw', '--subdir', 'DAGS_FOLDER/log_monitoring_dag.py', '--cfg-path', '/tmp/tmpj3ytptct']
[2025-06-01T20:49:37.120+0000] {standard_task_runner.py:105} INFO - Job 160: Subtask start_spark_consumer
[2025-06-01T20:49:37.836+0000] {logging_mixin.py:190} WARNING - /home/***/.local/lib/python3.12/site-packages/***/settings.py:209 DeprecationWarning: The sql_alchemy_conn option in [core] has been moved to the sql_alchemy_conn option in [database] - the old setting has been used, but please update your config.
[2025-06-01T20:49:38.128+0000] {task_command.py:467} INFO - Running <TaskInstance: log_monitoring_dag.start_spark_consumer manual__2025-06-01T18:45:47.092796+00:00 [running]> on host 61a0313acf02
[2025-06-01T20:49:39.371+0000] {taskinstance.py:3131} INFO - Exporting env vars: AIRFLOW_CTX_DAG_OWNER='***' AIRFLOW_CTX_DAG_ID='log_monitoring_dag' AIRFLOW_CTX_TASK_ID='start_spark_consumer' AIRFLOW_CTX_EXECUTION_DATE='2025-06-01T18:45:47.092796+00:00' AIRFLOW_CTX_TRY_NUMBER='1' AIRFLOW_CTX_DAG_RUN_ID='manual__2025-06-01T18:45:47.092796+00:00'
[2025-06-01T20:49:39.372+0000] {taskinstance.py:731} INFO - ::endgroup::
[2025-06-01T20:49:41.127+0000] {subprocess.py:63} INFO - Tmp dir root location: /tmp
[2025-06-01T20:49:41.137+0000] {subprocess.py:75} INFO - Running command: ['/usr/bin/bash', '-c', '\n            docker run --rm             --network realtime_log_monitoring_default             -v /opt/***/app:/app             bitnami/spark:3.3.0             spark-submit --packages org.apache.spark:spark-sql-kafka-0-10_2.12:3.2.0 /app/log_consumer.py\n        ']
[2025-06-01T20:49:41.315+0000] {subprocess.py:86} INFO - Output:
[2025-06-01T20:49:46.951+0000] {job.py:229} INFO - Heartbeat recovered after 12.94 seconds
[2025-06-01T20:52:58.490+0000] {job.py:229} INFO - Heartbeat recovered after 191.61 seconds
[2025-06-01T20:54:20.972+0000] {job.py:239} ERROR - Job heartbeat failed with error
Traceback (most recent call last):
  File "/home/airflow/.local/lib/python3.12/site-packages/sqlalchemy/engine/base.py", line 3371, in _wrap_pool_connect
    return fn()
           ^^^^
  File "/home/airflow/.local/lib/python3.12/site-packages/sqlalchemy/pool/base.py", line 327, in connect
    return _ConnectionFairy._checkout(self)
           ^^^^^^^^^^^^^^^^^^^^^^^^^^^^^^^^
  File "/home/airflow/.local/lib/python3.12/site-packages/sqlalchemy/pool/base.py", line 894, in _checkout
    fairy = _ConnectionRecord.checkout(pool)
            ^^^^^^^^^^^^^^^^^^^^^^^^^^^^^^^^
  File "/home/airflow/.local/lib/python3.12/site-packages/sqlalchemy/pool/base.py", line 493, in checkout
    rec = pool._do_get()
          ^^^^^^^^^^^^^^
  File "/home/airflow/.local/lib/python3.12/site-packages/sqlalchemy/pool/impl.py", line 256, in _do_get
    return self._create_connection()
           ^^^^^^^^^^^^^^^^^^^^^^^^^
  File "/home/airflow/.local/lib/python3.12/site-packages/sqlalchemy/pool/base.py", line 273, in _create_connection
    return _ConnectionRecord(self)
           ^^^^^^^^^^^^^^^^^^^^^^^
  File "/home/airflow/.local/lib/python3.12/site-packages/sqlalchemy/pool/base.py", line 388, in __init__
    self.__connect()
  File "/home/airflow/.local/lib/python3.12/site-packages/sqlalchemy/pool/base.py", line 690, in __connect
    with util.safe_reraise():
  File "/home/airflow/.local/lib/python3.12/site-packages/sqlalchemy/util/langhelpers.py", line 70, in __exit__
    compat.raise_(
  File "/home/airflow/.local/lib/python3.12/site-packages/sqlalchemy/util/compat.py", line 211, in raise_
    raise exception
  File "/home/airflow/.local/lib/python3.12/site-packages/sqlalchemy/pool/base.py", line 686, in __connect
    self.dbapi_connection = connection = pool._invoke_creator(self)
                                         ^^^^^^^^^^^^^^^^^^^^^^^^^^
  File "/home/airflow/.local/lib/python3.12/site-packages/sqlalchemy/engine/create.py", line 574, in connect
    return dialect.connect(*cargs, **cparams)
           ^^^^^^^^^^^^^^^^^^^^^^^^^^^^^^^^^^
  File "/home/airflow/.local/lib/python3.12/site-packages/sqlalchemy/engine/default.py", line 598, in connect
    return self.dbapi.connect(*cargs, **cparams)
           ^^^^^^^^^^^^^^^^^^^^^^^^^^^^^^^^^^^^^
  File "/home/airflow/.local/lib/python3.12/site-packages/psycopg2/__init__.py", line 122, in connect
    conn = _connect(dsn, connection_factory=connection_factory, **kwasync)
           ^^^^^^^^^^^^^^^^^^^^^^^^^^^^^^^^^^^^^^^^^^^^^^^^^^^^^^^^^^^^^^^
psycopg2.OperationalError: could not translate host name "postgres" to address: Temporary failure in name resolution


The above exception was the direct cause of the following exception:

Traceback (most recent call last):
  File "/home/airflow/.local/lib/python3.12/site-packages/airflow/jobs/job.py", line 207, in heartbeat
    self._merge_from(Job._fetch_from_db(self, session))
                     ^^^^^^^^^^^^^^^^^^^^^^^^^^^^^^^^^
  File "/home/airflow/.local/lib/python3.12/site-packages/airflow/api_internal/internal_api_call.py", line 139, in wrapper
    return func(*args, **kwargs)
           ^^^^^^^^^^^^^^^^^^^^^
  File "/home/airflow/.local/lib/python3.12/site-packages/airflow/utils/session.py", line 94, in wrapper
    return func(*args, **kwargs)
           ^^^^^^^^^^^^^^^^^^^^^
  File "/home/airflow/.local/lib/python3.12/site-packages/airflow/utils/retries.py", line 93, in wrapped_function
    for attempt in run_with_db_retries(max_retries=retries, logger=logger, **retry_kwargs):
                   ^^^^^^^^^^^^^^^^^^^^^^^^^^^^^^^^^^^^^^^^^^^^^^^^^^^^^^^^^^^^^^^^^^^^^^^
  File "/home/airflow/.local/lib/python3.12/site-packages/tenacity/__init__.py", line 443, in __iter__
    do = self.iter(retry_state=retry_state)
         ^^^^^^^^^^^^^^^^^^^^^^^^^^^^^^^^^^
  File "/home/airflow/.local/lib/python3.12/site-packages/tenacity/__init__.py", line 376, in iter
    result = action(retry_state)
             ^^^^^^^^^^^^^^^^^^^
  File "/home/airflow/.local/lib/python3.12/site-packages/tenacity/__init__.py", line 418, in exc_check
    raise retry_exc.reraise()
          ^^^^^^^^^^^^^^^^^^^
  File "/home/airflow/.local/lib/python3.12/site-packages/tenacity/__init__.py", line 185, in reraise
    raise self.last_attempt.result()
          ^^^^^^^^^^^^^^^^^^^^^^^^^^
  File "/usr/local/lib/python3.12/concurrent/futures/_base.py", line 449, in result
    return self.__get_result()
           ^^^^^^^^^^^^^^^^^^^
  File "/usr/local/lib/python3.12/concurrent/futures/_base.py", line 401, in __get_result
    raise self._exception
  File "/home/airflow/.local/lib/python3.12/site-packages/airflow/utils/retries.py", line 102, in wrapped_function
    return func(*args, **kwargs)
           ^^^^^^^^^^^^^^^^^^^^^
  File "/home/airflow/.local/lib/python3.12/site-packages/airflow/jobs/job.py", line 335, in _fetch_from_db
    session.merge(job)
  File "/home/airflow/.local/lib/python3.12/site-packages/sqlalchemy/orm/session.py", line 3056, in merge
    return self._merge(
           ^^^^^^^^^^^^
  File "/home/airflow/.local/lib/python3.12/site-packages/sqlalchemy/orm/session.py", line 3136, in _merge
    merged = self.get(
             ^^^^^^^^^
  File "/home/airflow/.local/lib/python3.12/site-packages/sqlalchemy/orm/session.py", line 2853, in get
    return self._get_impl(
           ^^^^^^^^^^^^^^^
  File "/home/airflow/.local/lib/python3.12/site-packages/sqlalchemy/orm/session.py", line 2975, in _get_impl
    return db_load_fn(
           ^^^^^^^^^^^
  File "/home/airflow/.local/lib/python3.12/site-packages/sqlalchemy/orm/loading.py", line 530, in load_on_pk_identity
    session.execute(
  File "/home/airflow/.local/lib/python3.12/site-packages/sqlalchemy/orm/session.py", line 1716, in execute
    conn = self._connection_for_bind(bind)
           ^^^^^^^^^^^^^^^^^^^^^^^^^^^^^^^
  File "/home/airflow/.local/lib/python3.12/site-packages/sqlalchemy/orm/session.py", line 1555, in _connection_for_bind
    return self._transaction._connection_for_bind(
           ^^^^^^^^^^^^^^^^^^^^^^^^^^^^^^^^^^^^^^^
  File "/home/airflow/.local/lib/python3.12/site-packages/sqlalchemy/orm/session.py", line 750, in _connection_for_bind
    conn = bind.connect()
           ^^^^^^^^^^^^^^
  File "/home/airflow/.local/lib/python3.12/site-packages/sqlalchemy/future/engine.py", line 412, in connect
    return super(Engine, self).connect()
           ^^^^^^^^^^^^^^^^^^^^^^^^^^^^^
  File "/home/airflow/.local/lib/python3.12/site-packages/sqlalchemy/engine/base.py", line 3325, in connect
    return self._connection_cls(self, close_with_result=close_with_result)
           ^^^^^^^^^^^^^^^^^^^^^^^^^^^^^^^^^^^^^^^^^^^^^^^^^^^^^^^^^^^^^^^
  File "/home/airflow/.local/lib/python3.12/site-packages/sqlalchemy/engine/base.py", line 96, in __init__
    else engine.raw_connection()
         ^^^^^^^^^^^^^^^^^^^^^^^
  File "/home/airflow/.local/lib/python3.12/site-packages/sqlalchemy/engine/base.py", line 3404, in raw_connection
    return self._wrap_pool_connect(self.pool.connect, _connection)
           ^^^^^^^^^^^^^^^^^^^^^^^^^^^^^^^^^^^^^^^^^^^^^^^^^^^^^^^
  File "/home/airflow/.local/lib/python3.12/site-packages/sqlalchemy/engine/base.py", line 3374, in _wrap_pool_connect
    Connection._handle_dbapi_exception_noconnection(
  File "/home/airflow/.local/lib/python3.12/site-packages/sqlalchemy/engine/base.py", line 2208, in _handle_dbapi_exception_noconnection
    util.raise_(
  File "/home/airflow/.local/lib/python3.12/site-packages/sqlalchemy/util/compat.py", line 211, in raise_
    raise exception
  File "/home/airflow/.local/lib/python3.12/site-packages/sqlalchemy/engine/base.py", line 3371, in _wrap_pool_connect
    return fn()
           ^^^^
  File "/home/airflow/.local/lib/python3.12/site-packages/sqlalchemy/pool/base.py", line 327, in connect
    return _ConnectionFairy._checkout(self)
           ^^^^^^^^^^^^^^^^^^^^^^^^^^^^^^^^
  File "/home/airflow/.local/lib/python3.12/site-packages/sqlalchemy/pool/base.py", line 894, in _checkout
    fairy = _ConnectionRecord.checkout(pool)
            ^^^^^^^^^^^^^^^^^^^^^^^^^^^^^^^^
  File "/home/airflow/.local/lib/python3.12/site-packages/sqlalchemy/pool/base.py", line 493, in checkout
    rec = pool._do_get()
          ^^^^^^^^^^^^^^
  File "/home/airflow/.local/lib/python3.12/site-packages/sqlalchemy/pool/impl.py", line 256, in _do_get
    return self._create_connection()
           ^^^^^^^^^^^^^^^^^^^^^^^^^
  File "/home/airflow/.local/lib/python3.12/site-packages/sqlalchemy/pool/base.py", line 273, in _create_connection
    return _ConnectionRecord(self)
           ^^^^^^^^^^^^^^^^^^^^^^^
  File "/home/airflow/.local/lib/python3.12/site-packages/sqlalchemy/pool/base.py", line 388, in __init__
    self.__connect()
  File "/home/airflow/.local/lib/python3.12/site-packages/sqlalchemy/pool/base.py", line 690, in __connect
    with util.safe_reraise():
  File "/home/airflow/.local/lib/python3.12/site-packages/sqlalchemy/util/langhelpers.py", line 70, in __exit__
    compat.raise_(
  File "/home/airflow/.local/lib/python3.12/site-packages/sqlalchemy/util/compat.py", line 211, in raise_
    raise exception
  File "/home/airflow/.local/lib/python3.12/site-packages/sqlalchemy/pool/base.py", line 686, in __connect
    self.dbapi_connection = connection = pool._invoke_creator(self)
                                         ^^^^^^^^^^^^^^^^^^^^^^^^^^
  File "/home/airflow/.local/lib/python3.12/site-packages/sqlalchemy/engine/create.py", line 574, in connect
    return dialect.connect(*cargs, **cparams)
           ^^^^^^^^^^^^^^^^^^^^^^^^^^^^^^^^^^
  File "/home/airflow/.local/lib/python3.12/site-packages/sqlalchemy/engine/default.py", line 598, in connect
    return self.dbapi.connect(*cargs, **cparams)
           ^^^^^^^^^^^^^^^^^^^^^^^^^^^^^^^^^^^^^
  File "/home/airflow/.local/lib/python3.12/site-packages/psycopg2/__init__.py", line 122, in connect
    conn = _connect(dsn, connection_factory=connection_factory, **kwasync)
           ^^^^^^^^^^^^^^^^^^^^^^^^^^^^^^^^^^^^^^^^^^^^^^^^^^^^^^^^^^^^^^^
sqlalchemy.exc.OperationalError: (psycopg2.OperationalError) could not translate host name "postgres" to address: Temporary failure in name resolution

(Background on this error at: https://sqlalche.me/e/14/e3q8)
[2025-06-01T20:55:39.635+0000] {job.py:254} ERROR - Job heartbeat failed with error. Scheduler is in unhealthy state
[2025-06-01T20:56:16.626+0000] {job.py:254} ERROR - Job heartbeat failed with error. Scheduler is in unhealthy state
[2025-06-01T20:59:35.271+0000] {job.py:229} INFO - Heartbeat recovered after 390.78 seconds
[2025-06-01T21:00:34.420+0000] {job.py:229} INFO - Heartbeat recovered after 33.04 seconds
[2025-06-01T21:02:33.965+0000] {job.py:229} INFO - Heartbeat recovered after 147.55 seconds
[2025-06-01T21:02:42.099+0000] {job.py:229} INFO - Heartbeat recovered after 23.19 seconds
[2025-06-01T21:03:22.511+0000] {job.py:229} INFO - Heartbeat recovered after 41.12 seconds
[2025-06-01T21:03:46.543+0000] {job.py:229} INFO - Heartbeat recovered after 50.28 seconds
[2025-06-01T21:04:22.432+0000] {job.py:229} INFO - Heartbeat recovered after 12.15 seconds
[2025-06-01T21:05:06.503+0000] {job.py:229} INFO - Heartbeat recovered after 10.93 seconds
[2025-06-01T21:05:15.737+0000] {job.py:229} INFO - Heartbeat recovered after 10.54 seconds
[2025-06-01T21:05:32.986+0000] {job.py:229} INFO - Heartbeat recovered after 17.52 seconds
[2025-06-01T21:05:45.387+0000] {job.py:229} INFO - Heartbeat recovered after 13.72 seconds
[2025-06-01T21:06:44.431+0000] {job.py:229} INFO - Heartbeat recovered after 32.01 seconds
[2025-06-01T21:06:52.319+0000] {job.py:229} INFO - Heartbeat recovered after 31.96 seconds
[2025-06-01T21:07:09.909+0000] {job.py:229} INFO - Heartbeat recovered after 11.14 seconds
[2025-06-01T21:07:22.192+0000] {job.py:229} INFO - Heartbeat recovered after 12.61 seconds
[2025-06-01T21:07:35.468+0000] {job.py:229} INFO - Heartbeat recovered after 13.28 seconds
[2025-06-01T21:07:50.790+0000] {job.py:229} INFO - Heartbeat recovered after 17.37 seconds
[2025-06-01T21:08:03.598+0000] {job.py:229} INFO - Heartbeat recovered after 13.48 seconds
[2025-06-01T21:08:19.714+0000] {job.py:229} INFO - Heartbeat recovered after 16.13 seconds
[2025-06-01T21:08:29.124+0000] {job.py:229} INFO - Heartbeat recovered after 11.58 seconds
[2025-06-01T21:09:07.943+0000] {job.py:229} INFO - Heartbeat recovered after 13.03 seconds
[2025-06-01T21:11:05.795+0000] {job.py:229} INFO - Heartbeat recovered after 42.65 seconds
[2025-06-01T21:12:01.843+0000] {job.py:229} INFO - Heartbeat recovered after 91.18 seconds
[2025-06-01T21:12:07.719+0000] {job.py:229} INFO - Heartbeat recovered after 15.05 seconds
[2025-06-01T21:13:01.085+0000] {job.py:229} INFO - Heartbeat recovered after 13.13 seconds
[2025-06-01T21:13:12.964+0000] {job.py:229} INFO - Heartbeat recovered after 10.84 seconds
[2025-06-01T21:14:26.774+0000] {job.py:229} INFO - Heartbeat recovered after 56.07 seconds
[2025-06-01T21:14:32.199+0000] {job.py:229} INFO - Heartbeat recovered after 45.14 seconds
[2025-06-01T21:14:49.996+0000] {job.py:229} INFO - Heartbeat recovered after 12.13 seconds
[2025-06-01T21:18:28.748+0000] {job.py:229} INFO - Heartbeat recovered after 14.67 seconds
[2025-06-01T21:18:55.006+0000] {job.py:229} INFO - Heartbeat recovered after 28.25 seconds
[2025-06-01T21:19:20.728+0000] {job.py:229} INFO - Heartbeat recovered after 26.95 seconds
[2025-06-01T21:19:35.499+0000] {job.py:229} INFO - Heartbeat recovered after 16.27 seconds
[2025-06-01T21:19:51.328+0000] {job.py:229} INFO - Heartbeat recovered after 10.54 seconds
[2025-06-01T21:20:03.766+0000] {job.py:229} INFO - Heartbeat recovered after 13.11 seconds
[2025-06-01T21:20:14.898+0000] {job.py:229} INFO - Heartbeat recovered after 12.39 seconds
[2025-06-01T21:20:28.447+0000] {job.py:229} INFO - Heartbeat recovered after 15.58 seconds
[2025-06-01T21:20:39.158+0000] {job.py:229} INFO - Heartbeat recovered after 12.28 seconds
[2025-06-01T21:21:42.684+0000] {job.py:229} INFO - Heartbeat recovered after 17.36 seconds
[2025-06-01T21:22:10.504+0000] {job.py:229} INFO - Heartbeat recovered after 12.12 seconds
[2025-06-01T21:22:16.606+0000] {job.py:229} INFO - Heartbeat recovered after 13.13 seconds
[2025-06-01T21:22:59.810+0000] {job.py:229} INFO - Heartbeat recovered after 12.44 seconds
[2025-06-01T21:23:11.748+0000] {job.py:229} INFO - Heartbeat recovered after 11.94 seconds
[2025-06-01T21:24:57.863+0000] {job.py:229} INFO - Heartbeat recovered after 11.10 seconds
[2025-06-01T21:26:26.801+0000] {job.py:229} INFO - Heartbeat recovered after 15.16 seconds
[2025-06-01T21:26:45.208+0000] {job.py:229} INFO - Heartbeat recovered after 11.60 seconds
[2025-06-01T21:27:12.769+0000] {job.py:229} INFO - Heartbeat recovered after 12.04 seconds
[2025-06-01T21:27:42.781+0000] {job.py:229} INFO - Heartbeat recovered after 18.11 seconds
[2025-06-01T21:28:37.385+0000] {job.py:229} INFO - Heartbeat recovered after 22.18 seconds
[2025-06-01T21:29:04.455+0000] {job.py:229} INFO - Heartbeat recovered after 12.83 seconds
[2025-06-01T21:31:09.524+0000] {job.py:229} INFO - Heartbeat recovered after 27.24 seconds
[2025-06-01T21:31:14.563+0000] {job.py:229} INFO - Heartbeat recovered after 26.24 seconds
[2025-06-01T21:31:48.851+0000] {job.py:229} INFO - Heartbeat recovered after 29.22 seconds
[2025-06-01T21:32:07.608+0000] {job.py:229} INFO - Heartbeat recovered after 20.42 seconds
[2025-06-01T21:32:27.435+0000] {job.py:229} INFO - Heartbeat recovered after 14.78 seconds
[2025-06-01T21:32:47.206+0000] {job.py:229} INFO - Heartbeat recovered after 12.14 seconds
[2025-06-01T21:33:24.235+0000] {job.py:229} INFO - Heartbeat recovered after 10.70 seconds
[2025-06-01T21:34:16.019+0000] {job.py:229} INFO - Heartbeat recovered after 21.79 seconds
[2025-06-01T21:39:33.144+0000] {job.py:229} INFO - Heartbeat recovered after 30.62 seconds
[2025-06-01T21:39:47.221+0000] {job.py:229} INFO - Heartbeat recovered after 14.12 seconds
[2025-06-01T21:41:21.665+0000] {job.py:229} INFO - Heartbeat recovered after 88.11 seconds
[2025-06-01T21:42:46.926+0000] {job.py:239} ERROR - Job heartbeat failed with error
Traceback (most recent call last):
  File "/home/airflow/.local/lib/python3.12/site-packages/sqlalchemy/engine/base.py", line 3371, in _wrap_pool_connect
    return fn()
           ^^^^
  File "/home/airflow/.local/lib/python3.12/site-packages/sqlalchemy/pool/base.py", line 327, in connect
    return _ConnectionFairy._checkout(self)
           ^^^^^^^^^^^^^^^^^^^^^^^^^^^^^^^^
  File "/home/airflow/.local/lib/python3.12/site-packages/sqlalchemy/pool/base.py", line 894, in _checkout
    fairy = _ConnectionRecord.checkout(pool)
            ^^^^^^^^^^^^^^^^^^^^^^^^^^^^^^^^
  File "/home/airflow/.local/lib/python3.12/site-packages/sqlalchemy/pool/base.py", line 493, in checkout
    rec = pool._do_get()
          ^^^^^^^^^^^^^^
  File "/home/airflow/.local/lib/python3.12/site-packages/sqlalchemy/pool/impl.py", line 256, in _do_get
    return self._create_connection()
           ^^^^^^^^^^^^^^^^^^^^^^^^^
  File "/home/airflow/.local/lib/python3.12/site-packages/sqlalchemy/pool/base.py", line 273, in _create_connection
    return _ConnectionRecord(self)
           ^^^^^^^^^^^^^^^^^^^^^^^
  File "/home/airflow/.local/lib/python3.12/site-packages/sqlalchemy/pool/base.py", line 388, in __init__
    self.__connect()
  File "/home/airflow/.local/lib/python3.12/site-packages/sqlalchemy/pool/base.py", line 690, in __connect
    with util.safe_reraise():
  File "/home/airflow/.local/lib/python3.12/site-packages/sqlalchemy/util/langhelpers.py", line 70, in __exit__
    compat.raise_(
  File "/home/airflow/.local/lib/python3.12/site-packages/sqlalchemy/util/compat.py", line 211, in raise_
    raise exception
  File "/home/airflow/.local/lib/python3.12/site-packages/sqlalchemy/pool/base.py", line 686, in __connect
    self.dbapi_connection = connection = pool._invoke_creator(self)
                                         ^^^^^^^^^^^^^^^^^^^^^^^^^^
  File "/home/airflow/.local/lib/python3.12/site-packages/sqlalchemy/engine/create.py", line 574, in connect
    return dialect.connect(*cargs, **cparams)
           ^^^^^^^^^^^^^^^^^^^^^^^^^^^^^^^^^^
  File "/home/airflow/.local/lib/python3.12/site-packages/sqlalchemy/engine/default.py", line 598, in connect
    return self.dbapi.connect(*cargs, **cparams)
           ^^^^^^^^^^^^^^^^^^^^^^^^^^^^^^^^^^^^^
  File "/home/airflow/.local/lib/python3.12/site-packages/psycopg2/__init__.py", line 122, in connect
    conn = _connect(dsn, connection_factory=connection_factory, **kwasync)
           ^^^^^^^^^^^^^^^^^^^^^^^^^^^^^^^^^^^^^^^^^^^^^^^^^^^^^^^^^^^^^^^
psycopg2.OperationalError: could not translate host name "postgres" to address: Temporary failure in name resolution


The above exception was the direct cause of the following exception:

Traceback (most recent call last):
  File "/home/airflow/.local/lib/python3.12/site-packages/airflow/jobs/job.py", line 233, in heartbeat
    heartbeat_callback(session)
  File "/home/airflow/.local/lib/python3.12/site-packages/airflow/utils/session.py", line 94, in wrapper
    return func(*args, **kwargs)
           ^^^^^^^^^^^^^^^^^^^^^
  File "/home/airflow/.local/lib/python3.12/site-packages/airflow/jobs/local_task_job_runner.py", line 284, in heartbeat_callback
    self.task_instance.refresh_from_db()
  File "/home/airflow/.local/lib/python3.12/site-packages/airflow/utils/session.py", line 97, in wrapper
    return func(*args, session=session, **kwargs)
           ^^^^^^^^^^^^^^^^^^^^^^^^^^^^^^^^^^^^^^
  File "/home/airflow/.local/lib/python3.12/site-packages/airflow/models/taskinstance.py", line 2358, in refresh_from_db
    _refresh_from_db(task_instance=self, session=session, lock_for_update=lock_for_update)
  File "/home/airflow/.local/lib/python3.12/site-packages/airflow/models/taskinstance.py", line 872, in _refresh_from_db
    ti = TaskInstance.get_task_instance(
         ^^^^^^^^^^^^^^^^^^^^^^^^^^^^^^^
  File "/home/airflow/.local/lib/python3.12/site-packages/airflow/api_internal/internal_api_call.py", line 139, in wrapper
    return func(*args, **kwargs)
           ^^^^^^^^^^^^^^^^^^^^^
  File "/home/airflow/.local/lib/python3.12/site-packages/airflow/utils/session.py", line 94, in wrapper
    return func(*args, **kwargs)
           ^^^^^^^^^^^^^^^^^^^^^
  File "/home/airflow/.local/lib/python3.12/site-packages/airflow/models/taskinstance.py", line 2344, in get_task_instance
    return query.one_or_none()
           ^^^^^^^^^^^^^^^^^^^
  File "/home/airflow/.local/lib/python3.12/site-packages/sqlalchemy/orm/query.py", line 2850, in one_or_none
    return self._iter().one_or_none()
           ^^^^^^^^^^^^
  File "/home/airflow/.local/lib/python3.12/site-packages/sqlalchemy/orm/query.py", line 2916, in _iter
    result = self.session.execute(
             ^^^^^^^^^^^^^^^^^^^^^
  File "/home/airflow/.local/lib/python3.12/site-packages/sqlalchemy/orm/session.py", line 1716, in execute
    conn = self._connection_for_bind(bind)
           ^^^^^^^^^^^^^^^^^^^^^^^^^^^^^^^
  File "/home/airflow/.local/lib/python3.12/site-packages/sqlalchemy/orm/session.py", line 1555, in _connection_for_bind
    return self._transaction._connection_for_bind(
           ^^^^^^^^^^^^^^^^^^^^^^^^^^^^^^^^^^^^^^^
  File "/home/airflow/.local/lib/python3.12/site-packages/sqlalchemy/orm/session.py", line 750, in _connection_for_bind
    conn = bind.connect()
           ^^^^^^^^^^^^^^
  File "/home/airflow/.local/lib/python3.12/site-packages/sqlalchemy/future/engine.py", line 412, in connect
    return super(Engine, self).connect()
           ^^^^^^^^^^^^^^^^^^^^^^^^^^^^^
  File "/home/airflow/.local/lib/python3.12/site-packages/sqlalchemy/engine/base.py", line 3325, in connect
    return self._connection_cls(self, close_with_result=close_with_result)
           ^^^^^^^^^^^^^^^^^^^^^^^^^^^^^^^^^^^^^^^^^^^^^^^^^^^^^^^^^^^^^^^
  File "/home/airflow/.local/lib/python3.12/site-packages/sqlalchemy/engine/base.py", line 96, in __init__
    else engine.raw_connection()
         ^^^^^^^^^^^^^^^^^^^^^^^
  File "/home/airflow/.local/lib/python3.12/site-packages/sqlalchemy/engine/base.py", line 3404, in raw_connection
    return self._wrap_pool_connect(self.pool.connect, _connection)
           ^^^^^^^^^^^^^^^^^^^^^^^^^^^^^^^^^^^^^^^^^^^^^^^^^^^^^^^
  File "/home/airflow/.local/lib/python3.12/site-packages/sqlalchemy/engine/base.py", line 3374, in _wrap_pool_connect
    Connection._handle_dbapi_exception_noconnection(
  File "/home/airflow/.local/lib/python3.12/site-packages/sqlalchemy/engine/base.py", line 2208, in _handle_dbapi_exception_noconnection
    util.raise_(
  File "/home/airflow/.local/lib/python3.12/site-packages/sqlalchemy/util/compat.py", line 211, in raise_
    raise exception
  File "/home/airflow/.local/lib/python3.12/site-packages/sqlalchemy/engine/base.py", line 3371, in _wrap_pool_connect
    return fn()
           ^^^^
  File "/home/airflow/.local/lib/python3.12/site-packages/sqlalchemy/pool/base.py", line 327, in connect
    return _ConnectionFairy._checkout(self)
           ^^^^^^^^^^^^^^^^^^^^^^^^^^^^^^^^
  File "/home/airflow/.local/lib/python3.12/site-packages/sqlalchemy/pool/base.py", line 894, in _checkout
    fairy = _ConnectionRecord.checkout(pool)
            ^^^^^^^^^^^^^^^^^^^^^^^^^^^^^^^^
  File "/home/airflow/.local/lib/python3.12/site-packages/sqlalchemy/pool/base.py", line 493, in checkout
    rec = pool._do_get()
          ^^^^^^^^^^^^^^
  File "/home/airflow/.local/lib/python3.12/site-packages/sqlalchemy/pool/impl.py", line 256, in _do_get
    return self._create_connection()
           ^^^^^^^^^^^^^^^^^^^^^^^^^
  File "/home/airflow/.local/lib/python3.12/site-packages/sqlalchemy/pool/base.py", line 273, in _create_connection
    return _ConnectionRecord(self)
           ^^^^^^^^^^^^^^^^^^^^^^^
  File "/home/airflow/.local/lib/python3.12/site-packages/sqlalchemy/pool/base.py", line 388, in __init__
    self.__connect()
  File "/home/airflow/.local/lib/python3.12/site-packages/sqlalchemy/pool/base.py", line 690, in __connect
    with util.safe_reraise():
  File "/home/airflow/.local/lib/python3.12/site-packages/sqlalchemy/util/langhelpers.py", line 70, in __exit__
    compat.raise_(
  File "/home/airflow/.local/lib/python3.12/site-packages/sqlalchemy/util/compat.py", line 211, in raise_
    raise exception
  File "/home/airflow/.local/lib/python3.12/site-packages/sqlalchemy/pool/base.py", line 686, in __connect
    self.dbapi_connection = connection = pool._invoke_creator(self)
                                         ^^^^^^^^^^^^^^^^^^^^^^^^^^
  File "/home/airflow/.local/lib/python3.12/site-packages/sqlalchemy/engine/create.py", line 574, in connect
    return dialect.connect(*cargs, **cparams)
           ^^^^^^^^^^^^^^^^^^^^^^^^^^^^^^^^^^
  File "/home/airflow/.local/lib/python3.12/site-packages/sqlalchemy/engine/default.py", line 598, in connect
    return self.dbapi.connect(*cargs, **cparams)
           ^^^^^^^^^^^^^^^^^^^^^^^^^^^^^^^^^^^^^
  File "/home/airflow/.local/lib/python3.12/site-packages/psycopg2/__init__.py", line 122, in connect
    conn = _connect(dsn, connection_factory=connection_factory, **kwasync)
           ^^^^^^^^^^^^^^^^^^^^^^^^^^^^^^^^^^^^^^^^^^^^^^^^^^^^^^^^^^^^^^^
sqlalchemy.exc.OperationalError: (psycopg2.OperationalError) could not translate host name "postgres" to address: Temporary failure in name resolution

(Background on this error at: https://sqlalche.me/e/14/e3q8)
[2025-06-01T21:44:35.122+0000] {job.py:254} ERROR - Job heartbeat failed with error. Scheduler is in unhealthy state
[2025-06-01T21:45:21.494+0000] {job.py:254} ERROR - Job heartbeat failed with error. Scheduler is in unhealthy state
[2025-06-01T21:46:12.303+0000] {job.py:229} INFO - Heartbeat recovered after 338.23 seconds
[2025-06-01T21:47:57.344+0000] {job.py:229} INFO - Heartbeat recovered after 110.44 seconds
[2025-06-01T21:48:18.470+0000] {job.py:229} INFO - Heartbeat recovered after 22.60 seconds
[2025-06-01T21:48:46.441+0000] {job.py:229} INFO - Heartbeat recovered after 28.61 seconds
[2025-06-01T21:49:55.006+0000] {job.py:229} INFO - Heartbeat recovered after 40.06 seconds
[2025-06-01T21:50:36.447+0000] {job.py:229} INFO - Heartbeat recovered after 42.60 seconds
[2025-06-01T21:50:52.648+0000] {job.py:229} INFO - Heartbeat recovered after 16.43 seconds
[2025-06-01T21:51:05.953+0000] {job.py:229} INFO - Heartbeat recovered after 13.64 seconds
[2025-06-01T21:51:16.481+0000] {job.py:229} INFO - Heartbeat recovered after 10.73 seconds
[2025-06-01T21:51:30.759+0000] {job.py:229} INFO - Heartbeat recovered after 14.40 seconds
[2025-06-01T21:52:17.065+0000] {job.py:229} INFO - Heartbeat recovered after 14.19 seconds
[2025-06-01T21:52:38.917+0000] {job.py:229} INFO - Heartbeat recovered after 11.35 seconds
[2025-06-01T21:52:50.637+0000] {job.py:229} INFO - Heartbeat recovered after 11.91 seconds
[2025-06-01T21:54:39.772+0000] {job.py:229} INFO - Heartbeat recovered after 16.05 seconds
[2025-06-01T21:54:51.449+0000] {job.py:229} INFO - Heartbeat recovered after 11.94 seconds
[2025-06-01T21:55:28.268+0000] {job.py:229} INFO - Heartbeat recovered after 12.45 seconds
[2025-06-01T21:57:13.473+0000] {job.py:229} INFO - Heartbeat recovered after 15.61 seconds
[2025-06-01T21:58:05.661+0000] {job.py:229} INFO - Heartbeat recovered after 23.14 seconds
[2025-06-01T21:58:56.883+0000] {job.py:229} INFO - Heartbeat recovered after 33.20 seconds
[2025-06-01T21:59:50.818+0000] {job.py:229} INFO - Heartbeat recovered after 32.58 seconds
[2025-06-01T22:00:15.375+0000] {job.py:229} INFO - Heartbeat recovered after 12.04 seconds
[2025-06-01T22:00:48.425+0000] {job.py:229} INFO - Heartbeat recovered after 11.89 seconds
[2025-06-01T22:01:16.345+0000] {job.py:229} INFO - Heartbeat recovered after 17.62 seconds
[2025-06-01T22:01:28.321+0000] {job.py:229} INFO - Heartbeat recovered after 12.17 seconds
[2025-06-01T22:02:00.471+0000] {job.py:229} INFO - Heartbeat recovered after 11.42 seconds
[2025-06-01T22:02:23.003+0000] {job.py:229} INFO - Heartbeat recovered after 11.62 seconds
[2025-06-01T22:03:11.839+0000] {job.py:229} INFO - Heartbeat recovered after 14.56 seconds
[2025-06-01T22:03:28.067+0000] {job.py:229} INFO - Heartbeat recovered after 17.85 seconds
[2025-06-01T22:04:25.525+0000] {job.py:229} INFO - Heartbeat recovered after 12.28 seconds
[2025-06-01T22:04:48.951+0000] {job.py:229} INFO - Heartbeat recovered after 12.94 seconds
[2025-06-01T22:05:14.501+0000] {job.py:229} INFO - Heartbeat recovered after 10.54 seconds
[2025-06-01T22:06:37.873+0000] {job.py:229} INFO - Heartbeat recovered after 12.92 seconds
[2025-06-01T22:07:38.504+0000] {job.py:229} INFO - Heartbeat recovered after 11.74 seconds
[2025-06-01T22:07:57.766+0000] {job.py:229} INFO - Heartbeat recovered after 10.96 seconds
[2025-06-01T22:08:20.241+0000] {job.py:229} INFO - Heartbeat recovered after 10.77 seconds
[2025-06-01T22:09:01.989+0000] {job.py:229} INFO - Heartbeat recovered after 14.44 seconds
[2025-06-01T22:09:13.131+0000] {job.py:229} INFO - Heartbeat recovered after 11.15 seconds
[2025-06-01T22:09:52.062+0000] {job.py:229} INFO - Heartbeat recovered after 11.10 seconds
[2025-06-01T22:10:12.184+0000] {job.py:229} INFO - Heartbeat recovered after 14.18 seconds
[2025-06-01T22:14:39.435+0000] {job.py:229} INFO - Heartbeat recovered after 19.20 seconds
[2025-06-01T22:15:01.812+0000] {job.py:229} INFO - Heartbeat recovered after 16.04 seconds
[2025-06-01T22:15:11.570+0000] {job.py:229} INFO - Heartbeat recovered after 20.40 seconds
[2025-06-01T22:15:36.063+0000] {job.py:229} INFO - Heartbeat recovered after 13.35 seconds
[2025-06-01T22:15:53.940+0000] {job.py:229} INFO - Heartbeat recovered after 12.37 seconds
[2025-06-01T22:16:18.382+0000] {job.py:229} INFO - Heartbeat recovered after 18.69 seconds
[2025-06-01T22:16:34.928+0000] {job.py:229} INFO - Heartbeat recovered after 16.55 seconds
[2025-06-01T22:17:02.234+0000] {job.py:229} INFO - Heartbeat recovered after 11.70 seconds
[2025-06-01T22:17:28.808+0000] {job.py:229} INFO - Heartbeat recovered after 10.51 seconds
[2025-06-01T22:18:02.961+0000] {job.py:229} INFO - Heartbeat recovered after 12.77 seconds
[2025-06-01T22:18:14.479+0000] {job.py:229} INFO - Heartbeat recovered after 11.53 seconds
[2025-06-01T22:19:16.924+0000] {job.py:229} INFO - Heartbeat recovered after 17.73 seconds
[2025-06-01T22:19:41.802+0000] {job.py:229} INFO - Heartbeat recovered after 25.30 seconds
[2025-06-01T22:20:48.350+0000] {job.py:229} INFO - Heartbeat recovered after 15.21 seconds
[2025-06-01T22:24:43.345+0000] {job.py:229} INFO - Heartbeat recovered after 13.12 seconds
[2025-06-01T22:25:05.409+0000] {job.py:229} INFO - Heartbeat recovered after 11.72 seconds
[2025-06-01T22:29:29.164+0000] {job.py:229} INFO - Heartbeat recovered after 10.57 seconds
[2025-06-01T22:31:03.119+0000] {job.py:229} INFO - Heartbeat recovered after 12.16 seconds
[2025-06-01T22:31:16.928+0000] {job.py:229} INFO - Heartbeat recovered after 13.81 seconds
[2025-06-01T22:31:33.051+0000] {job.py:229} INFO - Heartbeat recovered after 10.89 seconds
[2025-06-01T22:33:36.076+0000] {job.py:229} INFO - Heartbeat recovered after 16.20 seconds
[2025-06-01T22:44:37.079+0000] {local_task_job_runner.py:127} ERROR - Received SIGTERM. Terminating subprocesses
[2025-06-01T22:44:45.595+0000] {process_utils.py:132} INFO - Sending 15 to group 371. PIDs of all processes in the group: [376, 380, 371]
[2025-06-01T22:44:47.743+0000] {process_utils.py:87} INFO - Sending the signal 15 to group 371
