[2025-06-01T23:10:29.352+0000] {local_task_job_runner.py:123} INFO - ::group::Pre task execution logs
[2025-06-01T23:10:29.367+0000] {taskinstance.py:2612} INFO - Dependencies all met for dep_context=non-requeueable deps ti=<TaskInstance: log_monitoring_dag.start_spark_consumer scheduled__2025-06-01T23:00:00+00:00 [queued]>
[2025-06-01T23:10:29.375+0000] {taskinstance.py:2612} INFO - Dependencies all met for dep_context=requeueable deps ti=<TaskInstance: log_monitoring_dag.start_spark_consumer scheduled__2025-06-01T23:00:00+00:00 [queued]>
[2025-06-01T23:10:29.375+0000] {taskinstance.py:2865} INFO - Starting attempt 1 of 2
[2025-06-01T23:10:29.393+0000] {taskinstance.py:2888} INFO - Executing <Task(BashOperator): start_spark_consumer> on 2025-06-01 23:00:00+00:00
[2025-06-01T23:10:29.402+0000] {logging_mixin.py:190} WARNING - /home/***/.local/lib/python3.12/site-packages/***/task/task_runner/standard_task_runner.py:70 DeprecationWarning: This process (pid=241) is multi-threaded, use of fork() may lead to deadlocks in the child.
[2025-06-01T23:10:29.404+0000] {standard_task_runner.py:72} INFO - Started process 242 to run task
[2025-06-01T23:10:29.402+0000] {standard_task_runner.py:104} INFO - Running: ['***', 'tasks', 'run', 'log_monitoring_dag', 'start_spark_consumer', 'scheduled__2025-06-01T23:00:00+00:00', '--job-id', '5', '--raw', '--subdir', 'DAGS_FOLDER/log_monitoring_dag.py', '--cfg-path', '/tmp/tmp1pxo4wcz']
[2025-06-01T23:10:29.405+0000] {standard_task_runner.py:105} INFO - Job 5: Subtask start_spark_consumer
[2025-06-01T23:10:30.576+0000] {logging_mixin.py:190} WARNING - /home/***/.local/lib/python3.12/site-packages/***/settings.py:209 DeprecationWarning: The sql_alchemy_conn option in [core] has been moved to the sql_alchemy_conn option in [database] - the old setting has been used, but please update your config.
[2025-06-01T23:10:30.611+0000] {task_command.py:467} INFO - Running <TaskInstance: log_monitoring_dag.start_spark_consumer scheduled__2025-06-01T23:00:00+00:00 [running]> on host 2317d0480f96
[2025-06-01T23:10:30.613+0000] {logging_mixin.py:190} WARNING - /home/***/.local/lib/python3.12/site-packages/***/settings.py:470 DeprecationWarning: The sql_alchemy_conn option in [core] has been moved to the sql_alchemy_conn option in [database] - the old setting has been used, but please update your config.
[2025-06-01T23:10:30.760+0000] {taskinstance.py:3131} INFO - Exporting env vars: AIRFLOW_CTX_DAG_OWNER='***' AIRFLOW_CTX_DAG_ID='log_monitoring_dag' AIRFLOW_CTX_TASK_ID='start_spark_consumer' AIRFLOW_CTX_EXECUTION_DATE='2025-06-01T23:00:00+00:00' AIRFLOW_CTX_TRY_NUMBER='1' AIRFLOW_CTX_DAG_RUN_ID='scheduled__2025-06-01T23:00:00+00:00'
[2025-06-01T23:10:30.761+0000] {taskinstance.py:731} INFO - ::endgroup::
[2025-06-01T23:10:30.783+0000] {subprocess.py:63} INFO - Tmp dir root location: /tmp
[2025-06-01T23:10:30.786+0000] {subprocess.py:75} INFO - Running command: ['/usr/bin/bash', '-c', '\n            docker run --rm             --network realtime_log_monitoring_default             -v /opt/***/app:/app             bitnami/spark:3.3.0             spark-submit --packages org.apache.spark:spark-sql-kafka-0-10_2.12:3.2.0 /app/log_consumer.py\n        ']
[2025-06-01T23:10:30.801+0000] {subprocess.py:86} INFO - Output:
[2025-06-01T23:10:54.684+0000] {job.py:229} INFO - Heartbeat recovered after 17.45 seconds
[2025-06-01T23:11:31.430+0000] {job.py:229} INFO - Heartbeat recovered after 12.78 seconds
[2025-06-01T23:11:42.706+0000] {job.py:229} INFO - Heartbeat recovered after 11.58 seconds
[2025-06-01T23:12:41.640+0000] {job.py:229} INFO - Heartbeat recovered after 19.23 seconds
[2025-06-01T23:12:52.894+0000] {job.py:229} INFO - Heartbeat recovered after 12.33 seconds
[2025-06-01T23:13:10.849+0000] {job.py:229} INFO - Heartbeat recovered after 12.90 seconds
[2025-06-01T23:13:22.616+0000] {job.py:229} INFO - Heartbeat recovered after 11.80 seconds
[2025-06-01T23:13:51.618+0000] {subprocess.py:93} INFO - [38;5;6m [38;5;5m23:13:51.21 [0m
[2025-06-01T23:13:51.676+0000] {subprocess.py:93} INFO - [38;5;6m [38;5;5m23:13:51.61 [0m[1mWelcome to the Bitnami spark container[0m
[2025-06-01T23:13:51.677+0000] {subprocess.py:93} INFO - [38;5;6m [38;5;5m23:13:51.62 [0mSubscribe to project updates by watching [1mhttps://github.com/bitnami/containers[0m
[2025-06-01T23:13:51.678+0000] {subprocess.py:93} INFO - [38;5;6m [38;5;5m23:13:51.62 [0mSubmit issues and feature requests at [1mhttps://github.com/bitnami/containers/issues[0m
[2025-06-01T23:13:51.679+0000] {subprocess.py:93} INFO - [38;5;6m [38;5;5m23:13:51.62 [0m
[2025-06-01T23:13:52.220+0000] {subprocess.py:93} INFO - 
[2025-06-01T23:15:01.886+0000] {job.py:229} INFO - Heartbeat recovered after 12.70 seconds
[2025-06-01T23:15:34.152+0000] {job.py:229} INFO - Heartbeat recovered after 32.66 seconds
[2025-06-01T23:16:06.889+0000] {job.py:229} INFO - Heartbeat recovered after 33.79 seconds
[2025-06-01T23:16:49.825+0000] {job.py:229} INFO - Heartbeat recovered after 11.67 seconds
[2025-06-01T23:17:01.220+0000] {job.py:229} INFO - Heartbeat recovered after 11.70 seconds
[2025-06-01T23:17:16.600+0000] {job.py:229} INFO - Heartbeat recovered after 15.46 seconds
[2025-06-01T23:17:41.443+0000] {job.py:229} INFO - Heartbeat recovered after 26.41 seconds
[2025-06-01T23:17:53.396+0000] {job.py:229} INFO - Heartbeat recovered after 14.87 seconds
[2025-06-01T23:18:24.228+0000] {job.py:229} INFO - Heartbeat recovered after 11.47 seconds
[2025-06-01T23:18:37.759+0000] {job.py:229} INFO - Heartbeat recovered after 13.63 seconds
[2025-06-01T23:19:12.589+0000] {job.py:229} INFO - Heartbeat recovered after 23.50 seconds
[2025-06-01T23:20:24.981+0000] {job.py:229} INFO - Heartbeat recovered after 18.26 seconds
[2025-06-01T23:20:39.595+0000] {job.py:229} INFO - Heartbeat recovered after 14.62 seconds
[2025-06-01T23:21:11.311+0000] {job.py:229} INFO - Heartbeat recovered after 11.16 seconds
[2025-06-01T23:21:23.546+0000] {job.py:229} INFO - Heartbeat recovered after 13.70 seconds
[2025-06-01T23:21:37.450+0000] {job.py:229} INFO - Heartbeat recovered after 13.99 seconds
[2025-06-01T23:21:59.462+0000] {job.py:229} INFO - Heartbeat recovered after 11.53 seconds
[2025-06-01T23:22:56.468+0000] {job.py:229} INFO - Heartbeat recovered after 51.96 seconds
[2025-06-01T23:23:24.737+0000] {job.py:229} INFO - Heartbeat recovered after 30.86 seconds
[2025-06-01T23:23:37.972+0000] {job.py:229} INFO - Heartbeat recovered after 15.95 seconds
[2025-06-01T23:24:01.796+0000] {job.py:229} INFO - Heartbeat recovered after 25.90 seconds
[2025-06-01T23:24:48.282+0000] {job.py:229} INFO - Heartbeat recovered after 47.35 seconds
[2025-06-01T23:25:37.041+0000] {job.py:229} INFO - Heartbeat recovered after 28.21 seconds
[2025-06-01T23:26:05.883+0000] {job.py:229} INFO - Heartbeat recovered after 29.30 seconds
[2025-06-01T23:26:25.627+0000] {job.py:229} INFO - Heartbeat recovered after 22.24 seconds
[2025-06-01T23:26:49.297+0000] {job.py:229} INFO - Heartbeat recovered after 25.89 seconds
[2025-06-01T23:27:00.404+0000] {job.py:229} INFO - Heartbeat recovered after 11.54 seconds
[2025-06-01T23:27:30.797+0000] {job.py:229} INFO - Heartbeat recovered after 11.29 seconds
[2025-06-01T23:28:00.153+0000] {job.py:229} INFO - Heartbeat recovered after 15.10 seconds
[2025-06-01T23:28:13.397+0000] {job.py:229} INFO - Heartbeat recovered after 14.29 seconds
[2025-06-01T23:28:41.107+0000] {job.py:229} INFO - Heartbeat recovered after 27.84 seconds
[2025-06-01T23:29:01.938+0000] {job.py:229} INFO - Heartbeat recovered after 21.64 seconds
[2025-06-01T23:29:44.179+0000] {job.py:229} INFO - Heartbeat recovered after 36.31 seconds
[2025-06-01T23:29:54.137+0000] {job.py:229} INFO - Heartbeat recovered after 11.75 seconds
[2025-06-01T23:30:05.063+0000] {job.py:229} INFO - Heartbeat recovered after 11.36 seconds
[2025-06-01T23:30:35.647+0000] {job.py:229} INFO - Heartbeat recovered after 31.64 seconds
[2025-06-01T23:31:24.183+0000] {job.py:229} INFO - Heartbeat recovered after 49.44 seconds
[2025-06-01T23:31:46.597+0000] {job.py:229} INFO - Heartbeat recovered after 24.09 seconds
[2025-06-01T23:32:40.861+0000] {job.py:229} INFO - Heartbeat recovered after 22.07 seconds
[2025-06-01T23:32:58.250+0000] {job.py:229} INFO - Heartbeat recovered after 19.21 seconds
[2025-06-01T23:33:06.391+0000] {job.py:229} INFO - Heartbeat recovered after 13.17 seconds
[2025-06-01T23:33:31.920+0000] {job.py:229} INFO - Heartbeat recovered after 19.36 seconds
[2025-06-01T23:33:36.602+0000] {subprocess.py:93} INFO - :: loading settings :: url = jar:file:/opt/bitnami/spark/jars/ivy-2.5.0.jar!/org/apache/ivy/core/settings/ivysettings.xml
[2025-06-01T23:33:44.849+0000] {subprocess.py:93} INFO - Ivy Default Cache set to: /opt/bitnami/spark/.ivy2/cache
[2025-06-01T23:33:45.173+0000] {subprocess.py:93} INFO - The jars for the packages stored in: /opt/bitnami/spark/.ivy2/jars
[2025-06-01T23:33:45.277+0000] {subprocess.py:93} INFO - org.apache.spark#spark-sql-kafka-0-10_2.12 added as a dependency
[2025-06-01T23:33:45.559+0000] {subprocess.py:93} INFO - :: resolving dependencies :: org.apache.spark#spark-submit-parent-85c216a8-72f5-44d1-bb6e-1fef3ec2ecf5;1.0
[2025-06-01T23:33:46.031+0000] {subprocess.py:93} INFO - 	confs: [default]
[2025-06-01T23:33:54.321+0000] {subprocess.py:93} INFO - You probably access the destination server through a proxy server that is not well configured.
[2025-06-01T23:33:54.564+0000] {subprocess.py:93} INFO - You probably access the destination server through a proxy server that is not well configured.
[2025-06-01T23:34:05.664+0000] {subprocess.py:93} INFO - :: resolution report :: resolve 29480ms :: artifacts dl 0ms
[2025-06-01T23:34:05.665+0000] {subprocess.py:93} INFO - 	:: modules in use:
[2025-06-01T23:34:05.665+0000] {subprocess.py:93} INFO - 	---------------------------------------------------------------------
[2025-06-01T23:34:05.840+0000] {subprocess.py:93} INFO - 	|                  |            modules            ||   artifacts   |
[2025-06-01T23:34:05.842+0000] {subprocess.py:93} INFO - 	|       conf       | number| search|dwnlded|evicted|| number|dwnlded|
[2025-06-01T23:34:06.150+0000] {subprocess.py:93} INFO - 	---------------------------------------------------------------------
[2025-06-01T23:34:06.151+0000] {subprocess.py:93} INFO - 	|      default     |   1   |   0   |   0   |   0   ||   0   |   0   |
[2025-06-01T23:34:06.266+0000] {subprocess.py:93} INFO - 	---------------------------------------------------------------------
[2025-06-01T23:34:06.267+0000] {subprocess.py:93} INFO - 
[2025-06-01T23:34:06.267+0000] {subprocess.py:93} INFO - :: problems summary ::
[2025-06-01T23:34:06.268+0000] {subprocess.py:93} INFO - :::: WARNINGS
[2025-06-01T23:34:06.674+0000] {subprocess.py:93} INFO - 	Host repo1.maven.org not found. url=https://repo1.maven.org/maven2/org/apache/spark/spark-sql-kafka-0-10_2.12/3.2.0/spark-sql-kafka-0-10_2.12-3.2.0.pom
[2025-06-01T23:34:06.689+0000] {subprocess.py:93} INFO - 
[2025-06-01T23:34:06.819+0000] {subprocess.py:93} INFO - 	Host repo1.maven.org not found. url=https://repo1.maven.org/maven2/org/apache/spark/spark-sql-kafka-0-10_2.12/3.2.0/spark-sql-kafka-0-10_2.12-3.2.0.jar
[2025-06-01T23:34:06.819+0000] {subprocess.py:93} INFO - 
[2025-06-01T23:34:06.820+0000] {subprocess.py:93} INFO - 		module not found: org.apache.spark#spark-sql-kafka-0-10_2.12;3.2.0
[2025-06-01T23:34:06.820+0000] {subprocess.py:93} INFO - 
[2025-06-01T23:34:06.821+0000] {subprocess.py:93} INFO - 	==== local-m2-cache: tried
[2025-06-01T23:34:06.821+0000] {subprocess.py:93} INFO - 
[2025-06-01T23:34:06.822+0000] {subprocess.py:93} INFO - 	  file:/opt/bitnami/spark/.m2/repository/org/apache/spark/spark-sql-kafka-0-10_2.12/3.2.0/spark-sql-kafka-0-10_2.12-3.2.0.pom
[2025-06-01T23:34:06.951+0000] {subprocess.py:93} INFO - 
[2025-06-01T23:34:07.066+0000] {subprocess.py:93} INFO - 	  -- artifact org.apache.spark#spark-sql-kafka-0-10_2.12;3.2.0!spark-sql-kafka-0-10_2.12.jar:
[2025-06-01T23:34:07.067+0000] {subprocess.py:93} INFO - 
[2025-06-01T23:34:07.068+0000] {subprocess.py:93} INFO - 	  file:/opt/bitnami/spark/.m2/repository/org/apache/spark/spark-sql-kafka-0-10_2.12/3.2.0/spark-sql-kafka-0-10_2.12-3.2.0.jar
[2025-06-01T23:34:07.068+0000] {subprocess.py:93} INFO - 
[2025-06-01T23:34:07.069+0000] {subprocess.py:93} INFO - 	==== local-ivy-cache: tried
[2025-06-01T23:34:07.069+0000] {subprocess.py:93} INFO - 
[2025-06-01T23:34:07.257+0000] {subprocess.py:93} INFO - 	  /opt/bitnami/spark/.ivy2/local/org.apache.spark/spark-sql-kafka-0-10_2.12/3.2.0/ivys/ivy.xml
[2025-06-01T23:34:07.258+0000] {subprocess.py:93} INFO - 
[2025-06-01T23:34:07.336+0000] {subprocess.py:93} INFO - 	  -- artifact org.apache.spark#spark-sql-kafka-0-10_2.12;3.2.0!spark-sql-kafka-0-10_2.12.jar:
[2025-06-01T23:34:07.337+0000] {subprocess.py:93} INFO - 
[2025-06-01T23:34:07.337+0000] {subprocess.py:93} INFO - 	  /opt/bitnami/spark/.ivy2/local/org.apache.spark/spark-sql-kafka-0-10_2.12/3.2.0/jars/spark-sql-kafka-0-10_2.12.jar
[2025-06-01T23:34:07.339+0000] {subprocess.py:93} INFO - 
[2025-06-01T23:34:07.512+0000] {subprocess.py:93} INFO - 	==== central: tried
[2025-06-01T23:34:07.561+0000] {subprocess.py:93} INFO - 
[2025-06-01T23:34:07.597+0000] {subprocess.py:93} INFO - 	  https://repo1.maven.org/maven2/org/apache/spark/spark-sql-kafka-0-10_2.12/3.2.0/spark-sql-kafka-0-10_2.12-3.2.0.pom
[2025-06-01T23:34:07.629+0000] {subprocess.py:93} INFO - 
[2025-06-01T23:34:07.629+0000] {subprocess.py:93} INFO - 	  -- artifact org.apache.spark#spark-sql-kafka-0-10_2.12;3.2.0!spark-sql-kafka-0-10_2.12.jar:
[2025-06-01T23:34:07.668+0000] {subprocess.py:93} INFO - 
[2025-06-01T23:34:07.919+0000] {subprocess.py:93} INFO - 	  https://repo1.maven.org/maven2/org/apache/spark/spark-sql-kafka-0-10_2.12/3.2.0/spark-sql-kafka-0-10_2.12-3.2.0.jar
[2025-06-01T23:34:07.919+0000] {subprocess.py:93} INFO - 
[2025-06-01T23:34:07.920+0000] {subprocess.py:93} INFO - 	==== spark-packages: tried
[2025-06-01T23:34:07.920+0000] {subprocess.py:93} INFO - 
[2025-06-01T23:34:07.921+0000] {subprocess.py:93} INFO - 	  https://repos.spark-packages.org/org/apache/spark/spark-sql-kafka-0-10_2.12/3.2.0/spark-sql-kafka-0-10_2.12-3.2.0.pom
[2025-06-01T23:34:07.921+0000] {subprocess.py:93} INFO - 
[2025-06-01T23:34:07.922+0000] {subprocess.py:93} INFO - 	  -- artifact org.apache.spark#spark-sql-kafka-0-10_2.12;3.2.0!spark-sql-kafka-0-10_2.12.jar:
[2025-06-01T23:34:07.970+0000] {subprocess.py:93} INFO - 
[2025-06-01T23:34:07.971+0000] {subprocess.py:93} INFO - 	  https://repos.spark-packages.org/org/apache/spark/spark-sql-kafka-0-10_2.12/3.2.0/spark-sql-kafka-0-10_2.12-3.2.0.jar
[2025-06-01T23:34:07.972+0000] {subprocess.py:93} INFO - 
[2025-06-01T23:34:07.972+0000] {subprocess.py:93} INFO - 		::::::::::::::::::::::::::::::::::::::::::::::
[2025-06-01T23:34:07.972+0000] {subprocess.py:93} INFO - 
[2025-06-01T23:34:07.973+0000] {subprocess.py:93} INFO - 		::          UNRESOLVED DEPENDENCIES         ::
[2025-06-01T23:34:07.973+0000] {subprocess.py:93} INFO - 
[2025-06-01T23:34:07.974+0000] {subprocess.py:93} INFO - 		::::::::::::::::::::::::::::::::::::::::::::::
[2025-06-01T23:34:07.974+0000] {subprocess.py:93} INFO - 
[2025-06-01T23:34:07.975+0000] {subprocess.py:93} INFO - 		:: org.apache.spark#spark-sql-kafka-0-10_2.12;3.2.0: not found
[2025-06-01T23:34:07.975+0000] {subprocess.py:93} INFO - 
[2025-06-01T23:34:08.107+0000] {subprocess.py:93} INFO - 		::::::::::::::::::::::::::::::::::::::::::::::
[2025-06-01T23:34:08.108+0000] {subprocess.py:93} INFO - 
[2025-06-01T23:34:08.108+0000] {subprocess.py:93} INFO - 
[2025-06-01T23:34:08.108+0000] {subprocess.py:93} INFO - 
[2025-06-01T23:34:08.109+0000] {subprocess.py:93} INFO - :: USE VERBOSE OR DEBUG MESSAGE LEVEL FOR MORE DETAILS
[2025-06-01T23:34:08.109+0000] {subprocess.py:93} INFO - Exception in thread "main" java.lang.RuntimeException: [unresolved dependency: org.apache.spark#spark-sql-kafka-0-10_2.12;3.2.0: not found]
[2025-06-01T23:34:08.109+0000] {subprocess.py:93} INFO - 	at org.apache.spark.deploy.SparkSubmitUtils$.resolveMavenCoordinates(SparkSubmit.scala:1456)
[2025-06-01T23:34:08.110+0000] {subprocess.py:93} INFO - 	at org.apache.spark.util.DependencyUtils$.resolveMavenDependencies(DependencyUtils.scala:185)
[2025-06-01T23:34:08.110+0000] {subprocess.py:93} INFO - 	at org.apache.spark.deploy.SparkSubmit.prepareSubmitEnvironment(SparkSubmit.scala:308)
[2025-06-01T23:34:08.110+0000] {subprocess.py:93} INFO - 	at org.apache.spark.deploy.SparkSubmit.org$apache$spark$deploy$SparkSubmit$$runMain(SparkSubmit.scala:901)
[2025-06-01T23:34:08.206+0000] {subprocess.py:93} INFO - 	at org.apache.spark.deploy.SparkSubmit.doRunMain$1(SparkSubmit.scala:180)
[2025-06-01T23:34:08.206+0000] {subprocess.py:93} INFO - 	at org.apache.spark.deploy.SparkSubmit.submit(SparkSubmit.scala:203)
[2025-06-01T23:34:08.207+0000] {subprocess.py:93} INFO - 	at org.apache.spark.deploy.SparkSubmit.doSubmit(SparkSubmit.scala:90)
[2025-06-01T23:34:08.207+0000] {subprocess.py:93} INFO - 	at org.apache.spark.deploy.SparkSubmit$$anon$2.doSubmit(SparkSubmit.scala:1046)
[2025-06-01T23:34:08.208+0000] {subprocess.py:93} INFO - 	at org.apache.spark.deploy.SparkSubmit$.main(SparkSubmit.scala:1055)
[2025-06-01T23:34:08.225+0000] {subprocess.py:93} INFO - 	at org.apache.spark.deploy.SparkSubmit.main(SparkSubmit.scala)
[2025-06-01T23:34:28.329+0000] {subprocess.py:97} INFO - Command exited with return code 1
[2025-06-01T23:34:54.772+0000] {taskinstance.py:3310} ERROR - Task failed with exception
Traceback (most recent call last):
  File "/home/airflow/.local/lib/python3.12/site-packages/airflow/models/taskinstance.py", line 767, in _execute_task
    result = _execute_callable(context=context, **execute_callable_kwargs)
             ^^^^^^^^^^^^^^^^^^^^^^^^^^^^^^^^^^^^^^^^^^^^^^^^^^^^^^^^^^^^^
  File "/home/airflow/.local/lib/python3.12/site-packages/airflow/models/taskinstance.py", line 733, in _execute_callable
    return ExecutionCallableRunner(
           ^^^^^^^^^^^^^^^^^^^^^^^^
  File "/home/airflow/.local/lib/python3.12/site-packages/airflow/utils/operator_helpers.py", line 252, in run
    return self.func(*args, **kwargs)
           ^^^^^^^^^^^^^^^^^^^^^^^^^^
  File "/home/airflow/.local/lib/python3.12/site-packages/airflow/models/baseoperator.py", line 406, in wrapper
    return func(self, *args, **kwargs)
           ^^^^^^^^^^^^^^^^^^^^^^^^^^^
  File "/home/airflow/.local/lib/python3.12/site-packages/airflow/operators/bash.py", line 249, in execute
    raise AirflowException(
airflow.exceptions.AirflowException: Bash command failed. The command returned a non-zero exit code 1.
[2025-06-01T23:35:02.169+0000] {taskinstance.py:1225} INFO - Marking task as UP_FOR_RETRY. dag_id=log_monitoring_dag, task_id=start_spark_consumer, run_id=scheduled__2025-06-01T23:00:00+00:00, execution_date=20250601T230000, start_date=20250601T231029, end_date=20250601T233501
[2025-06-01T23:35:06.139+0000] {taskinstance.py:340} INFO - ::group::Post task execution logs
[2025-06-01T23:35:06.966+0000] {standard_task_runner.py:124} ERROR - Failed to execute job 5 for task start_spark_consumer (Bash command failed. The command returned a non-zero exit code 1.; 242)
Traceback (most recent call last):
  File "/home/airflow/.local/lib/python3.12/site-packages/airflow/task/task_runner/standard_task_runner.py", line 117, in _start_by_fork
    ret = args.func(args, dag=self.dag)
          ^^^^^^^^^^^^^^^^^^^^^^^^^^^^^
  File "/home/airflow/.local/lib/python3.12/site-packages/airflow/cli/cli_config.py", line 49, in command
    return func(*args, **kwargs)
           ^^^^^^^^^^^^^^^^^^^^^
  File "/home/airflow/.local/lib/python3.12/site-packages/airflow/utils/cli.py", line 115, in wrapper
    return f(*args, **kwargs)
           ^^^^^^^^^^^^^^^^^^
  File "/home/airflow/.local/lib/python3.12/site-packages/airflow/cli/commands/task_command.py", line 483, in task_run
    task_return_code = _run_task_by_selected_method(args, _dag, ti)
                       ^^^^^^^^^^^^^^^^^^^^^^^^^^^^^^^^^^^^^^^^^^^^
  File "/home/airflow/.local/lib/python3.12/site-packages/airflow/cli/commands/task_command.py", line 256, in _run_task_by_selected_method
    return _run_raw_task(args, ti)
           ^^^^^^^^^^^^^^^^^^^^^^^
  File "/home/airflow/.local/lib/python3.12/site-packages/airflow/cli/commands/task_command.py", line 341, in _run_raw_task
    return ti._run_raw_task(
           ^^^^^^^^^^^^^^^^^
  File "/home/airflow/.local/lib/python3.12/site-packages/airflow/utils/session.py", line 97, in wrapper
    return func(*args, session=session, **kwargs)
           ^^^^^^^^^^^^^^^^^^^^^^^^^^^^^^^^^^^^^^
  File "/home/airflow/.local/lib/python3.12/site-packages/airflow/models/taskinstance.py", line 3004, in _run_raw_task
    return _run_raw_task(
           ^^^^^^^^^^^^^^
  File "/home/airflow/.local/lib/python3.12/site-packages/airflow/models/taskinstance.py", line 273, in _run_raw_task
    TaskInstance._execute_task_with_callbacks(
  File "/home/airflow/.local/lib/python3.12/site-packages/airflow/models/taskinstance.py", line 3158, in _execute_task_with_callbacks
    result = self._execute_task(context, task_orig)
             ^^^^^^^^^^^^^^^^^^^^^^^^^^^^^^^^^^^^^^
  File "/home/airflow/.local/lib/python3.12/site-packages/airflow/models/taskinstance.py", line 3182, in _execute_task
    return _execute_task(self, context, task_orig)
           ^^^^^^^^^^^^^^^^^^^^^^^^^^^^^^^^^^^^^^^
  File "/home/airflow/.local/lib/python3.12/site-packages/airflow/models/taskinstance.py", line 767, in _execute_task
    result = _execute_callable(context=context, **execute_callable_kwargs)
             ^^^^^^^^^^^^^^^^^^^^^^^^^^^^^^^^^^^^^^^^^^^^^^^^^^^^^^^^^^^^^
  File "/home/airflow/.local/lib/python3.12/site-packages/airflow/models/taskinstance.py", line 733, in _execute_callable
    return ExecutionCallableRunner(
           ^^^^^^^^^^^^^^^^^^^^^^^^
  File "/home/airflow/.local/lib/python3.12/site-packages/airflow/utils/operator_helpers.py", line 252, in run
    return self.func(*args, **kwargs)
           ^^^^^^^^^^^^^^^^^^^^^^^^^^
  File "/home/airflow/.local/lib/python3.12/site-packages/airflow/models/baseoperator.py", line 406, in wrapper
    return func(self, *args, **kwargs)
           ^^^^^^^^^^^^^^^^^^^^^^^^^^^
  File "/home/airflow/.local/lib/python3.12/site-packages/airflow/operators/bash.py", line 249, in execute
    raise AirflowException(
airflow.exceptions.AirflowException: Bash command failed. The command returned a non-zero exit code 1.
[2025-06-01T23:35:08.301+0000] {local_task_job_runner.py:266} INFO - Task exited with return code 1
[2025-06-01T23:35:10.068+0000] {standard_task_runner.py:217} INFO - Process not found (most likely exited), stop collecting metrics
[2025-06-01T23:35:24.237+0000] {taskinstance.py:3900} INFO - 0 downstream tasks scheduled from follow-on schedule check
[2025-06-01T23:35:24.321+0000] {local_task_job_runner.py:245} INFO - ::endgroup::
