[2025-05-31T17:25:50.775+0000] {local_task_job_runner.py:123} INFO - ::group::Pre task execution logs
[2025-05-31T17:25:50.794+0000] {taskinstance.py:2612} INFO - Dependencies all met for dep_context=non-requeueable deps ti=<TaskInstance: log_monitoring_dag.start_log_producer scheduled__2025-05-31T16:45:00+00:00 [queued]>
[2025-05-31T17:25:50.805+0000] {taskinstance.py:2612} INFO - Dependencies all met for dep_context=requeueable deps ti=<TaskInstance: log_monitoring_dag.start_log_producer scheduled__2025-05-31T16:45:00+00:00 [queued]>
[2025-05-31T17:25:50.806+0000] {taskinstance.py:2865} INFO - Starting attempt 2 of 2
[2025-05-31T17:25:50.824+0000] {taskinstance.py:2888} INFO - Executing <Task(BashOperator): start_log_producer> on 2025-05-31 16:45:00+00:00
[2025-05-31T17:25:50.900+0000] {logging_mixin.py:190} WARNING - /home/***/.local/lib/python3.12/site-packages/***/task/task_runner/standard_task_runner.py:70 DeprecationWarning: This process (pid=1091) is multi-threaded, use of fork() may lead to deadlocks in the child.
[2025-05-31T17:25:50.902+0000] {standard_task_runner.py:72} INFO - Started process 1096 to run task
[2025-05-31T17:25:51.806+0000] {standard_task_runner.py:104} INFO - Running: ['***', 'tasks', 'run', 'log_monitoring_dag', 'start_log_producer', 'scheduled__2025-05-31T16:45:00+00:00', '--job-id', '230', '--raw', '--subdir', 'DAGS_FOLDER/log_monitoring_dag.py', '--cfg-path', '/tmp/tmp76a7wur7']
[2025-05-31T17:25:51.809+0000] {standard_task_runner.py:105} INFO - Job 230: Subtask start_log_producer
[2025-05-31T17:25:52.001+0000] {logging_mixin.py:190} WARNING - /home/***/.local/lib/python3.12/site-packages/***/settings.py:209 DeprecationWarning: The sql_alchemy_conn option in [core] has been moved to the sql_alchemy_conn option in [database] - the old setting has been used, but please update your config.
[2025-05-31T17:25:52.046+0000] {task_command.py:467} INFO - Running <TaskInstance: log_monitoring_dag.start_log_producer scheduled__2025-05-31T16:45:00+00:00 [running]> on host 1d31c4e9dbe9
[2025-05-31T17:25:52.048+0000] {logging_mixin.py:190} WARNING - /home/***/.local/lib/python3.12/site-packages/***/settings.py:470 DeprecationWarning: The sql_alchemy_conn option in [core] has been moved to the sql_alchemy_conn option in [database] - the old setting has been used, but please update your config.
[2025-05-31T17:25:52.169+0000] {taskinstance.py:3131} INFO - Exporting env vars: AIRFLOW_CTX_DAG_OWNER='***' AIRFLOW_CTX_DAG_ID='log_monitoring_dag' AIRFLOW_CTX_TASK_ID='start_log_producer' AIRFLOW_CTX_EXECUTION_DATE='2025-05-31T16:45:00+00:00' AIRFLOW_CTX_TRY_NUMBER='2' AIRFLOW_CTX_DAG_RUN_ID='scheduled__2025-05-31T16:45:00+00:00'
[2025-05-31T17:25:52.218+0000] {taskinstance.py:731} INFO - ::endgroup::
[2025-05-31T17:25:52.346+0000] {subprocess.py:63} INFO - Tmp dir root location: /tmp
[2025-05-31T17:25:52.348+0000] {subprocess.py:75} INFO - Running command: ['/usr/bin/bash', '-c', 'cd /opt/***/app && python -u log_producer.py']
[2025-05-31T17:25:52.359+0000] {subprocess.py:86} INFO - Output:
[2025-05-31T17:25:54.239+0000] {subprocess.py:93} INFO - Sending log: {'timestamp': '2025-05-31 17:25:54', 'level': 'INFO', 'message': 'Page loaded'}
[2025-05-31T17:25:56.345+0000] {subprocess.py:93} INFO - Sending log: {'timestamp': '2025-05-31 17:25:56', 'level': 'INFO', 'message': 'Search executed'}
[2025-05-31T17:25:58.346+0000] {subprocess.py:93} INFO - Sending log: {'timestamp': '2025-05-31 17:25:58', 'level': 'INFO', 'message': 'Search executed'}
[2025-05-31T17:26:00.346+0000] {subprocess.py:93} INFO - Sending log: {'timestamp': '2025-05-31 17:26:00', 'level': 'WARNING', 'message': 'Slow response time'}
[2025-05-31T17:26:02.347+0000] {subprocess.py:93} INFO - Sending log: {'timestamp': '2025-05-31 17:26:02', 'level': 'INFO', 'message': 'Page loaded'}
[2025-05-31T17:26:04.348+0000] {subprocess.py:93} INFO - Sending log: {'timestamp': '2025-05-31 17:26:04', 'level': 'INFO', 'message': 'User logged in'}
[2025-05-31T17:26:06.349+0000] {subprocess.py:93} INFO - Sending log: {'timestamp': '2025-05-31 17:26:06', 'level': 'ERROR', 'message': 'Database connection failed'}
[2025-05-31T17:26:08.349+0000] {subprocess.py:93} INFO - Sending log: {'timestamp': '2025-05-31 17:26:08', 'level': 'INFO', 'message': 'User logged in'}
[2025-05-31T17:26:10.350+0000] {subprocess.py:93} INFO - Sending log: {'timestamp': '2025-05-31 17:26:10', 'level': 'ERROR', 'message': 'Database connection failed'}
[2025-05-31T17:26:12.350+0000] {subprocess.py:93} INFO - Sending log: {'timestamp': '2025-05-31 17:26:12', 'level': 'WARNING', 'message': 'High memory usage'}
[2025-05-31T17:26:14.347+0000] {subprocess.py:93} INFO - Sending log: {'timestamp': '2025-05-31 17:26:14', 'level': 'INFO', 'message': 'Page loaded'}
[2025-05-31T17:26:16.347+0000] {subprocess.py:93} INFO - Sending log: {'timestamp': '2025-05-31 17:26:16', 'level': 'ERROR', 'message': 'Payment gateway timeout'}
[2025-05-31T17:26:18.347+0000] {subprocess.py:93} INFO - Sending log: {'timestamp': '2025-05-31 17:26:18', 'level': 'INFO', 'message': 'Page loaded'}
[2025-05-31T17:26:20.348+0000] {subprocess.py:93} INFO - Sending log: {'timestamp': '2025-05-31 17:26:20', 'level': 'WARNING', 'message': 'High memory usage'}
[2025-05-31T17:26:22.348+0000] {subprocess.py:93} INFO - Sending log: {'timestamp': '2025-05-31 17:26:22', 'level': 'WARNING', 'message': 'High memory usage'}
[2025-05-31T17:26:24.349+0000] {subprocess.py:93} INFO - Sending log: {'timestamp': '2025-05-31 17:26:24', 'level': 'INFO', 'message': 'Page loaded'}
[2025-05-31T17:26:26.383+0000] {subprocess.py:93} INFO - Sending log: {'timestamp': '2025-05-31 17:26:26', 'level': 'INFO', 'message': 'Page loaded'}
[2025-05-31T17:26:28.389+0000] {subprocess.py:93} INFO - Sending log: {'timestamp': '2025-05-31 17:26:28', 'level': 'WARNING', 'message': 'Slow response time'}
[2025-05-31T17:26:30.389+0000] {subprocess.py:93} INFO - Sending log: {'timestamp': '2025-05-31 17:26:30', 'level': 'INFO', 'message': 'Search executed'}
[2025-05-31T17:26:32.390+0000] {subprocess.py:93} INFO - Sending log: {'timestamp': '2025-05-31 17:26:32', 'level': 'ERROR', 'message': 'Database connection failed'}
[2025-05-31T17:26:34.390+0000] {subprocess.py:93} INFO - Sending log: {'timestamp': '2025-05-31 17:26:34', 'level': 'INFO', 'message': 'User logged in'}
[2025-05-31T17:26:36.391+0000] {subprocess.py:93} INFO - Sending log: {'timestamp': '2025-05-31 17:26:36', 'level': 'WARNING', 'message': 'Slow response time'}
[2025-05-31T17:26:38.391+0000] {subprocess.py:93} INFO - Sending log: {'timestamp': '2025-05-31 17:26:38', 'level': 'WARNING', 'message': 'High memory usage'}
[2025-05-31T17:26:40.423+0000] {subprocess.py:93} INFO - Sending log: {'timestamp': '2025-05-31 17:26:40', 'level': 'WARNING', 'message': 'Slow response time'}
[2025-05-31T17:26:42.476+0000] {subprocess.py:93} INFO - Sending log: {'timestamp': '2025-05-31 17:26:42', 'level': 'ERROR', 'message': 'Payment gateway timeout'}
[2025-05-31T17:26:44.472+0000] {subprocess.py:93} INFO - Sending log: {'timestamp': '2025-05-31 17:26:44', 'level': 'INFO', 'message': 'Page loaded'}
[2025-05-31T17:26:46.543+0000] {subprocess.py:93} INFO - Sending log: {'timestamp': '2025-05-31 17:26:46', 'level': 'INFO', 'message': 'Search executed'}
[2025-05-31T17:26:48.599+0000] {subprocess.py:93} INFO - Sending log: {'timestamp': '2025-05-31 17:26:48', 'level': 'ERROR', 'message': 'Database connection failed'}
[2025-05-31T17:26:49.177+0000] {job.py:229} INFO - Heartbeat recovered after 12.59 seconds
[2025-05-31T17:26:50.676+0000] {subprocess.py:93} INFO - Sending log: {'timestamp': '2025-05-31 17:26:50', 'level': 'INFO', 'message': 'Search executed'}
[2025-05-31T17:26:52.763+0000] {subprocess.py:93} INFO - Sending log: {'timestamp': '2025-05-31 17:26:52', 'level': 'ERROR', 'message': 'Database connection failed'}
[2025-05-31T17:26:55.114+0000] {subprocess.py:93} INFO - Sending log: {'timestamp': '2025-05-31 17:26:54', 'level': 'ERROR', 'message': 'Database connection failed'}
[2025-05-31T17:26:56.944+0000] {subprocess.py:93} INFO - Sending log: {'timestamp': '2025-05-31 17:26:56', 'level': 'WARNING', 'message': 'Slow response time'}
[2025-05-31T17:26:58.944+0000] {subprocess.py:93} INFO - Sending log: {'timestamp': '2025-05-31 17:26:58', 'level': 'INFO', 'message': 'Page loaded'}
[2025-05-31T17:27:01.088+0000] {subprocess.py:93} INFO - Sending log: {'timestamp': '2025-05-31 17:27:01', 'level': 'INFO', 'message': 'User logged in'}
[2025-05-31T17:27:03.090+0000] {subprocess.py:93} INFO - Sending log: {'timestamp': '2025-05-31 17:27:03', 'level': 'ERROR', 'message': 'Payment gateway timeout'}
[2025-05-31T17:27:05.160+0000] {subprocess.py:93} INFO - Sending log: {'timestamp': '2025-05-31 17:27:05', 'level': 'INFO', 'message': 'Search executed'}
[2025-05-31T17:27:07.381+0000] {subprocess.py:93} INFO - Sending log: {'timestamp': '2025-05-31 17:27:07', 'level': 'INFO', 'message': 'Page loaded'}
[2025-05-31T17:27:09.413+0000] {subprocess.py:93} INFO - Sending log: {'timestamp': '2025-05-31 17:27:09', 'level': 'INFO', 'message': 'Page loaded'}
[2025-05-31T17:27:11.984+0000] {subprocess.py:93} INFO - Sending log: {'timestamp': '2025-05-31 17:27:11', 'level': 'WARNING', 'message': 'High memory usage'}
[2025-05-31T17:27:14.109+0000] {subprocess.py:93} INFO - Sending log: {'timestamp': '2025-05-31 17:27:14', 'level': 'INFO', 'message': 'Search executed'}
[2025-05-31T17:27:15.785+0000] {subprocess.py:93} INFO - Sending log: {'timestamp': '2025-05-31 17:27:15', 'level': 'ERROR', 'message': 'Database connection failed'}
[2025-05-31T17:27:17.817+0000] {subprocess.py:93} INFO - Sending log: {'timestamp': '2025-05-31 17:27:17', 'level': 'WARNING', 'message': 'Slow response time'}
[2025-05-31T17:27:19.818+0000] {subprocess.py:93} INFO - Sending log: {'timestamp': '2025-05-31 17:27:19', 'level': 'INFO', 'message': 'User logged in'}
[2025-05-31T17:27:21.822+0000] {subprocess.py:93} INFO - Sending log: {'timestamp': '2025-05-31 17:27:21', 'level': 'INFO', 'message': 'User logged in'}
[2025-05-31T17:27:23.822+0000] {subprocess.py:93} INFO - Sending log: {'timestamp': '2025-05-31 17:27:23', 'level': 'INFO', 'message': 'Search executed'}
[2025-05-31T17:27:25.823+0000] {subprocess.py:93} INFO - Sending log: {'timestamp': '2025-05-31 17:27:25', 'level': 'ERROR', 'message': 'Payment gateway timeout'}
[2025-05-31T17:27:27.824+0000] {subprocess.py:93} INFO - Sending log: {'timestamp': '2025-05-31 17:27:27', 'level': 'INFO', 'message': 'User logged in'}
[2025-05-31T17:27:29.825+0000] {subprocess.py:93} INFO - Sending log: {'timestamp': '2025-05-31 17:27:29', 'level': 'WARNING', 'message': 'High memory usage'}
[2025-05-31T17:27:31.825+0000] {subprocess.py:93} INFO - Sending log: {'timestamp': '2025-05-31 17:27:31', 'level': 'INFO', 'message': 'User logged in'}
[2025-05-31T17:27:33.826+0000] {subprocess.py:93} INFO - Sending log: {'timestamp': '2025-05-31 17:27:33', 'level': 'WARNING', 'message': 'High memory usage'}
[2025-05-31T17:27:35.827+0000] {subprocess.py:93} INFO - Sending log: {'timestamp': '2025-05-31 17:27:35', 'level': 'WARNING', 'message': 'High memory usage'}
[2025-05-31T17:27:37.827+0000] {subprocess.py:93} INFO - Sending log: {'timestamp': '2025-05-31 17:27:37', 'level': 'INFO', 'message': 'Search executed'}
[2025-05-31T17:27:39.828+0000] {subprocess.py:93} INFO - Sending log: {'timestamp': '2025-05-31 17:27:39', 'level': 'INFO', 'message': 'Search executed'}
[2025-05-31T17:27:41.828+0000] {subprocess.py:93} INFO - Sending log: {'timestamp': '2025-05-31 17:27:41', 'level': 'ERROR', 'message': 'Database connection failed'}
[2025-05-31T17:27:43.829+0000] {subprocess.py:93} INFO - Sending log: {'timestamp': '2025-05-31 17:27:43', 'level': 'INFO', 'message': 'Page loaded'}
[2025-05-31T17:27:45.803+0000] {subprocess.py:93} INFO - Sending log: {'timestamp': '2025-05-31 17:27:45', 'level': 'INFO', 'message': 'User logged in'}
[2025-05-31T17:27:47.804+0000] {subprocess.py:93} INFO - Sending log: {'timestamp': '2025-05-31 17:27:47', 'level': 'INFO', 'message': 'User logged in'}
[2025-05-31T17:27:49.804+0000] {subprocess.py:93} INFO - Sending log: {'timestamp': '2025-05-31 17:27:49', 'level': 'ERROR', 'message': 'Database connection failed'}
[2025-05-31T17:27:51.805+0000] {subprocess.py:93} INFO - Sending log: {'timestamp': '2025-05-31 17:27:51', 'level': 'WARNING', 'message': 'High memory usage'}
[2025-05-31T17:27:53.806+0000] {subprocess.py:93} INFO - Sending log: {'timestamp': '2025-05-31 17:27:53', 'level': 'WARNING', 'message': 'Slow response time'}
[2025-05-31T17:27:55.806+0000] {subprocess.py:93} INFO - Sending log: {'timestamp': '2025-05-31 17:27:55', 'level': 'INFO', 'message': 'Page loaded'}
[2025-05-31T17:27:57.807+0000] {subprocess.py:93} INFO - Sending log: {'timestamp': '2025-05-31 17:27:57', 'level': 'INFO', 'message': 'Page loaded'}
[2025-05-31T17:27:59.807+0000] {subprocess.py:93} INFO - Sending log: {'timestamp': '2025-05-31 17:27:59', 'level': 'INFO', 'message': 'User logged in'}
[2025-05-31T17:28:01.807+0000] {subprocess.py:93} INFO - Sending log: {'timestamp': '2025-05-31 17:28:01', 'level': 'WARNING', 'message': 'High memory usage'}
[2025-05-31T17:28:03.808+0000] {subprocess.py:93} INFO - Sending log: {'timestamp': '2025-05-31 17:28:03', 'level': 'WARNING', 'message': 'High memory usage'}
[2025-05-31T17:28:05.808+0000] {subprocess.py:93} INFO - Sending log: {'timestamp': '2025-05-31 17:28:05', 'level': 'INFO', 'message': 'User logged in'}
[2025-05-31T17:28:07.809+0000] {subprocess.py:93} INFO - Sending log: {'timestamp': '2025-05-31 17:28:07', 'level': 'ERROR', 'message': 'Payment gateway timeout'}
[2025-05-31T17:28:09.809+0000] {subprocess.py:93} INFO - Sending log: {'timestamp': '2025-05-31 17:28:09', 'level': 'WARNING', 'message': 'Slow response time'}
[2025-05-31T17:28:11.810+0000] {subprocess.py:93} INFO - Sending log: {'timestamp': '2025-05-31 17:28:11', 'level': 'INFO', 'message': 'Page loaded'}
[2025-05-31T17:28:13.810+0000] {subprocess.py:93} INFO - Sending log: {'timestamp': '2025-05-31 17:28:13', 'level': 'INFO', 'message': 'Page loaded'}
[2025-05-31T17:28:15.812+0000] {subprocess.py:93} INFO - Sending log: {'timestamp': '2025-05-31 17:28:15', 'level': 'ERROR', 'message': 'Database connection failed'}
[2025-05-31T17:28:18.267+0000] {subprocess.py:93} INFO - Sending log: {'timestamp': '2025-05-31 17:28:18', 'level': 'INFO', 'message': 'User logged in'}
[2025-05-31T17:28:20.267+0000] {subprocess.py:93} INFO - Sending log: {'timestamp': '2025-05-31 17:28:20', 'level': 'INFO', 'message': 'Page loaded'}
[2025-05-31T17:28:22.268+0000] {subprocess.py:93} INFO - Sending log: {'timestamp': '2025-05-31 17:28:22', 'level': 'INFO', 'message': 'Search executed'}
[2025-05-31T17:28:24.269+0000] {subprocess.py:93} INFO - Sending log: {'timestamp': '2025-05-31 17:28:24', 'level': 'INFO', 'message': 'Search executed'}
[2025-05-31T17:28:26.269+0000] {subprocess.py:93} INFO - Sending log: {'timestamp': '2025-05-31 17:28:26', 'level': 'ERROR', 'message': 'Database connection failed'}
[2025-05-31T17:28:28.270+0000] {subprocess.py:93} INFO - Sending log: {'timestamp': '2025-05-31 17:28:28', 'level': 'INFO', 'message': 'Search executed'}
[2025-05-31T17:28:30.270+0000] {subprocess.py:93} INFO - Sending log: {'timestamp': '2025-05-31 17:28:30', 'level': 'WARNING', 'message': 'High memory usage'}
[2025-05-31T17:28:32.271+0000] {subprocess.py:93} INFO - Sending log: {'timestamp': '2025-05-31 17:28:32', 'level': 'ERROR', 'message': 'Payment gateway timeout'}
[2025-05-31T17:28:34.287+0000] {subprocess.py:93} INFO - Sending log: {'timestamp': '2025-05-31 17:28:34', 'level': 'ERROR', 'message': 'Payment gateway timeout'}
[2025-05-31T17:28:36.287+0000] {subprocess.py:93} INFO - Sending log: {'timestamp': '2025-05-31 17:28:36', 'level': 'ERROR', 'message': 'Payment gateway timeout'}
[2025-05-31T17:28:38.288+0000] {subprocess.py:93} INFO - Sending log: {'timestamp': '2025-05-31 17:28:38', 'level': 'ERROR', 'message': 'Payment gateway timeout'}
[2025-05-31T17:28:40.288+0000] {subprocess.py:93} INFO - Sending log: {'timestamp': '2025-05-31 17:28:40', 'level': 'ERROR', 'message': 'Database connection failed'}
[2025-05-31T17:28:42.289+0000] {subprocess.py:93} INFO - Sending log: {'timestamp': '2025-05-31 17:28:42', 'level': 'WARNING', 'message': 'Slow response time'}
[2025-05-31T17:28:44.289+0000] {subprocess.py:93} INFO - Sending log: {'timestamp': '2025-05-31 17:28:44', 'level': 'ERROR', 'message': 'Database connection failed'}
[2025-05-31T17:28:46.290+0000] {subprocess.py:93} INFO - Sending log: {'timestamp': '2025-05-31 17:28:46', 'level': 'INFO', 'message': 'Search executed'}
[2025-05-31T17:28:48.290+0000] {subprocess.py:93} INFO - Sending log: {'timestamp': '2025-05-31 17:28:48', 'level': 'INFO', 'message': 'Search executed'}
[2025-05-31T17:28:50.291+0000] {subprocess.py:93} INFO - Sending log: {'timestamp': '2025-05-31 17:28:50', 'level': 'ERROR', 'message': 'Payment gateway timeout'}
[2025-05-31T17:28:52.291+0000] {subprocess.py:93} INFO - Sending log: {'timestamp': '2025-05-31 17:28:52', 'level': 'INFO', 'message': 'User logged in'}
[2025-05-31T17:28:54.292+0000] {subprocess.py:93} INFO - Sending log: {'timestamp': '2025-05-31 17:28:54', 'level': 'ERROR', 'message': 'Database connection failed'}
[2025-05-31T17:28:56.292+0000] {subprocess.py:93} INFO - Sending log: {'timestamp': '2025-05-31 17:28:56', 'level': 'INFO', 'message': 'Page loaded'}
[2025-05-31T17:28:58.292+0000] {subprocess.py:93} INFO - Sending log: {'timestamp': '2025-05-31 17:28:58', 'level': 'INFO', 'message': 'Search executed'}
[2025-05-31T17:29:00.293+0000] {subprocess.py:93} INFO - Sending log: {'timestamp': '2025-05-31 17:29:00', 'level': 'INFO', 'message': 'Search executed'}
[2025-05-31T17:29:02.293+0000] {subprocess.py:93} INFO - Sending log: {'timestamp': '2025-05-31 17:29:02', 'level': 'ERROR', 'message': 'Payment gateway timeout'}
[2025-05-31T17:29:04.294+0000] {subprocess.py:93} INFO - Sending log: {'timestamp': '2025-05-31 17:29:04', 'level': 'WARNING', 'message': 'Slow response time'}
[2025-05-31T17:29:06.294+0000] {subprocess.py:93} INFO - Sending log: {'timestamp': '2025-05-31 17:29:06', 'level': 'WARNING', 'message': 'High memory usage'}
[2025-05-31T17:29:08.295+0000] {subprocess.py:93} INFO - Sending log: {'timestamp': '2025-05-31 17:29:08', 'level': 'ERROR', 'message': 'Database connection failed'}
[2025-05-31T17:29:10.295+0000] {subprocess.py:93} INFO - Sending log: {'timestamp': '2025-05-31 17:29:10', 'level': 'INFO', 'message': 'Page loaded'}
[2025-05-31T17:29:12.295+0000] {subprocess.py:93} INFO - Sending log: {'timestamp': '2025-05-31 17:29:12', 'level': 'INFO', 'message': 'User logged in'}
[2025-05-31T17:29:14.296+0000] {subprocess.py:93} INFO - Sending log: {'timestamp': '2025-05-31 17:29:14', 'level': 'WARNING', 'message': 'High memory usage'}
[2025-05-31T17:29:16.296+0000] {subprocess.py:93} INFO - Sending log: {'timestamp': '2025-05-31 17:29:16', 'level': 'WARNING', 'message': 'High memory usage'}
[2025-05-31T17:29:18.345+0000] {subprocess.py:93} INFO - Sending log: {'timestamp': '2025-05-31 17:29:18', 'level': 'INFO', 'message': 'User logged in'}
[2025-05-31T17:29:20.346+0000] {subprocess.py:93} INFO - Sending log: {'timestamp': '2025-05-31 17:29:20', 'level': 'WARNING', 'message': 'High memory usage'}
[2025-05-31T17:29:22.346+0000] {subprocess.py:93} INFO - Sending log: {'timestamp': '2025-05-31 17:29:22', 'level': 'WARNING', 'message': 'Slow response time'}
[2025-05-31T17:29:24.346+0000] {subprocess.py:93} INFO - Sending log: {'timestamp': '2025-05-31 17:29:24', 'level': 'WARNING', 'message': 'Slow response time'}
[2025-05-31T17:29:26.347+0000] {subprocess.py:93} INFO - Sending log: {'timestamp': '2025-05-31 17:29:26', 'level': 'ERROR', 'message': 'Payment gateway timeout'}
[2025-05-31T17:29:28.347+0000] {subprocess.py:93} INFO - Sending log: {'timestamp': '2025-05-31 17:29:28', 'level': 'INFO', 'message': 'Page loaded'}
[2025-05-31T17:29:30.348+0000] {subprocess.py:93} INFO - Sending log: {'timestamp': '2025-05-31 17:29:30', 'level': 'WARNING', 'message': 'Slow response time'}
[2025-05-31T17:29:32.348+0000] {subprocess.py:93} INFO - Sending log: {'timestamp': '2025-05-31 17:29:32', 'level': 'WARNING', 'message': 'Slow response time'}
[2025-05-31T17:29:34.349+0000] {subprocess.py:93} INFO - Sending log: {'timestamp': '2025-05-31 17:29:34', 'level': 'WARNING', 'message': 'High memory usage'}
[2025-05-31T17:29:36.353+0000] {subprocess.py:93} INFO - Sending log: {'timestamp': '2025-05-31 17:29:36', 'level': 'WARNING', 'message': 'Slow response time'}
[2025-05-31T17:29:38.353+0000] {subprocess.py:93} INFO - Sending log: {'timestamp': '2025-05-31 17:29:38', 'level': 'INFO', 'message': 'Page loaded'}
[2025-05-31T17:29:40.353+0000] {subprocess.py:93} INFO - Sending log: {'timestamp': '2025-05-31 17:29:40', 'level': 'ERROR', 'message': 'Database connection failed'}
[2025-05-31T17:29:42.354+0000] {subprocess.py:93} INFO - Sending log: {'timestamp': '2025-05-31 17:29:42', 'level': 'INFO', 'message': 'User logged in'}
[2025-05-31T17:29:44.354+0000] {subprocess.py:93} INFO - Sending log: {'timestamp': '2025-05-31 17:29:44', 'level': 'ERROR', 'message': 'Payment gateway timeout'}
[2025-05-31T17:29:46.354+0000] {subprocess.py:93} INFO - Sending log: {'timestamp': '2025-05-31 17:29:46', 'level': 'INFO', 'message': 'Page loaded'}
[2025-05-31T17:29:48.354+0000] {subprocess.py:93} INFO - Sending log: {'timestamp': '2025-05-31 17:29:48', 'level': 'ERROR', 'message': 'Database connection failed'}
[2025-05-31T17:29:50.354+0000] {subprocess.py:93} INFO - Sending log: {'timestamp': '2025-05-31 17:29:50', 'level': 'ERROR', 'message': 'Database connection failed'}
[2025-05-31T17:29:52.355+0000] {subprocess.py:93} INFO - Sending log: {'timestamp': '2025-05-31 17:29:52', 'level': 'WARNING', 'message': 'High memory usage'}
[2025-05-31T17:29:54.355+0000] {subprocess.py:93} INFO - Sending log: {'timestamp': '2025-05-31 17:29:54', 'level': 'ERROR', 'message': 'Database connection failed'}
[2025-05-31T17:29:56.356+0000] {subprocess.py:93} INFO - Sending log: {'timestamp': '2025-05-31 17:29:56', 'level': 'WARNING', 'message': 'High memory usage'}
[2025-05-31T17:29:58.356+0000] {subprocess.py:93} INFO - Sending log: {'timestamp': '2025-05-31 17:29:58', 'level': 'ERROR', 'message': 'Database connection failed'}
[2025-05-31T17:30:00.357+0000] {subprocess.py:93} INFO - Sending log: {'timestamp': '2025-05-31 17:30:00', 'level': 'WARNING', 'message': 'High memory usage'}
[2025-05-31T17:30:02.388+0000] {subprocess.py:93} INFO - Sending log: {'timestamp': '2025-05-31 17:30:02', 'level': 'WARNING', 'message': 'High memory usage'}
[2025-05-31T17:30:04.388+0000] {subprocess.py:93} INFO - Sending log: {'timestamp': '2025-05-31 17:30:04', 'level': 'ERROR', 'message': 'Database connection failed'}
[2025-05-31T17:30:06.389+0000] {subprocess.py:93} INFO - Sending log: {'timestamp': '2025-05-31 17:30:06', 'level': 'INFO', 'message': 'User logged in'}
[2025-05-31T17:30:08.389+0000] {subprocess.py:93} INFO - Sending log: {'timestamp': '2025-05-31 17:30:08', 'level': 'INFO', 'message': 'User logged in'}
[2025-05-31T17:30:10.389+0000] {subprocess.py:93} INFO - Sending log: {'timestamp': '2025-05-31 17:30:10', 'level': 'INFO', 'message': 'User logged in'}
[2025-05-31T17:30:12.390+0000] {subprocess.py:93} INFO - Sending log: {'timestamp': '2025-05-31 17:30:12', 'level': 'INFO', 'message': 'Search executed'}
[2025-05-31T17:30:14.390+0000] {subprocess.py:93} INFO - Sending log: {'timestamp': '2025-05-31 17:30:14', 'level': 'ERROR', 'message': 'Database connection failed'}
[2025-05-31T17:30:16.390+0000] {subprocess.py:93} INFO - Sending log: {'timestamp': '2025-05-31 17:30:16', 'level': 'WARNING', 'message': 'High memory usage'}
[2025-05-31T17:30:18.390+0000] {subprocess.py:93} INFO - Sending log: {'timestamp': '2025-05-31 17:30:18', 'level': 'WARNING', 'message': 'High memory usage'}
[2025-05-31T17:30:20.391+0000] {subprocess.py:93} INFO - Sending log: {'timestamp': '2025-05-31 17:30:20', 'level': 'WARNING', 'message': 'High memory usage'}
[2025-05-31T17:30:22.391+0000] {subprocess.py:93} INFO - Sending log: {'timestamp': '2025-05-31 17:30:22', 'level': 'WARNING', 'message': 'Slow response time'}
[2025-05-31T17:30:24.391+0000] {subprocess.py:93} INFO - Sending log: {'timestamp': '2025-05-31 17:30:24', 'level': 'INFO', 'message': 'Page loaded'}
[2025-05-31T17:30:26.392+0000] {subprocess.py:93} INFO - Sending log: {'timestamp': '2025-05-31 17:30:26', 'level': 'WARNING', 'message': 'High memory usage'}
[2025-05-31T17:30:28.392+0000] {subprocess.py:93} INFO - Sending log: {'timestamp': '2025-05-31 17:30:28', 'level': 'ERROR', 'message': 'Payment gateway timeout'}
[2025-05-31T17:30:30.393+0000] {subprocess.py:93} INFO - Sending log: {'timestamp': '2025-05-31 17:30:30', 'level': 'ERROR', 'message': 'Payment gateway timeout'}
[2025-05-31T17:30:32.393+0000] {subprocess.py:93} INFO - Sending log: {'timestamp': '2025-05-31 17:30:32', 'level': 'INFO', 'message': 'Page loaded'}
[2025-05-31T17:30:34.394+0000] {subprocess.py:93} INFO - Sending log: {'timestamp': '2025-05-31 17:30:34', 'level': 'INFO', 'message': 'User logged in'}
[2025-05-31T17:30:36.394+0000] {subprocess.py:93} INFO - Sending log: {'timestamp': '2025-05-31 17:30:36', 'level': 'ERROR', 'message': 'Payment gateway timeout'}
[2025-05-31T17:30:38.394+0000] {subprocess.py:93} INFO - Sending log: {'timestamp': '2025-05-31 17:30:38', 'level': 'WARNING', 'message': 'Slow response time'}
[2025-05-31T17:30:40.395+0000] {subprocess.py:93} INFO - Sending log: {'timestamp': '2025-05-31 17:30:40', 'level': 'INFO', 'message': 'User logged in'}
[2025-05-31T17:30:42.395+0000] {subprocess.py:93} INFO - Sending log: {'timestamp': '2025-05-31 17:30:42', 'level': 'ERROR', 'message': 'Database connection failed'}
[2025-05-31T17:30:44.396+0000] {subprocess.py:93} INFO - Sending log: {'timestamp': '2025-05-31 17:30:44', 'level': 'ERROR', 'message': 'Database connection failed'}
[2025-05-31T17:30:46.395+0000] {subprocess.py:93} INFO - Sending log: {'timestamp': '2025-05-31 17:30:46', 'level': 'WARNING', 'message': 'Slow response time'}
[2025-05-31T17:30:48.395+0000] {subprocess.py:93} INFO - Sending log: {'timestamp': '2025-05-31 17:30:48', 'level': 'INFO', 'message': 'Page loaded'}
[2025-05-31T17:30:50.396+0000] {subprocess.py:93} INFO - Sending log: {'timestamp': '2025-05-31 17:30:50', 'level': 'INFO', 'message': 'Page loaded'}
[2025-05-31T17:30:52.396+0000] {subprocess.py:93} INFO - Sending log: {'timestamp': '2025-05-31 17:30:52', 'level': 'INFO', 'message': 'Page loaded'}
[2025-05-31T17:30:54.397+0000] {subprocess.py:93} INFO - Sending log: {'timestamp': '2025-05-31 17:30:54', 'level': 'ERROR', 'message': 'Payment gateway timeout'}
[2025-05-31T17:30:56.397+0000] {subprocess.py:93} INFO - Sending log: {'timestamp': '2025-05-31 17:30:56', 'level': 'WARNING', 'message': 'High memory usage'}
[2025-05-31T17:30:58.397+0000] {subprocess.py:93} INFO - Sending log: {'timestamp': '2025-05-31 17:30:58', 'level': 'ERROR', 'message': 'Database connection failed'}
[2025-05-31T17:31:00.398+0000] {subprocess.py:93} INFO - Sending log: {'timestamp': '2025-05-31 17:31:00', 'level': 'INFO', 'message': 'User logged in'}
[2025-05-31T17:31:02.398+0000] {subprocess.py:93} INFO - Sending log: {'timestamp': '2025-05-31 17:31:02', 'level': 'ERROR', 'message': 'Payment gateway timeout'}
[2025-05-31T17:31:04.399+0000] {subprocess.py:93} INFO - Sending log: {'timestamp': '2025-05-31 17:31:04', 'level': 'WARNING', 'message': 'Slow response time'}
[2025-05-31T17:31:06.399+0000] {subprocess.py:93} INFO - Sending log: {'timestamp': '2025-05-31 17:31:06', 'level': 'ERROR', 'message': 'Payment gateway timeout'}
[2025-05-31T17:31:08.400+0000] {subprocess.py:93} INFO - Sending log: {'timestamp': '2025-05-31 17:31:08', 'level': 'WARNING', 'message': 'High memory usage'}
[2025-05-31T17:31:10.400+0000] {subprocess.py:93} INFO - Sending log: {'timestamp': '2025-05-31 17:31:10', 'level': 'WARNING', 'message': 'Slow response time'}
[2025-05-31T17:31:12.400+0000] {subprocess.py:93} INFO - Sending log: {'timestamp': '2025-05-31 17:31:12', 'level': 'INFO', 'message': 'Page loaded'}
[2025-05-31T17:31:14.401+0000] {subprocess.py:93} INFO - Sending log: {'timestamp': '2025-05-31 17:31:14', 'level': 'INFO', 'message': 'Page loaded'}
[2025-05-31T17:31:16.400+0000] {subprocess.py:93} INFO - Sending log: {'timestamp': '2025-05-31 17:31:16', 'level': 'ERROR', 'message': 'Payment gateway timeout'}
[2025-05-31T17:31:18.401+0000] {subprocess.py:93} INFO - Sending log: {'timestamp': '2025-05-31 17:31:18', 'level': 'ERROR', 'message': 'Payment gateway timeout'}
[2025-05-31T17:31:20.401+0000] {subprocess.py:93} INFO - Sending log: {'timestamp': '2025-05-31 17:31:20', 'level': 'INFO', 'message': 'Page loaded'}
[2025-05-31T17:31:22.401+0000] {subprocess.py:93} INFO - Sending log: {'timestamp': '2025-05-31 17:31:22', 'level': 'WARNING', 'message': 'High memory usage'}
[2025-05-31T17:31:24.402+0000] {subprocess.py:93} INFO - Sending log: {'timestamp': '2025-05-31 17:31:24', 'level': 'WARNING', 'message': 'Slow response time'}
[2025-05-31T17:31:26.402+0000] {subprocess.py:93} INFO - Sending log: {'timestamp': '2025-05-31 17:31:26', 'level': 'INFO', 'message': 'Search executed'}
[2025-05-31T17:31:28.403+0000] {subprocess.py:93} INFO - Sending log: {'timestamp': '2025-05-31 17:31:28', 'level': 'WARNING', 'message': 'Slow response time'}
[2025-05-31T17:31:30.403+0000] {subprocess.py:93} INFO - Sending log: {'timestamp': '2025-05-31 17:31:30', 'level': 'ERROR', 'message': 'Database connection failed'}
[2025-05-31T17:31:32.404+0000] {subprocess.py:93} INFO - Sending log: {'timestamp': '2025-05-31 17:31:32', 'level': 'INFO', 'message': 'Page loaded'}
[2025-05-31T17:31:34.404+0000] {subprocess.py:93} INFO - Sending log: {'timestamp': '2025-05-31 17:31:34', 'level': 'ERROR', 'message': 'Database connection failed'}
[2025-05-31T17:31:36.404+0000] {subprocess.py:93} INFO - Sending log: {'timestamp': '2025-05-31 17:31:36', 'level': 'INFO', 'message': 'Search executed'}
[2025-05-31T17:31:38.405+0000] {subprocess.py:93} INFO - Sending log: {'timestamp': '2025-05-31 17:31:38', 'level': 'ERROR', 'message': 'Payment gateway timeout'}
[2025-05-31T17:31:40.405+0000] {subprocess.py:93} INFO - Sending log: {'timestamp': '2025-05-31 17:31:40', 'level': 'INFO', 'message': 'Page loaded'}
[2025-05-31T17:31:42.406+0000] {subprocess.py:93} INFO - Sending log: {'timestamp': '2025-05-31 17:31:42', 'level': 'ERROR', 'message': 'Database connection failed'}
[2025-05-31T17:31:44.406+0000] {subprocess.py:93} INFO - Sending log: {'timestamp': '2025-05-31 17:31:44', 'level': 'ERROR', 'message': 'Database connection failed'}
[2025-05-31T17:31:46.405+0000] {subprocess.py:93} INFO - Sending log: {'timestamp': '2025-05-31 17:31:46', 'level': 'INFO', 'message': 'Search executed'}
[2025-05-31T17:31:48.406+0000] {subprocess.py:93} INFO - Sending log: {'timestamp': '2025-05-31 17:31:48', 'level': 'ERROR', 'message': 'Payment gateway timeout'}
[2025-05-31T17:31:50.406+0000] {subprocess.py:93} INFO - Sending log: {'timestamp': '2025-05-31 17:31:50', 'level': 'INFO', 'message': 'User logged in'}
[2025-05-31T17:31:52.407+0000] {subprocess.py:93} INFO - Sending log: {'timestamp': '2025-05-31 17:31:52', 'level': 'INFO', 'message': 'Search executed'}
[2025-05-31T17:31:54.407+0000] {subprocess.py:93} INFO - Sending log: {'timestamp': '2025-05-31 17:31:54', 'level': 'WARNING', 'message': 'High memory usage'}
[2025-05-31T17:31:56.407+0000] {subprocess.py:93} INFO - Sending log: {'timestamp': '2025-05-31 17:31:56', 'level': 'ERROR', 'message': 'Database connection failed'}
[2025-05-31T17:31:58.408+0000] {subprocess.py:93} INFO - Sending log: {'timestamp': '2025-05-31 17:31:58', 'level': 'WARNING', 'message': 'High memory usage'}
[2025-05-31T17:32:00.408+0000] {subprocess.py:93} INFO - Sending log: {'timestamp': '2025-05-31 17:32:00', 'level': 'INFO', 'message': 'User logged in'}
[2025-05-31T17:32:02.409+0000] {subprocess.py:93} INFO - Sending log: {'timestamp': '2025-05-31 17:32:02', 'level': 'ERROR', 'message': 'Payment gateway timeout'}
[2025-05-31T17:32:04.409+0000] {subprocess.py:93} INFO - Sending log: {'timestamp': '2025-05-31 17:32:04', 'level': 'WARNING', 'message': 'High memory usage'}
[2025-05-31T17:32:06.410+0000] {subprocess.py:93} INFO - Sending log: {'timestamp': '2025-05-31 17:32:06', 'level': 'WARNING', 'message': 'Slow response time'}
[2025-05-31T17:32:08.410+0000] {subprocess.py:93} INFO - Sending log: {'timestamp': '2025-05-31 17:32:08', 'level': 'INFO', 'message': 'User logged in'}
[2025-05-31T17:32:10.410+0000] {subprocess.py:93} INFO - Sending log: {'timestamp': '2025-05-31 17:32:10', 'level': 'ERROR', 'message': 'Database connection failed'}
[2025-05-31T17:32:12.411+0000] {subprocess.py:93} INFO - Sending log: {'timestamp': '2025-05-31 17:32:12', 'level': 'ERROR', 'message': 'Payment gateway timeout'}
[2025-05-31T17:32:14.411+0000] {subprocess.py:93} INFO - Sending log: {'timestamp': '2025-05-31 17:32:14', 'level': 'WARNING', 'message': 'Slow response time'}
[2025-05-31T17:32:16.410+0000] {subprocess.py:93} INFO - Sending log: {'timestamp': '2025-05-31 17:32:16', 'level': 'INFO', 'message': 'Page loaded'}
[2025-05-31T17:32:18.411+0000] {subprocess.py:93} INFO - Sending log: {'timestamp': '2025-05-31 17:32:18', 'level': 'WARNING', 'message': 'Slow response time'}
[2025-05-31T17:32:20.411+0000] {subprocess.py:93} INFO - Sending log: {'timestamp': '2025-05-31 17:32:20', 'level': 'ERROR', 'message': 'Database connection failed'}
[2025-05-31T17:32:22.412+0000] {subprocess.py:93} INFO - Sending log: {'timestamp': '2025-05-31 17:32:22', 'level': 'WARNING', 'message': 'High memory usage'}
[2025-05-31T17:32:24.412+0000] {subprocess.py:93} INFO - Sending log: {'timestamp': '2025-05-31 17:32:24', 'level': 'WARNING', 'message': 'High memory usage'}
[2025-05-31T17:32:26.412+0000] {subprocess.py:93} INFO - Sending log: {'timestamp': '2025-05-31 17:32:26', 'level': 'ERROR', 'message': 'Payment gateway timeout'}
[2025-05-31T17:32:28.413+0000] {subprocess.py:93} INFO - Sending log: {'timestamp': '2025-05-31 17:32:28', 'level': 'ERROR', 'message': 'Database connection failed'}
[2025-05-31T17:32:30.413+0000] {subprocess.py:93} INFO - Sending log: {'timestamp': '2025-05-31 17:32:30', 'level': 'WARNING', 'message': 'Slow response time'}
[2025-05-31T17:32:32.413+0000] {subprocess.py:93} INFO - Sending log: {'timestamp': '2025-05-31 17:32:32', 'level': 'ERROR', 'message': 'Database connection failed'}
[2025-05-31T17:32:34.414+0000] {subprocess.py:93} INFO - Sending log: {'timestamp': '2025-05-31 17:32:34', 'level': 'WARNING', 'message': 'High memory usage'}
[2025-05-31T17:32:36.414+0000] {subprocess.py:93} INFO - Sending log: {'timestamp': '2025-05-31 17:32:36', 'level': 'INFO', 'message': 'Page loaded'}
[2025-05-31T17:32:38.415+0000] {subprocess.py:93} INFO - Sending log: {'timestamp': '2025-05-31 17:32:38', 'level': 'INFO', 'message': 'Search executed'}
[2025-05-31T17:32:40.415+0000] {subprocess.py:93} INFO - Sending log: {'timestamp': '2025-05-31 17:32:40', 'level': 'INFO', 'message': 'Page loaded'}
[2025-05-31T17:32:42.416+0000] {subprocess.py:93} INFO - Sending log: {'timestamp': '2025-05-31 17:32:42', 'level': 'ERROR', 'message': 'Database connection failed'}
[2025-05-31T17:32:44.416+0000] {subprocess.py:93} INFO - Sending log: {'timestamp': '2025-05-31 17:32:44', 'level': 'WARNING', 'message': 'High memory usage'}
[2025-05-31T17:32:46.415+0000] {subprocess.py:93} INFO - Sending log: {'timestamp': '2025-05-31 17:32:46', 'level': 'ERROR', 'message': 'Payment gateway timeout'}
[2025-05-31T17:32:48.416+0000] {subprocess.py:93} INFO - Sending log: {'timestamp': '2025-05-31 17:32:48', 'level': 'INFO', 'message': 'Page loaded'}
[2025-05-31T17:32:50.416+0000] {subprocess.py:93} INFO - Sending log: {'timestamp': '2025-05-31 17:32:50', 'level': 'WARNING', 'message': 'Slow response time'}
[2025-05-31T17:32:52.416+0000] {subprocess.py:93} INFO - Sending log: {'timestamp': '2025-05-31 17:32:52', 'level': 'WARNING', 'message': 'High memory usage'}
[2025-05-31T17:32:54.417+0000] {subprocess.py:93} INFO - Sending log: {'timestamp': '2025-05-31 17:32:54', 'level': 'WARNING', 'message': 'High memory usage'}
[2025-05-31T17:32:56.417+0000] {subprocess.py:93} INFO - Sending log: {'timestamp': '2025-05-31 17:32:56', 'level': 'INFO', 'message': 'User logged in'}
[2025-05-31T17:32:58.418+0000] {subprocess.py:93} INFO - Sending log: {'timestamp': '2025-05-31 17:32:58', 'level': 'ERROR', 'message': 'Payment gateway timeout'}
[2025-05-31T17:33:00.418+0000] {subprocess.py:93} INFO - Sending log: {'timestamp': '2025-05-31 17:33:00', 'level': 'ERROR', 'message': 'Database connection failed'}
[2025-05-31T17:33:02.418+0000] {subprocess.py:93} INFO - Sending log: {'timestamp': '2025-05-31 17:33:02', 'level': 'INFO', 'message': 'User logged in'}
[2025-05-31T17:33:04.419+0000] {subprocess.py:93} INFO - Sending log: {'timestamp': '2025-05-31 17:33:04', 'level': 'INFO', 'message': 'User logged in'}
[2025-05-31T17:33:06.419+0000] {subprocess.py:93} INFO - Sending log: {'timestamp': '2025-05-31 17:33:06', 'level': 'INFO', 'message': 'User logged in'}
[2025-05-31T17:33:08.420+0000] {subprocess.py:93} INFO - Sending log: {'timestamp': '2025-05-31 17:33:08', 'level': 'WARNING', 'message': 'Slow response time'}
[2025-05-31T17:33:10.420+0000] {subprocess.py:93} INFO - Sending log: {'timestamp': '2025-05-31 17:33:10', 'level': 'INFO', 'message': 'Page loaded'}
[2025-05-31T17:33:12.420+0000] {subprocess.py:93} INFO - Sending log: {'timestamp': '2025-05-31 17:33:12', 'level': 'INFO', 'message': 'User logged in'}
[2025-05-31T17:33:14.421+0000] {subprocess.py:93} INFO - Sending log: {'timestamp': '2025-05-31 17:33:14', 'level': 'ERROR', 'message': 'Payment gateway timeout'}
[2025-05-31T17:33:16.420+0000] {subprocess.py:93} INFO - Sending log: {'timestamp': '2025-05-31 17:33:16', 'level': 'WARNING', 'message': 'High memory usage'}
[2025-05-31T17:33:18.421+0000] {subprocess.py:93} INFO - Sending log: {'timestamp': '2025-05-31 17:33:18', 'level': 'INFO', 'message': 'User logged in'}
[2025-05-31T17:33:20.422+0000] {subprocess.py:93} INFO - Sending log: {'timestamp': '2025-05-31 17:33:20', 'level': 'WARNING', 'message': 'High memory usage'}
[2025-05-31T17:33:22.422+0000] {subprocess.py:93} INFO - Sending log: {'timestamp': '2025-05-31 17:33:22', 'level': 'WARNING', 'message': 'Slow response time'}
[2025-05-31T17:33:24.422+0000] {subprocess.py:93} INFO - Sending log: {'timestamp': '2025-05-31 17:33:24', 'level': 'ERROR', 'message': 'Database connection failed'}
[2025-05-31T17:33:26.423+0000] {subprocess.py:93} INFO - Sending log: {'timestamp': '2025-05-31 17:33:26', 'level': 'ERROR', 'message': 'Payment gateway timeout'}
[2025-05-31T17:33:28.423+0000] {subprocess.py:93} INFO - Sending log: {'timestamp': '2025-05-31 17:33:28', 'level': 'WARNING', 'message': 'High memory usage'}
[2025-05-31T17:33:30.424+0000] {subprocess.py:93} INFO - Sending log: {'timestamp': '2025-05-31 17:33:30', 'level': 'WARNING', 'message': 'Slow response time'}
[2025-05-31T17:33:32.424+0000] {subprocess.py:93} INFO - Sending log: {'timestamp': '2025-05-31 17:33:32', 'level': 'ERROR', 'message': 'Database connection failed'}
[2025-05-31T17:33:34.425+0000] {subprocess.py:93} INFO - Sending log: {'timestamp': '2025-05-31 17:33:34', 'level': 'INFO', 'message': 'Page loaded'}
[2025-05-31T17:33:36.425+0000] {subprocess.py:93} INFO - Sending log: {'timestamp': '2025-05-31 17:33:36', 'level': 'INFO', 'message': 'Page loaded'}
[2025-05-31T17:33:38.425+0000] {subprocess.py:93} INFO - Sending log: {'timestamp': '2025-05-31 17:33:38', 'level': 'ERROR', 'message': 'Database connection failed'}
[2025-05-31T17:33:40.426+0000] {subprocess.py:93} INFO - Sending log: {'timestamp': '2025-05-31 17:33:40', 'level': 'ERROR', 'message': 'Payment gateway timeout'}
[2025-05-31T17:33:42.426+0000] {subprocess.py:93} INFO - Sending log: {'timestamp': '2025-05-31 17:33:42', 'level': 'INFO', 'message': 'User logged in'}
[2025-05-31T17:33:44.426+0000] {subprocess.py:93} INFO - Sending log: {'timestamp': '2025-05-31 17:33:44', 'level': 'WARNING', 'message': 'High memory usage'}
[2025-05-31T17:33:46.426+0000] {subprocess.py:93} INFO - Sending log: {'timestamp': '2025-05-31 17:33:46', 'level': 'INFO', 'message': 'User logged in'}
[2025-05-31T17:33:48.426+0000] {subprocess.py:93} INFO - Sending log: {'timestamp': '2025-05-31 17:33:48', 'level': 'INFO', 'message': 'User logged in'}
[2025-05-31T17:33:50.427+0000] {subprocess.py:93} INFO - Sending log: {'timestamp': '2025-05-31 17:33:50', 'level': 'INFO', 'message': 'Page loaded'}
[2025-05-31T17:33:52.427+0000] {subprocess.py:93} INFO - Sending log: {'timestamp': '2025-05-31 17:33:52', 'level': 'INFO', 'message': 'Page loaded'}
[2025-05-31T17:33:54.428+0000] {subprocess.py:93} INFO - Sending log: {'timestamp': '2025-05-31 17:33:54', 'level': 'WARNING', 'message': 'Slow response time'}
[2025-05-31T17:33:56.428+0000] {subprocess.py:93} INFO - Sending log: {'timestamp': '2025-05-31 17:33:56', 'level': 'WARNING', 'message': 'Slow response time'}
[2025-05-31T17:33:58.429+0000] {subprocess.py:93} INFO - Sending log: {'timestamp': '2025-05-31 17:33:58', 'level': 'WARNING', 'message': 'Slow response time'}
[2025-05-31T17:34:00.429+0000] {subprocess.py:93} INFO - Sending log: {'timestamp': '2025-05-31 17:34:00', 'level': 'INFO', 'message': 'Search executed'}
[2025-05-31T17:34:02.430+0000] {subprocess.py:93} INFO - Sending log: {'timestamp': '2025-05-31 17:34:02', 'level': 'INFO', 'message': 'User logged in'}
[2025-05-31T17:34:04.430+0000] {subprocess.py:93} INFO - Sending log: {'timestamp': '2025-05-31 17:34:04', 'level': 'WARNING', 'message': 'High memory usage'}
[2025-05-31T17:34:06.431+0000] {subprocess.py:93} INFO - Sending log: {'timestamp': '2025-05-31 17:34:06', 'level': 'INFO', 'message': 'Search executed'}
[2025-05-31T17:34:08.431+0000] {subprocess.py:93} INFO - Sending log: {'timestamp': '2025-05-31 17:34:08', 'level': 'ERROR', 'message': 'Payment gateway timeout'}
[2025-05-31T17:34:10.431+0000] {subprocess.py:93} INFO - Sending log: {'timestamp': '2025-05-31 17:34:10', 'level': 'INFO', 'message': 'Page loaded'}
[2025-05-31T17:34:12.432+0000] {subprocess.py:93} INFO - Sending log: {'timestamp': '2025-05-31 17:34:12', 'level': 'INFO', 'message': 'User logged in'}
[2025-05-31T17:34:14.432+0000] {subprocess.py:93} INFO - Sending log: {'timestamp': '2025-05-31 17:34:14', 'level': 'ERROR', 'message': 'Payment gateway timeout'}
[2025-05-31T17:34:16.431+0000] {subprocess.py:93} INFO - Sending log: {'timestamp': '2025-05-31 17:34:16', 'level': 'INFO', 'message': 'User logged in'}
[2025-05-31T17:34:18.432+0000] {subprocess.py:93} INFO - Sending log: {'timestamp': '2025-05-31 17:34:18', 'level': 'ERROR', 'message': 'Payment gateway timeout'}
[2025-05-31T17:34:20.432+0000] {subprocess.py:93} INFO - Sending log: {'timestamp': '2025-05-31 17:34:20', 'level': 'ERROR', 'message': 'Payment gateway timeout'}
[2025-05-31T17:34:22.433+0000] {subprocess.py:93} INFO - Sending log: {'timestamp': '2025-05-31 17:34:22', 'level': 'WARNING', 'message': 'High memory usage'}
[2025-05-31T17:34:24.433+0000] {subprocess.py:93} INFO - Sending log: {'timestamp': '2025-05-31 17:34:24', 'level': 'ERROR', 'message': 'Payment gateway timeout'}
[2025-05-31T17:34:26.433+0000] {subprocess.py:93} INFO - Sending log: {'timestamp': '2025-05-31 17:34:26', 'level': 'INFO', 'message': 'User logged in'}
[2025-05-31T17:34:28.434+0000] {subprocess.py:93} INFO - Sending log: {'timestamp': '2025-05-31 17:34:28', 'level': 'WARNING', 'message': 'High memory usage'}
[2025-05-31T17:34:30.434+0000] {subprocess.py:93} INFO - Sending log: {'timestamp': '2025-05-31 17:34:30', 'level': 'WARNING', 'message': 'Slow response time'}
[2025-05-31T17:34:32.435+0000] {subprocess.py:93} INFO - Sending log: {'timestamp': '2025-05-31 17:34:32', 'level': 'INFO', 'message': 'Search executed'}
[2025-05-31T17:34:34.435+0000] {subprocess.py:93} INFO - Sending log: {'timestamp': '2025-05-31 17:34:34', 'level': 'INFO', 'message': 'Page loaded'}
[2025-05-31T17:34:36.436+0000] {subprocess.py:93} INFO - Sending log: {'timestamp': '2025-05-31 17:34:36', 'level': 'WARNING', 'message': 'Slow response time'}
[2025-05-31T17:34:38.436+0000] {subprocess.py:93} INFO - Sending log: {'timestamp': '2025-05-31 17:34:38', 'level': 'WARNING', 'message': 'High memory usage'}
[2025-05-31T17:34:40.436+0000] {subprocess.py:93} INFO - Sending log: {'timestamp': '2025-05-31 17:34:40', 'level': 'INFO', 'message': 'Page loaded'}
[2025-05-31T17:34:42.437+0000] {subprocess.py:93} INFO - Sending log: {'timestamp': '2025-05-31 17:34:42', 'level': 'INFO', 'message': 'Search executed'}
[2025-05-31T17:34:44.437+0000] {subprocess.py:93} INFO - Sending log: {'timestamp': '2025-05-31 17:34:44', 'level': 'ERROR', 'message': 'Payment gateway timeout'}
[2025-05-31T17:34:46.436+0000] {subprocess.py:93} INFO - Sending log: {'timestamp': '2025-05-31 17:34:46', 'level': 'WARNING', 'message': 'High memory usage'}
[2025-05-31T17:34:48.436+0000] {subprocess.py:93} INFO - Sending log: {'timestamp': '2025-05-31 17:34:48', 'level': 'ERROR', 'message': 'Payment gateway timeout'}
[2025-05-31T17:34:50.437+0000] {subprocess.py:93} INFO - Sending log: {'timestamp': '2025-05-31 17:34:50', 'level': 'WARNING', 'message': 'Slow response time'}
[2025-05-31T17:34:52.438+0000] {subprocess.py:93} INFO - Sending log: {'timestamp': '2025-05-31 17:34:52', 'level': 'WARNING', 'message': 'Slow response time'}
[2025-05-31T17:34:54.438+0000] {subprocess.py:93} INFO - Sending log: {'timestamp': '2025-05-31 17:34:54', 'level': 'WARNING', 'message': 'Slow response time'}
[2025-05-31T17:34:56.439+0000] {subprocess.py:93} INFO - Sending log: {'timestamp': '2025-05-31 17:34:56', 'level': 'ERROR', 'message': 'Payment gateway timeout'}
[2025-05-31T17:34:58.439+0000] {subprocess.py:93} INFO - Sending log: {'timestamp': '2025-05-31 17:34:58', 'level': 'ERROR', 'message': 'Payment gateway timeout'}
[2025-05-31T17:35:00.440+0000] {subprocess.py:93} INFO - Sending log: {'timestamp': '2025-05-31 17:35:00', 'level': 'INFO', 'message': 'Page loaded'}
[2025-05-31T17:35:02.440+0000] {subprocess.py:93} INFO - Sending log: {'timestamp': '2025-05-31 17:35:02', 'level': 'INFO', 'message': 'User logged in'}
[2025-05-31T17:35:04.441+0000] {subprocess.py:93} INFO - Sending log: {'timestamp': '2025-05-31 17:35:04', 'level': 'WARNING', 'message': 'Slow response time'}
[2025-05-31T17:35:06.442+0000] {subprocess.py:93} INFO - Sending log: {'timestamp': '2025-05-31 17:35:06', 'level': 'ERROR', 'message': 'Database connection failed'}
[2025-05-31T17:35:08.464+0000] {subprocess.py:93} INFO - Sending log: {'timestamp': '2025-05-31 17:35:08', 'level': 'INFO', 'message': 'Search executed'}
[2025-05-31T17:35:10.464+0000] {subprocess.py:93} INFO - Sending log: {'timestamp': '2025-05-31 17:35:10', 'level': 'INFO', 'message': 'User logged in'}
[2025-05-31T17:35:12.465+0000] {subprocess.py:93} INFO - Sending log: {'timestamp': '2025-05-31 17:35:12', 'level': 'ERROR', 'message': 'Database connection failed'}
[2025-05-31T17:35:14.465+0000] {subprocess.py:93} INFO - Sending log: {'timestamp': '2025-05-31 17:35:14', 'level': 'INFO', 'message': 'Search executed'}
[2025-05-31T17:35:16.464+0000] {subprocess.py:93} INFO - Sending log: {'timestamp': '2025-05-31 17:35:16', 'level': 'WARNING', 'message': 'Slow response time'}
[2025-05-31T17:35:18.465+0000] {subprocess.py:93} INFO - Sending log: {'timestamp': '2025-05-31 17:35:18', 'level': 'WARNING', 'message': 'High memory usage'}
[2025-05-31T17:35:20.465+0000] {subprocess.py:93} INFO - Sending log: {'timestamp': '2025-05-31 17:35:20', 'level': 'ERROR', 'message': 'Database connection failed'}
[2025-05-31T17:35:22.466+0000] {subprocess.py:93} INFO - Sending log: {'timestamp': '2025-05-31 17:35:22', 'level': 'ERROR', 'message': 'Payment gateway timeout'}
[2025-05-31T17:35:24.466+0000] {subprocess.py:93} INFO - Sending log: {'timestamp': '2025-05-31 17:35:24', 'level': 'INFO', 'message': 'Page loaded'}
[2025-05-31T17:35:26.467+0000] {subprocess.py:93} INFO - Sending log: {'timestamp': '2025-05-31 17:35:26', 'level': 'WARNING', 'message': 'Slow response time'}
[2025-05-31T17:35:28.467+0000] {subprocess.py:93} INFO - Sending log: {'timestamp': '2025-05-31 17:35:28', 'level': 'INFO', 'message': 'Page loaded'}
[2025-05-31T17:35:30.468+0000] {subprocess.py:93} INFO - Sending log: {'timestamp': '2025-05-31 17:35:30', 'level': 'ERROR', 'message': 'Payment gateway timeout'}
[2025-05-31T17:35:32.468+0000] {subprocess.py:93} INFO - Sending log: {'timestamp': '2025-05-31 17:35:32', 'level': 'WARNING', 'message': 'Slow response time'}
[2025-05-31T17:35:34.469+0000] {subprocess.py:93} INFO - Sending log: {'timestamp': '2025-05-31 17:35:34', 'level': 'ERROR', 'message': 'Database connection failed'}
[2025-05-31T17:35:36.469+0000] {subprocess.py:93} INFO - Sending log: {'timestamp': '2025-05-31 17:35:36', 'level': 'WARNING', 'message': 'Slow response time'}
[2025-05-31T17:35:38.470+0000] {subprocess.py:93} INFO - Sending log: {'timestamp': '2025-05-31 17:35:38', 'level': 'INFO', 'message': 'Page loaded'}
[2025-05-31T17:35:40.470+0000] {subprocess.py:93} INFO - Sending log: {'timestamp': '2025-05-31 17:35:40', 'level': 'INFO', 'message': 'Page loaded'}
[2025-05-31T17:35:42.470+0000] {subprocess.py:93} INFO - Sending log: {'timestamp': '2025-05-31 17:35:42', 'level': 'INFO', 'message': 'Search executed'}
[2025-05-31T17:35:44.471+0000] {subprocess.py:93} INFO - Sending log: {'timestamp': '2025-05-31 17:35:44', 'level': 'ERROR', 'message': 'Payment gateway timeout'}
[2025-05-31T17:35:46.471+0000] {subprocess.py:93} INFO - Sending log: {'timestamp': '2025-05-31 17:35:46', 'level': 'ERROR', 'message': 'Payment gateway timeout'}
[2025-05-31T17:35:48.471+0000] {subprocess.py:93} INFO - Sending log: {'timestamp': '2025-05-31 17:35:48', 'level': 'WARNING', 'message': 'Slow response time'}
[2025-05-31T17:35:50.472+0000] {subprocess.py:93} INFO - Sending log: {'timestamp': '2025-05-31 17:35:50', 'level': 'ERROR', 'message': 'Database connection failed'}
[2025-05-31T17:44:30.661+0000] {subprocess.py:93} INFO - Sending log: {'timestamp': '2025-05-31 17:44:30', 'level': 'WARNING', 'message': 'Slow response time'}
[2025-05-31T17:44:32.661+0000] {subprocess.py:93} INFO - Sending log: {'timestamp': '2025-05-31 17:44:32', 'level': 'ERROR', 'message': 'Payment gateway timeout'}
[2025-05-31T17:44:34.662+0000] {subprocess.py:93} INFO - Sending log: {'timestamp': '2025-05-31 17:44:34', 'level': 'INFO', 'message': 'Page loaded'}
[2025-05-31T17:44:36.680+0000] {subprocess.py:93} INFO - Sending log: {'timestamp': '2025-05-31 17:44:36', 'level': 'ERROR', 'message': 'Payment gateway timeout'}
[2025-05-31T17:44:38.680+0000] {subprocess.py:93} INFO - Sending log: {'timestamp': '2025-05-31 17:44:38', 'level': 'WARNING', 'message': 'High memory usage'}
[2025-05-31T17:44:39.534+0000] {job.py:229} INFO - Heartbeat recovered after 527.36 seconds
[2025-05-31T17:44:40.680+0000] {subprocess.py:93} INFO - Sending log: {'timestamp': '2025-05-31 17:44:40', 'level': 'INFO', 'message': 'User logged in'}
[2025-05-31T17:44:42.681+0000] {subprocess.py:93} INFO - Sending log: {'timestamp': '2025-05-31 17:44:42', 'level': 'INFO', 'message': 'Page loaded'}
[2025-05-31T17:44:44.682+0000] {subprocess.py:93} INFO - Sending log: {'timestamp': '2025-05-31 17:44:44', 'level': 'INFO', 'message': 'Search executed'}
[2025-05-31T17:44:47.319+0000] {subprocess.py:93} INFO - Sending log: {'timestamp': '2025-05-31 17:44:47', 'level': 'INFO', 'message': 'Page loaded'}
[2025-05-31T17:44:49.319+0000] {subprocess.py:93} INFO - Sending log: {'timestamp': '2025-05-31 17:44:49', 'level': 'INFO', 'message': 'Page loaded'}
[2025-05-31T17:44:51.462+0000] {subprocess.py:93} INFO - Sending log: {'timestamp': '2025-05-31 17:44:51', 'level': 'WARNING', 'message': 'High memory usage'}
[2025-05-31T17:44:53.460+0000] {subprocess.py:93} INFO - Sending log: {'timestamp': '2025-05-31 17:44:53', 'level': 'ERROR', 'message': 'Database connection failed'}
[2025-05-31T17:44:55.461+0000] {subprocess.py:93} INFO - Sending log: {'timestamp': '2025-05-31 17:44:55', 'level': 'INFO', 'message': 'Page loaded'}
[2025-05-31T17:44:57.461+0000] {subprocess.py:93} INFO - Sending log: {'timestamp': '2025-05-31 17:44:57', 'level': 'WARNING', 'message': 'High memory usage'}
[2025-05-31T17:44:59.462+0000] {subprocess.py:93} INFO - Sending log: {'timestamp': '2025-05-31 17:44:59', 'level': 'WARNING', 'message': 'Slow response time'}
[2025-05-31T17:45:01.510+0000] {subprocess.py:93} INFO - Sending log: {'timestamp': '2025-05-31 17:45:01', 'level': 'ERROR', 'message': 'Payment gateway timeout'}
[2025-05-31T17:45:03.511+0000] {subprocess.py:93} INFO - Sending log: {'timestamp': '2025-05-31 17:45:03', 'level': 'WARNING', 'message': 'Slow response time'}
[2025-05-31T17:45:05.612+0000] {subprocess.py:93} INFO - Sending log: {'timestamp': '2025-05-31 17:45:05', 'level': 'INFO', 'message': 'User logged in'}
[2025-05-31T17:45:07.612+0000] {subprocess.py:93} INFO - Sending log: {'timestamp': '2025-05-31 17:45:07', 'level': 'ERROR', 'message': 'Database connection failed'}
[2025-05-31T17:45:09.613+0000] {subprocess.py:93} INFO - Sending log: {'timestamp': '2025-05-31 17:45:09', 'level': 'WARNING', 'message': 'High memory usage'}
[2025-05-31T17:45:11.613+0000] {subprocess.py:93} INFO - Sending log: {'timestamp': '2025-05-31 17:45:11', 'level': 'WARNING', 'message': 'Slow response time'}
[2025-05-31T17:45:13.641+0000] {subprocess.py:93} INFO - Sending log: {'timestamp': '2025-05-31 17:45:13', 'level': 'ERROR', 'message': 'Database connection failed'}
[2025-05-31T17:45:15.641+0000] {subprocess.py:93} INFO - Sending log: {'timestamp': '2025-05-31 17:45:15', 'level': 'INFO', 'message': 'User logged in'}
[2025-05-31T17:45:17.642+0000] {subprocess.py:93} INFO - Sending log: {'timestamp': '2025-05-31 17:45:17', 'level': 'ERROR', 'message': 'Payment gateway timeout'}
[2025-05-31T17:45:19.642+0000] {subprocess.py:93} INFO - Sending log: {'timestamp': '2025-05-31 17:45:19', 'level': 'ERROR', 'message': 'Database connection failed'}
[2025-05-31T17:45:21.643+0000] {subprocess.py:93} INFO - Sending log: {'timestamp': '2025-05-31 17:45:21', 'level': 'ERROR', 'message': 'Database connection failed'}
[2025-05-31T17:45:23.779+0000] {subprocess.py:93} INFO - Sending log: {'timestamp': '2025-05-31 17:45:23', 'level': 'ERROR', 'message': 'Payment gateway timeout'}
[2025-05-31T17:45:25.780+0000] {subprocess.py:93} INFO - Sending log: {'timestamp': '2025-05-31 17:45:25', 'level': 'WARNING', 'message': 'Slow response time'}
[2025-05-31T17:45:27.780+0000] {subprocess.py:93} INFO - Sending log: {'timestamp': '2025-05-31 17:45:27', 'level': 'WARNING', 'message': 'High memory usage'}
[2025-05-31T17:45:29.781+0000] {subprocess.py:93} INFO - Sending log: {'timestamp': '2025-05-31 17:45:29', 'level': 'ERROR', 'message': 'Payment gateway timeout'}
[2025-05-31T17:45:31.781+0000] {subprocess.py:93} INFO - Sending log: {'timestamp': '2025-05-31 17:45:31', 'level': 'INFO', 'message': 'Page loaded'}
[2025-05-31T17:45:33.782+0000] {subprocess.py:93} INFO - Sending log: {'timestamp': '2025-05-31 17:45:33', 'level': 'WARNING', 'message': 'Slow response time'}
[2025-05-31T17:45:35.782+0000] {subprocess.py:93} INFO - Sending log: {'timestamp': '2025-05-31 17:45:35', 'level': 'INFO', 'message': 'Page loaded'}
[2025-05-31T17:45:37.782+0000] {subprocess.py:93} INFO - Sending log: {'timestamp': '2025-05-31 17:45:37', 'level': 'INFO', 'message': 'Page loaded'}
[2025-05-31T17:45:39.783+0000] {subprocess.py:93} INFO - Sending log: {'timestamp': '2025-05-31 17:45:39', 'level': 'INFO', 'message': 'User logged in'}
[2025-05-31T17:45:41.981+0000] {subprocess.py:93} INFO - Sending log: {'timestamp': '2025-05-31 17:45:41', 'level': 'WARNING', 'message': 'Slow response time'}
[2025-05-31T17:45:44.146+0000] {subprocess.py:93} INFO - Sending log: {'timestamp': '2025-05-31 17:45:44', 'level': 'ERROR', 'message': 'Payment gateway timeout'}
[2025-05-31T17:45:46.614+0000] {subprocess.py:93} INFO - Sending log: {'timestamp': '2025-05-31 17:45:46', 'level': 'ERROR', 'message': 'Payment gateway timeout'}
[2025-05-31T17:45:49.134+0000] {subprocess.py:93} INFO - Sending log: {'timestamp': '2025-05-31 17:45:48', 'level': 'WARNING', 'message': 'Slow response time'}
[2025-05-31T17:45:50.362+0000] {job.py:229} INFO - Heartbeat recovered after 15.87 seconds
[2025-05-31T17:45:50.957+0000] {subprocess.py:93} INFO - Sending log: {'timestamp': '2025-05-31 17:45:50', 'level': 'ERROR', 'message': 'Database connection failed'}
[2025-05-31T17:45:52.958+0000] {subprocess.py:93} INFO - Sending log: {'timestamp': '2025-05-31 17:45:52', 'level': 'WARNING', 'message': 'Slow response time'}
[2025-05-31T17:45:55.014+0000] {subprocess.py:93} INFO - Sending log: {'timestamp': '2025-05-31 17:45:55', 'level': 'INFO', 'message': 'User logged in'}
[2025-05-31T17:45:57.023+0000] {subprocess.py:93} INFO - Sending log: {'timestamp': '2025-05-31 17:45:57', 'level': 'INFO', 'message': 'Search executed'}
[2025-05-31T17:45:59.248+0000] {subprocess.py:93} INFO - Sending log: {'timestamp': '2025-05-31 17:45:59', 'level': 'INFO', 'message': 'Search executed'}
[2025-05-31T17:46:01.385+0000] {subprocess.py:93} INFO - Sending log: {'timestamp': '2025-05-31 17:46:01', 'level': 'WARNING', 'message': 'Slow response time'}
[2025-05-31T17:46:03.386+0000] {subprocess.py:93} INFO - Sending log: {'timestamp': '2025-05-31 17:46:03', 'level': 'ERROR', 'message': 'Database connection failed'}
[2025-05-31T17:46:05.444+0000] {subprocess.py:93} INFO - Sending log: {'timestamp': '2025-05-31 17:46:05', 'level': 'ERROR', 'message': 'Database connection failed'}
[2025-05-31T17:46:07.724+0000] {subprocess.py:93} INFO - Sending log: {'timestamp': '2025-05-31 17:46:07', 'level': 'ERROR', 'message': 'Database connection failed'}
[2025-05-31T17:46:10.637+0000] {subprocess.py:93} INFO - Sending log: {'timestamp': '2025-05-31 17:46:10', 'level': 'INFO', 'message': 'Page loaded'}
[2025-05-31T17:46:13.772+0000] {subprocess.py:93} INFO - Sending log: {'timestamp': '2025-05-31 17:46:13', 'level': 'ERROR', 'message': 'Payment gateway timeout'}
[2025-05-31T17:46:21.756+0000] {subprocess.py:93} INFO - Sending log: {'timestamp': '2025-05-31 17:46:16', 'level': 'WARNING', 'message': 'High memory usage'}
[2025-05-31T17:46:21.961+0000] {subprocess.py:93} INFO - Sending log: {'timestamp': '2025-05-31 17:46:19', 'level': 'WARNING', 'message': 'Slow response time'}
[2025-05-31T17:46:22.248+0000] {subprocess.py:93} INFO - Sending log: {'timestamp': '2025-05-31 17:46:21', 'level': 'WARNING', 'message': 'Slow response time'}
[2025-05-31T17:46:23.494+0000] {subprocess.py:93} INFO - Sending log: {'timestamp': '2025-05-31 17:46:23', 'level': 'WARNING', 'message': 'High memory usage'}
[2025-05-31T17:46:25.495+0000] {subprocess.py:93} INFO - Sending log: {'timestamp': '2025-05-31 17:46:25', 'level': 'INFO', 'message': 'Search executed'}
[2025-05-31T17:46:27.495+0000] {subprocess.py:93} INFO - Sending log: {'timestamp': '2025-05-31 17:46:27', 'level': 'WARNING', 'message': 'High memory usage'}
[2025-05-31T17:46:29.624+0000] {subprocess.py:93} INFO - Sending log: {'timestamp': '2025-05-31 17:46:29', 'level': 'WARNING', 'message': 'High memory usage'}
[2025-05-31T17:46:31.899+0000] {subprocess.py:93} INFO - Sending log: {'timestamp': '2025-05-31 17:46:31', 'level': 'ERROR', 'message': 'Database connection failed'}
[2025-05-31T17:46:34.085+0000] {subprocess.py:93} INFO - Sending log: {'timestamp': '2025-05-31 17:46:33', 'level': 'INFO', 'message': 'Search executed'}
[2025-05-31T17:46:34.525+0000] {job.py:229} INFO - Heartbeat recovered after 29.89 seconds
[2025-05-31T17:46:35.976+0000] {subprocess.py:93} INFO - Sending log: {'timestamp': '2025-05-31 17:46:35', 'level': 'WARNING', 'message': 'High memory usage'}
[2025-05-31T17:46:38.022+0000] {subprocess.py:93} INFO - Sending log: {'timestamp': '2025-05-31 17:46:38', 'level': 'WARNING', 'message': 'High memory usage'}
[2025-05-31T17:46:40.021+0000] {subprocess.py:93} INFO - Sending log: {'timestamp': '2025-05-31 17:46:40', 'level': 'INFO', 'message': 'Search executed'}
[2025-05-31T17:46:42.022+0000] {subprocess.py:93} INFO - Sending log: {'timestamp': '2025-05-31 17:46:42', 'level': 'ERROR', 'message': 'Database connection failed'}
[2025-05-31T17:46:44.114+0000] {subprocess.py:93} INFO - Sending log: {'timestamp': '2025-05-31 17:46:44', 'level': 'ERROR', 'message': 'Database connection failed'}
[2025-05-31T17:46:46.115+0000] {subprocess.py:93} INFO - Sending log: {'timestamp': '2025-05-31 17:46:46', 'level': 'INFO', 'message': 'User logged in'}
[2025-05-31T17:46:48.293+0000] {subprocess.py:93} INFO - Sending log: {'timestamp': '2025-05-31 17:46:48', 'level': 'WARNING', 'message': 'High memory usage'}
[2025-05-31T17:46:50.293+0000] {subprocess.py:93} INFO - Sending log: {'timestamp': '2025-05-31 17:46:50', 'level': 'INFO', 'message': 'Page loaded'}
[2025-05-31T17:46:52.294+0000] {subprocess.py:93} INFO - Sending log: {'timestamp': '2025-05-31 17:46:52', 'level': 'INFO', 'message': 'Search executed'}
[2025-05-31T17:46:54.469+0000] {subprocess.py:93} INFO - Sending log: {'timestamp': '2025-05-31 17:46:54', 'level': 'ERROR', 'message': 'Payment gateway timeout'}
[2025-05-31T17:46:56.468+0000] {subprocess.py:93} INFO - Sending log: {'timestamp': '2025-05-31 17:46:56', 'level': 'ERROR', 'message': 'Database connection failed'}
[2025-05-31T17:46:58.469+0000] {subprocess.py:93} INFO - Sending log: {'timestamp': '2025-05-31 17:46:58', 'level': 'INFO', 'message': 'User logged in'}
[2025-05-31T17:47:00.470+0000] {subprocess.py:93} INFO - Sending log: {'timestamp': '2025-05-31 17:47:00', 'level': 'ERROR', 'message': 'Database connection failed'}
[2025-05-31T17:47:02.528+0000] {subprocess.py:93} INFO - Sending log: {'timestamp': '2025-05-31 17:47:02', 'level': 'ERROR', 'message': 'Payment gateway timeout'}
[2025-05-31T17:47:04.529+0000] {subprocess.py:93} INFO - Sending log: {'timestamp': '2025-05-31 17:47:04', 'level': 'ERROR', 'message': 'Payment gateway timeout'}
[2025-05-31T17:47:06.530+0000] {subprocess.py:93} INFO - Sending log: {'timestamp': '2025-05-31 17:47:06', 'level': 'WARNING', 'message': 'High memory usage'}
[2025-05-31T17:47:08.530+0000] {subprocess.py:93} INFO - Sending log: {'timestamp': '2025-05-31 17:47:08', 'level': 'ERROR', 'message': 'Payment gateway timeout'}
[2025-05-31T17:47:10.531+0000] {subprocess.py:93} INFO - Sending log: {'timestamp': '2025-05-31 17:47:10', 'level': 'WARNING', 'message': 'Slow response time'}
[2025-05-31T17:47:12.532+0000] {subprocess.py:93} INFO - Sending log: {'timestamp': '2025-05-31 17:47:12', 'level': 'ERROR', 'message': 'Database connection failed'}
[2025-05-31T17:47:14.532+0000] {subprocess.py:93} INFO - Sending log: {'timestamp': '2025-05-31 17:47:14', 'level': 'WARNING', 'message': 'Slow response time'}
[2025-05-31T17:47:16.533+0000] {subprocess.py:93} INFO - Sending log: {'timestamp': '2025-05-31 17:47:16', 'level': 'ERROR', 'message': 'Database connection failed'}
[2025-05-31T17:47:18.541+0000] {subprocess.py:93} INFO - Sending log: {'timestamp': '2025-05-31 17:47:18', 'level': 'WARNING', 'message': 'Slow response time'}
[2025-05-31T17:47:20.541+0000] {subprocess.py:93} INFO - Sending log: {'timestamp': '2025-05-31 17:47:20', 'level': 'INFO', 'message': 'Page loaded'}
[2025-05-31T17:47:22.582+0000] {subprocess.py:93} INFO - Sending log: {'timestamp': '2025-05-31 17:47:22', 'level': 'INFO', 'message': 'User logged in'}
[2025-05-31T17:47:24.483+0000] {subprocess.py:93} INFO - Sending log: {'timestamp': '2025-05-31 17:47:24', 'level': 'INFO', 'message': 'Search executed'}
[2025-05-31T17:47:26.483+0000] {subprocess.py:93} INFO - Sending log: {'timestamp': '2025-05-31 17:47:26', 'level': 'ERROR', 'message': 'Payment gateway timeout'}
[2025-05-31T17:47:29.329+0000] {subprocess.py:93} INFO - Sending log: {'timestamp': '2025-05-31 17:47:29', 'level': 'ERROR', 'message': 'Database connection failed'}
[2025-05-31T17:47:31.313+0000] {subprocess.py:93} INFO - Sending log: {'timestamp': '2025-05-31 17:47:31', 'level': 'ERROR', 'message': 'Database connection failed'}
[2025-05-31T17:47:32.865+0000] {job.py:229} INFO - Heartbeat recovered after 11.28 seconds
[2025-05-31T17:47:33.175+0000] {subprocess.py:93} INFO - Sending log: {'timestamp': '2025-05-31 17:47:33', 'level': 'ERROR', 'message': 'Payment gateway timeout'}
[2025-05-31T17:47:35.222+0000] {subprocess.py:93} INFO - Sending log: {'timestamp': '2025-05-31 17:47:35', 'level': 'ERROR', 'message': 'Payment gateway timeout'}
[2025-05-31T17:47:37.170+0000] {subprocess.py:93} INFO - Sending log: {'timestamp': '2025-05-31 17:47:37', 'level': 'INFO', 'message': 'Page loaded'}
[2025-05-31T17:47:39.992+0000] {subprocess.py:93} INFO - Sending log: {'timestamp': '2025-05-31 17:47:39', 'level': 'ERROR', 'message': 'Database connection failed'}
[2025-05-31T17:47:42.165+0000] {subprocess.py:93} INFO - Sending log: {'timestamp': '2025-05-31 17:47:42', 'level': 'INFO', 'message': 'Search executed'}
[2025-05-31T17:47:44.389+0000] {subprocess.py:93} INFO - Sending log: {'timestamp': '2025-05-31 17:47:44', 'level': 'INFO', 'message': 'User logged in'}
[2025-05-31T17:47:47.762+0000] {subprocess.py:93} INFO - Sending log: {'timestamp': '2025-05-31 17:47:46', 'level': 'INFO', 'message': 'Page loaded'}
[2025-05-31T17:47:48.975+0000] {subprocess.py:93} INFO - Sending log: {'timestamp': '2025-05-31 17:47:48', 'level': 'INFO', 'message': 'User logged in'}
[2025-05-31T17:47:51.144+0000] {subprocess.py:93} INFO - Sending log: {'timestamp': '2025-05-31 17:47:51', 'level': 'INFO', 'message': 'User logged in'}
[2025-05-31T17:47:53.902+0000] {subprocess.py:93} INFO - Sending log: {'timestamp': '2025-05-31 17:47:53', 'level': 'ERROR', 'message': 'Database connection failed'}
[2025-05-31T17:47:55.108+0000] {subprocess.py:93} INFO - Sending log: {'timestamp': '2025-05-31 17:47:55', 'level': 'WARNING', 'message': 'Slow response time'}
[2025-05-31T17:47:57.093+0000] {subprocess.py:93} INFO - Sending log: {'timestamp': '2025-05-31 17:47:57', 'level': 'INFO', 'message': 'Search executed'}
[2025-05-31T17:47:59.160+0000] {subprocess.py:93} INFO - Sending log: {'timestamp': '2025-05-31 17:47:59', 'level': 'WARNING', 'message': 'High memory usage'}
[2025-05-31T17:48:02.046+0000] {subprocess.py:93} INFO - Sending log: {'timestamp': '2025-05-31 17:48:01', 'level': 'WARNING', 'message': 'High memory usage'}
[2025-05-31T17:48:04.532+0000] {subprocess.py:93} INFO - Sending log: {'timestamp': '2025-05-31 17:48:03', 'level': 'WARNING', 'message': 'Slow response time'}
[2025-05-31T17:48:07.034+0000] {subprocess.py:93} INFO - Sending log: {'timestamp': '2025-05-31 17:48:07', 'level': 'INFO', 'message': 'User logged in'}
[2025-05-31T17:48:09.101+0000] {subprocess.py:93} INFO - Sending log: {'timestamp': '2025-05-31 17:48:09', 'level': 'ERROR', 'message': 'Database connection failed'}
[2025-05-31T17:48:12.505+0000] {subprocess.py:93} INFO - Sending log: {'timestamp': '2025-05-31 17:48:12', 'level': 'WARNING', 'message': 'Slow response time'}
[2025-05-31T17:48:14.893+0000] {subprocess.py:93} INFO - Sending log: {'timestamp': '2025-05-31 17:48:14', 'level': 'ERROR', 'message': 'Payment gateway timeout'}
[2025-05-31T17:48:17.014+0000] {subprocess.py:93} INFO - Sending log: {'timestamp': '2025-05-31 17:48:17', 'level': 'ERROR', 'message': 'Database connection failed'}
[2025-05-31T17:48:19.824+0000] {subprocess.py:93} INFO - Sending log: {'timestamp': '2025-05-31 17:48:19', 'level': 'ERROR', 'message': 'Payment gateway timeout'}
[2025-05-31T17:48:22.779+0000] {subprocess.py:93} INFO - Sending log: {'timestamp': '2025-05-31 17:48:22', 'level': 'INFO', 'message': 'Page loaded'}
[2025-05-31T17:48:24.519+0000] {subprocess.py:93} INFO - Sending log: {'timestamp': '2025-05-31 17:48:24', 'level': 'WARNING', 'message': 'High memory usage'}
[2025-05-31T17:48:26.123+0000] {subprocess.py:93} INFO - Sending log: {'timestamp': '2025-05-31 17:48:26', 'level': 'WARNING', 'message': 'High memory usage'}
[2025-05-31T17:48:28.124+0000] {subprocess.py:93} INFO - Sending log: {'timestamp': '2025-05-31 17:48:28', 'level': 'WARNING', 'message': 'Slow response time'}
[2025-05-31T17:48:30.330+0000] {subprocess.py:93} INFO - Sending log: {'timestamp': '2025-05-31 17:48:30', 'level': 'ERROR', 'message': 'Payment gateway timeout'}
[2025-05-31T17:48:32.719+0000] {subprocess.py:93} INFO - Sending log: {'timestamp': '2025-05-31 17:48:32', 'level': 'WARNING', 'message': 'Slow response time'}
[2025-05-31T17:48:34.737+0000] {subprocess.py:93} INFO - Sending log: {'timestamp': '2025-05-31 17:48:34', 'level': 'WARNING', 'message': 'Slow response time'}
[2025-05-31T17:48:36.730+0000] {subprocess.py:93} INFO - Sending log: {'timestamp': '2025-05-31 17:48:36', 'level': 'ERROR', 'message': 'Payment gateway timeout'}
[2025-05-31T17:48:39.399+0000] {subprocess.py:93} INFO - Sending log: {'timestamp': '2025-05-31 17:48:39', 'level': 'INFO', 'message': 'User logged in'}
[2025-05-31T17:48:41.681+0000] {subprocess.py:93} INFO - Sending log: {'timestamp': '2025-05-31 17:48:41', 'level': 'ERROR', 'message': 'Payment gateway timeout'}
[2025-05-31T17:48:43.834+0000] {subprocess.py:93} INFO - Sending log: {'timestamp': '2025-05-31 17:48:43', 'level': 'INFO', 'message': 'Page loaded'}
[2025-05-31T17:48:45.837+0000] {subprocess.py:93} INFO - Sending log: {'timestamp': '2025-05-31 17:48:45', 'level': 'ERROR', 'message': 'Payment gateway timeout'}
[2025-05-31T17:48:47.900+0000] {subprocess.py:93} INFO - Sending log: {'timestamp': '2025-05-31 17:48:47', 'level': 'WARNING', 'message': 'Slow response time'}
[2025-05-31T17:48:50.270+0000] {subprocess.py:93} INFO - Sending log: {'timestamp': '2025-05-31 17:48:50', 'level': 'WARNING', 'message': 'High memory usage'}
[2025-05-31T17:48:52.116+0000] {subprocess.py:93} INFO - Sending log: {'timestamp': '2025-05-31 17:48:52', 'level': 'WARNING', 'message': 'Slow response time'}
[2025-05-31T17:48:54.503+0000] {subprocess.py:93} INFO - Sending log: {'timestamp': '2025-05-31 17:48:54', 'level': 'ERROR', 'message': 'Payment gateway timeout'}
[2025-05-31T17:48:55.825+0000] {job.py:229} INFO - Heartbeat recovered after 84.36 seconds
[2025-05-31T17:48:56.189+0000] {subprocess.py:93} INFO - Sending log: {'timestamp': '2025-05-31 17:48:56', 'level': 'WARNING', 'message': 'Slow response time'}
[2025-05-31T17:48:58.199+0000] {subprocess.py:93} INFO - Sending log: {'timestamp': '2025-05-31 17:48:58', 'level': 'WARNING', 'message': 'High memory usage'}
[2025-05-31T17:49:00.199+0000] {subprocess.py:93} INFO - Sending log: {'timestamp': '2025-05-31 17:49:00', 'level': 'WARNING', 'message': 'Slow response time'}
[2025-05-31T17:49:02.226+0000] {subprocess.py:93} INFO - Sending log: {'timestamp': '2025-05-31 17:49:02', 'level': 'INFO', 'message': 'User logged in'}
[2025-05-31T17:49:04.633+0000] {subprocess.py:93} INFO - Sending log: {'timestamp': '2025-05-31 17:49:04', 'level': 'ERROR', 'message': 'Payment gateway timeout'}
[2025-05-31T17:49:06.965+0000] {subprocess.py:93} INFO - Sending log: {'timestamp': '2025-05-31 17:49:06', 'level': 'INFO', 'message': 'Search executed'}
[2025-05-31T17:49:08.994+0000] {subprocess.py:93} INFO - Sending log: {'timestamp': '2025-05-31 17:49:08', 'level': 'INFO', 'message': 'User logged in'}
[2025-05-31T17:49:11.392+0000] {subprocess.py:93} INFO - Sending log: {'timestamp': '2025-05-31 17:49:11', 'level': 'ERROR', 'message': 'Database connection failed'}
[2025-05-31T17:49:13.414+0000] {subprocess.py:93} INFO - Sending log: {'timestamp': '2025-05-31 17:49:13', 'level': 'ERROR', 'message': 'Payment gateway timeout'}
[2025-05-31T17:49:14.016+0000] {job.py:229} INFO - Heartbeat recovered after 18.68 seconds
[2025-05-31T17:49:15.473+0000] {subprocess.py:93} INFO - Sending log: {'timestamp': '2025-05-31 17:49:15', 'level': 'ERROR', 'message': 'Database connection failed'}
[2025-05-31T17:49:17.474+0000] {subprocess.py:93} INFO - Sending log: {'timestamp': '2025-05-31 17:49:17', 'level': 'WARNING', 'message': 'High memory usage'}
[2025-05-31T17:49:19.474+0000] {subprocess.py:93} INFO - Sending log: {'timestamp': '2025-05-31 17:49:19', 'level': 'WARNING', 'message': 'High memory usage'}
[2025-05-31T17:49:19.572+0000] {job.py:229} INFO - Heartbeat recovered after 11.50 seconds
[2025-05-31T17:49:21.475+0000] {subprocess.py:93} INFO - Sending log: {'timestamp': '2025-05-31 17:49:21', 'level': 'WARNING', 'message': 'High memory usage'}
[2025-05-31T17:49:23.475+0000] {subprocess.py:93} INFO - Sending log: {'timestamp': '2025-05-31 17:49:23', 'level': 'WARNING', 'message': 'Slow response time'}
[2025-05-31T17:49:25.476+0000] {subprocess.py:93} INFO - Sending log: {'timestamp': '2025-05-31 17:49:25', 'level': 'INFO', 'message': 'User logged in'}
[2025-05-31T17:49:27.405+0000] {subprocess.py:93} INFO - Sending log: {'timestamp': '2025-05-31 17:49:27', 'level': 'ERROR', 'message': 'Payment gateway timeout'}
[2025-05-31T17:49:29.433+0000] {subprocess.py:93} INFO - Sending log: {'timestamp': '2025-05-31 17:49:29', 'level': 'ERROR', 'message': 'Database connection failed'}
[2025-05-31T17:49:31.434+0000] {subprocess.py:93} INFO - Sending log: {'timestamp': '2025-05-31 17:49:31', 'level': 'ERROR', 'message': 'Payment gateway timeout'}
[2025-05-31T17:49:33.435+0000] {subprocess.py:93} INFO - Sending log: {'timestamp': '2025-05-31 17:49:33', 'level': 'ERROR', 'message': 'Payment gateway timeout'}
[2025-05-31T17:49:35.435+0000] {subprocess.py:93} INFO - Sending log: {'timestamp': '2025-05-31 17:49:35', 'level': 'WARNING', 'message': 'High memory usage'}
[2025-05-31T17:49:37.436+0000] {subprocess.py:93} INFO - Sending log: {'timestamp': '2025-05-31 17:49:37', 'level': 'ERROR', 'message': 'Payment gateway timeout'}
[2025-05-31T17:49:39.436+0000] {subprocess.py:93} INFO - Sending log: {'timestamp': '2025-05-31 17:49:39', 'level': 'INFO', 'message': 'Page loaded'}
[2025-05-31T17:49:41.437+0000] {subprocess.py:93} INFO - Sending log: {'timestamp': '2025-05-31 17:49:41', 'level': 'ERROR', 'message': 'Payment gateway timeout'}
[2025-05-31T17:49:43.438+0000] {subprocess.py:93} INFO - Sending log: {'timestamp': '2025-05-31 17:49:43', 'level': 'WARNING', 'message': 'High memory usage'}
[2025-05-31T17:49:45.439+0000] {subprocess.py:93} INFO - Sending log: {'timestamp': '2025-05-31 17:49:45', 'level': 'ERROR', 'message': 'Payment gateway timeout'}
[2025-05-31T17:49:47.445+0000] {subprocess.py:93} INFO - Sending log: {'timestamp': '2025-05-31 17:49:47', 'level': 'ERROR', 'message': 'Payment gateway timeout'}
[2025-05-31T17:49:49.446+0000] {subprocess.py:93} INFO - Sending log: {'timestamp': '2025-05-31 17:49:49', 'level': 'WARNING', 'message': 'Slow response time'}
[2025-05-31T17:49:51.447+0000] {subprocess.py:93} INFO - Sending log: {'timestamp': '2025-05-31 17:49:51', 'level': 'WARNING', 'message': 'High memory usage'}
[2025-05-31T17:49:53.447+0000] {subprocess.py:93} INFO - Sending log: {'timestamp': '2025-05-31 17:49:53', 'level': 'INFO', 'message': 'Search executed'}
[2025-05-31T17:49:55.448+0000] {subprocess.py:93} INFO - Sending log: {'timestamp': '2025-05-31 17:49:55', 'level': 'ERROR', 'message': 'Payment gateway timeout'}
[2025-05-31T17:49:57.353+0000] {subprocess.py:93} INFO - Sending log: {'timestamp': '2025-05-31 17:49:57', 'level': 'WARNING', 'message': 'High memory usage'}
[2025-05-31T17:49:59.353+0000] {subprocess.py:93} INFO - Sending log: {'timestamp': '2025-05-31 17:49:59', 'level': 'WARNING', 'message': 'High memory usage'}
[2025-05-31T17:50:01.354+0000] {subprocess.py:93} INFO - Sending log: {'timestamp': '2025-05-31 17:50:01', 'level': 'WARNING', 'message': 'Slow response time'}
[2025-05-31T17:50:03.354+0000] {subprocess.py:93} INFO - Sending log: {'timestamp': '2025-05-31 17:50:03', 'level': 'ERROR', 'message': 'Payment gateway timeout'}
[2025-05-31T17:50:05.355+0000] {subprocess.py:93} INFO - Sending log: {'timestamp': '2025-05-31 17:50:05', 'level': 'ERROR', 'message': 'Payment gateway timeout'}
[2025-05-31T17:50:07.356+0000] {subprocess.py:93} INFO - Sending log: {'timestamp': '2025-05-31 17:50:07', 'level': 'INFO', 'message': 'Page loaded'}
[2025-05-31T17:50:09.357+0000] {subprocess.py:93} INFO - Sending log: {'timestamp': '2025-05-31 17:50:09', 'level': 'INFO', 'message': 'Search executed'}
[2025-05-31T17:50:11.357+0000] {subprocess.py:93} INFO - Sending log: {'timestamp': '2025-05-31 17:50:11', 'level': 'WARNING', 'message': 'Slow response time'}
[2025-05-31T17:50:13.358+0000] {subprocess.py:93} INFO - Sending log: {'timestamp': '2025-05-31 17:50:13', 'level': 'ERROR', 'message': 'Database connection failed'}
[2025-05-31T17:50:15.359+0000] {subprocess.py:93} INFO - Sending log: {'timestamp': '2025-05-31 17:50:15', 'level': 'INFO', 'message': 'Search executed'}
[2025-05-31T17:50:17.359+0000] {subprocess.py:93} INFO - Sending log: {'timestamp': '2025-05-31 17:50:17', 'level': 'ERROR', 'message': 'Database connection failed'}
[2025-05-31T17:50:19.359+0000] {subprocess.py:93} INFO - Sending log: {'timestamp': '2025-05-31 17:50:19', 'level': 'INFO', 'message': 'Search executed'}
[2025-05-31T17:50:21.421+0000] {subprocess.py:93} INFO - Sending log: {'timestamp': '2025-05-31 17:50:21', 'level': 'WARNING', 'message': 'High memory usage'}
[2025-05-31T17:50:23.421+0000] {subprocess.py:93} INFO - Sending log: {'timestamp': '2025-05-31 17:50:23', 'level': 'ERROR', 'message': 'Database connection failed'}
[2025-05-31T17:50:25.422+0000] {subprocess.py:93} INFO - Sending log: {'timestamp': '2025-05-31 17:50:25', 'level': 'INFO', 'message': 'User logged in'}
[2025-05-31T17:50:27.406+0000] {subprocess.py:93} INFO - Sending log: {'timestamp': '2025-05-31 17:50:27', 'level': 'INFO', 'message': 'User logged in'}
[2025-05-31T17:50:29.409+0000] {subprocess.py:93} INFO - Sending log: {'timestamp': '2025-05-31 17:50:29', 'level': 'INFO', 'message': 'Page loaded'}
[2025-05-31T17:50:31.410+0000] {subprocess.py:93} INFO - Sending log: {'timestamp': '2025-05-31 17:50:31', 'level': 'WARNING', 'message': 'High memory usage'}
[2025-05-31T17:50:33.411+0000] {subprocess.py:93} INFO - Sending log: {'timestamp': '2025-05-31 17:50:33', 'level': 'WARNING', 'message': 'Slow response time'}
[2025-05-31T17:50:35.411+0000] {subprocess.py:93} INFO - Sending log: {'timestamp': '2025-05-31 17:50:35', 'level': 'ERROR', 'message': 'Database connection failed'}
[2025-05-31T17:50:37.412+0000] {subprocess.py:93} INFO - Sending log: {'timestamp': '2025-05-31 17:50:37', 'level': 'INFO', 'message': 'Search executed'}
[2025-05-31T17:50:39.412+0000] {subprocess.py:93} INFO - Sending log: {'timestamp': '2025-05-31 17:50:39', 'level': 'WARNING', 'message': 'Slow response time'}
[2025-05-31T17:50:41.412+0000] {subprocess.py:93} INFO - Sending log: {'timestamp': '2025-05-31 17:50:41', 'level': 'INFO', 'message': 'Page loaded'}
[2025-05-31T17:50:43.413+0000] {subprocess.py:93} INFO - Sending log: {'timestamp': '2025-05-31 17:50:43', 'level': 'ERROR', 'message': 'Database connection failed'}
[2025-05-31T17:50:45.413+0000] {subprocess.py:93} INFO - Sending log: {'timestamp': '2025-05-31 17:50:45', 'level': 'ERROR', 'message': 'Payment gateway timeout'}
[2025-05-31T17:50:47.414+0000] {subprocess.py:93} INFO - Sending log: {'timestamp': '2025-05-31 17:50:47', 'level': 'ERROR', 'message': 'Payment gateway timeout'}
[2025-05-31T17:50:49.414+0000] {subprocess.py:93} INFO - Sending log: {'timestamp': '2025-05-31 17:50:49', 'level': 'INFO', 'message': 'Page loaded'}
[2025-05-31T17:50:51.415+0000] {subprocess.py:93} INFO - Sending log: {'timestamp': '2025-05-31 17:50:51', 'level': 'ERROR', 'message': 'Payment gateway timeout'}
[2025-05-31T17:50:53.415+0000] {subprocess.py:93} INFO - Sending log: {'timestamp': '2025-05-31 17:50:53', 'level': 'ERROR', 'message': 'Database connection failed'}
[2025-05-31T17:50:55.416+0000] {subprocess.py:93} INFO - Sending log: {'timestamp': '2025-05-31 17:50:55', 'level': 'ERROR', 'message': 'Database connection failed'}
[2025-05-31T17:50:57.411+0000] {subprocess.py:93} INFO - Sending log: {'timestamp': '2025-05-31 17:50:57', 'level': 'WARNING', 'message': 'Slow response time'}
[2025-05-31T17:50:59.411+0000] {subprocess.py:93} INFO - Sending log: {'timestamp': '2025-05-31 17:50:59', 'level': 'ERROR', 'message': 'Database connection failed'}
[2025-05-31T17:51:01.412+0000] {subprocess.py:93} INFO - Sending log: {'timestamp': '2025-05-31 17:51:01', 'level': 'WARNING', 'message': 'Slow response time'}
[2025-05-31T17:51:03.412+0000] {subprocess.py:93} INFO - Sending log: {'timestamp': '2025-05-31 17:51:03', 'level': 'INFO', 'message': 'Page loaded'}
[2025-05-31T17:51:05.413+0000] {subprocess.py:93} INFO - Sending log: {'timestamp': '2025-05-31 17:51:05', 'level': 'INFO', 'message': 'User logged in'}
[2025-05-31T17:51:07.464+0000] {subprocess.py:93} INFO - Sending log: {'timestamp': '2025-05-31 17:51:07', 'level': 'ERROR', 'message': 'Payment gateway timeout'}
[2025-05-31T17:51:09.465+0000] {subprocess.py:93} INFO - Sending log: {'timestamp': '2025-05-31 17:51:09', 'level': 'WARNING', 'message': 'High memory usage'}
[2025-05-31T17:51:11.465+0000] {subprocess.py:93} INFO - Sending log: {'timestamp': '2025-05-31 17:51:11', 'level': 'ERROR', 'message': 'Database connection failed'}
[2025-05-31T17:51:13.465+0000] {subprocess.py:93} INFO - Sending log: {'timestamp': '2025-05-31 17:51:13', 'level': 'WARNING', 'message': 'Slow response time'}
[2025-05-31T17:51:15.466+0000] {subprocess.py:93} INFO - Sending log: {'timestamp': '2025-05-31 17:51:15', 'level': 'INFO', 'message': 'Search executed'}
[2025-05-31T17:51:17.466+0000] {subprocess.py:93} INFO - Sending log: {'timestamp': '2025-05-31 17:51:17', 'level': 'ERROR', 'message': 'Database connection failed'}
[2025-05-31T17:51:19.467+0000] {subprocess.py:93} INFO - Sending log: {'timestamp': '2025-05-31 17:51:19', 'level': 'ERROR', 'message': 'Database connection failed'}
[2025-05-31T17:51:21.467+0000] {subprocess.py:93} INFO - Sending log: {'timestamp': '2025-05-31 17:51:21', 'level': 'ERROR', 'message': 'Payment gateway timeout'}
[2025-05-31T17:51:23.468+0000] {subprocess.py:93} INFO - Sending log: {'timestamp': '2025-05-31 17:51:23', 'level': 'WARNING', 'message': 'High memory usage'}
[2025-05-31T17:51:25.469+0000] {subprocess.py:93} INFO - Sending log: {'timestamp': '2025-05-31 17:51:25', 'level': 'ERROR', 'message': 'Payment gateway timeout'}
[2025-05-31T17:51:27.465+0000] {subprocess.py:93} INFO - Sending log: {'timestamp': '2025-05-31 17:51:27', 'level': 'INFO', 'message': 'Search executed'}
[2025-05-31T17:51:29.466+0000] {subprocess.py:93} INFO - Sending log: {'timestamp': '2025-05-31 17:51:29', 'level': 'INFO', 'message': 'Page loaded'}
[2025-05-31T17:51:31.466+0000] {subprocess.py:93} INFO - Sending log: {'timestamp': '2025-05-31 17:51:31', 'level': 'INFO', 'message': 'Search executed'}
[2025-05-31T17:51:33.467+0000] {subprocess.py:93} INFO - Sending log: {'timestamp': '2025-05-31 17:51:33', 'level': 'INFO', 'message': 'User logged in'}
[2025-05-31T17:51:35.467+0000] {subprocess.py:93} INFO - Sending log: {'timestamp': '2025-05-31 17:51:35', 'level': 'ERROR', 'message': 'Database connection failed'}
[2025-05-31T17:51:37.468+0000] {subprocess.py:93} INFO - Sending log: {'timestamp': '2025-05-31 17:51:37', 'level': 'INFO', 'message': 'Page loaded'}
[2025-05-31T17:51:39.469+0000] {subprocess.py:93} INFO - Sending log: {'timestamp': '2025-05-31 17:51:39', 'level': 'INFO', 'message': 'Search executed'}
[2025-05-31T17:51:41.470+0000] {subprocess.py:93} INFO - Sending log: {'timestamp': '2025-05-31 17:51:41', 'level': 'ERROR', 'message': 'Database connection failed'}
[2025-05-31T17:51:43.470+0000] {subprocess.py:93} INFO - Sending log: {'timestamp': '2025-05-31 17:51:43', 'level': 'ERROR', 'message': 'Database connection failed'}
[2025-05-31T17:51:45.470+0000] {subprocess.py:93} INFO - Sending log: {'timestamp': '2025-05-31 17:51:45', 'level': 'WARNING', 'message': 'High memory usage'}
[2025-05-31T17:51:47.471+0000] {subprocess.py:93} INFO - Sending log: {'timestamp': '2025-05-31 17:51:47', 'level': 'WARNING', 'message': 'High memory usage'}
[2025-05-31T17:51:49.471+0000] {subprocess.py:93} INFO - Sending log: {'timestamp': '2025-05-31 17:51:49', 'level': 'INFO', 'message': 'Page loaded'}
[2025-05-31T17:51:51.472+0000] {subprocess.py:93} INFO - Sending log: {'timestamp': '2025-05-31 17:51:51', 'level': 'ERROR', 'message': 'Database connection failed'}
[2025-05-31T17:51:53.472+0000] {subprocess.py:93} INFO - Sending log: {'timestamp': '2025-05-31 17:51:53', 'level': 'ERROR', 'message': 'Payment gateway timeout'}
[2025-05-31T17:51:55.472+0000] {subprocess.py:93} INFO - Sending log: {'timestamp': '2025-05-31 17:51:55', 'level': 'WARNING', 'message': 'Slow response time'}
[2025-05-31T17:51:57.470+0000] {subprocess.py:93} INFO - Sending log: {'timestamp': '2025-05-31 17:51:57', 'level': 'INFO', 'message': 'Search executed'}
[2025-05-31T17:51:59.471+0000] {subprocess.py:93} INFO - Sending log: {'timestamp': '2025-05-31 17:51:59', 'level': 'INFO', 'message': 'Page loaded'}
[2025-05-31T17:52:01.471+0000] {subprocess.py:93} INFO - Sending log: {'timestamp': '2025-05-31 17:52:01', 'level': 'INFO', 'message': 'User logged in'}
[2025-05-31T17:52:03.472+0000] {subprocess.py:93} INFO - Sending log: {'timestamp': '2025-05-31 17:52:03', 'level': 'WARNING', 'message': 'High memory usage'}
[2025-05-31T17:52:05.472+0000] {subprocess.py:93} INFO - Sending log: {'timestamp': '2025-05-31 17:52:05', 'level': 'WARNING', 'message': 'High memory usage'}
[2025-05-31T17:52:07.473+0000] {subprocess.py:93} INFO - Sending log: {'timestamp': '2025-05-31 17:52:07', 'level': 'ERROR', 'message': 'Database connection failed'}
[2025-05-31T17:52:09.473+0000] {subprocess.py:93} INFO - Sending log: {'timestamp': '2025-05-31 17:52:09', 'level': 'ERROR', 'message': 'Payment gateway timeout'}
[2025-05-31T17:52:11.474+0000] {subprocess.py:93} INFO - Sending log: {'timestamp': '2025-05-31 17:52:11', 'level': 'ERROR', 'message': 'Database connection failed'}
[2025-05-31T17:52:13.474+0000] {subprocess.py:93} INFO - Sending log: {'timestamp': '2025-05-31 17:52:13', 'level': 'ERROR', 'message': 'Database connection failed'}
[2025-05-31T17:52:15.474+0000] {subprocess.py:93} INFO - Sending log: {'timestamp': '2025-05-31 17:52:15', 'level': 'WARNING', 'message': 'High memory usage'}
[2025-05-31T17:52:17.475+0000] {subprocess.py:93} INFO - Sending log: {'timestamp': '2025-05-31 17:52:17', 'level': 'INFO', 'message': 'User logged in'}
[2025-05-31T17:52:19.475+0000] {subprocess.py:93} INFO - Sending log: {'timestamp': '2025-05-31 17:52:19', 'level': 'ERROR', 'message': 'Payment gateway timeout'}
[2025-05-31T17:52:21.476+0000] {subprocess.py:93} INFO - Sending log: {'timestamp': '2025-05-31 17:52:21', 'level': 'INFO', 'message': 'Page loaded'}
[2025-05-31T17:52:23.476+0000] {subprocess.py:93} INFO - Sending log: {'timestamp': '2025-05-31 17:52:23', 'level': 'WARNING', 'message': 'High memory usage'}
[2025-05-31T17:52:25.477+0000] {subprocess.py:93} INFO - Sending log: {'timestamp': '2025-05-31 17:52:25', 'level': 'ERROR', 'message': 'Database connection failed'}
[2025-05-31T17:52:27.434+0000] {subprocess.py:93} INFO - Sending log: {'timestamp': '2025-05-31 17:52:27', 'level': 'WARNING', 'message': 'High memory usage'}
[2025-05-31T17:52:29.547+0000] {subprocess.py:93} INFO - Sending log: {'timestamp': '2025-05-31 17:52:29', 'level': 'ERROR', 'message': 'Payment gateway timeout'}
[2025-05-31T17:52:31.548+0000] {subprocess.py:93} INFO - Sending log: {'timestamp': '2025-05-31 17:52:31', 'level': 'WARNING', 'message': 'High memory usage'}
[2025-05-31T17:52:33.548+0000] {subprocess.py:93} INFO - Sending log: {'timestamp': '2025-05-31 17:52:33', 'level': 'INFO', 'message': 'User logged in'}
[2025-05-31T17:52:35.548+0000] {subprocess.py:93} INFO - Sending log: {'timestamp': '2025-05-31 17:52:35', 'level': 'INFO', 'message': 'Page loaded'}
[2025-05-31T17:52:37.549+0000] {subprocess.py:93} INFO - Sending log: {'timestamp': '2025-05-31 17:52:37', 'level': 'ERROR', 'message': 'Payment gateway timeout'}
[2025-05-31T17:52:39.550+0000] {subprocess.py:93} INFO - Sending log: {'timestamp': '2025-05-31 17:52:39', 'level': 'WARNING', 'message': 'High memory usage'}
[2025-05-31T17:52:41.550+0000] {subprocess.py:93} INFO - Sending log: {'timestamp': '2025-05-31 17:52:41', 'level': 'ERROR', 'message': 'Database connection failed'}
[2025-05-31T17:52:43.551+0000] {subprocess.py:93} INFO - Sending log: {'timestamp': '2025-05-31 17:52:43', 'level': 'INFO', 'message': 'Search executed'}
[2025-05-31T17:52:45.551+0000] {subprocess.py:93} INFO - Sending log: {'timestamp': '2025-05-31 17:52:45', 'level': 'ERROR', 'message': 'Payment gateway timeout'}
[2025-05-31T17:52:47.552+0000] {subprocess.py:93} INFO - Sending log: {'timestamp': '2025-05-31 17:52:47', 'level': 'ERROR', 'message': 'Database connection failed'}
[2025-05-31T17:52:49.553+0000] {subprocess.py:93} INFO - Sending log: {'timestamp': '2025-05-31 17:52:49', 'level': 'ERROR', 'message': 'Database connection failed'}
[2025-05-31T17:52:51.553+0000] {subprocess.py:93} INFO - Sending log: {'timestamp': '2025-05-31 17:52:51', 'level': 'WARNING', 'message': 'High memory usage'}
[2025-05-31T17:52:53.554+0000] {subprocess.py:93} INFO - Sending log: {'timestamp': '2025-05-31 17:52:53', 'level': 'ERROR', 'message': 'Database connection failed'}
[2025-05-31T17:52:54.388+0000] {local_task_job_runner.py:127} ERROR - Received SIGTERM. Terminating subprocesses
[2025-05-31T17:52:55.695+0000] {subprocess.py:93} INFO - Sending log: {'timestamp': '2025-05-31 17:52:55', 'level': 'WARNING', 'message': 'Slow response time'}
[2025-05-31T17:52:55.534+0000] {process_utils.py:132} INFO - Sending 15 to group 1096. PIDs of all processes in the group: [1098, 1096]
[2025-05-31T17:52:57.260+0000] {process_utils.py:87} INFO - Sending the signal 15 to group 1096
[2025-05-31T17:52:57.563+0000] {taskinstance.py:3092} ERROR - Received SIGTERM. Terminating subprocesses.
[2025-05-31T17:52:58.826+0000] {subprocess.py:104} INFO - Sending SIGTERM signal to process group
[2025-05-31T17:53:06.828+0000] {taskinstance.py:3310} ERROR - Task failed with exception
Traceback (most recent call last):
  File "/home/airflow/.local/lib/python3.12/site-packages/airflow/models/taskinstance.py", line 767, in _execute_task
    result = _execute_callable(context=context, **execute_callable_kwargs)
             ^^^^^^^^^^^^^^^^^^^^^^^^^^^^^^^^^^^^^^^^^^^^^^^^^^^^^^^^^^^^^
  File "/home/airflow/.local/lib/python3.12/site-packages/airflow/models/taskinstance.py", line 733, in _execute_callable
    return ExecutionCallableRunner(
           ^^^^^^^^^^^^^^^^^^^^^^^^
  File "/home/airflow/.local/lib/python3.12/site-packages/airflow/utils/operator_helpers.py", line 252, in run
    return self.func(*args, **kwargs)
           ^^^^^^^^^^^^^^^^^^^^^^^^^^
  File "/home/airflow/.local/lib/python3.12/site-packages/airflow/models/baseoperator.py", line 406, in wrapper
    return func(self, *args, **kwargs)
           ^^^^^^^^^^^^^^^^^^^^^^^^^^^
  File "/home/airflow/.local/lib/python3.12/site-packages/airflow/operators/bash.py", line 240, in execute
    result = self.subprocess_hook.run_command(
             ^^^^^^^^^^^^^^^^^^^^^^^^^^^^^^^^^
  File "/home/airflow/.local/lib/python3.12/site-packages/airflow/hooks/subprocess.py", line 91, in run_command
    for raw_line in iter(self.sub_process.stdout.readline, b""):
                    ^^^^^^^^^^^^^^^^^^^^^^^^^^^^^^^^^^^^^^^^^^^
  File "/home/airflow/.local/lib/python3.12/site-packages/airflow/models/taskinstance.py", line 3094, in signal_handler
    raise AirflowTaskTerminated("Task received SIGTERM signal")
airflow.exceptions.AirflowTaskTerminated: Task received SIGTERM signal
[2025-05-31T17:53:08.436+0000] {taskinstance.py:1225} INFO - Marking task as FAILED. dag_id=log_monitoring_dag, task_id=start_log_producer, run_id=scheduled__2025-05-31T16:45:00+00:00, execution_date=20250531T164500, start_date=20250531T172550, end_date=20250531T175307
