[2025-06-02T15:53:55.116+0000] {local_task_job_runner.py:123} INFO - ::group::Pre task execution logs
[2025-06-02T15:53:55.142+0000] {taskinstance.py:2612} INFO - Dependencies all met for dep_context=non-requeueable deps ti=<TaskInstance: log_monitoring_dag.run_alert_script manual__2025-06-02T15:37:47.618112+00:00 [queued]>
[2025-06-02T15:53:55.156+0000] {taskinstance.py:2612} INFO - Dependencies all met for dep_context=requeueable deps ti=<TaskInstance: log_monitoring_dag.run_alert_script manual__2025-06-02T15:37:47.618112+00:00 [queued]>
[2025-06-02T15:53:55.157+0000] {taskinstance.py:2865} INFO - Starting attempt 1 of 2
[2025-06-02T15:53:55.180+0000] {taskinstance.py:2888} INFO - Executing <Task(BashOperator): run_alert_script> on 2025-06-02 15:37:47.618112+00:00
[2025-06-02T15:53:55.195+0000] {logging_mixin.py:190} WARNING - /home/***/.local/lib/python3.12/site-packages/***/task/task_runner/standard_task_runner.py:70 DeprecationWarning: This process (pid=1676) is multi-threaded, use of fork() may lead to deadlocks in the child.
[2025-06-02T15:53:55.198+0000] {standard_task_runner.py:72} INFO - Started process 1680 to run task
[2025-06-02T15:53:55.195+0000] {standard_task_runner.py:104} INFO - Running: ['***', 'tasks', 'run', 'log_monitoring_dag', 'run_alert_script', 'manual__2025-06-02T15:37:47.618112+00:00', '--job-id', '120', '--raw', '--subdir', 'DAGS_FOLDER/log_monitoring_dag.py', '--cfg-path', '/tmp/tmp3_r_wzci']
[2025-06-02T15:53:55.200+0000] {standard_task_runner.py:105} INFO - Job 120: Subtask run_alert_script
[2025-06-02T15:53:55.221+0000] {logging_mixin.py:190} WARNING - /home/***/.local/lib/python3.12/site-packages/***/settings.py:209 DeprecationWarning: The sql_alchemy_conn option in [core] has been moved to the sql_alchemy_conn option in [database] - the old setting has been used, but please update your config.
[2025-06-02T15:53:55.265+0000] {task_command.py:467} INFO - Running <TaskInstance: log_monitoring_dag.run_alert_script manual__2025-06-02T15:37:47.618112+00:00 [running]> on host c47ce43ea693
[2025-06-02T15:53:55.420+0000] {taskinstance.py:3131} INFO - Exporting env vars: AIRFLOW_CTX_DAG_OWNER='***' AIRFLOW_CTX_DAG_ID='log_monitoring_dag' AIRFLOW_CTX_TASK_ID='run_alert_script' AIRFLOW_CTX_EXECUTION_DATE='2025-06-02T15:37:47.618112+00:00' AIRFLOW_CTX_TRY_NUMBER='1' AIRFLOW_CTX_DAG_RUN_ID='manual__2025-06-02T15:37:47.618112+00:00'
[2025-06-02T15:53:55.422+0000] {taskinstance.py:731} INFO - ::endgroup::
[2025-06-02T15:53:55.481+0000] {subprocess.py:63} INFO - Tmp dir root location: /tmp
[2025-06-02T15:53:55.484+0000] {subprocess.py:75} INFO - Running command: ['/usr/bin/bash', '-c', 'python /opt/***/app/error_alert.py']
[2025-06-02T15:53:55.496+0000] {subprocess.py:86} INFO - Output:
[2025-06-02T15:53:56.302+0000] {subprocess.py:93} INFO - OK: Only 0 error logs in the last 5 minutes.
[2025-06-02T15:53:56.307+0000] {subprocess.py:97} INFO - Command exited with return code 0
[2025-06-02T15:53:56.332+0000] {taskinstance.py:340} INFO - ::group::Post task execution logs
[2025-06-02T15:53:56.333+0000] {taskinstance.py:352} INFO - Marking task as SUCCESS. dag_id=log_monitoring_dag, task_id=run_alert_script, run_id=manual__2025-06-02T15:37:47.618112+00:00, execution_date=20250602T153747, start_date=20250602T155355, end_date=20250602T155356
[2025-06-02T15:53:56.380+0000] {local_task_job_runner.py:266} INFO - Task exited with return code 0
[2025-06-02T15:53:56.400+0000] {taskinstance.py:3900} INFO - 1 downstream tasks scheduled from follow-on schedule check
[2025-06-02T15:53:56.406+0000] {local_task_job_runner.py:245} INFO - ::endgroup::
