[2025-05-31T14:45:09.816+0000] {local_task_job_runner.py:123} INFO - ::group::Pre task execution logs
[2025-05-31T14:45:09.924+0000] {taskinstance.py:2612} INFO - Dependencies all met for dep_context=non-requeueable deps ti=<TaskInstance: log_monitoring_dag.start_log_producer scheduled__2025-05-28T06:10:00+00:00 [queued]>
[2025-05-31T14:45:09.981+0000] {taskinstance.py:2612} INFO - Dependencies all met for dep_context=requeueable deps ti=<TaskInstance: log_monitoring_dag.start_log_producer scheduled__2025-05-28T06:10:00+00:00 [queued]>
[2025-05-31T14:45:09.983+0000] {taskinstance.py:2865} INFO - Starting attempt 4 of 2
[2025-05-31T14:45:10.040+0000] {taskinstance.py:2888} INFO - Executing <Task(BashOperator): start_log_producer> on 2025-05-28 06:10:00+00:00
[2025-05-31T14:45:10.175+0000] {logging_mixin.py:190} WARNING - /home/***/.local/lib/python3.12/site-packages/***/task/task_runner/standard_task_runner.py:70 DeprecationWarning: This process (pid=222) is multi-threaded, use of fork() may lead to deadlocks in the child.
[2025-05-31T14:45:10.187+0000] {standard_task_runner.py:72} INFO - Started process 229 to run task
[2025-05-31T14:45:10.176+0000] {standard_task_runner.py:104} INFO - Running: ['***', 'tasks', 'run', 'log_monitoring_dag', 'start_log_producer', 'scheduled__2025-05-28T06:10:00+00:00', '--job-id', '182', '--raw', '--subdir', 'DAGS_FOLDER/log_monitoring_dag.py', '--cfg-path', '/tmp/tmp83rzxxub']
[2025-05-31T14:45:10.195+0000] {standard_task_runner.py:105} INFO - Job 182: Subtask start_log_producer
[2025-05-31T14:45:10.433+0000] {logging_mixin.py:190} WARNING - /home/***/.local/lib/python3.12/site-packages/***/settings.py:209 DeprecationWarning: The sql_alchemy_conn option in [core] has been moved to the sql_alchemy_conn option in [database] - the old setting has been used, but please update your config.
[2025-05-31T14:45:10.653+0000] {task_command.py:467} INFO - Running <TaskInstance: log_monitoring_dag.start_log_producer scheduled__2025-05-28T06:10:00+00:00 [running]> on host 1d31c4e9dbe9
[2025-05-31T14:45:10.659+0000] {logging_mixin.py:190} WARNING - /home/***/.local/lib/python3.12/site-packages/***/settings.py:470 DeprecationWarning: The sql_alchemy_conn option in [core] has been moved to the sql_alchemy_conn option in [database] - the old setting has been used, but please update your config.
[2025-05-31T14:45:11.020+0000] {taskinstance.py:3131} INFO - Exporting env vars: AIRFLOW_CTX_DAG_OWNER='***' AIRFLOW_CTX_DAG_ID='log_monitoring_dag' AIRFLOW_CTX_TASK_ID='start_log_producer' AIRFLOW_CTX_EXECUTION_DATE='2025-05-28T06:10:00+00:00' AIRFLOW_CTX_TRY_NUMBER='4' AIRFLOW_CTX_DAG_RUN_ID='scheduled__2025-05-28T06:10:00+00:00'
[2025-05-31T14:45:11.026+0000] {taskinstance.py:731} INFO - ::endgroup::
[2025-05-31T14:45:11.436+0000] {subprocess.py:63} INFO - Tmp dir root location: /tmp
[2025-05-31T14:45:11.480+0000] {subprocess.py:75} INFO - Running command: ['/usr/bin/bash', '-c', 'cd /opt/***/app && python -u log_producer.py']
[2025-05-31T14:45:11.533+0000] {subprocess.py:86} INFO - Output:
[2025-05-31T14:45:46.857+0000] {job.py:229} INFO - Heartbeat recovered after 38.58 seconds
[2025-05-31T14:46:01.020+0000] {job.py:229} INFO - Heartbeat recovered after 14.89 seconds
[2025-05-31T14:46:14.446+0000] {job.py:229} INFO - Heartbeat recovered after 13.51 seconds
[2025-05-31T14:46:25.153+0000] {job.py:229} INFO - Heartbeat recovered after 12.52 seconds
[2025-05-31T14:46:31.968+0000] {subprocess.py:93} INFO - Sending log: {'timestamp': '2025-05-31 14:46:31', 'level': 'ERROR', 'message': 'Database connection failed'}
[2025-05-31T14:46:34.604+0000] {subprocess.py:93} INFO - Sending log: {'timestamp': '2025-05-31 14:46:34', 'level': 'INFO', 'message': 'Search executed'}
[2025-05-31T14:46:36.604+0000] {subprocess.py:93} INFO - Sending log: {'timestamp': '2025-05-31 14:46:36', 'level': 'WARNING', 'message': 'Slow response time'}
[2025-05-31T14:46:38.605+0000] {subprocess.py:93} INFO - Sending log: {'timestamp': '2025-05-31 14:46:38', 'level': 'INFO', 'message': 'User logged in'}
[2025-05-31T14:46:40.606+0000] {subprocess.py:93} INFO - Sending log: {'timestamp': '2025-05-31 14:46:40', 'level': 'ERROR', 'message': 'Database connection failed'}
[2025-05-31T14:46:42.607+0000] {subprocess.py:93} INFO - Sending log: {'timestamp': '2025-05-31 14:46:42', 'level': 'ERROR', 'message': 'Database connection failed'}
[2025-05-31T14:46:44.607+0000] {subprocess.py:93} INFO - Sending log: {'timestamp': '2025-05-31 14:46:44', 'level': 'WARNING', 'message': 'Slow response time'}
[2025-05-31T14:46:46.656+0000] {subprocess.py:93} INFO - Sending log: {'timestamp': '2025-05-31 14:46:46', 'level': 'WARNING', 'message': 'High memory usage'}
[2025-05-31T14:46:48.656+0000] {subprocess.py:93} INFO - Sending log: {'timestamp': '2025-05-31 14:46:48', 'level': 'WARNING', 'message': 'High memory usage'}
[2025-05-31T14:46:50.656+0000] {subprocess.py:93} INFO - Sending log: {'timestamp': '2025-05-31 14:46:50', 'level': 'WARNING', 'message': 'High memory usage'}
[2025-05-31T14:46:52.909+0000] {subprocess.py:93} INFO - Sending log: {'timestamp': '2025-05-31 14:46:52', 'level': 'ERROR', 'message': 'Database connection failed'}
[2025-05-31T14:46:55.262+0000] {subprocess.py:93} INFO - Sending log: {'timestamp': '2025-05-31 14:46:55', 'level': 'ERROR', 'message': 'Database connection failed'}
[2025-05-31T14:46:57.263+0000] {subprocess.py:93} INFO - Sending log: {'timestamp': '2025-05-31 14:46:57', 'level': 'ERROR', 'message': 'Payment gateway timeout'}
[2025-05-31T14:46:59.263+0000] {subprocess.py:93} INFO - Sending log: {'timestamp': '2025-05-31 14:46:59', 'level': 'ERROR', 'message': 'Database connection failed'}
[2025-05-31T14:47:01.264+0000] {subprocess.py:93} INFO - Sending log: {'timestamp': '2025-05-31 14:47:01', 'level': 'INFO', 'message': 'Page loaded'}
[2025-05-31T14:47:03.264+0000] {subprocess.py:93} INFO - Sending log: {'timestamp': '2025-05-31 14:47:03', 'level': 'WARNING', 'message': 'High memory usage'}
[2025-05-31T14:47:05.265+0000] {subprocess.py:93} INFO - Sending log: {'timestamp': '2025-05-31 14:47:05', 'level': 'WARNING', 'message': 'Slow response time'}
[2025-05-31T14:47:07.265+0000] {subprocess.py:93} INFO - Sending log: {'timestamp': '2025-05-31 14:47:07', 'level': 'INFO', 'message': 'Page loaded'}
[2025-05-31T14:47:09.266+0000] {subprocess.py:93} INFO - Sending log: {'timestamp': '2025-05-31 14:47:09', 'level': 'ERROR', 'message': 'Database connection failed'}
[2025-05-31T14:47:11.266+0000] {subprocess.py:93} INFO - Sending log: {'timestamp': '2025-05-31 14:47:11', 'level': 'INFO', 'message': 'User logged in'}
[2025-05-31T14:47:13.267+0000] {subprocess.py:93} INFO - Sending log: {'timestamp': '2025-05-31 14:47:13', 'level': 'WARNING', 'message': 'High memory usage'}
[2025-05-31T14:47:15.545+0000] {subprocess.py:93} INFO - Sending log: {'timestamp': '2025-05-31 14:47:15', 'level': 'INFO', 'message': 'User logged in'}
[2025-05-31T14:47:17.658+0000] {subprocess.py:93} INFO - Sending log: {'timestamp': '2025-05-31 14:47:17', 'level': 'WARNING', 'message': 'Slow response time'}
[2025-05-31T14:47:19.658+0000] {subprocess.py:93} INFO - Sending log: {'timestamp': '2025-05-31 14:47:19', 'level': 'INFO', 'message': 'Page loaded'}
[2025-05-31T14:47:22.193+0000] {subprocess.py:93} INFO - Sending log: {'timestamp': '2025-05-31 14:47:22', 'level': 'WARNING', 'message': 'High memory usage'}
[2025-05-31T14:47:24.193+0000] {subprocess.py:93} INFO - Sending log: {'timestamp': '2025-05-31 14:47:24', 'level': 'ERROR', 'message': 'Database connection failed'}
[2025-05-31T14:47:26.184+0000] {subprocess.py:93} INFO - Sending log: {'timestamp': '2025-05-31 14:47:26', 'level': 'ERROR', 'message': 'Database connection failed'}
[2025-05-31T14:47:28.184+0000] {subprocess.py:93} INFO - Sending log: {'timestamp': '2025-05-31 14:47:28', 'level': 'WARNING', 'message': 'Slow response time'}
[2025-05-31T14:47:30.186+0000] {subprocess.py:93} INFO - Sending log: {'timestamp': '2025-05-31 14:47:30', 'level': 'ERROR', 'message': 'Database connection failed'}
[2025-05-31T14:47:32.187+0000] {subprocess.py:93} INFO - Sending log: {'timestamp': '2025-05-31 14:47:32', 'level': 'INFO', 'message': 'Search executed'}
[2025-05-31T14:47:34.220+0000] {subprocess.py:93} INFO - Sending log: {'timestamp': '2025-05-31 14:47:34', 'level': 'INFO', 'message': 'User logged in'}
[2025-05-31T14:47:36.220+0000] {subprocess.py:93} INFO - Sending log: {'timestamp': '2025-05-31 14:47:36', 'level': 'ERROR', 'message': 'Payment gateway timeout'}
[2025-05-31T14:47:38.222+0000] {subprocess.py:93} INFO - Sending log: {'timestamp': '2025-05-31 14:47:38', 'level': 'INFO', 'message': 'Search executed'}
[2025-05-31T14:47:40.223+0000] {subprocess.py:93} INFO - Sending log: {'timestamp': '2025-05-31 14:47:40', 'level': 'INFO', 'message': 'Page loaded'}
[2025-05-31T14:47:42.225+0000] {subprocess.py:93} INFO - Sending log: {'timestamp': '2025-05-31 14:47:42', 'level': 'ERROR', 'message': 'Payment gateway timeout'}
[2025-05-31T14:47:44.226+0000] {subprocess.py:93} INFO - Sending log: {'timestamp': '2025-05-31 14:47:44', 'level': 'WARNING', 'message': 'Slow response time'}
[2025-05-31T14:47:46.227+0000] {subprocess.py:93} INFO - Sending log: {'timestamp': '2025-05-31 14:47:46', 'level': 'ERROR', 'message': 'Database connection failed'}
[2025-05-31T14:47:48.227+0000] {subprocess.py:93} INFO - Sending log: {'timestamp': '2025-05-31 14:47:48', 'level': 'ERROR', 'message': 'Database connection failed'}
[2025-05-31T14:47:50.269+0000] {subprocess.py:93} INFO - Sending log: {'timestamp': '2025-05-31 14:47:50', 'level': 'INFO', 'message': 'Search executed'}
[2025-05-31T14:47:52.279+0000] {subprocess.py:93} INFO - Sending log: {'timestamp': '2025-05-31 14:47:52', 'level': 'INFO', 'message': 'Search executed'}
[2025-05-31T14:47:54.286+0000] {subprocess.py:93} INFO - Sending log: {'timestamp': '2025-05-31 14:47:54', 'level': 'ERROR', 'message': 'Database connection failed'}
[2025-05-31T14:47:56.314+0000] {subprocess.py:93} INFO - Sending log: {'timestamp': '2025-05-31 14:47:56', 'level': 'WARNING', 'message': 'High memory usage'}
[2025-05-31T14:47:58.314+0000] {subprocess.py:93} INFO - Sending log: {'timestamp': '2025-05-31 14:47:58', 'level': 'INFO', 'message': 'User logged in'}
[2025-05-31T14:48:00.315+0000] {subprocess.py:93} INFO - Sending log: {'timestamp': '2025-05-31 14:48:00', 'level': 'INFO', 'message': 'Page loaded'}
[2025-05-31T14:48:02.438+0000] {subprocess.py:93} INFO - Sending log: {'timestamp': '2025-05-31 14:48:02', 'level': 'ERROR', 'message': 'Database connection failed'}
[2025-05-31T14:48:04.609+0000] {subprocess.py:93} INFO - Sending log: {'timestamp': '2025-05-31 14:48:04', 'level': 'INFO', 'message': 'User logged in'}
[2025-05-31T14:48:06.797+0000] {subprocess.py:93} INFO - Sending log: {'timestamp': '2025-05-31 14:48:06', 'level': 'ERROR', 'message': 'Payment gateway timeout'}
[2025-05-31T14:48:08.856+0000] {subprocess.py:93} INFO - Sending log: {'timestamp': '2025-05-31 14:48:08', 'level': 'WARNING', 'message': 'High memory usage'}
[2025-05-31T14:48:10.856+0000] {subprocess.py:93} INFO - Sending log: {'timestamp': '2025-05-31 14:48:10', 'level': 'ERROR', 'message': 'Database connection failed'}
[2025-05-31T14:48:12.977+0000] {subprocess.py:93} INFO - Sending log: {'timestamp': '2025-05-31 14:48:12', 'level': 'INFO', 'message': 'User logged in'}
[2025-05-31T14:48:14.977+0000] {subprocess.py:93} INFO - Sending log: {'timestamp': '2025-05-31 14:48:14', 'level': 'INFO', 'message': 'Search executed'}
[2025-05-31T14:48:16.978+0000] {subprocess.py:93} INFO - Sending log: {'timestamp': '2025-05-31 14:48:16', 'level': 'ERROR', 'message': 'Database connection failed'}
[2025-05-31T14:48:18.978+0000] {subprocess.py:93} INFO - Sending log: {'timestamp': '2025-05-31 14:48:18', 'level': 'ERROR', 'message': 'Payment gateway timeout'}
[2025-05-31T14:48:20.978+0000] {subprocess.py:93} INFO - Sending log: {'timestamp': '2025-05-31 14:48:20', 'level': 'INFO', 'message': 'User logged in'}
[2025-05-31T14:48:22.979+0000] {subprocess.py:93} INFO - Sending log: {'timestamp': '2025-05-31 14:48:22', 'level': 'ERROR', 'message': 'Database connection failed'}
[2025-05-31T14:48:24.979+0000] {subprocess.py:93} INFO - Sending log: {'timestamp': '2025-05-31 14:48:24', 'level': 'WARNING', 'message': 'Slow response time'}
[2025-05-31T14:48:28.292+0000] {subprocess.py:93} INFO - Sending log: {'timestamp': '2025-05-31 14:48:26', 'level': 'WARNING', 'message': 'Slow response time'}
[2025-05-31T14:48:28.668+0000] {subprocess.py:93} INFO - Sending log: {'timestamp': '2025-05-31 14:48:28', 'level': 'WARNING', 'message': 'High memory usage'}
[2025-05-31T14:48:30.669+0000] {subprocess.py:93} INFO - Sending log: {'timestamp': '2025-05-31 14:48:30', 'level': 'INFO', 'message': 'User logged in'}
[2025-05-31T14:48:32.669+0000] {subprocess.py:93} INFO - Sending log: {'timestamp': '2025-05-31 14:48:32', 'level': 'INFO', 'message': 'Page loaded'}
[2025-05-31T14:48:34.967+0000] {subprocess.py:93} INFO - Sending log: {'timestamp': '2025-05-31 14:48:34', 'level': 'WARNING', 'message': 'Slow response time'}
[2025-05-31T14:48:36.967+0000] {subprocess.py:93} INFO - Sending log: {'timestamp': '2025-05-31 14:48:36', 'level': 'WARNING', 'message': 'High memory usage'}
[2025-05-31T14:48:38.968+0000] {subprocess.py:93} INFO - Sending log: {'timestamp': '2025-05-31 14:48:38', 'level': 'ERROR', 'message': 'Payment gateway timeout'}
[2025-05-31T14:48:41.302+0000] {subprocess.py:93} INFO - Sending log: {'timestamp': '2025-05-31 14:48:41', 'level': 'ERROR', 'message': 'Database connection failed'}
[2025-05-31T14:48:43.352+0000] {subprocess.py:93} INFO - Sending log: {'timestamp': '2025-05-31 14:48:43', 'level': 'INFO', 'message': 'Search executed'}
[2025-05-31T14:48:45.585+0000] {subprocess.py:93} INFO - Sending log: {'timestamp': '2025-05-31 14:48:45', 'level': 'INFO', 'message': 'Search executed'}
[2025-05-31T14:48:47.585+0000] {subprocess.py:93} INFO - Sending log: {'timestamp': '2025-05-31 14:48:47', 'level': 'WARNING', 'message': 'High memory usage'}
[2025-05-31T14:48:49.586+0000] {subprocess.py:93} INFO - Sending log: {'timestamp': '2025-05-31 14:48:49', 'level': 'INFO', 'message': 'Page loaded'}
[2025-05-31T14:48:51.587+0000] {subprocess.py:93} INFO - Sending log: {'timestamp': '2025-05-31 14:48:51', 'level': 'WARNING', 'message': 'Slow response time'}
[2025-05-31T14:48:53.587+0000] {subprocess.py:93} INFO - Sending log: {'timestamp': '2025-05-31 14:48:53', 'level': 'INFO', 'message': 'User logged in'}
[2025-05-31T14:48:55.587+0000] {subprocess.py:93} INFO - Sending log: {'timestamp': '2025-05-31 14:48:55', 'level': 'INFO', 'message': 'User logged in'}
[2025-05-31T14:48:57.528+0000] {subprocess.py:93} INFO - Sending log: {'timestamp': '2025-05-31 14:48:57', 'level': 'ERROR', 'message': 'Database connection failed'}
[2025-05-31T14:48:59.529+0000] {subprocess.py:93} INFO - Sending log: {'timestamp': '2025-05-31 14:48:59', 'level': 'INFO', 'message': 'Page loaded'}
[2025-05-31T14:49:01.529+0000] {subprocess.py:93} INFO - Sending log: {'timestamp': '2025-05-31 14:49:01', 'level': 'INFO', 'message': 'Page loaded'}
[2025-05-31T14:49:03.530+0000] {subprocess.py:93} INFO - Sending log: {'timestamp': '2025-05-31 14:49:03', 'level': 'ERROR', 'message': 'Database connection failed'}
[2025-05-31T14:49:05.530+0000] {subprocess.py:93} INFO - Sending log: {'timestamp': '2025-05-31 14:49:05', 'level': 'ERROR', 'message': 'Database connection failed'}
[2025-05-31T14:49:07.530+0000] {subprocess.py:93} INFO - Sending log: {'timestamp': '2025-05-31 14:49:07', 'level': 'ERROR', 'message': 'Database connection failed'}
[2025-05-31T14:49:09.531+0000] {subprocess.py:93} INFO - Sending log: {'timestamp': '2025-05-31 14:49:09', 'level': 'ERROR', 'message': 'Database connection failed'}
[2025-05-31T14:49:11.532+0000] {subprocess.py:93} INFO - Sending log: {'timestamp': '2025-05-31 14:49:11', 'level': 'INFO', 'message': 'User logged in'}
[2025-05-31T14:49:13.532+0000] {subprocess.py:93} INFO - Sending log: {'timestamp': '2025-05-31 14:49:13', 'level': 'ERROR', 'message': 'Database connection failed'}
[2025-05-31T14:49:15.533+0000] {subprocess.py:93} INFO - Sending log: {'timestamp': '2025-05-31 14:49:15', 'level': 'WARNING', 'message': 'Slow response time'}
[2025-05-31T14:49:17.533+0000] {subprocess.py:93} INFO - Sending log: {'timestamp': '2025-05-31 14:49:17', 'level': 'ERROR', 'message': 'Database connection failed'}
[2025-05-31T14:49:19.534+0000] {subprocess.py:93} INFO - Sending log: {'timestamp': '2025-05-31 14:49:19', 'level': 'INFO', 'message': 'Search executed'}
[2025-05-31T14:49:21.534+0000] {subprocess.py:93} INFO - Sending log: {'timestamp': '2025-05-31 14:49:21', 'level': 'WARNING', 'message': 'Slow response time'}
[2025-05-31T14:49:23.535+0000] {subprocess.py:93} INFO - Sending log: {'timestamp': '2025-05-31 14:49:23', 'level': 'INFO', 'message': 'Search executed'}
[2025-05-31T14:49:25.535+0000] {subprocess.py:93} INFO - Sending log: {'timestamp': '2025-05-31 14:49:25', 'level': 'ERROR', 'message': 'Payment gateway timeout'}
[2025-05-31T14:49:27.523+0000] {subprocess.py:93} INFO - Sending log: {'timestamp': '2025-05-31 14:49:27', 'level': 'INFO', 'message': 'Search executed'}
[2025-05-31T14:49:29.523+0000] {subprocess.py:93} INFO - Sending log: {'timestamp': '2025-05-31 14:49:29', 'level': 'INFO', 'message': 'Page loaded'}
[2025-05-31T14:49:31.524+0000] {subprocess.py:93} INFO - Sending log: {'timestamp': '2025-05-31 14:49:31', 'level': 'ERROR', 'message': 'Database connection failed'}
[2025-05-31T14:49:33.524+0000] {subprocess.py:93} INFO - Sending log: {'timestamp': '2025-05-31 14:49:33', 'level': 'ERROR', 'message': 'Database connection failed'}
[2025-05-31T14:49:35.525+0000] {subprocess.py:93} INFO - Sending log: {'timestamp': '2025-05-31 14:49:35', 'level': 'ERROR', 'message': 'Database connection failed'}
[2025-05-31T14:49:37.724+0000] {subprocess.py:93} INFO - Sending log: {'timestamp': '2025-05-31 14:49:37', 'level': 'INFO', 'message': 'Page loaded'}
[2025-05-31T14:49:39.724+0000] {subprocess.py:93} INFO - Sending log: {'timestamp': '2025-05-31 14:49:39', 'level': 'WARNING', 'message': 'Slow response time'}
[2025-05-31T14:49:41.725+0000] {subprocess.py:93} INFO - Sending log: {'timestamp': '2025-05-31 14:49:41', 'level': 'ERROR', 'message': 'Database connection failed'}
[2025-05-31T14:49:43.725+0000] {subprocess.py:93} INFO - Sending log: {'timestamp': '2025-05-31 14:49:43', 'level': 'INFO', 'message': 'User logged in'}
[2025-05-31T14:49:45.726+0000] {subprocess.py:93} INFO - Sending log: {'timestamp': '2025-05-31 14:49:45', 'level': 'WARNING', 'message': 'Slow response time'}
[2025-05-31T14:49:47.726+0000] {subprocess.py:93} INFO - Sending log: {'timestamp': '2025-05-31 14:49:47', 'level': 'WARNING', 'message': 'Slow response time'}
[2025-05-31T14:49:49.915+0000] {subprocess.py:93} INFO - Sending log: {'timestamp': '2025-05-31 14:49:49', 'level': 'ERROR', 'message': 'Payment gateway timeout'}
[2025-05-31T14:49:51.916+0000] {subprocess.py:93} INFO - Sending log: {'timestamp': '2025-05-31 14:49:51', 'level': 'INFO', 'message': 'User logged in'}
[2025-05-31T14:49:54.047+0000] {subprocess.py:93} INFO - Sending log: {'timestamp': '2025-05-31 14:49:54', 'level': 'ERROR', 'message': 'Payment gateway timeout'}
[2025-05-31T14:49:56.047+0000] {subprocess.py:93} INFO - Sending log: {'timestamp': '2025-05-31 14:49:56', 'level': 'WARNING', 'message': 'High memory usage'}
[2025-05-31T14:49:58.042+0000] {subprocess.py:93} INFO - Sending log: {'timestamp': '2025-05-31 14:49:58', 'level': 'ERROR', 'message': 'Payment gateway timeout'}
[2025-05-31T14:50:00.042+0000] {subprocess.py:93} INFO - Sending log: {'timestamp': '2025-05-31 14:50:00', 'level': 'ERROR', 'message': 'Database connection failed'}
[2025-05-31T14:50:02.043+0000] {subprocess.py:93} INFO - Sending log: {'timestamp': '2025-05-31 14:50:02', 'level': 'ERROR', 'message': 'Database connection failed'}
[2025-05-31T14:50:04.044+0000] {subprocess.py:93} INFO - Sending log: {'timestamp': '2025-05-31 14:50:04', 'level': 'ERROR', 'message': 'Database connection failed'}
[2025-05-31T14:50:06.161+0000] {subprocess.py:93} INFO - Sending log: {'timestamp': '2025-05-31 14:50:06', 'level': 'ERROR', 'message': 'Database connection failed'}
[2025-05-31T14:50:08.161+0000] {subprocess.py:93} INFO - Sending log: {'timestamp': '2025-05-31 14:50:08', 'level': 'ERROR', 'message': 'Database connection failed'}
[2025-05-31T14:50:10.231+0000] {subprocess.py:93} INFO - Sending log: {'timestamp': '2025-05-31 14:50:10', 'level': 'ERROR', 'message': 'Payment gateway timeout'}
[2025-05-31T14:50:12.231+0000] {subprocess.py:93} INFO - Sending log: {'timestamp': '2025-05-31 14:50:12', 'level': 'ERROR', 'message': 'Payment gateway timeout'}
[2025-05-31T14:50:14.232+0000] {subprocess.py:93} INFO - Sending log: {'timestamp': '2025-05-31 14:50:14', 'level': 'INFO', 'message': 'Page loaded'}
[2025-05-31T14:50:16.269+0000] {subprocess.py:93} INFO - Sending log: {'timestamp': '2025-05-31 14:50:16', 'level': 'WARNING', 'message': 'Slow response time'}
[2025-05-31T14:50:18.270+0000] {subprocess.py:93} INFO - Sending log: {'timestamp': '2025-05-31 14:50:18', 'level': 'WARNING', 'message': 'Slow response time'}
[2025-05-31T14:50:20.270+0000] {subprocess.py:93} INFO - Sending log: {'timestamp': '2025-05-31 14:50:20', 'level': 'INFO', 'message': 'Search executed'}
[2025-05-31T14:50:22.326+0000] {subprocess.py:93} INFO - Sending log: {'timestamp': '2025-05-31 14:50:22', 'level': 'WARNING', 'message': 'High memory usage'}
[2025-05-31T14:50:24.327+0000] {subprocess.py:93} INFO - Sending log: {'timestamp': '2025-05-31 14:50:24', 'level': 'ERROR', 'message': 'Payment gateway timeout'}
[2025-05-31T14:50:26.337+0000] {subprocess.py:93} INFO - Sending log: {'timestamp': '2025-05-31 14:50:26', 'level': 'ERROR', 'message': 'Payment gateway timeout'}
[2025-05-31T14:50:28.334+0000] {subprocess.py:93} INFO - Sending log: {'timestamp': '2025-05-31 14:50:28', 'level': 'INFO', 'message': 'Search executed'}
[2025-05-31T14:50:30.334+0000] {subprocess.py:93} INFO - Sending log: {'timestamp': '2025-05-31 14:50:30', 'level': 'INFO', 'message': 'Page loaded'}
[2025-05-31T14:50:32.335+0000] {subprocess.py:93} INFO - Sending log: {'timestamp': '2025-05-31 14:50:32', 'level': 'INFO', 'message': 'Search executed'}
[2025-05-31T14:50:34.335+0000] {subprocess.py:93} INFO - Sending log: {'timestamp': '2025-05-31 14:50:34', 'level': 'ERROR', 'message': 'Database connection failed'}
[2025-05-31T14:50:36.336+0000] {subprocess.py:93} INFO - Sending log: {'timestamp': '2025-05-31 14:50:36', 'level': 'WARNING', 'message': 'Slow response time'}
[2025-05-31T14:50:38.336+0000] {subprocess.py:93} INFO - Sending log: {'timestamp': '2025-05-31 14:50:38', 'level': 'INFO', 'message': 'User logged in'}
[2025-05-31T14:50:40.337+0000] {subprocess.py:93} INFO - Sending log: {'timestamp': '2025-05-31 14:50:40', 'level': 'INFO', 'message': 'Page loaded'}
[2025-05-31T14:50:42.337+0000] {subprocess.py:93} INFO - Sending log: {'timestamp': '2025-05-31 14:50:42', 'level': 'ERROR', 'message': 'Payment gateway timeout'}
[2025-05-31T14:50:44.338+0000] {subprocess.py:93} INFO - Sending log: {'timestamp': '2025-05-31 14:50:44', 'level': 'WARNING', 'message': 'Slow response time'}
[2025-05-31T14:50:46.338+0000] {subprocess.py:93} INFO - Sending log: {'timestamp': '2025-05-31 14:50:46', 'level': 'WARNING', 'message': 'High memory usage'}
[2025-05-31T14:50:48.339+0000] {subprocess.py:93} INFO - Sending log: {'timestamp': '2025-05-31 14:50:48', 'level': 'ERROR', 'message': 'Payment gateway timeout'}
[2025-05-31T14:50:50.339+0000] {subprocess.py:93} INFO - Sending log: {'timestamp': '2025-05-31 14:50:50', 'level': 'WARNING', 'message': 'High memory usage'}
[2025-05-31T14:50:52.340+0000] {subprocess.py:93} INFO - Sending log: {'timestamp': '2025-05-31 14:50:52', 'level': 'ERROR', 'message': 'Database connection failed'}
[2025-05-31T14:50:54.340+0000] {subprocess.py:93} INFO - Sending log: {'timestamp': '2025-05-31 14:50:54', 'level': 'ERROR', 'message': 'Database connection failed'}
[2025-05-31T14:50:56.341+0000] {subprocess.py:93} INFO - Sending log: {'timestamp': '2025-05-31 14:50:56', 'level': 'WARNING', 'message': 'Slow response time'}
[2025-05-31T14:50:58.141+0000] {subprocess.py:93} INFO - Sending log: {'timestamp': '2025-05-31 14:50:58', 'level': 'ERROR', 'message': 'Database connection failed'}
[2025-05-31T14:51:00.141+0000] {subprocess.py:93} INFO - Sending log: {'timestamp': '2025-05-31 14:51:00', 'level': 'INFO', 'message': 'User logged in'}
[2025-05-31T14:51:02.141+0000] {subprocess.py:93} INFO - Sending log: {'timestamp': '2025-05-31 14:51:02', 'level': 'INFO', 'message': 'Page loaded'}
[2025-05-31T14:51:04.142+0000] {subprocess.py:93} INFO - Sending log: {'timestamp': '2025-05-31 14:51:04', 'level': 'INFO', 'message': 'User logged in'}
[2025-05-31T14:51:06.143+0000] {subprocess.py:93} INFO - Sending log: {'timestamp': '2025-05-31 14:51:06', 'level': 'ERROR', 'message': 'Database connection failed'}
[2025-05-31T14:51:08.143+0000] {subprocess.py:93} INFO - Sending log: {'timestamp': '2025-05-31 14:51:08', 'level': 'WARNING', 'message': 'Slow response time'}
[2025-05-31T14:51:10.144+0000] {subprocess.py:93} INFO - Sending log: {'timestamp': '2025-05-31 14:51:10', 'level': 'ERROR', 'message': 'Payment gateway timeout'}
[2025-05-31T14:51:12.144+0000] {subprocess.py:93} INFO - Sending log: {'timestamp': '2025-05-31 14:51:12', 'level': 'ERROR', 'message': 'Payment gateway timeout'}
[2025-05-31T14:51:14.145+0000] {subprocess.py:93} INFO - Sending log: {'timestamp': '2025-05-31 14:51:14', 'level': 'INFO', 'message': 'User logged in'}
[2025-05-31T14:51:16.145+0000] {subprocess.py:93} INFO - Sending log: {'timestamp': '2025-05-31 14:51:16', 'level': 'ERROR', 'message': 'Database connection failed'}
[2025-05-31T14:51:18.146+0000] {subprocess.py:93} INFO - Sending log: {'timestamp': '2025-05-31 14:51:18', 'level': 'INFO', 'message': 'Search executed'}
[2025-05-31T14:51:20.146+0000] {subprocess.py:93} INFO - Sending log: {'timestamp': '2025-05-31 14:51:20', 'level': 'ERROR', 'message': 'Payment gateway timeout'}
[2025-05-31T14:51:22.147+0000] {subprocess.py:93} INFO - Sending log: {'timestamp': '2025-05-31 14:51:22', 'level': 'WARNING', 'message': 'Slow response time'}
[2025-05-31T14:51:24.147+0000] {subprocess.py:93} INFO - Sending log: {'timestamp': '2025-05-31 14:51:24', 'level': 'WARNING', 'message': 'Slow response time'}
[2025-05-31T14:51:26.148+0000] {subprocess.py:93} INFO - Sending log: {'timestamp': '2025-05-31 14:51:26', 'level': 'WARNING', 'message': 'High memory usage'}
[2025-05-31T14:51:28.113+0000] {subprocess.py:93} INFO - Sending log: {'timestamp': '2025-05-31 14:51:28', 'level': 'INFO', 'message': 'Page loaded'}
[2025-05-31T14:51:30.114+0000] {subprocess.py:93} INFO - Sending log: {'timestamp': '2025-05-31 14:51:30', 'level': 'INFO', 'message': 'User logged in'}
[2025-05-31T14:51:32.114+0000] {subprocess.py:93} INFO - Sending log: {'timestamp': '2025-05-31 14:51:32', 'level': 'INFO', 'message': 'User logged in'}
[2025-05-31T14:51:34.115+0000] {subprocess.py:93} INFO - Sending log: {'timestamp': '2025-05-31 14:51:34', 'level': 'WARNING', 'message': 'High memory usage'}
[2025-05-31T14:51:36.115+0000] {subprocess.py:93} INFO - Sending log: {'timestamp': '2025-05-31 14:51:36', 'level': 'WARNING', 'message': 'High memory usage'}
[2025-05-31T14:51:38.116+0000] {subprocess.py:93} INFO - Sending log: {'timestamp': '2025-05-31 14:51:38', 'level': 'INFO', 'message': 'User logged in'}
[2025-05-31T14:51:40.116+0000] {subprocess.py:93} INFO - Sending log: {'timestamp': '2025-05-31 14:51:40', 'level': 'INFO', 'message': 'User logged in'}
[2025-05-31T14:51:42.117+0000] {subprocess.py:93} INFO - Sending log: {'timestamp': '2025-05-31 14:51:42', 'level': 'ERROR', 'message': 'Payment gateway timeout'}
[2025-05-31T14:51:44.118+0000] {subprocess.py:93} INFO - Sending log: {'timestamp': '2025-05-31 14:51:44', 'level': 'INFO', 'message': 'User logged in'}
[2025-05-31T14:51:46.118+0000] {subprocess.py:93} INFO - Sending log: {'timestamp': '2025-05-31 14:51:46', 'level': 'INFO', 'message': 'Search executed'}
[2025-05-31T14:51:48.118+0000] {subprocess.py:93} INFO - Sending log: {'timestamp': '2025-05-31 14:51:48', 'level': 'WARNING', 'message': 'Slow response time'}
[2025-05-31T14:51:50.119+0000] {subprocess.py:93} INFO - Sending log: {'timestamp': '2025-05-31 14:51:50', 'level': 'ERROR', 'message': 'Database connection failed'}
[2025-05-31T14:51:52.119+0000] {subprocess.py:93} INFO - Sending log: {'timestamp': '2025-05-31 14:51:52', 'level': 'WARNING', 'message': 'High memory usage'}
[2025-05-31T14:51:54.120+0000] {subprocess.py:93} INFO - Sending log: {'timestamp': '2025-05-31 14:51:54', 'level': 'WARNING', 'message': 'Slow response time'}
[2025-05-31T14:51:56.120+0000] {subprocess.py:93} INFO - Sending log: {'timestamp': '2025-05-31 14:51:56', 'level': 'WARNING', 'message': 'High memory usage'}
[2025-05-31T14:51:58.113+0000] {subprocess.py:93} INFO - Sending log: {'timestamp': '2025-05-31 14:51:58', 'level': 'ERROR', 'message': 'Payment gateway timeout'}
[2025-05-31T14:52:00.113+0000] {subprocess.py:93} INFO - Sending log: {'timestamp': '2025-05-31 14:52:00', 'level': 'INFO', 'message': 'Search executed'}
[2025-05-31T14:52:02.114+0000] {subprocess.py:93} INFO - Sending log: {'timestamp': '2025-05-31 14:52:02', 'level': 'INFO', 'message': 'User logged in'}
[2025-05-31T14:52:04.137+0000] {subprocess.py:93} INFO - Sending log: {'timestamp': '2025-05-31 14:52:04', 'level': 'ERROR', 'message': 'Database connection failed'}
[2025-05-31T14:52:06.138+0000] {subprocess.py:93} INFO - Sending log: {'timestamp': '2025-05-31 14:52:06', 'level': 'WARNING', 'message': 'High memory usage'}
[2025-05-31T14:52:08.138+0000] {subprocess.py:93} INFO - Sending log: {'timestamp': '2025-05-31 14:52:08', 'level': 'INFO', 'message': 'Page loaded'}
[2025-05-31T14:52:10.139+0000] {subprocess.py:93} INFO - Sending log: {'timestamp': '2025-05-31 14:52:10', 'level': 'WARNING', 'message': 'High memory usage'}
[2025-05-31T14:52:12.139+0000] {subprocess.py:93} INFO - Sending log: {'timestamp': '2025-05-31 14:52:12', 'level': 'ERROR', 'message': 'Payment gateway timeout'}
[2025-05-31T14:52:14.140+0000] {subprocess.py:93} INFO - Sending log: {'timestamp': '2025-05-31 14:52:14', 'level': 'ERROR', 'message': 'Payment gateway timeout'}
[2025-05-31T14:52:16.140+0000] {subprocess.py:93} INFO - Sending log: {'timestamp': '2025-05-31 14:52:16', 'level': 'ERROR', 'message': 'Database connection failed'}
[2025-05-31T14:52:18.141+0000] {subprocess.py:93} INFO - Sending log: {'timestamp': '2025-05-31 14:52:18', 'level': 'WARNING', 'message': 'Slow response time'}
[2025-05-31T14:52:20.141+0000] {subprocess.py:93} INFO - Sending log: {'timestamp': '2025-05-31 14:52:20', 'level': 'ERROR', 'message': 'Payment gateway timeout'}
[2025-05-31T14:52:22.142+0000] {subprocess.py:93} INFO - Sending log: {'timestamp': '2025-05-31 14:52:22', 'level': 'INFO', 'message': 'Page loaded'}
[2025-05-31T14:52:24.143+0000] {subprocess.py:93} INFO - Sending log: {'timestamp': '2025-05-31 14:52:24', 'level': 'WARNING', 'message': 'Slow response time'}
[2025-05-31T14:52:26.144+0000] {subprocess.py:93} INFO - Sending log: {'timestamp': '2025-05-31 14:52:26', 'level': 'ERROR', 'message': 'Payment gateway timeout'}
[2025-05-31T14:52:28.139+0000] {subprocess.py:93} INFO - Sending log: {'timestamp': '2025-05-31 14:52:28', 'level': 'WARNING', 'message': 'Slow response time'}
[2025-05-31T14:52:30.140+0000] {subprocess.py:93} INFO - Sending log: {'timestamp': '2025-05-31 14:52:30', 'level': 'ERROR', 'message': 'Payment gateway timeout'}
[2025-05-31T14:52:32.140+0000] {subprocess.py:93} INFO - Sending log: {'timestamp': '2025-05-31 14:52:32', 'level': 'INFO', 'message': 'Search executed'}
[2025-05-31T14:52:34.205+0000] {subprocess.py:93} INFO - Sending log: {'timestamp': '2025-05-31 14:52:34', 'level': 'WARNING', 'message': 'Slow response time'}
[2025-05-31T14:52:36.205+0000] {subprocess.py:93} INFO - Sending log: {'timestamp': '2025-05-31 14:52:36', 'level': 'ERROR', 'message': 'Payment gateway timeout'}
[2025-05-31T14:52:38.206+0000] {subprocess.py:93} INFO - Sending log: {'timestamp': '2025-05-31 14:52:38', 'level': 'ERROR', 'message': 'Database connection failed'}
[2025-05-31T14:52:40.206+0000] {subprocess.py:93} INFO - Sending log: {'timestamp': '2025-05-31 14:52:40', 'level': 'ERROR', 'message': 'Payment gateway timeout'}
[2025-05-31T14:52:42.207+0000] {subprocess.py:93} INFO - Sending log: {'timestamp': '2025-05-31 14:52:42', 'level': 'ERROR', 'message': 'Payment gateway timeout'}
[2025-05-31T14:52:44.207+0000] {subprocess.py:93} INFO - Sending log: {'timestamp': '2025-05-31 14:52:44', 'level': 'INFO', 'message': 'Search executed'}
[2025-05-31T14:52:46.208+0000] {subprocess.py:93} INFO - Sending log: {'timestamp': '2025-05-31 14:52:46', 'level': 'ERROR', 'message': 'Payment gateway timeout'}
[2025-05-31T14:52:48.208+0000] {subprocess.py:93} INFO - Sending log: {'timestamp': '2025-05-31 14:52:48', 'level': 'WARNING', 'message': 'High memory usage'}
[2025-05-31T14:52:50.208+0000] {subprocess.py:93} INFO - Sending log: {'timestamp': '2025-05-31 14:52:50', 'level': 'WARNING', 'message': 'High memory usage'}
[2025-05-31T14:52:52.209+0000] {subprocess.py:93} INFO - Sending log: {'timestamp': '2025-05-31 14:52:52', 'level': 'WARNING', 'message': 'Slow response time'}
[2025-05-31T14:52:54.209+0000] {subprocess.py:93} INFO - Sending log: {'timestamp': '2025-05-31 14:52:54', 'level': 'INFO', 'message': 'Page loaded'}
[2025-05-31T14:52:56.210+0000] {subprocess.py:93} INFO - Sending log: {'timestamp': '2025-05-31 14:52:56', 'level': 'WARNING', 'message': 'High memory usage'}
[2025-05-31T14:52:58.207+0000] {subprocess.py:93} INFO - Sending log: {'timestamp': '2025-05-31 14:52:58', 'level': 'WARNING', 'message': 'Slow response time'}
[2025-05-31T14:53:00.208+0000] {subprocess.py:93} INFO - Sending log: {'timestamp': '2025-05-31 14:53:00', 'level': 'ERROR', 'message': 'Database connection failed'}
[2025-05-31T14:53:02.208+0000] {subprocess.py:93} INFO - Sending log: {'timestamp': '2025-05-31 14:53:02', 'level': 'INFO', 'message': 'Search executed'}
[2025-05-31T14:53:04.209+0000] {subprocess.py:93} INFO - Sending log: {'timestamp': '2025-05-31 14:53:04', 'level': 'ERROR', 'message': 'Database connection failed'}
[2025-05-31T14:53:06.209+0000] {subprocess.py:93} INFO - Sending log: {'timestamp': '2025-05-31 14:53:06', 'level': 'INFO', 'message': 'User logged in'}
[2025-05-31T14:53:08.210+0000] {subprocess.py:93} INFO - Sending log: {'timestamp': '2025-05-31 14:53:08', 'level': 'INFO', 'message': 'User logged in'}
[2025-05-31T14:53:10.210+0000] {subprocess.py:93} INFO - Sending log: {'timestamp': '2025-05-31 14:53:10', 'level': 'ERROR', 'message': 'Payment gateway timeout'}
[2025-05-31T14:53:12.262+0000] {subprocess.py:93} INFO - Sending log: {'timestamp': '2025-05-31 14:53:12', 'level': 'WARNING', 'message': 'Slow response time'}
[2025-05-31T14:53:14.263+0000] {subprocess.py:93} INFO - Sending log: {'timestamp': '2025-05-31 14:53:14', 'level': 'WARNING', 'message': 'High memory usage'}
[2025-05-31T14:53:16.263+0000] {subprocess.py:93} INFO - Sending log: {'timestamp': '2025-05-31 14:53:16', 'level': 'INFO', 'message': 'Search executed'}
[2025-05-31T14:53:18.264+0000] {subprocess.py:93} INFO - Sending log: {'timestamp': '2025-05-31 14:53:18', 'level': 'ERROR', 'message': 'Payment gateway timeout'}
[2025-05-31T14:53:20.265+0000] {subprocess.py:93} INFO - Sending log: {'timestamp': '2025-05-31 14:53:20', 'level': 'ERROR', 'message': 'Payment gateway timeout'}
[2025-05-31T14:53:22.265+0000] {subprocess.py:93} INFO - Sending log: {'timestamp': '2025-05-31 14:53:22', 'level': 'WARNING', 'message': 'High memory usage'}
[2025-05-31T14:53:24.266+0000] {subprocess.py:93} INFO - Sending log: {'timestamp': '2025-05-31 14:53:24', 'level': 'WARNING', 'message': 'High memory usage'}
[2025-05-31T14:53:26.266+0000] {subprocess.py:93} INFO - Sending log: {'timestamp': '2025-05-31 14:53:26', 'level': 'ERROR', 'message': 'Database connection failed'}
[2025-05-31T14:53:28.264+0000] {subprocess.py:93} INFO - Sending log: {'timestamp': '2025-05-31 14:53:28', 'level': 'WARNING', 'message': 'High memory usage'}
[2025-05-31T14:53:30.265+0000] {subprocess.py:93} INFO - Sending log: {'timestamp': '2025-05-31 14:53:30', 'level': 'WARNING', 'message': 'Slow response time'}
[2025-05-31T14:53:32.265+0000] {subprocess.py:93} INFO - Sending log: {'timestamp': '2025-05-31 14:53:32', 'level': 'ERROR', 'message': 'Database connection failed'}
[2025-05-31T14:53:34.266+0000] {subprocess.py:93} INFO - Sending log: {'timestamp': '2025-05-31 14:53:34', 'level': 'INFO', 'message': 'Search executed'}
[2025-05-31T14:53:36.266+0000] {subprocess.py:93} INFO - Sending log: {'timestamp': '2025-05-31 14:53:36', 'level': 'ERROR', 'message': 'Database connection failed'}
[2025-05-31T14:53:38.266+0000] {subprocess.py:93} INFO - Sending log: {'timestamp': '2025-05-31 14:53:38', 'level': 'WARNING', 'message': 'Slow response time'}
[2025-05-31T14:53:40.267+0000] {subprocess.py:93} INFO - Sending log: {'timestamp': '2025-05-31 14:53:40', 'level': 'INFO', 'message': 'User logged in'}
[2025-05-31T14:53:42.267+0000] {subprocess.py:93} INFO - Sending log: {'timestamp': '2025-05-31 14:53:42', 'level': 'INFO', 'message': 'Page loaded'}
[2025-05-31T14:53:44.267+0000] {subprocess.py:93} INFO - Sending log: {'timestamp': '2025-05-31 14:53:44', 'level': 'WARNING', 'message': 'High memory usage'}
[2025-05-31T14:53:46.268+0000] {subprocess.py:93} INFO - Sending log: {'timestamp': '2025-05-31 14:53:46', 'level': 'INFO', 'message': 'Page loaded'}
[2025-05-31T14:53:48.268+0000] {subprocess.py:93} INFO - Sending log: {'timestamp': '2025-05-31 14:53:48', 'level': 'INFO', 'message': 'Search executed'}
[2025-05-31T14:53:50.269+0000] {subprocess.py:93} INFO - Sending log: {'timestamp': '2025-05-31 14:53:50', 'level': 'ERROR', 'message': 'Payment gateway timeout'}
[2025-05-31T14:53:52.269+0000] {subprocess.py:93} INFO - Sending log: {'timestamp': '2025-05-31 14:53:52', 'level': 'INFO', 'message': 'Page loaded'}
[2025-05-31T14:53:54.269+0000] {subprocess.py:93} INFO - Sending log: {'timestamp': '2025-05-31 14:53:54', 'level': 'WARNING', 'message': 'High memory usage'}
[2025-05-31T14:53:56.270+0000] {subprocess.py:93} INFO - Sending log: {'timestamp': '2025-05-31 14:53:56', 'level': 'ERROR', 'message': 'Database connection failed'}
[2025-05-31T14:53:58.268+0000] {subprocess.py:93} INFO - Sending log: {'timestamp': '2025-05-31 14:53:58', 'level': 'ERROR', 'message': 'Database connection failed'}
[2025-05-31T14:54:00.269+0000] {subprocess.py:93} INFO - Sending log: {'timestamp': '2025-05-31 14:54:00', 'level': 'ERROR', 'message': 'Database connection failed'}
[2025-05-31T14:54:02.269+0000] {subprocess.py:93} INFO - Sending log: {'timestamp': '2025-05-31 14:54:02', 'level': 'WARNING', 'message': 'High memory usage'}
[2025-05-31T14:54:04.269+0000] {subprocess.py:93} INFO - Sending log: {'timestamp': '2025-05-31 14:54:04', 'level': 'INFO', 'message': 'User logged in'}
[2025-05-31T14:54:06.270+0000] {subprocess.py:93} INFO - Sending log: {'timestamp': '2025-05-31 14:54:06', 'level': 'INFO', 'message': 'User logged in'}
[2025-05-31T14:54:08.270+0000] {subprocess.py:93} INFO - Sending log: {'timestamp': '2025-05-31 14:54:08', 'level': 'WARNING', 'message': 'Slow response time'}
[2025-05-31T14:54:10.271+0000] {subprocess.py:93} INFO - Sending log: {'timestamp': '2025-05-31 14:54:10', 'level': 'WARNING', 'message': 'Slow response time'}
[2025-05-31T14:54:12.271+0000] {subprocess.py:93} INFO - Sending log: {'timestamp': '2025-05-31 14:54:12', 'level': 'WARNING', 'message': 'High memory usage'}
[2025-05-31T14:54:14.272+0000] {subprocess.py:93} INFO - Sending log: {'timestamp': '2025-05-31 14:54:14', 'level': 'INFO', 'message': 'User logged in'}
[2025-05-31T14:54:16.272+0000] {subprocess.py:93} INFO - Sending log: {'timestamp': '2025-05-31 14:54:16', 'level': 'WARNING', 'message': 'Slow response time'}
[2025-05-31T14:54:18.273+0000] {subprocess.py:93} INFO - Sending log: {'timestamp': '2025-05-31 14:54:18', 'level': 'INFO', 'message': 'Page loaded'}
[2025-05-31T14:54:20.273+0000] {subprocess.py:93} INFO - Sending log: {'timestamp': '2025-05-31 14:54:20', 'level': 'ERROR', 'message': 'Database connection failed'}
[2025-05-31T14:54:22.273+0000] {subprocess.py:93} INFO - Sending log: {'timestamp': '2025-05-31 14:54:22', 'level': 'INFO', 'message': 'Page loaded'}
[2025-05-31T14:54:24.274+0000] {subprocess.py:93} INFO - Sending log: {'timestamp': '2025-05-31 14:54:24', 'level': 'WARNING', 'message': 'Slow response time'}
[2025-05-31T14:54:26.274+0000] {subprocess.py:93} INFO - Sending log: {'timestamp': '2025-05-31 14:54:26', 'level': 'INFO', 'message': 'User logged in'}
[2025-05-31T14:54:28.273+0000] {subprocess.py:93} INFO - Sending log: {'timestamp': '2025-05-31 14:54:28', 'level': 'ERROR', 'message': 'Payment gateway timeout'}
[2025-05-31T14:54:30.273+0000] {subprocess.py:93} INFO - Sending log: {'timestamp': '2025-05-31 14:54:30', 'level': 'ERROR', 'message': 'Payment gateway timeout'}
[2025-05-31T14:54:32.274+0000] {subprocess.py:93} INFO - Sending log: {'timestamp': '2025-05-31 14:54:32', 'level': 'ERROR', 'message': 'Database connection failed'}
[2025-05-31T14:54:34.275+0000] {subprocess.py:93} INFO - Sending log: {'timestamp': '2025-05-31 14:54:34', 'level': 'WARNING', 'message': 'Slow response time'}
[2025-05-31T14:54:36.275+0000] {subprocess.py:93} INFO - Sending log: {'timestamp': '2025-05-31 14:54:36', 'level': 'INFO', 'message': 'Page loaded'}
[2025-05-31T14:54:38.276+0000] {subprocess.py:93} INFO - Sending log: {'timestamp': '2025-05-31 14:54:38', 'level': 'INFO', 'message': 'Page loaded'}
[2025-05-31T14:54:40.276+0000] {subprocess.py:93} INFO - Sending log: {'timestamp': '2025-05-31 14:54:40', 'level': 'INFO', 'message': 'User logged in'}
[2025-05-31T14:54:42.276+0000] {subprocess.py:93} INFO - Sending log: {'timestamp': '2025-05-31 14:54:42', 'level': 'WARNING', 'message': 'High memory usage'}
[2025-05-31T14:54:44.277+0000] {subprocess.py:93} INFO - Sending log: {'timestamp': '2025-05-31 14:54:44', 'level': 'INFO', 'message': 'User logged in'}
[2025-05-31T14:54:46.277+0000] {subprocess.py:93} INFO - Sending log: {'timestamp': '2025-05-31 14:54:46', 'level': 'ERROR', 'message': 'Database connection failed'}
[2025-05-31T14:54:48.278+0000] {subprocess.py:93} INFO - Sending log: {'timestamp': '2025-05-31 14:54:48', 'level': 'INFO', 'message': 'Page loaded'}
[2025-05-31T14:54:50.278+0000] {subprocess.py:93} INFO - Sending log: {'timestamp': '2025-05-31 14:54:50', 'level': 'INFO', 'message': 'User logged in'}
[2025-05-31T14:54:52.279+0000] {subprocess.py:93} INFO - Sending log: {'timestamp': '2025-05-31 14:54:52', 'level': 'ERROR', 'message': 'Database connection failed'}
[2025-05-31T14:54:54.279+0000] {subprocess.py:93} INFO - Sending log: {'timestamp': '2025-05-31 14:54:54', 'level': 'INFO', 'message': 'Page loaded'}
[2025-05-31T14:54:56.280+0000] {subprocess.py:93} INFO - Sending log: {'timestamp': '2025-05-31 14:54:56', 'level': 'WARNING', 'message': 'Slow response time'}
[2025-05-31T14:54:58.278+0000] {subprocess.py:93} INFO - Sending log: {'timestamp': '2025-05-31 14:54:58', 'level': 'ERROR', 'message': 'Database connection failed'}
[2025-05-31T14:55:00.279+0000] {subprocess.py:93} INFO - Sending log: {'timestamp': '2025-05-31 14:55:00', 'level': 'WARNING', 'message': 'High memory usage'}
[2025-05-31T14:55:02.280+0000] {subprocess.py:93} INFO - Sending log: {'timestamp': '2025-05-31 14:55:02', 'level': 'ERROR', 'message': 'Payment gateway timeout'}
[2025-05-31T14:55:04.280+0000] {subprocess.py:93} INFO - Sending log: {'timestamp': '2025-05-31 14:55:04', 'level': 'ERROR', 'message': 'Database connection failed'}
[2025-05-31T14:55:06.280+0000] {subprocess.py:93} INFO - Sending log: {'timestamp': '2025-05-31 14:55:06', 'level': 'INFO', 'message': 'Search executed'}
[2025-05-31T14:55:08.281+0000] {subprocess.py:93} INFO - Sending log: {'timestamp': '2025-05-31 14:55:08', 'level': 'ERROR', 'message': 'Payment gateway timeout'}
[2025-05-31T14:55:10.281+0000] {subprocess.py:93} INFO - Sending log: {'timestamp': '2025-05-31 14:55:10', 'level': 'INFO', 'message': 'User logged in'}
[2025-05-31T14:55:12.312+0000] {subprocess.py:93} INFO - Sending log: {'timestamp': '2025-05-31 14:55:12', 'level': 'ERROR', 'message': 'Payment gateway timeout'}
[2025-05-31T14:55:14.312+0000] {subprocess.py:93} INFO - Sending log: {'timestamp': '2025-05-31 14:55:14', 'level': 'INFO', 'message': 'Search executed'}
[2025-05-31T14:55:16.313+0000] {subprocess.py:93} INFO - Sending log: {'timestamp': '2025-05-31 14:55:16', 'level': 'WARNING', 'message': 'High memory usage'}
[2025-05-31T14:55:18.409+0000] {subprocess.py:93} INFO - Sending log: {'timestamp': '2025-05-31 14:55:18', 'level': 'INFO', 'message': 'Page loaded'}
[2025-05-31T14:55:20.410+0000] {subprocess.py:93} INFO - Sending log: {'timestamp': '2025-05-31 14:55:20', 'level': 'ERROR', 'message': 'Database connection failed'}
[2025-05-31T14:55:22.411+0000] {subprocess.py:93} INFO - Sending log: {'timestamp': '2025-05-31 14:55:22', 'level': 'INFO', 'message': 'Page loaded'}
[2025-05-31T14:55:24.479+0000] {subprocess.py:93} INFO - Sending log: {'timestamp': '2025-05-31 14:55:24', 'level': 'WARNING', 'message': 'Slow response time'}
[2025-05-31T14:55:26.480+0000] {subprocess.py:93} INFO - Sending log: {'timestamp': '2025-05-31 14:55:26', 'level': 'WARNING', 'message': 'Slow response time'}
[2025-05-31T14:55:28.479+0000] {subprocess.py:93} INFO - Sending log: {'timestamp': '2025-05-31 14:55:28', 'level': 'INFO', 'message': 'User logged in'}
[2025-05-31T14:55:30.480+0000] {subprocess.py:93} INFO - Sending log: {'timestamp': '2025-05-31 14:55:30', 'level': 'WARNING', 'message': 'High memory usage'}
[2025-05-31T14:55:32.480+0000] {subprocess.py:93} INFO - Sending log: {'timestamp': '2025-05-31 14:55:32', 'level': 'INFO', 'message': 'Search executed'}
[2025-05-31T14:55:34.542+0000] {subprocess.py:93} INFO - Sending log: {'timestamp': '2025-05-31 14:55:34', 'level': 'WARNING', 'message': 'Slow response time'}
[2025-05-31T14:55:36.542+0000] {subprocess.py:93} INFO - Sending log: {'timestamp': '2025-05-31 14:55:36', 'level': 'INFO', 'message': 'Search executed'}
[2025-05-31T14:55:38.543+0000] {subprocess.py:93} INFO - Sending log: {'timestamp': '2025-05-31 14:55:38', 'level': 'WARNING', 'message': 'High memory usage'}
[2025-05-31T14:55:40.556+0000] {subprocess.py:93} INFO - Sending log: {'timestamp': '2025-05-31 14:55:40', 'level': 'WARNING', 'message': 'Slow response time'}
[2025-05-31T14:55:42.622+0000] {subprocess.py:93} INFO - Sending log: {'timestamp': '2025-05-31 14:55:42', 'level': 'INFO', 'message': 'Search executed'}
[2025-05-31T14:55:44.623+0000] {subprocess.py:93} INFO - Sending log: {'timestamp': '2025-05-31 14:55:44', 'level': 'ERROR', 'message': 'Payment gateway timeout'}
[2025-05-31T14:55:46.675+0000] {subprocess.py:93} INFO - Sending log: {'timestamp': '2025-05-31 14:55:46', 'level': 'ERROR', 'message': 'Database connection failed'}
[2025-05-31T14:55:48.676+0000] {subprocess.py:93} INFO - Sending log: {'timestamp': '2025-05-31 14:55:48', 'level': 'WARNING', 'message': 'Slow response time'}
[2025-05-31T14:55:50.833+0000] {subprocess.py:93} INFO - Sending log: {'timestamp': '2025-05-31 14:55:50', 'level': 'ERROR', 'message': 'Payment gateway timeout'}
[2025-05-31T14:55:52.834+0000] {subprocess.py:93} INFO - Sending log: {'timestamp': '2025-05-31 14:55:52', 'level': 'WARNING', 'message': 'Slow response time'}
[2025-05-31T14:55:54.835+0000] {subprocess.py:93} INFO - Sending log: {'timestamp': '2025-05-31 14:55:54', 'level': 'WARNING', 'message': 'High memory usage'}
[2025-05-31T14:55:56.834+0000] {subprocess.py:93} INFO - Sending log: {'timestamp': '2025-05-31 14:55:56', 'level': 'WARNING', 'message': 'Slow response time'}
[2025-05-31T14:55:58.834+0000] {subprocess.py:93} INFO - Sending log: {'timestamp': '2025-05-31 14:55:58', 'level': 'ERROR', 'message': 'Payment gateway timeout'}
[2025-05-31T14:56:00.835+0000] {subprocess.py:93} INFO - Sending log: {'timestamp': '2025-05-31 14:56:00', 'level': 'INFO', 'message': 'Page loaded'}
[2025-05-31T14:56:02.835+0000] {subprocess.py:93} INFO - Sending log: {'timestamp': '2025-05-31 14:56:02', 'level': 'ERROR', 'message': 'Payment gateway timeout'}
[2025-05-31T14:56:04.836+0000] {subprocess.py:93} INFO - Sending log: {'timestamp': '2025-05-31 14:56:04', 'level': 'ERROR', 'message': 'Database connection failed'}
[2025-05-31T14:56:06.836+0000] {subprocess.py:93} INFO - Sending log: {'timestamp': '2025-05-31 14:56:06', 'level': 'WARNING', 'message': 'Slow response time'}
[2025-05-31T14:56:08.836+0000] {subprocess.py:93} INFO - Sending log: {'timestamp': '2025-05-31 14:56:08', 'level': 'WARNING', 'message': 'High memory usage'}
[2025-05-31T14:56:10.837+0000] {subprocess.py:93} INFO - Sending log: {'timestamp': '2025-05-31 14:56:10', 'level': 'WARNING', 'message': 'High memory usage'}
[2025-05-31T14:56:12.837+0000] {subprocess.py:93} INFO - Sending log: {'timestamp': '2025-05-31 14:56:12', 'level': 'WARNING', 'message': 'High memory usage'}
[2025-05-31T14:56:14.838+0000] {subprocess.py:93} INFO - Sending log: {'timestamp': '2025-05-31 14:56:14', 'level': 'INFO', 'message': 'Search executed'}
[2025-05-31T14:56:16.838+0000] {subprocess.py:93} INFO - Sending log: {'timestamp': '2025-05-31 14:56:16', 'level': 'ERROR', 'message': 'Payment gateway timeout'}
[2025-05-31T14:56:18.838+0000] {subprocess.py:93} INFO - Sending log: {'timestamp': '2025-05-31 14:56:18', 'level': 'WARNING', 'message': 'Slow response time'}
[2025-05-31T14:56:22.848+0000] {subprocess.py:93} INFO - Sending log: {'timestamp': '2025-05-31 14:56:20', 'level': 'WARNING', 'message': 'High memory usage'}
[2025-05-31T14:56:25.873+0000] {subprocess.py:93} INFO - Sending log: {'timestamp': '2025-05-31 14:56:24', 'level': 'ERROR', 'message': 'Payment gateway timeout'}
[2025-05-31T15:27:28.690+0000] {subprocess.py:93} INFO - Sending log: {'timestamp': '2025-05-31 15:27:28', 'level': 'WARNING', 'message': 'High memory usage'}
[2025-05-31T15:27:31.389+0000] {subprocess.py:93} INFO - Sending log: {'timestamp': '2025-05-31 15:27:31', 'level': 'ERROR', 'message': 'Database connection failed'}
[2025-05-31T14:56:27.254+0000] {job.py:229} INFO - Heartbeat recovered after 16.36 seconds
[2025-05-31T15:27:33.931+0000] {subprocess.py:93} INFO - Sending log: {'timestamp': '2025-05-31 15:27:33', 'level': 'WARNING', 'message': 'High memory usage'}
[2025-05-31T15:27:36.291+0000] {subprocess.py:93} INFO - Sending log: {'timestamp': '2025-05-31 15:27:36', 'level': 'WARNING', 'message': 'High memory usage'}
[2025-05-31T15:27:42.209+0000] {subprocess.py:93} INFO - Sending log: {'timestamp': '2025-05-31 15:27:42', 'level': 'INFO', 'message': 'Search executed'}
[2025-05-31T15:27:38.196+0000] {local_task_job_runner.py:228} ERROR - Heartbeat time limit exceeded!
[2025-05-31T15:27:44.938+0000] {local_task_job_runner.py:245} INFO - ::endgroup::
[2025-05-31T15:27:47.108+0000] {subprocess.py:93} INFO - Sending log: {'timestamp': '2025-05-31 15:27:47', 'level': 'ERROR', 'message': 'Payment gateway timeout'}
[2025-05-31T15:27:50.240+0000] {subprocess.py:93} INFO - Sending log: {'timestamp': '2025-05-31 15:27:50', 'level': 'INFO', 'message': 'User logged in'}
[2025-05-31T15:27:52.546+0000] {subprocess.py:93} INFO - Sending log: {'timestamp': '2025-05-31 15:27:52', 'level': 'INFO', 'message': 'Page loaded'}
[2025-05-31T15:27:57.004+0000] {subprocess.py:93} INFO - Sending log: {'timestamp': '2025-05-31 15:27:56', 'level': 'WARNING', 'message': 'High memory usage'}
[2025-05-31T15:27:58.926+0000] {subprocess.py:93} INFO - Sending log: {'timestamp': '2025-05-31 15:27:58', 'level': 'ERROR', 'message': 'Database connection failed'}
[2025-05-31T15:28:01.046+0000] {subprocess.py:93} INFO - Sending log: {'timestamp': '2025-05-31 15:28:01', 'level': 'ERROR', 'message': 'Payment gateway timeout'}
[2025-05-31T15:28:05.996+0000] {subprocess.py:93} INFO - Sending log: {'timestamp': '2025-05-31 15:28:05', 'level': 'WARNING', 'message': 'Slow response time'}
[2025-05-31T15:28:09.927+0000] {subprocess.py:93} INFO - Sending log: {'timestamp': '2025-05-31 15:28:08', 'level': 'INFO', 'message': 'Page loaded'}
[2025-05-31T15:28:13.035+0000] {subprocess.py:93} INFO - Sending log: {'timestamp': '2025-05-31 15:28:12', 'level': 'ERROR', 'message': 'Database connection failed'}
[2025-05-31T15:28:15.247+0000] {subprocess.py:93} INFO - Sending log: {'timestamp': '2025-05-31 15:28:14', 'level': 'INFO', 'message': 'Page loaded'}
[2025-05-31T15:28:17.055+0000] {subprocess.py:93} INFO - Sending log: {'timestamp': '2025-05-31 15:28:17', 'level': 'ERROR', 'message': 'Payment gateway timeout'}
[2025-05-31T15:28:25.350+0000] {subprocess.py:93} INFO - Sending log: {'timestamp': '2025-05-31 15:28:25', 'level': 'INFO', 'message': 'Search executed'}
[2025-05-31T15:28:29.785+0000] {subprocess.py:93} INFO - Sending log: {'timestamp': '2025-05-31 15:28:29', 'level': 'INFO', 'message': 'User logged in'}
[2025-05-31T15:28:33.832+0000] {subprocess.py:93} INFO - Sending log: {'timestamp': '2025-05-31 15:28:33', 'level': 'INFO', 'message': 'User logged in'}
[2025-05-31T15:28:36.674+0000] {subprocess.py:93} INFO - Sending log: {'timestamp': '2025-05-31 15:28:36', 'level': 'ERROR', 'message': 'Payment gateway timeout'}
[2025-05-31T15:28:39.362+0000] {subprocess.py:93} INFO - Sending log: {'timestamp': '2025-05-31 15:28:39', 'level': 'WARNING', 'message': 'High memory usage'}
[2025-05-31T15:28:41.445+0000] {subprocess.py:93} INFO - Sending log: {'timestamp': '2025-05-31 15:28:41', 'level': 'INFO', 'message': 'User logged in'}
[2025-05-31T15:28:44.038+0000] {subprocess.py:93} INFO - Sending log: {'timestamp': '2025-05-31 15:28:44', 'level': 'INFO', 'message': 'User logged in'}
[2025-05-31T15:28:46.740+0000] {subprocess.py:93} INFO - Sending log: {'timestamp': '2025-05-31 15:28:46', 'level': 'INFO', 'message': 'Search executed'}
[2025-05-31T15:28:50.117+0000] {subprocess.py:93} INFO - Sending log: {'timestamp': '2025-05-31 15:28:49', 'level': 'INFO', 'message': 'Search executed'}
[2025-05-31T15:28:52.518+0000] {subprocess.py:93} INFO - Sending log: {'timestamp': '2025-05-31 15:28:52', 'level': 'ERROR', 'message': 'Database connection failed'}
[2025-05-31T15:28:56.561+0000] {subprocess.py:93} INFO - Sending log: {'timestamp': '2025-05-31 15:28:54', 'level': 'INFO', 'message': 'Page loaded'}
[2025-05-31T15:28:58.103+0000] {subprocess.py:93} INFO - Sending log: {'timestamp': '2025-05-31 15:28:56', 'level': 'INFO', 'message': 'Page loaded'}
[2025-05-31T15:29:00.437+0000] {subprocess.py:93} INFO - Sending log: {'timestamp': '2025-05-31 15:29:00', 'level': 'WARNING', 'message': 'High memory usage'}
[2025-05-31T15:29:01.268+0000] {process_utils.py:132} INFO - Sending 15 to group 229. PIDs of all processes in the group: [265, 229]
[2025-05-31T15:29:02.771+0000] {subprocess.py:93} INFO - Sending log: {'timestamp': '2025-05-31 15:29:02', 'level': 'WARNING', 'message': 'Slow response time'}
[2025-05-31T15:29:04.386+0000] {process_utils.py:87} INFO - Sending the signal 15 to group 229
[2025-05-31T15:29:10.125+0000] {taskinstance.py:3092} ERROR - Received SIGTERM. Terminating subprocesses.
[2025-05-31T15:29:14.267+0000] {subprocess.py:104} INFO - Sending SIGTERM signal to process group
[2025-05-31T15:30:04.451+0000] {process_utils.py:150} WARNING - process psutil.Process(pid=265, name='python', status='zombie', started='14:45:11') did not respond to SIGTERM. Trying SIGKILL
[2025-05-31T15:30:25.435+0000] {process_utils.py:150} WARNING - process psutil.Process(pid=229, name='airflow task ru', status='running', started='14:45:09') did not respond to SIGTERM. Trying SIGKILL
[2025-05-31T15:30:28.168+0000] {process_utils.py:87} INFO - Sending the signal 9 to group 229
[2025-05-31T15:30:36.446+0000] {process_utils.py:80} INFO - Process psutil.Process(pid=265, name='python', status='terminated', started='14:45:11') (265) terminated with exit code None
[2025-05-31T15:30:37.221+0000] {process_utils.py:80} INFO - Process psutil.Process(pid=229, name='airflow task ru', status='terminated', exitcode=<Negsignal.SIGKILL: -9>, started='14:45:09') (229) terminated with exit code -9
[2025-05-31T15:30:38.783+0000] {standard_task_runner.py:217} INFO - Process not found (most likely exited), stop collecting metrics
[2025-05-31T15:30:39.641+0000] {standard_task_runner.py:190} ERROR - ('Job 182 was killed before it finished (likely due to running out of memory)', 'For more information, see https://***.apache.org/docs/apache-***/stable/troubleshooting.html#LocalTaskJob-killed')
