[2025-06-01T20:46:04.599+0000] {local_task_job_runner.py:123} INFO - ::group::Pre task execution logs
[2025-06-01T20:46:04.642+0000] {taskinstance.py:2612} INFO - Dependencies all met for dep_context=non-requeueable deps ti=<TaskInstance: log_monitoring_dag.start_log_producer scheduled__2025-06-01T18:40:00+00:00 [queued]>
[2025-06-01T20:46:04.714+0000] {taskinstance.py:2612} INFO - Dependencies all met for dep_context=requeueable deps ti=<TaskInstance: log_monitoring_dag.start_log_producer scheduled__2025-06-01T18:40:00+00:00 [queued]>
[2025-06-01T20:46:04.719+0000] {taskinstance.py:2865} INFO - Starting attempt 2 of 2
[2025-06-01T20:46:04.776+0000] {taskinstance.py:2888} INFO - Executing <Task(BashOperator): start_log_producer> on 2025-06-01 18:40:00+00:00
[2025-06-01T20:46:04.872+0000] {logging_mixin.py:190} WARNING - /home/***/.local/lib/python3.12/site-packages/***/task/task_runner/standard_task_runner.py:70 DeprecationWarning: This process (pid=176) is multi-threaded, use of fork() may lead to deadlocks in the child.
[2025-06-01T20:46:04.948+0000] {standard_task_runner.py:72} INFO - Started process 198 to run task
[2025-06-01T20:46:04.872+0000] {standard_task_runner.py:104} INFO - Running: ['***', 'tasks', 'run', 'log_monitoring_dag', 'start_log_producer', 'scheduled__2025-06-01T18:40:00+00:00', '--job-id', '153', '--raw', '--subdir', 'DAGS_FOLDER/log_monitoring_dag.py', '--cfg-path', '/tmp/tmphah4vhzo']
[2025-06-01T20:46:04.952+0000] {standard_task_runner.py:105} INFO - Job 153: Subtask start_log_producer
[2025-06-01T20:46:05.031+0000] {logging_mixin.py:190} WARNING - /home/***/.local/lib/python3.12/site-packages/***/settings.py:209 DeprecationWarning: The sql_alchemy_conn option in [core] has been moved to the sql_alchemy_conn option in [database] - the old setting has been used, but please update your config.
[2025-06-01T20:46:05.132+0000] {task_command.py:467} INFO - Running <TaskInstance: log_monitoring_dag.start_log_producer scheduled__2025-06-01T18:40:00+00:00 [running]> on host 61a0313acf02
[2025-06-01T20:46:05.134+0000] {logging_mixin.py:190} WARNING - /home/***/.local/lib/python3.12/site-packages/***/settings.py:470 DeprecationWarning: The sql_alchemy_conn option in [core] has been moved to the sql_alchemy_conn option in [database] - the old setting has been used, but please update your config.
[2025-06-01T20:46:05.540+0000] {taskinstance.py:3131} INFO - Exporting env vars: AIRFLOW_CTX_DAG_OWNER='***' AIRFLOW_CTX_DAG_ID='log_monitoring_dag' AIRFLOW_CTX_TASK_ID='start_log_producer' AIRFLOW_CTX_EXECUTION_DATE='2025-06-01T18:40:00+00:00' AIRFLOW_CTX_TRY_NUMBER='2' AIRFLOW_CTX_DAG_RUN_ID='scheduled__2025-06-01T18:40:00+00:00'
[2025-06-01T20:46:05.542+0000] {taskinstance.py:731} INFO - ::endgroup::
[2025-06-01T20:46:05.571+0000] {subprocess.py:63} INFO - Tmp dir root location: /tmp
[2025-06-01T20:46:05.668+0000] {subprocess.py:75} INFO - Running command: ['/usr/bin/bash', '-c', 'cd /opt/***/app && python -u log_producer.py']
[2025-06-01T20:46:05.703+0000] {subprocess.py:86} INFO - Output:
[2025-06-01T20:46:18.507+0000] {job.py:229} INFO - Heartbeat recovered after 14.41 seconds
[2025-06-01T20:46:43.672+0000] {job.py:229} INFO - Heartbeat recovered after 26.37 seconds
[2025-06-01T20:46:59.390+0000] {subprocess.py:93} INFO - Sent log: {'timestamp': '2025-06-01T20:46:59.236698', 'level': 'INFO', 'message': 'This is a log message'}
[2025-06-01T20:47:00.470+0000] {subprocess.py:93} INFO - Sent log: {'timestamp': '2025-06-01T20:47:00.470144', 'level': 'INFO', 'message': 'This is a log message'}
[2025-06-01T20:47:01.475+0000] {subprocess.py:93} INFO - Sent log: {'timestamp': '2025-06-01T20:47:01.473966', 'level': 'INFO', 'message': 'This is a log message'}
[2025-06-01T20:47:02.584+0000] {subprocess.py:93} INFO - Sent log: {'timestamp': '2025-06-01T20:47:02.583855', 'level': 'ERROR', 'message': 'This is a log message'}
[2025-06-01T20:47:03.789+0000] {subprocess.py:93} INFO - Sent log: {'timestamp': '2025-06-01T20:47:03.780063', 'level': 'INFO', 'message': 'This is a log message'}
[2025-06-01T20:47:04.933+0000] {subprocess.py:93} INFO - Sent log: {'timestamp': '2025-06-01T20:47:04.923962', 'level': 'ERROR', 'message': 'This is a log message'}
[2025-06-01T20:47:05.935+0000] {subprocess.py:93} INFO - Sent log: {'timestamp': '2025-06-01T20:47:05.934515', 'level': 'INFO', 'message': 'This is a log message'}
[2025-06-01T20:47:06.957+0000] {subprocess.py:93} INFO - Sent log: {'timestamp': '2025-06-01T20:47:06.952254', 'level': 'WARNING', 'message': 'This is a log message'}
[2025-06-01T20:47:08.199+0000] {subprocess.py:93} INFO - Sent log: {'timestamp': '2025-06-01T20:47:08.198570', 'level': 'WARNING', 'message': 'This is a log message'}
[2025-06-01T20:47:09.202+0000] {subprocess.py:93} INFO - Sent log: {'timestamp': '2025-06-01T20:47:09.201957', 'level': 'ERROR', 'message': 'This is a log message'}
[2025-06-01T20:47:10.584+0000] {subprocess.py:93} INFO - Sent log: {'timestamp': '2025-06-01T20:47:10.360955', 'level': 'ERROR', 'message': 'This is a log message'}
[2025-06-01T20:47:12.456+0000] {subprocess.py:93} INFO - Sent log: {'timestamp': '2025-06-01T20:47:12.455136', 'level': 'WARNING', 'message': 'This is a log message'}
[2025-06-01T20:47:14.399+0000] {subprocess.py:93} INFO - Sent log: {'timestamp': '2025-06-01T20:47:14.399333', 'level': 'INFO', 'message': 'This is a log message'}
[2025-06-01T20:47:15.438+0000] {subprocess.py:93} INFO - Sent log: {'timestamp': '2025-06-01T20:47:15.438589', 'level': 'WARNING', 'message': 'This is a log message'}
[2025-06-01T20:47:16.803+0000] {subprocess.py:93} INFO - Sent log: {'timestamp': '2025-06-01T20:47:16.718149', 'level': 'ERROR', 'message': 'This is a log message'}
[2025-06-01T20:47:19.924+0000] {subprocess.py:93} INFO - Sent log: {'timestamp': '2025-06-01T20:47:19.778684', 'level': 'WARNING', 'message': 'This is a log message'}
[2025-06-01T20:47:21.648+0000] {subprocess.py:93} INFO - Sent log: {'timestamp': '2025-06-01T20:47:21.647650', 'level': 'ERROR', 'message': 'This is a log message'}
[2025-06-01T20:47:22.876+0000] {subprocess.py:93} INFO - Sent log: {'timestamp': '2025-06-01T20:47:22.701963', 'level': 'ERROR', 'message': 'This is a log message'}
[2025-06-01T20:47:24.240+0000] {subprocess.py:93} INFO - Sent log: {'timestamp': '2025-06-01T20:47:24.237652', 'level': 'INFO', 'message': 'This is a log message'}
[2025-06-01T20:47:24.612+0000] {job.py:229} INFO - Heartbeat recovered after 13.11 seconds
[2025-06-01T20:47:26.052+0000] {subprocess.py:93} INFO - Sent log: {'timestamp': '2025-06-01T20:47:26.042815', 'level': 'WARNING', 'message': 'This is a log message'}
[2025-06-01T20:47:27.071+0000] {subprocess.py:93} INFO - Sent log: {'timestamp': '2025-06-01T20:47:27.070742', 'level': 'WARNING', 'message': 'This is a log message'}
[2025-06-01T20:47:28.121+0000] {subprocess.py:93} INFO - Sent log: {'timestamp': '2025-06-01T20:47:28.119510', 'level': 'INFO', 'message': 'This is a log message'}
[2025-06-01T20:47:29.385+0000] {subprocess.py:93} INFO - Sent log: {'timestamp': '2025-06-01T20:47:29.305829', 'level': 'WARNING', 'message': 'This is a log message'}
[2025-06-01T20:47:30.333+0000] {subprocess.py:93} INFO - Sent log: {'timestamp': '2025-06-01T20:47:30.332695', 'level': 'ERROR', 'message': 'This is a log message'}
[2025-06-01T20:47:31.546+0000] {subprocess.py:93} INFO - Sent log: {'timestamp': '2025-06-01T20:47:31.545888', 'level': 'ERROR', 'message': 'This is a log message'}
[2025-06-01T20:47:32.707+0000] {subprocess.py:93} INFO - Sent log: {'timestamp': '2025-06-01T20:47:32.686493', 'level': 'WARNING', 'message': 'This is a log message'}
[2025-06-01T20:47:33.023+0000] {job.py:229} INFO - Heartbeat recovered after 10.95 seconds
[2025-06-01T20:47:33.832+0000] {subprocess.py:93} INFO - Sent log: {'timestamp': '2025-06-01T20:47:33.830699', 'level': 'WARNING', 'message': 'This is a log message'}
[2025-06-01T20:47:34.836+0000] {subprocess.py:93} INFO - Sent log: {'timestamp': '2025-06-01T20:47:34.836090', 'level': 'ERROR', 'message': 'This is a log message'}
[2025-06-01T20:47:35.848+0000] {subprocess.py:93} INFO - Sent log: {'timestamp': '2025-06-01T20:47:35.847848', 'level': 'ERROR', 'message': 'This is a log message'}
[2025-06-01T20:47:36.852+0000] {subprocess.py:93} INFO - Sent log: {'timestamp': '2025-06-01T20:47:36.851318', 'level': 'ERROR', 'message': 'This is a log message'}
[2025-06-01T20:47:37.925+0000] {subprocess.py:93} INFO - Sent log: {'timestamp': '2025-06-01T20:47:37.924313', 'level': 'ERROR', 'message': 'This is a log message'}
[2025-06-01T20:47:39.241+0000] {subprocess.py:93} INFO - Sent log: {'timestamp': '2025-06-01T20:47:39.095743', 'level': 'ERROR', 'message': 'This is a log message'}
[2025-06-01T20:47:40.650+0000] {subprocess.py:93} INFO - Sent log: {'timestamp': '2025-06-01T20:47:40.650215', 'level': 'WARNING', 'message': 'This is a log message'}
[2025-06-01T20:47:41.653+0000] {subprocess.py:93} INFO - Sent log: {'timestamp': '2025-06-01T20:47:41.652715', 'level': 'INFO', 'message': 'This is a log message'}
[2025-06-01T20:47:42.657+0000] {subprocess.py:93} INFO - Sent log: {'timestamp': '2025-06-01T20:47:42.655913', 'level': 'ERROR', 'message': 'This is a log message'}
[2025-06-01T20:47:43.659+0000] {subprocess.py:93} INFO - Sent log: {'timestamp': '2025-06-01T20:47:43.659074', 'level': 'INFO', 'message': 'This is a log message'}
[2025-06-01T20:47:44.662+0000] {subprocess.py:93} INFO - Sent log: {'timestamp': '2025-06-01T20:47:44.662049', 'level': 'ERROR', 'message': 'This is a log message'}
[2025-06-01T20:47:45.945+0000] {subprocess.py:93} INFO - Sent log: {'timestamp': '2025-06-01T20:47:45.945096', 'level': 'ERROR', 'message': 'This is a log message'}
[2025-06-01T20:47:46.965+0000] {subprocess.py:93} INFO - Sent log: {'timestamp': '2025-06-01T20:47:46.956848', 'level': 'INFO', 'message': 'This is a log message'}
[2025-06-01T20:47:47.959+0000] {subprocess.py:93} INFO - Sent log: {'timestamp': '2025-06-01T20:47:47.959583', 'level': 'WARNING', 'message': 'This is a log message'}
[2025-06-01T20:47:49.092+0000] {subprocess.py:93} INFO - Sent log: {'timestamp': '2025-06-01T20:47:49.091703', 'level': 'INFO', 'message': 'This is a log message'}
[2025-06-01T20:47:50.095+0000] {subprocess.py:93} INFO - Sent log: {'timestamp': '2025-06-01T20:47:50.094442', 'level': 'ERROR', 'message': 'This is a log message'}
[2025-06-01T20:47:51.104+0000] {subprocess.py:93} INFO - Sent log: {'timestamp': '2025-06-01T20:47:51.101943', 'level': 'ERROR', 'message': 'This is a log message'}
[2025-06-01T20:47:52.139+0000] {subprocess.py:93} INFO - Sent log: {'timestamp': '2025-06-01T20:47:52.122189', 'level': 'ERROR', 'message': 'This is a log message'}
[2025-06-01T20:47:53.233+0000] {subprocess.py:93} INFO - Sent log: {'timestamp': '2025-06-01T20:47:53.191017', 'level': 'WARNING', 'message': 'This is a log message'}
[2025-06-01T20:47:54.562+0000] {subprocess.py:93} INFO - Sent log: {'timestamp': '2025-06-01T20:47:54.558593', 'level': 'INFO', 'message': 'This is a log message'}
[2025-06-01T20:47:57.895+0000] {subprocess.py:93} INFO - Sent log: {'timestamp': '2025-06-01T20:47:57.894930', 'level': 'WARNING', 'message': 'This is a log message'}
[2025-06-01T20:47:59.268+0000] {subprocess.py:93} INFO - Sent log: {'timestamp': '2025-06-01T20:47:59.267106', 'level': 'ERROR', 'message': 'This is a log message'}
[2025-06-01T20:48:00.710+0000] {subprocess.py:93} INFO - Sent log: {'timestamp': '2025-06-01T20:48:00.709527', 'level': 'WARNING', 'message': 'This is a log message'}
[2025-06-01T20:48:01.816+0000] {subprocess.py:93} INFO - Sent log: {'timestamp': '2025-06-01T20:48:01.816178', 'level': 'WARNING', 'message': 'This is a log message'}
[2025-06-01T20:48:02.819+0000] {subprocess.py:93} INFO - Sent log: {'timestamp': '2025-06-01T20:48:02.819650', 'level': 'INFO', 'message': 'This is a log message'}
[2025-06-01T20:48:03.823+0000] {subprocess.py:93} INFO - Sent log: {'timestamp': '2025-06-01T20:48:03.822317', 'level': 'ERROR', 'message': 'This is a log message'}
[2025-06-01T20:48:05.001+0000] {subprocess.py:93} INFO - Sent log: {'timestamp': '2025-06-01T20:48:05.001039', 'level': 'ERROR', 'message': 'This is a log message'}
[2025-06-01T20:48:06.109+0000] {subprocess.py:93} INFO - Sent log: {'timestamp': '2025-06-01T20:48:06.109551', 'level': 'WARNING', 'message': 'This is a log message'}
[2025-06-01T20:48:07.855+0000] {subprocess.py:93} INFO - Sent log: {'timestamp': '2025-06-01T20:48:07.855185', 'level': 'WARNING', 'message': 'This is a log message'}
[2025-06-01T20:48:09.328+0000] {subprocess.py:93} INFO - Sent log: {'timestamp': '2025-06-01T20:48:09.036805', 'level': 'ERROR', 'message': 'This is a log message'}
[2025-06-01T20:48:10.356+0000] {subprocess.py:93} INFO - Sent log: {'timestamp': '2025-06-01T20:48:10.295182', 'level': 'ERROR', 'message': 'This is a log message'}
[2025-06-01T20:48:11.681+0000] {subprocess.py:93} INFO - Sent log: {'timestamp': '2025-06-01T20:48:11.568596', 'level': 'WARNING', 'message': 'This is a log message'}
[2025-06-01T20:48:12.740+0000] {subprocess.py:93} INFO - Sent log: {'timestamp': '2025-06-01T20:48:12.739882', 'level': 'INFO', 'message': 'This is a log message'}
[2025-06-01T20:48:14.842+0000] {subprocess.py:93} INFO - Sent log: {'timestamp': '2025-06-01T20:48:14.841189', 'level': 'INFO', 'message': 'This is a log message'}
[2025-06-01T20:48:18.160+0000] {subprocess.py:93} INFO - Sent log: {'timestamp': '2025-06-01T20:48:18.157201', 'level': 'ERROR', 'message': 'This is a log message'}
[2025-06-01T20:48:19.656+0000] {subprocess.py:93} INFO - Sent log: {'timestamp': '2025-06-01T20:48:19.655263', 'level': 'INFO', 'message': 'This is a log message'}
[2025-06-01T20:48:20.661+0000] {subprocess.py:93} INFO - Sent log: {'timestamp': '2025-06-01T20:48:20.660476', 'level': 'WARNING', 'message': 'This is a log message'}
[2025-06-01T20:48:21.664+0000] {subprocess.py:93} INFO - Sent log: {'timestamp': '2025-06-01T20:48:21.663874', 'level': 'ERROR', 'message': 'This is a log message'}
[2025-06-01T20:48:22.666+0000] {subprocess.py:93} INFO - Sent log: {'timestamp': '2025-06-01T20:48:22.666681', 'level': 'INFO', 'message': 'This is a log message'}
[2025-06-01T20:48:23.671+0000] {subprocess.py:93} INFO - Sent log: {'timestamp': '2025-06-01T20:48:23.669407', 'level': 'INFO', 'message': 'This is a log message'}
[2025-06-01T20:48:24.209+0000] {job.py:229} INFO - Heartbeat recovered after 11.04 seconds
[2025-06-01T20:48:24.933+0000] {subprocess.py:93} INFO - Sent log: {'timestamp': '2025-06-01T20:48:24.780840', 'level': 'INFO', 'message': 'This is a log message'}
[2025-06-01T20:48:25.970+0000] {subprocess.py:93} INFO - Sent log: {'timestamp': '2025-06-01T20:48:25.958611', 'level': 'ERROR', 'message': 'This is a log message'}
[2025-06-01T20:48:27.394+0000] {subprocess.py:93} INFO - Sent log: {'timestamp': '2025-06-01T20:48:27.393988', 'level': 'INFO', 'message': 'This is a log message'}
[2025-06-01T20:48:28.512+0000] {subprocess.py:93} INFO - Sent log: {'timestamp': '2025-06-01T20:48:28.510753', 'level': 'ERROR', 'message': 'This is a log message'}
[2025-06-01T20:48:29.532+0000] {subprocess.py:93} INFO - Sent log: {'timestamp': '2025-06-01T20:48:29.530932', 'level': 'INFO', 'message': 'This is a log message'}
[2025-06-01T20:48:31.263+0000] {subprocess.py:93} INFO - Sent log: {'timestamp': '2025-06-01T20:48:31.263232', 'level': 'INFO', 'message': 'This is a log message'}
[2025-06-01T20:48:32.266+0000] {subprocess.py:93} INFO - Sent log: {'timestamp': '2025-06-01T20:48:32.266354', 'level': 'ERROR', 'message': 'This is a log message'}
[2025-06-01T20:48:33.269+0000] {subprocess.py:93} INFO - Sent log: {'timestamp': '2025-06-01T20:48:33.268857', 'level': 'WARNING', 'message': 'This is a log message'}
[2025-06-01T20:48:34.271+0000] {subprocess.py:93} INFO - Sent log: {'timestamp': '2025-06-01T20:48:34.271522', 'level': 'INFO', 'message': 'This is a log message'}
[2025-06-01T20:48:35.275+0000] {subprocess.py:93} INFO - Sent log: {'timestamp': '2025-06-01T20:48:35.273868', 'level': 'INFO', 'message': 'This is a log message'}
[2025-06-01T20:48:36.278+0000] {subprocess.py:93} INFO - Sent log: {'timestamp': '2025-06-01T20:48:36.276921', 'level': 'INFO', 'message': 'This is a log message'}
[2025-06-01T20:48:37.282+0000] {subprocess.py:93} INFO - Sent log: {'timestamp': '2025-06-01T20:48:37.282125', 'level': 'INFO', 'message': 'This is a log message'}
[2025-06-01T20:48:38.285+0000] {subprocess.py:93} INFO - Sent log: {'timestamp': '2025-06-01T20:48:38.284911', 'level': 'WARNING', 'message': 'This is a log message'}
[2025-06-01T20:48:39.288+0000] {subprocess.py:93} INFO - Sent log: {'timestamp': '2025-06-01T20:48:39.287537', 'level': 'ERROR', 'message': 'This is a log message'}
[2025-06-01T20:48:40.293+0000] {subprocess.py:93} INFO - Sent log: {'timestamp': '2025-06-01T20:48:40.292491', 'level': 'ERROR', 'message': 'This is a log message'}
[2025-06-01T20:48:41.295+0000] {subprocess.py:93} INFO - Sent log: {'timestamp': '2025-06-01T20:48:41.295040', 'level': 'INFO', 'message': 'This is a log message'}
[2025-06-01T20:48:42.298+0000] {subprocess.py:93} INFO - Sent log: {'timestamp': '2025-06-01T20:48:42.297590', 'level': 'INFO', 'message': 'This is a log message'}
[2025-06-01T20:48:43.300+0000] {subprocess.py:93} INFO - Sent log: {'timestamp': '2025-06-01T20:48:43.300123', 'level': 'WARNING', 'message': 'This is a log message'}
[2025-06-01T20:48:44.303+0000] {subprocess.py:93} INFO - Sent log: {'timestamp': '2025-06-01T20:48:44.302405', 'level': 'INFO', 'message': 'This is a log message'}
[2025-06-01T20:48:45.306+0000] {subprocess.py:93} INFO - Sent log: {'timestamp': '2025-06-01T20:48:45.305668', 'level': 'WARNING', 'message': 'This is a log message'}
[2025-06-01T20:48:46.257+0000] {job.py:229} INFO - Heartbeat recovered after 16.75 seconds
[2025-06-01T20:48:46.670+0000] {subprocess.py:93} INFO - Sent log: {'timestamp': '2025-06-01T20:48:46.668629', 'level': 'INFO', 'message': 'This is a log message'}
[2025-06-01T20:48:47.941+0000] {subprocess.py:93} INFO - Sent log: {'timestamp': '2025-06-01T20:48:47.939397', 'level': 'INFO', 'message': 'This is a log message'}
[2025-06-01T20:48:49.290+0000] {subprocess.py:93} INFO - Sent log: {'timestamp': '2025-06-01T20:48:49.289486', 'level': 'WARNING', 'message': 'This is a log message'}
[2025-06-01T20:48:51.155+0000] {subprocess.py:93} INFO - Sent log: {'timestamp': '2025-06-01T20:48:51.155074', 'level': 'ERROR', 'message': 'This is a log message'}
[2025-06-01T20:48:54.626+0000] {subprocess.py:93} INFO - Sent log: {'timestamp': '2025-06-01T20:48:54.412605', 'level': 'ERROR', 'message': 'This is a log message'}
[2025-06-01T20:48:55.730+0000] {subprocess.py:93} INFO - Sent log: {'timestamp': '2025-06-01T20:48:55.729699', 'level': 'INFO', 'message': 'This is a log message'}
[2025-06-01T20:48:57.793+0000] {subprocess.py:93} INFO - Sent log: {'timestamp': '2025-06-01T20:48:57.788223', 'level': 'WARNING', 'message': 'This is a log message'}
[2025-06-01T20:48:58.795+0000] {subprocess.py:93} INFO - Sent log: {'timestamp': '2025-06-01T20:48:58.793347', 'level': 'INFO', 'message': 'This is a log message'}
[2025-06-01T20:49:03.169+0000] {job.py:229} INFO - Heartbeat recovered after 27.70 seconds
[2025-06-01T20:49:06.868+0000] {subprocess.py:97} INFO - Command exited with return code 0
[2025-06-01T20:49:07.377+0000] {taskinstance.py:340} INFO - ::group::Post task execution logs
[2025-06-01T20:49:07.383+0000] {taskinstance.py:352} INFO - Marking task as SUCCESS. dag_id=log_monitoring_dag, task_id=start_log_producer, run_id=scheduled__2025-06-01T18:40:00+00:00, execution_date=20250601T184000, start_date=20250601T204604, end_date=20250601T204907
[2025-06-01T20:49:07.563+0000] {local_task_job_runner.py:266} INFO - Task exited with return code 0
[2025-06-01T20:49:07.962+0000] {taskinstance.py:3900} INFO - 1 downstream tasks scheduled from follow-on schedule check
[2025-06-01T20:49:07.996+0000] {local_task_job_runner.py:245} INFO - ::endgroup::
[2025-06-01T20:49:08.169+0000] {standard_task_runner.py:217} INFO - Process not found (most likely exited), stop collecting metrics
