[2025-06-01T18:41:35.441+0000] {local_task_job_runner.py:123} INFO - ::group::Pre task execution logs
[2025-06-01T18:41:38.683+0000] {taskinstance.py:2612} INFO - Dependencies all met for dep_context=non-requeueable deps ti=<TaskInstance: log_monitoring_dag.start_spark_consumer manual__2025-06-01T18:06:21.402471+00:00 [queued]>
[2025-06-01T18:41:38.757+0000] {taskinstance.py:2612} INFO - Dependencies all met for dep_context=requeueable deps ti=<TaskInstance: log_monitoring_dag.start_spark_consumer manual__2025-06-01T18:06:21.402471+00:00 [queued]>
[2025-06-01T18:41:38.771+0000] {taskinstance.py:2865} INFO - Starting attempt 2 of 2
[2025-06-01T18:41:41.241+0000] {taskinstance.py:2888} INFO - Executing <Task(BashOperator): start_spark_consumer> on 2025-06-01 18:06:21.402471+00:00
[2025-06-01T18:41:41.897+0000] {logging_mixin.py:190} WARNING - /home/***/.local/lib/python3.12/site-packages/***/task/task_runner/standard_task_runner.py:70 DeprecationWarning: This process (pid=1208) is multi-threaded, use of fork() may lead to deadlocks in the child.
[2025-06-01T18:41:41.957+0000] {standard_task_runner.py:72} INFO - Started process 1229 to run task
[2025-06-01T18:41:42.894+0000] {standard_task_runner.py:104} INFO - Running: ['***', 'tasks', 'run', 'log_monitoring_dag', 'start_spark_consumer', 'manual__2025-06-01T18:06:21.402471+00:00', '--job-id', '104', '--raw', '--subdir', 'DAGS_FOLDER/log_monitoring_dag.py', '--cfg-path', '/tmp/tmp62yeujqh']
[2025-06-01T18:41:42.951+0000] {standard_task_runner.py:105} INFO - Job 104: Subtask start_spark_consumer
[2025-06-01T18:41:45.222+0000] {logging_mixin.py:190} WARNING - /home/***/.local/lib/python3.12/site-packages/***/settings.py:209 DeprecationWarning: The sql_alchemy_conn option in [core] has been moved to the sql_alchemy_conn option in [database] - the old setting has been used, but please update your config.
[2025-06-01T18:41:45.354+0000] {task_command.py:467} INFO - Running <TaskInstance: log_monitoring_dag.start_spark_consumer manual__2025-06-01T18:06:21.402471+00:00 [running]> on host 61a0313acf02
[2025-06-01T18:41:45.544+0000] {taskinstance.py:3131} INFO - Exporting env vars: AIRFLOW_CTX_DAG_OWNER='***' AIRFLOW_CTX_DAG_ID='log_monitoring_dag' AIRFLOW_CTX_TASK_ID='start_spark_consumer' AIRFLOW_CTX_EXECUTION_DATE='2025-06-01T18:06:21.402471+00:00' AIRFLOW_CTX_TRY_NUMBER='2' AIRFLOW_CTX_DAG_RUN_ID='manual__2025-06-01T18:06:21.402471+00:00'
[2025-06-01T18:41:45.545+0000] {taskinstance.py:731} INFO - ::endgroup::
[2025-06-01T18:41:45.567+0000] {subprocess.py:63} INFO - Tmp dir root location: /tmp
[2025-06-01T18:41:45.589+0000] {subprocess.py:75} INFO - Running command: ['/usr/bin/bash', '-c', '\n            docker run --rm             --network realtime_log_monitoring_default             -v /opt/***/app:/app             bitnami/spark:3.3.0             spark-submit --packages org.apache.spark:spark-sql-kafka-0-10_2.12:3.2.0 /app/log_consumer.py\n        ']
[2025-06-01T18:41:45.621+0000] {subprocess.py:86} INFO - Output:
[2025-06-01T18:41:48.276+0000] {job.py:229} INFO - Heartbeat recovered after 23.21 seconds
[2025-06-01T18:42:08.721+0000] {job.py:229} INFO - Heartbeat recovered after 20.81 seconds
[2025-06-01T18:42:36.743+0000] {job.py:229} INFO - Heartbeat recovered after 29.35 seconds
[2025-06-01T18:42:48.074+0000] {job.py:229} INFO - Heartbeat recovered after 11.58 seconds
[2025-06-01T18:43:32.997+0000] {job.py:229} INFO - Heartbeat recovered after 36.40 seconds
[2025-06-01T18:43:42.486+0000] {job.py:229} INFO - Heartbeat recovered after 12.07 seconds
[2025-06-01T18:44:56.113+0000] {job.py:229} INFO - Heartbeat recovered after 13.24 seconds
[2025-06-01T18:45:03.238+0000] {job.py:229} INFO - Heartbeat recovered after 10.91 seconds
[2025-06-01T18:46:31.881+0000] {job.py:229} INFO - Heartbeat recovered after 28.91 seconds
