[2025-06-01T18:11:45.231+0000] {local_task_job_runner.py:123} INFO - ::group::Pre task execution logs
[2025-06-01T18:11:45.247+0000] {taskinstance.py:2612} INFO - Dependencies all met for dep_context=non-requeueable deps ti=<TaskInstance: log_monitoring_dag.start_spark_consumer manual__2025-06-01T18:06:21.402471+00:00 [queued]>
[2025-06-01T18:11:45.256+0000] {taskinstance.py:2612} INFO - Dependencies all met for dep_context=requeueable deps ti=<TaskInstance: log_monitoring_dag.start_spark_consumer manual__2025-06-01T18:06:21.402471+00:00 [queued]>
[2025-06-01T18:11:45.257+0000] {taskinstance.py:2865} INFO - Starting attempt 1 of 2
[2025-06-01T18:11:45.275+0000] {taskinstance.py:2888} INFO - Executing <Task(BashOperator): start_spark_consumer> on 2025-06-01 18:06:21.402471+00:00
[2025-06-01T18:11:45.283+0000] {logging_mixin.py:190} WARNING - /home/***/.local/lib/python3.12/site-packages/***/task/task_runner/standard_task_runner.py:70 DeprecationWarning: This process (pid=1013) is multi-threaded, use of fork() may lead to deadlocks in the child.
[2025-06-01T18:11:45.284+0000] {standard_task_runner.py:72} INFO - Started process 1014 to run task
[2025-06-01T18:11:45.283+0000] {standard_task_runner.py:104} INFO - Running: ['***', 'tasks', 'run', 'log_monitoring_dag', 'start_spark_consumer', 'manual__2025-06-01T18:06:21.402471+00:00', '--job-id', '89', '--raw', '--subdir', 'DAGS_FOLDER/log_monitoring_dag.py', '--cfg-path', '/tmp/tmpdf8152w6']
[2025-06-01T18:11:45.285+0000] {standard_task_runner.py:105} INFO - Job 89: Subtask start_spark_consumer
[2025-06-01T18:11:45.302+0000] {logging_mixin.py:190} WARNING - /home/***/.local/lib/python3.12/site-packages/***/settings.py:209 DeprecationWarning: The sql_alchemy_conn option in [core] has been moved to the sql_alchemy_conn option in [database] - the old setting has been used, but please update your config.
[2025-06-01T18:11:45.336+0000] {task_command.py:467} INFO - Running <TaskInstance: log_monitoring_dag.start_spark_consumer manual__2025-06-01T18:06:21.402471+00:00 [running]> on host 61a0313acf02
[2025-06-01T18:11:46.565+0000] {taskinstance.py:3131} INFO - Exporting env vars: AIRFLOW_CTX_DAG_OWNER='***' AIRFLOW_CTX_DAG_ID='log_monitoring_dag' AIRFLOW_CTX_TASK_ID='start_spark_consumer' AIRFLOW_CTX_EXECUTION_DATE='2025-06-01T18:06:21.402471+00:00' AIRFLOW_CTX_TRY_NUMBER='1' AIRFLOW_CTX_DAG_RUN_ID='manual__2025-06-01T18:06:21.402471+00:00'
[2025-06-01T18:11:46.761+0000] {taskinstance.py:731} INFO - ::endgroup::
[2025-06-01T18:11:47.177+0000] {subprocess.py:63} INFO - Tmp dir root location: /tmp
[2025-06-01T18:11:47.223+0000] {subprocess.py:75} INFO - Running command: ['/usr/bin/bash', '-c', '\n            docker run --rm             --network realtime_log_monitoring_default             -v /opt/***/app:/app             bitnami/spark:3.3.0             spark-submit --packages org.apache.spark:spark-sql-kafka-0-10_2.12:3.2.0 /app/log_consumer.py\n        ']
[2025-06-01T18:11:47.239+0000] {subprocess.py:86} INFO - Output:
[2025-06-01T18:12:20.660+0000] {job.py:229} INFO - Heartbeat recovered after 13.94 seconds
[2025-06-01T18:13:17.155+0000] {job.py:229} INFO - Heartbeat recovered after 14.48 seconds
[2025-06-01T18:13:44.814+0000] {job.py:229} INFO - Heartbeat recovered after 19.82 seconds
[2025-06-01T18:13:49.926+0000] {job.py:229} INFO - Heartbeat recovered after 17.55 seconds
[2025-06-01T18:14:51.768+0000] {job.py:229} INFO - Heartbeat recovered after 11.77 seconds
[2025-06-01T18:15:14.908+0000] {job.py:229} INFO - Heartbeat recovered after 24.03 seconds
[2025-06-01T18:15:34.871+0000] {job.py:229} INFO - Heartbeat recovered after 29.73 seconds
[2025-06-01T18:15:41.625+0000] {job.py:229} INFO - Heartbeat recovered after 10.64 seconds
[2025-06-01T18:16:24.379+0000] {job.py:229} INFO - Heartbeat recovered after 14.41 seconds
[2025-06-01T18:16:31.022+0000] {job.py:229} INFO - Heartbeat recovered after 11.37 seconds
[2025-06-01T18:16:54.321+0000] {job.py:229} INFO - Heartbeat recovered after 10.57 seconds
[2025-06-01T18:17:41.084+0000] {job.py:229} INFO - Heartbeat recovered after 47.12 seconds
[2025-06-01T18:18:05.619+0000] {job.py:229} INFO - Heartbeat recovered after 25.77 seconds
[2025-06-01T18:18:16.189+0000] {job.py:229} INFO - Heartbeat recovered after 10.74 seconds
[2025-06-01T18:19:25.656+0000] {job.py:229} INFO - Heartbeat recovered after 70.23 seconds
[2025-06-01T18:19:48.758+0000] {job.py:229} INFO - Heartbeat recovered after 23.73 seconds
[2025-06-01T18:20:21.165+0000] {job.py:229} INFO - Heartbeat recovered after 24.22 seconds
[2025-06-01T18:20:26.919+0000] {job.py:229} INFO - Heartbeat recovered after 13.74 seconds
[2025-06-01T18:21:34.586+0000] {subprocess.py:93} INFO - [38;5;6m [38;5;5m18:21:33.74 [0m
[2025-06-01T18:21:34.881+0000] {subprocess.py:93} INFO - [38;5;6m [38;5;5m18:21:34.58 [0m[1mWelcome to the Bitnami spark container[0m
[2025-06-01T18:21:34.902+0000] {subprocess.py:93} INFO - [38;5;6m [38;5;5m18:21:34.58 [0mSubscribe to project updates by watching [1mhttps://github.com/bitnami/containers[0m
[2025-06-01T18:21:34.939+0000] {subprocess.py:93} INFO - [38;5;6m [38;5;5m18:21:34.58 [0mSubmit issues and feature requests at [1mhttps://github.com/bitnami/containers/issues[0m
[2025-06-01T18:21:34.952+0000] {subprocess.py:93} INFO - [38;5;6m [38;5;5m18:21:34.60 [0m
[2025-06-01T18:21:38.847+0000] {subprocess.py:93} INFO - 
[2025-06-01T18:23:42.796+0000] {job.py:229} INFO - Heartbeat recovered after 63.17 seconds
[2025-06-01T18:23:48.491+0000] {job.py:229} INFO - Heartbeat recovered after 51.64 seconds
[2025-06-01T18:26:11.233+0000] {job.py:229} INFO - Heartbeat recovered after 74.35 seconds
[2025-06-01T18:26:24.764+0000] {job.py:229} INFO - Heartbeat recovered after 79.01 seconds
[2025-06-01T18:26:35.200+0000] {job.py:229} INFO - Heartbeat recovered after 11.32 seconds
[2025-06-01T18:27:05.707+0000] {job.py:229} INFO - Heartbeat recovered after 22.10 seconds
[2025-06-01T18:27:53.475+0000] {job.py:229} INFO - Heartbeat recovered after 49.71 seconds
[2025-06-01T18:29:30.146+0000] {job.py:229} INFO - Heartbeat recovered after 90.41 seconds
[2025-06-01T18:30:07.187+0000] {job.py:229} INFO - Heartbeat recovered after 105.25 seconds
[2025-06-01T18:30:18.945+0000] {job.py:229} INFO - Heartbeat recovered after 12.06 seconds
[2025-06-01T18:30:32.191+0000] {job.py:229} INFO - Heartbeat recovered after 15.55 seconds
[2025-06-01T18:30:57.974+0000] {job.py:229} INFO - Heartbeat recovered after 26.67 seconds
[2025-06-01T18:31:09.791+0000] {job.py:229} INFO - Heartbeat recovered after 19.12 seconds
[2025-06-01T18:33:08.928+0000] {job.py:229} INFO - Heartbeat recovered after 111.19 seconds
[2025-06-01T18:33:22.085+0000] {job.py:229} INFO - Heartbeat recovered after 107.27 seconds
[2025-06-01T18:33:43.324+0000] {subprocess.py:93} INFO - :: loading settings :: url = jar:file:/opt/bitnami/spark/jars/ivy-2.5.0.jar!/org/apache/ivy/core/settings/ivysettings.xml
[2025-06-01T18:33:48.377+0000] {subprocess.py:93} INFO - Ivy Default Cache set to: /opt/bitnami/spark/.ivy2/cache
[2025-06-01T18:33:48.406+0000] {subprocess.py:93} INFO - The jars for the packages stored in: /opt/bitnami/spark/.ivy2/jars
[2025-06-01T18:33:48.788+0000] {subprocess.py:93} INFO - org.apache.spark#spark-sql-kafka-0-10_2.12 added as a dependency
[2025-06-01T18:33:48.789+0000] {subprocess.py:93} INFO - :: resolving dependencies :: org.apache.spark#spark-submit-parent-3d9b4eeb-a02b-493e-b46d-3cec0c4f2d8f;1.0
[2025-06-01T18:33:48.909+0000] {subprocess.py:93} INFO - 	confs: [default]
[2025-06-01T18:35:27.886+0000] {job.py:229} INFO - Heartbeat recovered after 99.66 seconds
[2025-06-01T18:35:54.430+0000] {job.py:229} INFO - Heartbeat recovered after 114.84 seconds
[2025-06-01T18:37:28.019+0000] {job.py:229} INFO - Heartbeat recovered after 94.68 seconds
[2025-06-01T18:37:39.618+0000] {subprocess.py:93} INFO - You probably access the destination server through a proxy server that is not well configured.
[2025-06-01T18:37:41.961+0000] {subprocess.py:93} INFO - You probably access the destination server through a proxy server that is not well configured.
[2025-06-01T18:37:52.081+0000] {job.py:229} INFO - Heartbeat recovered after 24.41 seconds
[2025-06-01T18:37:56.915+0000] {subprocess.py:93} INFO - You probably access the destination server through a proxy server that is not well configured.
[2025-06-01T18:37:56.927+0000] {subprocess.py:93} INFO - You probably access the destination server through a proxy server that is not well configured.
[2025-06-01T18:37:57.400+0000] {subprocess.py:93} INFO - :: resolution report :: resolve 244866ms :: artifacts dl 0ms
[2025-06-01T18:37:57.615+0000] {subprocess.py:93} INFO - 	:: modules in use:
[2025-06-01T18:37:57.641+0000] {subprocess.py:93} INFO - 	---------------------------------------------------------------------
[2025-06-01T18:37:57.741+0000] {subprocess.py:93} INFO - 	|                  |            modules            ||   artifacts   |
[2025-06-01T18:37:57.760+0000] {subprocess.py:93} INFO - 	|       conf       | number| search|dwnlded|evicted|| number|dwnlded|
[2025-06-01T18:37:57.824+0000] {subprocess.py:93} INFO - 	---------------------------------------------------------------------
[2025-06-01T18:37:57.825+0000] {subprocess.py:93} INFO - 	|      default     |   1   |   0   |   0   |   0   ||   0   |   0   |
[2025-06-01T18:37:57.825+0000] {subprocess.py:93} INFO - 	---------------------------------------------------------------------
[2025-06-01T18:37:57.923+0000] {subprocess.py:93} INFO - 
[2025-06-01T18:37:58.080+0000] {subprocess.py:93} INFO - :: problems summary ::
[2025-06-01T18:37:58.134+0000] {subprocess.py:93} INFO - :::: WARNINGS
[2025-06-01T18:37:58.225+0000] {subprocess.py:93} INFO - 	Host repo1.maven.org not found. url=https://repo1.maven.org/maven2/org/apache/spark/spark-sql-kafka-0-10_2.12/3.2.0/spark-sql-kafka-0-10_2.12-3.2.0.pom
[2025-06-01T18:37:58.318+0000] {subprocess.py:93} INFO - 
[2025-06-01T18:37:58.319+0000] {subprocess.py:93} INFO - 	Host repo1.maven.org not found. url=https://repo1.maven.org/maven2/org/apache/spark/spark-sql-kafka-0-10_2.12/3.2.0/spark-sql-kafka-0-10_2.12-3.2.0.jar
[2025-06-01T18:37:58.429+0000] {subprocess.py:93} INFO - 
[2025-06-01T18:37:58.438+0000] {subprocess.py:93} INFO - 	Host repos.spark-packages.org not found. url=https://repos.spark-packages.org/org/apache/spark/spark-sql-kafka-0-10_2.12/3.2.0/spark-sql-kafka-0-10_2.12-3.2.0.pom
[2025-06-01T18:37:58.453+0000] {subprocess.py:93} INFO - 
[2025-06-01T18:37:58.744+0000] {subprocess.py:93} INFO - 	Host repos.spark-packages.org not found. url=https://repos.spark-packages.org/org/apache/spark/spark-sql-kafka-0-10_2.12/3.2.0/spark-sql-kafka-0-10_2.12-3.2.0.jar
[2025-06-01T18:37:59.305+0000] {subprocess.py:93} INFO - 
[2025-06-01T18:37:59.394+0000] {subprocess.py:93} INFO - 		module not found: org.apache.spark#spark-sql-kafka-0-10_2.12;3.2.0
[2025-06-01T18:37:59.515+0000] {subprocess.py:93} INFO - 
[2025-06-01T18:37:59.970+0000] {subprocess.py:93} INFO - 	==== local-m2-cache: tried
[2025-06-01T18:38:00.215+0000] {subprocess.py:93} INFO - 
[2025-06-01T18:38:00.216+0000] {subprocess.py:93} INFO - 	  file:/opt/bitnami/spark/.m2/repository/org/apache/spark/spark-sql-kafka-0-10_2.12/3.2.0/spark-sql-kafka-0-10_2.12-3.2.0.pom
[2025-06-01T18:38:00.218+0000] {subprocess.py:93} INFO - 
[2025-06-01T18:38:00.218+0000] {subprocess.py:93} INFO - 	  -- artifact org.apache.spark#spark-sql-kafka-0-10_2.12;3.2.0!spark-sql-kafka-0-10_2.12.jar:
[2025-06-01T18:38:00.238+0000] {subprocess.py:93} INFO - 
[2025-06-01T18:38:00.239+0000] {subprocess.py:93} INFO - 	  file:/opt/bitnami/spark/.m2/repository/org/apache/spark/spark-sql-kafka-0-10_2.12/3.2.0/spark-sql-kafka-0-10_2.12-3.2.0.jar
[2025-06-01T18:38:00.239+0000] {subprocess.py:93} INFO - 
[2025-06-01T18:38:00.240+0000] {subprocess.py:93} INFO - 	==== local-ivy-cache: tried
[2025-06-01T18:38:00.247+0000] {subprocess.py:93} INFO - 
[2025-06-01T18:38:00.248+0000] {subprocess.py:93} INFO - 	  /opt/bitnami/spark/.ivy2/local/org.apache.spark/spark-sql-kafka-0-10_2.12/3.2.0/ivys/ivy.xml
[2025-06-01T18:38:00.249+0000] {subprocess.py:93} INFO - 
[2025-06-01T18:38:00.266+0000] {subprocess.py:93} INFO - 	  -- artifact org.apache.spark#spark-sql-kafka-0-10_2.12;3.2.0!spark-sql-kafka-0-10_2.12.jar:
[2025-06-01T18:38:00.344+0000] {subprocess.py:93} INFO - 
[2025-06-01T18:38:00.450+0000] {subprocess.py:93} INFO - 	  /opt/bitnami/spark/.ivy2/local/org.apache.spark/spark-sql-kafka-0-10_2.12/3.2.0/jars/spark-sql-kafka-0-10_2.12.jar
[2025-06-01T18:38:00.457+0000] {subprocess.py:93} INFO - 
[2025-06-01T18:38:00.466+0000] {subprocess.py:93} INFO - 	==== central: tried
[2025-06-01T18:38:00.467+0000] {subprocess.py:93} INFO - 
[2025-06-01T18:38:00.467+0000] {subprocess.py:93} INFO - 	  https://repo1.maven.org/maven2/org/apache/spark/spark-sql-kafka-0-10_2.12/3.2.0/spark-sql-kafka-0-10_2.12-3.2.0.pom
[2025-06-01T18:38:00.467+0000] {subprocess.py:93} INFO - 
[2025-06-01T18:38:00.468+0000] {subprocess.py:93} INFO - 	  -- artifact org.apache.spark#spark-sql-kafka-0-10_2.12;3.2.0!spark-sql-kafka-0-10_2.12.jar:
[2025-06-01T18:38:00.468+0000] {subprocess.py:93} INFO - 
[2025-06-01T18:38:00.469+0000] {subprocess.py:93} INFO - 	  https://repo1.maven.org/maven2/org/apache/spark/spark-sql-kafka-0-10_2.12/3.2.0/spark-sql-kafka-0-10_2.12-3.2.0.jar
[2025-06-01T18:38:00.469+0000] {subprocess.py:93} INFO - 
[2025-06-01T18:38:00.469+0000] {subprocess.py:93} INFO - 	==== spark-packages: tried
[2025-06-01T18:38:00.476+0000] {subprocess.py:93} INFO - 
[2025-06-01T18:38:00.476+0000] {subprocess.py:93} INFO - 	  https://repos.spark-packages.org/org/apache/spark/spark-sql-kafka-0-10_2.12/3.2.0/spark-sql-kafka-0-10_2.12-3.2.0.pom
[2025-06-01T18:38:00.477+0000] {subprocess.py:93} INFO - 
[2025-06-01T18:38:00.477+0000] {subprocess.py:93} INFO - 	  -- artifact org.apache.spark#spark-sql-kafka-0-10_2.12;3.2.0!spark-sql-kafka-0-10_2.12.jar:
[2025-06-01T18:38:00.478+0000] {subprocess.py:93} INFO - 
[2025-06-01T18:38:00.478+0000] {subprocess.py:93} INFO - 	  https://repos.spark-packages.org/org/apache/spark/spark-sql-kafka-0-10_2.12/3.2.0/spark-sql-kafka-0-10_2.12-3.2.0.jar
[2025-06-01T18:38:00.479+0000] {subprocess.py:93} INFO - 
[2025-06-01T18:38:00.479+0000] {subprocess.py:93} INFO - 		::::::::::::::::::::::::::::::::::::::::::::::
[2025-06-01T18:38:00.479+0000] {subprocess.py:93} INFO - 
[2025-06-01T18:38:00.480+0000] {subprocess.py:93} INFO - 		::          UNRESOLVED DEPENDENCIES         ::
[2025-06-01T18:38:00.480+0000] {subprocess.py:93} INFO - 
[2025-06-01T18:38:00.481+0000] {subprocess.py:93} INFO - 		::::::::::::::::::::::::::::::::::::::::::::::
[2025-06-01T18:38:00.481+0000] {subprocess.py:93} INFO - 
[2025-06-01T18:38:00.481+0000] {subprocess.py:93} INFO - 		:: org.apache.spark#spark-sql-kafka-0-10_2.12;3.2.0: not found
[2025-06-01T18:38:00.482+0000] {subprocess.py:93} INFO - 
[2025-06-01T18:38:00.482+0000] {subprocess.py:93} INFO - 		::::::::::::::::::::::::::::::::::::::::::::::
[2025-06-01T18:38:00.482+0000] {subprocess.py:93} INFO - 
[2025-06-01T18:38:00.892+0000] {subprocess.py:93} INFO - 
[2025-06-01T18:38:00.909+0000] {subprocess.py:93} INFO - 
[2025-06-01T18:38:00.910+0000] {subprocess.py:93} INFO - :: USE VERBOSE OR DEBUG MESSAGE LEVEL FOR MORE DETAILS
[2025-06-01T18:38:00.910+0000] {subprocess.py:93} INFO - Exception in thread "main" java.lang.RuntimeException: [unresolved dependency: org.apache.spark#spark-sql-kafka-0-10_2.12;3.2.0: not found]
[2025-06-01T18:38:00.911+0000] {subprocess.py:93} INFO - 	at org.apache.spark.deploy.SparkSubmitUtils$.resolveMavenCoordinates(SparkSubmit.scala:1456)
[2025-06-01T18:38:00.911+0000] {subprocess.py:93} INFO - 	at org.apache.spark.util.DependencyUtils$.resolveMavenDependencies(DependencyUtils.scala:185)
[2025-06-01T18:38:00.911+0000] {subprocess.py:93} INFO - 	at org.apache.spark.deploy.SparkSubmit.prepareSubmitEnvironment(SparkSubmit.scala:308)
[2025-06-01T18:38:00.913+0000] {subprocess.py:93} INFO - 	at org.apache.spark.deploy.SparkSubmit.org$apache$spark$deploy$SparkSubmit$$runMain(SparkSubmit.scala:901)
[2025-06-01T18:38:00.913+0000] {subprocess.py:93} INFO - 	at org.apache.spark.deploy.SparkSubmit.doRunMain$1(SparkSubmit.scala:180)
[2025-06-01T18:38:00.926+0000] {subprocess.py:93} INFO - 	at org.apache.spark.deploy.SparkSubmit.submit(SparkSubmit.scala:203)
[2025-06-01T18:38:00.972+0000] {subprocess.py:93} INFO - 	at org.apache.spark.deploy.SparkSubmit.doSubmit(SparkSubmit.scala:90)
[2025-06-01T18:38:01.009+0000] {subprocess.py:93} INFO - 	at org.apache.spark.deploy.SparkSubmit$$anon$2.doSubmit(SparkSubmit.scala:1046)
[2025-06-01T18:38:01.010+0000] {subprocess.py:93} INFO - 	at org.apache.spark.deploy.SparkSubmit$.main(SparkSubmit.scala:1055)
[2025-06-01T18:38:01.011+0000] {subprocess.py:93} INFO - 	at org.apache.spark.deploy.SparkSubmit.main(SparkSubmit.scala)
[2025-06-01T18:39:42.575+0000] {subprocess.py:97} INFO - Command exited with return code 1
[2025-06-01T18:39:52.294+0000] {taskinstance.py:3310} ERROR - Task failed with exception
Traceback (most recent call last):
  File "/home/airflow/.local/lib/python3.12/site-packages/airflow/models/taskinstance.py", line 767, in _execute_task
    result = _execute_callable(context=context, **execute_callable_kwargs)
             ^^^^^^^^^^^^^^^^^^^^^^^^^^^^^^^^^^^^^^^^^^^^^^^^^^^^^^^^^^^^^
  File "/home/airflow/.local/lib/python3.12/site-packages/airflow/models/taskinstance.py", line 733, in _execute_callable
    return ExecutionCallableRunner(
           ^^^^^^^^^^^^^^^^^^^^^^^^
  File "/home/airflow/.local/lib/python3.12/site-packages/airflow/utils/operator_helpers.py", line 252, in run
    return self.func(*args, **kwargs)
           ^^^^^^^^^^^^^^^^^^^^^^^^^^
  File "/home/airflow/.local/lib/python3.12/site-packages/airflow/models/baseoperator.py", line 406, in wrapper
    return func(self, *args, **kwargs)
           ^^^^^^^^^^^^^^^^^^^^^^^^^^^
  File "/home/airflow/.local/lib/python3.12/site-packages/airflow/operators/bash.py", line 249, in execute
    raise AirflowException(
airflow.exceptions.AirflowException: Bash command failed. The command returned a non-zero exit code 1.
[2025-06-01T18:39:53.936+0000] {taskinstance.py:1225} INFO - Marking task as UP_FOR_RETRY. dag_id=log_monitoring_dag, task_id=start_spark_consumer, run_id=manual__2025-06-01T18:06:21.402471+00:00, execution_date=20250601T180621, start_date=20250601T181145, end_date=20250601T183953
[2025-06-01T18:39:56.711+0000] {taskinstance.py:340} INFO - ::group::Post task execution logs
[2025-06-01T18:39:56.874+0000] {standard_task_runner.py:124} ERROR - Failed to execute job 89 for task start_spark_consumer (Bash command failed. The command returned a non-zero exit code 1.; 1014)
Traceback (most recent call last):
  File "/home/airflow/.local/lib/python3.12/site-packages/airflow/task/task_runner/standard_task_runner.py", line 117, in _start_by_fork
    ret = args.func(args, dag=self.dag)
          ^^^^^^^^^^^^^^^^^^^^^^^^^^^^^
  File "/home/airflow/.local/lib/python3.12/site-packages/airflow/cli/cli_config.py", line 49, in command
    return func(*args, **kwargs)
           ^^^^^^^^^^^^^^^^^^^^^
  File "/home/airflow/.local/lib/python3.12/site-packages/airflow/utils/cli.py", line 115, in wrapper
    return f(*args, **kwargs)
           ^^^^^^^^^^^^^^^^^^
  File "/home/airflow/.local/lib/python3.12/site-packages/airflow/cli/commands/task_command.py", line 483, in task_run
    task_return_code = _run_task_by_selected_method(args, _dag, ti)
                       ^^^^^^^^^^^^^^^^^^^^^^^^^^^^^^^^^^^^^^^^^^^^
  File "/home/airflow/.local/lib/python3.12/site-packages/airflow/cli/commands/task_command.py", line 256, in _run_task_by_selected_method
    return _run_raw_task(args, ti)
           ^^^^^^^^^^^^^^^^^^^^^^^
  File "/home/airflow/.local/lib/python3.12/site-packages/airflow/cli/commands/task_command.py", line 341, in _run_raw_task
    return ti._run_raw_task(
           ^^^^^^^^^^^^^^^^^
  File "/home/airflow/.local/lib/python3.12/site-packages/airflow/utils/session.py", line 97, in wrapper
    return func(*args, session=session, **kwargs)
           ^^^^^^^^^^^^^^^^^^^^^^^^^^^^^^^^^^^^^^
  File "/home/airflow/.local/lib/python3.12/site-packages/airflow/models/taskinstance.py", line 3004, in _run_raw_task
    return _run_raw_task(
           ^^^^^^^^^^^^^^
  File "/home/airflow/.local/lib/python3.12/site-packages/airflow/models/taskinstance.py", line 273, in _run_raw_task
    TaskInstance._execute_task_with_callbacks(
  File "/home/airflow/.local/lib/python3.12/site-packages/airflow/models/taskinstance.py", line 3158, in _execute_task_with_callbacks
    result = self._execute_task(context, task_orig)
             ^^^^^^^^^^^^^^^^^^^^^^^^^^^^^^^^^^^^^^
  File "/home/airflow/.local/lib/python3.12/site-packages/airflow/models/taskinstance.py", line 3182, in _execute_task
    return _execute_task(self, context, task_orig)
           ^^^^^^^^^^^^^^^^^^^^^^^^^^^^^^^^^^^^^^^
  File "/home/airflow/.local/lib/python3.12/site-packages/airflow/models/taskinstance.py", line 767, in _execute_task
    result = _execute_callable(context=context, **execute_callable_kwargs)
             ^^^^^^^^^^^^^^^^^^^^^^^^^^^^^^^^^^^^^^^^^^^^^^^^^^^^^^^^^^^^^
  File "/home/airflow/.local/lib/python3.12/site-packages/airflow/models/taskinstance.py", line 733, in _execute_callable
    return ExecutionCallableRunner(
           ^^^^^^^^^^^^^^^^^^^^^^^^
  File "/home/airflow/.local/lib/python3.12/site-packages/airflow/utils/operator_helpers.py", line 252, in run
    return self.func(*args, **kwargs)
           ^^^^^^^^^^^^^^^^^^^^^^^^^^
  File "/home/airflow/.local/lib/python3.12/site-packages/airflow/models/baseoperator.py", line 406, in wrapper
    return func(self, *args, **kwargs)
           ^^^^^^^^^^^^^^^^^^^^^^^^^^^
  File "/home/airflow/.local/lib/python3.12/site-packages/airflow/operators/bash.py", line 249, in execute
    raise AirflowException(
airflow.exceptions.AirflowException: Bash command failed. The command returned a non-zero exit code 1.
[2025-06-01T18:39:57.548+0000] {local_task_job_runner.py:266} INFO - Task exited with return code 1
[2025-06-01T18:39:57.997+0000] {standard_task_runner.py:217} INFO - Process not found (most likely exited), stop collecting metrics
[2025-06-01T18:40:07.951+0000] {taskinstance.py:3900} INFO - 0 downstream tasks scheduled from follow-on schedule check
[2025-06-01T18:40:08.784+0000] {local_task_job_runner.py:245} INFO - ::endgroup::
