[2025-06-02T01:49:57.340+0000] {local_task_job_runner.py:123} INFO - ::group::Pre task execution logs
[2025-06-02T01:49:57.360+0000] {taskinstance.py:2612} INFO - Dependencies all met for dep_context=non-requeueable deps ti=<TaskInstance: log_monitoring_dag.start_spark_consumer manual__2025-06-02T01:38:51.955055+00:00 [queued]>
[2025-06-02T01:49:57.369+0000] {taskinstance.py:2612} INFO - Dependencies all met for dep_context=requeueable deps ti=<TaskInstance: log_monitoring_dag.start_spark_consumer manual__2025-06-02T01:38:51.955055+00:00 [queued]>
[2025-06-02T01:49:57.369+0000] {taskinstance.py:2865} INFO - Starting attempt 2 of 2
[2025-06-02T01:49:57.388+0000] {taskinstance.py:2888} INFO - Executing <Task(BashOperator): start_spark_consumer> on 2025-06-02 01:38:51.955055+00:00
[2025-06-02T01:49:57.397+0000] {logging_mixin.py:190} WARNING - /home/***/.local/lib/python3.12/site-packages/***/task/task_runner/standard_task_runner.py:70 DeprecationWarning: This process (pid=758) is multi-threaded, use of fork() may lead to deadlocks in the child.
[2025-06-02T01:49:57.399+0000] {standard_task_runner.py:72} INFO - Started process 759 to run task
[2025-06-02T01:49:57.397+0000] {standard_task_runner.py:104} INFO - Running: ['***', 'tasks', 'run', 'log_monitoring_dag', 'start_spark_consumer', 'manual__2025-06-02T01:38:51.955055+00:00', '--job-id', '74', '--raw', '--subdir', 'DAGS_FOLDER/log_monitoring_dag.py', '--cfg-path', '/tmp/tmp5awykh9b']
[2025-06-02T01:49:57.400+0000] {standard_task_runner.py:105} INFO - Job 74: Subtask start_spark_consumer
[2025-06-02T01:49:57.436+0000] {logging_mixin.py:190} WARNING - /home/***/.local/lib/python3.12/site-packages/***/settings.py:209 DeprecationWarning: The sql_alchemy_conn option in [core] has been moved to the sql_alchemy_conn option in [database] - the old setting has been used, but please update your config.
[2025-06-02T01:49:57.476+0000] {task_command.py:467} INFO - Running <TaskInstance: log_monitoring_dag.start_spark_consumer manual__2025-06-02T01:38:51.955055+00:00 [running]> on host 95af1ae74a08
[2025-06-02T01:49:57.632+0000] {taskinstance.py:3131} INFO - Exporting env vars: AIRFLOW_CTX_DAG_OWNER='***' AIRFLOW_CTX_DAG_ID='log_monitoring_dag' AIRFLOW_CTX_TASK_ID='start_spark_consumer' AIRFLOW_CTX_EXECUTION_DATE='2025-06-02T01:38:51.955055+00:00' AIRFLOW_CTX_TRY_NUMBER='2' AIRFLOW_CTX_DAG_RUN_ID='manual__2025-06-02T01:38:51.955055+00:00'
[2025-06-02T01:49:57.633+0000] {taskinstance.py:731} INFO - ::endgroup::
[2025-06-02T01:49:57.670+0000] {subprocess.py:63} INFO - Tmp dir root location: /tmp
[2025-06-02T01:49:57.674+0000] {subprocess.py:75} INFO - Running command: ['/usr/bin/bash', '-c', '\n            docker run --rm             --network realtime_log_monitoring_default             -v /opt/***/app:/app             bitnami/spark:3.3.0             spark-submit --packages org.apache.spark:spark-sql-kafka-0-10_2.12:3.2.0 /app/log_consumer.py\n        ']
[2025-06-02T01:49:57.686+0000] {subprocess.py:86} INFO - Output:
[2025-06-02T01:50:10.324+0000] {subprocess.py:93} INFO - [38;5;6m [38;5;5m01:50:10.32 [0m
[2025-06-02T01:50:10.325+0000] {subprocess.py:93} INFO - [38;5;6m [38;5;5m01:50:10.32 [0m[1mWelcome to the Bitnami spark container[0m
[2025-06-02T01:50:10.326+0000] {subprocess.py:93} INFO - [38;5;6m [38;5;5m01:50:10.32 [0mSubscribe to project updates by watching [1mhttps://github.com/bitnami/containers[0m
[2025-06-02T01:50:10.328+0000] {subprocess.py:93} INFO - [38;5;6m [38;5;5m01:50:10.32 [0mSubmit issues and feature requests at [1mhttps://github.com/bitnami/containers/issues[0m
[2025-06-02T01:50:10.329+0000] {subprocess.py:93} INFO - [38;5;6m [38;5;5m01:50:10.32 [0m
[2025-06-02T01:50:10.344+0000] {subprocess.py:93} INFO - 
[2025-06-02T01:50:19.490+0000] {subprocess.py:93} INFO - :: loading settings :: url = jar:file:/opt/bitnami/spark/jars/ivy-2.5.0.jar!/org/apache/ivy/core/settings/ivysettings.xml
[2025-06-02T01:50:23.594+0000] {job.py:229} INFO - Heartbeat recovered after 11.04 seconds
[2025-06-02T01:50:26.446+0000] {subprocess.py:93} INFO - Ivy Default Cache set to: /opt/bitnami/spark/.ivy2/cache
[2025-06-02T01:50:26.448+0000] {subprocess.py:93} INFO - The jars for the packages stored in: /opt/bitnami/spark/.ivy2/jars
[2025-06-02T01:50:26.725+0000] {subprocess.py:93} INFO - org.apache.spark#spark-sql-kafka-0-10_2.12 added as a dependency
[2025-06-02T01:50:26.758+0000] {subprocess.py:93} INFO - :: resolving dependencies :: org.apache.spark#spark-submit-parent-da796db8-4919-44d4-a0a5-03b253a3ec17;1.0
[2025-06-02T01:50:26.780+0000] {subprocess.py:93} INFO - 	confs: [default]
[2025-06-02T01:50:36.018+0000] {job.py:229} INFO - Heartbeat recovered after 12.81 seconds
[2025-06-02T01:51:06.437+0000] {job.py:229} INFO - Heartbeat recovered after 30.44 seconds
[2025-06-02T01:51:15.301+0000] {job.py:229} INFO - Heartbeat recovered after 19.90 seconds
[2025-06-02T01:51:27.213+0000] {subprocess.py:93} INFO - 	found org.apache.spark#spark-sql-kafka-0-10_2.12;3.2.0 in central
[2025-06-02T01:51:29.488+0000] {subprocess.py:93} INFO - 	found org.apache.spark#spark-token-provider-kafka-0-10_2.12;3.2.0 in central
[2025-06-02T01:51:30.027+0000] {subprocess.py:93} INFO - 	found org.apache.kafka#kafka-clients;2.8.0 in central
[2025-06-02T01:51:33.010+0000] {subprocess.py:93} INFO - 	found org.lz4#lz4-java;1.7.1 in central
[2025-06-02T01:51:34.066+0000] {subprocess.py:93} INFO - 	found org.xerial.snappy#snappy-java;1.1.8.4 in central
[2025-06-02T01:51:37.719+0000] {subprocess.py:93} INFO - 	found org.slf4j#slf4j-api;1.7.30 in central
[2025-06-02T01:51:43.042+0000] {subprocess.py:93} INFO - 	found org.apache.hadoop#hadoop-client-runtime;3.3.1 in central
[2025-06-02T01:51:44.522+0000] {subprocess.py:93} INFO - 	found org.spark-project.spark#unused;1.0.0 in central
[2025-06-02T01:51:45.012+0000] {subprocess.py:93} INFO - 	found org.apache.hadoop#hadoop-client-api;3.3.1 in central
[2025-06-02T01:51:47.898+0000] {subprocess.py:93} INFO - 	found org.apache.htrace#htrace-core4;4.1.0-incubating in central
[2025-06-02T01:51:53.961+0000] {subprocess.py:93} INFO - 	found commons-logging#commons-logging;1.1.3 in central
[2025-06-02T01:51:54.387+0000] {subprocess.py:93} INFO - 	found com.google.code.findbugs#jsr305;3.0.0 in central
[2025-06-02T01:51:57.304+0000] {subprocess.py:93} INFO - 	found org.apache.commons#commons-pool2;2.6.2 in central
[2025-06-02T01:51:57.472+0000] {subprocess.py:93} INFO - downloading https://repo1.maven.org/maven2/org/apache/spark/spark-sql-kafka-0-10_2.12/3.2.0/spark-sql-kafka-0-10_2.12-3.2.0.jar ...
[2025-06-02T01:51:58.011+0000] {subprocess.py:93} INFO - 	[SUCCESSFUL ] org.apache.spark#spark-sql-kafka-0-10_2.12;3.2.0!spark-sql-kafka-0-10_2.12.jar (672ms)
[2025-06-02T01:51:58.140+0000] {subprocess.py:93} INFO - downloading https://repo1.maven.org/maven2/org/apache/spark/spark-token-provider-kafka-0-10_2.12/3.2.0/spark-token-provider-kafka-0-10_2.12-3.2.0.jar ...
[2025-06-02T01:51:58.361+0000] {subprocess.py:93} INFO - 	[SUCCESSFUL ] org.apache.spark#spark-token-provider-kafka-0-10_2.12;3.2.0!spark-token-provider-kafka-0-10_2.12.jar (348ms)
[2025-06-02T01:51:58.493+0000] {subprocess.py:93} INFO - downloading https://repo1.maven.org/maven2/org/apache/kafka/kafka-clients/2.8.0/kafka-clients-2.8.0.jar ...
[2025-06-02T01:52:08.675+0000] {job.py:229} INFO - Heartbeat recovered after 10.81 seconds
[2025-06-02T01:52:09.640+0000] {subprocess.py:93} INFO - 	[SUCCESSFUL ] org.apache.kafka#kafka-clients;2.8.0!kafka-clients.jar (11279ms)
[2025-06-02T01:52:09.771+0000] {subprocess.py:93} INFO - downloading https://repo1.maven.org/maven2/com/google/code/findbugs/jsr305/3.0.0/jsr305-3.0.0.jar ...
[2025-06-02T01:52:09.910+0000] {subprocess.py:93} INFO - 	[SUCCESSFUL ] com.google.code.findbugs#jsr305;3.0.0!jsr305.jar (270ms)
[2025-06-02T01:52:10.041+0000] {subprocess.py:93} INFO - downloading https://repo1.maven.org/maven2/org/apache/commons/commons-pool2/2.6.2/commons-pool2-2.6.2.jar ...
[2025-06-02T01:52:10.518+0000] {subprocess.py:93} INFO - 	[SUCCESSFUL ] org.apache.commons#commons-pool2;2.6.2!commons-pool2.jar (308ms)
[2025-06-02T01:52:10.794+0000] {subprocess.py:93} INFO - downloading https://repo1.maven.org/maven2/org/spark-project/spark/unused/1.0.0/unused-1.0.0.jar ...
[2025-06-02T01:52:10.927+0000] {subprocess.py:93} INFO - 	[SUCCESSFUL ] org.spark-project.spark#unused;1.0.0!unused.jar (707ms)
[2025-06-02T01:52:11.058+0000] {subprocess.py:93} INFO - downloading https://repo1.maven.org/maven2/org/apache/hadoop/hadoop-client-runtime/3.3.1/hadoop-client-runtime-3.3.1.jar ...
[2025-06-02T01:52:27.201+0000] {job.py:229} INFO - Heartbeat recovered after 11.39 seconds
[2025-06-02T01:52:39.197+0000] {job.py:229} INFO - Heartbeat recovered after 16.92 seconds
[2025-06-02T01:52:56.629+0000] {job.py:229} INFO - Heartbeat recovered after 17.60 seconds
[2025-06-02T01:53:13.844+0000] {job.py:229} INFO - Heartbeat recovered after 17.47 seconds
[2025-06-02T01:53:22.807+0000] {subprocess.py:93} INFO - 	[SUCCESSFUL ] org.apache.hadoop#hadoop-client-runtime;3.3.1!hadoop-client-runtime.jar (71878ms)
[2025-06-02T01:53:23.014+0000] {subprocess.py:93} INFO - downloading https://repo1.maven.org/maven2/org/lz4/lz4-java/1.7.1/lz4-java-1.7.1.jar ...
[2025-06-02T01:53:23.469+0000] {subprocess.py:93} INFO - 	[SUCCESSFUL ] org.lz4#lz4-java;1.7.1!lz4-java.jar (663ms)
[2025-06-02T01:53:23.769+0000] {subprocess.py:93} INFO - downloading https://repo1.maven.org/maven2/org/xerial/snappy/snappy-java/1.1.8.4/snappy-java-1.1.8.4.jar ...
[2025-06-02T01:53:24.863+0000] {subprocess.py:93} INFO - 	[SUCCESSFUL ] org.xerial.snappy#snappy-java;1.1.8.4!snappy-java.jar(bundle) (1392ms)
[2025-06-02T01:53:24.994+0000] {subprocess.py:93} INFO - downloading https://repo1.maven.org/maven2/org/slf4j/slf4j-api/1.7.30/slf4j-api-1.7.30.jar ...
[2025-06-02T01:53:25.291+0000] {subprocess.py:93} INFO - 	[SUCCESSFUL ] org.slf4j#slf4j-api;1.7.30!slf4j-api.jar (427ms)
[2025-06-02T01:53:25.422+0000] {subprocess.py:93} INFO - downloading https://repo1.maven.org/maven2/org/apache/hadoop/hadoop-client-api/3.3.1/hadoop-client-api-3.3.1.jar ...
[2025-06-02T01:53:40.520+0000] {job.py:229} INFO - Heartbeat recovered after 10.95 seconds
[2025-06-02T01:53:49.834+0000] {subprocess.py:93} INFO - 	[SUCCESSFUL ] org.apache.hadoop#hadoop-client-api;3.3.1!hadoop-client-api.jar (24541ms)
[2025-06-02T01:53:49.971+0000] {subprocess.py:93} INFO - downloading https://repo1.maven.org/maven2/org/apache/htrace/htrace-core4/4.1.0-incubating/htrace-core4-4.1.0-incubating.jar ...
[2025-06-02T01:53:51.258+0000] {subprocess.py:93} INFO - 	[SUCCESSFUL ] org.apache.htrace#htrace-core4;4.1.0-incubating!htrace-core4.jar (1421ms)
[2025-06-02T01:53:51.391+0000] {subprocess.py:93} INFO - downloading https://repo1.maven.org/maven2/commons-logging/commons-logging/1.1.3/commons-logging-1.1.3.jar ...
[2025-06-02T01:53:51.662+0000] {subprocess.py:93} INFO - 	[SUCCESSFUL ] commons-logging#commons-logging;1.1.3!commons-logging.jar (402ms)
[2025-06-02T01:53:51.662+0000] {subprocess.py:93} INFO - :: resolution report :: resolve 90890ms :: artifacts dl 114324ms
[2025-06-02T01:53:51.841+0000] {subprocess.py:93} INFO - 	:: modules in use:
[2025-06-02T01:53:52.253+0000] {subprocess.py:93} INFO - 	com.google.code.findbugs#jsr305;3.0.0 from central in [default]
[2025-06-02T01:53:52.444+0000] {subprocess.py:93} INFO - 	commons-logging#commons-logging;1.1.3 from central in [default]
[2025-06-02T01:53:52.771+0000] {subprocess.py:93} INFO - 	org.apache.commons#commons-pool2;2.6.2 from central in [default]
[2025-06-02T01:53:52.772+0000] {subprocess.py:93} INFO - 	org.apache.hadoop#hadoop-client-api;3.3.1 from central in [default]
[2025-06-02T01:53:52.773+0000] {subprocess.py:93} INFO - 	org.apache.hadoop#hadoop-client-runtime;3.3.1 from central in [default]
[2025-06-02T01:53:52.773+0000] {subprocess.py:93} INFO - 	org.apache.htrace#htrace-core4;4.1.0-incubating from central in [default]
[2025-06-02T01:53:52.773+0000] {subprocess.py:93} INFO - 	org.apache.kafka#kafka-clients;2.8.0 from central in [default]
[2025-06-02T01:53:52.774+0000] {subprocess.py:93} INFO - 	org.apache.spark#spark-sql-kafka-0-10_2.12;3.2.0 from central in [default]
[2025-06-02T01:53:52.774+0000] {subprocess.py:93} INFO - 	org.apache.spark#spark-token-provider-kafka-0-10_2.12;3.2.0 from central in [default]
[2025-06-02T01:53:52.775+0000] {subprocess.py:93} INFO - 	org.lz4#lz4-java;1.7.1 from central in [default]
[2025-06-02T01:53:52.775+0000] {subprocess.py:93} INFO - 	org.slf4j#slf4j-api;1.7.30 from central in [default]
[2025-06-02T01:53:52.981+0000] {subprocess.py:93} INFO - 	org.spark-project.spark#unused;1.0.0 from central in [default]
[2025-06-02T01:53:52.982+0000] {subprocess.py:93} INFO - 	org.xerial.snappy#snappy-java;1.1.8.4 from central in [default]
[2025-06-02T01:53:52.983+0000] {subprocess.py:93} INFO - 	---------------------------------------------------------------------
[2025-06-02T01:53:52.983+0000] {subprocess.py:93} INFO - 	|                  |            modules            ||   artifacts   |
[2025-06-02T01:53:52.984+0000] {subprocess.py:93} INFO - 	|       conf       | number| search|dwnlded|evicted|| number|dwnlded|
[2025-06-02T01:53:52.984+0000] {subprocess.py:93} INFO - 	---------------------------------------------------------------------
[2025-06-02T01:53:52.985+0000] {subprocess.py:93} INFO - 	|      default     |   13  |   13  |   13  |   0   ||   13  |   13  |
[2025-06-02T01:53:52.985+0000] {subprocess.py:93} INFO - 	---------------------------------------------------------------------
[2025-06-02T01:53:54.864+0000] {subprocess.py:93} INFO - :: retrieving :: org.apache.spark#spark-submit-parent-da796db8-4919-44d4-a0a5-03b253a3ec17
[2025-06-02T01:53:54.865+0000] {subprocess.py:93} INFO - 	confs: [default]
[2025-06-02T01:54:03.011+0000] {job.py:229} INFO - Heartbeat recovered after 11.66 seconds
[2025-06-02T01:54:37.518+0000] {job.py:229} INFO - Heartbeat recovered after 16.14 seconds
[2025-06-02T01:55:21.236+0000] {job.py:229} INFO - Heartbeat recovered after 11.46 seconds
[2025-06-02T01:55:22.077+0000] {subprocess.py:93} INFO - 	13 artifacts copied, 0 already retrieved (59181kB/87213ms)
[2025-06-02T01:55:34.437+0000] {job.py:229} INFO - Heartbeat recovered after 13.22 seconds
[2025-06-02T01:55:46.874+0000] {job.py:229} INFO - Heartbeat recovered after 13.36 seconds
[2025-06-02T01:55:49.162+0000] {subprocess.py:93} INFO - 25/06/02 01:55:48 WARN NativeCodeLoader: Unable to load native-hadoop library for your platform... using builtin-java classes where applicable
[2025-06-02T01:56:22.617+0000] {subprocess.py:93} INFO - python3: can't open file '/app/log_consumer.py': [Errno 2] No such file or directory
[2025-06-02T01:56:22.886+0000] {subprocess.py:93} INFO - 25/06/02 01:56:22 INFO ShutdownHookManager: Shutdown hook called
[2025-06-02T01:56:22.887+0000] {subprocess.py:93} INFO - 25/06/02 01:56:22 INFO ShutdownHookManager: Deleting directory /tmp/spark-bc0a6940-cf25-4a80-979a-6df751ff581e
[2025-06-02T01:56:24.515+0000] {subprocess.py:97} INFO - Command exited with return code 2
[2025-06-02T01:56:25.363+0000] {taskinstance.py:3310} ERROR - Task failed with exception
Traceback (most recent call last):
  File "/home/airflow/.local/lib/python3.12/site-packages/airflow/models/taskinstance.py", line 767, in _execute_task
    result = _execute_callable(context=context, **execute_callable_kwargs)
             ^^^^^^^^^^^^^^^^^^^^^^^^^^^^^^^^^^^^^^^^^^^^^^^^^^^^^^^^^^^^^
  File "/home/airflow/.local/lib/python3.12/site-packages/airflow/models/taskinstance.py", line 733, in _execute_callable
    return ExecutionCallableRunner(
           ^^^^^^^^^^^^^^^^^^^^^^^^
  File "/home/airflow/.local/lib/python3.12/site-packages/airflow/utils/operator_helpers.py", line 252, in run
    return self.func(*args, **kwargs)
           ^^^^^^^^^^^^^^^^^^^^^^^^^^
  File "/home/airflow/.local/lib/python3.12/site-packages/airflow/models/baseoperator.py", line 406, in wrapper
    return func(self, *args, **kwargs)
           ^^^^^^^^^^^^^^^^^^^^^^^^^^^
  File "/home/airflow/.local/lib/python3.12/site-packages/airflow/operators/bash.py", line 249, in execute
    raise AirflowException(
airflow.exceptions.AirflowException: Bash command failed. The command returned a non-zero exit code 2.
[2025-06-02T01:56:25.371+0000] {taskinstance.py:1225} INFO - Marking task as FAILED. dag_id=log_monitoring_dag, task_id=start_spark_consumer, run_id=manual__2025-06-02T01:38:51.955055+00:00, execution_date=20250602T013851, start_date=20250602T014957, end_date=20250602T015625
[2025-06-02T01:56:25.599+0000] {taskinstance.py:340} INFO - ::group::Post task execution logs
[2025-06-02T01:56:25.600+0000] {standard_task_runner.py:124} ERROR - Failed to execute job 74 for task start_spark_consumer (Bash command failed. The command returned a non-zero exit code 2.; 759)
Traceback (most recent call last):
  File "/home/airflow/.local/lib/python3.12/site-packages/airflow/task/task_runner/standard_task_runner.py", line 117, in _start_by_fork
    ret = args.func(args, dag=self.dag)
          ^^^^^^^^^^^^^^^^^^^^^^^^^^^^^
  File "/home/airflow/.local/lib/python3.12/site-packages/airflow/cli/cli_config.py", line 49, in command
    return func(*args, **kwargs)
           ^^^^^^^^^^^^^^^^^^^^^
  File "/home/airflow/.local/lib/python3.12/site-packages/airflow/utils/cli.py", line 115, in wrapper
    return f(*args, **kwargs)
           ^^^^^^^^^^^^^^^^^^
  File "/home/airflow/.local/lib/python3.12/site-packages/airflow/cli/commands/task_command.py", line 483, in task_run
    task_return_code = _run_task_by_selected_method(args, _dag, ti)
                       ^^^^^^^^^^^^^^^^^^^^^^^^^^^^^^^^^^^^^^^^^^^^
  File "/home/airflow/.local/lib/python3.12/site-packages/airflow/cli/commands/task_command.py", line 256, in _run_task_by_selected_method
    return _run_raw_task(args, ti)
           ^^^^^^^^^^^^^^^^^^^^^^^
  File "/home/airflow/.local/lib/python3.12/site-packages/airflow/cli/commands/task_command.py", line 341, in _run_raw_task
    return ti._run_raw_task(
           ^^^^^^^^^^^^^^^^^
  File "/home/airflow/.local/lib/python3.12/site-packages/airflow/utils/session.py", line 97, in wrapper
    return func(*args, session=session, **kwargs)
           ^^^^^^^^^^^^^^^^^^^^^^^^^^^^^^^^^^^^^^
  File "/home/airflow/.local/lib/python3.12/site-packages/airflow/models/taskinstance.py", line 3004, in _run_raw_task
    return _run_raw_task(
           ^^^^^^^^^^^^^^
  File "/home/airflow/.local/lib/python3.12/site-packages/airflow/models/taskinstance.py", line 273, in _run_raw_task
    TaskInstance._execute_task_with_callbacks(
  File "/home/airflow/.local/lib/python3.12/site-packages/airflow/models/taskinstance.py", line 3158, in _execute_task_with_callbacks
    result = self._execute_task(context, task_orig)
             ^^^^^^^^^^^^^^^^^^^^^^^^^^^^^^^^^^^^^^
  File "/home/airflow/.local/lib/python3.12/site-packages/airflow/models/taskinstance.py", line 3182, in _execute_task
    return _execute_task(self, context, task_orig)
           ^^^^^^^^^^^^^^^^^^^^^^^^^^^^^^^^^^^^^^^
  File "/home/airflow/.local/lib/python3.12/site-packages/airflow/models/taskinstance.py", line 767, in _execute_task
    result = _execute_callable(context=context, **execute_callable_kwargs)
             ^^^^^^^^^^^^^^^^^^^^^^^^^^^^^^^^^^^^^^^^^^^^^^^^^^^^^^^^^^^^^
  File "/home/airflow/.local/lib/python3.12/site-packages/airflow/models/taskinstance.py", line 733, in _execute_callable
    return ExecutionCallableRunner(
           ^^^^^^^^^^^^^^^^^^^^^^^^
  File "/home/airflow/.local/lib/python3.12/site-packages/airflow/utils/operator_helpers.py", line 252, in run
    return self.func(*args, **kwargs)
           ^^^^^^^^^^^^^^^^^^^^^^^^^^
  File "/home/airflow/.local/lib/python3.12/site-packages/airflow/models/baseoperator.py", line 406, in wrapper
    return func(self, *args, **kwargs)
           ^^^^^^^^^^^^^^^^^^^^^^^^^^^
  File "/home/airflow/.local/lib/python3.12/site-packages/airflow/operators/bash.py", line 249, in execute
    raise AirflowException(
airflow.exceptions.AirflowException: Bash command failed. The command returned a non-zero exit code 2.
[2025-06-02T01:56:25.634+0000] {local_task_job_runner.py:266} INFO - Task exited with return code 1
[2025-06-02T01:56:26.170+0000] {taskinstance.py:3900} INFO - 0 downstream tasks scheduled from follow-on schedule check
[2025-06-02T01:56:26.201+0000] {local_task_job_runner.py:245} INFO - ::endgroup::
