[2025-06-02T02:08:18.498+0000] {local_task_job_runner.py:123} INFO - ::group::Pre task execution logs
[2025-06-02T02:08:18.517+0000] {taskinstance.py:2612} INFO - Dependencies all met for dep_context=non-requeueable deps ti=<TaskInstance: log_monitoring_dag.start_spark_consumer manual__2025-06-02T01:38:51.955055+00:00 [queued]>
[2025-06-02T02:08:18.528+0000] {taskinstance.py:2612} INFO - Dependencies all met for dep_context=requeueable deps ti=<TaskInstance: log_monitoring_dag.start_spark_consumer manual__2025-06-02T01:38:51.955055+00:00 [queued]>
[2025-06-02T02:08:18.528+0000] {taskinstance.py:2865} INFO - Starting attempt 5 of 6
[2025-06-02T02:08:18.572+0000] {taskinstance.py:2888} INFO - Executing <Task(BashOperator): start_spark_consumer> on 2025-06-02 01:38:51.955055+00:00
[2025-06-02T02:08:18.580+0000] {logging_mixin.py:190} WARNING - /home/***/.local/lib/python3.12/site-packages/***/task/task_runner/standard_task_runner.py:70 DeprecationWarning: This process (pid=918) is multi-threaded, use of fork() may lead to deadlocks in the child.
[2025-06-02T02:08:18.581+0000] {standard_task_runner.py:72} INFO - Started process 919 to run task
[2025-06-02T02:08:18.580+0000] {standard_task_runner.py:104} INFO - Running: ['***', 'tasks', 'run', 'log_monitoring_dag', 'start_spark_consumer', 'manual__2025-06-02T01:38:51.955055+00:00', '--job-id', '77', '--raw', '--subdir', 'DAGS_FOLDER/log_monitoring_dag.py', '--cfg-path', '/tmp/tmpz94ipb3u']
[2025-06-02T02:08:18.583+0000] {standard_task_runner.py:105} INFO - Job 77: Subtask start_spark_consumer
[2025-06-02T02:08:18.603+0000] {logging_mixin.py:190} WARNING - /home/***/.local/lib/python3.12/site-packages/***/settings.py:209 DeprecationWarning: The sql_alchemy_conn option in [core] has been moved to the sql_alchemy_conn option in [database] - the old setting has been used, but please update your config.
[2025-06-02T02:08:18.648+0000] {task_command.py:467} INFO - Running <TaskInstance: log_monitoring_dag.start_spark_consumer manual__2025-06-02T01:38:51.955055+00:00 [running]> on host 95af1ae74a08
[2025-06-02T02:08:18.742+0000] {taskinstance.py:3131} INFO - Exporting env vars: AIRFLOW_CTX_DAG_OWNER='***' AIRFLOW_CTX_DAG_ID='log_monitoring_dag' AIRFLOW_CTX_TASK_ID='start_spark_consumer' AIRFLOW_CTX_EXECUTION_DATE='2025-06-02T01:38:51.955055+00:00' AIRFLOW_CTX_TRY_NUMBER='5' AIRFLOW_CTX_DAG_RUN_ID='manual__2025-06-02T01:38:51.955055+00:00'
[2025-06-02T02:08:18.743+0000] {taskinstance.py:731} INFO - ::endgroup::
[2025-06-02T02:08:18.761+0000] {subprocess.py:63} INFO - Tmp dir root location: /tmp
[2025-06-02T02:08:18.763+0000] {subprocess.py:75} INFO - Running command: ['/usr/bin/bash', '-c', '\n            docker run --rm             --network realtime_log_monitoring_default             -v $(pwd)/app:/app             bitnami/spark:3.3.0             spark-submit --packages org.apache.spark:spark-sql-kafka-0-10_2.12:3.3.0 /app/log_consumer.py\n        ']
[2025-06-02T02:08:18.771+0000] {subprocess.py:86} INFO - Output:
[2025-06-02T02:08:20.932+0000] {subprocess.py:93} INFO - [38;5;6m [38;5;5m02:08:20.93 [0m
[2025-06-02T02:08:20.933+0000] {subprocess.py:93} INFO - [38;5;6m [38;5;5m02:08:20.93 [0m[1mWelcome to the Bitnami spark container[0m
[2025-06-02T02:08:20.935+0000] {subprocess.py:93} INFO - [38;5;6m [38;5;5m02:08:20.93 [0mSubscribe to project updates by watching [1mhttps://github.com/bitnami/containers[0m
[2025-06-02T02:08:20.937+0000] {subprocess.py:93} INFO - [38;5;6m [38;5;5m02:08:20.93 [0mSubmit issues and feature requests at [1mhttps://github.com/bitnami/containers/issues[0m
[2025-06-02T02:08:20.939+0000] {subprocess.py:93} INFO - [38;5;6m [38;5;5m02:08:20.93 [0m
[2025-06-02T02:08:20.952+0000] {subprocess.py:93} INFO - 
[2025-06-02T02:08:22.798+0000] {subprocess.py:93} INFO - :: loading settings :: url = jar:file:/opt/bitnami/spark/jars/ivy-2.5.0.jar!/org/apache/ivy/core/settings/ivysettings.xml
[2025-06-02T02:08:22.849+0000] {subprocess.py:93} INFO - Ivy Default Cache set to: /opt/bitnami/spark/.ivy2/cache
[2025-06-02T02:08:22.849+0000] {subprocess.py:93} INFO - The jars for the packages stored in: /opt/bitnami/spark/.ivy2/jars
[2025-06-02T02:08:22.853+0000] {subprocess.py:93} INFO - org.apache.spark#spark-sql-kafka-0-10_2.12 added as a dependency
[2025-06-02T02:08:22.854+0000] {subprocess.py:93} INFO - :: resolving dependencies :: org.apache.spark#spark-submit-parent-69f56203-6ca0-43e4-8cc6-be5469ba0bab;1.0
[2025-06-02T02:08:22.854+0000] {subprocess.py:93} INFO - 	confs: [default]
[2025-06-02T02:08:27.375+0000] {subprocess.py:93} INFO - 	found org.apache.spark#spark-sql-kafka-0-10_2.12;3.3.0 in central
[2025-06-02T02:08:27.876+0000] {subprocess.py:93} INFO - 	found org.apache.spark#spark-token-provider-kafka-0-10_2.12;3.3.0 in central
[2025-06-02T02:08:28.165+0000] {subprocess.py:93} INFO - 	found org.apache.kafka#kafka-clients;2.8.1 in central
[2025-06-02T02:08:28.451+0000] {subprocess.py:93} INFO - 	found org.lz4#lz4-java;1.8.0 in central
[2025-06-02T02:08:28.738+0000] {subprocess.py:93} INFO - 	found org.xerial.snappy#snappy-java;1.1.8.4 in central
[2025-06-02T02:08:29.781+0000] {subprocess.py:93} INFO - 	found org.slf4j#slf4j-api;1.7.32 in central
[2025-06-02T02:08:32.832+0000] {subprocess.py:93} INFO - 	found org.apache.hadoop#hadoop-client-runtime;3.3.2 in central
[2025-06-02T02:08:34.228+0000] {subprocess.py:93} INFO - 	found org.spark-project.spark#unused;1.0.0 in central
[2025-06-02T02:08:34.543+0000] {subprocess.py:93} INFO - 	found org.apache.hadoop#hadoop-client-api;3.3.2 in central
[2025-06-02T02:08:37.344+0000] {subprocess.py:93} INFO - 	found commons-logging#commons-logging;1.1.3 in central
[2025-06-02T02:08:37.626+0000] {subprocess.py:93} INFO - 	found com.google.code.findbugs#jsr305;3.0.0 in central
[2025-06-02T02:08:41.322+0000] {subprocess.py:93} INFO - 	found org.apache.commons#commons-pool2;2.11.1 in central
[2025-06-02T02:08:41.464+0000] {subprocess.py:93} INFO - downloading https://repo1.maven.org/maven2/org/apache/spark/spark-sql-kafka-0-10_2.12/3.3.0/spark-sql-kafka-0-10_2.12-3.3.0.jar ...
[2025-06-02T02:08:41.917+0000] {subprocess.py:93} INFO - 	[SUCCESSFUL ] org.apache.spark#spark-sql-kafka-0-10_2.12;3.3.0!spark-sql-kafka-0-10_2.12.jar (585ms)
[2025-06-02T02:08:42.052+0000] {subprocess.py:93} INFO - downloading https://repo1.maven.org/maven2/org/apache/spark/spark-token-provider-kafka-0-10_2.12/3.3.0/spark-token-provider-kafka-0-10_2.12-3.3.0.jar ...
[2025-06-02T02:08:42.201+0000] {subprocess.py:93} INFO - 	[SUCCESSFUL ] org.apache.spark#spark-token-provider-kafka-0-10_2.12;3.3.0!spark-token-provider-kafka-0-10_2.12.jar (283ms)
[2025-06-02T02:08:42.335+0000] {subprocess.py:93} INFO - downloading https://repo1.maven.org/maven2/org/apache/kafka/kafka-clients/2.8.1/kafka-clients-2.8.1.jar ...
[2025-06-02T02:08:44.027+0000] {subprocess.py:93} INFO - 	[SUCCESSFUL ] org.apache.kafka#kafka-clients;2.8.1!kafka-clients.jar (1825ms)
[2025-06-02T02:08:44.158+0000] {subprocess.py:93} INFO - downloading https://repo1.maven.org/maven2/com/google/code/findbugs/jsr305/3.0.0/jsr305-3.0.0.jar ...
[2025-06-02T02:08:44.301+0000] {subprocess.py:93} INFO - 	[SUCCESSFUL ] com.google.code.findbugs#jsr305;3.0.0!jsr305.jar (274ms)
[2025-06-02T02:08:44.433+0000] {subprocess.py:93} INFO - downloading https://repo1.maven.org/maven2/org/apache/commons/commons-pool2/2.11.1/commons-pool2-2.11.1.jar ...
[2025-06-02T02:08:44.615+0000] {subprocess.py:93} INFO - 	[SUCCESSFUL ] org.apache.commons#commons-pool2;2.11.1!commons-pool2.jar (314ms)
[2025-06-02T02:08:44.749+0000] {subprocess.py:93} INFO - downloading https://repo1.maven.org/maven2/org/spark-project/spark/unused/1.0.0/unused-1.0.0.jar ...
[2025-06-02T02:08:44.947+0000] {subprocess.py:93} INFO - 	[SUCCESSFUL ] org.spark-project.spark#unused;1.0.0!unused.jar (330ms)
[2025-06-02T02:08:45.080+0000] {subprocess.py:93} INFO - downloading https://repo1.maven.org/maven2/org/apache/hadoop/hadoop-client-runtime/3.3.2/hadoop-client-runtime-3.3.2.jar ...
[2025-06-02T02:08:55.698+0000] {subprocess.py:93} INFO - 	[SUCCESSFUL ] org.apache.hadoop#hadoop-client-runtime;3.3.2!hadoop-client-runtime.jar (10751ms)
[2025-06-02T02:08:55.831+0000] {subprocess.py:93} INFO - downloading https://repo1.maven.org/maven2/org/lz4/lz4-java/1.8.0/lz4-java-1.8.0.jar ...
[2025-06-02T02:08:56.231+0000] {subprocess.py:93} INFO - 	[SUCCESSFUL ] org.lz4#lz4-java;1.8.0!lz4-java.jar (532ms)
[2025-06-02T02:08:56.363+0000] {subprocess.py:93} INFO - downloading https://repo1.maven.org/maven2/org/xerial/snappy/snappy-java/1.1.8.4/snappy-java-1.1.8.4.jar ...
[2025-06-02T02:08:57.194+0000] {subprocess.py:93} INFO - 	[SUCCESSFUL ] org.xerial.snappy#snappy-java;1.1.8.4!snappy-java.jar(bundle) (963ms)
[2025-06-02T02:08:57.327+0000] {subprocess.py:93} INFO - downloading https://repo1.maven.org/maven2/org/slf4j/slf4j-api/1.7.32/slf4j-api-1.7.32.jar ...
[2025-06-02T02:08:57.469+0000] {subprocess.py:93} INFO - 	[SUCCESSFUL ] org.slf4j#slf4j-api;1.7.32!slf4j-api.jar (274ms)
[2025-06-02T02:08:57.602+0000] {subprocess.py:93} INFO - downloading https://repo1.maven.org/maven2/org/apache/hadoop/hadoop-client-api/3.3.2/hadoop-client-api-3.3.2.jar ...
[2025-06-02T02:09:04.835+0000] {subprocess.py:93} INFO - 	[SUCCESSFUL ] org.apache.hadoop#hadoop-client-api;3.3.2!hadoop-client-api.jar (7364ms)
[2025-06-02T02:09:04.966+0000] {subprocess.py:93} INFO - downloading https://repo1.maven.org/maven2/commons-logging/commons-logging/1.1.3/commons-logging-1.1.3.jar ...
[2025-06-02T02:09:05.116+0000] {subprocess.py:93} INFO - 	[SUCCESSFUL ] commons-logging#commons-logging;1.1.3!commons-logging.jar (280ms)
[2025-06-02T02:09:05.117+0000] {subprocess.py:93} INFO - :: resolution report :: resolve 18477ms :: artifacts dl 23786ms
[2025-06-02T02:09:05.117+0000] {subprocess.py:93} INFO - 	:: modules in use:
[2025-06-02T02:09:05.118+0000] {subprocess.py:93} INFO - 	com.google.code.findbugs#jsr305;3.0.0 from central in [default]
[2025-06-02T02:09:05.118+0000] {subprocess.py:93} INFO - 	commons-logging#commons-logging;1.1.3 from central in [default]
[2025-06-02T02:09:05.119+0000] {subprocess.py:93} INFO - 	org.apache.commons#commons-pool2;2.11.1 from central in [default]
[2025-06-02T02:09:05.119+0000] {subprocess.py:93} INFO - 	org.apache.hadoop#hadoop-client-api;3.3.2 from central in [default]
[2025-06-02T02:09:05.120+0000] {subprocess.py:93} INFO - 	org.apache.hadoop#hadoop-client-runtime;3.3.2 from central in [default]
[2025-06-02T02:09:05.120+0000] {subprocess.py:93} INFO - 	org.apache.kafka#kafka-clients;2.8.1 from central in [default]
[2025-06-02T02:09:05.121+0000] {subprocess.py:93} INFO - 	org.apache.spark#spark-sql-kafka-0-10_2.12;3.3.0 from central in [default]
[2025-06-02T02:09:05.121+0000] {subprocess.py:93} INFO - 	org.apache.spark#spark-token-provider-kafka-0-10_2.12;3.3.0 from central in [default]
[2025-06-02T02:09:05.122+0000] {subprocess.py:93} INFO - 	org.lz4#lz4-java;1.8.0 from central in [default]
[2025-06-02T02:09:05.122+0000] {subprocess.py:93} INFO - 	org.slf4j#slf4j-api;1.7.32 from central in [default]
[2025-06-02T02:09:05.122+0000] {subprocess.py:93} INFO - 	org.spark-project.spark#unused;1.0.0 from central in [default]
[2025-06-02T02:09:05.123+0000] {subprocess.py:93} INFO - 	org.xerial.snappy#snappy-java;1.1.8.4 from central in [default]
[2025-06-02T02:09:05.123+0000] {subprocess.py:93} INFO - 	---------------------------------------------------------------------
[2025-06-02T02:09:05.123+0000] {subprocess.py:93} INFO - 	|                  |            modules            ||   artifacts   |
[2025-06-02T02:09:05.124+0000] {subprocess.py:93} INFO - 	|       conf       | number| search|dwnlded|evicted|| number|dwnlded|
[2025-06-02T02:09:05.125+0000] {subprocess.py:93} INFO - 	---------------------------------------------------------------------
[2025-06-02T02:09:05.125+0000] {subprocess.py:93} INFO - 	|      default     |   12  |   12  |   12  |   0   ||   12  |   12  |
[2025-06-02T02:09:05.126+0000] {subprocess.py:93} INFO - 	---------------------------------------------------------------------
[2025-06-02T02:09:05.126+0000] {subprocess.py:93} INFO - :: retrieving :: org.apache.spark#spark-submit-parent-69f56203-6ca0-43e4-8cc6-be5469ba0bab
[2025-06-02T02:09:05.126+0000] {subprocess.py:93} INFO - 	confs: [default]
[2025-06-02T02:09:06.218+0000] {subprocess.py:93} INFO - 	12 artifacts copied, 0 already retrieved (56631kB/1094ms)
[2025-06-02T02:09:09.433+0000] {subprocess.py:93} INFO - 25/06/02 02:09:09 WARN NativeCodeLoader: Unable to load native-hadoop library for your platform... using builtin-java classes where applicable
[2025-06-02T02:09:28.481+0000] {subprocess.py:93} INFO - python3: can't open file '/app/log_consumer.py': [Errno 2] No such file or directory
[2025-06-02T02:09:28.537+0000] {subprocess.py:93} INFO - 25/06/02 02:09:28 INFO ShutdownHookManager: Shutdown hook called
[2025-06-02T02:09:28.537+0000] {subprocess.py:93} INFO - 25/06/02 02:09:28 INFO ShutdownHookManager: Deleting directory /tmp/spark-0f0e9074-5bda-445d-8d00-c0a64466069b
[2025-06-02T02:09:31.379+0000] {subprocess.py:97} INFO - Command exited with return code 2
[2025-06-02T02:09:31.391+0000] {taskinstance.py:3310} ERROR - Task failed with exception
Traceback (most recent call last):
  File "/home/airflow/.local/lib/python3.12/site-packages/airflow/models/taskinstance.py", line 767, in _execute_task
    result = _execute_callable(context=context, **execute_callable_kwargs)
             ^^^^^^^^^^^^^^^^^^^^^^^^^^^^^^^^^^^^^^^^^^^^^^^^^^^^^^^^^^^^^
  File "/home/airflow/.local/lib/python3.12/site-packages/airflow/models/taskinstance.py", line 733, in _execute_callable
    return ExecutionCallableRunner(
           ^^^^^^^^^^^^^^^^^^^^^^^^
  File "/home/airflow/.local/lib/python3.12/site-packages/airflow/utils/operator_helpers.py", line 252, in run
    return self.func(*args, **kwargs)
           ^^^^^^^^^^^^^^^^^^^^^^^^^^
  File "/home/airflow/.local/lib/python3.12/site-packages/airflow/models/baseoperator.py", line 406, in wrapper
    return func(self, *args, **kwargs)
           ^^^^^^^^^^^^^^^^^^^^^^^^^^^
  File "/home/airflow/.local/lib/python3.12/site-packages/airflow/operators/bash.py", line 249, in execute
    raise AirflowException(
airflow.exceptions.AirflowException: Bash command failed. The command returned a non-zero exit code 2.
[2025-06-02T02:09:31.400+0000] {taskinstance.py:1225} INFO - Marking task as UP_FOR_RETRY. dag_id=log_monitoring_dag, task_id=start_spark_consumer, run_id=manual__2025-06-02T01:38:51.955055+00:00, execution_date=20250602T013851, start_date=20250602T020818, end_date=20250602T020931
[2025-06-02T02:09:31.424+0000] {taskinstance.py:340} INFO - ::group::Post task execution logs
[2025-06-02T02:09:31.425+0000] {standard_task_runner.py:124} ERROR - Failed to execute job 77 for task start_spark_consumer (Bash command failed. The command returned a non-zero exit code 2.; 919)
Traceback (most recent call last):
  File "/home/airflow/.local/lib/python3.12/site-packages/airflow/task/task_runner/standard_task_runner.py", line 117, in _start_by_fork
    ret = args.func(args, dag=self.dag)
          ^^^^^^^^^^^^^^^^^^^^^^^^^^^^^
  File "/home/airflow/.local/lib/python3.12/site-packages/airflow/cli/cli_config.py", line 49, in command
    return func(*args, **kwargs)
           ^^^^^^^^^^^^^^^^^^^^^
  File "/home/airflow/.local/lib/python3.12/site-packages/airflow/utils/cli.py", line 115, in wrapper
    return f(*args, **kwargs)
           ^^^^^^^^^^^^^^^^^^
  File "/home/airflow/.local/lib/python3.12/site-packages/airflow/cli/commands/task_command.py", line 483, in task_run
    task_return_code = _run_task_by_selected_method(args, _dag, ti)
                       ^^^^^^^^^^^^^^^^^^^^^^^^^^^^^^^^^^^^^^^^^^^^
  File "/home/airflow/.local/lib/python3.12/site-packages/airflow/cli/commands/task_command.py", line 256, in _run_task_by_selected_method
    return _run_raw_task(args, ti)
           ^^^^^^^^^^^^^^^^^^^^^^^
  File "/home/airflow/.local/lib/python3.12/site-packages/airflow/cli/commands/task_command.py", line 341, in _run_raw_task
    return ti._run_raw_task(
           ^^^^^^^^^^^^^^^^^
  File "/home/airflow/.local/lib/python3.12/site-packages/airflow/utils/session.py", line 97, in wrapper
    return func(*args, session=session, **kwargs)
           ^^^^^^^^^^^^^^^^^^^^^^^^^^^^^^^^^^^^^^
  File "/home/airflow/.local/lib/python3.12/site-packages/airflow/models/taskinstance.py", line 3004, in _run_raw_task
    return _run_raw_task(
           ^^^^^^^^^^^^^^
  File "/home/airflow/.local/lib/python3.12/site-packages/airflow/models/taskinstance.py", line 273, in _run_raw_task
    TaskInstance._execute_task_with_callbacks(
  File "/home/airflow/.local/lib/python3.12/site-packages/airflow/models/taskinstance.py", line 3158, in _execute_task_with_callbacks
    result = self._execute_task(context, task_orig)
             ^^^^^^^^^^^^^^^^^^^^^^^^^^^^^^^^^^^^^^
  File "/home/airflow/.local/lib/python3.12/site-packages/airflow/models/taskinstance.py", line 3182, in _execute_task
    return _execute_task(self, context, task_orig)
           ^^^^^^^^^^^^^^^^^^^^^^^^^^^^^^^^^^^^^^^
  File "/home/airflow/.local/lib/python3.12/site-packages/airflow/models/taskinstance.py", line 767, in _execute_task
    result = _execute_callable(context=context, **execute_callable_kwargs)
             ^^^^^^^^^^^^^^^^^^^^^^^^^^^^^^^^^^^^^^^^^^^^^^^^^^^^^^^^^^^^^
  File "/home/airflow/.local/lib/python3.12/site-packages/airflow/models/taskinstance.py", line 733, in _execute_callable
    return ExecutionCallableRunner(
           ^^^^^^^^^^^^^^^^^^^^^^^^
  File "/home/airflow/.local/lib/python3.12/site-packages/airflow/utils/operator_helpers.py", line 252, in run
    return self.func(*args, **kwargs)
           ^^^^^^^^^^^^^^^^^^^^^^^^^^
  File "/home/airflow/.local/lib/python3.12/site-packages/airflow/models/baseoperator.py", line 406, in wrapper
    return func(self, *args, **kwargs)
           ^^^^^^^^^^^^^^^^^^^^^^^^^^^
  File "/home/airflow/.local/lib/python3.12/site-packages/airflow/operators/bash.py", line 249, in execute
    raise AirflowException(
airflow.exceptions.AirflowException: Bash command failed. The command returned a non-zero exit code 2.
[2025-06-02T02:09:31.471+0000] {local_task_job_runner.py:266} INFO - Task exited with return code 1
[2025-06-02T02:09:31.493+0000] {taskinstance.py:3900} INFO - 0 downstream tasks scheduled from follow-on schedule check
[2025-06-02T02:09:31.498+0000] {local_task_job_runner.py:245} INFO - ::endgroup::
