[2025-06-02T11:24:32.273+0000] {local_task_job_runner.py:123} INFO - ::group::Pre task execution logs
[2025-06-02T11:24:32.292+0000] {taskinstance.py:2612} INFO - Dependencies all met for dep_context=non-requeueable deps ti=<TaskInstance: log_monitoring_dag.start_spark_consumer manual__2025-06-02T01:38:51.955055+00:00 [queued]>
[2025-06-02T11:24:32.302+0000] {taskinstance.py:2612} INFO - Dependencies all met for dep_context=requeueable deps ti=<TaskInstance: log_monitoring_dag.start_spark_consumer manual__2025-06-02T01:38:51.955055+00:00 [queued]>
[2025-06-02T11:24:32.305+0000] {taskinstance.py:2865} INFO - Starting attempt 19 of 19
[2025-06-02T11:24:32.322+0000] {taskinstance.py:2888} INFO - Executing <Task(BashOperator): start_spark_consumer> on 2025-06-02 01:38:51.955055+00:00
[2025-06-02T11:24:32.382+0000] {logging_mixin.py:190} WARNING - /home/***/.local/lib/python3.12/site-packages/***/task/task_runner/standard_task_runner.py:70 DeprecationWarning: This process (pid=780) is multi-threaded, use of fork() may lead to deadlocks in the child.
[2025-06-02T11:24:32.384+0000] {standard_task_runner.py:72} INFO - Started process 781 to run task
[2025-06-02T11:24:32.382+0000] {standard_task_runner.py:104} INFO - Running: ['***', 'tasks', 'run', 'log_monitoring_dag', 'start_spark_consumer', 'manual__2025-06-02T01:38:51.955055+00:00', '--job-id', '90', '--raw', '--subdir', 'DAGS_FOLDER/log_monitoring_dag.py', '--cfg-path', '/tmp/tmpokbrnm1f']
[2025-06-02T11:24:32.385+0000] {standard_task_runner.py:105} INFO - Job 90: Subtask start_spark_consumer
[2025-06-02T11:24:32.408+0000] {logging_mixin.py:190} WARNING - /home/***/.local/lib/python3.12/site-packages/***/settings.py:209 DeprecationWarning: The sql_alchemy_conn option in [core] has been moved to the sql_alchemy_conn option in [database] - the old setting has been used, but please update your config.
[2025-06-02T11:24:32.444+0000] {task_command.py:467} INFO - Running <TaskInstance: log_monitoring_dag.start_spark_consumer manual__2025-06-02T01:38:51.955055+00:00 [running]> on host 7fbbdd5b97b6
[2025-06-02T11:24:32.626+0000] {taskinstance.py:3131} INFO - Exporting env vars: AIRFLOW_CTX_DAG_OWNER='***' AIRFLOW_CTX_DAG_ID='log_monitoring_dag' AIRFLOW_CTX_TASK_ID='start_spark_consumer' AIRFLOW_CTX_EXECUTION_DATE='2025-06-02T01:38:51.955055+00:00' AIRFLOW_CTX_TRY_NUMBER='19' AIRFLOW_CTX_DAG_RUN_ID='manual__2025-06-02T01:38:51.955055+00:00'
[2025-06-02T11:24:32.627+0000] {taskinstance.py:731} INFO - ::endgroup::
[2025-06-02T11:24:32.643+0000] {subprocess.py:63} INFO - Tmp dir root location: /tmp
[2025-06-02T11:24:32.645+0000] {subprocess.py:75} INFO - Running command: ['/usr/bin/bash', '-c', 'bash -c "echo Starting Spark Consumer && docker exec realtime_log_monitoring-spark-1 spark-submit --packages org.apache.spark:spark-sql-kafka-0-10_2.12:3.3.0 /app/log_consumer.py && echo Finished Spark Consumer"']
[2025-06-02T11:24:32.657+0000] {subprocess.py:86} INFO - Output:
[2025-06-02T11:24:32.662+0000] {subprocess.py:93} INFO - Starting Spark Consumer
[2025-06-02T11:24:35.143+0000] {subprocess.py:93} INFO - :: loading settings :: url = jar:file:/opt/bitnami/spark/jars/ivy-2.5.0.jar!/org/apache/ivy/core/settings/ivysettings.xml
[2025-06-02T11:24:35.211+0000] {subprocess.py:93} INFO - Ivy Default Cache set to: /opt/bitnami/spark/.ivy2/cache
[2025-06-02T11:24:35.215+0000] {subprocess.py:93} INFO - The jars for the packages stored in: /opt/bitnami/spark/.ivy2/jars
[2025-06-02T11:24:35.216+0000] {subprocess.py:93} INFO - org.apache.spark#spark-sql-kafka-0-10_2.12 added as a dependency
[2025-06-02T11:24:35.394+0000] {subprocess.py:93} INFO - :: resolving dependencies :: org.apache.spark#spark-submit-parent-32bbb166-2d4a-4948-aac2-5f7169cabbfb;1.0
[2025-06-02T11:24:35.395+0000] {subprocess.py:93} INFO - 	confs: [default]
[2025-06-02T11:24:35.413+0000] {subprocess.py:93} INFO - 	found org.apache.spark#spark-sql-kafka-0-10_2.12;3.3.0 in central
[2025-06-02T11:24:35.608+0000] {subprocess.py:93} INFO - 	found org.apache.spark#spark-token-provider-kafka-0-10_2.12;3.3.0 in central
[2025-06-02T11:24:35.710+0000] {subprocess.py:93} INFO - 	found org.apache.kafka#kafka-clients;2.8.1 in central
[2025-06-02T11:24:35.801+0000] {subprocess.py:93} INFO - 	found org.lz4#lz4-java;1.8.0 in central
[2025-06-02T11:24:35.828+0000] {subprocess.py:93} INFO - 	found org.xerial.snappy#snappy-java;1.1.8.4 in central
[2025-06-02T11:24:35.912+0000] {subprocess.py:93} INFO - 	found org.slf4j#slf4j-api;1.7.32 in central
[2025-06-02T11:24:36.007+0000] {subprocess.py:93} INFO - 	found org.apache.hadoop#hadoop-client-runtime;3.3.2 in central
[2025-06-02T11:24:36.019+0000] {subprocess.py:93} INFO - 	found org.spark-project.spark#unused;1.0.0 in central
[2025-06-02T11:24:36.111+0000] {subprocess.py:93} INFO - 	found org.apache.hadoop#hadoop-client-api;3.3.2 in central
[2025-06-02T11:24:36.214+0000] {subprocess.py:93} INFO - 	found commons-logging#commons-logging;1.1.3 in central
[2025-06-02T11:24:36.224+0000] {subprocess.py:93} INFO - 	found com.google.code.findbugs#jsr305;3.0.0 in central
[2025-06-02T11:24:36.308+0000] {subprocess.py:93} INFO - 	found org.apache.commons#commons-pool2;2.11.1 in central
[2025-06-02T11:24:36.405+0000] {subprocess.py:93} INFO - :: resolution report :: resolve 1121ms :: artifacts dl 66ms
[2025-06-02T11:24:36.406+0000] {subprocess.py:93} INFO - 	:: modules in use:
[2025-06-02T11:24:36.406+0000] {subprocess.py:93} INFO - 	com.google.code.findbugs#jsr305;3.0.0 from central in [default]
[2025-06-02T11:24:36.407+0000] {subprocess.py:93} INFO - 	commons-logging#commons-logging;1.1.3 from central in [default]
[2025-06-02T11:24:36.408+0000] {subprocess.py:93} INFO - 	org.apache.commons#commons-pool2;2.11.1 from central in [default]
[2025-06-02T11:24:36.408+0000] {subprocess.py:93} INFO - 	org.apache.hadoop#hadoop-client-api;3.3.2 from central in [default]
[2025-06-02T11:24:36.411+0000] {subprocess.py:93} INFO - 	org.apache.hadoop#hadoop-client-runtime;3.3.2 from central in [default]
[2025-06-02T11:24:36.412+0000] {subprocess.py:93} INFO - 	org.apache.kafka#kafka-clients;2.8.1 from central in [default]
[2025-06-02T11:24:36.412+0000] {subprocess.py:93} INFO - 	org.apache.spark#spark-sql-kafka-0-10_2.12;3.3.0 from central in [default]
[2025-06-02T11:24:36.413+0000] {subprocess.py:93} INFO - 	org.apache.spark#spark-token-provider-kafka-0-10_2.12;3.3.0 from central in [default]
[2025-06-02T11:24:36.414+0000] {subprocess.py:93} INFO - 	org.lz4#lz4-java;1.8.0 from central in [default]
[2025-06-02T11:24:36.414+0000] {subprocess.py:93} INFO - 	org.slf4j#slf4j-api;1.7.32 from central in [default]
[2025-06-02T11:24:36.414+0000] {subprocess.py:93} INFO - 	org.spark-project.spark#unused;1.0.0 from central in [default]
[2025-06-02T11:24:36.415+0000] {subprocess.py:93} INFO - 	org.xerial.snappy#snappy-java;1.1.8.4 from central in [default]
[2025-06-02T11:24:36.416+0000] {subprocess.py:93} INFO - 	---------------------------------------------------------------------
[2025-06-02T11:24:36.417+0000] {subprocess.py:93} INFO - 	|                  |            modules            ||   artifacts   |
[2025-06-02T11:24:36.418+0000] {subprocess.py:93} INFO - 	|       conf       | number| search|dwnlded|evicted|| number|dwnlded|
[2025-06-02T11:24:36.418+0000] {subprocess.py:93} INFO - 	---------------------------------------------------------------------
[2025-06-02T11:24:36.419+0000] {subprocess.py:93} INFO - 	|      default     |   12  |   0   |   0   |   0   ||   12  |   0   |
[2025-06-02T11:24:36.419+0000] {subprocess.py:93} INFO - 	---------------------------------------------------------------------
[2025-06-02T11:24:36.494+0000] {subprocess.py:93} INFO - :: retrieving :: org.apache.spark#spark-submit-parent-32bbb166-2d4a-4948-aac2-5f7169cabbfb
[2025-06-02T11:24:36.495+0000] {subprocess.py:93} INFO - 	confs: [default]
[2025-06-02T11:24:36.504+0000] {subprocess.py:93} INFO - 	0 artifacts copied, 12 already retrieved (0kB/10ms)
[2025-06-02T11:24:36.900+0000] {subprocess.py:93} INFO - 25/06/02 11:24:36 WARN NativeCodeLoader: Unable to load native-hadoop library for your platform... using builtin-java classes where applicable
[2025-06-02T11:24:38.214+0000] {subprocess.py:93} INFO - 25/06/02 11:24:38 INFO SparkContext: Running Spark version 3.3.0
[2025-06-02T11:24:38.237+0000] {subprocess.py:93} INFO - 25/06/02 11:24:38 INFO ResourceUtils: ==============================================================
[2025-06-02T11:24:38.238+0000] {subprocess.py:93} INFO - 25/06/02 11:24:38 INFO ResourceUtils: No custom resources configured for spark.driver.
[2025-06-02T11:24:38.239+0000] {subprocess.py:93} INFO - 25/06/02 11:24:38 INFO ResourceUtils: ==============================================================
[2025-06-02T11:24:38.240+0000] {subprocess.py:93} INFO - 25/06/02 11:24:38 INFO SparkContext: Submitted application: KafkaLogConsumerBatch
[2025-06-02T11:24:38.262+0000] {subprocess.py:93} INFO - 25/06/02 11:24:38 INFO ResourceProfile: Default ResourceProfile created, executor resources: Map(cores -> name: cores, amount: 1, script: , vendor: , memory -> name: memory, amount: 1024, script: , vendor: , offHeap -> name: offHeap, amount: 0, script: , vendor: ), task resources: Map(cpus -> name: cpus, amount: 1.0)
[2025-06-02T11:24:38.303+0000] {subprocess.py:93} INFO - 25/06/02 11:24:38 INFO ResourceProfile: Limiting resource is cpu
[2025-06-02T11:24:38.303+0000] {subprocess.py:93} INFO - 25/06/02 11:24:38 INFO ResourceProfileManager: Added ResourceProfile id: 0
[2025-06-02T11:24:38.348+0000] {subprocess.py:93} INFO - 25/06/02 11:24:38 INFO SecurityManager: Changing view acls to: spark
[2025-06-02T11:24:38.349+0000] {subprocess.py:93} INFO - 25/06/02 11:24:38 INFO SecurityManager: Changing modify acls to: spark
[2025-06-02T11:24:38.350+0000] {subprocess.py:93} INFO - 25/06/02 11:24:38 INFO SecurityManager: Changing view acls groups to:
[2025-06-02T11:24:38.351+0000] {subprocess.py:93} INFO - 25/06/02 11:24:38 INFO SecurityManager: Changing modify acls groups to:
[2025-06-02T11:24:38.351+0000] {subprocess.py:93} INFO - 25/06/02 11:24:38 INFO SecurityManager: SecurityManager: authentication disabled; ui acls disabled; users  with view permissions: Set(spark); groups with view permissions: Set(); users  with modify permissions: Set(spark); groups with modify permissions: Set()
[2025-06-02T11:24:38.826+0000] {subprocess.py:93} INFO - 25/06/02 11:24:38 INFO Utils: Successfully started service 'sparkDriver' on port 36901.
[2025-06-02T11:24:38.902+0000] {subprocess.py:93} INFO - 25/06/02 11:24:38 INFO SparkEnv: Registering MapOutputTracker
[2025-06-02T11:24:38.943+0000] {subprocess.py:93} INFO - 25/06/02 11:24:38 INFO SparkEnv: Registering BlockManagerMaster
[2025-06-02T11:24:39.007+0000] {subprocess.py:93} INFO - 25/06/02 11:24:39 INFO BlockManagerMasterEndpoint: Using org.apache.spark.storage.DefaultTopologyMapper for getting topology information
[2025-06-02T11:24:39.008+0000] {subprocess.py:93} INFO - 25/06/02 11:24:39 INFO BlockManagerMasterEndpoint: BlockManagerMasterEndpoint up
[2025-06-02T11:24:39.012+0000] {subprocess.py:93} INFO - 25/06/02 11:24:39 INFO SparkEnv: Registering BlockManagerMasterHeartbeat
[2025-06-02T11:24:39.036+0000] {subprocess.py:93} INFO - 25/06/02 11:24:39 INFO DiskBlockManager: Created local directory at /tmp/blockmgr-f9057447-866a-4422-b0f5-ea3b836f0a3f
[2025-06-02T11:24:39.098+0000] {subprocess.py:93} INFO - 25/06/02 11:24:39 INFO MemoryStore: MemoryStore started with capacity 366.3 MiB
[2025-06-02T11:24:39.119+0000] {subprocess.py:93} INFO - 25/06/02 11:24:39 INFO SparkEnv: Registering OutputCommitCoordinator
[2025-06-02T11:24:39.625+0000] {subprocess.py:93} INFO - 25/06/02 11:24:39 INFO Utils: Successfully started service 'SparkUI' on port 4040.
[2025-06-02T11:24:39.697+0000] {subprocess.py:93} INFO - 25/06/02 11:24:39 INFO SparkContext: Added JAR file:///opt/bitnami/spark/.ivy2/jars/org.apache.spark_spark-sql-kafka-0-10_2.12-3.3.0.jar at spark://e176696a74c5:36901/jars/org.apache.spark_spark-sql-kafka-0-10_2.12-3.3.0.jar with timestamp 1748863478206
[2025-06-02T11:24:39.699+0000] {subprocess.py:93} INFO - 25/06/02 11:24:39 INFO SparkContext: Added JAR file:///opt/bitnami/spark/.ivy2/jars/org.apache.spark_spark-token-provider-kafka-0-10_2.12-3.3.0.jar at spark://e176696a74c5:36901/jars/org.apache.spark_spark-token-provider-kafka-0-10_2.12-3.3.0.jar with timestamp 1748863478206
[2025-06-02T11:24:39.701+0000] {subprocess.py:93} INFO - 25/06/02 11:24:39 INFO SparkContext: Added JAR file:///opt/bitnami/spark/.ivy2/jars/org.apache.kafka_kafka-clients-2.8.1.jar at spark://e176696a74c5:36901/jars/org.apache.kafka_kafka-clients-2.8.1.jar with timestamp 1748863478206
[2025-06-02T11:24:39.702+0000] {subprocess.py:93} INFO - 25/06/02 11:24:39 INFO SparkContext: Added JAR file:///opt/bitnami/spark/.ivy2/jars/com.google.code.findbugs_jsr305-3.0.0.jar at spark://e176696a74c5:36901/jars/com.google.code.findbugs_jsr305-3.0.0.jar with timestamp 1748863478206
[2025-06-02T11:24:39.703+0000] {subprocess.py:93} INFO - 25/06/02 11:24:39 INFO SparkContext: Added JAR file:///opt/bitnami/spark/.ivy2/jars/org.apache.commons_commons-pool2-2.11.1.jar at spark://e176696a74c5:36901/jars/org.apache.commons_commons-pool2-2.11.1.jar with timestamp 1748863478206
[2025-06-02T11:24:39.704+0000] {subprocess.py:93} INFO - 25/06/02 11:24:39 INFO SparkContext: Added JAR file:///opt/bitnami/spark/.ivy2/jars/org.spark-project.spark_unused-1.0.0.jar at spark://e176696a74c5:36901/jars/org.spark-project.spark_unused-1.0.0.jar with timestamp 1748863478206
[2025-06-02T11:24:39.704+0000] {subprocess.py:93} INFO - 25/06/02 11:24:39 INFO SparkContext: Added JAR file:///opt/bitnami/spark/.ivy2/jars/org.apache.hadoop_hadoop-client-runtime-3.3.2.jar at spark://e176696a74c5:36901/jars/org.apache.hadoop_hadoop-client-runtime-3.3.2.jar with timestamp 1748863478206
[2025-06-02T11:24:39.705+0000] {subprocess.py:93} INFO - 25/06/02 11:24:39 INFO SparkContext: Added JAR file:///opt/bitnami/spark/.ivy2/jars/org.lz4_lz4-java-1.8.0.jar at spark://e176696a74c5:36901/jars/org.lz4_lz4-java-1.8.0.jar with timestamp 1748863478206
[2025-06-02T11:24:39.706+0000] {subprocess.py:93} INFO - 25/06/02 11:24:39 INFO SparkContext: Added JAR file:///opt/bitnami/spark/.ivy2/jars/org.xerial.snappy_snappy-java-1.1.8.4.jar at spark://e176696a74c5:36901/jars/org.xerial.snappy_snappy-java-1.1.8.4.jar with timestamp 1748863478206
[2025-06-02T11:24:39.707+0000] {subprocess.py:93} INFO - 25/06/02 11:24:39 INFO SparkContext: Added JAR file:///opt/bitnami/spark/.ivy2/jars/org.slf4j_slf4j-api-1.7.32.jar at spark://e176696a74c5:36901/jars/org.slf4j_slf4j-api-1.7.32.jar with timestamp 1748863478206
[2025-06-02T11:24:39.707+0000] {subprocess.py:93} INFO - 25/06/02 11:24:39 INFO SparkContext: Added JAR file:///opt/bitnami/spark/.ivy2/jars/org.apache.hadoop_hadoop-client-api-3.3.2.jar at spark://e176696a74c5:36901/jars/org.apache.hadoop_hadoop-client-api-3.3.2.jar with timestamp 1748863478206
[2025-06-02T11:24:39.708+0000] {subprocess.py:93} INFO - 25/06/02 11:24:39 INFO SparkContext: Added JAR file:///opt/bitnami/spark/.ivy2/jars/commons-logging_commons-logging-1.1.3.jar at spark://e176696a74c5:36901/jars/commons-logging_commons-logging-1.1.3.jar with timestamp 1748863478206
[2025-06-02T11:24:39.709+0000] {subprocess.py:93} INFO - 25/06/02 11:24:39 INFO SparkContext: Added file file:///opt/bitnami/spark/.ivy2/jars/org.apache.spark_spark-sql-kafka-0-10_2.12-3.3.0.jar at file:///opt/bitnami/spark/.ivy2/jars/org.apache.spark_spark-sql-kafka-0-10_2.12-3.3.0.jar with timestamp 1748863478206
[2025-06-02T11:24:39.709+0000] {subprocess.py:93} INFO - 25/06/02 11:24:39 INFO Utils: Copying /opt/bitnami/spark/.ivy2/jars/org.apache.spark_spark-sql-kafka-0-10_2.12-3.3.0.jar to /tmp/spark-97e222d2-c9a6-45d5-9ce4-acd843a83a54/userFiles-8c443029-e6d4-4b55-8719-d91f07a56d93/org.apache.spark_spark-sql-kafka-0-10_2.12-3.3.0.jar
[2025-06-02T11:24:39.822+0000] {subprocess.py:93} INFO - 25/06/02 11:24:39 INFO SparkContext: Added file file:///opt/bitnami/spark/.ivy2/jars/org.apache.spark_spark-token-provider-kafka-0-10_2.12-3.3.0.jar at file:///opt/bitnami/spark/.ivy2/jars/org.apache.spark_spark-token-provider-kafka-0-10_2.12-3.3.0.jar with timestamp 1748863478206
[2025-06-02T11:24:39.823+0000] {subprocess.py:93} INFO - 25/06/02 11:24:39 INFO Utils: Copying /opt/bitnami/spark/.ivy2/jars/org.apache.spark_spark-token-provider-kafka-0-10_2.12-3.3.0.jar to /tmp/spark-97e222d2-c9a6-45d5-9ce4-acd843a83a54/userFiles-8c443029-e6d4-4b55-8719-d91f07a56d93/org.apache.spark_spark-token-provider-kafka-0-10_2.12-3.3.0.jar
[2025-06-02T11:24:39.833+0000] {subprocess.py:93} INFO - 25/06/02 11:24:39 INFO SparkContext: Added file file:///opt/bitnami/spark/.ivy2/jars/org.apache.kafka_kafka-clients-2.8.1.jar at file:///opt/bitnami/spark/.ivy2/jars/org.apache.kafka_kafka-clients-2.8.1.jar with timestamp 1748863478206
[2025-06-02T11:24:39.833+0000] {subprocess.py:93} INFO - 25/06/02 11:24:39 INFO Utils: Copying /opt/bitnami/spark/.ivy2/jars/org.apache.kafka_kafka-clients-2.8.1.jar to /tmp/spark-97e222d2-c9a6-45d5-9ce4-acd843a83a54/userFiles-8c443029-e6d4-4b55-8719-d91f07a56d93/org.apache.kafka_kafka-clients-2.8.1.jar
[2025-06-02T11:24:39.906+0000] {subprocess.py:93} INFO - 25/06/02 11:24:39 INFO SparkContext: Added file file:///opt/bitnami/spark/.ivy2/jars/com.google.code.findbugs_jsr305-3.0.0.jar at file:///opt/bitnami/spark/.ivy2/jars/com.google.code.findbugs_jsr305-3.0.0.jar with timestamp 1748863478206
[2025-06-02T11:24:39.906+0000] {subprocess.py:93} INFO - 25/06/02 11:24:39 INFO Utils: Copying /opt/bitnami/spark/.ivy2/jars/com.google.code.findbugs_jsr305-3.0.0.jar to /tmp/spark-97e222d2-c9a6-45d5-9ce4-acd843a83a54/userFiles-8c443029-e6d4-4b55-8719-d91f07a56d93/com.google.code.findbugs_jsr305-3.0.0.jar
[2025-06-02T11:24:39.918+0000] {subprocess.py:93} INFO - 25/06/02 11:24:39 INFO SparkContext: Added file file:///opt/bitnami/spark/.ivy2/jars/org.apache.commons_commons-pool2-2.11.1.jar at file:///opt/bitnami/spark/.ivy2/jars/org.apache.commons_commons-pool2-2.11.1.jar with timestamp 1748863478206
[2025-06-02T11:24:39.919+0000] {subprocess.py:93} INFO - 25/06/02 11:24:39 INFO Utils: Copying /opt/bitnami/spark/.ivy2/jars/org.apache.commons_commons-pool2-2.11.1.jar to /tmp/spark-97e222d2-c9a6-45d5-9ce4-acd843a83a54/userFiles-8c443029-e6d4-4b55-8719-d91f07a56d93/org.apache.commons_commons-pool2-2.11.1.jar
[2025-06-02T11:24:40.080+0000] {subprocess.py:93} INFO - 25/06/02 11:24:40 INFO SparkContext: Added file file:///opt/bitnami/spark/.ivy2/jars/org.spark-project.spark_unused-1.0.0.jar at file:///opt/bitnami/spark/.ivy2/jars/org.spark-project.spark_unused-1.0.0.jar with timestamp 1748863478206
[2025-06-02T11:24:40.080+0000] {subprocess.py:93} INFO - 25/06/02 11:24:40 INFO Utils: Copying /opt/bitnami/spark/.ivy2/jars/org.spark-project.spark_unused-1.0.0.jar to /tmp/spark-97e222d2-c9a6-45d5-9ce4-acd843a83a54/userFiles-8c443029-e6d4-4b55-8719-d91f07a56d93/org.spark-project.spark_unused-1.0.0.jar
[2025-06-02T11:24:40.088+0000] {subprocess.py:93} INFO - 25/06/02 11:24:40 INFO SparkContext: Added file file:///opt/bitnami/spark/.ivy2/jars/org.apache.hadoop_hadoop-client-runtime-3.3.2.jar at file:///opt/bitnami/spark/.ivy2/jars/org.apache.hadoop_hadoop-client-runtime-3.3.2.jar with timestamp 1748863478206
[2025-06-02T11:24:40.088+0000] {subprocess.py:93} INFO - 25/06/02 11:24:40 INFO Utils: Copying /opt/bitnami/spark/.ivy2/jars/org.apache.hadoop_hadoop-client-runtime-3.3.2.jar to /tmp/spark-97e222d2-c9a6-45d5-9ce4-acd843a83a54/userFiles-8c443029-e6d4-4b55-8719-d91f07a56d93/org.apache.hadoop_hadoop-client-runtime-3.3.2.jar
[2025-06-02T11:24:40.177+0000] {subprocess.py:93} INFO - 25/06/02 11:24:40 INFO SparkContext: Added file file:///opt/bitnami/spark/.ivy2/jars/org.lz4_lz4-java-1.8.0.jar at file:///opt/bitnami/spark/.ivy2/jars/org.lz4_lz4-java-1.8.0.jar with timestamp 1748863478206
[2025-06-02T11:24:40.177+0000] {subprocess.py:93} INFO - 25/06/02 11:24:40 INFO Utils: Copying /opt/bitnami/spark/.ivy2/jars/org.lz4_lz4-java-1.8.0.jar to /tmp/spark-97e222d2-c9a6-45d5-9ce4-acd843a83a54/userFiles-8c443029-e6d4-4b55-8719-d91f07a56d93/org.lz4_lz4-java-1.8.0.jar
[2025-06-02T11:24:40.185+0000] {subprocess.py:93} INFO - 25/06/02 11:24:40 INFO SparkContext: Added file file:///opt/bitnami/spark/.ivy2/jars/org.xerial.snappy_snappy-java-1.1.8.4.jar at file:///opt/bitnami/spark/.ivy2/jars/org.xerial.snappy_snappy-java-1.1.8.4.jar with timestamp 1748863478206
[2025-06-02T11:24:40.186+0000] {subprocess.py:93} INFO - 25/06/02 11:24:40 INFO Utils: Copying /opt/bitnami/spark/.ivy2/jars/org.xerial.snappy_snappy-java-1.1.8.4.jar to /tmp/spark-97e222d2-c9a6-45d5-9ce4-acd843a83a54/userFiles-8c443029-e6d4-4b55-8719-d91f07a56d93/org.xerial.snappy_snappy-java-1.1.8.4.jar
[2025-06-02T11:24:40.253+0000] {subprocess.py:93} INFO - 25/06/02 11:24:40 INFO SparkContext: Added file file:///opt/bitnami/spark/.ivy2/jars/org.slf4j_slf4j-api-1.7.32.jar at file:///opt/bitnami/spark/.ivy2/jars/org.slf4j_slf4j-api-1.7.32.jar with timestamp 1748863478206
[2025-06-02T11:24:40.254+0000] {subprocess.py:93} INFO - 25/06/02 11:24:40 INFO Utils: Copying /opt/bitnami/spark/.ivy2/jars/org.slf4j_slf4j-api-1.7.32.jar to /tmp/spark-97e222d2-c9a6-45d5-9ce4-acd843a83a54/userFiles-8c443029-e6d4-4b55-8719-d91f07a56d93/org.slf4j_slf4j-api-1.7.32.jar
[2025-06-02T11:24:40.261+0000] {subprocess.py:93} INFO - 25/06/02 11:24:40 INFO SparkContext: Added file file:///opt/bitnami/spark/.ivy2/jars/org.apache.hadoop_hadoop-client-api-3.3.2.jar at file:///opt/bitnami/spark/.ivy2/jars/org.apache.hadoop_hadoop-client-api-3.3.2.jar with timestamp 1748863478206
[2025-06-02T11:24:40.261+0000] {subprocess.py:93} INFO - 25/06/02 11:24:40 INFO Utils: Copying /opt/bitnami/spark/.ivy2/jars/org.apache.hadoop_hadoop-client-api-3.3.2.jar to /tmp/spark-97e222d2-c9a6-45d5-9ce4-acd843a83a54/userFiles-8c443029-e6d4-4b55-8719-d91f07a56d93/org.apache.hadoop_hadoop-client-api-3.3.2.jar
[2025-06-02T11:24:40.376+0000] {subprocess.py:93} INFO - 25/06/02 11:24:40 INFO SparkContext: Added file file:///opt/bitnami/spark/.ivy2/jars/commons-logging_commons-logging-1.1.3.jar at file:///opt/bitnami/spark/.ivy2/jars/commons-logging_commons-logging-1.1.3.jar with timestamp 1748863478206
[2025-06-02T11:24:40.376+0000] {subprocess.py:93} INFO - 25/06/02 11:24:40 INFO Utils: Copying /opt/bitnami/spark/.ivy2/jars/commons-logging_commons-logging-1.1.3.jar to /tmp/spark-97e222d2-c9a6-45d5-9ce4-acd843a83a54/userFiles-8c443029-e6d4-4b55-8719-d91f07a56d93/commons-logging_commons-logging-1.1.3.jar
[2025-06-02T11:24:40.466+0000] {subprocess.py:93} INFO - 25/06/02 11:24:40 INFO Executor: Starting executor ID driver on host e176696a74c5
[2025-06-02T11:24:40.495+0000] {subprocess.py:93} INFO - 25/06/02 11:24:40 INFO Executor: Starting executor with user classpath (userClassPathFirst = false): ''
[2025-06-02T11:24:40.507+0000] {subprocess.py:93} INFO - 25/06/02 11:24:40 INFO Executor: Fetching file:///opt/bitnami/spark/.ivy2/jars/commons-logging_commons-logging-1.1.3.jar with timestamp 1748863478206
[2025-06-02T11:24:40.522+0000] {subprocess.py:93} INFO - 25/06/02 11:24:40 INFO Utils: /opt/bitnami/spark/.ivy2/jars/commons-logging_commons-logging-1.1.3.jar has been previously copied to /tmp/spark-97e222d2-c9a6-45d5-9ce4-acd843a83a54/userFiles-8c443029-e6d4-4b55-8719-d91f07a56d93/commons-logging_commons-logging-1.1.3.jar
[2025-06-02T11:24:40.529+0000] {subprocess.py:93} INFO - 25/06/02 11:24:40 INFO Executor: Fetching file:///opt/bitnami/spark/.ivy2/jars/org.apache.hadoop_hadoop-client-runtime-3.3.2.jar with timestamp 1748863478206
[2025-06-02T11:24:40.555+0000] {subprocess.py:93} INFO - 25/06/02 11:24:40 INFO Utils: /opt/bitnami/spark/.ivy2/jars/org.apache.hadoop_hadoop-client-runtime-3.3.2.jar has been previously copied to /tmp/spark-97e222d2-c9a6-45d5-9ce4-acd843a83a54/userFiles-8c443029-e6d4-4b55-8719-d91f07a56d93/org.apache.hadoop_hadoop-client-runtime-3.3.2.jar
[2025-06-02T11:24:40.722+0000] {subprocess.py:93} INFO - 25/06/02 11:24:40 INFO Executor: Fetching file:///opt/bitnami/spark/.ivy2/jars/org.apache.commons_commons-pool2-2.11.1.jar with timestamp 1748863478206
[2025-06-02T11:24:40.723+0000] {subprocess.py:93} INFO - 25/06/02 11:24:40 INFO Utils: /opt/bitnami/spark/.ivy2/jars/org.apache.commons_commons-pool2-2.11.1.jar has been previously copied to /tmp/spark-97e222d2-c9a6-45d5-9ce4-acd843a83a54/userFiles-8c443029-e6d4-4b55-8719-d91f07a56d93/org.apache.commons_commons-pool2-2.11.1.jar
[2025-06-02T11:24:40.729+0000] {subprocess.py:93} INFO - 25/06/02 11:24:40 INFO Executor: Fetching file:///opt/bitnami/spark/.ivy2/jars/org.slf4j_slf4j-api-1.7.32.jar with timestamp 1748863478206
[2025-06-02T11:24:40.729+0000] {subprocess.py:93} INFO - 25/06/02 11:24:40 INFO Utils: /opt/bitnami/spark/.ivy2/jars/org.slf4j_slf4j-api-1.7.32.jar has been previously copied to /tmp/spark-97e222d2-c9a6-45d5-9ce4-acd843a83a54/userFiles-8c443029-e6d4-4b55-8719-d91f07a56d93/org.slf4j_slf4j-api-1.7.32.jar
[2025-06-02T11:24:40.809+0000] {subprocess.py:93} INFO - 25/06/02 11:24:40 INFO Executor: Fetching file:///opt/bitnami/spark/.ivy2/jars/org.lz4_lz4-java-1.8.0.jar with timestamp 1748863478206
[2025-06-02T11:24:40.810+0000] {subprocess.py:93} INFO - 25/06/02 11:24:40 INFO Utils: /opt/bitnami/spark/.ivy2/jars/org.lz4_lz4-java-1.8.0.jar has been previously copied to /tmp/spark-97e222d2-c9a6-45d5-9ce4-acd843a83a54/userFiles-8c443029-e6d4-4b55-8719-d91f07a56d93/org.lz4_lz4-java-1.8.0.jar
[2025-06-02T11:24:40.818+0000] {subprocess.py:93} INFO - 25/06/02 11:24:40 INFO Executor: Fetching file:///opt/bitnami/spark/.ivy2/jars/org.apache.kafka_kafka-clients-2.8.1.jar with timestamp 1748863478206
[2025-06-02T11:24:40.821+0000] {subprocess.py:93} INFO - 25/06/02 11:24:40 INFO Utils: /opt/bitnami/spark/.ivy2/jars/org.apache.kafka_kafka-clients-2.8.1.jar has been previously copied to /tmp/spark-97e222d2-c9a6-45d5-9ce4-acd843a83a54/userFiles-8c443029-e6d4-4b55-8719-d91f07a56d93/org.apache.kafka_kafka-clients-2.8.1.jar
[2025-06-02T11:24:40.852+0000] {subprocess.py:93} INFO - 25/06/02 11:24:40 INFO Executor: Fetching file:///opt/bitnami/spark/.ivy2/jars/org.apache.spark_spark-token-provider-kafka-0-10_2.12-3.3.0.jar with timestamp 1748863478206
[2025-06-02T11:24:40.852+0000] {subprocess.py:93} INFO - 25/06/02 11:24:40 INFO Utils: /opt/bitnami/spark/.ivy2/jars/org.apache.spark_spark-token-provider-kafka-0-10_2.12-3.3.0.jar has been previously copied to /tmp/spark-97e222d2-c9a6-45d5-9ce4-acd843a83a54/userFiles-8c443029-e6d4-4b55-8719-d91f07a56d93/org.apache.spark_spark-token-provider-kafka-0-10_2.12-3.3.0.jar
[2025-06-02T11:24:40.859+0000] {subprocess.py:93} INFO - 25/06/02 11:24:40 INFO Executor: Fetching file:///opt/bitnami/spark/.ivy2/jars/com.google.code.findbugs_jsr305-3.0.0.jar with timestamp 1748863478206
[2025-06-02T11:24:40.859+0000] {subprocess.py:93} INFO - 25/06/02 11:24:40 INFO Utils: /opt/bitnami/spark/.ivy2/jars/com.google.code.findbugs_jsr305-3.0.0.jar has been previously copied to /tmp/spark-97e222d2-c9a6-45d5-9ce4-acd843a83a54/userFiles-8c443029-e6d4-4b55-8719-d91f07a56d93/com.google.code.findbugs_jsr305-3.0.0.jar
[2025-06-02T11:24:40.879+0000] {subprocess.py:93} INFO - 25/06/02 11:24:40 INFO Executor: Fetching file:///opt/bitnami/spark/.ivy2/jars/org.xerial.snappy_snappy-java-1.1.8.4.jar with timestamp 1748863478206
[2025-06-02T11:24:40.882+0000] {subprocess.py:93} INFO - 25/06/02 11:24:40 INFO Utils: /opt/bitnami/spark/.ivy2/jars/org.xerial.snappy_snappy-java-1.1.8.4.jar has been previously copied to /tmp/spark-97e222d2-c9a6-45d5-9ce4-acd843a83a54/userFiles-8c443029-e6d4-4b55-8719-d91f07a56d93/org.xerial.snappy_snappy-java-1.1.8.4.jar
[2025-06-02T11:24:40.955+0000] {subprocess.py:93} INFO - 25/06/02 11:24:40 INFO Executor: Fetching file:///opt/bitnami/spark/.ivy2/jars/org.apache.hadoop_hadoop-client-api-3.3.2.jar with timestamp 1748863478206
[2025-06-02T11:24:40.972+0000] {subprocess.py:93} INFO - 25/06/02 11:24:40 INFO Utils: /opt/bitnami/spark/.ivy2/jars/org.apache.hadoop_hadoop-client-api-3.3.2.jar has been previously copied to /tmp/spark-97e222d2-c9a6-45d5-9ce4-acd843a83a54/userFiles-8c443029-e6d4-4b55-8719-d91f07a56d93/org.apache.hadoop_hadoop-client-api-3.3.2.jar
[2025-06-02T11:24:40.978+0000] {subprocess.py:93} INFO - 25/06/02 11:24:40 INFO Executor: Fetching file:///opt/bitnami/spark/.ivy2/jars/org.apache.spark_spark-sql-kafka-0-10_2.12-3.3.0.jar with timestamp 1748863478206
[2025-06-02T11:24:40.979+0000] {subprocess.py:93} INFO - 25/06/02 11:24:40 INFO Utils: /opt/bitnami/spark/.ivy2/jars/org.apache.spark_spark-sql-kafka-0-10_2.12-3.3.0.jar has been previously copied to /tmp/spark-97e222d2-c9a6-45d5-9ce4-acd843a83a54/userFiles-8c443029-e6d4-4b55-8719-d91f07a56d93/org.apache.spark_spark-sql-kafka-0-10_2.12-3.3.0.jar
[2025-06-02T11:24:40.987+0000] {subprocess.py:93} INFO - 25/06/02 11:24:40 INFO Executor: Fetching file:///opt/bitnami/spark/.ivy2/jars/org.spark-project.spark_unused-1.0.0.jar with timestamp 1748863478206
[2025-06-02T11:24:40.988+0000] {subprocess.py:93} INFO - 25/06/02 11:24:40 INFO Utils: /opt/bitnami/spark/.ivy2/jars/org.spark-project.spark_unused-1.0.0.jar has been previously copied to /tmp/spark-97e222d2-c9a6-45d5-9ce4-acd843a83a54/userFiles-8c443029-e6d4-4b55-8719-d91f07a56d93/org.spark-project.spark_unused-1.0.0.jar
[2025-06-02T11:24:41.123+0000] {subprocess.py:93} INFO - 25/06/02 11:24:41 INFO Executor: Fetching spark://e176696a74c5:36901/jars/org.apache.hadoop_hadoop-client-api-3.3.2.jar with timestamp 1748863478206
[2025-06-02T11:24:41.159+0000] {subprocess.py:93} INFO - 25/06/02 11:24:41 INFO TransportClientFactory: Successfully created connection to e176696a74c5/172.18.0.6:36901 after 25 ms (0 ms spent in bootstraps)
[2025-06-02T11:24:41.196+0000] {subprocess.py:93} INFO - 25/06/02 11:24:41 INFO Utils: Fetching spark://e176696a74c5:36901/jars/org.apache.hadoop_hadoop-client-api-3.3.2.jar to /tmp/spark-97e222d2-c9a6-45d5-9ce4-acd843a83a54/userFiles-8c443029-e6d4-4b55-8719-d91f07a56d93/fetchFileTemp6382612867359178794.tmp
[2025-06-02T11:24:41.471+0000] {subprocess.py:93} INFO - 25/06/02 11:24:41 INFO Utils: /tmp/spark-97e222d2-c9a6-45d5-9ce4-acd843a83a54/userFiles-8c443029-e6d4-4b55-8719-d91f07a56d93/fetchFileTemp6382612867359178794.tmp has been previously copied to /tmp/spark-97e222d2-c9a6-45d5-9ce4-acd843a83a54/userFiles-8c443029-e6d4-4b55-8719-d91f07a56d93/org.apache.hadoop_hadoop-client-api-3.3.2.jar
[2025-06-02T11:24:41.529+0000] {subprocess.py:93} INFO - 25/06/02 11:24:41 INFO Executor: Adding file:/tmp/spark-97e222d2-c9a6-45d5-9ce4-acd843a83a54/userFiles-8c443029-e6d4-4b55-8719-d91f07a56d93/org.apache.hadoop_hadoop-client-api-3.3.2.jar to class loader
[2025-06-02T11:24:41.530+0000] {subprocess.py:93} INFO - 25/06/02 11:24:41 INFO Executor: Fetching spark://e176696a74c5:36901/jars/org.apache.spark_spark-sql-kafka-0-10_2.12-3.3.0.jar with timestamp 1748863478206
[2025-06-02T11:24:41.530+0000] {subprocess.py:93} INFO - 25/06/02 11:24:41 INFO Utils: Fetching spark://e176696a74c5:36901/jars/org.apache.spark_spark-sql-kafka-0-10_2.12-3.3.0.jar to /tmp/spark-97e222d2-c9a6-45d5-9ce4-acd843a83a54/userFiles-8c443029-e6d4-4b55-8719-d91f07a56d93/fetchFileTemp4344335532802615875.tmp
[2025-06-02T11:24:41.534+0000] {subprocess.py:93} INFO - 25/06/02 11:24:41 INFO Utils: /tmp/spark-97e222d2-c9a6-45d5-9ce4-acd843a83a54/userFiles-8c443029-e6d4-4b55-8719-d91f07a56d93/fetchFileTemp4344335532802615875.tmp has been previously copied to /tmp/spark-97e222d2-c9a6-45d5-9ce4-acd843a83a54/userFiles-8c443029-e6d4-4b55-8719-d91f07a56d93/org.apache.spark_spark-sql-kafka-0-10_2.12-3.3.0.jar
[2025-06-02T11:24:41.589+0000] {subprocess.py:93} INFO - 25/06/02 11:24:41 INFO Executor: Adding file:/tmp/spark-97e222d2-c9a6-45d5-9ce4-acd843a83a54/userFiles-8c443029-e6d4-4b55-8719-d91f07a56d93/org.apache.spark_spark-sql-kafka-0-10_2.12-3.3.0.jar to class loader
[2025-06-02T11:24:41.590+0000] {subprocess.py:93} INFO - 25/06/02 11:24:41 INFO Executor: Fetching spark://e176696a74c5:36901/jars/com.google.code.findbugs_jsr305-3.0.0.jar with timestamp 1748863478206
[2025-06-02T11:24:41.591+0000] {subprocess.py:93} INFO - 25/06/02 11:24:41 INFO Utils: Fetching spark://e176696a74c5:36901/jars/com.google.code.findbugs_jsr305-3.0.0.jar to /tmp/spark-97e222d2-c9a6-45d5-9ce4-acd843a83a54/userFiles-8c443029-e6d4-4b55-8719-d91f07a56d93/fetchFileTemp6549069619148925652.tmp
[2025-06-02T11:24:41.592+0000] {subprocess.py:93} INFO - 25/06/02 11:24:41 INFO Utils: /tmp/spark-97e222d2-c9a6-45d5-9ce4-acd843a83a54/userFiles-8c443029-e6d4-4b55-8719-d91f07a56d93/fetchFileTemp6549069619148925652.tmp has been previously copied to /tmp/spark-97e222d2-c9a6-45d5-9ce4-acd843a83a54/userFiles-8c443029-e6d4-4b55-8719-d91f07a56d93/com.google.code.findbugs_jsr305-3.0.0.jar
[2025-06-02T11:24:41.674+0000] {subprocess.py:93} INFO - 25/06/02 11:24:41 INFO Executor: Adding file:/tmp/spark-97e222d2-c9a6-45d5-9ce4-acd843a83a54/userFiles-8c443029-e6d4-4b55-8719-d91f07a56d93/com.google.code.findbugs_jsr305-3.0.0.jar to class loader
[2025-06-02T11:24:41.675+0000] {subprocess.py:93} INFO - 25/06/02 11:24:41 INFO Executor: Fetching spark://e176696a74c5:36901/jars/org.spark-project.spark_unused-1.0.0.jar with timestamp 1748863478206
[2025-06-02T11:24:41.676+0000] {subprocess.py:93} INFO - 25/06/02 11:24:41 INFO Utils: Fetching spark://e176696a74c5:36901/jars/org.spark-project.spark_unused-1.0.0.jar to /tmp/spark-97e222d2-c9a6-45d5-9ce4-acd843a83a54/userFiles-8c443029-e6d4-4b55-8719-d91f07a56d93/fetchFileTemp1446804035180241054.tmp
[2025-06-02T11:24:41.677+0000] {subprocess.py:93} INFO - 25/06/02 11:24:41 INFO Utils: /tmp/spark-97e222d2-c9a6-45d5-9ce4-acd843a83a54/userFiles-8c443029-e6d4-4b55-8719-d91f07a56d93/fetchFileTemp1446804035180241054.tmp has been previously copied to /tmp/spark-97e222d2-c9a6-45d5-9ce4-acd843a83a54/userFiles-8c443029-e6d4-4b55-8719-d91f07a56d93/org.spark-project.spark_unused-1.0.0.jar
[2025-06-02T11:24:41.703+0000] {subprocess.py:93} INFO - 25/06/02 11:24:41 INFO Executor: Adding file:/tmp/spark-97e222d2-c9a6-45d5-9ce4-acd843a83a54/userFiles-8c443029-e6d4-4b55-8719-d91f07a56d93/org.spark-project.spark_unused-1.0.0.jar to class loader
[2025-06-02T11:24:41.704+0000] {subprocess.py:93} INFO - 25/06/02 11:24:41 INFO Executor: Fetching spark://e176696a74c5:36901/jars/org.lz4_lz4-java-1.8.0.jar with timestamp 1748863478206
[2025-06-02T11:24:41.705+0000] {subprocess.py:93} INFO - 25/06/02 11:24:41 INFO Utils: Fetching spark://e176696a74c5:36901/jars/org.lz4_lz4-java-1.8.0.jar to /tmp/spark-97e222d2-c9a6-45d5-9ce4-acd843a83a54/userFiles-8c443029-e6d4-4b55-8719-d91f07a56d93/fetchFileTemp6638485584560033223.tmp
[2025-06-02T11:24:41.709+0000] {subprocess.py:93} INFO - 25/06/02 11:24:41 INFO Utils: /tmp/spark-97e222d2-c9a6-45d5-9ce4-acd843a83a54/userFiles-8c443029-e6d4-4b55-8719-d91f07a56d93/fetchFileTemp6638485584560033223.tmp has been previously copied to /tmp/spark-97e222d2-c9a6-45d5-9ce4-acd843a83a54/userFiles-8c443029-e6d4-4b55-8719-d91f07a56d93/org.lz4_lz4-java-1.8.0.jar
[2025-06-02T11:24:41.717+0000] {subprocess.py:93} INFO - 25/06/02 11:24:41 INFO Executor: Adding file:/tmp/spark-97e222d2-c9a6-45d5-9ce4-acd843a83a54/userFiles-8c443029-e6d4-4b55-8719-d91f07a56d93/org.lz4_lz4-java-1.8.0.jar to class loader
[2025-06-02T11:24:41.718+0000] {subprocess.py:93} INFO - 25/06/02 11:24:41 INFO Executor: Fetching spark://e176696a74c5:36901/jars/org.slf4j_slf4j-api-1.7.32.jar with timestamp 1748863478206
[2025-06-02T11:24:41.718+0000] {subprocess.py:93} INFO - 25/06/02 11:24:41 INFO Utils: Fetching spark://e176696a74c5:36901/jars/org.slf4j_slf4j-api-1.7.32.jar to /tmp/spark-97e222d2-c9a6-45d5-9ce4-acd843a83a54/userFiles-8c443029-e6d4-4b55-8719-d91f07a56d93/fetchFileTemp6767022377225324266.tmp
[2025-06-02T11:24:41.719+0000] {subprocess.py:93} INFO - 25/06/02 11:24:41 INFO Utils: /tmp/spark-97e222d2-c9a6-45d5-9ce4-acd843a83a54/userFiles-8c443029-e6d4-4b55-8719-d91f07a56d93/fetchFileTemp6767022377225324266.tmp has been previously copied to /tmp/spark-97e222d2-c9a6-45d5-9ce4-acd843a83a54/userFiles-8c443029-e6d4-4b55-8719-d91f07a56d93/org.slf4j_slf4j-api-1.7.32.jar
[2025-06-02T11:24:41.725+0000] {subprocess.py:93} INFO - 25/06/02 11:24:41 INFO Executor: Adding file:/tmp/spark-97e222d2-c9a6-45d5-9ce4-acd843a83a54/userFiles-8c443029-e6d4-4b55-8719-d91f07a56d93/org.slf4j_slf4j-api-1.7.32.jar to class loader
[2025-06-02T11:24:41.726+0000] {subprocess.py:93} INFO - 25/06/02 11:24:41 INFO Executor: Fetching spark://e176696a74c5:36901/jars/org.xerial.snappy_snappy-java-1.1.8.4.jar with timestamp 1748863478206
[2025-06-02T11:24:41.726+0000] {subprocess.py:93} INFO - 25/06/02 11:24:41 INFO Utils: Fetching spark://e176696a74c5:36901/jars/org.xerial.snappy_snappy-java-1.1.8.4.jar to /tmp/spark-97e222d2-c9a6-45d5-9ce4-acd843a83a54/userFiles-8c443029-e6d4-4b55-8719-d91f07a56d93/fetchFileTemp7011190189893250035.tmp
[2025-06-02T11:24:41.801+0000] {subprocess.py:93} INFO - 25/06/02 11:24:41 INFO Utils: /tmp/spark-97e222d2-c9a6-45d5-9ce4-acd843a83a54/userFiles-8c443029-e6d4-4b55-8719-d91f07a56d93/fetchFileTemp7011190189893250035.tmp has been previously copied to /tmp/spark-97e222d2-c9a6-45d5-9ce4-acd843a83a54/userFiles-8c443029-e6d4-4b55-8719-d91f07a56d93/org.xerial.snappy_snappy-java-1.1.8.4.jar
[2025-06-02T11:24:41.945+0000] {subprocess.py:93} INFO - 25/06/02 11:24:41 INFO Executor: Adding file:/tmp/spark-97e222d2-c9a6-45d5-9ce4-acd843a83a54/userFiles-8c443029-e6d4-4b55-8719-d91f07a56d93/org.xerial.snappy_snappy-java-1.1.8.4.jar to class loader
[2025-06-02T11:24:41.946+0000] {subprocess.py:93} INFO - 25/06/02 11:24:41 INFO Executor: Fetching spark://e176696a74c5:36901/jars/org.apache.hadoop_hadoop-client-runtime-3.3.2.jar with timestamp 1748863478206
[2025-06-02T11:24:41.946+0000] {subprocess.py:93} INFO - 25/06/02 11:24:41 INFO Utils: Fetching spark://e176696a74c5:36901/jars/org.apache.hadoop_hadoop-client-runtime-3.3.2.jar to /tmp/spark-97e222d2-c9a6-45d5-9ce4-acd843a83a54/userFiles-8c443029-e6d4-4b55-8719-d91f07a56d93/fetchFileTemp6218310471125281219.tmp
[2025-06-02T11:24:42.222+0000] {subprocess.py:93} INFO - 25/06/02 11:24:42 INFO Utils: /tmp/spark-97e222d2-c9a6-45d5-9ce4-acd843a83a54/userFiles-8c443029-e6d4-4b55-8719-d91f07a56d93/fetchFileTemp6218310471125281219.tmp has been previously copied to /tmp/spark-97e222d2-c9a6-45d5-9ce4-acd843a83a54/userFiles-8c443029-e6d4-4b55-8719-d91f07a56d93/org.apache.hadoop_hadoop-client-runtime-3.3.2.jar
[2025-06-02T11:24:42.241+0000] {subprocess.py:93} INFO - 25/06/02 11:24:42 INFO Executor: Adding file:/tmp/spark-97e222d2-c9a6-45d5-9ce4-acd843a83a54/userFiles-8c443029-e6d4-4b55-8719-d91f07a56d93/org.apache.hadoop_hadoop-client-runtime-3.3.2.jar to class loader
[2025-06-02T11:24:42.242+0000] {subprocess.py:93} INFO - 25/06/02 11:24:42 INFO Executor: Fetching spark://e176696a74c5:36901/jars/org.apache.spark_spark-token-provider-kafka-0-10_2.12-3.3.0.jar with timestamp 1748863478206
[2025-06-02T11:24:42.242+0000] {subprocess.py:93} INFO - 25/06/02 11:24:42 INFO Utils: Fetching spark://e176696a74c5:36901/jars/org.apache.spark_spark-token-provider-kafka-0-10_2.12-3.3.0.jar to /tmp/spark-97e222d2-c9a6-45d5-9ce4-acd843a83a54/userFiles-8c443029-e6d4-4b55-8719-d91f07a56d93/fetchFileTemp3881608493080451452.tmp
[2025-06-02T11:24:42.243+0000] {subprocess.py:93} INFO - 25/06/02 11:24:42 INFO Utils: /tmp/spark-97e222d2-c9a6-45d5-9ce4-acd843a83a54/userFiles-8c443029-e6d4-4b55-8719-d91f07a56d93/fetchFileTemp3881608493080451452.tmp has been previously copied to /tmp/spark-97e222d2-c9a6-45d5-9ce4-acd843a83a54/userFiles-8c443029-e6d4-4b55-8719-d91f07a56d93/org.apache.spark_spark-token-provider-kafka-0-10_2.12-3.3.0.jar
[2025-06-02T11:24:42.250+0000] {subprocess.py:93} INFO - 25/06/02 11:24:42 INFO Executor: Adding file:/tmp/spark-97e222d2-c9a6-45d5-9ce4-acd843a83a54/userFiles-8c443029-e6d4-4b55-8719-d91f07a56d93/org.apache.spark_spark-token-provider-kafka-0-10_2.12-3.3.0.jar to class loader
[2025-06-02T11:24:42.251+0000] {subprocess.py:93} INFO - 25/06/02 11:24:42 INFO Executor: Fetching spark://e176696a74c5:36901/jars/org.apache.commons_commons-pool2-2.11.1.jar with timestamp 1748863478206
[2025-06-02T11:24:42.251+0000] {subprocess.py:93} INFO - 25/06/02 11:24:42 INFO Utils: Fetching spark://e176696a74c5:36901/jars/org.apache.commons_commons-pool2-2.11.1.jar to /tmp/spark-97e222d2-c9a6-45d5-9ce4-acd843a83a54/userFiles-8c443029-e6d4-4b55-8719-d91f07a56d93/fetchFileTemp505190997676473828.tmp
[2025-06-02T11:24:42.253+0000] {subprocess.py:93} INFO - 25/06/02 11:24:42 INFO Utils: /tmp/spark-97e222d2-c9a6-45d5-9ce4-acd843a83a54/userFiles-8c443029-e6d4-4b55-8719-d91f07a56d93/fetchFileTemp505190997676473828.tmp has been previously copied to /tmp/spark-97e222d2-c9a6-45d5-9ce4-acd843a83a54/userFiles-8c443029-e6d4-4b55-8719-d91f07a56d93/org.apache.commons_commons-pool2-2.11.1.jar
[2025-06-02T11:24:42.305+0000] {subprocess.py:93} INFO - 25/06/02 11:24:42 INFO Executor: Adding file:/tmp/spark-97e222d2-c9a6-45d5-9ce4-acd843a83a54/userFiles-8c443029-e6d4-4b55-8719-d91f07a56d93/org.apache.commons_commons-pool2-2.11.1.jar to class loader
[2025-06-02T11:24:42.307+0000] {subprocess.py:93} INFO - 25/06/02 11:24:42 INFO Executor: Fetching spark://e176696a74c5:36901/jars/commons-logging_commons-logging-1.1.3.jar with timestamp 1748863478206
[2025-06-02T11:24:42.308+0000] {subprocess.py:93} INFO - 25/06/02 11:24:42 INFO Utils: Fetching spark://e176696a74c5:36901/jars/commons-logging_commons-logging-1.1.3.jar to /tmp/spark-97e222d2-c9a6-45d5-9ce4-acd843a83a54/userFiles-8c443029-e6d4-4b55-8719-d91f07a56d93/fetchFileTemp8627542521090449491.tmp
[2025-06-02T11:24:42.308+0000] {subprocess.py:93} INFO - 25/06/02 11:24:42 INFO Utils: /tmp/spark-97e222d2-c9a6-45d5-9ce4-acd843a83a54/userFiles-8c443029-e6d4-4b55-8719-d91f07a56d93/fetchFileTemp8627542521090449491.tmp has been previously copied to /tmp/spark-97e222d2-c9a6-45d5-9ce4-acd843a83a54/userFiles-8c443029-e6d4-4b55-8719-d91f07a56d93/commons-logging_commons-logging-1.1.3.jar
[2025-06-02T11:24:42.314+0000] {subprocess.py:93} INFO - 25/06/02 11:24:42 INFO Executor: Adding file:/tmp/spark-97e222d2-c9a6-45d5-9ce4-acd843a83a54/userFiles-8c443029-e6d4-4b55-8719-d91f07a56d93/commons-logging_commons-logging-1.1.3.jar to class loader
[2025-06-02T11:24:42.315+0000] {subprocess.py:93} INFO - 25/06/02 11:24:42 INFO Executor: Fetching spark://e176696a74c5:36901/jars/org.apache.kafka_kafka-clients-2.8.1.jar with timestamp 1748863478206
[2025-06-02T11:24:42.316+0000] {subprocess.py:93} INFO - 25/06/02 11:24:42 INFO Utils: Fetching spark://e176696a74c5:36901/jars/org.apache.kafka_kafka-clients-2.8.1.jar to /tmp/spark-97e222d2-c9a6-45d5-9ce4-acd843a83a54/userFiles-8c443029-e6d4-4b55-8719-d91f07a56d93/fetchFileTemp8573378558479116479.tmp
[2025-06-02T11:24:42.333+0000] {subprocess.py:93} INFO - 25/06/02 11:24:42 INFO Utils: /tmp/spark-97e222d2-c9a6-45d5-9ce4-acd843a83a54/userFiles-8c443029-e6d4-4b55-8719-d91f07a56d93/fetchFileTemp8573378558479116479.tmp has been previously copied to /tmp/spark-97e222d2-c9a6-45d5-9ce4-acd843a83a54/userFiles-8c443029-e6d4-4b55-8719-d91f07a56d93/org.apache.kafka_kafka-clients-2.8.1.jar
[2025-06-02T11:24:42.348+0000] {subprocess.py:93} INFO - 25/06/02 11:24:42 INFO Executor: Adding file:/tmp/spark-97e222d2-c9a6-45d5-9ce4-acd843a83a54/userFiles-8c443029-e6d4-4b55-8719-d91f07a56d93/org.apache.kafka_kafka-clients-2.8.1.jar to class loader
[2025-06-02T11:24:42.356+0000] {subprocess.py:93} INFO - 25/06/02 11:24:42 INFO Utils: Successfully started service 'org.apache.spark.network.netty.NettyBlockTransferService' on port 34717.
[2025-06-02T11:24:42.357+0000] {subprocess.py:93} INFO - 25/06/02 11:24:42 INFO NettyBlockTransferService: Server created on e176696a74c5:34717
[2025-06-02T11:24:42.358+0000] {subprocess.py:93} INFO - 25/06/02 11:24:42 INFO BlockManager: Using org.apache.spark.storage.RandomBlockReplicationPolicy for block replication policy
[2025-06-02T11:24:42.365+0000] {subprocess.py:93} INFO - 25/06/02 11:24:42 INFO BlockManagerMaster: Registering BlockManager BlockManagerId(driver, e176696a74c5, 34717, None)
[2025-06-02T11:24:42.369+0000] {subprocess.py:93} INFO - 25/06/02 11:24:42 INFO BlockManagerMasterEndpoint: Registering block manager e176696a74c5:34717 with 366.3 MiB RAM, BlockManagerId(driver, e176696a74c5, 34717, None)
[2025-06-02T11:24:42.371+0000] {subprocess.py:93} INFO - 25/06/02 11:24:42 INFO BlockManagerMaster: Registered BlockManager BlockManagerId(driver, e176696a74c5, 34717, None)
[2025-06-02T11:24:42.372+0000] {subprocess.py:93} INFO - 25/06/02 11:24:42 INFO BlockManager: Initialized BlockManager: BlockManagerId(driver, e176696a74c5, 34717, None)
[2025-06-02T11:24:42.879+0000] {subprocess.py:93} INFO - 25/06/02 11:24:42 INFO SharedState: Setting hive.metastore.warehouse.dir ('null') to the value of spark.sql.warehouse.dir.
[2025-06-02T11:24:42.882+0000] {subprocess.py:93} INFO - 25/06/02 11:24:42 INFO SharedState: Warehouse path is 'file:/app/spark-warehouse'.
[2025-06-02T11:24:44.538+0000] {subprocess.py:93} INFO - 25/06/02 11:24:44 INFO CodeGenerator: Code generated in 313.624882 ms
[2025-06-02T11:24:44.613+0000] {subprocess.py:93} INFO - 25/06/02 11:24:44 INFO CodeGenerator: Code generated in 62.251677 ms
[2025-06-02T11:24:48.300+0000] {subprocess.py:93} INFO - 25/06/02 11:24:48 INFO ConsumerConfig: ConsumerConfig values:
[2025-06-02T11:24:48.301+0000] {subprocess.py:93} INFO - 	allow.auto.create.topics = true
[2025-06-02T11:24:48.301+0000] {subprocess.py:93} INFO - 	auto.commit.interval.ms = 5000
[2025-06-02T11:24:48.302+0000] {subprocess.py:93} INFO - 	auto.offset.reset = earliest
[2025-06-02T11:24:48.302+0000] {subprocess.py:93} INFO - 	bootstrap.servers = [kafka:9092]
[2025-06-02T11:24:48.303+0000] {subprocess.py:93} INFO - 	check.crcs = true
[2025-06-02T11:24:48.303+0000] {subprocess.py:93} INFO - 	client.dns.lookup = use_all_dns_ips
[2025-06-02T11:24:48.303+0000] {subprocess.py:93} INFO - 	client.id = consumer-spark-kafka-relation-6293269d-9010-4bdc-b079-7f6021cd1552-driver-0-1
[2025-06-02T11:24:48.304+0000] {subprocess.py:93} INFO - 	client.rack =
[2025-06-02T11:24:48.304+0000] {subprocess.py:93} INFO - 	connections.max.idle.ms = 540000
[2025-06-02T11:24:48.305+0000] {subprocess.py:93} INFO - 	default.api.timeout.ms = 60000
[2025-06-02T11:24:48.305+0000] {subprocess.py:93} INFO - 	enable.auto.commit = false
[2025-06-02T11:24:48.305+0000] {subprocess.py:93} INFO - 	exclude.internal.topics = true
[2025-06-02T11:24:48.306+0000] {subprocess.py:93} INFO - 	fetch.max.bytes = 52428800
[2025-06-02T11:24:48.306+0000] {subprocess.py:93} INFO - 	fetch.max.wait.ms = 500
[2025-06-02T11:24:48.306+0000] {subprocess.py:93} INFO - 	fetch.min.bytes = 1
[2025-06-02T11:24:48.307+0000] {subprocess.py:93} INFO - 	group.id = spark-kafka-relation-6293269d-9010-4bdc-b079-7f6021cd1552-driver-0
[2025-06-02T11:24:48.307+0000] {subprocess.py:93} INFO - 	group.instance.id = null
[2025-06-02T11:24:48.307+0000] {subprocess.py:93} INFO - 	heartbeat.interval.ms = 3000
[2025-06-02T11:24:48.308+0000] {subprocess.py:93} INFO - 	interceptor.classes = []
[2025-06-02T11:24:48.308+0000] {subprocess.py:93} INFO - 	internal.leave.group.on.close = true
[2025-06-02T11:24:48.308+0000] {subprocess.py:93} INFO - 	internal.throw.on.fetch.stable.offset.unsupported = false
[2025-06-02T11:24:48.309+0000] {subprocess.py:93} INFO - 	isolation.level = read_uncommitted
[2025-06-02T11:24:48.309+0000] {subprocess.py:93} INFO - 	key.deserializer = class org.apache.kafka.common.serialization.ByteArrayDeserializer
[2025-06-02T11:24:48.310+0000] {subprocess.py:93} INFO - 	max.partition.fetch.bytes = 1048576
[2025-06-02T11:24:48.310+0000] {subprocess.py:93} INFO - 	max.poll.interval.ms = 300000
[2025-06-02T11:24:48.310+0000] {subprocess.py:93} INFO - 	max.poll.records = 1
[2025-06-02T11:24:48.311+0000] {subprocess.py:93} INFO - 	metadata.max.age.ms = 300000
[2025-06-02T11:24:48.312+0000] {subprocess.py:93} INFO - 	metric.reporters = []
[2025-06-02T11:24:48.312+0000] {subprocess.py:93} INFO - 	metrics.num.samples = 2
[2025-06-02T11:24:48.312+0000] {subprocess.py:93} INFO - 	metrics.recording.level = INFO
[2025-06-02T11:24:48.313+0000] {subprocess.py:93} INFO - 	metrics.sample.window.ms = 30000
[2025-06-02T11:24:48.313+0000] {subprocess.py:93} INFO - 	partition.assignment.strategy = [class org.apache.kafka.clients.consumer.RangeAssignor]
[2025-06-02T11:24:48.314+0000] {subprocess.py:93} INFO - 	receive.buffer.bytes = 65536
[2025-06-02T11:24:48.314+0000] {subprocess.py:93} INFO - 	reconnect.backoff.max.ms = 1000
[2025-06-02T11:24:48.314+0000] {subprocess.py:93} INFO - 	reconnect.backoff.ms = 50
[2025-06-02T11:24:48.315+0000] {subprocess.py:93} INFO - 	request.timeout.ms = 30000
[2025-06-02T11:24:48.315+0000] {subprocess.py:93} INFO - 	retry.backoff.ms = 100
[2025-06-02T11:24:48.316+0000] {subprocess.py:93} INFO - 	sasl.client.callback.handler.class = null
[2025-06-02T11:24:48.316+0000] {subprocess.py:93} INFO - 	sasl.jaas.config = null
[2025-06-02T11:24:48.316+0000] {subprocess.py:93} INFO - 	sasl.kerberos.kinit.cmd = /usr/bin/kinit
[2025-06-02T11:24:48.317+0000] {subprocess.py:93} INFO - 	sasl.kerberos.min.time.before.relogin = 60000
[2025-06-02T11:24:48.317+0000] {subprocess.py:93} INFO - 	sasl.kerberos.service.name = null
[2025-06-02T11:24:48.318+0000] {subprocess.py:93} INFO - 	sasl.kerberos.ticket.renew.jitter = 0.05
[2025-06-02T11:24:48.318+0000] {subprocess.py:93} INFO - 	sasl.kerberos.ticket.renew.window.factor = 0.8
[2025-06-02T11:24:48.318+0000] {subprocess.py:93} INFO - 	sasl.login.callback.handler.class = null
[2025-06-02T11:24:48.319+0000] {subprocess.py:93} INFO - 	sasl.login.class = null
[2025-06-02T11:24:48.319+0000] {subprocess.py:93} INFO - 	sasl.login.refresh.buffer.seconds = 300
[2025-06-02T11:24:48.319+0000] {subprocess.py:93} INFO - 	sasl.login.refresh.min.period.seconds = 60
[2025-06-02T11:24:48.320+0000] {subprocess.py:93} INFO - 	sasl.login.refresh.window.factor = 0.8
[2025-06-02T11:24:48.320+0000] {subprocess.py:93} INFO - 	sasl.login.refresh.window.jitter = 0.05
[2025-06-02T11:24:48.321+0000] {subprocess.py:93} INFO - 	sasl.mechanism = GSSAPI
[2025-06-02T11:24:48.321+0000] {subprocess.py:93} INFO - 	security.protocol = PLAINTEXT
[2025-06-02T11:24:48.321+0000] {subprocess.py:93} INFO - 	security.providers = null
[2025-06-02T11:24:48.322+0000] {subprocess.py:93} INFO - 	send.buffer.bytes = 131072
[2025-06-02T11:24:48.322+0000] {subprocess.py:93} INFO - 	session.timeout.ms = 10000
[2025-06-02T11:24:48.323+0000] {subprocess.py:93} INFO - 	socket.connection.setup.timeout.max.ms = 30000
[2025-06-02T11:24:48.323+0000] {subprocess.py:93} INFO - 	socket.connection.setup.timeout.ms = 10000
[2025-06-02T11:24:48.323+0000] {subprocess.py:93} INFO - 	ssl.cipher.suites = null
[2025-06-02T11:24:48.324+0000] {subprocess.py:93} INFO - 	ssl.enabled.protocols = [TLSv1.2]
[2025-06-02T11:24:48.324+0000] {subprocess.py:93} INFO - 	ssl.endpoint.identification.algorithm = https
[2025-06-02T11:24:48.324+0000] {subprocess.py:93} INFO - 	ssl.engine.factory.class = null
[2025-06-02T11:24:48.325+0000] {subprocess.py:93} INFO - 	ssl.key.password = null
[2025-06-02T11:24:48.325+0000] {subprocess.py:93} INFO - 	ssl.keymanager.algorithm = SunX509
[2025-06-02T11:24:48.325+0000] {subprocess.py:93} INFO - 	ssl.keystore.certificate.chain = null
[2025-06-02T11:24:48.326+0000] {subprocess.py:93} INFO - 	ssl.keystore.key = null
[2025-06-02T11:24:48.326+0000] {subprocess.py:93} INFO - 	ssl.keystore.location = null
[2025-06-02T11:24:48.327+0000] {subprocess.py:93} INFO - 	ssl.keystore.password = null
[2025-06-02T11:24:48.327+0000] {subprocess.py:93} INFO - 	ssl.keystore.type = JKS
[2025-06-02T11:24:48.327+0000] {subprocess.py:93} INFO - 	ssl.protocol = TLSv1.2
[2025-06-02T11:24:48.328+0000] {subprocess.py:93} INFO - 	ssl.provider = null
[2025-06-02T11:24:48.328+0000] {subprocess.py:93} INFO - 	ssl.secure.random.implementation = null
[2025-06-02T11:24:48.329+0000] {subprocess.py:93} INFO - 	ssl.trustmanager.algorithm = PKIX
[2025-06-02T11:24:48.329+0000] {subprocess.py:93} INFO - 	ssl.truststore.certificates = null
[2025-06-02T11:24:48.329+0000] {subprocess.py:93} INFO - 	ssl.truststore.location = null
[2025-06-02T11:24:48.330+0000] {subprocess.py:93} INFO - 	ssl.truststore.password = null
[2025-06-02T11:24:48.330+0000] {subprocess.py:93} INFO - 	ssl.truststore.type = JKS
[2025-06-02T11:24:48.331+0000] {subprocess.py:93} INFO - 	value.deserializer = class org.apache.kafka.common.serialization.ByteArrayDeserializer
[2025-06-02T11:24:48.331+0000] {subprocess.py:93} INFO - 
[2025-06-02T11:24:52.335+0000] {subprocess.py:93} INFO - 25/06/02 11:24:52 WARN ClientUtils: Couldn't resolve server kafka:9092 from bootstrap.servers as DNS resolution failed for kafka
[2025-06-02T11:24:52.336+0000] {subprocess.py:93} INFO - 25/06/02 11:24:52 INFO Metrics: Metrics scheduler closed
[2025-06-02T11:24:52.337+0000] {subprocess.py:93} INFO - 25/06/02 11:24:52 INFO Metrics: Closing reporter org.apache.kafka.common.metrics.JmxReporter
[2025-06-02T11:24:52.338+0000] {subprocess.py:93} INFO - 25/06/02 11:24:52 INFO Metrics: Metrics reporters closed
[2025-06-02T11:24:52.340+0000] {subprocess.py:93} INFO - 25/06/02 11:24:52 INFO AppInfoParser: App info kafka.consumer for consumer-spark-kafka-relation-6293269d-9010-4bdc-b079-7f6021cd1552-driver-0-1 unregistered
[2025-06-02T11:24:52.446+0000] {subprocess.py:93} INFO - Traceback (most recent call last):
[2025-06-02T11:24:52.447+0000] {subprocess.py:93} INFO -   File "/app/log_consumer.py", line 34, in <module>
[2025-06-02T11:24:52.449+0000] {subprocess.py:93} INFO -     error_logs.write.mode("append").json("/app/output/error_logs")
[2025-06-02T11:24:52.449+0000] {subprocess.py:93} INFO -   File "/opt/bitnami/spark/python/lib/pyspark.zip/pyspark/sql/readwriter.py", line 1095, in json
[2025-06-02T11:24:52.450+0000] {subprocess.py:93} INFO -   File "/opt/bitnami/spark/python/lib/py4j-0.10.9.5-src.zip/py4j/java_gateway.py", line 1321, in __call__
[2025-06-02T11:24:52.501+0000] {subprocess.py:93} INFO -   File "/opt/bitnami/spark/python/lib/pyspark.zip/pyspark/sql/utils.py", line 190, in deco
[2025-06-02T11:24:52.502+0000] {subprocess.py:93} INFO -   File "/opt/bitnami/spark/python/lib/py4j-0.10.9.5-src.zip/py4j/protocol.py", line 326, in get_return_value
[2025-06-02T11:24:52.504+0000] {subprocess.py:93} INFO - py4j.protocol.Py4JJavaError: An error occurred while calling o53.json.
[2025-06-02T11:24:52.505+0000] {subprocess.py:93} INFO - : org.apache.spark.SparkException: Exception thrown in awaitResult:
[2025-06-02T11:24:52.505+0000] {subprocess.py:93} INFO - 	at org.apache.spark.util.ThreadUtils$.awaitResult(ThreadUtils.scala:301)
[2025-06-02T11:24:52.506+0000] {subprocess.py:93} INFO - 	at org.apache.spark.util.UninterruptibleThreadRunner.runUninterruptibly(UninterruptibleThreadRunner.scala:46)
[2025-06-02T11:24:52.506+0000] {subprocess.py:93} INFO - 	at org.apache.spark.sql.kafka010.KafkaOffsetReaderConsumer.fetchTopicPartitions(KafkaOffsetReaderConsumer.scala:129)
[2025-06-02T11:24:52.506+0000] {subprocess.py:93} INFO - 	at org.apache.spark.sql.kafka010.KafkaOffsetReaderConsumer.fetchPartitionOffsets(KafkaOffsetReaderConsumer.scala:150)
[2025-06-02T11:24:52.507+0000] {subprocess.py:93} INFO - 	at org.apache.spark.sql.kafka010.KafkaOffsetReaderConsumer.getOffsetRangesFromUnresolvedOffsets(KafkaOffsetReaderConsumer.scala:422)
[2025-06-02T11:24:52.507+0000] {subprocess.py:93} INFO - 	at org.apache.spark.sql.kafka010.KafkaRelation.buildScan(KafkaRelation.scala:67)
[2025-06-02T11:24:52.507+0000] {subprocess.py:93} INFO - 	at org.apache.spark.sql.execution.datasources.DataSourceStrategy$.apply(DataSourceStrategy.scala:344)
[2025-06-02T11:24:52.508+0000] {subprocess.py:93} INFO - 	at org.apache.spark.sql.catalyst.planning.QueryPlanner.$anonfun$plan$1(QueryPlanner.scala:63)
[2025-06-02T11:24:52.508+0000] {subprocess.py:93} INFO - 	at scala.collection.Iterator$$anon$11.nextCur(Iterator.scala:486)
[2025-06-02T11:24:52.508+0000] {subprocess.py:93} INFO - 	at scala.collection.Iterator$$anon$11.hasNext(Iterator.scala:492)
[2025-06-02T11:24:52.509+0000] {subprocess.py:93} INFO - 	at scala.collection.Iterator$$anon$11.hasNext(Iterator.scala:491)
[2025-06-02T11:24:52.509+0000] {subprocess.py:93} INFO - 	at org.apache.spark.sql.catalyst.planning.QueryPlanner.plan(QueryPlanner.scala:93)
[2025-06-02T11:24:52.509+0000] {subprocess.py:93} INFO - 	at org.apache.spark.sql.execution.SparkStrategies.plan(SparkStrategies.scala:69)
[2025-06-02T11:24:52.510+0000] {subprocess.py:93} INFO - 	at org.apache.spark.sql.catalyst.planning.QueryPlanner.$anonfun$plan$3(QueryPlanner.scala:78)
[2025-06-02T11:24:52.510+0000] {subprocess.py:93} INFO - 	at scala.collection.TraversableOnce$folder$1.apply(TraversableOnce.scala:196)
[2025-06-02T11:24:52.511+0000] {subprocess.py:93} INFO - 	at scala.collection.TraversableOnce$folder$1.apply(TraversableOnce.scala:194)
[2025-06-02T11:24:52.511+0000] {subprocess.py:93} INFO - 	at scala.collection.Iterator.foreach(Iterator.scala:943)
[2025-06-02T11:24:52.511+0000] {subprocess.py:93} INFO - 	at scala.collection.Iterator.foreach$(Iterator.scala:943)
[2025-06-02T11:24:52.512+0000] {subprocess.py:93} INFO - 	at scala.collection.AbstractIterator.foreach(Iterator.scala:1431)
[2025-06-02T11:24:52.512+0000] {subprocess.py:93} INFO - 	at scala.collection.TraversableOnce.foldLeft(TraversableOnce.scala:199)
[2025-06-02T11:24:52.512+0000] {subprocess.py:93} INFO - 	at scala.collection.TraversableOnce.foldLeft$(TraversableOnce.scala:192)
[2025-06-02T11:24:52.512+0000] {subprocess.py:93} INFO - 	at scala.collection.AbstractIterator.foldLeft(Iterator.scala:1431)
[2025-06-02T11:24:52.513+0000] {subprocess.py:93} INFO - 	at org.apache.spark.sql.catalyst.planning.QueryPlanner.$anonfun$plan$2(QueryPlanner.scala:75)
[2025-06-02T11:24:52.513+0000] {subprocess.py:93} INFO - 	at scala.collection.Iterator$$anon$11.nextCur(Iterator.scala:486)
[2025-06-02T11:24:52.513+0000] {subprocess.py:93} INFO - 	at scala.collection.Iterator$$anon$11.hasNext(Iterator.scala:492)
[2025-06-02T11:24:52.514+0000] {subprocess.py:93} INFO - 	at org.apache.spark.sql.catalyst.planning.QueryPlanner.plan(QueryPlanner.scala:93)
[2025-06-02T11:24:52.514+0000] {subprocess.py:93} INFO - 	at org.apache.spark.sql.execution.SparkStrategies.plan(SparkStrategies.scala:69)
[2025-06-02T11:24:52.515+0000] {subprocess.py:93} INFO - 	at org.apache.spark.sql.catalyst.planning.QueryPlanner.$anonfun$plan$3(QueryPlanner.scala:78)
[2025-06-02T11:24:52.515+0000] {subprocess.py:93} INFO - 	at scala.collection.TraversableOnce$folder$1.apply(TraversableOnce.scala:196)
[2025-06-02T11:24:52.515+0000] {subprocess.py:93} INFO - 	at scala.collection.TraversableOnce$folder$1.apply(TraversableOnce.scala:194)
[2025-06-02T11:24:52.516+0000] {subprocess.py:93} INFO - 	at scala.collection.Iterator.foreach(Iterator.scala:943)
[2025-06-02T11:24:52.516+0000] {subprocess.py:93} INFO - 	at scala.collection.Iterator.foreach$(Iterator.scala:943)
[2025-06-02T11:24:52.516+0000] {subprocess.py:93} INFO - 	at scala.collection.AbstractIterator.foreach(Iterator.scala:1431)
[2025-06-02T11:24:52.517+0000] {subprocess.py:93} INFO - 	at scala.collection.TraversableOnce.foldLeft(TraversableOnce.scala:199)
[2025-06-02T11:24:52.517+0000] {subprocess.py:93} INFO - 	at scala.collection.TraversableOnce.foldLeft$(TraversableOnce.scala:192)
[2025-06-02T11:24:52.517+0000] {subprocess.py:93} INFO - 	at scala.collection.AbstractIterator.foldLeft(Iterator.scala:1431)
[2025-06-02T11:24:52.518+0000] {subprocess.py:93} INFO - 	at org.apache.spark.sql.catalyst.planning.QueryPlanner.$anonfun$plan$2(QueryPlanner.scala:75)
[2025-06-02T11:24:52.518+0000] {subprocess.py:93} INFO - 	at scala.collection.Iterator$$anon$11.nextCur(Iterator.scala:486)
[2025-06-02T11:24:52.518+0000] {subprocess.py:93} INFO - 	at scala.collection.Iterator$$anon$11.hasNext(Iterator.scala:492)
[2025-06-02T11:24:52.519+0000] {subprocess.py:93} INFO - 	at org.apache.spark.sql.catalyst.planning.QueryPlanner.plan(QueryPlanner.scala:93)
[2025-06-02T11:24:52.519+0000] {subprocess.py:93} INFO - 	at org.apache.spark.sql.execution.SparkStrategies.plan(SparkStrategies.scala:69)
[2025-06-02T11:24:52.519+0000] {subprocess.py:93} INFO - 	at org.apache.spark.sql.catalyst.planning.QueryPlanner.$anonfun$plan$3(QueryPlanner.scala:78)
[2025-06-02T11:24:52.519+0000] {subprocess.py:93} INFO - 	at scala.collection.TraversableOnce$folder$1.apply(TraversableOnce.scala:196)
[2025-06-02T11:24:52.520+0000] {subprocess.py:93} INFO - 	at scala.collection.TraversableOnce$folder$1.apply(TraversableOnce.scala:194)
[2025-06-02T11:24:52.520+0000] {subprocess.py:93} INFO - 	at scala.collection.Iterator.foreach(Iterator.scala:943)
[2025-06-02T11:24:52.520+0000] {subprocess.py:93} INFO - 	at scala.collection.Iterator.foreach$(Iterator.scala:943)
[2025-06-02T11:24:52.521+0000] {subprocess.py:93} INFO - 	at scala.collection.AbstractIterator.foreach(Iterator.scala:1431)
[2025-06-02T11:24:52.521+0000] {subprocess.py:93} INFO - 	at scala.collection.TraversableOnce.foldLeft(TraversableOnce.scala:199)
[2025-06-02T11:24:52.521+0000] {subprocess.py:93} INFO - 	at scala.collection.TraversableOnce.foldLeft$(TraversableOnce.scala:192)
[2025-06-02T11:24:52.522+0000] {subprocess.py:93} INFO - 	at scala.collection.AbstractIterator.foldLeft(Iterator.scala:1431)
[2025-06-02T11:24:52.522+0000] {subprocess.py:93} INFO - 	at org.apache.spark.sql.catalyst.planning.QueryPlanner.$anonfun$plan$2(QueryPlanner.scala:75)
[2025-06-02T11:24:52.522+0000] {subprocess.py:93} INFO - 	at scala.collection.Iterator$$anon$11.nextCur(Iterator.scala:486)
[2025-06-02T11:24:52.523+0000] {subprocess.py:93} INFO - 	at scala.collection.Iterator$$anon$11.hasNext(Iterator.scala:492)
[2025-06-02T11:24:52.523+0000] {subprocess.py:93} INFO - 	at org.apache.spark.sql.catalyst.planning.QueryPlanner.plan(QueryPlanner.scala:93)
[2025-06-02T11:24:52.523+0000] {subprocess.py:93} INFO - 	at org.apache.spark.sql.execution.SparkStrategies.plan(SparkStrategies.scala:69)
[2025-06-02T11:24:52.523+0000] {subprocess.py:93} INFO - 	at org.apache.spark.sql.catalyst.planning.QueryPlanner.$anonfun$plan$3(QueryPlanner.scala:78)
[2025-06-02T11:24:52.524+0000] {subprocess.py:93} INFO - 	at scala.collection.TraversableOnce$folder$1.apply(TraversableOnce.scala:196)
[2025-06-02T11:24:52.524+0000] {subprocess.py:93} INFO - 	at scala.collection.TraversableOnce$folder$1.apply(TraversableOnce.scala:194)
[2025-06-02T11:24:52.524+0000] {subprocess.py:93} INFO - 	at scala.collection.Iterator.foreach(Iterator.scala:943)
[2025-06-02T11:24:52.525+0000] {subprocess.py:93} INFO - 	at scala.collection.Iterator.foreach$(Iterator.scala:943)
[2025-06-02T11:24:52.525+0000] {subprocess.py:93} INFO - 	at scala.collection.AbstractIterator.foreach(Iterator.scala:1431)
[2025-06-02T11:24:52.526+0000] {subprocess.py:93} INFO - 	at scala.collection.TraversableOnce.foldLeft(TraversableOnce.scala:199)
[2025-06-02T11:24:52.526+0000] {subprocess.py:93} INFO - 	at scala.collection.TraversableOnce.foldLeft$(TraversableOnce.scala:192)
[2025-06-02T11:24:52.527+0000] {subprocess.py:93} INFO - 	at scala.collection.AbstractIterator.foldLeft(Iterator.scala:1431)
[2025-06-02T11:24:52.527+0000] {subprocess.py:93} INFO - 	at org.apache.spark.sql.catalyst.planning.QueryPlanner.$anonfun$plan$2(QueryPlanner.scala:75)
[2025-06-02T11:24:52.528+0000] {subprocess.py:93} INFO - 	at scala.collection.Iterator$$anon$11.nextCur(Iterator.scala:486)
[2025-06-02T11:24:52.528+0000] {subprocess.py:93} INFO - 	at scala.collection.Iterator$$anon$11.hasNext(Iterator.scala:492)
[2025-06-02T11:24:52.528+0000] {subprocess.py:93} INFO - 	at org.apache.spark.sql.catalyst.planning.QueryPlanner.plan(QueryPlanner.scala:93)
[2025-06-02T11:24:52.562+0000] {subprocess.py:93} INFO - 	at org.apache.spark.sql.execution.SparkStrategies.plan(SparkStrategies.scala:69)
[2025-06-02T11:24:52.562+0000] {subprocess.py:93} INFO - 	at org.apache.spark.sql.catalyst.planning.QueryPlanner.$anonfun$plan$3(QueryPlanner.scala:78)
[2025-06-02T11:24:52.563+0000] {subprocess.py:93} INFO - 	at scala.collection.TraversableOnce$folder$1.apply(TraversableOnce.scala:196)
[2025-06-02T11:24:52.563+0000] {subprocess.py:93} INFO - 	at scala.collection.TraversableOnce$folder$1.apply(TraversableOnce.scala:194)
[2025-06-02T11:24:52.564+0000] {subprocess.py:93} INFO - 	at scala.collection.Iterator.foreach(Iterator.scala:943)
[2025-06-02T11:24:52.564+0000] {subprocess.py:93} INFO - 	at scala.collection.Iterator.foreach$(Iterator.scala:943)
[2025-06-02T11:24:52.564+0000] {subprocess.py:93} INFO - 	at scala.collection.AbstractIterator.foreach(Iterator.scala:1431)
[2025-06-02T11:24:52.565+0000] {subprocess.py:93} INFO - 	at scala.collection.TraversableOnce.foldLeft(TraversableOnce.scala:199)
[2025-06-02T11:24:52.565+0000] {subprocess.py:93} INFO - 	at scala.collection.TraversableOnce.foldLeft$(TraversableOnce.scala:192)
[2025-06-02T11:24:52.565+0000] {subprocess.py:93} INFO - 	at scala.collection.AbstractIterator.foldLeft(Iterator.scala:1431)
[2025-06-02T11:24:52.566+0000] {subprocess.py:93} INFO - 	at org.apache.spark.sql.catalyst.planning.QueryPlanner.$anonfun$plan$2(QueryPlanner.scala:75)
[2025-06-02T11:24:52.566+0000] {subprocess.py:93} INFO - 	at scala.collection.Iterator$$anon$11.nextCur(Iterator.scala:486)
[2025-06-02T11:24:52.566+0000] {subprocess.py:93} INFO - 	at scala.collection.Iterator$$anon$11.hasNext(Iterator.scala:492)
[2025-06-02T11:24:52.567+0000] {subprocess.py:93} INFO - 	at org.apache.spark.sql.catalyst.planning.QueryPlanner.plan(QueryPlanner.scala:93)
[2025-06-02T11:24:52.567+0000] {subprocess.py:93} INFO - 	at org.apache.spark.sql.execution.SparkStrategies.plan(SparkStrategies.scala:69)
[2025-06-02T11:24:52.567+0000] {subprocess.py:93} INFO - 	at org.apache.spark.sql.execution.QueryExecution$.createSparkPlan(QueryExecution.scala:459)
[2025-06-02T11:24:52.568+0000] {subprocess.py:93} INFO - 	at org.apache.spark.sql.execution.QueryExecution.$anonfun$sparkPlan$1(QueryExecution.scala:145)
[2025-06-02T11:24:52.568+0000] {subprocess.py:93} INFO - 	at org.apache.spark.sql.catalyst.QueryPlanningTracker.measurePhase(QueryPlanningTracker.scala:111)
[2025-06-02T11:24:52.568+0000] {subprocess.py:93} INFO - 	at org.apache.spark.sql.execution.QueryExecution.$anonfun$executePhase$2(QueryExecution.scala:185)
[2025-06-02T11:24:52.569+0000] {subprocess.py:93} INFO - 	at org.apache.spark.sql.execution.QueryExecution$.withInternalError(QueryExecution.scala:510)
[2025-06-02T11:24:52.569+0000] {subprocess.py:93} INFO - 	at org.apache.spark.sql.execution.QueryExecution.$anonfun$executePhase$1(QueryExecution.scala:185)
[2025-06-02T11:24:52.569+0000] {subprocess.py:93} INFO - 	at org.apache.spark.sql.SparkSession.withActive(SparkSession.scala:779)
[2025-06-02T11:24:52.569+0000] {subprocess.py:93} INFO - 	at org.apache.spark.sql.execution.QueryExecution.executePhase(QueryExecution.scala:184)
[2025-06-02T11:24:52.570+0000] {subprocess.py:93} INFO - 	at org.apache.spark.sql.execution.QueryExecution.sparkPlan$lzycompute(QueryExecution.scala:145)
[2025-06-02T11:24:52.570+0000] {subprocess.py:93} INFO - 	at org.apache.spark.sql.execution.QueryExecution.sparkPlan(QueryExecution.scala:138)
[2025-06-02T11:24:52.570+0000] {subprocess.py:93} INFO - 	at org.apache.spark.sql.execution.QueryExecution.$anonfun$executedPlan$1(QueryExecution.scala:158)
[2025-06-02T11:24:52.570+0000] {subprocess.py:93} INFO - 	at org.apache.spark.sql.catalyst.QueryPlanningTracker.measurePhase(QueryPlanningTracker.scala:111)
[2025-06-02T11:24:52.571+0000] {subprocess.py:93} INFO - 	at org.apache.spark.sql.execution.QueryExecution.$anonfun$executePhase$2(QueryExecution.scala:185)
[2025-06-02T11:24:52.571+0000] {subprocess.py:93} INFO - 	at org.apache.spark.sql.execution.QueryExecution$.withInternalError(QueryExecution.scala:510)
[2025-06-02T11:24:52.571+0000] {subprocess.py:93} INFO - 	at org.apache.spark.sql.execution.QueryExecution.$anonfun$executePhase$1(QueryExecution.scala:185)
[2025-06-02T11:24:52.572+0000] {subprocess.py:93} INFO - 	at org.apache.spark.sql.SparkSession.withActive(SparkSession.scala:779)
[2025-06-02T11:24:52.572+0000] {subprocess.py:93} INFO - 	at org.apache.spark.sql.execution.QueryExecution.executePhase(QueryExecution.scala:184)
[2025-06-02T11:24:52.572+0000] {subprocess.py:93} INFO - 	at org.apache.spark.sql.execution.QueryExecution.executedPlan$lzycompute(QueryExecution.scala:158)
[2025-06-02T11:24:52.573+0000] {subprocess.py:93} INFO - 	at org.apache.spark.sql.execution.QueryExecution.executedPlan(QueryExecution.scala:151)
[2025-06-02T11:24:52.573+0000] {subprocess.py:93} INFO - 	at org.apache.spark.sql.execution.QueryExecution.simpleString(QueryExecution.scala:204)
[2025-06-02T11:24:52.574+0000] {subprocess.py:93} INFO - 	at org.apache.spark.sql.execution.QueryExecution.org$apache$spark$sql$execution$QueryExecution$$explainString(QueryExecution.scala:249)
[2025-06-02T11:24:52.574+0000] {subprocess.py:93} INFO - 	at org.apache.spark.sql.execution.QueryExecution.explainString(QueryExecution.scala:218)
[2025-06-02T11:24:52.575+0000] {subprocess.py:93} INFO - 	at org.apache.spark.sql.execution.SQLExecution$.$anonfun$withNewExecutionId$6(SQLExecution.scala:103)
[2025-06-02T11:24:52.575+0000] {subprocess.py:93} INFO - 	at org.apache.spark.sql.execution.SQLExecution$.withSQLConfPropagated(SQLExecution.scala:169)
[2025-06-02T11:24:52.576+0000] {subprocess.py:93} INFO - 	at org.apache.spark.sql.execution.SQLExecution$.$anonfun$withNewExecutionId$1(SQLExecution.scala:95)
[2025-06-02T11:24:52.576+0000] {subprocess.py:93} INFO - 	at org.apache.spark.sql.SparkSession.withActive(SparkSession.scala:779)
[2025-06-02T11:24:52.577+0000] {subprocess.py:93} INFO - 	at org.apache.spark.sql.execution.SQLExecution$.withNewExecutionId(SQLExecution.scala:64)
[2025-06-02T11:24:52.577+0000] {subprocess.py:93} INFO - 	at org.apache.spark.sql.execution.QueryExecution$$anonfun$eagerlyExecuteCommands$1.applyOrElse(QueryExecution.scala:98)
[2025-06-02T11:24:52.577+0000] {subprocess.py:93} INFO - 	at org.apache.spark.sql.execution.QueryExecution$$anonfun$eagerlyExecuteCommands$1.applyOrElse(QueryExecution.scala:94)
[2025-06-02T11:24:52.578+0000] {subprocess.py:93} INFO - 	at org.apache.spark.sql.catalyst.trees.TreeNode.$anonfun$transformDownWithPruning$1(TreeNode.scala:584)
[2025-06-02T11:24:52.578+0000] {subprocess.py:93} INFO - 	at org.apache.spark.sql.catalyst.trees.CurrentOrigin$.withOrigin(TreeNode.scala:176)
[2025-06-02T11:24:52.578+0000] {subprocess.py:93} INFO - 	at org.apache.spark.sql.catalyst.trees.TreeNode.transformDownWithPruning(TreeNode.scala:584)
[2025-06-02T11:24:52.579+0000] {subprocess.py:93} INFO - 	at org.apache.spark.sql.catalyst.plans.logical.LogicalPlan.org$apache$spark$sql$catalyst$plans$logical$AnalysisHelper$$super$transformDownWithPruning(LogicalPlan.scala:30)
[2025-06-02T11:24:52.579+0000] {subprocess.py:93} INFO - 	at org.apache.spark.sql.catalyst.plans.logical.AnalysisHelper.transformDownWithPruning(AnalysisHelper.scala:267)
[2025-06-02T11:24:52.579+0000] {subprocess.py:93} INFO - 	at org.apache.spark.sql.catalyst.plans.logical.AnalysisHelper.transformDownWithPruning$(AnalysisHelper.scala:263)
[2025-06-02T11:24:52.580+0000] {subprocess.py:93} INFO - 	at org.apache.spark.sql.catalyst.plans.logical.LogicalPlan.transformDownWithPruning(LogicalPlan.scala:30)
[2025-06-02T11:24:52.580+0000] {subprocess.py:93} INFO - 	at org.apache.spark.sql.catalyst.plans.logical.LogicalPlan.transformDownWithPruning(LogicalPlan.scala:30)
[2025-06-02T11:24:52.580+0000] {subprocess.py:93} INFO - 	at org.apache.spark.sql.catalyst.trees.TreeNode.transformDown(TreeNode.scala:560)
[2025-06-02T11:24:52.581+0000] {subprocess.py:93} INFO - 	at org.apache.spark.sql.execution.QueryExecution.eagerlyExecuteCommands(QueryExecution.scala:94)
[2025-06-02T11:24:52.581+0000] {subprocess.py:93} INFO - 	at org.apache.spark.sql.execution.QueryExecution.commandExecuted$lzycompute(QueryExecution.scala:81)
[2025-06-02T11:24:52.581+0000] {subprocess.py:93} INFO - 	at org.apache.spark.sql.execution.QueryExecution.commandExecuted(QueryExecution.scala:79)
[2025-06-02T11:24:52.582+0000] {subprocess.py:93} INFO - 	at org.apache.spark.sql.execution.QueryExecution.assertCommandExecuted(QueryExecution.scala:116)
[2025-06-02T11:24:52.582+0000] {subprocess.py:93} INFO - 	at org.apache.spark.sql.DataFrameWriter.runCommand(DataFrameWriter.scala:860)
[2025-06-02T11:24:52.582+0000] {subprocess.py:93} INFO - 	at org.apache.spark.sql.DataFrameWriter.saveToV1Source(DataFrameWriter.scala:390)
[2025-06-02T11:24:52.582+0000] {subprocess.py:93} INFO - 	at org.apache.spark.sql.DataFrameWriter.saveInternal(DataFrameWriter.scala:363)
[2025-06-02T11:24:52.583+0000] {subprocess.py:93} INFO - 	at org.apache.spark.sql.DataFrameWriter.save(DataFrameWriter.scala:239)
[2025-06-02T11:24:52.583+0000] {subprocess.py:93} INFO - 	at org.apache.spark.sql.DataFrameWriter.json(DataFrameWriter.scala:775)
[2025-06-02T11:24:52.583+0000] {subprocess.py:93} INFO - 	at sun.reflect.NativeMethodAccessorImpl.invoke0(Native Method)
[2025-06-02T11:24:52.584+0000] {subprocess.py:93} INFO - 	at sun.reflect.NativeMethodAccessorImpl.invoke(NativeMethodAccessorImpl.java:62)
[2025-06-02T11:24:52.584+0000] {subprocess.py:93} INFO - 	at sun.reflect.DelegatingMethodAccessorImpl.invoke(DelegatingMethodAccessorImpl.java:43)
[2025-06-02T11:24:52.584+0000] {subprocess.py:93} INFO - 	at java.lang.reflect.Method.invoke(Method.java:498)
[2025-06-02T11:24:52.584+0000] {subprocess.py:93} INFO - 	at py4j.reflection.MethodInvoker.invoke(MethodInvoker.java:244)
[2025-06-02T11:24:52.585+0000] {subprocess.py:93} INFO - 	at py4j.reflection.ReflectionEngine.invoke(ReflectionEngine.java:357)
[2025-06-02T11:24:52.585+0000] {subprocess.py:93} INFO - 	at py4j.Gateway.invoke(Gateway.java:282)
[2025-06-02T11:24:52.587+0000] {subprocess.py:93} INFO - 	at py4j.commands.AbstractCommand.invokeMethod(AbstractCommand.java:132)
[2025-06-02T11:24:52.588+0000] {subprocess.py:93} INFO - 	at py4j.commands.CallCommand.execute(CallCommand.java:79)
[2025-06-02T11:24:52.589+0000] {subprocess.py:93} INFO - 	at py4j.ClientServerConnection.waitForCommands(ClientServerConnection.java:182)
[2025-06-02T11:24:52.589+0000] {subprocess.py:93} INFO - 	at py4j.ClientServerConnection.run(ClientServerConnection.java:106)
[2025-06-02T11:24:52.590+0000] {subprocess.py:93} INFO - 	at java.lang.Thread.run(Thread.java:750)
[2025-06-02T11:24:52.590+0000] {subprocess.py:93} INFO - Caused by: org.apache.kafka.common.KafkaException: Failed to construct kafka consumer
[2025-06-02T11:24:52.590+0000] {subprocess.py:93} INFO - 	at org.apache.kafka.clients.consumer.KafkaConsumer.<init>(KafkaConsumer.java:823)
[2025-06-02T11:24:52.591+0000] {subprocess.py:93} INFO - 	at org.apache.kafka.clients.consumer.KafkaConsumer.<init>(KafkaConsumer.java:665)
[2025-06-02T11:24:52.591+0000] {subprocess.py:93} INFO - 	at org.apache.kafka.clients.consumer.KafkaConsumer.<init>(KafkaConsumer.java:613)
[2025-06-02T11:24:52.591+0000] {subprocess.py:93} INFO - 	at org.apache.spark.sql.kafka010.SubscribeStrategy.createConsumer(ConsumerStrategy.scala:107)
[2025-06-02T11:24:52.592+0000] {subprocess.py:93} INFO - 	at org.apache.spark.sql.kafka010.KafkaOffsetReaderConsumer.consumer(KafkaOffsetReaderConsumer.scala:83)
[2025-06-02T11:24:52.592+0000] {subprocess.py:93} INFO - 	at org.apache.spark.sql.kafka010.KafkaOffsetReaderConsumer.$anonfun$fetchTopicPartitions$1(KafkaOffsetReaderConsumer.scala:132)
[2025-06-02T11:24:52.593+0000] {subprocess.py:93} INFO - 	at scala.concurrent.Future$.$anonfun$apply$1(Future.scala:659)
[2025-06-02T11:24:52.593+0000] {subprocess.py:93} INFO - 	at scala.util.Success.$anonfun$map$1(Try.scala:255)
[2025-06-02T11:24:52.594+0000] {subprocess.py:93} INFO - 	at scala.util.Success.map(Try.scala:213)
[2025-06-02T11:24:52.595+0000] {subprocess.py:93} INFO - 	at scala.concurrent.Future.$anonfun$map$1(Future.scala:292)
[2025-06-02T11:24:52.595+0000] {subprocess.py:93} INFO - 	at scala.concurrent.impl.Promise.liftedTree1$1(Promise.scala:33)
[2025-06-02T11:24:52.595+0000] {subprocess.py:93} INFO - 	at scala.concurrent.impl.Promise.$anonfun$transform$1(Promise.scala:33)
[2025-06-02T11:24:52.596+0000] {subprocess.py:93} INFO - 	at scala.concurrent.impl.CallbackRunnable.run(Promise.scala:64)
[2025-06-02T11:24:52.596+0000] {subprocess.py:93} INFO - 	at java.util.concurrent.ThreadPoolExecutor.runWorker(ThreadPoolExecutor.java:1149)
[2025-06-02T11:24:52.596+0000] {subprocess.py:93} INFO - 	at java.util.concurrent.ThreadPoolExecutor$Worker.run(ThreadPoolExecutor.java:624)
[2025-06-02T11:24:52.597+0000] {subprocess.py:93} INFO - 	at org.apache.spark.util.UninterruptibleThreadRunner$$anon$1.run(UninterruptibleThreadRunner.scala:33)
[2025-06-02T11:24:52.597+0000] {subprocess.py:93} INFO - Caused by: org.apache.kafka.common.config.ConfigException: No resolvable bootstrap urls given in bootstrap.servers
[2025-06-02T11:24:52.597+0000] {subprocess.py:93} INFO - 	at org.apache.kafka.clients.ClientUtils.parseAndValidateAddresses(ClientUtils.java:89)
[2025-06-02T11:24:52.598+0000] {subprocess.py:93} INFO - 	at org.apache.kafka.clients.ClientUtils.parseAndValidateAddresses(ClientUtils.java:48)
[2025-06-02T11:24:52.598+0000] {subprocess.py:93} INFO - 	at org.apache.kafka.clients.consumer.KafkaConsumer.<init>(KafkaConsumer.java:731)
[2025-06-02T11:24:52.599+0000] {subprocess.py:93} INFO - 	... 15 more
[2025-06-02T11:24:52.599+0000] {subprocess.py:93} INFO - 
[2025-06-02T11:24:52.599+0000] {subprocess.py:93} INFO - 25/06/02 11:24:52 INFO SparkContext: Invoking stop() from shutdown hook
[2025-06-02T11:24:52.599+0000] {subprocess.py:93} INFO - 25/06/02 11:24:52 INFO SparkUI: Stopped Spark web UI at http://e176696a74c5:4040
[2025-06-02T11:24:52.600+0000] {subprocess.py:93} INFO - 25/06/02 11:24:52 INFO MapOutputTrackerMasterEndpoint: MapOutputTrackerMasterEndpoint stopped!
[2025-06-02T11:24:52.605+0000] {subprocess.py:93} INFO - 25/06/02 11:24:52 INFO MemoryStore: MemoryStore cleared
[2025-06-02T11:24:52.605+0000] {subprocess.py:93} INFO - 25/06/02 11:24:52 INFO BlockManager: BlockManager stopped
[2025-06-02T11:24:52.614+0000] {subprocess.py:93} INFO - 25/06/02 11:24:52 INFO BlockManagerMaster: BlockManagerMaster stopped
[2025-06-02T11:24:52.618+0000] {subprocess.py:93} INFO - 25/06/02 11:24:52 INFO OutputCommitCoordinator$OutputCommitCoordinatorEndpoint: OutputCommitCoordinator stopped!
[2025-06-02T11:24:52.900+0000] {subprocess.py:93} INFO - 25/06/02 11:24:52 INFO SparkContext: Successfully stopped SparkContext
[2025-06-02T11:24:52.901+0000] {subprocess.py:93} INFO - 25/06/02 11:24:52 INFO ShutdownHookManager: Shutdown hook called
[2025-06-02T11:24:52.902+0000] {subprocess.py:93} INFO - 25/06/02 11:24:52 INFO ShutdownHookManager: Deleting directory /tmp/spark-907e76ad-2900-4d45-93d2-71548b1aedc5
[2025-06-02T11:24:53.048+0000] {subprocess.py:93} INFO - 25/06/02 11:24:53 INFO ShutdownHookManager: Deleting directory /tmp/spark-97e222d2-c9a6-45d5-9ce4-acd843a83a54
[2025-06-02T11:24:53.054+0000] {subprocess.py:93} INFO - 25/06/02 11:24:53 INFO ShutdownHookManager: Deleting directory /tmp/spark-97e222d2-c9a6-45d5-9ce4-acd843a83a54/pyspark-5f454258-5c0f-4e4f-a0dc-b415adac8eee
[2025-06-02T11:24:53.145+0000] {subprocess.py:97} INFO - Command exited with return code 1
[2025-06-02T11:24:53.154+0000] {taskinstance.py:3310} ERROR - Task failed with exception
Traceback (most recent call last):
  File "/home/airflow/.local/lib/python3.12/site-packages/airflow/models/taskinstance.py", line 767, in _execute_task
    result = _execute_callable(context=context, **execute_callable_kwargs)
             ^^^^^^^^^^^^^^^^^^^^^^^^^^^^^^^^^^^^^^^^^^^^^^^^^^^^^^^^^^^^^
  File "/home/airflow/.local/lib/python3.12/site-packages/airflow/models/taskinstance.py", line 733, in _execute_callable
    return ExecutionCallableRunner(
           ^^^^^^^^^^^^^^^^^^^^^^^^
  File "/home/airflow/.local/lib/python3.12/site-packages/airflow/utils/operator_helpers.py", line 252, in run
    return self.func(*args, **kwargs)
           ^^^^^^^^^^^^^^^^^^^^^^^^^^
  File "/home/airflow/.local/lib/python3.12/site-packages/airflow/models/baseoperator.py", line 406, in wrapper
    return func(self, *args, **kwargs)
           ^^^^^^^^^^^^^^^^^^^^^^^^^^^
  File "/home/airflow/.local/lib/python3.12/site-packages/airflow/operators/bash.py", line 249, in execute
    raise AirflowException(
airflow.exceptions.AirflowException: Bash command failed. The command returned a non-zero exit code 1.
[2025-06-02T11:24:53.159+0000] {taskinstance.py:1225} INFO - Marking task as FAILED. dag_id=log_monitoring_dag, task_id=start_spark_consumer, run_id=manual__2025-06-02T01:38:51.955055+00:00, execution_date=20250602T013851, start_date=20250602T112432, end_date=20250602T112453
[2025-06-02T11:24:53.173+0000] {taskinstance.py:340} INFO - ::group::Post task execution logs
[2025-06-02T11:24:53.174+0000] {standard_task_runner.py:124} ERROR - Failed to execute job 90 for task start_spark_consumer (Bash command failed. The command returned a non-zero exit code 1.; 781)
Traceback (most recent call last):
  File "/home/airflow/.local/lib/python3.12/site-packages/airflow/task/task_runner/standard_task_runner.py", line 117, in _start_by_fork
    ret = args.func(args, dag=self.dag)
          ^^^^^^^^^^^^^^^^^^^^^^^^^^^^^
  File "/home/airflow/.local/lib/python3.12/site-packages/airflow/cli/cli_config.py", line 49, in command
    return func(*args, **kwargs)
           ^^^^^^^^^^^^^^^^^^^^^
  File "/home/airflow/.local/lib/python3.12/site-packages/airflow/utils/cli.py", line 115, in wrapper
    return f(*args, **kwargs)
           ^^^^^^^^^^^^^^^^^^
  File "/home/airflow/.local/lib/python3.12/site-packages/airflow/cli/commands/task_command.py", line 483, in task_run
    task_return_code = _run_task_by_selected_method(args, _dag, ti)
                       ^^^^^^^^^^^^^^^^^^^^^^^^^^^^^^^^^^^^^^^^^^^^
  File "/home/airflow/.local/lib/python3.12/site-packages/airflow/cli/commands/task_command.py", line 256, in _run_task_by_selected_method
    return _run_raw_task(args, ti)
           ^^^^^^^^^^^^^^^^^^^^^^^
  File "/home/airflow/.local/lib/python3.12/site-packages/airflow/cli/commands/task_command.py", line 341, in _run_raw_task
    return ti._run_raw_task(
           ^^^^^^^^^^^^^^^^^
  File "/home/airflow/.local/lib/python3.12/site-packages/airflow/utils/session.py", line 97, in wrapper
    return func(*args, session=session, **kwargs)
           ^^^^^^^^^^^^^^^^^^^^^^^^^^^^^^^^^^^^^^
  File "/home/airflow/.local/lib/python3.12/site-packages/airflow/models/taskinstance.py", line 3004, in _run_raw_task
    return _run_raw_task(
           ^^^^^^^^^^^^^^
  File "/home/airflow/.local/lib/python3.12/site-packages/airflow/models/taskinstance.py", line 273, in _run_raw_task
    TaskInstance._execute_task_with_callbacks(
  File "/home/airflow/.local/lib/python3.12/site-packages/airflow/models/taskinstance.py", line 3158, in _execute_task_with_callbacks
    result = self._execute_task(context, task_orig)
             ^^^^^^^^^^^^^^^^^^^^^^^^^^^^^^^^^^^^^^
  File "/home/airflow/.local/lib/python3.12/site-packages/airflow/models/taskinstance.py", line 3182, in _execute_task
    return _execute_task(self, context, task_orig)
           ^^^^^^^^^^^^^^^^^^^^^^^^^^^^^^^^^^^^^^^
  File "/home/airflow/.local/lib/python3.12/site-packages/airflow/models/taskinstance.py", line 767, in _execute_task
    result = _execute_callable(context=context, **execute_callable_kwargs)
             ^^^^^^^^^^^^^^^^^^^^^^^^^^^^^^^^^^^^^^^^^^^^^^^^^^^^^^^^^^^^^
  File "/home/airflow/.local/lib/python3.12/site-packages/airflow/models/taskinstance.py", line 733, in _execute_callable
    return ExecutionCallableRunner(
           ^^^^^^^^^^^^^^^^^^^^^^^^
  File "/home/airflow/.local/lib/python3.12/site-packages/airflow/utils/operator_helpers.py", line 252, in run
    return self.func(*args, **kwargs)
           ^^^^^^^^^^^^^^^^^^^^^^^^^^
  File "/home/airflow/.local/lib/python3.12/site-packages/airflow/models/baseoperator.py", line 406, in wrapper
    return func(self, *args, **kwargs)
           ^^^^^^^^^^^^^^^^^^^^^^^^^^^
  File "/home/airflow/.local/lib/python3.12/site-packages/airflow/operators/bash.py", line 249, in execute
    raise AirflowException(
airflow.exceptions.AirflowException: Bash command failed. The command returned a non-zero exit code 1.
[2025-06-02T11:24:53.204+0000] {local_task_job_runner.py:266} INFO - Task exited with return code 1
[2025-06-02T11:24:53.223+0000] {taskinstance.py:3900} INFO - 0 downstream tasks scheduled from follow-on schedule check
[2025-06-02T11:24:53.230+0000] {local_task_job_runner.py:245} INFO - ::endgroup::
