[2025-06-02T01:59:49.284+0000] {local_task_job_runner.py:123} INFO - ::group::Pre task execution logs
[2025-06-02T01:59:49.305+0000] {taskinstance.py:2612} INFO - Dependencies all met for dep_context=non-requeueable deps ti=<TaskInstance: log_monitoring_dag.start_spark_consumer manual__2025-06-02T01:38:51.955055+00:00 [queued]>
[2025-06-02T01:59:49.315+0000] {taskinstance.py:2612} INFO - Dependencies all met for dep_context=requeueable deps ti=<TaskInstance: log_monitoring_dag.start_spark_consumer manual__2025-06-02T01:38:51.955055+00:00 [queued]>
[2025-06-02T01:59:49.316+0000] {taskinstance.py:2865} INFO - Starting attempt 3 of 4
[2025-06-02T01:59:49.340+0000] {taskinstance.py:2888} INFO - Executing <Task(BashOperator): start_spark_consumer> on 2025-06-02 01:38:51.955055+00:00
[2025-06-02T01:59:49.347+0000] {logging_mixin.py:190} WARNING - /home/***/.local/lib/python3.12/site-packages/***/task/task_runner/standard_task_runner.py:70 DeprecationWarning: This process (pid=815) is multi-threaded, use of fork() may lead to deadlocks in the child.
[2025-06-02T01:59:49.350+0000] {standard_task_runner.py:72} INFO - Started process 816 to run task
[2025-06-02T01:59:49.347+0000] {standard_task_runner.py:104} INFO - Running: ['***', 'tasks', 'run', 'log_monitoring_dag', 'start_spark_consumer', 'manual__2025-06-02T01:38:51.955055+00:00', '--job-id', '75', '--raw', '--subdir', 'DAGS_FOLDER/log_monitoring_dag.py', '--cfg-path', '/tmp/tmpf3fboafp']
[2025-06-02T01:59:49.351+0000] {standard_task_runner.py:105} INFO - Job 75: Subtask start_spark_consumer
[2025-06-02T01:59:49.371+0000] {logging_mixin.py:190} WARNING - /home/***/.local/lib/python3.12/site-packages/***/settings.py:209 DeprecationWarning: The sql_alchemy_conn option in [core] has been moved to the sql_alchemy_conn option in [database] - the old setting has been used, but please update your config.
[2025-06-02T01:59:49.442+0000] {task_command.py:467} INFO - Running <TaskInstance: log_monitoring_dag.start_spark_consumer manual__2025-06-02T01:38:51.955055+00:00 [running]> on host 95af1ae74a08
[2025-06-02T01:59:49.533+0000] {taskinstance.py:3131} INFO - Exporting env vars: AIRFLOW_CTX_DAG_OWNER='***' AIRFLOW_CTX_DAG_ID='log_monitoring_dag' AIRFLOW_CTX_TASK_ID='start_spark_consumer' AIRFLOW_CTX_EXECUTION_DATE='2025-06-02T01:38:51.955055+00:00' AIRFLOW_CTX_TRY_NUMBER='3' AIRFLOW_CTX_DAG_RUN_ID='manual__2025-06-02T01:38:51.955055+00:00'
[2025-06-02T01:59:49.535+0000] {taskinstance.py:731} INFO - ::endgroup::
[2025-06-02T01:59:49.554+0000] {subprocess.py:63} INFO - Tmp dir root location: /tmp
[2025-06-02T01:59:49.556+0000] {subprocess.py:75} INFO - Running command: ['/usr/bin/bash', '-c', '\n            docker run --rm             --network realtime_log_monitoring_default             -v /opt/***/app:/app             bitnami/spark:3.3.0             spark-submit --packages org.apache.spark:spark-sql-kafka-0-10_2.12:3.2.0 /app/log_consumer.py\n        ']
[2025-06-02T01:59:49.567+0000] {subprocess.py:86} INFO - Output:
[2025-06-02T01:59:58.735+0000] {subprocess.py:93} INFO - [38;5;6m [38;5;5m01:59:58.73 [0m
[2025-06-02T01:59:58.736+0000] {subprocess.py:93} INFO - [38;5;6m [38;5;5m01:59:58.73 [0m[1mWelcome to the Bitnami spark container[0m
[2025-06-02T01:59:58.738+0000] {subprocess.py:93} INFO - [38;5;6m [38;5;5m01:59:58.73 [0mSubscribe to project updates by watching [1mhttps://github.com/bitnami/containers[0m
[2025-06-02T01:59:58.739+0000] {subprocess.py:93} INFO - [38;5;6m [38;5;5m01:59:58.73 [0mSubmit issues and feature requests at [1mhttps://github.com/bitnami/containers/issues[0m
[2025-06-02T01:59:58.740+0000] {subprocess.py:93} INFO - [38;5;6m [38;5;5m01:59:58.73 [0m
[2025-06-02T01:59:58.757+0000] {subprocess.py:93} INFO - 
[2025-06-02T02:00:01.421+0000] {subprocess.py:93} INFO - :: loading settings :: url = jar:file:/opt/bitnami/spark/jars/ivy-2.5.0.jar!/org/apache/ivy/core/settings/ivysettings.xml
[2025-06-02T02:00:01.556+0000] {subprocess.py:93} INFO - Ivy Default Cache set to: /opt/bitnami/spark/.ivy2/cache
[2025-06-02T02:00:01.556+0000] {subprocess.py:93} INFO - The jars for the packages stored in: /opt/bitnami/spark/.ivy2/jars
[2025-06-02T02:00:01.561+0000] {subprocess.py:93} INFO - org.apache.spark#spark-sql-kafka-0-10_2.12 added as a dependency
[2025-06-02T02:00:01.562+0000] {subprocess.py:93} INFO - :: resolving dependencies :: org.apache.spark#spark-submit-parent-fe3a68c5-e767-4f07-a5bd-2edfa20a814e;1.0
[2025-06-02T02:00:01.563+0000] {subprocess.py:93} INFO - 	confs: [default]
[2025-06-02T02:00:06.375+0000] {subprocess.py:93} INFO - 	found org.apache.spark#spark-sql-kafka-0-10_2.12;3.2.0 in central
[2025-06-02T02:00:06.869+0000] {subprocess.py:93} INFO - 	found org.apache.spark#spark-token-provider-kafka-0-10_2.12;3.2.0 in central
[2025-06-02T02:00:07.441+0000] {subprocess.py:93} INFO - 	found org.apache.kafka#kafka-clients;2.8.0 in central
[2025-06-02T02:00:07.858+0000] {subprocess.py:93} INFO - 	found org.lz4#lz4-java;1.7.1 in central
[2025-06-02T02:00:08.156+0000] {subprocess.py:93} INFO - 	found org.xerial.snappy#snappy-java;1.1.8.4 in central
[2025-06-02T02:00:09.948+0000] {subprocess.py:93} INFO - 	found org.slf4j#slf4j-api;1.7.30 in central
[2025-06-02T02:00:12.773+0000] {subprocess.py:93} INFO - 	found org.apache.hadoop#hadoop-client-runtime;3.3.1 in central
[2025-06-02T02:00:14.306+0000] {subprocess.py:93} INFO - 	found org.spark-project.spark#unused;1.0.0 in central
[2025-06-02T02:00:14.670+0000] {subprocess.py:93} INFO - 	found org.apache.hadoop#hadoop-client-api;3.3.1 in central
[2025-06-02T02:00:17.448+0000] {subprocess.py:93} INFO - 	found org.apache.htrace#htrace-core4;4.1.0-incubating in central
[2025-06-02T02:00:20.069+0000] {subprocess.py:93} INFO - 	found commons-logging#commons-logging;1.1.3 in central
[2025-06-02T02:00:20.351+0000] {subprocess.py:93} INFO - 	found com.google.code.findbugs#jsr305;3.0.0 in central
[2025-06-02T02:00:23.029+0000] {subprocess.py:93} INFO - 	found org.apache.commons#commons-pool2;2.6.2 in central
[2025-06-02T02:00:23.172+0000] {subprocess.py:93} INFO - downloading https://repo1.maven.org/maven2/org/apache/spark/spark-sql-kafka-0-10_2.12/3.2.0/spark-sql-kafka-0-10_2.12-3.2.0.jar ...
[2025-06-02T02:00:23.663+0000] {subprocess.py:93} INFO - 	[SUCCESSFUL ] org.apache.spark#spark-sql-kafka-0-10_2.12;3.2.0!spark-sql-kafka-0-10_2.12.jar (626ms)
[2025-06-02T02:00:23.797+0000] {subprocess.py:93} INFO - downloading https://repo1.maven.org/maven2/org/apache/spark/spark-token-provider-kafka-0-10_2.12/3.2.0/spark-token-provider-kafka-0-10_2.12-3.2.0.jar ...
[2025-06-02T02:00:23.964+0000] {subprocess.py:93} INFO - 	[SUCCESSFUL ] org.apache.spark#spark-token-provider-kafka-0-10_2.12;3.2.0!spark-token-provider-kafka-0-10_2.12.jar (300ms)
[2025-06-02T02:00:24.098+0000] {subprocess.py:93} INFO - downloading https://repo1.maven.org/maven2/org/apache/kafka/kafka-clients/2.8.0/kafka-clients-2.8.0.jar ...
[2025-06-02T02:00:26.347+0000] {subprocess.py:93} INFO - 	[SUCCESSFUL ] org.apache.kafka#kafka-clients;2.8.0!kafka-clients.jar (2383ms)
[2025-06-02T02:00:26.480+0000] {subprocess.py:93} INFO - downloading https://repo1.maven.org/maven2/com/google/code/findbugs/jsr305/3.0.0/jsr305-3.0.0.jar ...
[2025-06-02T02:00:26.627+0000] {subprocess.py:93} INFO - 	[SUCCESSFUL ] com.google.code.findbugs#jsr305;3.0.0!jsr305.jar (279ms)
[2025-06-02T02:00:26.761+0000] {subprocess.py:93} INFO - downloading https://repo1.maven.org/maven2/org/apache/commons/commons-pool2/2.6.2/commons-pool2-2.6.2.jar ...
[2025-06-02T02:00:26.953+0000] {subprocess.py:93} INFO - 	[SUCCESSFUL ] org.apache.commons#commons-pool2;2.6.2!commons-pool2.jar (324ms)
[2025-06-02T02:00:27.089+0000] {subprocess.py:93} INFO - downloading https://repo1.maven.org/maven2/org/spark-project/spark/unused/1.0.0/unused-1.0.0.jar ...
[2025-06-02T02:00:27.230+0000] {subprocess.py:93} INFO - 	[SUCCESSFUL ] org.spark-project.spark#unused;1.0.0!unused.jar (276ms)
[2025-06-02T02:00:27.366+0000] {subprocess.py:93} INFO - downloading https://repo1.maven.org/maven2/org/apache/hadoop/hadoop-client-runtime/3.3.1/hadoop-client-runtime-3.3.1.jar ...
[2025-06-02T02:00:41.074+0000] {subprocess.py:93} INFO - 	[SUCCESSFUL ] org.apache.hadoop#hadoop-client-runtime;3.3.1!hadoop-client-runtime.jar (13844ms)
[2025-06-02T02:00:41.208+0000] {subprocess.py:93} INFO - downloading https://repo1.maven.org/maven2/org/lz4/lz4-java/1.7.1/lz4-java-1.7.1.jar ...
[2025-06-02T02:00:41.618+0000] {subprocess.py:93} INFO - 	[SUCCESSFUL ] org.lz4#lz4-java;1.7.1!lz4-java.jar (543ms)
[2025-06-02T02:00:41.752+0000] {subprocess.py:93} INFO - downloading https://repo1.maven.org/maven2/org/xerial/snappy/snappy-java/1.1.8.4/snappy-java-1.1.8.4.jar ...
[2025-06-02T02:00:42.881+0000] {subprocess.py:93} INFO - 	[SUCCESSFUL ] org.xerial.snappy#snappy-java;1.1.8.4!snappy-java.jar(bundle) (1263ms)
[2025-06-02T02:00:43.015+0000] {subprocess.py:93} INFO - downloading https://repo1.maven.org/maven2/org/slf4j/slf4j-api/1.7.30/slf4j-api-1.7.30.jar ...
[2025-06-02T02:00:43.161+0000] {subprocess.py:93} INFO - 	[SUCCESSFUL ] org.slf4j#slf4j-api;1.7.30!slf4j-api.jar (280ms)
[2025-06-02T02:00:43.296+0000] {subprocess.py:93} INFO - downloading https://repo1.maven.org/maven2/org/apache/hadoop/hadoop-client-api/3.3.1/hadoop-client-api-3.3.1.jar ...
[2025-06-02T02:00:58.692+0000] {subprocess.py:93} INFO - 	[SUCCESSFUL ] org.apache.hadoop#hadoop-client-api;3.3.1!hadoop-client-api.jar (15508ms)
[2025-06-02T02:00:58.852+0000] {subprocess.py:93} INFO - downloading https://repo1.maven.org/maven2/org/apache/htrace/htrace-core4/4.1.0-incubating/htrace-core4-4.1.0-incubating.jar ...
[2025-06-02T02:01:00.880+0000] {subprocess.py:93} INFO - 	[SUCCESSFUL ] org.apache.htrace#htrace-core4;4.1.0-incubating!htrace-core4.jar (2161ms)
[2025-06-02T02:01:01.013+0000] {subprocess.py:93} INFO - downloading https://repo1.maven.org/maven2/commons-logging/commons-logging/1.1.3/commons-logging-1.1.3.jar ...
[2025-06-02T02:01:01.165+0000] {subprocess.py:93} INFO - 	[SUCCESSFUL ] commons-logging#commons-logging;1.1.3!commons-logging.jar (285ms)
[2025-06-02T02:01:01.166+0000] {subprocess.py:93} INFO - :: resolution report :: resolve 21475ms :: artifacts dl 38128ms
[2025-06-02T02:01:01.166+0000] {subprocess.py:93} INFO - 	:: modules in use:
[2025-06-02T02:01:01.167+0000] {subprocess.py:93} INFO - 	com.google.code.findbugs#jsr305;3.0.0 from central in [default]
[2025-06-02T02:01:01.167+0000] {subprocess.py:93} INFO - 	commons-logging#commons-logging;1.1.3 from central in [default]
[2025-06-02T02:01:01.168+0000] {subprocess.py:93} INFO - 	org.apache.commons#commons-pool2;2.6.2 from central in [default]
[2025-06-02T02:01:01.168+0000] {subprocess.py:93} INFO - 	org.apache.hadoop#hadoop-client-api;3.3.1 from central in [default]
[2025-06-02T02:01:01.173+0000] {subprocess.py:93} INFO - 	org.apache.hadoop#hadoop-client-runtime;3.3.1 from central in [default]
[2025-06-02T02:01:01.174+0000] {subprocess.py:93} INFO - 	org.apache.htrace#htrace-core4;4.1.0-incubating from central in [default]
[2025-06-02T02:01:01.174+0000] {subprocess.py:93} INFO - 	org.apache.kafka#kafka-clients;2.8.0 from central in [default]
[2025-06-02T02:01:01.175+0000] {subprocess.py:93} INFO - 	org.apache.spark#spark-sql-kafka-0-10_2.12;3.2.0 from central in [default]
[2025-06-02T02:01:01.175+0000] {subprocess.py:93} INFO - 	org.apache.spark#spark-token-provider-kafka-0-10_2.12;3.2.0 from central in [default]
[2025-06-02T02:01:01.176+0000] {subprocess.py:93} INFO - 	org.lz4#lz4-java;1.7.1 from central in [default]
[2025-06-02T02:01:01.176+0000] {subprocess.py:93} INFO - 	org.slf4j#slf4j-api;1.7.30 from central in [default]
[2025-06-02T02:01:01.177+0000] {subprocess.py:93} INFO - 	org.spark-project.spark#unused;1.0.0 from central in [default]
[2025-06-02T02:01:01.177+0000] {subprocess.py:93} INFO - 	org.xerial.snappy#snappy-java;1.1.8.4 from central in [default]
[2025-06-02T02:01:01.178+0000] {subprocess.py:93} INFO - 	---------------------------------------------------------------------
[2025-06-02T02:01:01.178+0000] {subprocess.py:93} INFO - 	|                  |            modules            ||   artifacts   |
[2025-06-02T02:01:01.179+0000] {subprocess.py:93} INFO - 	|       conf       | number| search|dwnlded|evicted|| number|dwnlded|
[2025-06-02T02:01:01.179+0000] {subprocess.py:93} INFO - 	---------------------------------------------------------------------
[2025-06-02T02:01:01.180+0000] {subprocess.py:93} INFO - 	|      default     |   13  |   13  |   13  |   0   ||   13  |   13  |
[2025-06-02T02:01:01.180+0000] {subprocess.py:93} INFO - 	---------------------------------------------------------------------
[2025-06-02T02:01:01.345+0000] {subprocess.py:93} INFO - :: retrieving :: org.apache.spark#spark-submit-parent-fe3a68c5-e767-4f07-a5bd-2edfa20a814e
[2025-06-02T02:01:01.346+0000] {subprocess.py:93} INFO - 	confs: [default]
[2025-06-02T02:01:20.946+0000] {job.py:229} INFO - Heartbeat recovered after 11.15 seconds
[2025-06-02T02:01:38.320+0000] {subprocess.py:93} INFO - 	13 artifacts copied, 0 already retrieved (59181kB/37146ms)
[2025-06-02T02:01:44.391+0000] {subprocess.py:93} INFO - 25/06/02 02:01:44 WARN NativeCodeLoader: Unable to load native-hadoop library for your platform... using builtin-java classes where applicable
[2025-06-02T02:01:58.022+0000] {job.py:229} INFO - Heartbeat recovered after 10.57 seconds
[2025-06-02T02:02:06.866+0000] {subprocess.py:93} INFO - python3: can't open file '/app/log_consumer.py': [Errno 2] No such file or directory
[2025-06-02T02:02:06.972+0000] {subprocess.py:93} INFO - 25/06/02 02:02:06 INFO ShutdownHookManager: Shutdown hook called
[2025-06-02T02:02:06.973+0000] {subprocess.py:93} INFO - 25/06/02 02:02:06 INFO ShutdownHookManager: Deleting directory /tmp/spark-b2ec28dc-91d3-4768-b81a-1084ae10cace
[2025-06-02T02:02:07.827+0000] {subprocess.py:97} INFO - Command exited with return code 2
[2025-06-02T02:02:07.839+0000] {taskinstance.py:3310} ERROR - Task failed with exception
Traceback (most recent call last):
  File "/home/airflow/.local/lib/python3.12/site-packages/airflow/models/taskinstance.py", line 767, in _execute_task
    result = _execute_callable(context=context, **execute_callable_kwargs)
             ^^^^^^^^^^^^^^^^^^^^^^^^^^^^^^^^^^^^^^^^^^^^^^^^^^^^^^^^^^^^^
  File "/home/airflow/.local/lib/python3.12/site-packages/airflow/models/taskinstance.py", line 733, in _execute_callable
    return ExecutionCallableRunner(
           ^^^^^^^^^^^^^^^^^^^^^^^^
  File "/home/airflow/.local/lib/python3.12/site-packages/airflow/utils/operator_helpers.py", line 252, in run
    return self.func(*args, **kwargs)
           ^^^^^^^^^^^^^^^^^^^^^^^^^^
  File "/home/airflow/.local/lib/python3.12/site-packages/airflow/models/baseoperator.py", line 406, in wrapper
    return func(self, *args, **kwargs)
           ^^^^^^^^^^^^^^^^^^^^^^^^^^^
  File "/home/airflow/.local/lib/python3.12/site-packages/airflow/operators/bash.py", line 249, in execute
    raise AirflowException(
airflow.exceptions.AirflowException: Bash command failed. The command returned a non-zero exit code 2.
[2025-06-02T02:02:07.852+0000] {taskinstance.py:1225} INFO - Marking task as UP_FOR_RETRY. dag_id=log_monitoring_dag, task_id=start_spark_consumer, run_id=manual__2025-06-02T01:38:51.955055+00:00, execution_date=20250602T013851, start_date=20250602T015949, end_date=20250602T020207
[2025-06-02T02:02:08.156+0000] {taskinstance.py:340} INFO - ::group::Post task execution logs
[2025-06-02T02:02:08.158+0000] {standard_task_runner.py:124} ERROR - Failed to execute job 75 for task start_spark_consumer (Bash command failed. The command returned a non-zero exit code 2.; 816)
Traceback (most recent call last):
  File "/home/airflow/.local/lib/python3.12/site-packages/airflow/task/task_runner/standard_task_runner.py", line 117, in _start_by_fork
    ret = args.func(args, dag=self.dag)
          ^^^^^^^^^^^^^^^^^^^^^^^^^^^^^
  File "/home/airflow/.local/lib/python3.12/site-packages/airflow/cli/cli_config.py", line 49, in command
    return func(*args, **kwargs)
           ^^^^^^^^^^^^^^^^^^^^^
  File "/home/airflow/.local/lib/python3.12/site-packages/airflow/utils/cli.py", line 115, in wrapper
    return f(*args, **kwargs)
           ^^^^^^^^^^^^^^^^^^
  File "/home/airflow/.local/lib/python3.12/site-packages/airflow/cli/commands/task_command.py", line 483, in task_run
    task_return_code = _run_task_by_selected_method(args, _dag, ti)
                       ^^^^^^^^^^^^^^^^^^^^^^^^^^^^^^^^^^^^^^^^^^^^
  File "/home/airflow/.local/lib/python3.12/site-packages/airflow/cli/commands/task_command.py", line 256, in _run_task_by_selected_method
    return _run_raw_task(args, ti)
           ^^^^^^^^^^^^^^^^^^^^^^^
  File "/home/airflow/.local/lib/python3.12/site-packages/airflow/cli/commands/task_command.py", line 341, in _run_raw_task
    return ti._run_raw_task(
           ^^^^^^^^^^^^^^^^^
  File "/home/airflow/.local/lib/python3.12/site-packages/airflow/utils/session.py", line 97, in wrapper
    return func(*args, session=session, **kwargs)
           ^^^^^^^^^^^^^^^^^^^^^^^^^^^^^^^^^^^^^^
  File "/home/airflow/.local/lib/python3.12/site-packages/airflow/models/taskinstance.py", line 3004, in _run_raw_task
    return _run_raw_task(
           ^^^^^^^^^^^^^^
  File "/home/airflow/.local/lib/python3.12/site-packages/airflow/models/taskinstance.py", line 273, in _run_raw_task
    TaskInstance._execute_task_with_callbacks(
  File "/home/airflow/.local/lib/python3.12/site-packages/airflow/models/taskinstance.py", line 3158, in _execute_task_with_callbacks
    result = self._execute_task(context, task_orig)
             ^^^^^^^^^^^^^^^^^^^^^^^^^^^^^^^^^^^^^^
  File "/home/airflow/.local/lib/python3.12/site-packages/airflow/models/taskinstance.py", line 3182, in _execute_task
    return _execute_task(self, context, task_orig)
           ^^^^^^^^^^^^^^^^^^^^^^^^^^^^^^^^^^^^^^^
  File "/home/airflow/.local/lib/python3.12/site-packages/airflow/models/taskinstance.py", line 767, in _execute_task
    result = _execute_callable(context=context, **execute_callable_kwargs)
             ^^^^^^^^^^^^^^^^^^^^^^^^^^^^^^^^^^^^^^^^^^^^^^^^^^^^^^^^^^^^^
  File "/home/airflow/.local/lib/python3.12/site-packages/airflow/models/taskinstance.py", line 733, in _execute_callable
    return ExecutionCallableRunner(
           ^^^^^^^^^^^^^^^^^^^^^^^^
  File "/home/airflow/.local/lib/python3.12/site-packages/airflow/utils/operator_helpers.py", line 252, in run
    return self.func(*args, **kwargs)
           ^^^^^^^^^^^^^^^^^^^^^^^^^^
  File "/home/airflow/.local/lib/python3.12/site-packages/airflow/models/baseoperator.py", line 406, in wrapper
    return func(self, *args, **kwargs)
           ^^^^^^^^^^^^^^^^^^^^^^^^^^^
  File "/home/airflow/.local/lib/python3.12/site-packages/airflow/operators/bash.py", line 249, in execute
    raise AirflowException(
airflow.exceptions.AirflowException: Bash command failed. The command returned a non-zero exit code 2.
[2025-06-02T02:02:08.209+0000] {local_task_job_runner.py:266} INFO - Task exited with return code 1
[2025-06-02T02:02:08.228+0000] {taskinstance.py:3900} INFO - 0 downstream tasks scheduled from follow-on schedule check
[2025-06-02T02:02:08.233+0000] {local_task_job_runner.py:245} INFO - ::endgroup::
