[2025-06-01T23:34:25.221+0000] {local_task_job_runner.py:123} INFO - ::group::Pre task execution logs
[2025-06-01T23:34:25.387+0000] {taskinstance.py:2612} INFO - Dependencies all met for dep_context=non-requeueable deps ti=<TaskInstance: log_monitoring_dag.start_spark_consumer scheduled__2025-06-01T23:15:00+00:00 [queued]>
[2025-06-01T23:34:25.432+0000] {taskinstance.py:2612} INFO - Dependencies all met for dep_context=requeueable deps ti=<TaskInstance: log_monitoring_dag.start_spark_consumer scheduled__2025-06-01T23:15:00+00:00 [queued]>
[2025-06-01T23:34:25.454+0000] {taskinstance.py:2865} INFO - Starting attempt 1 of 2
[2025-06-01T23:34:25.603+0000] {taskinstance.py:2888} INFO - Executing <Task(BashOperator): start_spark_consumer> on 2025-06-01 23:15:00+00:00
[2025-06-01T23:34:25.650+0000] {standard_task_runner.py:104} INFO - Running: ['***', 'tasks', 'run', 'log_monitoring_dag', 'start_spark_consumer', 'scheduled__2025-06-01T23:15:00+00:00', '--job-id', '12', '--raw', '--subdir', 'DAGS_FOLDER/log_monitoring_dag.py', '--cfg-path', '/tmp/tmp7n72lx5l']
[2025-06-01T23:34:26.126+0000] {standard_task_runner.py:105} INFO - Job 12: Subtask start_spark_consumer
[2025-06-01T23:34:26.313+0000] {logging_mixin.py:190} WARNING - /home/***/.local/lib/python3.12/site-packages/***/settings.py:209 DeprecationWarning: The sql_alchemy_conn option in [core] has been moved to the sql_alchemy_conn option in [database] - the old setting has been used, but please update your config.
[2025-06-01T23:34:26.354+0000] {task_command.py:467} INFO - Running <TaskInstance: log_monitoring_dag.start_spark_consumer scheduled__2025-06-01T23:15:00+00:00 [running]> on host 2317d0480f96
[2025-06-01T23:34:26.356+0000] {logging_mixin.py:190} WARNING - /home/***/.local/lib/python3.12/site-packages/***/settings.py:470 DeprecationWarning: The sql_alchemy_conn option in [core] has been moved to the sql_alchemy_conn option in [database] - the old setting has been used, but please update your config.
[2025-06-01T23:34:26.494+0000] {logging_mixin.py:190} WARNING - /home/***/.local/lib/python3.12/site-packages/***/task/task_runner/standard_task_runner.py:70 DeprecationWarning: This process (pid=393) is multi-threaded, use of fork() may lead to deadlocks in the child.
[2025-06-01T23:34:26.495+0000] {standard_task_runner.py:72} INFO - Started process 394 to run task
[2025-06-01T23:34:28.209+0000] {taskinstance.py:3131} INFO - Exporting env vars: AIRFLOW_CTX_DAG_OWNER='***' AIRFLOW_CTX_DAG_ID='log_monitoring_dag' AIRFLOW_CTX_TASK_ID='start_spark_consumer' AIRFLOW_CTX_EXECUTION_DATE='2025-06-01T23:15:00+00:00' AIRFLOW_CTX_TRY_NUMBER='1' AIRFLOW_CTX_DAG_RUN_ID='scheduled__2025-06-01T23:15:00+00:00'
[2025-06-01T23:34:28.239+0000] {taskinstance.py:731} INFO - ::endgroup::
[2025-06-01T23:34:32.275+0000] {subprocess.py:63} INFO - Tmp dir root location: /tmp
[2025-06-01T23:34:32.599+0000] {subprocess.py:75} INFO - Running command: ['/usr/bin/bash', '-c', '\n            docker run --rm             --network realtime_log_monitoring_default             -v /opt/***/app:/app             bitnami/spark:3.3.0             spark-submit --packages org.apache.spark:spark-sql-kafka-0-10_2.12:3.2.0 /app/log_consumer.py\n        ']
[2025-06-01T23:34:32.851+0000] {subprocess.py:86} INFO - Output:
[2025-06-01T23:36:16.846+0000] {job.py:229} INFO - Heartbeat recovered after 10.86 seconds
[2025-06-01T23:37:48.467+0000] {job.py:229} INFO - Heartbeat recovered after 84.77 seconds
[2025-06-01T23:37:55.118+0000] {job.py:229} INFO - Heartbeat recovered after 86.21 seconds
[2025-06-01T23:38:24.131+0000] {job.py:229} INFO - Heartbeat recovered after 29.50 seconds
[2025-06-01T23:40:07.592+0000] {job.py:229} INFO - Heartbeat recovered after 126.81 seconds
[2025-06-01T23:40:19.541+0000] {job.py:229} INFO - Heartbeat recovered after 96.23 seconds
[2025-06-01T23:41:09.247+0000] {job.py:229} INFO - Heartbeat recovered after 19.87 seconds
[2025-06-01T23:41:22.416+0000] {job.py:229} INFO - Heartbeat recovered after 23.29 seconds
[2025-06-01T23:44:06.677+0000] {subprocess.py:93} INFO - [38;5;6m [38;5;5m23:44:06.00 [0m
[2025-06-01T23:44:08.509+0000] {subprocess.py:93} INFO - [38;5;6m [38;5;5m23:44:06.22 [0m[1mWelcome to the Bitnami spark container[0m
[2025-06-01T23:44:08.510+0000] {subprocess.py:93} INFO - [38;5;6m [38;5;5m23:44:06.22 [0mSubscribe to project updates by watching [1mhttps://github.com/bitnami/containers[0m
[2025-06-01T23:44:08.510+0000] {subprocess.py:93} INFO - [38;5;6m [38;5;5m23:44:06.22 [0mSubmit issues and feature requests at [1mhttps://github.com/bitnami/containers/issues[0m
[2025-06-01T23:44:08.511+0000] {subprocess.py:93} INFO - [38;5;6m [38;5;5m23:44:06.23 [0m
[2025-06-01T23:44:08.512+0000] {subprocess.py:93} INFO - 
[2025-06-01T23:47:50.514+0000] {job.py:229} INFO - Heartbeat recovered after 78.62 seconds
[2025-06-01T23:49:00.161+0000] {job.py:229} INFO - Heartbeat recovered after 57.74 seconds
[2025-06-01T23:51:07.928+0000] {job.py:229} INFO - Heartbeat recovered after 128.70 seconds
[2025-06-01T23:51:26.226+0000] {job.py:229} INFO - Heartbeat recovered after 79.26 seconds
[2025-06-01T23:51:37.465+0000] {job.py:229} INFO - Heartbeat recovered after 11.85 seconds
[2025-06-01T23:54:11.291+0000] {job.py:229} INFO - Heartbeat recovered after 148.11 seconds
[2025-06-01T23:54:22.481+0000] {job.py:229} INFO - Heartbeat recovered after 88.41 seconds
[2025-06-01T23:54:33.269+0000] {job.py:229} INFO - Heartbeat recovered after 11.19 seconds
[2025-06-01T23:55:10.205+0000] {job.py:229} INFO - Heartbeat recovered after 19.13 seconds
[2025-06-01T23:55:46.733+0000] {job.py:229} INFO - Heartbeat recovered after 37.28 seconds
[2025-06-01T23:56:17.139+0000] {job.py:229} INFO - Heartbeat recovered after 48.38 seconds
[2025-06-01T23:56:22.569+0000] {job.py:229} INFO - Heartbeat recovered after 17.75 seconds
[2025-06-01T23:56:46.056+0000] {job.py:229} INFO - Heartbeat recovered after 23.59 seconds
[2025-06-01T23:56:56.731+0000] {job.py:229} INFO - Heartbeat recovered after 20.32 seconds
[2025-06-01T23:57:32.927+0000] {job.py:229} INFO - Heartbeat recovered after 13.49 seconds
[2025-06-01T23:57:28.089+0000] {subprocess.py:93} INFO - :: loading settings :: url = jar:file:/opt/bitnami/spark/jars/ivy-2.5.0.jar!/org/apache/ivy/core/settings/ivysettings.xml
[2025-06-01T23:57:36.481+0000] {subprocess.py:93} INFO - Ivy Default Cache set to: /opt/bitnami/spark/.ivy2/cache
[2025-06-01T23:57:36.492+0000] {subprocess.py:93} INFO - The jars for the packages stored in: /opt/bitnami/spark/.ivy2/jars
[2025-06-01T23:57:36.875+0000] {subprocess.py:93} INFO - org.apache.spark#spark-sql-kafka-0-10_2.12 added as a dependency
[2025-06-01T23:57:36.876+0000] {subprocess.py:93} INFO - :: resolving dependencies :: org.apache.spark#spark-submit-parent-20ab0103-703e-4428-88b0-499066628df0;1.0
[2025-06-01T23:57:36.916+0000] {subprocess.py:93} INFO - 	confs: [default]
[2025-06-01T23:57:51.164+0000] {job.py:229} INFO - Heartbeat recovered after 11.53 seconds
[2025-06-01T23:58:08.959+0000] {subprocess.py:93} INFO - You probably access the destination server through a proxy server that is not well configured.
[2025-06-01T23:58:08.972+0000] {subprocess.py:93} INFO - You probably access the destination server through a proxy server that is not well configured.
[2025-06-01T23:58:15.076+0000] {subprocess.py:93} INFO - You probably access the destination server through a proxy server that is not well configured.
[2025-06-01T23:58:16.341+0000] {subprocess.py:93} INFO - You probably access the destination server through a proxy server that is not well configured.
[2025-06-01T23:58:18.484+0000] {subprocess.py:93} INFO - :: resolution report :: resolve 50255ms :: artifacts dl 0ms
[2025-06-01T23:58:18.806+0000] {subprocess.py:93} INFO - 	:: modules in use:
[2025-06-01T23:58:19.455+0000] {subprocess.py:93} INFO - 	---------------------------------------------------------------------
[2025-06-01T23:58:19.501+0000] {subprocess.py:93} INFO - 	|                  |            modules            ||   artifacts   |
[2025-06-01T23:58:19.517+0000] {subprocess.py:93} INFO - 	|       conf       | number| search|dwnlded|evicted|| number|dwnlded|
[2025-06-01T23:58:20.085+0000] {subprocess.py:93} INFO - 	---------------------------------------------------------------------
[2025-06-01T23:58:20.695+0000] {subprocess.py:93} INFO - 	|      default     |   1   |   0   |   0   |   0   ||   0   |   0   |
[2025-06-01T23:58:20.696+0000] {subprocess.py:93} INFO - 	---------------------------------------------------------------------
[2025-06-01T23:58:21.088+0000] {subprocess.py:93} INFO - 
[2025-06-01T23:58:21.105+0000] {subprocess.py:93} INFO - :: problems summary ::
[2025-06-01T23:58:21.470+0000] {subprocess.py:93} INFO - :::: WARNINGS
[2025-06-01T23:58:21.484+0000] {subprocess.py:93} INFO - 	Host repo1.maven.org not found. url=https://repo1.maven.org/maven2/org/apache/spark/spark-sql-kafka-0-10_2.12/3.2.0/spark-sql-kafka-0-10_2.12-3.2.0.pom
[2025-06-01T23:58:21.559+0000] {subprocess.py:93} INFO - 
[2025-06-01T23:58:21.882+0000] {subprocess.py:93} INFO - 	Host repo1.maven.org not found. url=https://repo1.maven.org/maven2/org/apache/spark/spark-sql-kafka-0-10_2.12/3.2.0/spark-sql-kafka-0-10_2.12-3.2.0.jar
[2025-06-01T23:58:22.453+0000] {subprocess.py:93} INFO - 
[2025-06-01T23:58:22.453+0000] {subprocess.py:93} INFO - 	Host repos.spark-packages.org not found. url=https://repos.spark-packages.org/org/apache/spark/spark-sql-kafka-0-10_2.12/3.2.0/spark-sql-kafka-0-10_2.12-3.2.0.pom
[2025-06-01T23:58:22.480+0000] {subprocess.py:93} INFO - 
[2025-06-01T23:58:22.513+0000] {subprocess.py:93} INFO - 	Host repos.spark-packages.org not found. url=https://repos.spark-packages.org/org/apache/spark/spark-sql-kafka-0-10_2.12/3.2.0/spark-sql-kafka-0-10_2.12-3.2.0.jar
[2025-06-01T23:58:22.570+0000] {subprocess.py:93} INFO - 
[2025-06-01T23:58:22.571+0000] {subprocess.py:93} INFO - 		module not found: org.apache.spark#spark-sql-kafka-0-10_2.12;3.2.0
[2025-06-01T23:58:22.571+0000] {subprocess.py:93} INFO - 
[2025-06-01T23:58:22.803+0000] {subprocess.py:93} INFO - 	==== local-m2-cache: tried
[2025-06-01T23:58:23.006+0000] {subprocess.py:93} INFO - 
[2025-06-01T23:58:23.051+0000] {subprocess.py:93} INFO - 	  file:/opt/bitnami/spark/.m2/repository/org/apache/spark/spark-sql-kafka-0-10_2.12/3.2.0/spark-sql-kafka-0-10_2.12-3.2.0.pom
[2025-06-01T23:58:23.122+0000] {subprocess.py:93} INFO - 
[2025-06-01T23:58:23.822+0000] {subprocess.py:93} INFO - 	  -- artifact org.apache.spark#spark-sql-kafka-0-10_2.12;3.2.0!spark-sql-kafka-0-10_2.12.jar:
[2025-06-01T23:58:23.860+0000] {subprocess.py:93} INFO - 
[2025-06-01T23:58:24.209+0000] {subprocess.py:93} INFO - 	  file:/opt/bitnami/spark/.m2/repository/org/apache/spark/spark-sql-kafka-0-10_2.12/3.2.0/spark-sql-kafka-0-10_2.12-3.2.0.jar
[2025-06-01T23:58:24.703+0000] {subprocess.py:93} INFO - 
[2025-06-01T23:58:24.880+0000] {subprocess.py:93} INFO - 	==== local-ivy-cache: tried
[2025-06-01T23:58:24.989+0000] {subprocess.py:93} INFO - 
[2025-06-01T23:58:24.991+0000] {subprocess.py:93} INFO - 	  /opt/bitnami/spark/.ivy2/local/org.apache.spark/spark-sql-kafka-0-10_2.12/3.2.0/ivys/ivy.xml
[2025-06-01T23:58:25.206+0000] {subprocess.py:93} INFO - 
[2025-06-01T23:58:25.206+0000] {subprocess.py:93} INFO - 	  -- artifact org.apache.spark#spark-sql-kafka-0-10_2.12;3.2.0!spark-sql-kafka-0-10_2.12.jar:
[2025-06-01T23:58:25.207+0000] {subprocess.py:93} INFO - 
[2025-06-01T23:58:25.936+0000] {subprocess.py:93} INFO - 	  /opt/bitnami/spark/.ivy2/local/org.apache.spark/spark-sql-kafka-0-10_2.12/3.2.0/jars/spark-sql-kafka-0-10_2.12.jar
[2025-06-01T23:58:26.016+0000] {subprocess.py:93} INFO - 
[2025-06-01T23:58:26.666+0000] {subprocess.py:93} INFO - 	==== central: tried
[2025-06-01T23:58:26.667+0000] {subprocess.py:93} INFO - 
[2025-06-01T23:58:26.667+0000] {subprocess.py:93} INFO - 	  https://repo1.maven.org/maven2/org/apache/spark/spark-sql-kafka-0-10_2.12/3.2.0/spark-sql-kafka-0-10_2.12-3.2.0.pom
[2025-06-01T23:58:26.668+0000] {subprocess.py:93} INFO - 
[2025-06-01T23:58:26.668+0000] {subprocess.py:93} INFO - 	  -- artifact org.apache.spark#spark-sql-kafka-0-10_2.12;3.2.0!spark-sql-kafka-0-10_2.12.jar:
[2025-06-01T23:58:26.724+0000] {subprocess.py:93} INFO - 
[2025-06-01T23:58:26.808+0000] {subprocess.py:93} INFO - 	  https://repo1.maven.org/maven2/org/apache/spark/spark-sql-kafka-0-10_2.12/3.2.0/spark-sql-kafka-0-10_2.12-3.2.0.jar
[2025-06-01T23:58:26.829+0000] {subprocess.py:93} INFO - 
[2025-06-01T23:58:26.849+0000] {subprocess.py:93} INFO - 	==== spark-packages: tried
[2025-06-01T23:58:27.113+0000] {subprocess.py:93} INFO - 
[2025-06-01T23:58:27.452+0000] {subprocess.py:93} INFO - 	  https://repos.spark-packages.org/org/apache/spark/spark-sql-kafka-0-10_2.12/3.2.0/spark-sql-kafka-0-10_2.12-3.2.0.pom
[2025-06-01T23:58:27.459+0000] {subprocess.py:93} INFO - 
[2025-06-01T23:58:27.460+0000] {subprocess.py:93} INFO - 	  -- artifact org.apache.spark#spark-sql-kafka-0-10_2.12;3.2.0!spark-sql-kafka-0-10_2.12.jar:
[2025-06-01T23:58:27.461+0000] {subprocess.py:93} INFO - 
[2025-06-01T23:58:27.461+0000] {subprocess.py:93} INFO - 	  https://repos.spark-packages.org/org/apache/spark/spark-sql-kafka-0-10_2.12/3.2.0/spark-sql-kafka-0-10_2.12-3.2.0.jar
[2025-06-01T23:58:27.461+0000] {subprocess.py:93} INFO - 
[2025-06-01T23:58:27.462+0000] {subprocess.py:93} INFO - 		::::::::::::::::::::::::::::::::::::::::::::::
[2025-06-01T23:58:27.462+0000] {subprocess.py:93} INFO - 
[2025-06-01T23:58:27.508+0000] {subprocess.py:93} INFO - 		::          UNRESOLVED DEPENDENCIES         ::
[2025-06-01T23:58:27.527+0000] {subprocess.py:93} INFO - 
[2025-06-01T23:58:27.527+0000] {subprocess.py:93} INFO - 		::::::::::::::::::::::::::::::::::::::::::::::
[2025-06-01T23:58:27.527+0000] {subprocess.py:93} INFO - 
[2025-06-01T23:58:27.528+0000] {subprocess.py:93} INFO - 		:: org.apache.spark#spark-sql-kafka-0-10_2.12;3.2.0: not found
[2025-06-01T23:58:27.528+0000] {subprocess.py:93} INFO - 
[2025-06-01T23:58:27.851+0000] {subprocess.py:93} INFO - 		::::::::::::::::::::::::::::::::::::::::::::::
[2025-06-01T23:58:27.871+0000] {subprocess.py:93} INFO - 
[2025-06-01T23:58:27.884+0000] {subprocess.py:93} INFO - 
[2025-06-01T23:58:27.885+0000] {subprocess.py:93} INFO - 
[2025-06-01T23:58:27.885+0000] {subprocess.py:93} INFO - :: USE VERBOSE OR DEBUG MESSAGE LEVEL FOR MORE DETAILS
[2025-06-01T23:58:27.886+0000] {subprocess.py:93} INFO - Exception in thread "main" java.lang.RuntimeException: [unresolved dependency: org.apache.spark#spark-sql-kafka-0-10_2.12;3.2.0: not found]
[2025-06-01T23:58:27.886+0000] {subprocess.py:93} INFO - 	at org.apache.spark.deploy.SparkSubmitUtils$.resolveMavenCoordinates(SparkSubmit.scala:1456)
[2025-06-01T23:58:27.887+0000] {subprocess.py:93} INFO - 	at org.apache.spark.util.DependencyUtils$.resolveMavenDependencies(DependencyUtils.scala:185)
[2025-06-01T23:58:27.887+0000] {subprocess.py:93} INFO - 	at org.apache.spark.deploy.SparkSubmit.prepareSubmitEnvironment(SparkSubmit.scala:308)
[2025-06-01T23:58:27.887+0000] {subprocess.py:93} INFO - 	at org.apache.spark.deploy.SparkSubmit.org$apache$spark$deploy$SparkSubmit$$runMain(SparkSubmit.scala:901)
[2025-06-01T23:58:27.888+0000] {subprocess.py:93} INFO - 	at org.apache.spark.deploy.SparkSubmit.doRunMain$1(SparkSubmit.scala:180)
[2025-06-01T23:58:27.888+0000] {subprocess.py:93} INFO - 	at org.apache.spark.deploy.SparkSubmit.submit(SparkSubmit.scala:203)
[2025-06-01T23:58:27.888+0000] {subprocess.py:93} INFO - 	at org.apache.spark.deploy.SparkSubmit.doSubmit(SparkSubmit.scala:90)
[2025-06-01T23:58:27.892+0000] {subprocess.py:93} INFO - 	at org.apache.spark.deploy.SparkSubmit$$anon$2.doSubmit(SparkSubmit.scala:1046)
[2025-06-01T23:58:28.098+0000] {subprocess.py:93} INFO - 	at org.apache.spark.deploy.SparkSubmit$.main(SparkSubmit.scala:1055)
[2025-06-01T23:58:28.104+0000] {subprocess.py:93} INFO - 	at org.apache.spark.deploy.SparkSubmit.main(SparkSubmit.scala)
[2025-06-01T23:59:24.705+0000] {subprocess.py:97} INFO - Command exited with return code 1
[2025-06-01T23:59:48.202+0000] {job.py:229} INFO - Heartbeat recovered after 12.82 seconds
[2025-06-02T00:00:10.657+0000] {job.py:229} INFO - Heartbeat recovered after 25.48 seconds
[2025-06-02T00:01:10.161+0000] {job.py:229} INFO - Heartbeat recovered after 10.50 seconds
[2025-06-02T00:01:29.495+0000] {taskinstance.py:3310} ERROR - Task failed with exception
Traceback (most recent call last):
  File "/home/airflow/.local/lib/python3.12/site-packages/airflow/models/taskinstance.py", line 767, in _execute_task
    result = _execute_callable(context=context, **execute_callable_kwargs)
             ^^^^^^^^^^^^^^^^^^^^^^^^^^^^^^^^^^^^^^^^^^^^^^^^^^^^^^^^^^^^^
  File "/home/airflow/.local/lib/python3.12/site-packages/airflow/models/taskinstance.py", line 733, in _execute_callable
    return ExecutionCallableRunner(
           ^^^^^^^^^^^^^^^^^^^^^^^^
  File "/home/airflow/.local/lib/python3.12/site-packages/airflow/utils/operator_helpers.py", line 252, in run
    return self.func(*args, **kwargs)
           ^^^^^^^^^^^^^^^^^^^^^^^^^^
  File "/home/airflow/.local/lib/python3.12/site-packages/airflow/models/baseoperator.py", line 406, in wrapper
    return func(self, *args, **kwargs)
           ^^^^^^^^^^^^^^^^^^^^^^^^^^^
  File "/home/airflow/.local/lib/python3.12/site-packages/airflow/operators/bash.py", line 249, in execute
    raise AirflowException(
airflow.exceptions.AirflowException: Bash command failed. The command returned a non-zero exit code 1.
[2025-06-02T00:01:43.493+0000] {taskinstance.py:1225} INFO - Marking task as UP_FOR_RETRY. dag_id=log_monitoring_dag, task_id=start_spark_consumer, run_id=scheduled__2025-06-01T23:15:00+00:00, execution_date=20250601T231500, start_date=20250601T233425, end_date=20250602T000141
[2025-06-02T00:01:55.590+0000] {taskinstance.py:340} INFO - ::group::Post task execution logs
[2025-06-02T00:01:57.241+0000] {standard_task_runner.py:124} ERROR - Failed to execute job 12 for task start_spark_consumer (Bash command failed. The command returned a non-zero exit code 1.; 394)
Traceback (most recent call last):
  File "/home/airflow/.local/lib/python3.12/site-packages/airflow/task/task_runner/standard_task_runner.py", line 117, in _start_by_fork
    ret = args.func(args, dag=self.dag)
          ^^^^^^^^^^^^^^^^^^^^^^^^^^^^^
  File "/home/airflow/.local/lib/python3.12/site-packages/airflow/cli/cli_config.py", line 49, in command
    return func(*args, **kwargs)
           ^^^^^^^^^^^^^^^^^^^^^
  File "/home/airflow/.local/lib/python3.12/site-packages/airflow/utils/cli.py", line 115, in wrapper
    return f(*args, **kwargs)
           ^^^^^^^^^^^^^^^^^^
  File "/home/airflow/.local/lib/python3.12/site-packages/airflow/cli/commands/task_command.py", line 483, in task_run
    task_return_code = _run_task_by_selected_method(args, _dag, ti)
                       ^^^^^^^^^^^^^^^^^^^^^^^^^^^^^^^^^^^^^^^^^^^^
  File "/home/airflow/.local/lib/python3.12/site-packages/airflow/cli/commands/task_command.py", line 256, in _run_task_by_selected_method
    return _run_raw_task(args, ti)
           ^^^^^^^^^^^^^^^^^^^^^^^
  File "/home/airflow/.local/lib/python3.12/site-packages/airflow/cli/commands/task_command.py", line 341, in _run_raw_task
    return ti._run_raw_task(
           ^^^^^^^^^^^^^^^^^
  File "/home/airflow/.local/lib/python3.12/site-packages/airflow/utils/session.py", line 97, in wrapper
    return func(*args, session=session, **kwargs)
           ^^^^^^^^^^^^^^^^^^^^^^^^^^^^^^^^^^^^^^
  File "/home/airflow/.local/lib/python3.12/site-packages/airflow/models/taskinstance.py", line 3004, in _run_raw_task
    return _run_raw_task(
           ^^^^^^^^^^^^^^
  File "/home/airflow/.local/lib/python3.12/site-packages/airflow/models/taskinstance.py", line 273, in _run_raw_task
    TaskInstance._execute_task_with_callbacks(
  File "/home/airflow/.local/lib/python3.12/site-packages/airflow/models/taskinstance.py", line 3158, in _execute_task_with_callbacks
    result = self._execute_task(context, task_orig)
             ^^^^^^^^^^^^^^^^^^^^^^^^^^^^^^^^^^^^^^
  File "/home/airflow/.local/lib/python3.12/site-packages/airflow/models/taskinstance.py", line 3182, in _execute_task
    return _execute_task(self, context, task_orig)
           ^^^^^^^^^^^^^^^^^^^^^^^^^^^^^^^^^^^^^^^
  File "/home/airflow/.local/lib/python3.12/site-packages/airflow/models/taskinstance.py", line 767, in _execute_task
    result = _execute_callable(context=context, **execute_callable_kwargs)
             ^^^^^^^^^^^^^^^^^^^^^^^^^^^^^^^^^^^^^^^^^^^^^^^^^^^^^^^^^^^^^
  File "/home/airflow/.local/lib/python3.12/site-packages/airflow/models/taskinstance.py", line 733, in _execute_callable
    return ExecutionCallableRunner(
           ^^^^^^^^^^^^^^^^^^^^^^^^
  File "/home/airflow/.local/lib/python3.12/site-packages/airflow/utils/operator_helpers.py", line 252, in run
    return self.func(*args, **kwargs)
           ^^^^^^^^^^^^^^^^^^^^^^^^^^
  File "/home/airflow/.local/lib/python3.12/site-packages/airflow/models/baseoperator.py", line 406, in wrapper
    return func(self, *args, **kwargs)
           ^^^^^^^^^^^^^^^^^^^^^^^^^^^
  File "/home/airflow/.local/lib/python3.12/site-packages/airflow/operators/bash.py", line 249, in execute
    raise AirflowException(
airflow.exceptions.AirflowException: Bash command failed. The command returned a non-zero exit code 1.
[2025-06-02T00:02:00.162+0000] {local_task_job_runner.py:266} INFO - Task exited with return code 1
[2025-06-02T00:02:04.111+0000] {standard_task_runner.py:217} INFO - Process not found (most likely exited), stop collecting metrics
[2025-06-02T00:02:23.544+0000] {taskinstance.py:3900} INFO - 0 downstream tasks scheduled from follow-on schedule check
[2025-06-02T00:02:23.557+0000] {local_task_job_runner.py:245} INFO - ::endgroup::
