[2025-05-31T16:02:05.310+0000] {local_task_job_runner.py:123} INFO - ::group::Pre task execution logs
[2025-05-31T16:02:05.458+0000] {taskinstance.py:2612} INFO - Dependencies all met for dep_context=non-requeueable deps ti=<TaskInstance: log_monitoring_dag.start_log_producer scheduled__2025-05-31T15:55:00+00:00 [queued]>
[2025-05-31T16:02:05.471+0000] {taskinstance.py:2612} INFO - Dependencies all met for dep_context=requeueable deps ti=<TaskInstance: log_monitoring_dag.start_log_producer scheduled__2025-05-31T15:55:00+00:00 [queued]>
[2025-05-31T16:02:05.472+0000] {taskinstance.py:2865} INFO - Starting attempt 1 of 2
[2025-05-31T16:02:05.545+0000] {taskinstance.py:2888} INFO - Executing <Task(BashOperator): start_log_producer> on 2025-05-31 15:55:00+00:00
[2025-05-31T16:02:05.553+0000] {standard_task_runner.py:104} INFO - Running: ['***', 'tasks', 'run', 'log_monitoring_dag', 'start_log_producer', 'scheduled__2025-05-31T15:55:00+00:00', '--job-id', '200', '--raw', '--subdir', 'DAGS_FOLDER/log_monitoring_dag.py', '--cfg-path', '/tmp/tmpqx9yyp70']
[2025-05-31T16:02:05.559+0000] {standard_task_runner.py:105} INFO - Job 200: Subtask start_log_producer
[2025-05-31T16:02:05.755+0000] {logging_mixin.py:190} WARNING - /home/***/.local/lib/python3.12/site-packages/***/task/task_runner/standard_task_runner.py:70 DeprecationWarning: This process (pid=594) is multi-threaded, use of fork() may lead to deadlocks in the child.
[2025-05-31T16:02:05.756+0000] {standard_task_runner.py:72} INFO - Started process 595 to run task
[2025-05-31T16:02:06.014+0000] {logging_mixin.py:190} WARNING - /home/***/.local/lib/python3.12/site-packages/***/settings.py:209 DeprecationWarning: The sql_alchemy_conn option in [core] has been moved to the sql_alchemy_conn option in [database] - the old setting has been used, but please update your config.
[2025-05-31T16:02:06.460+0000] {task_command.py:467} INFO - Running <TaskInstance: log_monitoring_dag.start_log_producer scheduled__2025-05-31T15:55:00+00:00 [running]> on host 1d31c4e9dbe9
[2025-05-31T16:02:06.461+0000] {logging_mixin.py:190} WARNING - /home/***/.local/lib/python3.12/site-packages/***/settings.py:470 DeprecationWarning: The sql_alchemy_conn option in [core] has been moved to the sql_alchemy_conn option in [database] - the old setting has been used, but please update your config.
[2025-05-31T16:02:07.559+0000] {taskinstance.py:3131} INFO - Exporting env vars: AIRFLOW_CTX_DAG_OWNER='***' AIRFLOW_CTX_DAG_ID='log_monitoring_dag' AIRFLOW_CTX_TASK_ID='start_log_producer' AIRFLOW_CTX_EXECUTION_DATE='2025-05-31T15:55:00+00:00' AIRFLOW_CTX_TRY_NUMBER='1' AIRFLOW_CTX_DAG_RUN_ID='scheduled__2025-05-31T15:55:00+00:00'
[2025-05-31T16:02:07.560+0000] {taskinstance.py:731} INFO - ::endgroup::
[2025-05-31T16:02:07.600+0000] {subprocess.py:63} INFO - Tmp dir root location: /tmp
[2025-05-31T16:02:07.603+0000] {subprocess.py:75} INFO - Running command: ['/usr/bin/bash', '-c', 'cd /opt/***/app && python -u log_producer.py']
[2025-05-31T16:02:07.616+0000] {subprocess.py:86} INFO - Output:
[2025-05-31T16:02:10.054+0000] {subprocess.py:93} INFO - Sending log: {'timestamp': '2025-05-31 16:02:10', 'level': 'INFO', 'message': 'User logged in'}
[2025-05-31T16:02:12.159+0000] {subprocess.py:93} INFO - Sending log: {'timestamp': '2025-05-31 16:02:12', 'level': 'WARNING', 'message': 'Slow response time'}
[2025-05-31T16:02:14.163+0000] {subprocess.py:93} INFO - Sending log: {'timestamp': '2025-05-31 16:02:14', 'level': 'ERROR', 'message': 'Payment gateway timeout'}
[2025-05-31T16:02:16.164+0000] {subprocess.py:93} INFO - Sending log: {'timestamp': '2025-05-31 16:02:16', 'level': 'ERROR', 'message': 'Payment gateway timeout'}
[2025-05-31T16:02:18.164+0000] {subprocess.py:93} INFO - Sending log: {'timestamp': '2025-05-31 16:02:18', 'level': 'INFO', 'message': 'Search executed'}
[2025-05-31T16:02:20.165+0000] {subprocess.py:93} INFO - Sending log: {'timestamp': '2025-05-31 16:02:20', 'level': 'ERROR', 'message': 'Database connection failed'}
[2025-05-31T16:02:22.165+0000] {subprocess.py:93} INFO - Sending log: {'timestamp': '2025-05-31 16:02:22', 'level': 'WARNING', 'message': 'Slow response time'}
[2025-05-31T16:02:24.166+0000] {subprocess.py:93} INFO - Sending log: {'timestamp': '2025-05-31 16:02:24', 'level': 'WARNING', 'message': 'Slow response time'}
[2025-05-31T16:02:26.166+0000] {subprocess.py:93} INFO - Sending log: {'timestamp': '2025-05-31 16:02:26', 'level': 'INFO', 'message': 'User logged in'}
[2025-05-31T16:02:28.167+0000] {subprocess.py:93} INFO - Sending log: {'timestamp': '2025-05-31 16:02:28', 'level': 'WARNING', 'message': 'Slow response time'}
[2025-05-31T16:02:30.168+0000] {subprocess.py:93} INFO - Sending log: {'timestamp': '2025-05-31 16:02:30', 'level': 'ERROR', 'message': 'Database connection failed'}
[2025-05-31T16:02:32.168+0000] {subprocess.py:93} INFO - Sending log: {'timestamp': '2025-05-31 16:02:32', 'level': 'INFO', 'message': 'Search executed'}
[2025-05-31T16:02:34.168+0000] {subprocess.py:93} INFO - Sending log: {'timestamp': '2025-05-31 16:02:34', 'level': 'INFO', 'message': 'Page loaded'}
[2025-05-31T16:02:36.169+0000] {subprocess.py:93} INFO - Sending log: {'timestamp': '2025-05-31 16:02:36', 'level': 'INFO', 'message': 'Page loaded'}
[2025-05-31T16:02:38.169+0000] {subprocess.py:93} INFO - Sending log: {'timestamp': '2025-05-31 16:02:38', 'level': 'ERROR', 'message': 'Database connection failed'}
[2025-05-31T16:02:40.169+0000] {subprocess.py:93} INFO - Sending log: {'timestamp': '2025-05-31 16:02:40', 'level': 'ERROR', 'message': 'Payment gateway timeout'}
[2025-05-31T16:02:42.170+0000] {subprocess.py:93} INFO - Sending log: {'timestamp': '2025-05-31 16:02:42', 'level': 'INFO', 'message': 'Page loaded'}
[2025-05-31T16:02:44.170+0000] {subprocess.py:93} INFO - Sending log: {'timestamp': '2025-05-31 16:02:44', 'level': 'WARNING', 'message': 'Slow response time'}
[2025-05-31T16:02:46.170+0000] {subprocess.py:93} INFO - Sending log: {'timestamp': '2025-05-31 16:02:46', 'level': 'INFO', 'message': 'Page loaded'}
[2025-05-31T16:02:48.171+0000] {subprocess.py:93} INFO - Sending log: {'timestamp': '2025-05-31 16:02:48', 'level': 'ERROR', 'message': 'Database connection failed'}
[2025-05-31T16:02:50.171+0000] {subprocess.py:93} INFO - Sending log: {'timestamp': '2025-05-31 16:02:50', 'level': 'WARNING', 'message': 'Slow response time'}
[2025-05-31T16:02:52.172+0000] {subprocess.py:93} INFO - Sending log: {'timestamp': '2025-05-31 16:02:52', 'level': 'ERROR', 'message': 'Payment gateway timeout'}
[2025-05-31T16:02:54.172+0000] {subprocess.py:93} INFO - Sending log: {'timestamp': '2025-05-31 16:02:54', 'level': 'ERROR', 'message': 'Payment gateway timeout'}
[2025-05-31T16:02:56.173+0000] {subprocess.py:93} INFO - Sending log: {'timestamp': '2025-05-31 16:02:56', 'level': 'INFO', 'message': 'Page loaded'}
[2025-05-31T16:02:58.174+0000] {subprocess.py:93} INFO - Sending log: {'timestamp': '2025-05-31 16:02:58', 'level': 'ERROR', 'message': 'Payment gateway timeout'}
[2025-05-31T16:03:00.174+0000] {subprocess.py:93} INFO - Sending log: {'timestamp': '2025-05-31 16:03:00', 'level': 'ERROR', 'message': 'Payment gateway timeout'}
[2025-05-31T16:03:02.175+0000] {subprocess.py:93} INFO - Sending log: {'timestamp': '2025-05-31 16:03:02', 'level': 'ERROR', 'message': 'Payment gateway timeout'}
[2025-05-31T16:03:04.175+0000] {subprocess.py:93} INFO - Sending log: {'timestamp': '2025-05-31 16:03:04', 'level': 'INFO', 'message': 'User logged in'}
[2025-05-31T16:03:06.176+0000] {subprocess.py:93} INFO - Sending log: {'timestamp': '2025-05-31 16:03:06', 'level': 'WARNING', 'message': 'High memory usage'}
[2025-05-31T16:03:08.176+0000] {subprocess.py:93} INFO - Sending log: {'timestamp': '2025-05-31 16:03:08', 'level': 'ERROR', 'message': 'Payment gateway timeout'}
[2025-05-31T16:03:10.176+0000] {subprocess.py:93} INFO - Sending log: {'timestamp': '2025-05-31 16:03:10', 'level': 'WARNING', 'message': 'Slow response time'}
[2025-05-31T16:03:12.176+0000] {subprocess.py:93} INFO - Sending log: {'timestamp': '2025-05-31 16:03:12', 'level': 'WARNING', 'message': 'Slow response time'}
[2025-05-31T16:03:14.176+0000] {subprocess.py:93} INFO - Sending log: {'timestamp': '2025-05-31 16:03:14', 'level': 'WARNING', 'message': 'High memory usage'}
[2025-05-31T16:03:16.177+0000] {subprocess.py:93} INFO - Sending log: {'timestamp': '2025-05-31 16:03:16', 'level': 'WARNING', 'message': 'Slow response time'}
[2025-05-31T16:03:18.177+0000] {subprocess.py:93} INFO - Sending log: {'timestamp': '2025-05-31 16:03:18', 'level': 'WARNING', 'message': 'High memory usage'}
[2025-05-31T16:03:20.178+0000] {subprocess.py:93} INFO - Sending log: {'timestamp': '2025-05-31 16:03:20', 'level': 'ERROR', 'message': 'Payment gateway timeout'}
[2025-05-31T16:03:22.178+0000] {subprocess.py:93} INFO - Sending log: {'timestamp': '2025-05-31 16:03:22', 'level': 'WARNING', 'message': 'Slow response time'}
[2025-05-31T16:03:24.179+0000] {subprocess.py:93} INFO - Sending log: {'timestamp': '2025-05-31 16:03:24', 'level': 'WARNING', 'message': 'High memory usage'}
[2025-05-31T16:03:26.179+0000] {subprocess.py:93} INFO - Sending log: {'timestamp': '2025-05-31 16:03:26', 'level': 'WARNING', 'message': 'Slow response time'}
[2025-05-31T16:03:28.180+0000] {subprocess.py:93} INFO - Sending log: {'timestamp': '2025-05-31 16:03:28', 'level': 'INFO', 'message': 'User logged in'}
[2025-05-31T16:03:30.180+0000] {subprocess.py:93} INFO - Sending log: {'timestamp': '2025-05-31 16:03:30', 'level': 'ERROR', 'message': 'Payment gateway timeout'}
[2025-05-31T16:03:32.181+0000] {subprocess.py:93} INFO - Sending log: {'timestamp': '2025-05-31 16:03:32', 'level': 'WARNING', 'message': 'Slow response time'}
[2025-05-31T16:03:34.181+0000] {subprocess.py:93} INFO - Sending log: {'timestamp': '2025-05-31 16:03:34', 'level': 'WARNING', 'message': 'Slow response time'}
[2025-05-31T16:03:36.182+0000] {subprocess.py:93} INFO - Sending log: {'timestamp': '2025-05-31 16:03:36', 'level': 'INFO', 'message': 'User logged in'}
[2025-05-31T16:03:38.182+0000] {subprocess.py:93} INFO - Sending log: {'timestamp': '2025-05-31 16:03:38', 'level': 'WARNING', 'message': 'Slow response time'}
[2025-05-31T16:03:40.182+0000] {subprocess.py:93} INFO - Sending log: {'timestamp': '2025-05-31 16:03:40', 'level': 'WARNING', 'message': 'Slow response time'}
[2025-05-31T16:03:42.182+0000] {subprocess.py:93} INFO - Sending log: {'timestamp': '2025-05-31 16:03:42', 'level': 'INFO', 'message': 'Search executed'}
[2025-05-31T16:03:44.183+0000] {subprocess.py:93} INFO - Sending log: {'timestamp': '2025-05-31 16:03:44', 'level': 'ERROR', 'message': 'Database connection failed'}
[2025-05-31T16:03:46.183+0000] {subprocess.py:93} INFO - Sending log: {'timestamp': '2025-05-31 16:03:46', 'level': 'WARNING', 'message': 'Slow response time'}
[2025-05-31T16:03:48.184+0000] {subprocess.py:93} INFO - Sending log: {'timestamp': '2025-05-31 16:03:48', 'level': 'WARNING', 'message': 'Slow response time'}
[2025-05-31T16:03:50.184+0000] {subprocess.py:93} INFO - Sending log: {'timestamp': '2025-05-31 16:03:50', 'level': 'ERROR', 'message': 'Payment gateway timeout'}
[2025-05-31T16:03:52.185+0000] {subprocess.py:93} INFO - Sending log: {'timestamp': '2025-05-31 16:03:52', 'level': 'INFO', 'message': 'Search executed'}
[2025-05-31T16:03:54.336+0000] {subprocess.py:93} INFO - Sending log: {'timestamp': '2025-05-31 16:03:54', 'level': 'WARNING', 'message': 'High memory usage'}
[2025-05-31T16:03:56.337+0000] {subprocess.py:93} INFO - Sending log: {'timestamp': '2025-05-31 16:03:56', 'level': 'WARNING', 'message': 'Slow response time'}
[2025-05-31T16:03:58.337+0000] {subprocess.py:93} INFO - Sending log: {'timestamp': '2025-05-31 16:03:58', 'level': 'ERROR', 'message': 'Database connection failed'}
[2025-05-31T16:04:00.338+0000] {subprocess.py:93} INFO - Sending log: {'timestamp': '2025-05-31 16:04:00', 'level': 'ERROR', 'message': 'Database connection failed'}
[2025-05-31T16:04:02.338+0000] {subprocess.py:93} INFO - Sending log: {'timestamp': '2025-05-31 16:04:02', 'level': 'ERROR', 'message': 'Payment gateway timeout'}
[2025-05-31T16:04:04.339+0000] {subprocess.py:93} INFO - Sending log: {'timestamp': '2025-05-31 16:04:04', 'level': 'WARNING', 'message': 'Slow response time'}
[2025-05-31T16:04:06.339+0000] {subprocess.py:93} INFO - Sending log: {'timestamp': '2025-05-31 16:04:06', 'level': 'INFO', 'message': 'Page loaded'}
[2025-05-31T16:04:08.339+0000] {subprocess.py:93} INFO - Sending log: {'timestamp': '2025-05-31 16:04:08', 'level': 'WARNING', 'message': 'High memory usage'}
[2025-05-31T16:04:10.339+0000] {subprocess.py:93} INFO - Sending log: {'timestamp': '2025-05-31 16:04:10', 'level': 'INFO', 'message': 'Search executed'}
[2025-05-31T16:04:12.339+0000] {subprocess.py:93} INFO - Sending log: {'timestamp': '2025-05-31 16:04:12', 'level': 'INFO', 'message': 'Search executed'}
[2025-05-31T16:04:14.339+0000] {subprocess.py:93} INFO - Sending log: {'timestamp': '2025-05-31 16:04:14', 'level': 'ERROR', 'message': 'Database connection failed'}
[2025-05-31T16:04:16.340+0000] {subprocess.py:93} INFO - Sending log: {'timestamp': '2025-05-31 16:04:16', 'level': 'ERROR', 'message': 'Payment gateway timeout'}
[2025-05-31T16:04:18.340+0000] {subprocess.py:93} INFO - Sending log: {'timestamp': '2025-05-31 16:04:18', 'level': 'WARNING', 'message': 'High memory usage'}
[2025-05-31T16:04:20.341+0000] {subprocess.py:93} INFO - Sending log: {'timestamp': '2025-05-31 16:04:20', 'level': 'ERROR', 'message': 'Database connection failed'}
[2025-05-31T16:04:22.341+0000] {subprocess.py:93} INFO - Sending log: {'timestamp': '2025-05-31 16:04:22', 'level': 'ERROR', 'message': 'Payment gateway timeout'}
[2025-05-31T16:04:24.342+0000] {subprocess.py:93} INFO - Sending log: {'timestamp': '2025-05-31 16:04:24', 'level': 'INFO', 'message': 'Page loaded'}
[2025-05-31T16:04:26.342+0000] {subprocess.py:93} INFO - Sending log: {'timestamp': '2025-05-31 16:04:26', 'level': 'WARNING', 'message': 'Slow response time'}
[2025-05-31T16:04:28.343+0000] {subprocess.py:93} INFO - Sending log: {'timestamp': '2025-05-31 16:04:28', 'level': 'ERROR', 'message': 'Payment gateway timeout'}
[2025-05-31T16:04:30.343+0000] {subprocess.py:93} INFO - Sending log: {'timestamp': '2025-05-31 16:04:30', 'level': 'ERROR', 'message': 'Database connection failed'}
[2025-05-31T16:04:32.344+0000] {subprocess.py:93} INFO - Sending log: {'timestamp': '2025-05-31 16:04:32', 'level': 'INFO', 'message': 'Search executed'}
[2025-05-31T16:04:34.344+0000] {subprocess.py:93} INFO - Sending log: {'timestamp': '2025-05-31 16:04:34', 'level': 'INFO', 'message': 'User logged in'}
[2025-05-31T16:04:36.345+0000] {subprocess.py:93} INFO - Sending log: {'timestamp': '2025-05-31 16:04:36', 'level': 'WARNING', 'message': 'Slow response time'}
[2025-05-31T16:04:38.345+0000] {subprocess.py:93} INFO - Sending log: {'timestamp': '2025-05-31 16:04:38', 'level': 'INFO', 'message': 'Page loaded'}
[2025-05-31T16:04:40.345+0000] {subprocess.py:93} INFO - Sending log: {'timestamp': '2025-05-31 16:04:40', 'level': 'INFO', 'message': 'Page loaded'}
[2025-05-31T16:04:42.345+0000] {subprocess.py:93} INFO - Sending log: {'timestamp': '2025-05-31 16:04:42', 'level': 'WARNING', 'message': 'High memory usage'}
[2025-05-31T16:04:44.346+0000] {subprocess.py:93} INFO - Sending log: {'timestamp': '2025-05-31 16:04:44', 'level': 'ERROR', 'message': 'Database connection failed'}
[2025-05-31T16:04:46.346+0000] {subprocess.py:93} INFO - Sending log: {'timestamp': '2025-05-31 16:04:46', 'level': 'INFO', 'message': 'User logged in'}
[2025-05-31T16:04:48.347+0000] {subprocess.py:93} INFO - Sending log: {'timestamp': '2025-05-31 16:04:48', 'level': 'ERROR', 'message': 'Payment gateway timeout'}
[2025-05-31T16:04:50.347+0000] {subprocess.py:93} INFO - Sending log: {'timestamp': '2025-05-31 16:04:50', 'level': 'INFO', 'message': 'Page loaded'}
[2025-05-31T16:04:52.348+0000] {subprocess.py:93} INFO - Sending log: {'timestamp': '2025-05-31 16:04:52', 'level': 'ERROR', 'message': 'Payment gateway timeout'}
[2025-05-31T16:04:54.348+0000] {subprocess.py:93} INFO - Sending log: {'timestamp': '2025-05-31 16:04:54', 'level': 'INFO', 'message': 'User logged in'}
[2025-05-31T16:04:56.349+0000] {subprocess.py:93} INFO - Sending log: {'timestamp': '2025-05-31 16:04:56', 'level': 'INFO', 'message': 'Search executed'}
[2025-05-31T16:04:58.349+0000] {subprocess.py:93} INFO - Sending log: {'timestamp': '2025-05-31 16:04:58', 'level': 'WARNING', 'message': 'High memory usage'}
[2025-05-31T16:05:00.349+0000] {subprocess.py:93} INFO - Sending log: {'timestamp': '2025-05-31 16:05:00', 'level': 'ERROR', 'message': 'Payment gateway timeout'}
[2025-05-31T16:05:02.350+0000] {subprocess.py:93} INFO - Sending log: {'timestamp': '2025-05-31 16:05:02', 'level': 'WARNING', 'message': 'Slow response time'}
[2025-05-31T16:05:04.350+0000] {subprocess.py:93} INFO - Sending log: {'timestamp': '2025-05-31 16:05:04', 'level': 'ERROR', 'message': 'Payment gateway timeout'}
[2025-05-31T16:05:06.351+0000] {subprocess.py:93} INFO - Sending log: {'timestamp': '2025-05-31 16:05:06', 'level': 'INFO', 'message': 'Search executed'}
[2025-05-31T16:05:08.358+0000] {subprocess.py:93} INFO - Sending log: {'timestamp': '2025-05-31 16:05:08', 'level': 'ERROR', 'message': 'Payment gateway timeout'}
[2025-05-31T16:05:10.358+0000] {subprocess.py:93} INFO - Sending log: {'timestamp': '2025-05-31 16:05:10', 'level': 'INFO', 'message': 'Page loaded'}
[2025-05-31T16:05:12.358+0000] {subprocess.py:93} INFO - Sending log: {'timestamp': '2025-05-31 16:05:12', 'level': 'WARNING', 'message': 'High memory usage'}
[2025-05-31T16:05:14.358+0000] {subprocess.py:93} INFO - Sending log: {'timestamp': '2025-05-31 16:05:14', 'level': 'INFO', 'message': 'Search executed'}
[2025-05-31T16:05:16.358+0000] {subprocess.py:93} INFO - Sending log: {'timestamp': '2025-05-31 16:05:16', 'level': 'WARNING', 'message': 'Slow response time'}
[2025-05-31T16:05:18.359+0000] {subprocess.py:93} INFO - Sending log: {'timestamp': '2025-05-31 16:05:18', 'level': 'ERROR', 'message': 'Database connection failed'}
[2025-05-31T16:05:20.359+0000] {subprocess.py:93} INFO - Sending log: {'timestamp': '2025-05-31 16:05:20', 'level': 'ERROR', 'message': 'Payment gateway timeout'}
[2025-05-31T16:05:22.360+0000] {subprocess.py:93} INFO - Sending log: {'timestamp': '2025-05-31 16:05:22', 'level': 'WARNING', 'message': 'High memory usage'}
[2025-05-31T16:05:24.360+0000] {subprocess.py:93} INFO - Sending log: {'timestamp': '2025-05-31 16:05:24', 'level': 'ERROR', 'message': 'Database connection failed'}
[2025-05-31T16:05:26.362+0000] {subprocess.py:93} INFO - Sending log: {'timestamp': '2025-05-31 16:05:26', 'level': 'ERROR', 'message': 'Payment gateway timeout'}
[2025-05-31T16:05:28.363+0000] {subprocess.py:93} INFO - Sending log: {'timestamp': '2025-05-31 16:05:28', 'level': 'WARNING', 'message': 'High memory usage'}
[2025-05-31T16:05:30.363+0000] {subprocess.py:93} INFO - Sending log: {'timestamp': '2025-05-31 16:05:30', 'level': 'INFO', 'message': 'Search executed'}
[2025-05-31T16:05:32.364+0000] {subprocess.py:93} INFO - Sending log: {'timestamp': '2025-05-31 16:05:32', 'level': 'ERROR', 'message': 'Payment gateway timeout'}
[2025-05-31T16:05:34.365+0000] {subprocess.py:93} INFO - Sending log: {'timestamp': '2025-05-31 16:05:34', 'level': 'ERROR', 'message': 'Database connection failed'}
[2025-05-31T16:05:36.365+0000] {subprocess.py:93} INFO - Sending log: {'timestamp': '2025-05-31 16:05:36', 'level': 'ERROR', 'message': 'Payment gateway timeout'}
[2025-05-31T16:05:38.366+0000] {subprocess.py:93} INFO - Sending log: {'timestamp': '2025-05-31 16:05:38', 'level': 'INFO', 'message': 'Page loaded'}
[2025-05-31T16:05:40.366+0000] {subprocess.py:93} INFO - Sending log: {'timestamp': '2025-05-31 16:05:40', 'level': 'WARNING', 'message': 'High memory usage'}
[2025-05-31T16:05:42.366+0000] {subprocess.py:93} INFO - Sending log: {'timestamp': '2025-05-31 16:05:42', 'level': 'INFO', 'message': 'Page loaded'}
[2025-05-31T16:05:44.638+0000] {subprocess.py:93} INFO - Sending log: {'timestamp': '2025-05-31 16:05:44', 'level': 'ERROR', 'message': 'Payment gateway timeout'}
[2025-05-31T16:05:46.639+0000] {subprocess.py:93} INFO - Sending log: {'timestamp': '2025-05-31 16:05:46', 'level': 'WARNING', 'message': 'High memory usage'}
[2025-05-31T16:05:48.639+0000] {subprocess.py:93} INFO - Sending log: {'timestamp': '2025-05-31 16:05:48', 'level': 'ERROR', 'message': 'Database connection failed'}
[2025-05-31T16:05:50.715+0000] {subprocess.py:93} INFO - Sending log: {'timestamp': '2025-05-31 16:05:50', 'level': 'ERROR', 'message': 'Payment gateway timeout'}
[2025-05-31T16:05:52.715+0000] {subprocess.py:93} INFO - Sending log: {'timestamp': '2025-05-31 16:05:52', 'level': 'WARNING', 'message': 'Slow response time'}
[2025-05-31T16:05:54.821+0000] {subprocess.py:93} INFO - Sending log: {'timestamp': '2025-05-31 16:05:54', 'level': 'WARNING', 'message': 'Slow response time'}
[2025-05-31T16:05:56.822+0000] {subprocess.py:93} INFO - Sending log: {'timestamp': '2025-05-31 16:05:56', 'level': 'INFO', 'message': 'Page loaded'}
[2025-05-31T16:05:58.822+0000] {subprocess.py:93} INFO - Sending log: {'timestamp': '2025-05-31 16:05:58', 'level': 'ERROR', 'message': 'Payment gateway timeout'}
[2025-05-31T16:06:00.822+0000] {subprocess.py:93} INFO - Sending log: {'timestamp': '2025-05-31 16:06:00', 'level': 'WARNING', 'message': 'High memory usage'}
[2025-05-31T16:06:02.823+0000] {subprocess.py:93} INFO - Sending log: {'timestamp': '2025-05-31 16:06:02', 'level': 'ERROR', 'message': 'Database connection failed'}
[2025-05-31T16:06:04.823+0000] {subprocess.py:93} INFO - Sending log: {'timestamp': '2025-05-31 16:06:04', 'level': 'INFO', 'message': 'Page loaded'}
[2025-05-31T16:06:06.824+0000] {subprocess.py:93} INFO - Sending log: {'timestamp': '2025-05-31 16:06:06', 'level': 'INFO', 'message': 'Search executed'}
[2025-05-31T16:06:08.824+0000] {subprocess.py:93} INFO - Sending log: {'timestamp': '2025-05-31 16:06:08', 'level': 'ERROR', 'message': 'Database connection failed'}
[2025-05-31T16:06:10.824+0000] {subprocess.py:93} INFO - Sending log: {'timestamp': '2025-05-31 16:06:10', 'level': 'WARNING', 'message': 'High memory usage'}
[2025-05-31T16:06:12.824+0000] {subprocess.py:93} INFO - Sending log: {'timestamp': '2025-05-31 16:06:12', 'level': 'ERROR', 'message': 'Database connection failed'}
[2025-05-31T16:06:14.825+0000] {subprocess.py:93} INFO - Sending log: {'timestamp': '2025-05-31 16:06:14', 'level': 'ERROR', 'message': 'Database connection failed'}
[2025-05-31T16:06:16.839+0000] {subprocess.py:93} INFO - Sending log: {'timestamp': '2025-05-31 16:06:16', 'level': 'INFO', 'message': 'Page loaded'}
[2025-05-31T16:06:18.840+0000] {subprocess.py:93} INFO - Sending log: {'timestamp': '2025-05-31 16:06:18', 'level': 'INFO', 'message': 'Search executed'}
[2025-05-31T16:06:20.840+0000] {subprocess.py:93} INFO - Sending log: {'timestamp': '2025-05-31 16:06:20', 'level': 'INFO', 'message': 'Search executed'}
[2025-05-31T16:06:22.841+0000] {subprocess.py:93} INFO - Sending log: {'timestamp': '2025-05-31 16:06:22', 'level': 'ERROR', 'message': 'Database connection failed'}
[2025-05-31T16:06:24.841+0000] {subprocess.py:93} INFO - Sending log: {'timestamp': '2025-05-31 16:06:24', 'level': 'WARNING', 'message': 'High memory usage'}
[2025-05-31T16:06:26.842+0000] {subprocess.py:93} INFO - Sending log: {'timestamp': '2025-05-31 16:06:26', 'level': 'WARNING', 'message': 'High memory usage'}
[2025-05-31T16:06:28.842+0000] {subprocess.py:93} INFO - Sending log: {'timestamp': '2025-05-31 16:06:28', 'level': 'ERROR', 'message': 'Database connection failed'}
[2025-05-31T16:06:30.843+0000] {subprocess.py:93} INFO - Sending log: {'timestamp': '2025-05-31 16:06:30', 'level': 'ERROR', 'message': 'Database connection failed'}
[2025-05-31T16:06:32.843+0000] {subprocess.py:93} INFO - Sending log: {'timestamp': '2025-05-31 16:06:32', 'level': 'WARNING', 'message': 'High memory usage'}
[2025-05-31T16:06:34.844+0000] {subprocess.py:93} INFO - Sending log: {'timestamp': '2025-05-31 16:06:34', 'level': 'WARNING', 'message': 'High memory usage'}
[2025-05-31T16:06:36.844+0000] {subprocess.py:93} INFO - Sending log: {'timestamp': '2025-05-31 16:06:36', 'level': 'WARNING', 'message': 'High memory usage'}
[2025-05-31T16:06:38.845+0000] {subprocess.py:93} INFO - Sending log: {'timestamp': '2025-05-31 16:06:38', 'level': 'ERROR', 'message': 'Payment gateway timeout'}
[2025-05-31T16:06:40.844+0000] {subprocess.py:93} INFO - Sending log: {'timestamp': '2025-05-31 16:06:40', 'level': 'WARNING', 'message': 'High memory usage'}
[2025-05-31T16:06:42.844+0000] {subprocess.py:93} INFO - Sending log: {'timestamp': '2025-05-31 16:06:42', 'level': 'WARNING', 'message': 'Slow response time'}
[2025-05-31T16:06:44.845+0000] {subprocess.py:93} INFO - Sending log: {'timestamp': '2025-05-31 16:06:44', 'level': 'WARNING', 'message': 'High memory usage'}
[2025-05-31T16:06:46.845+0000] {subprocess.py:93} INFO - Sending log: {'timestamp': '2025-05-31 16:06:46', 'level': 'WARNING', 'message': 'Slow response time'}
[2025-05-31T16:06:48.845+0000] {subprocess.py:93} INFO - Sending log: {'timestamp': '2025-05-31 16:06:48', 'level': 'INFO', 'message': 'User logged in'}
[2025-05-31T16:06:50.846+0000] {subprocess.py:93} INFO - Sending log: {'timestamp': '2025-05-31 16:06:50', 'level': 'ERROR', 'message': 'Database connection failed'}
[2025-05-31T16:06:52.846+0000] {subprocess.py:93} INFO - Sending log: {'timestamp': '2025-05-31 16:06:52', 'level': 'WARNING', 'message': 'Slow response time'}
[2025-05-31T16:06:54.847+0000] {subprocess.py:93} INFO - Sending log: {'timestamp': '2025-05-31 16:06:54', 'level': 'INFO', 'message': 'Search executed'}
[2025-05-31T16:06:56.847+0000] {subprocess.py:93} INFO - Sending log: {'timestamp': '2025-05-31 16:06:56', 'level': 'WARNING', 'message': 'High memory usage'}
[2025-05-31T16:06:58.848+0000] {subprocess.py:93} INFO - Sending log: {'timestamp': '2025-05-31 16:06:58', 'level': 'ERROR', 'message': 'Database connection failed'}
[2025-05-31T16:07:00.849+0000] {subprocess.py:93} INFO - Sending log: {'timestamp': '2025-05-31 16:07:00', 'level': 'INFO', 'message': 'Page loaded'}
[2025-05-31T16:07:02.850+0000] {subprocess.py:93} INFO - Sending log: {'timestamp': '2025-05-31 16:07:02', 'level': 'WARNING', 'message': 'Slow response time'}
[2025-05-31T16:07:04.850+0000] {subprocess.py:93} INFO - Sending log: {'timestamp': '2025-05-31 16:07:04', 'level': 'ERROR', 'message': 'Database connection failed'}
[2025-05-31T16:07:06.851+0000] {subprocess.py:93} INFO - Sending log: {'timestamp': '2025-05-31 16:07:06', 'level': 'ERROR', 'message': 'Payment gateway timeout'}
[2025-05-31T16:07:08.851+0000] {subprocess.py:93} INFO - Sending log: {'timestamp': '2025-05-31 16:07:08', 'level': 'ERROR', 'message': 'Payment gateway timeout'}
[2025-05-31T16:07:10.851+0000] {subprocess.py:93} INFO - Sending log: {'timestamp': '2025-05-31 16:07:10', 'level': 'ERROR', 'message': 'Payment gateway timeout'}
[2025-05-31T16:07:12.851+0000] {subprocess.py:93} INFO - Sending log: {'timestamp': '2025-05-31 16:07:12', 'level': 'WARNING', 'message': 'Slow response time'}
[2025-05-31T16:07:14.851+0000] {subprocess.py:93} INFO - Sending log: {'timestamp': '2025-05-31 16:07:14', 'level': 'INFO', 'message': 'Page loaded'}
[2025-05-31T16:07:16.852+0000] {subprocess.py:93} INFO - Sending log: {'timestamp': '2025-05-31 16:07:16', 'level': 'WARNING', 'message': 'Slow response time'}
[2025-05-31T16:07:18.852+0000] {subprocess.py:93} INFO - Sending log: {'timestamp': '2025-05-31 16:07:18', 'level': 'WARNING', 'message': 'High memory usage'}
[2025-05-31T16:07:20.853+0000] {subprocess.py:93} INFO - Sending log: {'timestamp': '2025-05-31 16:07:20', 'level': 'ERROR', 'message': 'Database connection failed'}
[2025-05-31T16:07:22.853+0000] {subprocess.py:93} INFO - Sending log: {'timestamp': '2025-05-31 16:07:22', 'level': 'INFO', 'message': 'Page loaded'}
[2025-05-31T16:07:24.854+0000] {subprocess.py:93} INFO - Sending log: {'timestamp': '2025-05-31 16:07:24', 'level': 'WARNING', 'message': 'High memory usage'}
[2025-05-31T16:07:26.855+0000] {subprocess.py:93} INFO - Sending log: {'timestamp': '2025-05-31 16:07:26', 'level': 'INFO', 'message': 'Page loaded'}
[2025-05-31T16:07:28.855+0000] {subprocess.py:93} INFO - Sending log: {'timestamp': '2025-05-31 16:07:28', 'level': 'ERROR', 'message': 'Payment gateway timeout'}
[2025-05-31T16:07:30.856+0000] {subprocess.py:93} INFO - Sending log: {'timestamp': '2025-05-31 16:07:30', 'level': 'ERROR', 'message': 'Payment gateway timeout'}
[2025-05-31T16:07:32.856+0000] {subprocess.py:93} INFO - Sending log: {'timestamp': '2025-05-31 16:07:32', 'level': 'ERROR', 'message': 'Payment gateway timeout'}
[2025-05-31T16:07:34.857+0000] {subprocess.py:93} INFO - Sending log: {'timestamp': '2025-05-31 16:07:34', 'level': 'INFO', 'message': 'Page loaded'}
[2025-05-31T16:07:36.857+0000] {subprocess.py:93} INFO - Sending log: {'timestamp': '2025-05-31 16:07:36', 'level': 'WARNING', 'message': 'High memory usage'}
[2025-05-31T16:07:38.858+0000] {subprocess.py:93} INFO - Sending log: {'timestamp': '2025-05-31 16:07:38', 'level': 'INFO', 'message': 'User logged in'}
[2025-05-31T16:07:40.857+0000] {subprocess.py:93} INFO - Sending log: {'timestamp': '2025-05-31 16:07:40', 'level': 'INFO', 'message': 'Page loaded'}
[2025-05-31T16:07:42.857+0000] {subprocess.py:93} INFO - Sending log: {'timestamp': '2025-05-31 16:07:42', 'level': 'ERROR', 'message': 'Database connection failed'}
[2025-05-31T16:07:44.858+0000] {subprocess.py:93} INFO - Sending log: {'timestamp': '2025-05-31 16:07:44', 'level': 'INFO', 'message': 'User logged in'}
[2025-05-31T16:07:46.858+0000] {subprocess.py:93} INFO - Sending log: {'timestamp': '2025-05-31 16:07:46', 'level': 'INFO', 'message': 'User logged in'}
[2025-05-31T16:07:48.859+0000] {subprocess.py:93} INFO - Sending log: {'timestamp': '2025-05-31 16:07:48', 'level': 'INFO', 'message': 'Page loaded'}
[2025-05-31T16:07:50.859+0000] {subprocess.py:93} INFO - Sending log: {'timestamp': '2025-05-31 16:07:50', 'level': 'ERROR', 'message': 'Payment gateway timeout'}
[2025-05-31T16:07:52.860+0000] {subprocess.py:93} INFO - Sending log: {'timestamp': '2025-05-31 16:07:52', 'level': 'ERROR', 'message': 'Database connection failed'}
[2025-05-31T16:07:54.860+0000] {subprocess.py:93} INFO - Sending log: {'timestamp': '2025-05-31 16:07:54', 'level': 'INFO', 'message': 'Page loaded'}
[2025-05-31T16:07:56.861+0000] {subprocess.py:93} INFO - Sending log: {'timestamp': '2025-05-31 16:07:56', 'level': 'WARNING', 'message': 'High memory usage'}
[2025-05-31T16:07:58.861+0000] {subprocess.py:93} INFO - Sending log: {'timestamp': '2025-05-31 16:07:58', 'level': 'WARNING', 'message': 'Slow response time'}
[2025-05-31T16:08:00.862+0000] {subprocess.py:93} INFO - Sending log: {'timestamp': '2025-05-31 16:08:00', 'level': 'WARNING', 'message': 'Slow response time'}
[2025-05-31T16:08:02.862+0000] {subprocess.py:93} INFO - Sending log: {'timestamp': '2025-05-31 16:08:02', 'level': 'WARNING', 'message': 'High memory usage'}
[2025-05-31T16:08:05.013+0000] {subprocess.py:93} INFO - Sending log: {'timestamp': '2025-05-31 16:08:05', 'level': 'ERROR', 'message': 'Database connection failed'}
[2025-05-31T16:08:07.014+0000] {subprocess.py:93} INFO - Sending log: {'timestamp': '2025-05-31 16:08:07', 'level': 'ERROR', 'message': 'Payment gateway timeout'}
[2025-05-31T16:08:09.014+0000] {subprocess.py:93} INFO - Sending log: {'timestamp': '2025-05-31 16:08:09', 'level': 'INFO', 'message': 'User logged in'}
[2025-05-31T16:08:11.013+0000] {subprocess.py:93} INFO - Sending log: {'timestamp': '2025-05-31 16:08:11', 'level': 'WARNING', 'message': 'High memory usage'}
[2025-05-31T16:08:13.014+0000] {subprocess.py:93} INFO - Sending log: {'timestamp': '2025-05-31 16:08:13', 'level': 'WARNING', 'message': 'High memory usage'}
[2025-05-31T16:08:15.014+0000] {subprocess.py:93} INFO - Sending log: {'timestamp': '2025-05-31 16:08:15', 'level': 'INFO', 'message': 'Search executed'}
[2025-05-31T16:08:17.014+0000] {subprocess.py:93} INFO - Sending log: {'timestamp': '2025-05-31 16:08:17', 'level': 'INFO', 'message': 'Search executed'}
[2025-05-31T16:08:19.015+0000] {subprocess.py:93} INFO - Sending log: {'timestamp': '2025-05-31 16:08:19', 'level': 'INFO', 'message': 'Search executed'}
[2025-05-31T16:08:21.016+0000] {subprocess.py:93} INFO - Sending log: {'timestamp': '2025-05-31 16:08:21', 'level': 'ERROR', 'message': 'Database connection failed'}
[2025-05-31T16:08:23.016+0000] {subprocess.py:93} INFO - Sending log: {'timestamp': '2025-05-31 16:08:23', 'level': 'WARNING', 'message': 'Slow response time'}
[2025-05-31T16:08:25.016+0000] {subprocess.py:93} INFO - Sending log: {'timestamp': '2025-05-31 16:08:25', 'level': 'WARNING', 'message': 'High memory usage'}
[2025-05-31T16:08:27.034+0000] {subprocess.py:93} INFO - Sending log: {'timestamp': '2025-05-31 16:08:27', 'level': 'INFO', 'message': 'Search executed'}
[2025-05-31T16:08:29.035+0000] {subprocess.py:93} INFO - Sending log: {'timestamp': '2025-05-31 16:08:29', 'level': 'WARNING', 'message': 'Slow response time'}
[2025-05-31T16:08:31.035+0000] {subprocess.py:93} INFO - Sending log: {'timestamp': '2025-05-31 16:08:31', 'level': 'INFO', 'message': 'Page loaded'}
[2025-05-31T16:08:33.036+0000] {subprocess.py:93} INFO - Sending log: {'timestamp': '2025-05-31 16:08:33', 'level': 'INFO', 'message': 'Search executed'}
[2025-05-31T16:08:35.037+0000] {subprocess.py:93} INFO - Sending log: {'timestamp': '2025-05-31 16:08:35', 'level': 'WARNING', 'message': 'High memory usage'}
[2025-05-31T16:08:37.038+0000] {subprocess.py:93} INFO - Sending log: {'timestamp': '2025-05-31 16:08:37', 'level': 'INFO', 'message': 'Page loaded'}
[2025-05-31T16:08:39.038+0000] {subprocess.py:93} INFO - Sending log: {'timestamp': '2025-05-31 16:08:39', 'level': 'INFO', 'message': 'Page loaded'}
[2025-05-31T16:08:41.038+0000] {subprocess.py:93} INFO - Sending log: {'timestamp': '2025-05-31 16:08:41', 'level': 'ERROR', 'message': 'Database connection failed'}
[2025-05-31T16:08:43.038+0000] {subprocess.py:93} INFO - Sending log: {'timestamp': '2025-05-31 16:08:43', 'level': 'WARNING', 'message': 'High memory usage'}
[2025-05-31T16:08:45.039+0000] {subprocess.py:93} INFO - Sending log: {'timestamp': '2025-05-31 16:08:45', 'level': 'ERROR', 'message': 'Payment gateway timeout'}
[2025-05-31T16:08:47.040+0000] {subprocess.py:93} INFO - Sending log: {'timestamp': '2025-05-31 16:08:47', 'level': 'WARNING', 'message': 'Slow response time'}
[2025-05-31T16:08:49.041+0000] {subprocess.py:93} INFO - Sending log: {'timestamp': '2025-05-31 16:08:49', 'level': 'INFO', 'message': 'User logged in'}
[2025-05-31T16:08:51.041+0000] {subprocess.py:93} INFO - Sending log: {'timestamp': '2025-05-31 16:08:51', 'level': 'WARNING', 'message': 'Slow response time'}
[2025-05-31T16:08:53.042+0000] {subprocess.py:93} INFO - Sending log: {'timestamp': '2025-05-31 16:08:53', 'level': 'INFO', 'message': 'User logged in'}
[2025-05-31T16:08:55.042+0000] {subprocess.py:93} INFO - Sending log: {'timestamp': '2025-05-31 16:08:55', 'level': 'WARNING', 'message': 'High memory usage'}
[2025-05-31T16:08:57.043+0000] {subprocess.py:93} INFO - Sending log: {'timestamp': '2025-05-31 16:08:57', 'level': 'WARNING', 'message': 'Slow response time'}
[2025-05-31T16:08:59.043+0000] {subprocess.py:93} INFO - Sending log: {'timestamp': '2025-05-31 16:08:59', 'level': 'INFO', 'message': 'Page loaded'}
[2025-05-31T16:09:01.145+0000] {subprocess.py:93} INFO - Sending log: {'timestamp': '2025-05-31 16:09:01', 'level': 'ERROR', 'message': 'Database connection failed'}
[2025-05-31T16:09:03.145+0000] {subprocess.py:93} INFO - Sending log: {'timestamp': '2025-05-31 16:09:03', 'level': 'WARNING', 'message': 'Slow response time'}
[2025-05-31T16:09:05.146+0000] {subprocess.py:93} INFO - Sending log: {'timestamp': '2025-05-31 16:09:05', 'level': 'INFO', 'message': 'User logged in'}
[2025-05-31T16:09:07.146+0000] {subprocess.py:93} INFO - Sending log: {'timestamp': '2025-05-31 16:09:07', 'level': 'WARNING', 'message': 'High memory usage'}
[2025-05-31T16:09:09.147+0000] {subprocess.py:93} INFO - Sending log: {'timestamp': '2025-05-31 16:09:09', 'level': 'ERROR', 'message': 'Database connection failed'}
[2025-05-31T16:09:11.146+0000] {subprocess.py:93} INFO - Sending log: {'timestamp': '2025-05-31 16:09:11', 'level': 'ERROR', 'message': 'Payment gateway timeout'}
[2025-05-31T16:09:13.147+0000] {subprocess.py:93} INFO - Sending log: {'timestamp': '2025-05-31 16:09:13', 'level': 'INFO', 'message': 'Page loaded'}
[2025-05-31T16:09:15.147+0000] {subprocess.py:93} INFO - Sending log: {'timestamp': '2025-05-31 16:09:15', 'level': 'INFO', 'message': 'Page loaded'}
[2025-05-31T16:09:17.148+0000] {subprocess.py:93} INFO - Sending log: {'timestamp': '2025-05-31 16:09:17', 'level': 'WARNING', 'message': 'High memory usage'}
[2025-05-31T16:09:19.148+0000] {subprocess.py:93} INFO - Sending log: {'timestamp': '2025-05-31 16:09:19', 'level': 'INFO', 'message': 'Search executed'}
[2025-05-31T16:09:21.149+0000] {subprocess.py:93} INFO - Sending log: {'timestamp': '2025-05-31 16:09:21', 'level': 'INFO', 'message': 'Page loaded'}
[2025-05-31T16:09:23.149+0000] {subprocess.py:93} INFO - Sending log: {'timestamp': '2025-05-31 16:09:23', 'level': 'INFO', 'message': 'Page loaded'}
[2025-05-31T16:09:25.150+0000] {subprocess.py:93} INFO - Sending log: {'timestamp': '2025-05-31 16:09:25', 'level': 'INFO', 'message': 'Search executed'}
[2025-05-31T16:09:27.150+0000] {subprocess.py:93} INFO - Sending log: {'timestamp': '2025-05-31 16:09:27', 'level': 'ERROR', 'message': 'Payment gateway timeout'}
[2025-05-31T16:09:29.151+0000] {subprocess.py:93} INFO - Sending log: {'timestamp': '2025-05-31 16:09:29', 'level': 'ERROR', 'message': 'Payment gateway timeout'}
[2025-05-31T16:09:31.151+0000] {subprocess.py:93} INFO - Sending log: {'timestamp': '2025-05-31 16:09:31', 'level': 'INFO', 'message': 'Search executed'}
[2025-05-31T16:09:33.152+0000] {subprocess.py:93} INFO - Sending log: {'timestamp': '2025-05-31 16:09:33', 'level': 'WARNING', 'message': 'High memory usage'}
[2025-05-31T16:09:35.152+0000] {subprocess.py:93} INFO - Sending log: {'timestamp': '2025-05-31 16:09:35', 'level': 'INFO', 'message': 'User logged in'}
[2025-05-31T16:09:37.153+0000] {subprocess.py:93} INFO - Sending log: {'timestamp': '2025-05-31 16:09:37', 'level': 'INFO', 'message': 'User logged in'}
[2025-05-31T16:09:39.153+0000] {subprocess.py:93} INFO - Sending log: {'timestamp': '2025-05-31 16:09:39', 'level': 'INFO', 'message': 'User logged in'}
[2025-05-31T16:09:41.152+0000] {subprocess.py:93} INFO - Sending log: {'timestamp': '2025-05-31 16:09:41', 'level': 'ERROR', 'message': 'Database connection failed'}
[2025-05-31T16:09:43.153+0000] {subprocess.py:93} INFO - Sending log: {'timestamp': '2025-05-31 16:09:43', 'level': 'WARNING', 'message': 'Slow response time'}
[2025-05-31T16:09:45.256+0000] {subprocess.py:93} INFO - Sending log: {'timestamp': '2025-05-31 16:09:45', 'level': 'WARNING', 'message': 'High memory usage'}
[2025-05-31T16:09:47.257+0000] {subprocess.py:93} INFO - Sending log: {'timestamp': '2025-05-31 16:09:47', 'level': 'ERROR', 'message': 'Database connection failed'}
[2025-05-31T16:09:49.257+0000] {subprocess.py:93} INFO - Sending log: {'timestamp': '2025-05-31 16:09:49', 'level': 'WARNING', 'message': 'High memory usage'}
[2025-05-31T16:09:51.258+0000] {subprocess.py:93} INFO - Sending log: {'timestamp': '2025-05-31 16:09:51', 'level': 'ERROR', 'message': 'Payment gateway timeout'}
[2025-05-31T16:09:53.258+0000] {subprocess.py:93} INFO - Sending log: {'timestamp': '2025-05-31 16:09:53', 'level': 'INFO', 'message': 'Search executed'}
[2025-05-31T16:09:55.258+0000] {subprocess.py:93} INFO - Sending log: {'timestamp': '2025-05-31 16:09:55', 'level': 'INFO', 'message': 'User logged in'}
[2025-05-31T16:09:57.259+0000] {subprocess.py:93} INFO - Sending log: {'timestamp': '2025-05-31 16:09:57', 'level': 'ERROR', 'message': 'Database connection failed'}
[2025-05-31T16:09:59.260+0000] {subprocess.py:93} INFO - Sending log: {'timestamp': '2025-05-31 16:09:59', 'level': 'INFO', 'message': 'Search executed'}
[2025-05-31T16:10:01.260+0000] {subprocess.py:93} INFO - Sending log: {'timestamp': '2025-05-31 16:10:01', 'level': 'INFO', 'message': 'User logged in'}
[2025-05-31T16:10:03.293+0000] {subprocess.py:93} INFO - Sending log: {'timestamp': '2025-05-31 16:10:03', 'level': 'WARNING', 'message': 'High memory usage'}
[2025-05-31T16:10:05.294+0000] {subprocess.py:93} INFO - Sending log: {'timestamp': '2025-05-31 16:10:05', 'level': 'WARNING', 'message': 'High memory usage'}
[2025-05-31T16:10:07.295+0000] {subprocess.py:93} INFO - Sending log: {'timestamp': '2025-05-31 16:10:07', 'level': 'WARNING', 'message': 'High memory usage'}
[2025-05-31T16:10:09.295+0000] {subprocess.py:93} INFO - Sending log: {'timestamp': '2025-05-31 16:10:09', 'level': 'WARNING', 'message': 'Slow response time'}
[2025-05-31T16:10:11.294+0000] {subprocess.py:93} INFO - Sending log: {'timestamp': '2025-05-31 16:10:11', 'level': 'INFO', 'message': 'Search executed'}
[2025-05-31T16:10:13.295+0000] {subprocess.py:93} INFO - Sending log: {'timestamp': '2025-05-31 16:10:13', 'level': 'ERROR', 'message': 'Payment gateway timeout'}
[2025-05-31T16:10:15.295+0000] {subprocess.py:93} INFO - Sending log: {'timestamp': '2025-05-31 16:10:15', 'level': 'INFO', 'message': 'Search executed'}
[2025-05-31T16:10:17.335+0000] {subprocess.py:93} INFO - Sending log: {'timestamp': '2025-05-31 16:10:17', 'level': 'ERROR', 'message': 'Database connection failed'}
[2025-05-31T16:10:19.335+0000] {subprocess.py:93} INFO - Sending log: {'timestamp': '2025-05-31 16:10:19', 'level': 'ERROR', 'message': 'Payment gateway timeout'}
[2025-05-31T16:10:21.336+0000] {subprocess.py:93} INFO - Sending log: {'timestamp': '2025-05-31 16:10:21', 'level': 'WARNING', 'message': 'High memory usage'}
[2025-05-31T16:10:23.336+0000] {subprocess.py:93} INFO - Sending log: {'timestamp': '2025-05-31 16:10:23', 'level': 'WARNING', 'message': 'Slow response time'}
[2025-05-31T16:10:25.453+0000] {subprocess.py:93} INFO - Sending log: {'timestamp': '2025-05-31 16:10:25', 'level': 'INFO', 'message': 'Search executed'}
[2025-05-31T16:10:27.619+0000] {subprocess.py:93} INFO - Sending log: {'timestamp': '2025-05-31 16:10:27', 'level': 'WARNING', 'message': 'Slow response time'}
[2025-05-31T16:10:29.687+0000] {subprocess.py:93} INFO - Sending log: {'timestamp': '2025-05-31 16:10:29', 'level': 'ERROR', 'message': 'Database connection failed'}
[2025-05-31T16:10:31.838+0000] {subprocess.py:93} INFO - Sending log: {'timestamp': '2025-05-31 16:10:31', 'level': 'ERROR', 'message': 'Database connection failed'}
[2025-05-31T16:10:33.838+0000] {subprocess.py:93} INFO - Sending log: {'timestamp': '2025-05-31 16:10:33', 'level': 'INFO', 'message': 'Search executed'}
[2025-05-31T16:10:35.840+0000] {subprocess.py:93} INFO - Sending log: {'timestamp': '2025-05-31 16:10:35', 'level': 'INFO', 'message': 'Search executed'}
[2025-05-31T16:10:36.178+0000] {job.py:229} INFO - Heartbeat recovered after 17.97 seconds
[2025-05-31T16:10:37.945+0000] {subprocess.py:93} INFO - Sending log: {'timestamp': '2025-05-31 16:10:37', 'level': 'ERROR', 'message': 'Database connection failed'}
[2025-05-31T16:10:39.945+0000] {subprocess.py:93} INFO - Sending log: {'timestamp': '2025-05-31 16:10:39', 'level': 'INFO', 'message': 'Page loaded'}
[2025-05-31T16:10:41.945+0000] {subprocess.py:93} INFO - Sending log: {'timestamp': '2025-05-31 16:10:41', 'level': 'WARNING', 'message': 'Slow response time'}
[2025-05-31T16:10:42.563+0000] {job.py:229} INFO - Heartbeat recovered after 14.87 seconds
[2025-05-31T16:10:43.945+0000] {subprocess.py:93} INFO - Sending log: {'timestamp': '2025-05-31 16:10:43', 'level': 'INFO', 'message': 'Page loaded'}
[2025-05-31T16:10:45.946+0000] {subprocess.py:93} INFO - Sending log: {'timestamp': '2025-05-31 16:10:45', 'level': 'INFO', 'message': 'Page loaded'}
[2025-05-31T16:10:47.951+0000] {subprocess.py:93} INFO - Sending log: {'timestamp': '2025-05-31 16:10:47', 'level': 'ERROR', 'message': 'Payment gateway timeout'}
[2025-05-31T16:10:49.975+0000] {subprocess.py:93} INFO - Sending log: {'timestamp': '2025-05-31 16:10:49', 'level': 'INFO', 'message': 'Page loaded'}
[2025-05-31T16:10:52.759+0000] {subprocess.py:93} INFO - Sending log: {'timestamp': '2025-05-31 16:10:52', 'level': 'INFO', 'message': 'Page loaded'}
[2025-05-31T16:10:54.873+0000] {subprocess.py:93} INFO - Sending log: {'timestamp': '2025-05-31 16:10:54', 'level': 'WARNING', 'message': 'Slow response time'}
[2025-05-31T16:10:55.168+0000] {job.py:229} INFO - Heartbeat recovered after 12.63 seconds
[2025-05-31T16:10:56.875+0000] {subprocess.py:93} INFO - Sending log: {'timestamp': '2025-05-31 16:10:56', 'level': 'INFO', 'message': 'Search executed'}
[2025-05-31T16:10:58.975+0000] {subprocess.py:93} INFO - Sending log: {'timestamp': '2025-05-31 16:10:58', 'level': 'ERROR', 'message': 'Database connection failed'}
[2025-05-31T16:11:01.017+0000] {subprocess.py:93} INFO - Sending log: {'timestamp': '2025-05-31 16:11:01', 'level': 'INFO', 'message': 'User logged in'}
[2025-05-31T16:11:03.077+0000] {subprocess.py:93} INFO - Sending log: {'timestamp': '2025-05-31 16:11:03', 'level': 'WARNING', 'message': 'Slow response time'}
[2025-05-31T16:11:05.418+0000] {subprocess.py:93} INFO - Sending log: {'timestamp': '2025-05-31 16:11:05', 'level': 'INFO', 'message': 'User logged in'}
[2025-05-31T16:11:07.771+0000] {subprocess.py:93} INFO - Sending log: {'timestamp': '2025-05-31 16:11:07', 'level': 'WARNING', 'message': 'Slow response time'}
[2025-05-31T16:11:09.772+0000] {subprocess.py:93} INFO - Sending log: {'timestamp': '2025-05-31 16:11:09', 'level': 'INFO', 'message': 'User logged in'}
[2025-05-31T16:11:11.770+0000] {subprocess.py:93} INFO - Sending log: {'timestamp': '2025-05-31 16:11:11', 'level': 'ERROR', 'message': 'Payment gateway timeout'}
[2025-05-31T16:11:13.770+0000] {subprocess.py:93} INFO - Sending log: {'timestamp': '2025-05-31 16:11:13', 'level': 'INFO', 'message': 'User logged in'}
[2025-05-31T16:11:16.028+0000] {subprocess.py:93} INFO - Sending log: {'timestamp': '2025-05-31 16:11:16', 'level': 'WARNING', 'message': 'High memory usage'}
[2025-05-31T16:11:18.279+0000] {subprocess.py:93} INFO - Sending log: {'timestamp': '2025-05-31 16:11:18', 'level': 'WARNING', 'message': 'High memory usage'}
[2025-05-31T16:11:20.280+0000] {subprocess.py:93} INFO - Sending log: {'timestamp': '2025-05-31 16:11:20', 'level': 'INFO', 'message': 'User logged in'}
[2025-05-31T16:11:22.280+0000] {subprocess.py:93} INFO - Sending log: {'timestamp': '2025-05-31 16:11:22', 'level': 'INFO', 'message': 'User logged in'}
[2025-05-31T16:11:24.288+0000] {subprocess.py:93} INFO - Sending log: {'timestamp': '2025-05-31 16:11:24', 'level': 'ERROR', 'message': 'Payment gateway timeout'}
[2025-05-31T16:11:26.288+0000] {subprocess.py:93} INFO - Sending log: {'timestamp': '2025-05-31 16:11:26', 'level': 'ERROR', 'message': 'Payment gateway timeout'}
[2025-05-31T16:11:28.289+0000] {subprocess.py:93} INFO - Sending log: {'timestamp': '2025-05-31 16:11:28', 'level': 'INFO', 'message': 'Page loaded'}
[2025-05-31T16:11:30.289+0000] {subprocess.py:93} INFO - Sending log: {'timestamp': '2025-05-31 16:11:30', 'level': 'WARNING', 'message': 'High memory usage'}
[2025-05-31T16:11:32.290+0000] {subprocess.py:93} INFO - Sending log: {'timestamp': '2025-05-31 16:11:32', 'level': 'WARNING', 'message': 'Slow response time'}
[2025-05-31T16:11:34.290+0000] {subprocess.py:93} INFO - Sending log: {'timestamp': '2025-05-31 16:11:34', 'level': 'WARNING', 'message': 'Slow response time'}
[2025-05-31T16:11:36.448+0000] {subprocess.py:93} INFO - Sending log: {'timestamp': '2025-05-31 16:11:36', 'level': 'INFO', 'message': 'Page loaded'}
[2025-05-31T16:11:38.638+0000] {subprocess.py:93} INFO - Sending log: {'timestamp': '2025-05-31 16:11:38', 'level': 'WARNING', 'message': 'Slow response time'}
[2025-05-31T16:11:41.276+0000] {subprocess.py:93} INFO - Sending log: {'timestamp': '2025-05-31 16:11:41', 'level': 'INFO', 'message': 'Page loaded'}
[2025-05-31T16:11:43.276+0000] {subprocess.py:93} INFO - Sending log: {'timestamp': '2025-05-31 16:11:43', 'level': 'INFO', 'message': 'Page loaded'}
[2025-05-31T16:11:45.277+0000] {subprocess.py:93} INFO - Sending log: {'timestamp': '2025-05-31 16:11:45', 'level': 'WARNING', 'message': 'High memory usage'}
[2025-05-31T16:11:47.278+0000] {subprocess.py:93} INFO - Sending log: {'timestamp': '2025-05-31 16:11:47', 'level': 'INFO', 'message': 'User logged in'}
[2025-05-31T16:11:49.278+0000] {subprocess.py:93} INFO - Sending log: {'timestamp': '2025-05-31 16:11:49', 'level': 'WARNING', 'message': 'High memory usage'}
[2025-05-31T16:11:50.241+0000] {job.py:229} INFO - Heartbeat recovered after 17.84 seconds
[2025-05-31T16:11:51.308+0000] {subprocess.py:93} INFO - Sending log: {'timestamp': '2025-05-31 16:11:51', 'level': 'ERROR', 'message': 'Payment gateway timeout'}
[2025-05-31T16:11:53.309+0000] {subprocess.py:93} INFO - Sending log: {'timestamp': '2025-05-31 16:11:53', 'level': 'WARNING', 'message': 'High memory usage'}
[2025-05-31T16:11:55.310+0000] {subprocess.py:93} INFO - Sending log: {'timestamp': '2025-05-31 16:11:55', 'level': 'ERROR', 'message': 'Database connection failed'}
[2025-05-31T16:11:57.310+0000] {subprocess.py:93} INFO - Sending log: {'timestamp': '2025-05-31 16:11:57', 'level': 'INFO', 'message': 'Search executed'}
[2025-05-31T16:11:59.311+0000] {subprocess.py:93} INFO - Sending log: {'timestamp': '2025-05-31 16:11:59', 'level': 'ERROR', 'message': 'Payment gateway timeout'}
[2025-05-31T16:12:01.311+0000] {subprocess.py:93} INFO - Sending log: {'timestamp': '2025-05-31 16:12:01', 'level': 'ERROR', 'message': 'Payment gateway timeout'}
[2025-05-31T16:12:03.311+0000] {subprocess.py:93} INFO - Sending log: {'timestamp': '2025-05-31 16:12:03', 'level': 'WARNING', 'message': 'High memory usage'}
[2025-05-31T16:12:05.385+0000] {subprocess.py:93} INFO - Sending log: {'timestamp': '2025-05-31 16:12:05', 'level': 'ERROR', 'message': 'Payment gateway timeout'}
[2025-05-31T16:12:07.386+0000] {subprocess.py:93} INFO - Sending log: {'timestamp': '2025-05-31 16:12:07', 'level': 'ERROR', 'message': 'Database connection failed'}
[2025-05-31T16:12:09.386+0000] {subprocess.py:93} INFO - Sending log: {'timestamp': '2025-05-31 16:12:09', 'level': 'WARNING', 'message': 'Slow response time'}
[2025-05-31T16:12:11.398+0000] {subprocess.py:93} INFO - Sending log: {'timestamp': '2025-05-31 16:12:11', 'level': 'WARNING', 'message': 'High memory usage'}
[2025-05-31T16:12:13.446+0000] {subprocess.py:93} INFO - Sending log: {'timestamp': '2025-05-31 16:12:13', 'level': 'WARNING', 'message': 'High memory usage'}
[2025-05-31T16:12:15.551+0000] {subprocess.py:93} INFO - Sending log: {'timestamp': '2025-05-31 16:12:15', 'level': 'ERROR', 'message': 'Payment gateway timeout'}
[2025-05-31T16:12:17.552+0000] {subprocess.py:93} INFO - Sending log: {'timestamp': '2025-05-31 16:12:17', 'level': 'WARNING', 'message': 'High memory usage'}
[2025-05-31T16:12:19.553+0000] {subprocess.py:93} INFO - Sending log: {'timestamp': '2025-05-31 16:12:19', 'level': 'ERROR', 'message': 'Database connection failed'}
[2025-05-31T16:12:21.553+0000] {subprocess.py:93} INFO - Sending log: {'timestamp': '2025-05-31 16:12:21', 'level': 'ERROR', 'message': 'Payment gateway timeout'}
[2025-05-31T16:12:23.554+0000] {subprocess.py:93} INFO - Sending log: {'timestamp': '2025-05-31 16:12:23', 'level': 'WARNING', 'message': 'Slow response time'}
[2025-05-31T16:12:25.554+0000] {subprocess.py:93} INFO - Sending log: {'timestamp': '2025-05-31 16:12:25', 'level': 'INFO', 'message': 'Search executed'}
[2025-05-31T16:12:27.555+0000] {subprocess.py:93} INFO - Sending log: {'timestamp': '2025-05-31 16:12:27', 'level': 'ERROR', 'message': 'Payment gateway timeout'}
[2025-05-31T16:12:29.555+0000] {subprocess.py:93} INFO - Sending log: {'timestamp': '2025-05-31 16:12:29', 'level': 'WARNING', 'message': 'Slow response time'}
[2025-05-31T16:12:31.556+0000] {subprocess.py:93} INFO - Sending log: {'timestamp': '2025-05-31 16:12:31', 'level': 'WARNING', 'message': 'High memory usage'}
[2025-05-31T16:12:33.556+0000] {subprocess.py:93} INFO - Sending log: {'timestamp': '2025-05-31 16:12:33', 'level': 'WARNING', 'message': 'Slow response time'}
[2025-05-31T16:12:35.557+0000] {subprocess.py:93} INFO - Sending log: {'timestamp': '2025-05-31 16:12:35', 'level': 'ERROR', 'message': 'Database connection failed'}
[2025-05-31T16:12:37.557+0000] {subprocess.py:93} INFO - Sending log: {'timestamp': '2025-05-31 16:12:37', 'level': 'WARNING', 'message': 'High memory usage'}
[2025-05-31T16:12:39.558+0000] {subprocess.py:93} INFO - Sending log: {'timestamp': '2025-05-31 16:12:39', 'level': 'INFO', 'message': 'Search executed'}
[2025-05-31T16:12:41.557+0000] {subprocess.py:93} INFO - Sending log: {'timestamp': '2025-05-31 16:12:41', 'level': 'INFO', 'message': 'Search executed'}
[2025-05-31T16:12:43.558+0000] {subprocess.py:93} INFO - Sending log: {'timestamp': '2025-05-31 16:12:43', 'level': 'INFO', 'message': 'Page loaded'}
[2025-05-31T16:12:45.558+0000] {subprocess.py:93} INFO - Sending log: {'timestamp': '2025-05-31 16:12:45', 'level': 'WARNING', 'message': 'High memory usage'}
[2025-05-31T16:12:47.559+0000] {subprocess.py:93} INFO - Sending log: {'timestamp': '2025-05-31 16:12:47', 'level': 'ERROR', 'message': 'Database connection failed'}
[2025-05-31T16:12:49.559+0000] {subprocess.py:93} INFO - Sending log: {'timestamp': '2025-05-31 16:12:49', 'level': 'WARNING', 'message': 'Slow response time'}
[2025-05-31T16:12:51.564+0000] {subprocess.py:93} INFO - Sending log: {'timestamp': '2025-05-31 16:12:51', 'level': 'ERROR', 'message': 'Payment gateway timeout'}
[2025-05-31T16:12:53.564+0000] {subprocess.py:93} INFO - Sending log: {'timestamp': '2025-05-31 16:12:53', 'level': 'WARNING', 'message': 'High memory usage'}
[2025-05-31T16:12:55.566+0000] {subprocess.py:93} INFO - Sending log: {'timestamp': '2025-05-31 16:12:55', 'level': 'INFO', 'message': 'User logged in'}
[2025-05-31T16:12:57.566+0000] {subprocess.py:93} INFO - Sending log: {'timestamp': '2025-05-31 16:12:57', 'level': 'ERROR', 'message': 'Payment gateway timeout'}
[2025-05-31T16:12:59.567+0000] {subprocess.py:93} INFO - Sending log: {'timestamp': '2025-05-31 16:12:59', 'level': 'ERROR', 'message': 'Payment gateway timeout'}
[2025-05-31T16:13:01.567+0000] {subprocess.py:93} INFO - Sending log: {'timestamp': '2025-05-31 16:13:01', 'level': 'WARNING', 'message': 'Slow response time'}
[2025-05-31T16:13:03.568+0000] {subprocess.py:93} INFO - Sending log: {'timestamp': '2025-05-31 16:13:03', 'level': 'INFO', 'message': 'User logged in'}
[2025-05-31T16:13:05.568+0000] {subprocess.py:93} INFO - Sending log: {'timestamp': '2025-05-31 16:13:05', 'level': 'WARNING', 'message': 'Slow response time'}
[2025-05-31T16:13:07.569+0000] {subprocess.py:93} INFO - Sending log: {'timestamp': '2025-05-31 16:13:07', 'level': 'WARNING', 'message': 'High memory usage'}
[2025-05-31T16:13:09.569+0000] {subprocess.py:93} INFO - Sending log: {'timestamp': '2025-05-31 16:13:09', 'level': 'ERROR', 'message': 'Payment gateway timeout'}
[2025-05-31T16:13:12.097+0000] {subprocess.py:93} INFO - Sending log: {'timestamp': '2025-05-31 16:13:12', 'level': 'WARNING', 'message': 'High memory usage'}
[2025-05-31T16:13:14.097+0000] {subprocess.py:93} INFO - Sending log: {'timestamp': '2025-05-31 16:13:14', 'level': 'INFO', 'message': 'User logged in'}
[2025-05-31T16:13:16.098+0000] {subprocess.py:93} INFO - Sending log: {'timestamp': '2025-05-31 16:13:16', 'level': 'ERROR', 'message': 'Database connection failed'}
[2025-05-31T16:13:18.098+0000] {subprocess.py:93} INFO - Sending log: {'timestamp': '2025-05-31 16:13:18', 'level': 'INFO', 'message': 'User logged in'}
[2025-05-31T16:13:20.099+0000] {subprocess.py:93} INFO - Sending log: {'timestamp': '2025-05-31 16:13:20', 'level': 'ERROR', 'message': 'Payment gateway timeout'}
[2025-05-31T16:13:22.099+0000] {subprocess.py:93} INFO - Sending log: {'timestamp': '2025-05-31 16:13:22', 'level': 'ERROR', 'message': 'Database connection failed'}
[2025-05-31T16:13:24.100+0000] {subprocess.py:93} INFO - Sending log: {'timestamp': '2025-05-31 16:13:24', 'level': 'INFO', 'message': 'User logged in'}
[2025-05-31T16:13:26.100+0000] {subprocess.py:93} INFO - Sending log: {'timestamp': '2025-05-31 16:13:26', 'level': 'WARNING', 'message': 'High memory usage'}
[2025-05-31T16:13:28.100+0000] {subprocess.py:93} INFO - Sending log: {'timestamp': '2025-05-31 16:13:28', 'level': 'INFO', 'message': 'User logged in'}
[2025-05-31T16:13:30.101+0000] {subprocess.py:93} INFO - Sending log: {'timestamp': '2025-05-31 16:13:30', 'level': 'ERROR', 'message': 'Payment gateway timeout'}
[2025-05-31T16:13:32.102+0000] {subprocess.py:93} INFO - Sending log: {'timestamp': '2025-05-31 16:13:32', 'level': 'INFO', 'message': 'Search executed'}
[2025-05-31T16:13:34.103+0000] {subprocess.py:93} INFO - Sending log: {'timestamp': '2025-05-31 16:13:34', 'level': 'WARNING', 'message': 'High memory usage'}
[2025-05-31T16:13:36.103+0000] {subprocess.py:93} INFO - Sending log: {'timestamp': '2025-05-31 16:13:36', 'level': 'WARNING', 'message': 'High memory usage'}
[2025-05-31T16:13:38.104+0000] {subprocess.py:93} INFO - Sending log: {'timestamp': '2025-05-31 16:13:38', 'level': 'ERROR', 'message': 'Payment gateway timeout'}
[2025-05-31T16:13:40.104+0000] {subprocess.py:93} INFO - Sending log: {'timestamp': '2025-05-31 16:13:40', 'level': 'ERROR', 'message': 'Payment gateway timeout'}
[2025-05-31T16:13:42.103+0000] {subprocess.py:93} INFO - Sending log: {'timestamp': '2025-05-31 16:13:42', 'level': 'WARNING', 'message': 'High memory usage'}
[2025-05-31T16:13:44.104+0000] {subprocess.py:93} INFO - Sending log: {'timestamp': '2025-05-31 16:13:44', 'level': 'ERROR', 'message': 'Database connection failed'}
[2025-05-31T16:13:46.104+0000] {subprocess.py:93} INFO - Sending log: {'timestamp': '2025-05-31 16:13:46', 'level': 'INFO', 'message': 'Search executed'}
[2025-05-31T16:13:48.105+0000] {subprocess.py:93} INFO - Sending log: {'timestamp': '2025-05-31 16:13:48', 'level': 'WARNING', 'message': 'High memory usage'}
[2025-05-31T16:13:50.106+0000] {subprocess.py:93} INFO - Sending log: {'timestamp': '2025-05-31 16:13:50', 'level': 'ERROR', 'message': 'Database connection failed'}
[2025-05-31T16:13:52.284+0000] {subprocess.py:93} INFO - Sending log: {'timestamp': '2025-05-31 16:13:52', 'level': 'ERROR', 'message': 'Payment gateway timeout'}
[2025-05-31T16:13:54.659+0000] {subprocess.py:93} INFO - Sending log: {'timestamp': '2025-05-31 16:13:54', 'level': 'WARNING', 'message': 'High memory usage'}
[2025-05-31T16:13:56.914+0000] {subprocess.py:93} INFO - Sending log: {'timestamp': '2025-05-31 16:13:56', 'level': 'WARNING', 'message': 'High memory usage'}
[2025-05-31T16:13:59.090+0000] {subprocess.py:93} INFO - Sending log: {'timestamp': '2025-05-31 16:13:59', 'level': 'WARNING', 'message': 'High memory usage'}
[2025-05-31T16:14:01.091+0000] {subprocess.py:93} INFO - Sending log: {'timestamp': '2025-05-31 16:14:01', 'level': 'INFO', 'message': 'Page loaded'}
[2025-05-31T16:14:03.106+0000] {subprocess.py:93} INFO - Sending log: {'timestamp': '2025-05-31 16:14:03', 'level': 'ERROR', 'message': 'Payment gateway timeout'}
[2025-05-31T16:14:05.107+0000] {subprocess.py:93} INFO - Sending log: {'timestamp': '2025-05-31 16:14:05', 'level': 'ERROR', 'message': 'Payment gateway timeout'}
[2025-05-31T16:14:07.122+0000] {subprocess.py:93} INFO - Sending log: {'timestamp': '2025-05-31 16:14:07', 'level': 'INFO', 'message': 'Search executed'}
[2025-05-31T16:14:09.122+0000] {subprocess.py:93} INFO - Sending log: {'timestamp': '2025-05-31 16:14:09', 'level': 'INFO', 'message': 'Search executed'}
[2025-05-31T16:14:11.122+0000] {subprocess.py:93} INFO - Sending log: {'timestamp': '2025-05-31 16:14:11', 'level': 'ERROR', 'message': 'Database connection failed'}
[2025-05-31T16:14:13.123+0000] {subprocess.py:93} INFO - Sending log: {'timestamp': '2025-05-31 16:14:13', 'level': 'WARNING', 'message': 'Slow response time'}
[2025-05-31T16:14:15.124+0000] {subprocess.py:93} INFO - Sending log: {'timestamp': '2025-05-31 16:14:15', 'level': 'WARNING', 'message': 'Slow response time'}
[2025-05-31T16:14:17.125+0000] {subprocess.py:93} INFO - Sending log: {'timestamp': '2025-05-31 16:14:17', 'level': 'ERROR', 'message': 'Database connection failed'}
[2025-05-31T16:14:19.125+0000] {subprocess.py:93} INFO - Sending log: {'timestamp': '2025-05-31 16:14:19', 'level': 'INFO', 'message': 'Search executed'}
[2025-05-31T16:14:21.126+0000] {subprocess.py:93} INFO - Sending log: {'timestamp': '2025-05-31 16:14:21', 'level': 'INFO', 'message': 'User logged in'}
[2025-05-31T16:14:23.127+0000] {subprocess.py:93} INFO - Sending log: {'timestamp': '2025-05-31 16:14:23', 'level': 'WARNING', 'message': 'High memory usage'}
[2025-05-31T16:14:25.127+0000] {subprocess.py:93} INFO - Sending log: {'timestamp': '2025-05-31 16:14:25', 'level': 'INFO', 'message': 'User logged in'}
[2025-05-31T16:14:27.128+0000] {subprocess.py:93} INFO - Sending log: {'timestamp': '2025-05-31 16:14:27', 'level': 'INFO', 'message': 'User logged in'}
[2025-05-31T16:14:29.128+0000] {subprocess.py:93} INFO - Sending log: {'timestamp': '2025-05-31 16:14:29', 'level': 'WARNING', 'message': 'Slow response time'}
[2025-05-31T16:14:31.430+0000] {subprocess.py:93} INFO - Sending log: {'timestamp': '2025-05-31 16:14:31', 'level': 'ERROR', 'message': 'Database connection failed'}
[2025-05-31T16:14:33.599+0000] {subprocess.py:93} INFO - Sending log: {'timestamp': '2025-05-31 16:14:33', 'level': 'WARNING', 'message': 'High memory usage'}
[2025-05-31T16:14:35.599+0000] {subprocess.py:93} INFO - Sending log: {'timestamp': '2025-05-31 16:14:35', 'level': 'ERROR', 'message': 'Database connection failed'}
[2025-05-31T16:14:37.600+0000] {subprocess.py:93} INFO - Sending log: {'timestamp': '2025-05-31 16:14:37', 'level': 'WARNING', 'message': 'Slow response time'}
[2025-05-31T16:14:39.600+0000] {subprocess.py:93} INFO - Sending log: {'timestamp': '2025-05-31 16:14:39', 'level': 'INFO', 'message': 'User logged in'}
[2025-05-31T16:14:41.600+0000] {subprocess.py:93} INFO - Sending log: {'timestamp': '2025-05-31 16:14:41', 'level': 'INFO', 'message': 'Page loaded'}
[2025-05-31T16:14:43.601+0000] {subprocess.py:93} INFO - Sending log: {'timestamp': '2025-05-31 16:14:43', 'level': 'INFO', 'message': 'Page loaded'}
[2025-05-31T16:14:45.617+0000] {subprocess.py:93} INFO - Sending log: {'timestamp': '2025-05-31 16:14:45', 'level': 'ERROR', 'message': 'Database connection failed'}
[2025-05-31T16:14:47.617+0000] {subprocess.py:93} INFO - Sending log: {'timestamp': '2025-05-31 16:14:47', 'level': 'WARNING', 'message': 'Slow response time'}
[2025-05-31T16:14:49.618+0000] {subprocess.py:93} INFO - Sending log: {'timestamp': '2025-05-31 16:14:49', 'level': 'INFO', 'message': 'Search executed'}
[2025-05-31T16:14:51.618+0000] {subprocess.py:93} INFO - Sending log: {'timestamp': '2025-05-31 16:14:51', 'level': 'WARNING', 'message': 'High memory usage'}
[2025-05-31T16:14:53.619+0000] {subprocess.py:93} INFO - Sending log: {'timestamp': '2025-05-31 16:14:53', 'level': 'INFO', 'message': 'Page loaded'}
[2025-05-31T16:14:55.716+0000] {subprocess.py:93} INFO - Sending log: {'timestamp': '2025-05-31 16:14:55', 'level': 'INFO', 'message': 'Page loaded'}
[2025-05-31T16:14:57.717+0000] {subprocess.py:93} INFO - Sending log: {'timestamp': '2025-05-31 16:14:57', 'level': 'WARNING', 'message': 'Slow response time'}
[2025-05-31T16:14:59.717+0000] {subprocess.py:93} INFO - Sending log: {'timestamp': '2025-05-31 16:14:59', 'level': 'INFO', 'message': 'Search executed'}
[2025-05-31T16:15:01.718+0000] {subprocess.py:93} INFO - Sending log: {'timestamp': '2025-05-31 16:15:01', 'level': 'INFO', 'message': 'User logged in'}
[2025-05-31T16:15:03.719+0000] {subprocess.py:93} INFO - Sending log: {'timestamp': '2025-05-31 16:15:03', 'level': 'WARNING', 'message': 'High memory usage'}
[2025-05-31T16:15:05.719+0000] {subprocess.py:93} INFO - Sending log: {'timestamp': '2025-05-31 16:15:05', 'level': 'ERROR', 'message': 'Payment gateway timeout'}
[2025-05-31T16:15:07.733+0000] {subprocess.py:93} INFO - Sending log: {'timestamp': '2025-05-31 16:15:07', 'level': 'WARNING', 'message': 'Slow response time'}
[2025-05-31T16:15:09.734+0000] {subprocess.py:93} INFO - Sending log: {'timestamp': '2025-05-31 16:15:09', 'level': 'ERROR', 'message': 'Payment gateway timeout'}
[2025-05-31T16:15:11.734+0000] {subprocess.py:93} INFO - Sending log: {'timestamp': '2025-05-31 16:15:11', 'level': 'ERROR', 'message': 'Database connection failed'}
[2025-05-31T16:15:13.735+0000] {subprocess.py:93} INFO - Sending log: {'timestamp': '2025-05-31 16:15:13', 'level': 'WARNING', 'message': 'High memory usage'}
[2025-05-31T16:15:15.735+0000] {subprocess.py:93} INFO - Sending log: {'timestamp': '2025-05-31 16:15:15', 'level': 'INFO', 'message': 'User logged in'}
[2025-05-31T16:15:17.736+0000] {subprocess.py:93} INFO - Sending log: {'timestamp': '2025-05-31 16:15:17', 'level': 'ERROR', 'message': 'Database connection failed'}
[2025-05-31T16:15:19.736+0000] {subprocess.py:93} INFO - Sending log: {'timestamp': '2025-05-31 16:15:19', 'level': 'ERROR', 'message': 'Payment gateway timeout'}
[2025-05-31T16:15:21.811+0000] {subprocess.py:93} INFO - Sending log: {'timestamp': '2025-05-31 16:15:21', 'level': 'INFO', 'message': 'Page loaded'}
[2025-05-31T16:15:23.877+0000] {subprocess.py:93} INFO - Sending log: {'timestamp': '2025-05-31 16:15:23', 'level': 'INFO', 'message': 'Page loaded'}
[2025-05-31T16:15:25.879+0000] {subprocess.py:93} INFO - Sending log: {'timestamp': '2025-05-31 16:15:25', 'level': 'WARNING', 'message': 'High memory usage'}
[2025-05-31T16:15:27.879+0000] {subprocess.py:93} INFO - Sending log: {'timestamp': '2025-05-31 16:15:27', 'level': 'INFO', 'message': 'User logged in'}
[2025-05-31T16:15:29.880+0000] {subprocess.py:93} INFO - Sending log: {'timestamp': '2025-05-31 16:15:29', 'level': 'WARNING', 'message': 'Slow response time'}
[2025-05-31T16:15:31.880+0000] {subprocess.py:93} INFO - Sending log: {'timestamp': '2025-05-31 16:15:31', 'level': 'ERROR', 'message': 'Payment gateway timeout'}
[2025-05-31T16:15:33.881+0000] {subprocess.py:93} INFO - Sending log: {'timestamp': '2025-05-31 16:15:33', 'level': 'INFO', 'message': 'Search executed'}
[2025-05-31T16:15:35.881+0000] {subprocess.py:93} INFO - Sending log: {'timestamp': '2025-05-31 16:15:35', 'level': 'ERROR', 'message': 'Database connection failed'}
[2025-05-31T16:15:37.882+0000] {subprocess.py:93} INFO - Sending log: {'timestamp': '2025-05-31 16:15:37', 'level': 'ERROR', 'message': 'Database connection failed'}
[2025-05-31T16:15:39.883+0000] {subprocess.py:93} INFO - Sending log: {'timestamp': '2025-05-31 16:15:39', 'level': 'ERROR', 'message': 'Database connection failed'}
[2025-05-31T16:15:41.883+0000] {subprocess.py:93} INFO - Sending log: {'timestamp': '2025-05-31 16:15:41', 'level': 'WARNING', 'message': 'High memory usage'}
[2025-05-31T16:15:43.884+0000] {subprocess.py:93} INFO - Sending log: {'timestamp': '2025-05-31 16:15:43', 'level': 'INFO', 'message': 'Search executed'}
[2025-05-31T16:15:45.884+0000] {subprocess.py:93} INFO - Sending log: {'timestamp': '2025-05-31 16:15:45', 'level': 'ERROR', 'message': 'Database connection failed'}
[2025-05-31T16:15:47.884+0000] {subprocess.py:93} INFO - Sending log: {'timestamp': '2025-05-31 16:15:47', 'level': 'ERROR', 'message': 'Database connection failed'}
[2025-05-31T16:15:49.885+0000] {subprocess.py:93} INFO - Sending log: {'timestamp': '2025-05-31 16:15:49', 'level': 'ERROR', 'message': 'Payment gateway timeout'}
[2025-05-31T16:15:51.926+0000] {subprocess.py:93} INFO - Sending log: {'timestamp': '2025-05-31 16:15:51', 'level': 'ERROR', 'message': 'Payment gateway timeout'}
[2025-05-31T16:15:54.016+0000] {subprocess.py:93} INFO - Sending log: {'timestamp': '2025-05-31 16:15:54', 'level': 'ERROR', 'message': 'Database connection failed'}
[2025-05-31T16:15:56.018+0000] {subprocess.py:93} INFO - Sending log: {'timestamp': '2025-05-31 16:15:56', 'level': 'INFO', 'message': 'Page loaded'}
[2025-05-31T16:15:58.019+0000] {subprocess.py:93} INFO - Sending log: {'timestamp': '2025-05-31 16:15:58', 'level': 'ERROR', 'message': 'Payment gateway timeout'}
[2025-05-31T16:16:00.019+0000] {subprocess.py:93} INFO - Sending log: {'timestamp': '2025-05-31 16:16:00', 'level': 'INFO', 'message': 'Search executed'}
[2025-05-31T16:16:02.020+0000] {subprocess.py:93} INFO - Sending log: {'timestamp': '2025-05-31 16:16:02', 'level': 'WARNING', 'message': 'Slow response time'}
[2025-05-31T16:16:04.020+0000] {subprocess.py:93} INFO - Sending log: {'timestamp': '2025-05-31 16:16:04', 'level': 'WARNING', 'message': 'Slow response time'}
[2025-05-31T16:16:06.021+0000] {subprocess.py:93} INFO - Sending log: {'timestamp': '2025-05-31 16:16:06', 'level': 'ERROR', 'message': 'Payment gateway timeout'}
[2025-05-31T16:16:08.021+0000] {subprocess.py:93} INFO - Sending log: {'timestamp': '2025-05-31 16:16:08', 'level': 'INFO', 'message': 'Search executed'}
[2025-05-31T16:16:10.021+0000] {subprocess.py:93} INFO - Sending log: {'timestamp': '2025-05-31 16:16:10', 'level': 'INFO', 'message': 'Page loaded'}
[2025-05-31T16:16:12.022+0000] {subprocess.py:93} INFO - Sending log: {'timestamp': '2025-05-31 16:16:12', 'level': 'ERROR', 'message': 'Database connection failed'}
[2025-05-31T16:16:14.022+0000] {subprocess.py:93} INFO - Sending log: {'timestamp': '2025-05-31 16:16:14', 'level': 'INFO', 'message': 'Search executed'}
[2025-05-31T16:16:16.024+0000] {subprocess.py:93} INFO - Sending log: {'timestamp': '2025-05-31 16:16:16', 'level': 'ERROR', 'message': 'Database connection failed'}
[2025-05-31T16:16:18.024+0000] {subprocess.py:93} INFO - Sending log: {'timestamp': '2025-05-31 16:16:18', 'level': 'WARNING', 'message': 'Slow response time'}
[2025-05-31T16:16:20.025+0000] {subprocess.py:93} INFO - Sending log: {'timestamp': '2025-05-31 16:16:20', 'level': 'ERROR', 'message': 'Payment gateway timeout'}
[2025-05-31T16:16:22.026+0000] {subprocess.py:93} INFO - Sending log: {'timestamp': '2025-05-31 16:16:22', 'level': 'INFO', 'message': 'Search executed'}
[2025-05-31T16:16:24.026+0000] {subprocess.py:93} INFO - Sending log: {'timestamp': '2025-05-31 16:16:24', 'level': 'INFO', 'message': 'User logged in'}
[2025-05-31T16:16:26.050+0000] {job.py:229} INFO - Heartbeat recovered after 162.88 seconds
[2025-05-31T16:16:26.237+0000] {subprocess.py:93} INFO - Sending log: {'timestamp': '2025-05-31 16:16:26', 'level': 'INFO', 'message': 'User logged in'}
[2025-05-31T16:16:28.315+0000] {subprocess.py:93} INFO - Sending log: {'timestamp': '2025-05-31 16:16:28', 'level': 'ERROR', 'message': 'Database connection failed'}
[2025-05-31T16:16:30.357+0000] {subprocess.py:93} INFO - Sending log: {'timestamp': '2025-05-31 16:16:30', 'level': 'INFO', 'message': 'User logged in'}
[2025-05-31T16:16:32.547+0000] {subprocess.py:93} INFO - Sending log: {'timestamp': '2025-05-31 16:16:32', 'level': 'INFO', 'message': 'Page loaded'}
[2025-05-31T16:16:35.134+0000] {subprocess.py:93} INFO - Sending log: {'timestamp': '2025-05-31 16:16:35', 'level': 'INFO', 'message': 'User logged in'}
[2025-05-31T16:16:37.276+0000] {subprocess.py:93} INFO - Sending log: {'timestamp': '2025-05-31 16:16:37', 'level': 'WARNING', 'message': 'Slow response time'}
[2025-05-31T16:16:39.614+0000] {subprocess.py:93} INFO - Sending log: {'timestamp': '2025-05-31 16:16:39', 'level': 'WARNING', 'message': 'High memory usage'}
[2025-05-31T16:16:41.821+0000] {subprocess.py:93} INFO - Sending log: {'timestamp': '2025-05-31 16:16:41', 'level': 'WARNING', 'message': 'Slow response time'}
[2025-05-31T16:16:43.832+0000] {subprocess.py:93} INFO - Sending log: {'timestamp': '2025-05-31 16:16:43', 'level': 'WARNING', 'message': 'High memory usage'}
[2025-05-31T16:16:46.022+0000] {subprocess.py:93} INFO - Sending log: {'timestamp': '2025-05-31 16:16:46', 'level': 'INFO', 'message': 'Page loaded'}
[2025-05-31T16:16:47.660+0000] {job.py:229} INFO - Heartbeat recovered after 170.96 seconds
[2025-05-31T16:16:48.620+0000] {subprocess.py:93} INFO - Sending log: {'timestamp': '2025-05-31 16:16:48', 'level': 'WARNING', 'message': 'High memory usage'}
[2025-05-31T16:16:47.807+0000] {local_task_job_runner.py:346} WARNING - State of this instance has been externally set to None. Terminating instance.
[2025-05-31T16:16:48.933+0000] {local_task_job_runner.py:245} INFO - ::endgroup::
[2025-05-31T16:16:50.902+0000] {process_utils.py:132} INFO - Sending 15 to group 595. PIDs of all processes in the group: [597, 595]
[2025-05-31T16:16:51.466+0000] {subprocess.py:93} INFO - Sending log: {'timestamp': '2025-05-31 16:16:51', 'level': 'INFO', 'message': 'Search executed'}
[2025-05-31T16:16:51.405+0000] {process_utils.py:87} INFO - Sending the signal 15 to group 595
[2025-05-31T16:16:56.732+0000] {taskinstance.py:3092} ERROR - Received SIGTERM. Terminating subprocesses.
[2025-05-31T16:16:57.254+0000] {subprocess.py:104} INFO - Sending SIGTERM signal to process group
[2025-05-31T16:17:53.439+0000] {process_utils.py:150} WARNING - process psutil.Process(pid=595, name='airflow task ru', status='running', started='16:02:04') did not respond to SIGTERM. Trying SIGKILL
[2025-05-31T16:17:55.105+0000] {process_utils.py:150} WARNING - process psutil.Process(pid=597, name='python', status='zombie', started='16:02:07') did not respond to SIGTERM. Trying SIGKILL
[2025-05-31T16:17:55.697+0000] {process_utils.py:87} INFO - Sending the signal 9 to group 595
[2025-05-31T16:17:59.804+0000] {process_utils.py:80} INFO - Process psutil.Process(pid=595, name='airflow task ru', status='terminated', exitcode=<Negsignal.SIGKILL: -9>, started='16:02:04') (595) terminated with exit code -9
[2025-05-31T16:18:00.852+0000] {process_utils.py:80} INFO - Process psutil.Process(pid=597, name='python', status='terminated', started='16:02:07') (597) terminated with exit code None
[2025-05-31T16:18:00.313+0000] {standard_task_runner.py:217} INFO - Process not found (most likely exited), stop collecting metrics
[2025-05-31T16:18:00.876+0000] {standard_task_runner.py:190} ERROR - ('Job 200 was killed before it finished (likely due to running out of memory)', 'For more information, see https://***.apache.org/docs/apache-***/stable/troubleshooting.html#LocalTaskJob-killed')
