[2025-05-31T14:45:09.840+0000] {local_task_job_runner.py:123} INFO - ::group::Pre task execution logs
[2025-05-31T14:45:09.909+0000] {taskinstance.py:2612} INFO - Dependencies all met for dep_context=non-requeueable deps ti=<TaskInstance: log_monitoring_dag.start_log_producer scheduled__2025-05-31T14:30:00+00:00 [queued]>
[2025-05-31T14:45:09.933+0000] {taskinstance.py:2612} INFO - Dependencies all met for dep_context=requeueable deps ti=<TaskInstance: log_monitoring_dag.start_log_producer scheduled__2025-05-31T14:30:00+00:00 [queued]>
[2025-05-31T14:45:09.935+0000] {taskinstance.py:2865} INFO - Starting attempt 3 of 2
[2025-05-31T14:45:10.035+0000] {taskinstance.py:2888} INFO - Executing <Task(BashOperator): start_log_producer> on 2025-05-31 14:30:00+00:00
[2025-05-31T14:45:10.394+0000] {logging_mixin.py:190} WARNING - /home/***/.local/lib/python3.12/site-packages/***/task/task_runner/standard_task_runner.py:70 DeprecationWarning: This process (pid=219) is multi-threaded, use of fork() may lead to deadlocks in the child.
[2025-05-31T14:45:10.396+0000] {standard_task_runner.py:104} INFO - Running: ['***', 'tasks', 'run', 'log_monitoring_dag', 'start_log_producer', 'scheduled__2025-05-31T14:30:00+00:00', '--job-id', '179', '--raw', '--subdir', 'DAGS_FOLDER/log_monitoring_dag.py', '--cfg-path', '/tmp/tmpfov4krnw']
[2025-05-31T14:45:10.463+0000] {standard_task_runner.py:72} INFO - Started process 252 to run task
[2025-05-31T14:45:10.475+0000] {standard_task_runner.py:105} INFO - Job 179: Subtask start_log_producer
[2025-05-31T14:45:10.592+0000] {logging_mixin.py:190} WARNING - /home/***/.local/lib/python3.12/site-packages/***/settings.py:209 DeprecationWarning: The sql_alchemy_conn option in [core] has been moved to the sql_alchemy_conn option in [database] - the old setting has been used, but please update your config.
[2025-05-31T14:45:10.754+0000] {task_command.py:467} INFO - Running <TaskInstance: log_monitoring_dag.start_log_producer scheduled__2025-05-31T14:30:00+00:00 [running]> on host 1d31c4e9dbe9
[2025-05-31T14:45:10.761+0000] {logging_mixin.py:190} WARNING - /home/***/.local/lib/python3.12/site-packages/***/settings.py:470 DeprecationWarning: The sql_alchemy_conn option in [core] has been moved to the sql_alchemy_conn option in [database] - the old setting has been used, but please update your config.
[2025-05-31T14:45:11.198+0000] {taskinstance.py:3131} INFO - Exporting env vars: AIRFLOW_CTX_DAG_OWNER='***' AIRFLOW_CTX_DAG_ID='log_monitoring_dag' AIRFLOW_CTX_TASK_ID='start_log_producer' AIRFLOW_CTX_EXECUTION_DATE='2025-05-31T14:30:00+00:00' AIRFLOW_CTX_TRY_NUMBER='3' AIRFLOW_CTX_DAG_RUN_ID='scheduled__2025-05-31T14:30:00+00:00'
[2025-05-31T14:45:11.205+0000] {taskinstance.py:731} INFO - ::endgroup::
[2025-05-31T14:45:11.424+0000] {subprocess.py:63} INFO - Tmp dir root location: /tmp
[2025-05-31T14:45:11.444+0000] {subprocess.py:75} INFO - Running command: ['/usr/bin/bash', '-c', 'cd /opt/***/app && python -u log_producer.py']
[2025-05-31T14:45:11.511+0000] {subprocess.py:86} INFO - Output:
[2025-05-31T14:45:59.413+0000] {job.py:229} INFO - Heartbeat recovered after 41.69 seconds
[2025-05-31T14:46:11.974+0000] {job.py:229} INFO - Heartbeat recovered after 16.26 seconds
[2025-05-31T14:46:24.255+0000] {job.py:229} INFO - Heartbeat recovered after 12.97 seconds
[2025-05-31T14:46:31.959+0000] {subprocess.py:93} INFO - Sending log: {'timestamp': '2025-05-31 14:46:31', 'level': 'WARNING', 'message': 'Slow response time'}
[2025-05-31T14:46:34.608+0000] {subprocess.py:93} INFO - Sending log: {'timestamp': '2025-05-31 14:46:34', 'level': 'WARNING', 'message': 'High memory usage'}
[2025-05-31T14:46:36.608+0000] {subprocess.py:93} INFO - Sending log: {'timestamp': '2025-05-31 14:46:36', 'level': 'ERROR', 'message': 'Database connection failed'}
[2025-05-31T14:46:38.609+0000] {subprocess.py:93} INFO - Sending log: {'timestamp': '2025-05-31 14:46:38', 'level': 'ERROR', 'message': 'Payment gateway timeout'}
[2025-05-31T14:46:40.610+0000] {subprocess.py:93} INFO - Sending log: {'timestamp': '2025-05-31 14:46:40', 'level': 'WARNING', 'message': 'High memory usage'}
[2025-05-31T14:46:42.610+0000] {subprocess.py:93} INFO - Sending log: {'timestamp': '2025-05-31 14:46:42', 'level': 'INFO', 'message': 'User logged in'}
[2025-05-31T14:46:44.611+0000] {subprocess.py:93} INFO - Sending log: {'timestamp': '2025-05-31 14:46:44', 'level': 'ERROR', 'message': 'Payment gateway timeout'}
[2025-05-31T14:46:46.656+0000] {subprocess.py:93} INFO - Sending log: {'timestamp': '2025-05-31 14:46:46', 'level': 'WARNING', 'message': 'Slow response time'}
[2025-05-31T14:46:48.656+0000] {subprocess.py:93} INFO - Sending log: {'timestamp': '2025-05-31 14:46:48', 'level': 'WARNING', 'message': 'Slow response time'}
[2025-05-31T14:46:50.656+0000] {subprocess.py:93} INFO - Sending log: {'timestamp': '2025-05-31 14:46:50', 'level': 'ERROR', 'message': 'Database connection failed'}
[2025-05-31T14:46:52.657+0000] {subprocess.py:93} INFO - Sending log: {'timestamp': '2025-05-31 14:46:52', 'level': 'WARNING', 'message': 'High memory usage'}
[2025-05-31T14:46:54.956+0000] {subprocess.py:93} INFO - Sending log: {'timestamp': '2025-05-31 14:46:54', 'level': 'WARNING', 'message': 'Slow response time'}
[2025-05-31T14:46:56.957+0000] {subprocess.py:93} INFO - Sending log: {'timestamp': '2025-05-31 14:46:56', 'level': 'WARNING', 'message': 'Slow response time'}
[2025-05-31T14:46:58.957+0000] {subprocess.py:93} INFO - Sending log: {'timestamp': '2025-05-31 14:46:58', 'level': 'ERROR', 'message': 'Database connection failed'}
[2025-05-31T14:47:00.958+0000] {subprocess.py:93} INFO - Sending log: {'timestamp': '2025-05-31 14:47:00', 'level': 'WARNING', 'message': 'High memory usage'}
[2025-05-31T14:47:02.959+0000] {subprocess.py:93} INFO - Sending log: {'timestamp': '2025-05-31 14:47:02', 'level': 'WARNING', 'message': 'Slow response time'}
[2025-05-31T14:47:04.959+0000] {subprocess.py:93} INFO - Sending log: {'timestamp': '2025-05-31 14:47:04', 'level': 'INFO', 'message': 'Page loaded'}
[2025-05-31T14:47:06.960+0000] {subprocess.py:93} INFO - Sending log: {'timestamp': '2025-05-31 14:47:06', 'level': 'INFO', 'message': 'Search executed'}
[2025-05-31T14:47:08.960+0000] {subprocess.py:93} INFO - Sending log: {'timestamp': '2025-05-31 14:47:08', 'level': 'ERROR', 'message': 'Payment gateway timeout'}
[2025-05-31T14:47:10.961+0000] {subprocess.py:93} INFO - Sending log: {'timestamp': '2025-05-31 14:47:10', 'level': 'INFO', 'message': 'User logged in'}
[2025-05-31T14:47:12.961+0000] {subprocess.py:93} INFO - Sending log: {'timestamp': '2025-05-31 14:47:12', 'level': 'WARNING', 'message': 'Slow response time'}
[2025-05-31T14:47:14.962+0000] {subprocess.py:93} INFO - Sending log: {'timestamp': '2025-05-31 14:47:14', 'level': 'WARNING', 'message': 'Slow response time'}
[2025-05-31T14:47:17.076+0000] {subprocess.py:93} INFO - Sending log: {'timestamp': '2025-05-31 14:47:17', 'level': 'WARNING', 'message': 'High memory usage'}
[2025-05-31T14:47:19.077+0000] {subprocess.py:93} INFO - Sending log: {'timestamp': '2025-05-31 14:47:19', 'level': 'WARNING', 'message': 'Slow response time'}
[2025-05-31T14:47:21.077+0000] {subprocess.py:93} INFO - Sending log: {'timestamp': '2025-05-31 14:47:21', 'level': 'INFO', 'message': 'Page loaded'}
[2025-05-31T14:47:23.160+0000] {subprocess.py:93} INFO - Sending log: {'timestamp': '2025-05-31 14:47:23', 'level': 'ERROR', 'message': 'Payment gateway timeout'}
[2025-05-31T14:47:25.151+0000] {subprocess.py:93} INFO - Sending log: {'timestamp': '2025-05-31 14:47:25', 'level': 'INFO', 'message': 'Page loaded'}
[2025-05-31T14:47:27.151+0000] {subprocess.py:93} INFO - Sending log: {'timestamp': '2025-05-31 14:47:27', 'level': 'ERROR', 'message': 'Payment gateway timeout'}
[2025-05-31T14:47:29.152+0000] {subprocess.py:93} INFO - Sending log: {'timestamp': '2025-05-31 14:47:29', 'level': 'ERROR', 'message': 'Payment gateway timeout'}
[2025-05-31T14:47:31.152+0000] {subprocess.py:93} INFO - Sending log: {'timestamp': '2025-05-31 14:47:31', 'level': 'INFO', 'message': 'User logged in'}
[2025-05-31T14:47:33.153+0000] {subprocess.py:93} INFO - Sending log: {'timestamp': '2025-05-31 14:47:33', 'level': 'ERROR', 'message': 'Database connection failed'}
[2025-05-31T14:47:35.154+0000] {subprocess.py:93} INFO - Sending log: {'timestamp': '2025-05-31 14:47:35', 'level': 'ERROR', 'message': 'Payment gateway timeout'}
[2025-05-31T14:47:37.154+0000] {subprocess.py:93} INFO - Sending log: {'timestamp': '2025-05-31 14:47:37', 'level': 'ERROR', 'message': 'Database connection failed'}
[2025-05-31T14:47:39.156+0000] {subprocess.py:93} INFO - Sending log: {'timestamp': '2025-05-31 14:47:39', 'level': 'INFO', 'message': 'Search executed'}
[2025-05-31T14:47:41.157+0000] {subprocess.py:93} INFO - Sending log: {'timestamp': '2025-05-31 14:47:41', 'level': 'WARNING', 'message': 'Slow response time'}
[2025-05-31T14:47:43.157+0000] {subprocess.py:93} INFO - Sending log: {'timestamp': '2025-05-31 14:47:43', 'level': 'ERROR', 'message': 'Database connection failed'}
[2025-05-31T14:47:45.158+0000] {subprocess.py:93} INFO - Sending log: {'timestamp': '2025-05-31 14:47:45', 'level': 'WARNING', 'message': 'Slow response time'}
[2025-05-31T14:47:47.159+0000] {subprocess.py:93} INFO - Sending log: {'timestamp': '2025-05-31 14:47:47', 'level': 'WARNING', 'message': 'Slow response time'}
[2025-05-31T14:47:49.159+0000] {subprocess.py:93} INFO - Sending log: {'timestamp': '2025-05-31 14:47:49', 'level': 'WARNING', 'message': 'High memory usage'}
[2025-05-31T14:47:51.165+0000] {subprocess.py:93} INFO - Sending log: {'timestamp': '2025-05-31 14:47:51', 'level': 'WARNING', 'message': 'High memory usage'}
[2025-05-31T14:47:53.167+0000] {subprocess.py:93} INFO - Sending log: {'timestamp': '2025-05-31 14:47:53', 'level': 'WARNING', 'message': 'Slow response time'}
[2025-05-31T14:47:55.160+0000] {subprocess.py:93} INFO - Sending log: {'timestamp': '2025-05-31 14:47:55', 'level': 'ERROR', 'message': 'Payment gateway timeout'}
[2025-05-31T14:47:57.161+0000] {subprocess.py:93} INFO - Sending log: {'timestamp': '2025-05-31 14:47:57', 'level': 'INFO', 'message': 'User logged in'}
[2025-05-31T14:47:59.162+0000] {subprocess.py:93} INFO - Sending log: {'timestamp': '2025-05-31 14:47:59', 'level': 'WARNING', 'message': 'Slow response time'}
[2025-05-31T14:48:01.162+0000] {subprocess.py:93} INFO - Sending log: {'timestamp': '2025-05-31 14:48:01', 'level': 'ERROR', 'message': 'Database connection failed'}
[2025-05-31T14:48:03.309+0000] {subprocess.py:93} INFO - Sending log: {'timestamp': '2025-05-31 14:48:03', 'level': 'INFO', 'message': 'User logged in'}
[2025-05-31T14:48:05.310+0000] {subprocess.py:93} INFO - Sending log: {'timestamp': '2025-05-31 14:48:05', 'level': 'INFO', 'message': 'User logged in'}
[2025-05-31T14:48:07.430+0000] {subprocess.py:93} INFO - Sending log: {'timestamp': '2025-05-31 14:48:07', 'level': 'WARNING', 'message': 'High memory usage'}
[2025-05-31T14:48:09.430+0000] {subprocess.py:93} INFO - Sending log: {'timestamp': '2025-05-31 14:48:09', 'level': 'WARNING', 'message': 'Slow response time'}
[2025-05-31T14:48:11.431+0000] {subprocess.py:93} INFO - Sending log: {'timestamp': '2025-05-31 14:48:11', 'level': 'WARNING', 'message': 'Slow response time'}
[2025-05-31T14:48:13.432+0000] {subprocess.py:93} INFO - Sending log: {'timestamp': '2025-05-31 14:48:13', 'level': 'INFO', 'message': 'Search executed'}
[2025-05-31T14:48:15.432+0000] {subprocess.py:93} INFO - Sending log: {'timestamp': '2025-05-31 14:48:15', 'level': 'WARNING', 'message': 'Slow response time'}
[2025-05-31T14:48:17.587+0000] {subprocess.py:93} INFO - Sending log: {'timestamp': '2025-05-31 14:48:17', 'level': 'INFO', 'message': 'Page loaded'}
[2025-05-31T14:48:19.587+0000] {subprocess.py:93} INFO - Sending log: {'timestamp': '2025-05-31 14:48:19', 'level': 'ERROR', 'message': 'Database connection failed'}
[2025-05-31T14:48:22.145+0000] {subprocess.py:93} INFO - Sending log: {'timestamp': '2025-05-31 14:48:22', 'level': 'WARNING', 'message': 'High memory usage'}
[2025-05-31T14:48:27.021+0000] {subprocess.py:93} INFO - Sending log: {'timestamp': '2025-05-31 14:48:27', 'level': 'WARNING', 'message': 'Slow response time'}
[2025-05-31T14:48:28.709+0000] {subprocess.py:93} INFO - Sending log: {'timestamp': '2025-05-31 14:48:28', 'level': 'ERROR', 'message': 'Database connection failed'}
[2025-05-31T14:48:30.710+0000] {subprocess.py:93} INFO - Sending log: {'timestamp': '2025-05-31 14:48:30', 'level': 'WARNING', 'message': 'Slow response time'}
[2025-05-31T14:48:32.710+0000] {subprocess.py:93} INFO - Sending log: {'timestamp': '2025-05-31 14:48:32', 'level': 'INFO', 'message': 'Search executed'}
[2025-05-31T14:48:34.984+0000] {subprocess.py:93} INFO - Sending log: {'timestamp': '2025-05-31 14:48:34', 'level': 'WARNING', 'message': 'Slow response time'}
[2025-05-31T14:48:36.984+0000] {subprocess.py:93} INFO - Sending log: {'timestamp': '2025-05-31 14:48:36', 'level': 'INFO', 'message': 'User logged in'}
[2025-05-31T14:48:38.985+0000] {subprocess.py:93} INFO - Sending log: {'timestamp': '2025-05-31 14:48:38', 'level': 'WARNING', 'message': 'High memory usage'}
[2025-05-31T14:48:41.021+0000] {subprocess.py:93} INFO - Sending log: {'timestamp': '2025-05-31 14:48:41', 'level': 'WARNING', 'message': 'Slow response time'}
[2025-05-31T14:48:43.021+0000] {subprocess.py:93} INFO - Sending log: {'timestamp': '2025-05-31 14:48:43', 'level': 'INFO', 'message': 'Search executed'}
[2025-05-31T14:48:45.030+0000] {subprocess.py:93} INFO - Sending log: {'timestamp': '2025-05-31 14:48:45', 'level': 'ERROR', 'message': 'Payment gateway timeout'}
[2025-05-31T14:48:47.033+0000] {subprocess.py:93} INFO - Sending log: {'timestamp': '2025-05-31 14:48:47', 'level': 'ERROR', 'message': 'Database connection failed'}
[2025-05-31T14:48:49.033+0000] {subprocess.py:93} INFO - Sending log: {'timestamp': '2025-05-31 14:48:49', 'level': 'ERROR', 'message': 'Payment gateway timeout'}
[2025-05-31T14:48:51.034+0000] {subprocess.py:93} INFO - Sending log: {'timestamp': '2025-05-31 14:48:51', 'level': 'ERROR', 'message': 'Database connection failed'}
[2025-05-31T14:48:53.034+0000] {subprocess.py:93} INFO - Sending log: {'timestamp': '2025-05-31 14:48:53', 'level': 'WARNING', 'message': 'High memory usage'}
[2025-05-31T14:48:55.035+0000] {subprocess.py:93} INFO - Sending log: {'timestamp': '2025-05-31 14:48:55', 'level': 'WARNING', 'message': 'High memory usage'}
[2025-05-31T14:48:56.975+0000] {subprocess.py:93} INFO - Sending log: {'timestamp': '2025-05-31 14:48:56', 'level': 'INFO', 'message': 'Page loaded'}
[2025-05-31T14:48:58.976+0000] {subprocess.py:93} INFO - Sending log: {'timestamp': '2025-05-31 14:48:58', 'level': 'ERROR', 'message': 'Database connection failed'}
[2025-05-31T14:49:00.976+0000] {subprocess.py:93} INFO - Sending log: {'timestamp': '2025-05-31 14:49:00', 'level': 'WARNING', 'message': 'Slow response time'}
[2025-05-31T14:49:02.977+0000] {subprocess.py:93} INFO - Sending log: {'timestamp': '2025-05-31 14:49:02', 'level': 'WARNING', 'message': 'High memory usage'}
[2025-05-31T14:49:04.977+0000] {subprocess.py:93} INFO - Sending log: {'timestamp': '2025-05-31 14:49:04', 'level': 'ERROR', 'message': 'Payment gateway timeout'}
[2025-05-31T14:49:06.978+0000] {subprocess.py:93} INFO - Sending log: {'timestamp': '2025-05-31 14:49:06', 'level': 'ERROR', 'message': 'Database connection failed'}
[2025-05-31T14:49:08.979+0000] {subprocess.py:93} INFO - Sending log: {'timestamp': '2025-05-31 14:49:08', 'level': 'WARNING', 'message': 'Slow response time'}
[2025-05-31T14:49:10.979+0000] {subprocess.py:93} INFO - Sending log: {'timestamp': '2025-05-31 14:49:10', 'level': 'ERROR', 'message': 'Payment gateway timeout'}
[2025-05-31T14:49:12.980+0000] {subprocess.py:93} INFO - Sending log: {'timestamp': '2025-05-31 14:49:12', 'level': 'WARNING', 'message': 'Slow response time'}
[2025-05-31T14:49:14.980+0000] {subprocess.py:93} INFO - Sending log: {'timestamp': '2025-05-31 14:49:14', 'level': 'ERROR', 'message': 'Payment gateway timeout'}
[2025-05-31T14:49:16.981+0000] {subprocess.py:93} INFO - Sending log: {'timestamp': '2025-05-31 14:49:16', 'level': 'WARNING', 'message': 'High memory usage'}
[2025-05-31T14:49:18.981+0000] {subprocess.py:93} INFO - Sending log: {'timestamp': '2025-05-31 14:49:18', 'level': 'INFO', 'message': 'User logged in'}
[2025-05-31T14:49:20.982+0000] {subprocess.py:93} INFO - Sending log: {'timestamp': '2025-05-31 14:49:20', 'level': 'INFO', 'message': 'Page loaded'}
[2025-05-31T14:49:22.982+0000] {subprocess.py:93} INFO - Sending log: {'timestamp': '2025-05-31 14:49:22', 'level': 'INFO', 'message': 'Page loaded'}
[2025-05-31T14:49:24.983+0000] {subprocess.py:93} INFO - Sending log: {'timestamp': '2025-05-31 14:49:24', 'level': 'ERROR', 'message': 'Database connection failed'}
[2025-05-31T14:49:26.970+0000] {subprocess.py:93} INFO - Sending log: {'timestamp': '2025-05-31 14:49:26', 'level': 'ERROR', 'message': 'Payment gateway timeout'}
[2025-05-31T14:49:28.971+0000] {subprocess.py:93} INFO - Sending log: {'timestamp': '2025-05-31 14:49:28', 'level': 'ERROR', 'message': 'Payment gateway timeout'}
[2025-05-31T14:49:30.971+0000] {subprocess.py:93} INFO - Sending log: {'timestamp': '2025-05-31 14:49:30', 'level': 'WARNING', 'message': 'High memory usage'}
[2025-05-31T14:49:32.972+0000] {subprocess.py:93} INFO - Sending log: {'timestamp': '2025-05-31 14:49:32', 'level': 'WARNING', 'message': 'Slow response time'}
[2025-05-31T14:49:34.972+0000] {subprocess.py:93} INFO - Sending log: {'timestamp': '2025-05-31 14:49:34', 'level': 'WARNING', 'message': 'High memory usage'}
[2025-05-31T14:49:36.992+0000] {subprocess.py:93} INFO - Sending log: {'timestamp': '2025-05-31 14:49:36', 'level': 'WARNING', 'message': 'Slow response time'}
[2025-05-31T14:49:38.993+0000] {subprocess.py:93} INFO - Sending log: {'timestamp': '2025-05-31 14:49:38', 'level': 'ERROR', 'message': 'Database connection failed'}
[2025-05-31T14:49:40.994+0000] {subprocess.py:93} INFO - Sending log: {'timestamp': '2025-05-31 14:49:40', 'level': 'ERROR', 'message': 'Database connection failed'}
[2025-05-31T14:49:42.994+0000] {subprocess.py:93} INFO - Sending log: {'timestamp': '2025-05-31 14:49:42', 'level': 'WARNING', 'message': 'Slow response time'}
[2025-05-31T14:49:44.994+0000] {subprocess.py:93} INFO - Sending log: {'timestamp': '2025-05-31 14:49:44', 'level': 'WARNING', 'message': 'High memory usage'}
[2025-05-31T14:49:46.995+0000] {subprocess.py:93} INFO - Sending log: {'timestamp': '2025-05-31 14:49:46', 'level': 'WARNING', 'message': 'High memory usage'}
[2025-05-31T14:49:48.995+0000] {subprocess.py:93} INFO - Sending log: {'timestamp': '2025-05-31 14:49:48', 'level': 'INFO', 'message': 'Search executed'}
[2025-05-31T14:49:50.996+0000] {subprocess.py:93} INFO - Sending log: {'timestamp': '2025-05-31 14:49:50', 'level': 'WARNING', 'message': 'Slow response time'}
[2025-05-31T14:49:52.997+0000] {subprocess.py:93} INFO - Sending log: {'timestamp': '2025-05-31 14:49:52', 'level': 'ERROR', 'message': 'Payment gateway timeout'}
[2025-05-31T14:49:55.015+0000] {subprocess.py:93} INFO - Sending log: {'timestamp': '2025-05-31 14:49:55', 'level': 'WARNING', 'message': 'High memory usage'}
[2025-05-31T14:49:57.010+0000] {subprocess.py:93} INFO - Sending log: {'timestamp': '2025-05-31 14:49:57', 'level': 'ERROR', 'message': 'Database connection failed'}
[2025-05-31T14:49:59.010+0000] {subprocess.py:93} INFO - Sending log: {'timestamp': '2025-05-31 14:49:59', 'level': 'WARNING', 'message': 'High memory usage'}
[2025-05-31T14:50:01.011+0000] {subprocess.py:93} INFO - Sending log: {'timestamp': '2025-05-31 14:50:01', 'level': 'ERROR', 'message': 'Database connection failed'}
[2025-05-31T14:50:03.011+0000] {subprocess.py:93} INFO - Sending log: {'timestamp': '2025-05-31 14:50:03', 'level': 'INFO', 'message': 'Page loaded'}
[2025-05-31T14:50:05.012+0000] {subprocess.py:93} INFO - Sending log: {'timestamp': '2025-05-31 14:50:05', 'level': 'INFO', 'message': 'Page loaded'}
[2025-05-31T14:50:07.013+0000] {subprocess.py:93} INFO - Sending log: {'timestamp': '2025-05-31 14:50:07', 'level': 'INFO', 'message': 'Page loaded'}
[2025-05-31T14:50:09.013+0000] {subprocess.py:93} INFO - Sending log: {'timestamp': '2025-05-31 14:50:09', 'level': 'INFO', 'message': 'Search executed'}
[2025-05-31T14:50:11.014+0000] {subprocess.py:93} INFO - Sending log: {'timestamp': '2025-05-31 14:50:11', 'level': 'WARNING', 'message': 'High memory usage'}
[2025-05-31T14:50:13.014+0000] {subprocess.py:93} INFO - Sending log: {'timestamp': '2025-05-31 14:50:13', 'level': 'ERROR', 'message': 'Database connection failed'}
[2025-05-31T14:50:15.197+0000] {subprocess.py:93} INFO - Sending log: {'timestamp': '2025-05-31 14:50:15', 'level': 'ERROR', 'message': 'Payment gateway timeout'}
[2025-05-31T14:50:17.334+0000] {subprocess.py:93} INFO - Sending log: {'timestamp': '2025-05-31 14:50:17', 'level': 'WARNING', 'message': 'High memory usage'}
[2025-05-31T14:50:19.334+0000] {subprocess.py:93} INFO - Sending log: {'timestamp': '2025-05-31 14:50:19', 'level': 'ERROR', 'message': 'Payment gateway timeout'}
[2025-05-31T14:50:21.335+0000] {subprocess.py:93} INFO - Sending log: {'timestamp': '2025-05-31 14:50:21', 'level': 'ERROR', 'message': 'Database connection failed'}
[2025-05-31T14:50:23.335+0000] {subprocess.py:93} INFO - Sending log: {'timestamp': '2025-05-31 14:50:23', 'level': 'WARNING', 'message': 'Slow response time'}
[2025-05-31T14:50:25.335+0000] {subprocess.py:93} INFO - Sending log: {'timestamp': '2025-05-31 14:50:25', 'level': 'ERROR', 'message': 'Payment gateway timeout'}
[2025-05-31T14:50:27.333+0000] {subprocess.py:93} INFO - Sending log: {'timestamp': '2025-05-31 14:50:27', 'level': 'ERROR', 'message': 'Database connection failed'}
[2025-05-31T14:50:29.333+0000] {subprocess.py:93} INFO - Sending log: {'timestamp': '2025-05-31 14:50:29', 'level': 'ERROR', 'message': 'Payment gateway timeout'}
[2025-05-31T14:50:31.334+0000] {subprocess.py:93} INFO - Sending log: {'timestamp': '2025-05-31 14:50:31', 'level': 'ERROR', 'message': 'Database connection failed'}
[2025-05-31T14:50:33.334+0000] {subprocess.py:93} INFO - Sending log: {'timestamp': '2025-05-31 14:50:33', 'level': 'ERROR', 'message': 'Database connection failed'}
[2025-05-31T14:50:35.335+0000] {subprocess.py:93} INFO - Sending log: {'timestamp': '2025-05-31 14:50:35', 'level': 'WARNING', 'message': 'High memory usage'}
[2025-05-31T14:50:37.335+0000] {subprocess.py:93} INFO - Sending log: {'timestamp': '2025-05-31 14:50:37', 'level': 'WARNING', 'message': 'Slow response time'}
[2025-05-31T14:50:39.336+0000] {subprocess.py:93} INFO - Sending log: {'timestamp': '2025-05-31 14:50:39', 'level': 'INFO', 'message': 'User logged in'}
[2025-05-31T14:50:41.336+0000] {subprocess.py:93} INFO - Sending log: {'timestamp': '2025-05-31 14:50:41', 'level': 'INFO', 'message': 'Page loaded'}
[2025-05-31T14:50:43.338+0000] {subprocess.py:93} INFO - Sending log: {'timestamp': '2025-05-31 14:50:43', 'level': 'INFO', 'message': 'Page loaded'}
[2025-05-31T14:50:45.337+0000] {subprocess.py:93} INFO - Sending log: {'timestamp': '2025-05-31 14:50:45', 'level': 'INFO', 'message': 'User logged in'}
[2025-05-31T14:50:47.337+0000] {subprocess.py:93} INFO - Sending log: {'timestamp': '2025-05-31 14:50:47', 'level': 'INFO', 'message': 'Page loaded'}
[2025-05-31T14:50:49.338+0000] {subprocess.py:93} INFO - Sending log: {'timestamp': '2025-05-31 14:50:49', 'level': 'INFO', 'message': 'User logged in'}
[2025-05-31T14:50:51.339+0000] {subprocess.py:93} INFO - Sending log: {'timestamp': '2025-05-31 14:50:51', 'level': 'ERROR', 'message': 'Database connection failed'}
[2025-05-31T14:50:53.339+0000] {subprocess.py:93} INFO - Sending log: {'timestamp': '2025-05-31 14:50:53', 'level': 'INFO', 'message': 'User logged in'}
[2025-05-31T14:50:55.340+0000] {subprocess.py:93} INFO - Sending log: {'timestamp': '2025-05-31 14:50:55', 'level': 'ERROR', 'message': 'Database connection failed'}
[2025-05-31T14:50:57.140+0000] {subprocess.py:93} INFO - Sending log: {'timestamp': '2025-05-31 14:50:57', 'level': 'INFO', 'message': 'User logged in'}
[2025-05-31T14:50:59.140+0000] {subprocess.py:93} INFO - Sending log: {'timestamp': '2025-05-31 14:50:59', 'level': 'INFO', 'message': 'Search executed'}
[2025-05-31T14:51:01.141+0000] {subprocess.py:93} INFO - Sending log: {'timestamp': '2025-05-31 14:51:01', 'level': 'WARNING', 'message': 'Slow response time'}
[2025-05-31T14:51:03.141+0000] {subprocess.py:93} INFO - Sending log: {'timestamp': '2025-05-31 14:51:03', 'level': 'INFO', 'message': 'Search executed'}
[2025-05-31T14:51:05.142+0000] {subprocess.py:93} INFO - Sending log: {'timestamp': '2025-05-31 14:51:05', 'level': 'INFO', 'message': 'Page loaded'}
[2025-05-31T14:51:07.143+0000] {subprocess.py:93} INFO - Sending log: {'timestamp': '2025-05-31 14:51:07', 'level': 'INFO', 'message': 'Search executed'}
[2025-05-31T14:51:09.143+0000] {subprocess.py:93} INFO - Sending log: {'timestamp': '2025-05-31 14:51:09', 'level': 'WARNING', 'message': 'High memory usage'}
[2025-05-31T14:51:11.144+0000] {subprocess.py:93} INFO - Sending log: {'timestamp': '2025-05-31 14:51:11', 'level': 'INFO', 'message': 'User logged in'}
[2025-05-31T14:51:13.144+0000] {subprocess.py:93} INFO - Sending log: {'timestamp': '2025-05-31 14:51:13', 'level': 'ERROR', 'message': 'Database connection failed'}
[2025-05-31T14:51:15.145+0000] {subprocess.py:93} INFO - Sending log: {'timestamp': '2025-05-31 14:51:15', 'level': 'WARNING', 'message': 'High memory usage'}
[2025-05-31T14:51:17.146+0000] {subprocess.py:93} INFO - Sending log: {'timestamp': '2025-05-31 14:51:17', 'level': 'INFO', 'message': 'User logged in'}
[2025-05-31T14:51:19.150+0000] {subprocess.py:93} INFO - Sending log: {'timestamp': '2025-05-31 14:51:19', 'level': 'WARNING', 'message': 'High memory usage'}
[2025-05-31T14:51:21.151+0000] {subprocess.py:93} INFO - Sending log: {'timestamp': '2025-05-31 14:51:21', 'level': 'INFO', 'message': 'Search executed'}
[2025-05-31T14:51:23.151+0000] {subprocess.py:93} INFO - Sending log: {'timestamp': '2025-05-31 14:51:23', 'level': 'WARNING', 'message': 'Slow response time'}
[2025-05-31T14:51:25.152+0000] {subprocess.py:93} INFO - Sending log: {'timestamp': '2025-05-31 14:51:25', 'level': 'INFO', 'message': 'Page loaded'}
[2025-05-31T14:51:27.156+0000] {subprocess.py:93} INFO - Sending log: {'timestamp': '2025-05-31 14:51:27', 'level': 'WARNING', 'message': 'Slow response time'}
[2025-05-31T14:51:29.156+0000] {subprocess.py:93} INFO - Sending log: {'timestamp': '2025-05-31 14:51:29', 'level': 'WARNING', 'message': 'High memory usage'}
[2025-05-31T14:51:31.157+0000] {subprocess.py:93} INFO - Sending log: {'timestamp': '2025-05-31 14:51:31', 'level': 'WARNING', 'message': 'Slow response time'}
[2025-05-31T14:51:33.539+0000] {subprocess.py:93} INFO - Sending log: {'timestamp': '2025-05-31 14:51:33', 'level': 'WARNING', 'message': 'High memory usage'}
[2025-05-31T14:51:35.358+0000] {subprocess.py:93} INFO - Sending log: {'timestamp': '2025-05-31 14:51:35', 'level': 'WARNING', 'message': 'Slow response time'}
[2025-05-31T14:51:37.359+0000] {subprocess.py:93} INFO - Sending log: {'timestamp': '2025-05-31 14:51:37', 'level': 'WARNING', 'message': 'High memory usage'}
[2025-05-31T14:51:39.360+0000] {subprocess.py:93} INFO - Sending log: {'timestamp': '2025-05-31 14:51:39', 'level': 'ERROR', 'message': 'Payment gateway timeout'}
[2025-05-31T14:51:41.360+0000] {subprocess.py:93} INFO - Sending log: {'timestamp': '2025-05-31 14:51:41', 'level': 'WARNING', 'message': 'Slow response time'}
[2025-05-31T14:51:43.361+0000] {subprocess.py:93} INFO - Sending log: {'timestamp': '2025-05-31 14:51:43', 'level': 'ERROR', 'message': 'Payment gateway timeout'}
[2025-05-31T14:51:45.361+0000] {subprocess.py:93} INFO - Sending log: {'timestamp': '2025-05-31 14:51:45', 'level': 'WARNING', 'message': 'Slow response time'}
[2025-05-31T14:51:47.362+0000] {subprocess.py:93} INFO - Sending log: {'timestamp': '2025-05-31 14:51:47', 'level': 'ERROR', 'message': 'Payment gateway timeout'}
[2025-05-31T14:51:49.362+0000] {subprocess.py:93} INFO - Sending log: {'timestamp': '2025-05-31 14:51:49', 'level': 'ERROR', 'message': 'Database connection failed'}
[2025-05-31T14:51:51.362+0000] {subprocess.py:93} INFO - Sending log: {'timestamp': '2025-05-31 14:51:51', 'level': 'ERROR', 'message': 'Payment gateway timeout'}
[2025-05-31T14:51:53.363+0000] {subprocess.py:93} INFO - Sending log: {'timestamp': '2025-05-31 14:51:53', 'level': 'ERROR', 'message': 'Payment gateway timeout'}
[2025-05-31T14:51:55.363+0000] {subprocess.py:93} INFO - Sending log: {'timestamp': '2025-05-31 14:51:55', 'level': 'ERROR', 'message': 'Database connection failed'}
[2025-05-31T14:51:57.356+0000] {subprocess.py:93} INFO - Sending log: {'timestamp': '2025-05-31 14:51:57', 'level': 'ERROR', 'message': 'Payment gateway timeout'}
[2025-05-31T14:51:59.357+0000] {subprocess.py:93} INFO - Sending log: {'timestamp': '2025-05-31 14:51:59', 'level': 'ERROR', 'message': 'Database connection failed'}
[2025-05-31T14:52:01.357+0000] {subprocess.py:93} INFO - Sending log: {'timestamp': '2025-05-31 14:52:01', 'level': 'WARNING', 'message': 'High memory usage'}
[2025-05-31T14:52:03.410+0000] {subprocess.py:93} INFO - Sending log: {'timestamp': '2025-05-31 14:52:03', 'level': 'ERROR', 'message': 'Payment gateway timeout'}
[2025-05-31T14:52:05.410+0000] {subprocess.py:93} INFO - Sending log: {'timestamp': '2025-05-31 14:52:05', 'level': 'ERROR', 'message': 'Payment gateway timeout'}
[2025-05-31T14:52:07.410+0000] {subprocess.py:93} INFO - Sending log: {'timestamp': '2025-05-31 14:52:07', 'level': 'ERROR', 'message': 'Database connection failed'}
[2025-05-31T14:52:09.411+0000] {subprocess.py:93} INFO - Sending log: {'timestamp': '2025-05-31 14:52:09', 'level': 'ERROR', 'message': 'Database connection failed'}
[2025-05-31T14:52:11.412+0000] {subprocess.py:93} INFO - Sending log: {'timestamp': '2025-05-31 14:52:11', 'level': 'ERROR', 'message': 'Database connection failed'}
[2025-05-31T14:52:13.412+0000] {subprocess.py:93} INFO - Sending log: {'timestamp': '2025-05-31 14:52:13', 'level': 'WARNING', 'message': 'Slow response time'}
[2025-05-31T14:52:15.413+0000] {subprocess.py:93} INFO - Sending log: {'timestamp': '2025-05-31 14:52:15', 'level': 'WARNING', 'message': 'High memory usage'}
[2025-05-31T14:52:17.413+0000] {subprocess.py:93} INFO - Sending log: {'timestamp': '2025-05-31 14:52:17', 'level': 'WARNING', 'message': 'High memory usage'}
[2025-05-31T14:52:19.413+0000] {subprocess.py:93} INFO - Sending log: {'timestamp': '2025-05-31 14:52:19', 'level': 'INFO', 'message': 'User logged in'}
[2025-05-31T14:52:21.414+0000] {subprocess.py:93} INFO - Sending log: {'timestamp': '2025-05-31 14:52:21', 'level': 'ERROR', 'message': 'Payment gateway timeout'}
[2025-05-31T14:52:23.419+0000] {subprocess.py:93} INFO - Sending log: {'timestamp': '2025-05-31 14:52:23', 'level': 'INFO', 'message': 'Page loaded'}
[2025-05-31T14:52:25.420+0000] {subprocess.py:93} INFO - Sending log: {'timestamp': '2025-05-31 14:52:25', 'level': 'ERROR', 'message': 'Payment gateway timeout'}
[2025-05-31T14:52:27.416+0000] {subprocess.py:93} INFO - Sending log: {'timestamp': '2025-05-31 14:52:27', 'level': 'INFO', 'message': 'Search executed'}
[2025-05-31T14:52:29.416+0000] {subprocess.py:93} INFO - Sending log: {'timestamp': '2025-05-31 14:52:29', 'level': 'WARNING', 'message': 'High memory usage'}
[2025-05-31T14:52:31.416+0000] {subprocess.py:93} INFO - Sending log: {'timestamp': '2025-05-31 14:52:31', 'level': 'INFO', 'message': 'Page loaded'}
[2025-05-31T14:52:33.417+0000] {subprocess.py:93} INFO - Sending log: {'timestamp': '2025-05-31 14:52:33', 'level': 'ERROR', 'message': 'Database connection failed'}
[2025-05-31T14:52:35.417+0000] {subprocess.py:93} INFO - Sending log: {'timestamp': '2025-05-31 14:52:35', 'level': 'INFO', 'message': 'Search executed'}
[2025-05-31T14:52:37.418+0000] {subprocess.py:93} INFO - Sending log: {'timestamp': '2025-05-31 14:52:37', 'level': 'INFO', 'message': 'Search executed'}
[2025-05-31T14:52:39.418+0000] {subprocess.py:93} INFO - Sending log: {'timestamp': '2025-05-31 14:52:39', 'level': 'ERROR', 'message': 'Database connection failed'}
[2025-05-31T14:52:41.455+0000] {subprocess.py:93} INFO - Sending log: {'timestamp': '2025-05-31 14:52:41', 'level': 'WARNING', 'message': 'High memory usage'}
[2025-05-31T14:52:43.456+0000] {subprocess.py:93} INFO - Sending log: {'timestamp': '2025-05-31 14:52:43', 'level': 'WARNING', 'message': 'High memory usage'}
[2025-05-31T14:52:45.456+0000] {subprocess.py:93} INFO - Sending log: {'timestamp': '2025-05-31 14:52:45', 'level': 'WARNING', 'message': 'High memory usage'}
[2025-05-31T14:52:47.456+0000] {subprocess.py:93} INFO - Sending log: {'timestamp': '2025-05-31 14:52:47', 'level': 'WARNING', 'message': 'High memory usage'}
[2025-05-31T14:52:49.457+0000] {subprocess.py:93} INFO - Sending log: {'timestamp': '2025-05-31 14:52:49', 'level': 'INFO', 'message': 'Page loaded'}
[2025-05-31T14:52:51.457+0000] {subprocess.py:93} INFO - Sending log: {'timestamp': '2025-05-31 14:52:51', 'level': 'ERROR', 'message': 'Database connection failed'}
[2025-05-31T14:52:53.458+0000] {subprocess.py:93} INFO - Sending log: {'timestamp': '2025-05-31 14:52:53', 'level': 'ERROR', 'message': 'Payment gateway timeout'}
[2025-05-31T14:52:55.458+0000] {subprocess.py:93} INFO - Sending log: {'timestamp': '2025-05-31 14:52:55', 'level': 'WARNING', 'message': 'High memory usage'}
[2025-05-31T14:52:57.455+0000] {subprocess.py:93} INFO - Sending log: {'timestamp': '2025-05-31 14:52:57', 'level': 'ERROR', 'message': 'Payment gateway timeout'}
[2025-05-31T14:52:59.456+0000] {subprocess.py:93} INFO - Sending log: {'timestamp': '2025-05-31 14:52:59', 'level': 'INFO', 'message': 'User logged in'}
[2025-05-31T14:53:01.456+0000] {subprocess.py:93} INFO - Sending log: {'timestamp': '2025-05-31 14:53:01', 'level': 'INFO', 'message': 'Search executed'}
[2025-05-31T14:53:03.457+0000] {subprocess.py:93} INFO - Sending log: {'timestamp': '2025-05-31 14:53:03', 'level': 'WARNING', 'message': 'Slow response time'}
[2025-05-31T14:53:05.457+0000] {subprocess.py:93} INFO - Sending log: {'timestamp': '2025-05-31 14:53:05', 'level': 'ERROR', 'message': 'Payment gateway timeout'}
[2025-05-31T14:53:07.457+0000] {subprocess.py:93} INFO - Sending log: {'timestamp': '2025-05-31 14:53:07', 'level': 'WARNING', 'message': 'High memory usage'}
[2025-05-31T14:53:09.458+0000] {subprocess.py:93} INFO - Sending log: {'timestamp': '2025-05-31 14:53:09', 'level': 'WARNING', 'message': 'High memory usage'}
[2025-05-31T14:53:11.458+0000] {subprocess.py:93} INFO - Sending log: {'timestamp': '2025-05-31 14:53:11', 'level': 'ERROR', 'message': 'Payment gateway timeout'}
[2025-05-31T14:53:13.459+0000] {subprocess.py:93} INFO - Sending log: {'timestamp': '2025-05-31 14:53:13', 'level': 'WARNING', 'message': 'High memory usage'}
[2025-05-31T14:53:15.518+0000] {subprocess.py:93} INFO - Sending log: {'timestamp': '2025-05-31 14:53:15', 'level': 'INFO', 'message': 'Search executed'}
[2025-05-31T14:53:17.474+0000] {subprocess.py:93} INFO - Sending log: {'timestamp': '2025-05-31 14:53:17', 'level': 'WARNING', 'message': 'High memory usage'}
[2025-05-31T14:53:19.475+0000] {subprocess.py:93} INFO - Sending log: {'timestamp': '2025-05-31 14:53:19', 'level': 'INFO', 'message': 'User logged in'}
[2025-05-31T14:53:21.485+0000] {subprocess.py:93} INFO - Sending log: {'timestamp': '2025-05-31 14:53:21', 'level': 'WARNING', 'message': 'High memory usage'}
[2025-05-31T14:53:23.486+0000] {subprocess.py:93} INFO - Sending log: {'timestamp': '2025-05-31 14:53:23', 'level': 'ERROR', 'message': 'Database connection failed'}
[2025-05-31T14:53:25.486+0000] {subprocess.py:93} INFO - Sending log: {'timestamp': '2025-05-31 14:53:25', 'level': 'WARNING', 'message': 'High memory usage'}
[2025-05-31T14:53:27.484+0000] {subprocess.py:93} INFO - Sending log: {'timestamp': '2025-05-31 14:53:27', 'level': 'WARNING', 'message': 'High memory usage'}
[2025-05-31T14:53:29.485+0000] {subprocess.py:93} INFO - Sending log: {'timestamp': '2025-05-31 14:53:29', 'level': 'INFO', 'message': 'Page loaded'}
[2025-05-31T14:53:31.486+0000] {subprocess.py:93} INFO - Sending log: {'timestamp': '2025-05-31 14:53:31', 'level': 'ERROR', 'message': 'Database connection failed'}
[2025-05-31T14:53:33.486+0000] {subprocess.py:93} INFO - Sending log: {'timestamp': '2025-05-31 14:53:33', 'level': 'ERROR', 'message': 'Payment gateway timeout'}
[2025-05-31T14:53:35.487+0000] {subprocess.py:93} INFO - Sending log: {'timestamp': '2025-05-31 14:53:35', 'level': 'INFO', 'message': 'Page loaded'}
[2025-05-31T14:53:37.487+0000] {subprocess.py:93} INFO - Sending log: {'timestamp': '2025-05-31 14:53:37', 'level': 'INFO', 'message': 'User logged in'}
[2025-05-31T14:53:39.488+0000] {subprocess.py:93} INFO - Sending log: {'timestamp': '2025-05-31 14:53:39', 'level': 'ERROR', 'message': 'Database connection failed'}
[2025-05-31T14:53:41.488+0000] {subprocess.py:93} INFO - Sending log: {'timestamp': '2025-05-31 14:53:41', 'level': 'WARNING', 'message': 'High memory usage'}
[2025-05-31T14:53:43.489+0000] {subprocess.py:93} INFO - Sending log: {'timestamp': '2025-05-31 14:53:43', 'level': 'INFO', 'message': 'Page loaded'}
[2025-05-31T14:53:45.489+0000] {subprocess.py:93} INFO - Sending log: {'timestamp': '2025-05-31 14:53:45', 'level': 'INFO', 'message': 'Search executed'}
[2025-05-31T14:53:47.489+0000] {subprocess.py:93} INFO - Sending log: {'timestamp': '2025-05-31 14:53:47', 'level': 'WARNING', 'message': 'High memory usage'}
[2025-05-31T14:53:49.490+0000] {subprocess.py:93} INFO - Sending log: {'timestamp': '2025-05-31 14:53:49', 'level': 'WARNING', 'message': 'High memory usage'}
[2025-05-31T14:53:51.490+0000] {subprocess.py:93} INFO - Sending log: {'timestamp': '2025-05-31 14:53:51', 'level': 'ERROR', 'message': 'Database connection failed'}
[2025-05-31T14:53:53.491+0000] {subprocess.py:93} INFO - Sending log: {'timestamp': '2025-05-31 14:53:53', 'level': 'INFO', 'message': 'Search executed'}
[2025-05-31T14:53:55.491+0000] {subprocess.py:93} INFO - Sending log: {'timestamp': '2025-05-31 14:53:55', 'level': 'INFO', 'message': 'Page loaded'}
[2025-05-31T14:53:57.489+0000] {subprocess.py:93} INFO - Sending log: {'timestamp': '2025-05-31 14:53:57', 'level': 'ERROR', 'message': 'Payment gateway timeout'}
[2025-05-31T14:53:59.490+0000] {subprocess.py:93} INFO - Sending log: {'timestamp': '2025-05-31 14:53:59', 'level': 'WARNING', 'message': 'Slow response time'}
[2025-05-31T14:54:01.490+0000] {subprocess.py:93} INFO - Sending log: {'timestamp': '2025-05-31 14:54:01', 'level': 'INFO', 'message': 'Page loaded'}
[2025-05-31T14:54:03.490+0000] {subprocess.py:93} INFO - Sending log: {'timestamp': '2025-05-31 14:54:03', 'level': 'INFO', 'message': 'Search executed'}
[2025-05-31T14:54:05.491+0000] {subprocess.py:93} INFO - Sending log: {'timestamp': '2025-05-31 14:54:05', 'level': 'ERROR', 'message': 'Payment gateway timeout'}
[2025-05-31T14:54:07.491+0000] {subprocess.py:93} INFO - Sending log: {'timestamp': '2025-05-31 14:54:07', 'level': 'ERROR', 'message': 'Payment gateway timeout'}
[2025-05-31T14:54:09.492+0000] {subprocess.py:93} INFO - Sending log: {'timestamp': '2025-05-31 14:54:09', 'level': 'INFO', 'message': 'Page loaded'}
[2025-05-31T14:54:11.492+0000] {subprocess.py:93} INFO - Sending log: {'timestamp': '2025-05-31 14:54:11', 'level': 'ERROR', 'message': 'Payment gateway timeout'}
[2025-05-31T14:54:13.493+0000] {subprocess.py:93} INFO - Sending log: {'timestamp': '2025-05-31 14:54:13', 'level': 'INFO', 'message': 'Page loaded'}
[2025-05-31T14:54:15.493+0000] {subprocess.py:93} INFO - Sending log: {'timestamp': '2025-05-31 14:54:15', 'level': 'INFO', 'message': 'Page loaded'}
[2025-05-31T14:54:17.494+0000] {subprocess.py:93} INFO - Sending log: {'timestamp': '2025-05-31 14:54:17', 'level': 'INFO', 'message': 'User logged in'}
[2025-05-31T14:54:19.494+0000] {subprocess.py:93} INFO - Sending log: {'timestamp': '2025-05-31 14:54:19', 'level': 'WARNING', 'message': 'High memory usage'}
[2025-05-31T14:54:21.494+0000] {subprocess.py:93} INFO - Sending log: {'timestamp': '2025-05-31 14:54:21', 'level': 'WARNING', 'message': 'High memory usage'}
[2025-05-31T14:54:23.495+0000] {subprocess.py:93} INFO - Sending log: {'timestamp': '2025-05-31 14:54:23', 'level': 'INFO', 'message': 'Page loaded'}
[2025-05-31T14:54:25.495+0000] {subprocess.py:93} INFO - Sending log: {'timestamp': '2025-05-31 14:54:25', 'level': 'INFO', 'message': 'Search executed'}
[2025-05-31T14:54:27.494+0000] {subprocess.py:93} INFO - Sending log: {'timestamp': '2025-05-31 14:54:27', 'level': 'WARNING', 'message': 'Slow response time'}
[2025-05-31T14:54:29.494+0000] {subprocess.py:93} INFO - Sending log: {'timestamp': '2025-05-31 14:54:29', 'level': 'ERROR', 'message': 'Payment gateway timeout'}
[2025-05-31T14:54:31.495+0000] {subprocess.py:93} INFO - Sending log: {'timestamp': '2025-05-31 14:54:31', 'level': 'WARNING', 'message': 'Slow response time'}
[2025-05-31T14:54:33.495+0000] {subprocess.py:93} INFO - Sending log: {'timestamp': '2025-05-31 14:54:33', 'level': 'ERROR', 'message': 'Database connection failed'}
[2025-05-31T14:54:35.495+0000] {subprocess.py:93} INFO - Sending log: {'timestamp': '2025-05-31 14:54:35', 'level': 'INFO', 'message': 'User logged in'}
[2025-05-31T14:54:37.496+0000] {subprocess.py:93} INFO - Sending log: {'timestamp': '2025-05-31 14:54:37', 'level': 'INFO', 'message': 'Search executed'}
[2025-05-31T14:54:39.496+0000] {subprocess.py:93} INFO - Sending log: {'timestamp': '2025-05-31 14:54:39', 'level': 'WARNING', 'message': 'High memory usage'}
[2025-05-31T14:54:41.497+0000] {subprocess.py:93} INFO - Sending log: {'timestamp': '2025-05-31 14:54:41', 'level': 'ERROR', 'message': 'Payment gateway timeout'}
[2025-05-31T14:54:43.497+0000] {subprocess.py:93} INFO - Sending log: {'timestamp': '2025-05-31 14:54:43', 'level': 'ERROR', 'message': 'Database connection failed'}
[2025-05-31T14:54:45.498+0000] {subprocess.py:93} INFO - Sending log: {'timestamp': '2025-05-31 14:54:45', 'level': 'WARNING', 'message': 'Slow response time'}
[2025-05-31T14:54:47.498+0000] {subprocess.py:93} INFO - Sending log: {'timestamp': '2025-05-31 14:54:47', 'level': 'ERROR', 'message': 'Database connection failed'}
[2025-05-31T14:54:49.499+0000] {subprocess.py:93} INFO - Sending log: {'timestamp': '2025-05-31 14:54:49', 'level': 'WARNING', 'message': 'Slow response time'}
[2025-05-31T14:54:51.499+0000] {subprocess.py:93} INFO - Sending log: {'timestamp': '2025-05-31 14:54:51', 'level': 'WARNING', 'message': 'High memory usage'}
[2025-05-31T14:54:53.500+0000] {subprocess.py:93} INFO - Sending log: {'timestamp': '2025-05-31 14:54:53', 'level': 'INFO', 'message': 'User logged in'}
[2025-05-31T14:54:55.500+0000] {subprocess.py:93} INFO - Sending log: {'timestamp': '2025-05-31 14:54:55', 'level': 'ERROR', 'message': 'Payment gateway timeout'}
[2025-05-31T14:54:57.499+0000] {subprocess.py:93} INFO - Sending log: {'timestamp': '2025-05-31 14:54:57', 'level': 'ERROR', 'message': 'Database connection failed'}
[2025-05-31T14:54:59.499+0000] {subprocess.py:93} INFO - Sending log: {'timestamp': '2025-05-31 14:54:59', 'level': 'WARNING', 'message': 'Slow response time'}
[2025-05-31T14:55:01.524+0000] {subprocess.py:93} INFO - Sending log: {'timestamp': '2025-05-31 14:55:01', 'level': 'ERROR', 'message': 'Database connection failed'}
[2025-05-31T14:55:03.525+0000] {subprocess.py:93} INFO - Sending log: {'timestamp': '2025-05-31 14:55:03', 'level': 'ERROR', 'message': 'Database connection failed'}
[2025-05-31T14:55:05.526+0000] {subprocess.py:93} INFO - Sending log: {'timestamp': '2025-05-31 14:55:05', 'level': 'ERROR', 'message': 'Database connection failed'}
[2025-05-31T14:55:07.526+0000] {subprocess.py:93} INFO - Sending log: {'timestamp': '2025-05-31 14:55:07', 'level': 'ERROR', 'message': 'Payment gateway timeout'}
[2025-05-31T14:55:09.526+0000] {subprocess.py:93} INFO - Sending log: {'timestamp': '2025-05-31 14:55:09', 'level': 'ERROR', 'message': 'Database connection failed'}
[2025-05-31T14:55:11.527+0000] {subprocess.py:93} INFO - Sending log: {'timestamp': '2025-05-31 14:55:11', 'level': 'WARNING', 'message': 'Slow response time'}
[2025-05-31T14:55:13.527+0000] {subprocess.py:93} INFO - Sending log: {'timestamp': '2025-05-31 14:55:13', 'level': 'WARNING', 'message': 'High memory usage'}
[2025-05-31T14:55:15.528+0000] {subprocess.py:93} INFO - Sending log: {'timestamp': '2025-05-31 14:55:15', 'level': 'ERROR', 'message': 'Payment gateway timeout'}
[2025-05-31T14:55:17.528+0000] {subprocess.py:93} INFO - Sending log: {'timestamp': '2025-05-31 14:55:17', 'level': 'INFO', 'message': 'User logged in'}
[2025-05-31T14:55:19.529+0000] {subprocess.py:93} INFO - Sending log: {'timestamp': '2025-05-31 14:55:19', 'level': 'INFO', 'message': 'Page loaded'}
[2025-05-31T14:55:21.530+0000] {subprocess.py:93} INFO - Sending log: {'timestamp': '2025-05-31 14:55:21', 'level': 'ERROR', 'message': 'Payment gateway timeout'}
[2025-05-31T14:55:23.531+0000] {subprocess.py:93} INFO - Sending log: {'timestamp': '2025-05-31 14:55:23', 'level': 'INFO', 'message': 'Search executed'}
[2025-05-31T14:55:25.531+0000] {subprocess.py:93} INFO - Sending log: {'timestamp': '2025-05-31 14:55:25', 'level': 'WARNING', 'message': 'High memory usage'}
[2025-05-31T14:55:27.531+0000] {subprocess.py:93} INFO - Sending log: {'timestamp': '2025-05-31 14:55:27', 'level': 'INFO', 'message': 'Search executed'}
[2025-05-31T14:55:29.531+0000] {subprocess.py:93} INFO - Sending log: {'timestamp': '2025-05-31 14:55:29', 'level': 'WARNING', 'message': 'Slow response time'}
[2025-05-31T14:55:31.531+0000] {subprocess.py:93} INFO - Sending log: {'timestamp': '2025-05-31 14:55:31', 'level': 'WARNING', 'message': 'High memory usage'}
[2025-05-31T14:55:33.532+0000] {subprocess.py:93} INFO - Sending log: {'timestamp': '2025-05-31 14:55:33', 'level': 'ERROR', 'message': 'Payment gateway timeout'}
[2025-05-31T14:55:35.532+0000] {subprocess.py:93} INFO - Sending log: {'timestamp': '2025-05-31 14:55:35', 'level': 'INFO', 'message': 'User logged in'}
[2025-05-31T14:55:37.533+0000] {subprocess.py:93} INFO - Sending log: {'timestamp': '2025-05-31 14:55:37', 'level': 'INFO', 'message': 'Page loaded'}
[2025-05-31T14:55:39.625+0000] {subprocess.py:93} INFO - Sending log: {'timestamp': '2025-05-31 14:55:39', 'level': 'ERROR', 'message': 'Database connection failed'}
[2025-05-31T14:55:41.720+0000] {subprocess.py:93} INFO - Sending log: {'timestamp': '2025-05-31 14:55:41', 'level': 'ERROR', 'message': 'Database connection failed'}
[2025-05-31T14:55:43.720+0000] {subprocess.py:93} INFO - Sending log: {'timestamp': '2025-05-31 14:55:43', 'level': 'INFO', 'message': 'User logged in'}
[2025-05-31T14:55:45.811+0000] {subprocess.py:93} INFO - Sending log: {'timestamp': '2025-05-31 14:55:45', 'level': 'WARNING', 'message': 'Slow response time'}
[2025-05-31T14:55:47.811+0000] {subprocess.py:93} INFO - Sending log: {'timestamp': '2025-05-31 14:55:47', 'level': 'INFO', 'message': 'Page loaded'}
[2025-05-31T14:55:49.812+0000] {subprocess.py:93} INFO - Sending log: {'timestamp': '2025-05-31 14:55:49', 'level': 'ERROR', 'message': 'Payment gateway timeout'}
[2025-05-31T14:55:52.442+0000] {subprocess.py:93} INFO - Sending log: {'timestamp': '2025-05-31 14:55:51', 'level': 'ERROR', 'message': 'Payment gateway timeout'}
[2025-05-31T14:55:54.443+0000] {subprocess.py:93} INFO - Sending log: {'timestamp': '2025-05-31 14:55:54', 'level': 'ERROR', 'message': 'Database connection failed'}
[2025-05-31T14:55:56.471+0000] {subprocess.py:93} INFO - Sending log: {'timestamp': '2025-05-31 14:55:56', 'level': 'ERROR', 'message': 'Payment gateway timeout'}
[2025-05-31T14:55:58.470+0000] {subprocess.py:93} INFO - Sending log: {'timestamp': '2025-05-31 14:55:58', 'level': 'INFO', 'message': 'User logged in'}
[2025-05-31T14:56:00.470+0000] {subprocess.py:93} INFO - Sending log: {'timestamp': '2025-05-31 14:56:00', 'level': 'WARNING', 'message': 'Slow response time'}
[2025-05-31T14:56:02.470+0000] {subprocess.py:93} INFO - Sending log: {'timestamp': '2025-05-31 14:56:02', 'level': 'ERROR', 'message': 'Database connection failed'}
[2025-05-31T14:56:04.471+0000] {subprocess.py:93} INFO - Sending log: {'timestamp': '2025-05-31 14:56:04', 'level': 'ERROR', 'message': 'Database connection failed'}
[2025-05-31T14:56:06.471+0000] {subprocess.py:93} INFO - Sending log: {'timestamp': '2025-05-31 14:56:06', 'level': 'WARNING', 'message': 'High memory usage'}
[2025-05-31T14:56:08.472+0000] {subprocess.py:93} INFO - Sending log: {'timestamp': '2025-05-31 14:56:08', 'level': 'INFO', 'message': 'User logged in'}
[2025-05-31T14:56:10.588+0000] {subprocess.py:93} INFO - Sending log: {'timestamp': '2025-05-31 14:56:10', 'level': 'INFO', 'message': 'Search executed'}
[2025-05-31T14:56:12.607+0000] {subprocess.py:93} INFO - Sending log: {'timestamp': '2025-05-31 14:56:12', 'level': 'WARNING', 'message': 'High memory usage'}
[2025-05-31T14:56:14.607+0000] {subprocess.py:93} INFO - Sending log: {'timestamp': '2025-05-31 14:56:14', 'level': 'WARNING', 'message': 'High memory usage'}
[2025-05-31T14:56:16.608+0000] {subprocess.py:93} INFO - Sending log: {'timestamp': '2025-05-31 14:56:16', 'level': 'INFO', 'message': 'Search executed'}
[2025-05-31T14:56:18.668+0000] {subprocess.py:93} INFO - Sending log: {'timestamp': '2025-05-31 14:56:18', 'level': 'ERROR', 'message': 'Payment gateway timeout'}
[2025-05-31T14:56:22.558+0000] {subprocess.py:93} INFO - Sending log: {'timestamp': '2025-05-31 14:56:22', 'level': 'ERROR', 'message': 'Database connection failed'}
[2025-05-31T14:56:25.976+0000] {subprocess.py:93} INFO - Sending log: {'timestamp': '2025-05-31 14:56:25', 'level': 'INFO', 'message': 'Search executed'}
[2025-05-31T15:27:04.054+0000] {subprocess.py:93} INFO - Sending log: {'timestamp': '2025-05-31 15:27:03', 'level': 'WARNING', 'message': 'Slow response time'}
[2025-05-31T15:27:08.679+0000] {subprocess.py:93} INFO - Sending log: {'timestamp': '2025-05-31 15:27:07', 'level': 'ERROR', 'message': 'Payment gateway timeout'}
[2025-05-31T15:27:12.828+0000] {subprocess.py:93} INFO - Sending log: {'timestamp': '2025-05-31 15:27:12', 'level': 'WARNING', 'message': 'Slow response time'}
[2025-05-31T15:27:25.010+0000] {subprocess.py:93} INFO - Sending log: {'timestamp': '2025-05-31 15:27:24', 'level': 'ERROR', 'message': 'Payment gateway timeout'}
[2025-05-31T15:28:21.593+0000] {subprocess.py:93} INFO - Sending log: {'timestamp': '2025-05-31 15:28:21', 'level': 'WARNING', 'message': 'High memory usage'}
[2025-05-31T15:28:24.205+0000] {subprocess.py:93} INFO - Sending log: {'timestamp': '2025-05-31 15:28:24', 'level': 'INFO', 'message': 'Page loaded'}
[2025-05-31T15:28:26.635+0000] {subprocess.py:93} INFO - Sending log: {'timestamp': '2025-05-31 15:28:26', 'level': 'ERROR', 'message': 'Payment gateway timeout'}
[2025-05-31T15:28:30.217+0000] {subprocess.py:93} INFO - Sending log: {'timestamp': '2025-05-31 15:28:30', 'level': 'INFO', 'message': 'Search executed'}
[2025-05-31T15:28:32.916+0000] {subprocess.py:93} INFO - Sending log: {'timestamp': '2025-05-31 15:28:32', 'level': 'WARNING', 'message': 'High memory usage'}
[2025-05-31T15:28:36.192+0000] {subprocess.py:93} INFO - Sending log: {'timestamp': '2025-05-31 15:28:36', 'level': 'WARNING', 'message': 'Slow response time'}
[2025-05-31T15:28:39.811+0000] {subprocess.py:93} INFO - Sending log: {'timestamp': '2025-05-31 15:28:39', 'level': 'ERROR', 'message': 'Payment gateway timeout'}
[2025-05-31T15:28:44.376+0000] {subprocess.py:93} INFO - Sending log: {'timestamp': '2025-05-31 15:28:44', 'level': 'INFO', 'message': 'User logged in'}
[2025-05-31T15:28:18.941+0000] {job.py:229} INFO - Heartbeat recovered after 1923.63 seconds
[2025-05-31T15:28:48.121+0000] {subprocess.py:93} INFO - Sending log: {'timestamp': '2025-05-31 15:28:47', 'level': 'WARNING', 'message': 'High memory usage'}
[2025-05-31T15:28:50.117+0000] {local_task_job_runner.py:228} ERROR - Heartbeat time limit exceeded!
[2025-05-31T15:28:54.341+0000] {local_task_job_runner.py:245} INFO - ::endgroup::
[2025-05-31T15:28:55.198+0000] {subprocess.py:93} INFO - Sending log: {'timestamp': '2025-05-31 15:28:54', 'level': 'WARNING', 'message': 'High memory usage'}
[2025-05-31T15:29:00.034+0000] {subprocess.py:93} INFO - Sending log: {'timestamp': '2025-05-31 15:28:58', 'level': 'INFO', 'message': 'Page loaded'}
[2025-05-31T15:29:01.673+0000] {subprocess.py:93} INFO - Sending log: {'timestamp': '2025-05-31 15:29:01', 'level': 'ERROR', 'message': 'Payment gateway timeout'}
[2025-05-31T15:29:04.417+0000] {subprocess.py:93} INFO - Sending log: {'timestamp': '2025-05-31 15:29:04', 'level': 'INFO', 'message': 'User logged in'}
[2025-05-31T15:29:07.744+0000] {subprocess.py:93} INFO - Sending log: {'timestamp': '2025-05-31 15:29:07', 'level': 'INFO', 'message': 'Search executed'}
[2025-05-31T15:29:07.482+0000] {process_utils.py:132} INFO - Sending 15 to group 252. PIDs of all processes in the group: [255, 252]
[2025-05-31T15:29:09.126+0000] {process_utils.py:87} INFO - Sending the signal 15 to group 252
[2025-05-31T15:29:09.639+0000] {subprocess.py:93} INFO - Sending log: {'timestamp': '2025-05-31 15:29:09', 'level': 'WARNING', 'message': 'Slow response time'}
[2025-05-31T15:29:13.986+0000] {taskinstance.py:3092} ERROR - Received SIGTERM. Terminating subprocesses.
[2025-05-31T15:29:20.394+0000] {subprocess.py:104} INFO - Sending SIGTERM signal to process group
[2025-05-31T15:30:13.827+0000] {process_utils.py:150} WARNING - process psutil.Process(pid=252, name='airflow task ru', status='running', started='14:45:10') did not respond to SIGTERM. Trying SIGKILL
[2025-05-31T15:30:32.824+0000] {process_utils.py:150} WARNING - process psutil.Process(pid=255, name='python', status='zombie', started='14:45:11') did not respond to SIGTERM. Trying SIGKILL
[2025-05-31T15:30:32.921+0000] {process_utils.py:87} INFO - Sending the signal 9 to group 252
[2025-05-31T15:30:38.975+0000] {process_utils.py:80} INFO - Process psutil.Process(pid=255, name='python', status='terminated', started='14:45:11') (255) terminated with exit code None
[2025-05-31T15:30:39.133+0000] {process_utils.py:80} INFO - Process psutil.Process(pid=252, name='airflow task ru', status='terminated', exitcode=<Negsignal.SIGKILL: -9>, started='14:45:10') (252) terminated with exit code -9
[2025-05-31T15:30:40.713+0000] {standard_task_runner.py:217} INFO - Process not found (most likely exited), stop collecting metrics
[2025-05-31T15:30:39.376+0000] {standard_task_runner.py:190} ERROR - ('Job 179 was killed before it finished (likely due to running out of memory)', 'For more information, see https://***.apache.org/docs/apache-***/stable/troubleshooting.html#LocalTaskJob-killed')
