[2025-05-31T14:37:50.024+0000] {local_task_job_runner.py:123} INFO - ::group::Pre task execution logs
[2025-05-31T14:37:50.056+0000] {taskinstance.py:2612} INFO - Dependencies all met for dep_context=non-requeueable deps ti=<TaskInstance: log_monitoring_dag.start_log_producer scheduled__2025-05-31T14:30:00+00:00 [queued]>
[2025-05-31T14:37:50.069+0000] {taskinstance.py:2612} INFO - Dependencies all met for dep_context=requeueable deps ti=<TaskInstance: log_monitoring_dag.start_log_producer scheduled__2025-05-31T14:30:00+00:00 [queued]>
[2025-05-31T14:37:50.069+0000] {taskinstance.py:2865} INFO - Starting attempt 2 of 2
[2025-05-31T14:37:50.096+0000] {taskinstance.py:2888} INFO - Executing <Task(BashOperator): start_log_producer> on 2025-05-31 14:30:00+00:00
[2025-05-31T14:37:50.118+0000] {logging_mixin.py:190} WARNING - /home/***/.local/lib/python3.12/site-packages/***/task/task_runner/standard_task_runner.py:70 DeprecationWarning: This process (pid=263) is multi-threaded, use of fork() may lead to deadlocks in the child.
[2025-05-31T14:37:50.120+0000] {standard_task_runner.py:72} INFO - Started process 269 to run task
[2025-05-31T14:37:50.120+0000] {standard_task_runner.py:104} INFO - Running: ['***', 'tasks', 'run', 'log_monitoring_dag', 'start_log_producer', 'scheduled__2025-05-31T14:30:00+00:00', '--job-id', '154', '--raw', '--subdir', 'DAGS_FOLDER/log_monitoring_dag.py', '--cfg-path', '/tmp/tmpcyr6mphh']
[2025-05-31T14:37:50.123+0000] {standard_task_runner.py:105} INFO - Job 154: Subtask start_log_producer
[2025-05-31T14:37:50.764+0000] {logging_mixin.py:190} WARNING - /home/***/.local/lib/python3.12/site-packages/***/settings.py:209 DeprecationWarning: The sql_alchemy_conn option in [core] has been moved to the sql_alchemy_conn option in [database] - the old setting has been used, but please update your config.
[2025-05-31T14:37:53.015+0000] {task_command.py:467} INFO - Running <TaskInstance: log_monitoring_dag.start_log_producer scheduled__2025-05-31T14:30:00+00:00 [running]> on host 1d31c4e9dbe9
[2025-05-31T14:37:53.017+0000] {logging_mixin.py:190} WARNING - /home/***/.local/lib/python3.12/site-packages/***/settings.py:470 DeprecationWarning: The sql_alchemy_conn option in [core] has been moved to the sql_alchemy_conn option in [database] - the old setting has been used, but please update your config.
[2025-05-31T14:37:54.835+0000] {taskinstance.py:3131} INFO - Exporting env vars: AIRFLOW_CTX_DAG_OWNER='***' AIRFLOW_CTX_DAG_ID='log_monitoring_dag' AIRFLOW_CTX_TASK_ID='start_log_producer' AIRFLOW_CTX_EXECUTION_DATE='2025-05-31T14:30:00+00:00' AIRFLOW_CTX_TRY_NUMBER='2' AIRFLOW_CTX_DAG_RUN_ID='scheduled__2025-05-31T14:30:00+00:00'
[2025-05-31T14:37:54.836+0000] {taskinstance.py:731} INFO - ::endgroup::
[2025-05-31T14:37:54.867+0000] {subprocess.py:63} INFO - Tmp dir root location: /tmp
[2025-05-31T14:37:54.872+0000] {subprocess.py:75} INFO - Running command: ['/usr/bin/bash', '-c', 'cd /opt/***/app && python -u log_producer.py']
[2025-05-31T14:37:54.887+0000] {subprocess.py:86} INFO - Output:
[2025-05-31T14:38:05.697+0000] {subprocess.py:93} INFO - Sending log: {'timestamp': '2025-05-31 14:38:05', 'level': 'ERROR', 'message': 'Payment gateway timeout'}
[2025-05-31T14:38:11.452+0000] {subprocess.py:93} INFO - Sending log: {'timestamp': '2025-05-31 14:38:11', 'level': 'WARNING', 'message': 'Slow response time'}
[2025-05-31T14:38:13.452+0000] {subprocess.py:93} INFO - Sending log: {'timestamp': '2025-05-31 14:38:13', 'level': 'WARNING', 'message': 'High memory usage'}
[2025-05-31T14:38:15.453+0000] {subprocess.py:93} INFO - Sending log: {'timestamp': '2025-05-31 14:38:15', 'level': 'ERROR', 'message': 'Database connection failed'}
[2025-05-31T14:38:17.453+0000] {subprocess.py:93} INFO - Sending log: {'timestamp': '2025-05-31 14:38:17', 'level': 'WARNING', 'message': 'Slow response time'}
[2025-05-31T14:38:20.204+0000] {subprocess.py:93} INFO - Sending log: {'timestamp': '2025-05-31 14:38:20', 'level': 'ERROR', 'message': 'Payment gateway timeout'}
[2025-05-31T14:38:24.064+0000] {subprocess.py:93} INFO - Sending log: {'timestamp': '2025-05-31 14:38:23', 'level': 'WARNING', 'message': 'Slow response time'}
[2025-05-31T14:38:36.557+0000] {subprocess.py:93} INFO - Sending log: {'timestamp': '2025-05-31 14:38:25', 'level': 'WARNING', 'message': 'Slow response time'}
[2025-05-31T14:38:38.742+0000] {subprocess.py:93} INFO - Sending log: {'timestamp': '2025-05-31 14:38:29', 'level': 'WARNING', 'message': 'Slow response time'}
