[2025-06-01T14:34:14.823+0000] {local_task_job_runner.py:123} INFO - ::group::Pre task execution logs
[2025-06-01T14:34:14.847+0000] {taskinstance.py:2612} INFO - Dependencies all met for dep_context=non-requeueable deps ti=<TaskInstance: log_monitoring_dag.start_log_producer manual__2025-06-01T14:33:57.085373+00:00 [queued]>
[2025-06-01T14:34:14.857+0000] {taskinstance.py:2612} INFO - Dependencies all met for dep_context=requeueable deps ti=<TaskInstance: log_monitoring_dag.start_log_producer manual__2025-06-01T14:33:57.085373+00:00 [queued]>
[2025-06-01T14:34:14.858+0000] {taskinstance.py:2865} INFO - Starting attempt 1 of 2
[2025-06-01T14:34:14.876+0000] {taskinstance.py:2888} INFO - Executing <Task(BashOperator): start_log_producer> on 2025-06-01 14:33:57.085373+00:00
[2025-06-01T14:34:14.884+0000] {standard_task_runner.py:104} INFO - Running: ['***', 'tasks', 'run', 'log_monitoring_dag', 'start_log_producer', 'manual__2025-06-01T14:33:57.085373+00:00', '--job-id', '164', '--raw', '--subdir', 'DAGS_FOLDER/log_monitoring_dag.py', '--cfg-path', '/tmp/tmp_pv474ld']
[2025-06-01T14:34:14.889+0000] {standard_task_runner.py:105} INFO - Job 164: Subtask start_log_producer
[2025-06-01T14:34:15.282+0000] {logging_mixin.py:190} WARNING - /home/***/.local/lib/python3.12/site-packages/***/settings.py:209 DeprecationWarning: The sql_alchemy_conn option in [core] has been moved to the sql_alchemy_conn option in [database] - the old setting has been used, but please update your config.
[2025-06-01T14:34:15.491+0000] {logging_mixin.py:190} WARNING - /home/***/.local/lib/python3.12/site-packages/***/task/task_runner/standard_task_runner.py:70 DeprecationWarning: This process (pid=301) is multi-threaded, use of fork() may lead to deadlocks in the child.
[2025-06-01T14:34:15.492+0000] {standard_task_runner.py:72} INFO - Started process 304 to run task
[2025-06-01T14:34:15.519+0000] {task_command.py:467} INFO - Running <TaskInstance: log_monitoring_dag.start_log_producer manual__2025-06-01T14:33:57.085373+00:00 [running]> on host 79450f40f799
[2025-06-01T14:34:15.986+0000] {taskinstance.py:3131} INFO - Exporting env vars: AIRFLOW_CTX_DAG_OWNER='***' AIRFLOW_CTX_DAG_ID='log_monitoring_dag' AIRFLOW_CTX_TASK_ID='start_log_producer' AIRFLOW_CTX_EXECUTION_DATE='2025-06-01T14:33:57.085373+00:00' AIRFLOW_CTX_TRY_NUMBER='1' AIRFLOW_CTX_DAG_RUN_ID='manual__2025-06-01T14:33:57.085373+00:00'
[2025-06-01T14:34:15.987+0000] {taskinstance.py:731} INFO - ::endgroup::
[2025-06-01T14:34:16.002+0000] {subprocess.py:63} INFO - Tmp dir root location: /tmp
[2025-06-01T14:34:16.004+0000] {subprocess.py:75} INFO - Running command: ['/usr/bin/bash', '-c', 'cd /opt/***/app && python -u log_producer.py']
[2025-06-01T14:34:16.013+0000] {subprocess.py:86} INFO - Output:
[2025-06-01T14:34:40.211+0000] {job.py:229} INFO - Heartbeat recovered after 26.42 seconds
[2025-06-01T14:34:51.529+0000] {job.py:229} INFO - Heartbeat recovered after 12.61 seconds
[2025-06-01T14:35:15.222+0000] {job.py:229} INFO - Heartbeat recovered after 23.76 seconds
[2025-06-01T14:35:34.754+0000] {job.py:229} INFO - Heartbeat recovered after 11.67 seconds
[2025-06-01T14:35:37.445+0000] {subprocess.py:93} INFO - Sent log: {'timestamp': '2025-06-01T14:35:35.854882', 'level': 'ERROR', 'message': 'This is a log message'}
[2025-06-01T14:35:44.995+0000] {subprocess.py:93} INFO - Sent log: {'timestamp': '2025-06-01T14:35:44.994939', 'level': 'INFO', 'message': 'This is a log message'}
[2025-06-01T14:35:46.349+0000] {subprocess.py:93} INFO - Sent log: {'timestamp': '2025-06-01T14:35:46.348531', 'level': 'WARNING', 'message': 'This is a log message'}
[2025-06-01T14:35:47.556+0000] {subprocess.py:93} INFO - Sent log: {'timestamp': '2025-06-01T14:35:47.556578', 'level': 'ERROR', 'message': 'This is a log message'}
[2025-06-01T14:35:48.927+0000] {subprocess.py:93} INFO - Sent log: {'timestamp': '2025-06-01T14:35:48.927145', 'level': 'INFO', 'message': 'This is a log message'}
[2025-06-01T14:35:50.348+0000] {subprocess.py:93} INFO - Sent log: {'timestamp': '2025-06-01T14:35:50.347350', 'level': 'ERROR', 'message': 'This is a log message'}
[2025-06-01T14:35:51.351+0000] {subprocess.py:93} INFO - Sent log: {'timestamp': '2025-06-01T14:35:51.350665', 'level': 'INFO', 'message': 'This is a log message'}
[2025-06-01T14:35:52.353+0000] {subprocess.py:93} INFO - Sent log: {'timestamp': '2025-06-01T14:35:52.353092', 'level': 'ERROR', 'message': 'This is a log message'}
[2025-06-01T14:35:53.370+0000] {subprocess.py:93} INFO - Sent log: {'timestamp': '2025-06-01T14:35:53.369822', 'level': 'ERROR', 'message': 'This is a log message'}
[2025-06-01T14:35:54.425+0000] {subprocess.py:93} INFO - Sent log: {'timestamp': '2025-06-01T14:35:54.425140', 'level': 'INFO', 'message': 'This is a log message'}
[2025-06-01T14:35:55.427+0000] {subprocess.py:93} INFO - Sent log: {'timestamp': '2025-06-01T14:35:55.427525', 'level': 'ERROR', 'message': 'This is a log message'}
[2025-06-01T14:35:56.431+0000] {subprocess.py:93} INFO - Sent log: {'timestamp': '2025-06-01T14:35:56.430446', 'level': 'INFO', 'message': 'This is a log message'}
[2025-06-01T14:35:57.461+0000] {subprocess.py:93} INFO - Sent log: {'timestamp': '2025-06-01T14:35:57.460973', 'level': 'WARNING', 'message': 'This is a log message'}
[2025-06-01T14:35:58.631+0000] {subprocess.py:93} INFO - Sent log: {'timestamp': '2025-06-01T14:35:58.630876', 'level': 'ERROR', 'message': 'This is a log message'}
[2025-06-01T14:35:59.730+0000] {subprocess.py:93} INFO - Sent log: {'timestamp': '2025-06-01T14:35:59.729660', 'level': 'INFO', 'message': 'This is a log message'}
[2025-06-01T14:36:00.732+0000] {subprocess.py:93} INFO - Sent log: {'timestamp': '2025-06-01T14:36:00.731986', 'level': 'WARNING', 'message': 'This is a log message'}
[2025-06-01T14:36:01.735+0000] {subprocess.py:93} INFO - Sent log: {'timestamp': '2025-06-01T14:36:01.734861', 'level': 'INFO', 'message': 'This is a log message'}
[2025-06-01T14:36:02.738+0000] {subprocess.py:93} INFO - Sent log: {'timestamp': '2025-06-01T14:36:02.737768', 'level': 'INFO', 'message': 'This is a log message'}
[2025-06-01T14:36:03.740+0000] {subprocess.py:93} INFO - Sent log: {'timestamp': '2025-06-01T14:36:03.740020', 'level': 'WARNING', 'message': 'This is a log message'}
[2025-06-01T14:36:04.816+0000] {subprocess.py:93} INFO - Sent log: {'timestamp': '2025-06-01T14:36:04.816450', 'level': 'INFO', 'message': 'This is a log message'}
[2025-06-01T14:36:05.819+0000] {subprocess.py:93} INFO - Sent log: {'timestamp': '2025-06-01T14:36:05.819104', 'level': 'ERROR', 'message': 'This is a log message'}
[2025-06-01T14:36:06.823+0000] {subprocess.py:93} INFO - Sent log: {'timestamp': '2025-06-01T14:36:06.822461', 'level': 'INFO', 'message': 'This is a log message'}
[2025-06-01T14:36:07.826+0000] {subprocess.py:93} INFO - Sent log: {'timestamp': '2025-06-01T14:36:07.826339', 'level': 'WARNING', 'message': 'This is a log message'}
[2025-06-01T14:36:08.862+0000] {subprocess.py:93} INFO - Sent log: {'timestamp': '2025-06-01T14:36:08.861855', 'level': 'ERROR', 'message': 'This is a log message'}
[2025-06-01T14:36:09.865+0000] {subprocess.py:93} INFO - Sent log: {'timestamp': '2025-06-01T14:36:09.865034', 'level': 'WARNING', 'message': 'This is a log message'}
[2025-06-01T14:36:10.868+0000] {subprocess.py:93} INFO - Sent log: {'timestamp': '2025-06-01T14:36:10.867954', 'level': 'WARNING', 'message': 'This is a log message'}
[2025-06-01T14:36:11.873+0000] {subprocess.py:93} INFO - Sent log: {'timestamp': '2025-06-01T14:36:11.871505', 'level': 'WARNING', 'message': 'This is a log message'}
[2025-06-01T14:36:12.877+0000] {subprocess.py:93} INFO - Sent log: {'timestamp': '2025-06-01T14:36:12.876835', 'level': 'ERROR', 'message': 'This is a log message'}
[2025-06-01T14:36:13.894+0000] {subprocess.py:93} INFO - Sent log: {'timestamp': '2025-06-01T14:36:13.893271', 'level': 'INFO', 'message': 'This is a log message'}
[2025-06-01T14:36:14.896+0000] {subprocess.py:93} INFO - Sent log: {'timestamp': '2025-06-01T14:36:14.895794', 'level': 'WARNING', 'message': 'This is a log message'}
[2025-06-01T14:36:15.979+0000] {subprocess.py:93} INFO - Sent log: {'timestamp': '2025-06-01T14:36:15.978906', 'level': 'ERROR', 'message': 'This is a log message'}
[2025-06-01T14:36:16.983+0000] {subprocess.py:93} INFO - Sent log: {'timestamp': '2025-06-01T14:36:16.982177', 'level': 'WARNING', 'message': 'This is a log message'}
[2025-06-01T14:36:17.987+0000] {subprocess.py:93} INFO - Sent log: {'timestamp': '2025-06-01T14:36:17.986588', 'level': 'ERROR', 'message': 'This is a log message'}
[2025-06-01T14:36:18.991+0000] {subprocess.py:93} INFO - Sent log: {'timestamp': '2025-06-01T14:36:18.989449', 'level': 'WARNING', 'message': 'This is a log message'}
[2025-06-01T14:36:19.996+0000] {subprocess.py:93} INFO - Sent log: {'timestamp': '2025-06-01T14:36:19.996136', 'level': 'INFO', 'message': 'This is a log message'}
[2025-06-01T14:36:21.108+0000] {subprocess.py:93} INFO - Sent log: {'timestamp': '2025-06-01T14:36:21.108607', 'level': 'WARNING', 'message': 'This is a log message'}
[2025-06-01T14:36:22.291+0000] {subprocess.py:93} INFO - Sent log: {'timestamp': '2025-06-01T14:36:22.291038', 'level': 'ERROR', 'message': 'This is a log message'}
[2025-06-01T14:36:23.424+0000] {subprocess.py:93} INFO - Sent log: {'timestamp': '2025-06-01T14:36:23.424291', 'level': 'WARNING', 'message': 'This is a log message'}
[2025-06-01T14:36:24.427+0000] {subprocess.py:93} INFO - Sent log: {'timestamp': '2025-06-01T14:36:24.426774', 'level': 'INFO', 'message': 'This is a log message'}
[2025-06-01T14:36:25.837+0000] {subprocess.py:93} INFO - Sent log: {'timestamp': '2025-06-01T14:36:25.837296', 'level': 'WARNING', 'message': 'This is a log message'}
[2025-06-01T14:36:26.840+0000] {subprocess.py:93} INFO - Sent log: {'timestamp': '2025-06-01T14:36:26.839827', 'level': 'WARNING', 'message': 'This is a log message'}
[2025-06-01T14:36:27.892+0000] {subprocess.py:93} INFO - Sent log: {'timestamp': '2025-06-01T14:36:27.891648', 'level': 'WARNING', 'message': 'This is a log message'}
[2025-06-01T14:36:29.221+0000] {subprocess.py:93} INFO - Sent log: {'timestamp': '2025-06-01T14:36:29.221216', 'level': 'INFO', 'message': 'This is a log message'}
[2025-06-01T14:36:30.231+0000] {subprocess.py:93} INFO - Sent log: {'timestamp': '2025-06-01T14:36:30.230887', 'level': 'ERROR', 'message': 'This is a log message'}
[2025-06-01T14:36:31.356+0000] {subprocess.py:93} INFO - Sent log: {'timestamp': '2025-06-01T14:36:31.355907', 'level': 'WARNING', 'message': 'This is a log message'}
[2025-06-01T14:36:32.818+0000] {subprocess.py:93} INFO - Sent log: {'timestamp': '2025-06-01T14:36:32.818488', 'level': 'WARNING', 'message': 'This is a log message'}
[2025-06-01T14:36:33.873+0000] {subprocess.py:93} INFO - Sent log: {'timestamp': '2025-06-01T14:36:33.873566', 'level': 'INFO', 'message': 'This is a log message'}
[2025-06-01T14:36:34.934+0000] {subprocess.py:93} INFO - Sent log: {'timestamp': '2025-06-01T14:36:34.934029', 'level': 'INFO', 'message': 'This is a log message'}
[2025-06-01T14:36:35.937+0000] {subprocess.py:93} INFO - Sent log: {'timestamp': '2025-06-01T14:36:35.936750', 'level': 'WARNING', 'message': 'This is a log message'}
[2025-06-01T14:36:36.973+0000] {subprocess.py:93} INFO - Sent log: {'timestamp': '2025-06-01T14:36:36.970902', 'level': 'WARNING', 'message': 'This is a log message'}
[2025-06-01T14:36:37.990+0000] {subprocess.py:93} INFO - Sent log: {'timestamp': '2025-06-01T14:36:37.989208', 'level': 'WARNING', 'message': 'This is a log message'}
[2025-06-01T14:36:38.993+0000] {subprocess.py:93} INFO - Sent log: {'timestamp': '2025-06-01T14:36:38.992671', 'level': 'ERROR', 'message': 'This is a log message'}
[2025-06-01T14:36:40.092+0000] {subprocess.py:93} INFO - Sent log: {'timestamp': '2025-06-01T14:36:40.091500', 'level': 'WARNING', 'message': 'This is a log message'}
[2025-06-01T14:36:41.096+0000] {subprocess.py:93} INFO - Sent log: {'timestamp': '2025-06-01T14:36:41.094838', 'level': 'WARNING', 'message': 'This is a log message'}
[2025-06-01T14:36:42.221+0000] {subprocess.py:93} INFO - Sent log: {'timestamp': '2025-06-01T14:36:42.221488', 'level': 'INFO', 'message': 'This is a log message'}
[2025-06-01T14:36:43.224+0000] {subprocess.py:93} INFO - Sent log: {'timestamp': '2025-06-01T14:36:43.224030', 'level': 'ERROR', 'message': 'This is a log message'}
[2025-06-01T14:36:44.290+0000] {subprocess.py:93} INFO - Sent log: {'timestamp': '2025-06-01T14:36:44.289697', 'level': 'WARNING', 'message': 'This is a log message'}
[2025-06-01T14:36:45.294+0000] {subprocess.py:93} INFO - Sent log: {'timestamp': '2025-06-01T14:36:45.292255', 'level': 'ERROR', 'message': 'This is a log message'}
[2025-06-01T14:36:46.299+0000] {subprocess.py:93} INFO - Sent log: {'timestamp': '2025-06-01T14:36:46.298499', 'level': 'WARNING', 'message': 'This is a log message'}
[2025-06-01T14:36:47.301+0000] {subprocess.py:93} INFO - Sent log: {'timestamp': '2025-06-01T14:36:47.301102', 'level': 'INFO', 'message': 'This is a log message'}
[2025-06-01T14:36:48.304+0000] {subprocess.py:93} INFO - Sent log: {'timestamp': '2025-06-01T14:36:48.303913', 'level': 'WARNING', 'message': 'This is a log message'}
[2025-06-01T14:36:49.307+0000] {subprocess.py:93} INFO - Sent log: {'timestamp': '2025-06-01T14:36:49.306738', 'level': 'WARNING', 'message': 'This is a log message'}
[2025-06-01T14:36:50.309+0000] {subprocess.py:93} INFO - Sent log: {'timestamp': '2025-06-01T14:36:50.309391', 'level': 'ERROR', 'message': 'This is a log message'}
[2025-06-01T14:36:51.313+0000] {subprocess.py:93} INFO - Sent log: {'timestamp': '2025-06-01T14:36:51.312654', 'level': 'WARNING', 'message': 'This is a log message'}
[2025-06-01T14:36:52.315+0000] {subprocess.py:93} INFO - Sent log: {'timestamp': '2025-06-01T14:36:52.315365', 'level': 'WARNING', 'message': 'This is a log message'}
[2025-06-01T14:36:56.810+0000] {subprocess.py:93} INFO - Sent log: {'timestamp': '2025-06-01T14:36:56.808647', 'level': 'ERROR', 'message': 'This is a log message'}
[2025-06-01T14:36:58.602+0000] {subprocess.py:93} INFO - Sent log: {'timestamp': '2025-06-01T14:36:58.244058', 'level': 'WARNING', 'message': 'This is a log message'}
[2025-06-01T14:36:59.782+0000] {job.py:229} INFO - Heartbeat recovered after 10.74 seconds
[2025-06-01T14:36:59.889+0000] {subprocess.py:93} INFO - Sent log: {'timestamp': '2025-06-01T14:36:59.889120', 'level': 'WARNING', 'message': 'This is a log message'}
[2025-06-01T14:37:00.891+0000] {subprocess.py:93} INFO - Sent log: {'timestamp': '2025-06-01T14:37:00.891520', 'level': 'WARNING', 'message': 'This is a log message'}
[2025-06-01T14:37:01.894+0000] {subprocess.py:93} INFO - Sent log: {'timestamp': '2025-06-01T14:37:01.893966', 'level': 'ERROR', 'message': 'This is a log message'}
[2025-06-01T14:37:02.900+0000] {subprocess.py:93} INFO - Sent log: {'timestamp': '2025-06-01T14:37:02.896433', 'level': 'ERROR', 'message': 'This is a log message'}
[2025-06-01T14:37:03.921+0000] {subprocess.py:93} INFO - Sent log: {'timestamp': '2025-06-01T14:37:03.920887', 'level': 'ERROR', 'message': 'This is a log message'}
[2025-06-01T14:37:05.044+0000] {subprocess.py:93} INFO - Sent log: {'timestamp': '2025-06-01T14:37:05.040821', 'level': 'INFO', 'message': 'This is a log message'}
[2025-06-01T14:37:06.521+0000] {subprocess.py:93} INFO - Sent log: {'timestamp': '2025-06-01T14:37:06.521106', 'level': 'WARNING', 'message': 'This is a log message'}
[2025-06-01T14:37:07.525+0000] {subprocess.py:93} INFO - Sent log: {'timestamp': '2025-06-01T14:37:07.524297', 'level': 'INFO', 'message': 'This is a log message'}
[2025-06-01T14:37:08.528+0000] {subprocess.py:93} INFO - Sent log: {'timestamp': '2025-06-01T14:37:08.526821', 'level': 'WARNING', 'message': 'This is a log message'}
[2025-06-01T14:37:09.530+0000] {subprocess.py:93} INFO - Sent log: {'timestamp': '2025-06-01T14:37:09.530125', 'level': 'INFO', 'message': 'This is a log message'}
[2025-06-01T14:37:10.607+0000] {subprocess.py:93} INFO - Sent log: {'timestamp': '2025-06-01T14:37:10.607140', 'level': 'INFO', 'message': 'This is a log message'}
[2025-06-01T14:37:11.638+0000] {subprocess.py:93} INFO - Sent log: {'timestamp': '2025-06-01T14:37:11.636983', 'level': 'ERROR', 'message': 'This is a log message'}
[2025-06-01T14:37:12.649+0000] {subprocess.py:93} INFO - Sent log: {'timestamp': '2025-06-01T14:37:12.646142', 'level': 'WARNING', 'message': 'This is a log message'}
[2025-06-01T14:37:13.659+0000] {subprocess.py:93} INFO - Sent log: {'timestamp': '2025-06-01T14:37:13.656388', 'level': 'WARNING', 'message': 'This is a log message'}
[2025-06-01T14:37:14.663+0000] {subprocess.py:93} INFO - Sent log: {'timestamp': '2025-06-01T14:37:14.663111', 'level': 'ERROR', 'message': 'This is a log message'}
[2025-06-01T14:37:15.666+0000] {subprocess.py:93} INFO - Sent log: {'timestamp': '2025-06-01T14:37:15.665319', 'level': 'INFO', 'message': 'This is a log message'}
[2025-06-01T14:37:16.668+0000] {subprocess.py:93} INFO - Sent log: {'timestamp': '2025-06-01T14:37:16.667809', 'level': 'ERROR', 'message': 'This is a log message'}
[2025-06-01T14:37:17.672+0000] {subprocess.py:93} INFO - Sent log: {'timestamp': '2025-06-01T14:37:17.670005', 'level': 'WARNING', 'message': 'This is a log message'}
[2025-06-01T14:37:18.686+0000] {subprocess.py:93} INFO - Sent log: {'timestamp': '2025-06-01T14:37:18.686140', 'level': 'ERROR', 'message': 'This is a log message'}
[2025-06-01T14:37:43.804+0000] {job.py:229} INFO - Heartbeat recovered after 21.23 seconds
[2025-06-01T14:38:10.052+0000] {job.py:229} INFO - Heartbeat recovered after 26.91 seconds
[2025-06-01T14:38:38.090+0000] {job.py:229} INFO - Heartbeat recovered after 11.31 seconds
[2025-06-01T14:38:49.434+0000] {subprocess.py:97} INFO - Command exited with return code 0
[2025-06-01T14:38:50.472+0000] {job.py:229} INFO - Heartbeat recovered after 12.96 seconds
[2025-06-01T14:38:52.339+0000] {taskinstance.py:340} INFO - ::group::Post task execution logs
[2025-06-01T14:38:52.340+0000] {taskinstance.py:352} INFO - Marking task as SUCCESS. dag_id=log_monitoring_dag, task_id=start_log_producer, run_id=manual__2025-06-01T14:33:57.085373+00:00, execution_date=20250601T143357, start_date=20250601T143414, end_date=20250601T143852
[2025-06-01T14:38:52.657+0000] {local_task_job_runner.py:266} INFO - Task exited with return code 0
[2025-06-01T14:38:53.049+0000] {taskinstance.py:3900} INFO - 1 downstream tasks scheduled from follow-on schedule check
[2025-06-01T14:38:53.179+0000] {local_task_job_runner.py:245} INFO - ::endgroup::
