[2025-06-02T16:21:38.812+0000] {local_task_job_runner.py:123} INFO - ::group::Pre task execution logs
[2025-06-02T16:21:39.383+0000] {taskinstance.py:2612} INFO - Dependencies all met for dep_context=non-requeueable deps ti=<TaskInstance: log_monitoring_dag.start_spark_consumer manual__2025-06-02T15:37:47.618112+00:00 [queued]>
[2025-06-02T16:21:39.633+0000] {taskinstance.py:2612} INFO - Dependencies all met for dep_context=requeueable deps ti=<TaskInstance: log_monitoring_dag.start_spark_consumer manual__2025-06-02T15:37:47.618112+00:00 [queued]>
[2025-06-02T16:21:39.634+0000] {taskinstance.py:2865} INFO - Starting attempt 3 of 4
[2025-06-02T16:21:40.102+0000] {taskinstance.py:2888} INFO - Executing <Task(BashOperator): start_spark_consumer> on 2025-06-02 15:37:47.618112+00:00
[2025-06-02T16:21:40.112+0000] {logging_mixin.py:190} WARNING - /home/***/.local/lib/python3.12/site-packages/***/task/task_runner/standard_task_runner.py:70 DeprecationWarning: This process (pid=1960) is multi-threaded, use of fork() may lead to deadlocks in the child.
[2025-06-02T16:21:40.114+0000] {standard_task_runner.py:72} INFO - Started process 1969 to run task
[2025-06-02T16:21:40.112+0000] {standard_task_runner.py:104} INFO - Running: ['***', 'tasks', 'run', 'log_monitoring_dag', 'start_spark_consumer', 'manual__2025-06-02T15:37:47.618112+00:00', '--job-id', '125', '--raw', '--subdir', 'DAGS_FOLDER/log_monitoring_dag.py', '--cfg-path', '/tmp/tmpc8v407z9']
[2025-06-02T16:21:40.115+0000] {standard_task_runner.py:105} INFO - Job 125: Subtask start_spark_consumer
[2025-06-02T16:21:40.137+0000] {logging_mixin.py:190} WARNING - /home/***/.local/lib/python3.12/site-packages/***/settings.py:209 DeprecationWarning: The sql_alchemy_conn option in [core] has been moved to the sql_alchemy_conn option in [database] - the old setting has been used, but please update your config.
[2025-06-02T16:21:40.448+0000] {task_command.py:467} INFO - Running <TaskInstance: log_monitoring_dag.start_spark_consumer manual__2025-06-02T15:37:47.618112+00:00 [running]> on host c47ce43ea693
[2025-06-02T16:21:41.073+0000] {taskinstance.py:3131} INFO - Exporting env vars: AIRFLOW_CTX_DAG_OWNER='***' AIRFLOW_CTX_DAG_ID='log_monitoring_dag' AIRFLOW_CTX_TASK_ID='start_spark_consumer' AIRFLOW_CTX_EXECUTION_DATE='2025-06-02T15:37:47.618112+00:00' AIRFLOW_CTX_TRY_NUMBER='3' AIRFLOW_CTX_DAG_RUN_ID='manual__2025-06-02T15:37:47.618112+00:00'
[2025-06-02T16:21:41.074+0000] {taskinstance.py:731} INFO - ::endgroup::
[2025-06-02T16:21:41.928+0000] {subprocess.py:63} INFO - Tmp dir root location: /tmp
[2025-06-02T16:21:41.930+0000] {subprocess.py:75} INFO - Running command: ['/usr/bin/bash', '-c', 'bash -c "echo Starting Spark Consumer && docker exec realtime_log_monitoring-spark-1 spark-submit --packages org.apache.spark:spark-sql-kafka-0-10_2.12:3.3.0 /app/log_consumer.py && echo Finished Spark Consumer"']
[2025-06-02T16:21:42.096+0000] {subprocess.py:86} INFO - Output:
[2025-06-02T16:21:42.502+0000] {subprocess.py:93} INFO - Starting Spark Consumer
[2025-06-02T16:21:49.856+0000] {subprocess.py:93} INFO - :: loading settings :: url = jar:file:/opt/bitnami/spark/jars/ivy-2.5.0.jar!/org/apache/ivy/core/settings/ivysettings.xml
[2025-06-02T16:21:49.930+0000] {subprocess.py:93} INFO - Ivy Default Cache set to: /opt/bitnami/spark/.ivy2/cache
[2025-06-02T16:21:49.931+0000] {subprocess.py:93} INFO - The jars for the packages stored in: /opt/bitnami/spark/.ivy2/jars
[2025-06-02T16:21:49.936+0000] {subprocess.py:93} INFO - org.apache.spark#spark-sql-kafka-0-10_2.12 added as a dependency
[2025-06-02T16:21:49.937+0000] {subprocess.py:93} INFO - :: resolving dependencies :: org.apache.spark#spark-submit-parent-d10bd911-46d7-4fb7-9b6a-d04a2f88f438;1.0
[2025-06-02T16:21:49.937+0000] {subprocess.py:93} INFO - 	confs: [default]
[2025-06-02T16:21:50.162+0000] {subprocess.py:93} INFO - 	found org.apache.spark#spark-sql-kafka-0-10_2.12;3.3.0 in central
[2025-06-02T16:21:50.343+0000] {subprocess.py:93} INFO - 	found org.apache.spark#spark-token-provider-kafka-0-10_2.12;3.3.0 in central
[2025-06-02T16:21:50.453+0000] {subprocess.py:93} INFO - 	found org.apache.kafka#kafka-clients;2.8.1 in central
[2025-06-02T16:21:50.552+0000] {subprocess.py:93} INFO - 	found org.lz4#lz4-java;1.8.0 in central
[2025-06-02T16:21:50.570+0000] {subprocess.py:93} INFO - 	found org.xerial.snappy#snappy-java;1.1.8.4 in central
[2025-06-02T16:21:50.652+0000] {subprocess.py:93} INFO - 	found org.slf4j#slf4j-api;1.7.32 in central
[2025-06-02T16:21:50.752+0000] {subprocess.py:93} INFO - 	found org.apache.hadoop#hadoop-client-runtime;3.3.2 in central
[2025-06-02T16:21:50.863+0000] {subprocess.py:93} INFO - 	found org.spark-project.spark#unused;1.0.0 in central
[2025-06-02T16:21:51.051+0000] {subprocess.py:93} INFO - 	found org.apache.hadoop#hadoop-client-api;3.3.2 in central
[2025-06-02T16:21:51.138+0000] {subprocess.py:93} INFO - 	found commons-logging#commons-logging;1.1.3 in central
[2025-06-02T16:21:51.155+0000] {subprocess.py:93} INFO - 	found com.google.code.findbugs#jsr305;3.0.0 in central
[2025-06-02T16:21:51.172+0000] {subprocess.py:93} INFO - 	found org.apache.commons#commons-pool2;2.11.1 in central
[2025-06-02T16:21:51.448+0000] {subprocess.py:93} INFO - :: resolution report :: resolve 1305ms :: artifacts dl 206ms
[2025-06-02T16:21:51.449+0000] {subprocess.py:93} INFO - 	:: modules in use:
[2025-06-02T16:21:51.450+0000] {subprocess.py:93} INFO - 	com.google.code.findbugs#jsr305;3.0.0 from central in [default]
[2025-06-02T16:21:51.450+0000] {subprocess.py:93} INFO - 	commons-logging#commons-logging;1.1.3 from central in [default]
[2025-06-02T16:21:51.451+0000] {subprocess.py:93} INFO - 	org.apache.commons#commons-pool2;2.11.1 from central in [default]
[2025-06-02T16:21:51.452+0000] {subprocess.py:93} INFO - 	org.apache.hadoop#hadoop-client-api;3.3.2 from central in [default]
[2025-06-02T16:21:51.452+0000] {subprocess.py:93} INFO - 	org.apache.hadoop#hadoop-client-runtime;3.3.2 from central in [default]
[2025-06-02T16:21:51.453+0000] {subprocess.py:93} INFO - 	org.apache.kafka#kafka-clients;2.8.1 from central in [default]
[2025-06-02T16:21:51.453+0000] {subprocess.py:93} INFO - 	org.apache.spark#spark-sql-kafka-0-10_2.12;3.3.0 from central in [default]
[2025-06-02T16:21:51.454+0000] {subprocess.py:93} INFO - 	org.apache.spark#spark-token-provider-kafka-0-10_2.12;3.3.0 from central in [default]
[2025-06-02T16:21:51.454+0000] {subprocess.py:93} INFO - 	org.lz4#lz4-java;1.8.0 from central in [default]
[2025-06-02T16:21:51.455+0000] {subprocess.py:93} INFO - 	org.slf4j#slf4j-api;1.7.32 from central in [default]
[2025-06-02T16:21:51.455+0000] {subprocess.py:93} INFO - 	org.spark-project.spark#unused;1.0.0 from central in [default]
[2025-06-02T16:21:51.456+0000] {subprocess.py:93} INFO - 	org.xerial.snappy#snappy-java;1.1.8.4 from central in [default]
[2025-06-02T16:21:51.456+0000] {subprocess.py:93} INFO - 	---------------------------------------------------------------------
[2025-06-02T16:21:51.456+0000] {subprocess.py:93} INFO - 	|                  |            modules            ||   artifacts   |
[2025-06-02T16:21:51.457+0000] {subprocess.py:93} INFO - 	|       conf       | number| search|dwnlded|evicted|| number|dwnlded|
[2025-06-02T16:21:51.457+0000] {subprocess.py:93} INFO - 	---------------------------------------------------------------------
[2025-06-02T16:21:51.506+0000] {subprocess.py:93} INFO - 	|      default     |   12  |   0   |   0   |   0   ||   12  |   0   |
[2025-06-02T16:21:51.507+0000] {subprocess.py:93} INFO - 	---------------------------------------------------------------------
[2025-06-02T16:21:51.538+0000] {subprocess.py:93} INFO - :: retrieving :: org.apache.spark#spark-submit-parent-d10bd911-46d7-4fb7-9b6a-d04a2f88f438
[2025-06-02T16:21:51.539+0000] {subprocess.py:93} INFO - 	confs: [default]
[2025-06-02T16:21:51.557+0000] {subprocess.py:93} INFO - 	0 artifacts copied, 12 already retrieved (0kB/18ms)
[2025-06-02T16:21:52.523+0000] {subprocess.py:93} INFO - 25/06/02 16:21:52 WARN NativeCodeLoader: Unable to load native-hadoop library for your platform... using builtin-java classes where applicable
[2025-06-02T16:21:56.502+0000] {subprocess.py:93} INFO - 25/06/02 16:21:56 INFO SparkContext: Running Spark version 3.3.0
[2025-06-02T16:21:56.528+0000] {subprocess.py:93} INFO - 25/06/02 16:21:56 INFO ResourceUtils: ==============================================================
[2025-06-02T16:21:56.533+0000] {subprocess.py:93} INFO - 25/06/02 16:21:56 INFO ResourceUtils: No custom resources configured for spark.driver.
[2025-06-02T16:21:56.533+0000] {subprocess.py:93} INFO - 25/06/02 16:21:56 INFO ResourceUtils: ==============================================================
[2025-06-02T16:21:56.534+0000] {subprocess.py:93} INFO - 25/06/02 16:21:56 INFO SparkContext: Submitted application: KafkaLogConsumerBatch
[2025-06-02T16:21:56.565+0000] {subprocess.py:93} INFO - 25/06/02 16:21:56 INFO ResourceProfile: Default ResourceProfile created, executor resources: Map(cores -> name: cores, amount: 1, script: , vendor: , memory -> name: memory, amount: 1024, script: , vendor: , offHeap -> name: offHeap, amount: 0, script: , vendor: ), task resources: Map(cpus -> name: cpus, amount: 1.0)
[2025-06-02T16:21:56.576+0000] {subprocess.py:93} INFO - 25/06/02 16:21:56 INFO ResourceProfile: Limiting resource is cpu
[2025-06-02T16:21:56.577+0000] {subprocess.py:93} INFO - 25/06/02 16:21:56 INFO ResourceProfileManager: Added ResourceProfile id: 0
[2025-06-02T16:21:56.657+0000] {subprocess.py:93} INFO - 25/06/02 16:21:56 INFO SecurityManager: Changing view acls to: spark
[2025-06-02T16:21:56.658+0000] {subprocess.py:93} INFO - 25/06/02 16:21:56 INFO SecurityManager: Changing modify acls to: spark
[2025-06-02T16:21:56.659+0000] {subprocess.py:93} INFO - 25/06/02 16:21:56 INFO SecurityManager: Changing view acls groups to:
[2025-06-02T16:21:56.660+0000] {subprocess.py:93} INFO - 25/06/02 16:21:56 INFO SecurityManager: Changing modify acls groups to:
[2025-06-02T16:21:56.661+0000] {subprocess.py:93} INFO - 25/06/02 16:21:56 INFO SecurityManager: SecurityManager: authentication disabled; ui acls disabled; users  with view permissions: Set(spark); groups with view permissions: Set(); users  with modify permissions: Set(spark); groups with modify permissions: Set()
[2025-06-02T16:21:57.258+0000] {subprocess.py:93} INFO - 25/06/02 16:21:57 INFO Utils: Successfully started service 'sparkDriver' on port 46139.
[2025-06-02T16:21:57.711+0000] {subprocess.py:93} INFO - 25/06/02 16:21:57 INFO SparkEnv: Registering MapOutputTracker
[2025-06-02T16:21:57.810+0000] {subprocess.py:93} INFO - 25/06/02 16:21:57 INFO SparkEnv: Registering BlockManagerMaster
[2025-06-02T16:21:57.844+0000] {subprocess.py:93} INFO - 25/06/02 16:21:57 INFO BlockManagerMasterEndpoint: Using org.apache.spark.storage.DefaultTopologyMapper for getting topology information
[2025-06-02T16:21:57.845+0000] {subprocess.py:93} INFO - 25/06/02 16:21:57 INFO BlockManagerMasterEndpoint: BlockManagerMasterEndpoint up
[2025-06-02T16:21:57.851+0000] {subprocess.py:93} INFO - 25/06/02 16:21:57 INFO SparkEnv: Registering BlockManagerMasterHeartbeat
[2025-06-02T16:21:57.886+0000] {subprocess.py:93} INFO - 25/06/02 16:21:57 INFO DiskBlockManager: Created local directory at /tmp/blockmgr-6c0181ba-3533-4d70-8020-ecaf8cbaec18
[2025-06-02T16:21:57.905+0000] {subprocess.py:93} INFO - 25/06/02 16:21:57 INFO MemoryStore: MemoryStore started with capacity 366.3 MiB
[2025-06-02T16:21:57.963+0000] {subprocess.py:93} INFO - 25/06/02 16:21:57 INFO SparkEnv: Registering OutputCommitCoordinator
[2025-06-02T16:21:58.336+0000] {subprocess.py:93} INFO - 25/06/02 16:21:58 INFO Utils: Successfully started service 'SparkUI' on port 4040.
[2025-06-02T16:21:58.425+0000] {subprocess.py:93} INFO - 25/06/02 16:21:58 INFO SparkContext: Added JAR file:///opt/bitnami/spark/.ivy2/jars/org.apache.spark_spark-sql-kafka-0-10_2.12-3.3.0.jar at spark://41026342dcb2:46139/jars/org.apache.spark_spark-sql-kafka-0-10_2.12-3.3.0.jar with timestamp 1748881316489
[2025-06-02T16:21:58.425+0000] {subprocess.py:93} INFO - 25/06/02 16:21:58 INFO SparkContext: Added JAR file:///opt/bitnami/spark/.ivy2/jars/org.apache.spark_spark-token-provider-kafka-0-10_2.12-3.3.0.jar at spark://41026342dcb2:46139/jars/org.apache.spark_spark-token-provider-kafka-0-10_2.12-3.3.0.jar with timestamp 1748881316489
[2025-06-02T16:21:58.426+0000] {subprocess.py:93} INFO - 25/06/02 16:21:58 INFO SparkContext: Added JAR file:///opt/bitnami/spark/.ivy2/jars/org.apache.kafka_kafka-clients-2.8.1.jar at spark://41026342dcb2:46139/jars/org.apache.kafka_kafka-clients-2.8.1.jar with timestamp 1748881316489
[2025-06-02T16:21:58.426+0000] {subprocess.py:93} INFO - 25/06/02 16:21:58 INFO SparkContext: Added JAR file:///opt/bitnami/spark/.ivy2/jars/com.google.code.findbugs_jsr305-3.0.0.jar at spark://41026342dcb2:46139/jars/com.google.code.findbugs_jsr305-3.0.0.jar with timestamp 1748881316489
[2025-06-02T16:21:58.427+0000] {subprocess.py:93} INFO - 25/06/02 16:21:58 INFO SparkContext: Added JAR file:///opt/bitnami/spark/.ivy2/jars/org.apache.commons_commons-pool2-2.11.1.jar at spark://41026342dcb2:46139/jars/org.apache.commons_commons-pool2-2.11.1.jar with timestamp 1748881316489
[2025-06-02T16:21:58.427+0000] {subprocess.py:93} INFO - 25/06/02 16:21:58 INFO SparkContext: Added JAR file:///opt/bitnami/spark/.ivy2/jars/org.spark-project.spark_unused-1.0.0.jar at spark://41026342dcb2:46139/jars/org.spark-project.spark_unused-1.0.0.jar with timestamp 1748881316489
[2025-06-02T16:21:58.427+0000] {subprocess.py:93} INFO - 25/06/02 16:21:58 INFO SparkContext: Added JAR file:///opt/bitnami/spark/.ivy2/jars/org.apache.hadoop_hadoop-client-runtime-3.3.2.jar at spark://41026342dcb2:46139/jars/org.apache.hadoop_hadoop-client-runtime-3.3.2.jar with timestamp 1748881316489
[2025-06-02T16:21:58.428+0000] {subprocess.py:93} INFO - 25/06/02 16:21:58 INFO SparkContext: Added JAR file:///opt/bitnami/spark/.ivy2/jars/org.lz4_lz4-java-1.8.0.jar at spark://41026342dcb2:46139/jars/org.lz4_lz4-java-1.8.0.jar with timestamp 1748881316489
[2025-06-02T16:21:58.428+0000] {subprocess.py:93} INFO - 25/06/02 16:21:58 INFO SparkContext: Added JAR file:///opt/bitnami/spark/.ivy2/jars/org.xerial.snappy_snappy-java-1.1.8.4.jar at spark://41026342dcb2:46139/jars/org.xerial.snappy_snappy-java-1.1.8.4.jar with timestamp 1748881316489
[2025-06-02T16:21:58.428+0000] {subprocess.py:93} INFO - 25/06/02 16:21:58 INFO SparkContext: Added JAR file:///opt/bitnami/spark/.ivy2/jars/org.slf4j_slf4j-api-1.7.32.jar at spark://41026342dcb2:46139/jars/org.slf4j_slf4j-api-1.7.32.jar with timestamp 1748881316489
[2025-06-02T16:21:58.429+0000] {subprocess.py:93} INFO - 25/06/02 16:21:58 INFO SparkContext: Added JAR file:///opt/bitnami/spark/.ivy2/jars/org.apache.hadoop_hadoop-client-api-3.3.2.jar at spark://41026342dcb2:46139/jars/org.apache.hadoop_hadoop-client-api-3.3.2.jar with timestamp 1748881316489
[2025-06-02T16:21:58.429+0000] {subprocess.py:93} INFO - 25/06/02 16:21:58 INFO SparkContext: Added JAR file:///opt/bitnami/spark/.ivy2/jars/commons-logging_commons-logging-1.1.3.jar at spark://41026342dcb2:46139/jars/commons-logging_commons-logging-1.1.3.jar with timestamp 1748881316489
[2025-06-02T16:21:58.430+0000] {subprocess.py:93} INFO - 25/06/02 16:21:58 INFO SparkContext: Added file file:///opt/bitnami/spark/.ivy2/jars/org.apache.spark_spark-sql-kafka-0-10_2.12-3.3.0.jar at file:///opt/bitnami/spark/.ivy2/jars/org.apache.spark_spark-sql-kafka-0-10_2.12-3.3.0.jar with timestamp 1748881316489
[2025-06-02T16:21:58.430+0000] {subprocess.py:93} INFO - 25/06/02 16:21:58 INFO Utils: Copying /opt/bitnami/spark/.ivy2/jars/org.apache.spark_spark-sql-kafka-0-10_2.12-3.3.0.jar to /tmp/spark-d2f28c56-b714-4339-8eb0-078eb6c53eae/userFiles-2f2a1a01-08b6-4c27-8e43-562630552160/org.apache.spark_spark-sql-kafka-0-10_2.12-3.3.0.jar
[2025-06-02T16:21:58.858+0000] {subprocess.py:93} INFO - 25/06/02 16:21:58 INFO SparkContext: Added file file:///opt/bitnami/spark/.ivy2/jars/org.apache.spark_spark-token-provider-kafka-0-10_2.12-3.3.0.jar at file:///opt/bitnami/spark/.ivy2/jars/org.apache.spark_spark-token-provider-kafka-0-10_2.12-3.3.0.jar with timestamp 1748881316489
[2025-06-02T16:21:58.858+0000] {subprocess.py:93} INFO - 25/06/02 16:21:58 INFO Utils: Copying /opt/bitnami/spark/.ivy2/jars/org.apache.spark_spark-token-provider-kafka-0-10_2.12-3.3.0.jar to /tmp/spark-d2f28c56-b714-4339-8eb0-078eb6c53eae/userFiles-2f2a1a01-08b6-4c27-8e43-562630552160/org.apache.spark_spark-token-provider-kafka-0-10_2.12-3.3.0.jar
[2025-06-02T16:21:59.087+0000] {subprocess.py:93} INFO - 25/06/02 16:21:59 INFO SparkContext: Added file file:///opt/bitnami/spark/.ivy2/jars/org.apache.kafka_kafka-clients-2.8.1.jar at file:///opt/bitnami/spark/.ivy2/jars/org.apache.kafka_kafka-clients-2.8.1.jar with timestamp 1748881316489
[2025-06-02T16:21:59.088+0000] {subprocess.py:93} INFO - 25/06/02 16:21:59 INFO Utils: Copying /opt/bitnami/spark/.ivy2/jars/org.apache.kafka_kafka-clients-2.8.1.jar to /tmp/spark-d2f28c56-b714-4339-8eb0-078eb6c53eae/userFiles-2f2a1a01-08b6-4c27-8e43-562630552160/org.apache.kafka_kafka-clients-2.8.1.jar
[2025-06-02T16:21:59.435+0000] {subprocess.py:93} INFO - 25/06/02 16:21:59 INFO SparkContext: Added file file:///opt/bitnami/spark/.ivy2/jars/com.google.code.findbugs_jsr305-3.0.0.jar at file:///opt/bitnami/spark/.ivy2/jars/com.google.code.findbugs_jsr305-3.0.0.jar with timestamp 1748881316489
[2025-06-02T16:21:59.436+0000] {subprocess.py:93} INFO - 25/06/02 16:21:59 INFO Utils: Copying /opt/bitnami/spark/.ivy2/jars/com.google.code.findbugs_jsr305-3.0.0.jar to /tmp/spark-d2f28c56-b714-4339-8eb0-078eb6c53eae/userFiles-2f2a1a01-08b6-4c27-8e43-562630552160/com.google.code.findbugs_jsr305-3.0.0.jar
[2025-06-02T16:21:59.967+0000] {subprocess.py:93} INFO - 25/06/02 16:21:59 INFO SparkContext: Added file file:///opt/bitnami/spark/.ivy2/jars/org.apache.commons_commons-pool2-2.11.1.jar at file:///opt/bitnami/spark/.ivy2/jars/org.apache.commons_commons-pool2-2.11.1.jar with timestamp 1748881316489
[2025-06-02T16:21:59.967+0000] {subprocess.py:93} INFO - 25/06/02 16:21:59 INFO Utils: Copying /opt/bitnami/spark/.ivy2/jars/org.apache.commons_commons-pool2-2.11.1.jar to /tmp/spark-d2f28c56-b714-4339-8eb0-078eb6c53eae/userFiles-2f2a1a01-08b6-4c27-8e43-562630552160/org.apache.commons_commons-pool2-2.11.1.jar
[2025-06-02T16:22:00.465+0000] {subprocess.py:93} INFO - 25/06/02 16:22:00 INFO SparkContext: Added file file:///opt/bitnami/spark/.ivy2/jars/org.spark-project.spark_unused-1.0.0.jar at file:///opt/bitnami/spark/.ivy2/jars/org.spark-project.spark_unused-1.0.0.jar with timestamp 1748881316489
[2025-06-02T16:22:00.465+0000] {subprocess.py:93} INFO - 25/06/02 16:22:00 INFO Utils: Copying /opt/bitnami/spark/.ivy2/jars/org.spark-project.spark_unused-1.0.0.jar to /tmp/spark-d2f28c56-b714-4339-8eb0-078eb6c53eae/userFiles-2f2a1a01-08b6-4c27-8e43-562630552160/org.spark-project.spark_unused-1.0.0.jar
[2025-06-02T16:22:01.006+0000] {subprocess.py:93} INFO - 25/06/02 16:22:01 INFO SparkContext: Added file file:///opt/bitnami/spark/.ivy2/jars/org.apache.hadoop_hadoop-client-runtime-3.3.2.jar at file:///opt/bitnami/spark/.ivy2/jars/org.apache.hadoop_hadoop-client-runtime-3.3.2.jar with timestamp 1748881316489
[2025-06-02T16:22:01.007+0000] {subprocess.py:93} INFO - 25/06/02 16:22:01 INFO Utils: Copying /opt/bitnami/spark/.ivy2/jars/org.apache.hadoop_hadoop-client-runtime-3.3.2.jar to /tmp/spark-d2f28c56-b714-4339-8eb0-078eb6c53eae/userFiles-2f2a1a01-08b6-4c27-8e43-562630552160/org.apache.hadoop_hadoop-client-runtime-3.3.2.jar
[2025-06-02T16:22:02.841+0000] {subprocess.py:93} INFO - 25/06/02 16:22:02 INFO SparkContext: Added file file:///opt/bitnami/spark/.ivy2/jars/org.lz4_lz4-java-1.8.0.jar at file:///opt/bitnami/spark/.ivy2/jars/org.lz4_lz4-java-1.8.0.jar with timestamp 1748881316489
[2025-06-02T16:22:02.842+0000] {subprocess.py:93} INFO - 25/06/02 16:22:02 INFO Utils: Copying /opt/bitnami/spark/.ivy2/jars/org.lz4_lz4-java-1.8.0.jar to /tmp/spark-d2f28c56-b714-4339-8eb0-078eb6c53eae/userFiles-2f2a1a01-08b6-4c27-8e43-562630552160/org.lz4_lz4-java-1.8.0.jar
[2025-06-02T16:22:03.083+0000] {subprocess.py:93} INFO - 25/06/02 16:22:03 INFO SparkContext: Added file file:///opt/bitnami/spark/.ivy2/jars/org.xerial.snappy_snappy-java-1.1.8.4.jar at file:///opt/bitnami/spark/.ivy2/jars/org.xerial.snappy_snappy-java-1.1.8.4.jar with timestamp 1748881316489
[2025-06-02T16:22:03.083+0000] {subprocess.py:93} INFO - 25/06/02 16:22:03 INFO Utils: Copying /opt/bitnami/spark/.ivy2/jars/org.xerial.snappy_snappy-java-1.1.8.4.jar to /tmp/spark-d2f28c56-b714-4339-8eb0-078eb6c53eae/userFiles-2f2a1a01-08b6-4c27-8e43-562630552160/org.xerial.snappy_snappy-java-1.1.8.4.jar
[2025-06-02T16:22:03.384+0000] {subprocess.py:93} INFO - 25/06/02 16:22:03 INFO SparkContext: Added file file:///opt/bitnami/spark/.ivy2/jars/org.slf4j_slf4j-api-1.7.32.jar at file:///opt/bitnami/spark/.ivy2/jars/org.slf4j_slf4j-api-1.7.32.jar with timestamp 1748881316489
[2025-06-02T16:22:03.385+0000] {subprocess.py:93} INFO - 25/06/02 16:22:03 INFO Utils: Copying /opt/bitnami/spark/.ivy2/jars/org.slf4j_slf4j-api-1.7.32.jar to /tmp/spark-d2f28c56-b714-4339-8eb0-078eb6c53eae/userFiles-2f2a1a01-08b6-4c27-8e43-562630552160/org.slf4j_slf4j-api-1.7.32.jar
[2025-06-02T16:22:03.627+0000] {subprocess.py:93} INFO - 25/06/02 16:22:03 INFO SparkContext: Added file file:///opt/bitnami/spark/.ivy2/jars/org.apache.hadoop_hadoop-client-api-3.3.2.jar at file:///opt/bitnami/spark/.ivy2/jars/org.apache.hadoop_hadoop-client-api-3.3.2.jar with timestamp 1748881316489
[2025-06-02T16:22:03.628+0000] {subprocess.py:93} INFO - 25/06/02 16:22:03 INFO Utils: Copying /opt/bitnami/spark/.ivy2/jars/org.apache.hadoop_hadoop-client-api-3.3.2.jar to /tmp/spark-d2f28c56-b714-4339-8eb0-078eb6c53eae/userFiles-2f2a1a01-08b6-4c27-8e43-562630552160/org.apache.hadoop_hadoop-client-api-3.3.2.jar
[2025-06-02T16:22:04.846+0000] {subprocess.py:93} INFO - 25/06/02 16:22:04 INFO SparkContext: Added file file:///opt/bitnami/spark/.ivy2/jars/commons-logging_commons-logging-1.1.3.jar at file:///opt/bitnami/spark/.ivy2/jars/commons-logging_commons-logging-1.1.3.jar with timestamp 1748881316489
[2025-06-02T16:22:04.847+0000] {subprocess.py:93} INFO - 25/06/02 16:22:04 INFO Utils: Copying /opt/bitnami/spark/.ivy2/jars/commons-logging_commons-logging-1.1.3.jar to /tmp/spark-d2f28c56-b714-4339-8eb0-078eb6c53eae/userFiles-2f2a1a01-08b6-4c27-8e43-562630552160/commons-logging_commons-logging-1.1.3.jar
[2025-06-02T16:22:05.223+0000] {subprocess.py:93} INFO - 25/06/02 16:22:05 INFO Executor: Starting executor ID driver on host 41026342dcb2
[2025-06-02T16:22:05.231+0000] {subprocess.py:93} INFO - 25/06/02 16:22:05 INFO Executor: Starting executor with user classpath (userClassPathFirst = false): ''
[2025-06-02T16:22:05.241+0000] {subprocess.py:93} INFO - 25/06/02 16:22:05 INFO Executor: Fetching file:///opt/bitnami/spark/.ivy2/jars/commons-logging_commons-logging-1.1.3.jar with timestamp 1748881316489
[2025-06-02T16:22:05.260+0000] {subprocess.py:93} INFO - 25/06/02 16:22:05 INFO Utils: /opt/bitnami/spark/.ivy2/jars/commons-logging_commons-logging-1.1.3.jar has been previously copied to /tmp/spark-d2f28c56-b714-4339-8eb0-078eb6c53eae/userFiles-2f2a1a01-08b6-4c27-8e43-562630552160/commons-logging_commons-logging-1.1.3.jar
[2025-06-02T16:22:05.545+0000] {subprocess.py:93} INFO - 25/06/02 16:22:05 INFO Executor: Fetching file:///opt/bitnami/spark/.ivy2/jars/org.apache.hadoop_hadoop-client-runtime-3.3.2.jar with timestamp 1748881316489
[2025-06-02T16:22:05.574+0000] {subprocess.py:93} INFO - 25/06/02 16:22:05 INFO Utils: /opt/bitnami/spark/.ivy2/jars/org.apache.hadoop_hadoop-client-runtime-3.3.2.jar has been previously copied to /tmp/spark-d2f28c56-b714-4339-8eb0-078eb6c53eae/userFiles-2f2a1a01-08b6-4c27-8e43-562630552160/org.apache.hadoop_hadoop-client-runtime-3.3.2.jar
[2025-06-02T16:22:05.995+0000] {subprocess.py:93} INFO - 25/06/02 16:22:05 INFO Executor: Fetching file:///opt/bitnami/spark/.ivy2/jars/org.apache.commons_commons-pool2-2.11.1.jar with timestamp 1748881316489
[2025-06-02T16:22:05.996+0000] {subprocess.py:93} INFO - 25/06/02 16:22:05 INFO Utils: /opt/bitnami/spark/.ivy2/jars/org.apache.commons_commons-pool2-2.11.1.jar has been previously copied to /tmp/spark-d2f28c56-b714-4339-8eb0-078eb6c53eae/userFiles-2f2a1a01-08b6-4c27-8e43-562630552160/org.apache.commons_commons-pool2-2.11.1.jar
[2025-06-02T16:22:06.529+0000] {subprocess.py:93} INFO - 25/06/02 16:22:06 INFO Executor: Fetching file:///opt/bitnami/spark/.ivy2/jars/org.slf4j_slf4j-api-1.7.32.jar with timestamp 1748881316489
[2025-06-02T16:22:06.530+0000] {subprocess.py:93} INFO - 25/06/02 16:22:06 INFO Utils: /opt/bitnami/spark/.ivy2/jars/org.slf4j_slf4j-api-1.7.32.jar has been previously copied to /tmp/spark-d2f28c56-b714-4339-8eb0-078eb6c53eae/userFiles-2f2a1a01-08b6-4c27-8e43-562630552160/org.slf4j_slf4j-api-1.7.32.jar
[2025-06-02T16:22:06.887+0000] {subprocess.py:93} INFO - 25/06/02 16:22:06 INFO Executor: Fetching file:///opt/bitnami/spark/.ivy2/jars/org.lz4_lz4-java-1.8.0.jar with timestamp 1748881316489
[2025-06-02T16:22:06.888+0000] {subprocess.py:93} INFO - 25/06/02 16:22:06 INFO Utils: /opt/bitnami/spark/.ivy2/jars/org.lz4_lz4-java-1.8.0.jar has been previously copied to /tmp/spark-d2f28c56-b714-4339-8eb0-078eb6c53eae/userFiles-2f2a1a01-08b6-4c27-8e43-562630552160/org.lz4_lz4-java-1.8.0.jar
[2025-06-02T16:22:07.071+0000] {subprocess.py:93} INFO - 25/06/02 16:22:07 INFO Executor: Fetching file:///opt/bitnami/spark/.ivy2/jars/org.apache.kafka_kafka-clients-2.8.1.jar with timestamp 1748881316489
[2025-06-02T16:22:07.078+0000] {subprocess.py:93} INFO - 25/06/02 16:22:07 INFO Utils: /opt/bitnami/spark/.ivy2/jars/org.apache.kafka_kafka-clients-2.8.1.jar has been previously copied to /tmp/spark-d2f28c56-b714-4339-8eb0-078eb6c53eae/userFiles-2f2a1a01-08b6-4c27-8e43-562630552160/org.apache.kafka_kafka-clients-2.8.1.jar
[2025-06-02T16:22:07.363+0000] {subprocess.py:93} INFO - 25/06/02 16:22:07 INFO Executor: Fetching file:///opt/bitnami/spark/.ivy2/jars/org.apache.spark_spark-token-provider-kafka-0-10_2.12-3.3.0.jar with timestamp 1748881316489
[2025-06-02T16:22:07.364+0000] {subprocess.py:93} INFO - 25/06/02 16:22:07 INFO Utils: /opt/bitnami/spark/.ivy2/jars/org.apache.spark_spark-token-provider-kafka-0-10_2.12-3.3.0.jar has been previously copied to /tmp/spark-d2f28c56-b714-4339-8eb0-078eb6c53eae/userFiles-2f2a1a01-08b6-4c27-8e43-562630552160/org.apache.spark_spark-token-provider-kafka-0-10_2.12-3.3.0.jar
[2025-06-02T16:22:07.664+0000] {subprocess.py:93} INFO - 25/06/02 16:22:07 INFO Executor: Fetching file:///opt/bitnami/spark/.ivy2/jars/com.google.code.findbugs_jsr305-3.0.0.jar with timestamp 1748881316489
[2025-06-02T16:22:07.665+0000] {subprocess.py:93} INFO - 25/06/02 16:22:07 INFO Utils: /opt/bitnami/spark/.ivy2/jars/com.google.code.findbugs_jsr305-3.0.0.jar has been previously copied to /tmp/spark-d2f28c56-b714-4339-8eb0-078eb6c53eae/userFiles-2f2a1a01-08b6-4c27-8e43-562630552160/com.google.code.findbugs_jsr305-3.0.0.jar
[2025-06-02T16:22:07.943+0000] {subprocess.py:93} INFO - 25/06/02 16:22:07 INFO Executor: Fetching file:///opt/bitnami/spark/.ivy2/jars/org.xerial.snappy_snappy-java-1.1.8.4.jar with timestamp 1748881316489
[2025-06-02T16:22:07.954+0000] {subprocess.py:93} INFO - 25/06/02 16:22:07 INFO Utils: /opt/bitnami/spark/.ivy2/jars/org.xerial.snappy_snappy-java-1.1.8.4.jar has been previously copied to /tmp/spark-d2f28c56-b714-4339-8eb0-078eb6c53eae/userFiles-2f2a1a01-08b6-4c27-8e43-562630552160/org.xerial.snappy_snappy-java-1.1.8.4.jar
[2025-06-02T16:22:08.116+0000] {subprocess.py:93} INFO - 25/06/02 16:22:08 INFO Executor: Fetching file:///opt/bitnami/spark/.ivy2/jars/org.apache.hadoop_hadoop-client-api-3.3.2.jar with timestamp 1748881316489
[2025-06-02T16:22:08.148+0000] {subprocess.py:93} INFO - 25/06/02 16:22:08 INFO Utils: /opt/bitnami/spark/.ivy2/jars/org.apache.hadoop_hadoop-client-api-3.3.2.jar has been previously copied to /tmp/spark-d2f28c56-b714-4339-8eb0-078eb6c53eae/userFiles-2f2a1a01-08b6-4c27-8e43-562630552160/org.apache.hadoop_hadoop-client-api-3.3.2.jar
[2025-06-02T16:22:08.302+0000] {subprocess.py:93} INFO - 25/06/02 16:22:08 INFO Executor: Fetching file:///opt/bitnami/spark/.ivy2/jars/org.apache.spark_spark-sql-kafka-0-10_2.12-3.3.0.jar with timestamp 1748881316489
[2025-06-02T16:22:08.308+0000] {subprocess.py:93} INFO - 25/06/02 16:22:08 INFO Utils: /opt/bitnami/spark/.ivy2/jars/org.apache.spark_spark-sql-kafka-0-10_2.12-3.3.0.jar has been previously copied to /tmp/spark-d2f28c56-b714-4339-8eb0-078eb6c53eae/userFiles-2f2a1a01-08b6-4c27-8e43-562630552160/org.apache.spark_spark-sql-kafka-0-10_2.12-3.3.0.jar
[2025-06-02T16:22:08.616+0000] {subprocess.py:93} INFO - 25/06/02 16:22:08 INFO Executor: Fetching file:///opt/bitnami/spark/.ivy2/jars/org.spark-project.spark_unused-1.0.0.jar with timestamp 1748881316489
[2025-06-02T16:22:08.638+0000] {subprocess.py:93} INFO - 25/06/02 16:22:08 INFO Utils: /opt/bitnami/spark/.ivy2/jars/org.spark-project.spark_unused-1.0.0.jar has been previously copied to /tmp/spark-d2f28c56-b714-4339-8eb0-078eb6c53eae/userFiles-2f2a1a01-08b6-4c27-8e43-562630552160/org.spark-project.spark_unused-1.0.0.jar
[2025-06-02T16:22:08.696+0000] {subprocess.py:93} INFO - 25/06/02 16:22:08 INFO Executor: Fetching spark://41026342dcb2:46139/jars/org.spark-project.spark_unused-1.0.0.jar with timestamp 1748881316489
[2025-06-02T16:22:08.745+0000] {subprocess.py:93} INFO - 25/06/02 16:22:08 INFO TransportClientFactory: Successfully created connection to 41026342dcb2/172.18.0.7:46139 after 30 ms (0 ms spent in bootstraps)
[2025-06-02T16:22:08.754+0000] {subprocess.py:93} INFO - 25/06/02 16:22:08 INFO Utils: Fetching spark://41026342dcb2:46139/jars/org.spark-project.spark_unused-1.0.0.jar to /tmp/spark-d2f28c56-b714-4339-8eb0-078eb6c53eae/userFiles-2f2a1a01-08b6-4c27-8e43-562630552160/fetchFileTemp5735328909223682003.tmp
[2025-06-02T16:22:08.801+0000] {subprocess.py:93} INFO - 25/06/02 16:22:08 INFO Utils: /tmp/spark-d2f28c56-b714-4339-8eb0-078eb6c53eae/userFiles-2f2a1a01-08b6-4c27-8e43-562630552160/fetchFileTemp5735328909223682003.tmp has been previously copied to /tmp/spark-d2f28c56-b714-4339-8eb0-078eb6c53eae/userFiles-2f2a1a01-08b6-4c27-8e43-562630552160/org.spark-project.spark_unused-1.0.0.jar
[2025-06-02T16:22:08.988+0000] {subprocess.py:93} INFO - 25/06/02 16:22:08 INFO Executor: Adding file:/tmp/spark-d2f28c56-b714-4339-8eb0-078eb6c53eae/userFiles-2f2a1a01-08b6-4c27-8e43-562630552160/org.spark-project.spark_unused-1.0.0.jar to class loader
[2025-06-02T16:22:09.024+0000] {subprocess.py:93} INFO - 25/06/02 16:22:08 INFO Executor: Fetching spark://41026342dcb2:46139/jars/commons-logging_commons-logging-1.1.3.jar with timestamp 1748881316489
[2025-06-02T16:22:09.025+0000] {subprocess.py:93} INFO - 25/06/02 16:22:08 INFO Utils: Fetching spark://41026342dcb2:46139/jars/commons-logging_commons-logging-1.1.3.jar to /tmp/spark-d2f28c56-b714-4339-8eb0-078eb6c53eae/userFiles-2f2a1a01-08b6-4c27-8e43-562630552160/fetchFileTemp1865909165199857129.tmp
[2025-06-02T16:22:09.026+0000] {subprocess.py:93} INFO - 25/06/02 16:22:08 INFO Utils: /tmp/spark-d2f28c56-b714-4339-8eb0-078eb6c53eae/userFiles-2f2a1a01-08b6-4c27-8e43-562630552160/fetchFileTemp1865909165199857129.tmp has been previously copied to /tmp/spark-d2f28c56-b714-4339-8eb0-078eb6c53eae/userFiles-2f2a1a01-08b6-4c27-8e43-562630552160/commons-logging_commons-logging-1.1.3.jar
[2025-06-02T16:22:09.494+0000] {subprocess.py:93} INFO - 25/06/02 16:22:09 INFO Executor: Adding file:/tmp/spark-d2f28c56-b714-4339-8eb0-078eb6c53eae/userFiles-2f2a1a01-08b6-4c27-8e43-562630552160/commons-logging_commons-logging-1.1.3.jar to class loader
[2025-06-02T16:22:09.495+0000] {subprocess.py:93} INFO - 25/06/02 16:22:09 INFO Executor: Fetching spark://41026342dcb2:46139/jars/org.apache.hadoop_hadoop-client-runtime-3.3.2.jar with timestamp 1748881316489
[2025-06-02T16:22:09.495+0000] {subprocess.py:93} INFO - 25/06/02 16:22:09 INFO Utils: Fetching spark://41026342dcb2:46139/jars/org.apache.hadoop_hadoop-client-runtime-3.3.2.jar to /tmp/spark-d2f28c56-b714-4339-8eb0-078eb6c53eae/userFiles-2f2a1a01-08b6-4c27-8e43-562630552160/fetchFileTemp2436937065916984096.tmp
[2025-06-02T16:22:14.150+0000] {subprocess.py:93} INFO - 25/06/02 16:22:14 INFO Utils: /tmp/spark-d2f28c56-b714-4339-8eb0-078eb6c53eae/userFiles-2f2a1a01-08b6-4c27-8e43-562630552160/fetchFileTemp2436937065916984096.tmp has been previously copied to /tmp/spark-d2f28c56-b714-4339-8eb0-078eb6c53eae/userFiles-2f2a1a01-08b6-4c27-8e43-562630552160/org.apache.hadoop_hadoop-client-runtime-3.3.2.jar
[2025-06-02T16:22:15.076+0000] {subprocess.py:93} INFO - 25/06/02 16:22:15 INFO Executor: Adding file:/tmp/spark-d2f28c56-b714-4339-8eb0-078eb6c53eae/userFiles-2f2a1a01-08b6-4c27-8e43-562630552160/org.apache.hadoop_hadoop-client-runtime-3.3.2.jar to class loader
[2025-06-02T16:22:15.077+0000] {subprocess.py:93} INFO - 25/06/02 16:22:15 INFO Executor: Fetching spark://41026342dcb2:46139/jars/org.apache.spark_spark-token-provider-kafka-0-10_2.12-3.3.0.jar with timestamp 1748881316489
[2025-06-02T16:22:15.077+0000] {subprocess.py:93} INFO - 25/06/02 16:22:15 INFO Utils: Fetching spark://41026342dcb2:46139/jars/org.apache.spark_spark-token-provider-kafka-0-10_2.12-3.3.0.jar to /tmp/spark-d2f28c56-b714-4339-8eb0-078eb6c53eae/userFiles-2f2a1a01-08b6-4c27-8e43-562630552160/fetchFileTemp6323151368063990409.tmp
[2025-06-02T16:22:15.079+0000] {subprocess.py:93} INFO - 25/06/02 16:22:15 INFO Utils: /tmp/spark-d2f28c56-b714-4339-8eb0-078eb6c53eae/userFiles-2f2a1a01-08b6-4c27-8e43-562630552160/fetchFileTemp6323151368063990409.tmp has been previously copied to /tmp/spark-d2f28c56-b714-4339-8eb0-078eb6c53eae/userFiles-2f2a1a01-08b6-4c27-8e43-562630552160/org.apache.spark_spark-token-provider-kafka-0-10_2.12-3.3.0.jar
[2025-06-02T16:22:16.268+0000] {subprocess.py:93} INFO - 25/06/02 16:22:16 INFO Executor: Adding file:/tmp/spark-d2f28c56-b714-4339-8eb0-078eb6c53eae/userFiles-2f2a1a01-08b6-4c27-8e43-562630552160/org.apache.spark_spark-token-provider-kafka-0-10_2.12-3.3.0.jar to class loader
[2025-06-02T16:22:16.268+0000] {subprocess.py:93} INFO - 25/06/02 16:22:16 INFO Executor: Fetching spark://41026342dcb2:46139/jars/org.apache.commons_commons-pool2-2.11.1.jar with timestamp 1748881316489
[2025-06-02T16:22:16.284+0000] {subprocess.py:93} INFO - 25/06/02 16:22:16 INFO Utils: Fetching spark://41026342dcb2:46139/jars/org.apache.commons_commons-pool2-2.11.1.jar to /tmp/spark-d2f28c56-b714-4339-8eb0-078eb6c53eae/userFiles-2f2a1a01-08b6-4c27-8e43-562630552160/fetchFileTemp6627304458868516779.tmp
[2025-06-02T16:22:16.296+0000] {subprocess.py:93} INFO - 25/06/02 16:22:16 INFO Utils: /tmp/spark-d2f28c56-b714-4339-8eb0-078eb6c53eae/userFiles-2f2a1a01-08b6-4c27-8e43-562630552160/fetchFileTemp6627304458868516779.tmp has been previously copied to /tmp/spark-d2f28c56-b714-4339-8eb0-078eb6c53eae/userFiles-2f2a1a01-08b6-4c27-8e43-562630552160/org.apache.commons_commons-pool2-2.11.1.jar
[2025-06-02T16:22:18.470+0000] {subprocess.py:93} INFO - 25/06/02 16:22:18 INFO Executor: Adding file:/tmp/spark-d2f28c56-b714-4339-8eb0-078eb6c53eae/userFiles-2f2a1a01-08b6-4c27-8e43-562630552160/org.apache.commons_commons-pool2-2.11.1.jar to class loader
[2025-06-02T16:22:18.471+0000] {subprocess.py:93} INFO - 25/06/02 16:22:18 INFO Executor: Fetching spark://41026342dcb2:46139/jars/org.slf4j_slf4j-api-1.7.32.jar with timestamp 1748881316489
[2025-06-02T16:22:18.472+0000] {subprocess.py:93} INFO - 25/06/02 16:22:18 INFO Utils: Fetching spark://41026342dcb2:46139/jars/org.slf4j_slf4j-api-1.7.32.jar to /tmp/spark-d2f28c56-b714-4339-8eb0-078eb6c53eae/userFiles-2f2a1a01-08b6-4c27-8e43-562630552160/fetchFileTemp2629867429725332577.tmp
[2025-06-02T16:22:18.474+0000] {subprocess.py:93} INFO - 25/06/02 16:22:18 INFO Utils: /tmp/spark-d2f28c56-b714-4339-8eb0-078eb6c53eae/userFiles-2f2a1a01-08b6-4c27-8e43-562630552160/fetchFileTemp2629867429725332577.tmp has been previously copied to /tmp/spark-d2f28c56-b714-4339-8eb0-078eb6c53eae/userFiles-2f2a1a01-08b6-4c27-8e43-562630552160/org.slf4j_slf4j-api-1.7.32.jar
[2025-06-02T16:22:24.341+0000] {subprocess.py:93} INFO - 25/06/02 16:22:24 INFO Executor: Adding file:/tmp/spark-d2f28c56-b714-4339-8eb0-078eb6c53eae/userFiles-2f2a1a01-08b6-4c27-8e43-562630552160/org.slf4j_slf4j-api-1.7.32.jar to class loader
[2025-06-02T16:22:24.342+0000] {subprocess.py:93} INFO - 25/06/02 16:22:24 INFO Executor: Fetching spark://41026342dcb2:46139/jars/org.lz4_lz4-java-1.8.0.jar with timestamp 1748881316489
[2025-06-02T16:22:24.343+0000] {subprocess.py:93} INFO - 25/06/02 16:22:24 INFO Utils: Fetching spark://41026342dcb2:46139/jars/org.lz4_lz4-java-1.8.0.jar to /tmp/spark-d2f28c56-b714-4339-8eb0-078eb6c53eae/userFiles-2f2a1a01-08b6-4c27-8e43-562630552160/fetchFileTemp556530625990861135.tmp
[2025-06-02T16:22:24.347+0000] {subprocess.py:93} INFO - 25/06/02 16:22:24 INFO Utils: /tmp/spark-d2f28c56-b714-4339-8eb0-078eb6c53eae/userFiles-2f2a1a01-08b6-4c27-8e43-562630552160/fetchFileTemp556530625990861135.tmp has been previously copied to /tmp/spark-d2f28c56-b714-4339-8eb0-078eb6c53eae/userFiles-2f2a1a01-08b6-4c27-8e43-562630552160/org.lz4_lz4-java-1.8.0.jar
[2025-06-02T16:22:25.491+0000] {subprocess.py:93} INFO - 25/06/02 16:22:25 INFO Executor: Adding file:/tmp/spark-d2f28c56-b714-4339-8eb0-078eb6c53eae/userFiles-2f2a1a01-08b6-4c27-8e43-562630552160/org.lz4_lz4-java-1.8.0.jar to class loader
[2025-06-02T16:22:25.492+0000] {subprocess.py:93} INFO - 25/06/02 16:22:25 INFO Executor: Fetching spark://41026342dcb2:46139/jars/org.apache.kafka_kafka-clients-2.8.1.jar with timestamp 1748881316489
[2025-06-02T16:22:25.493+0000] {subprocess.py:93} INFO - 25/06/02 16:22:25 INFO Utils: Fetching spark://41026342dcb2:46139/jars/org.apache.kafka_kafka-clients-2.8.1.jar to /tmp/spark-d2f28c56-b714-4339-8eb0-078eb6c53eae/userFiles-2f2a1a01-08b6-4c27-8e43-562630552160/fetchFileTemp6720971535340078079.tmp
[2025-06-02T16:22:25.671+0000] {subprocess.py:93} INFO - 25/06/02 16:22:25 INFO Executor: Told to re-register on heartbeat
[2025-06-02T16:22:25.672+0000] {subprocess.py:93} INFO - 25/06/02 16:22:25 INFO BlockManager: BlockManager null re-registering with master
[2025-06-02T16:22:25.674+0000] {subprocess.py:93} INFO - 25/06/02 16:22:25 INFO BlockManagerMaster: Registering BlockManager null
[2025-06-02T16:22:25.680+0000] {subprocess.py:93} INFO - 25/06/02 16:22:25 ERROR Inbox: Ignoring error
[2025-06-02T16:22:25.680+0000] {subprocess.py:93} INFO - java.lang.NullPointerException
[2025-06-02T16:22:25.681+0000] {subprocess.py:93} INFO - 	at org.apache.spark.storage.BlockManagerMasterEndpoint.org$apache$spark$storage$BlockManagerMasterEndpoint$$register(BlockManagerMasterEndpoint.scala:579)
[2025-06-02T16:22:25.681+0000] {subprocess.py:93} INFO - 	at org.apache.spark.storage.BlockManagerMasterEndpoint$$anonfun$receiveAndReply$1.applyOrElse(BlockManagerMasterEndpoint.scala:121)
[2025-06-02T16:22:25.681+0000] {subprocess.py:93} INFO - 	at org.apache.spark.rpc.netty.Inbox.$anonfun$process$1(Inbox.scala:103)
[2025-06-02T16:22:25.682+0000] {subprocess.py:93} INFO - 	at org.apache.spark.rpc.netty.Inbox.safelyCall(Inbox.scala:213)
[2025-06-02T16:22:25.682+0000] {subprocess.py:93} INFO - 	at org.apache.spark.rpc.netty.Inbox.process(Inbox.scala:100)
[2025-06-02T16:22:25.682+0000] {subprocess.py:93} INFO - 	at org.apache.spark.rpc.netty.MessageLoop.org$apache$spark$rpc$netty$MessageLoop$$receiveLoop(MessageLoop.scala:75)
[2025-06-02T16:22:25.683+0000] {subprocess.py:93} INFO - 	at org.apache.spark.rpc.netty.MessageLoop$$anon$1.run(MessageLoop.scala:41)
[2025-06-02T16:22:25.683+0000] {subprocess.py:93} INFO - 	at java.util.concurrent.Executors$RunnableAdapter.call(Executors.java:511)
[2025-06-02T16:22:25.683+0000] {subprocess.py:93} INFO - 	at java.util.concurrent.FutureTask.run(FutureTask.java:266)
[2025-06-02T16:22:25.684+0000] {subprocess.py:93} INFO - 	at java.util.concurrent.ThreadPoolExecutor.runWorker(ThreadPoolExecutor.java:1149)
[2025-06-02T16:22:25.684+0000] {subprocess.py:93} INFO - 	at java.util.concurrent.ThreadPoolExecutor$Worker.run(ThreadPoolExecutor.java:624)
[2025-06-02T16:22:25.684+0000] {subprocess.py:93} INFO - 	at java.lang.Thread.run(Thread.java:750)
[2025-06-02T16:22:25.685+0000] {subprocess.py:93} INFO - 25/06/02 16:22:25 WARN Executor: Issue communicating with driver in heartbeater
[2025-06-02T16:22:25.685+0000] {subprocess.py:93} INFO - org.apache.spark.SparkException: Exception thrown in awaitResult:
[2025-06-02T16:22:25.686+0000] {subprocess.py:93} INFO - 	at org.apache.spark.util.ThreadUtils$.awaitResult(ThreadUtils.scala:301)
[2025-06-02T16:22:25.686+0000] {subprocess.py:93} INFO - 	at org.apache.spark.rpc.RpcTimeout.awaitResult(RpcTimeout.scala:75)
[2025-06-02T16:22:25.686+0000] {subprocess.py:93} INFO - 	at org.apache.spark.rpc.RpcEndpointRef.askSync(RpcEndpointRef.scala:103)
[2025-06-02T16:22:25.687+0000] {subprocess.py:93} INFO - 	at org.apache.spark.rpc.RpcEndpointRef.askSync(RpcEndpointRef.scala:87)
[2025-06-02T16:22:25.687+0000] {subprocess.py:93} INFO - 	at org.apache.spark.storage.BlockManagerMaster.registerBlockManager(BlockManagerMaster.scala:79)
[2025-06-02T16:22:25.687+0000] {subprocess.py:93} INFO - 	at org.apache.spark.storage.BlockManager.reregister(BlockManager.scala:633)
[2025-06-02T16:22:25.688+0000] {subprocess.py:93} INFO - 	at org.apache.spark.executor.Executor.reportHeartBeat(Executor.scala:1057)
[2025-06-02T16:22:25.688+0000] {subprocess.py:93} INFO - 	at org.apache.spark.executor.Executor.$anonfun$heartbeater$1(Executor.scala:238)
[2025-06-02T16:22:25.688+0000] {subprocess.py:93} INFO - 	at scala.runtime.java8.JFunction0$mcV$sp.apply(JFunction0$mcV$sp.java:23)
[2025-06-02T16:22:25.689+0000] {subprocess.py:93} INFO - 	at org.apache.spark.util.Utils$.logUncaughtExceptions(Utils.scala:2066)
[2025-06-02T16:22:25.689+0000] {subprocess.py:93} INFO - 	at org.apache.spark.Heartbeater$$anon$1.run(Heartbeater.scala:46)
[2025-06-02T16:22:25.689+0000] {subprocess.py:93} INFO - 	at java.util.concurrent.Executors$RunnableAdapter.call(Executors.java:511)
[2025-06-02T16:22:25.689+0000] {subprocess.py:93} INFO - 	at java.util.concurrent.FutureTask.runAndReset(FutureTask.java:308)
[2025-06-02T16:22:25.690+0000] {subprocess.py:93} INFO - 	at java.util.concurrent.ScheduledThreadPoolExecutor$ScheduledFutureTask.access$301(ScheduledThreadPoolExecutor.java:180)
[2025-06-02T16:22:25.690+0000] {subprocess.py:93} INFO - 	at java.util.concurrent.ScheduledThreadPoolExecutor$ScheduledFutureTask.run(ScheduledThreadPoolExecutor.java:294)
[2025-06-02T16:22:25.690+0000] {subprocess.py:93} INFO - 	at java.util.concurrent.ThreadPoolExecutor.runWorker(ThreadPoolExecutor.java:1149)
[2025-06-02T16:22:25.691+0000] {subprocess.py:93} INFO - 	at java.util.concurrent.ThreadPoolExecutor$Worker.run(ThreadPoolExecutor.java:624)
[2025-06-02T16:22:25.691+0000] {subprocess.py:93} INFO - 	at java.lang.Thread.run(Thread.java:750)
[2025-06-02T16:22:25.692+0000] {subprocess.py:93} INFO - Caused by: java.lang.NullPointerException
[2025-06-02T16:22:25.692+0000] {subprocess.py:93} INFO - 	at org.apache.spark.storage.BlockManagerMasterEndpoint.org$apache$spark$storage$BlockManagerMasterEndpoint$$register(BlockManagerMasterEndpoint.scala:579)
[2025-06-02T16:22:25.692+0000] {subprocess.py:93} INFO - 	at org.apache.spark.storage.BlockManagerMasterEndpoint$$anonfun$receiveAndReply$1.applyOrElse(BlockManagerMasterEndpoint.scala:121)
[2025-06-02T16:22:25.693+0000] {subprocess.py:93} INFO - 	at org.apache.spark.rpc.netty.Inbox.$anonfun$process$1(Inbox.scala:103)
[2025-06-02T16:22:25.693+0000] {subprocess.py:93} INFO - 	at org.apache.spark.rpc.netty.Inbox.safelyCall(Inbox.scala:213)
[2025-06-02T16:22:25.693+0000] {subprocess.py:93} INFO - 	at org.apache.spark.rpc.netty.Inbox.process(Inbox.scala:100)
[2025-06-02T16:22:25.693+0000] {subprocess.py:93} INFO - 	at org.apache.spark.rpc.netty.MessageLoop.org$apache$spark$rpc$netty$MessageLoop$$receiveLoop(MessageLoop.scala:75)
[2025-06-02T16:22:25.694+0000] {subprocess.py:93} INFO - 	at org.apache.spark.rpc.netty.MessageLoop$$anon$1.run(MessageLoop.scala:41)
[2025-06-02T16:22:25.694+0000] {subprocess.py:93} INFO - 	at java.util.concurrent.Executors$RunnableAdapter.call(Executors.java:511)
[2025-06-02T16:22:25.694+0000] {subprocess.py:93} INFO - 	at java.util.concurrent.FutureTask.run(FutureTask.java:266)
[2025-06-02T16:22:25.694+0000] {subprocess.py:93} INFO - 	... 3 more
[2025-06-02T16:22:25.745+0000] {subprocess.py:93} INFO - 25/06/02 16:22:25 INFO Utils: /tmp/spark-d2f28c56-b714-4339-8eb0-078eb6c53eae/userFiles-2f2a1a01-08b6-4c27-8e43-562630552160/fetchFileTemp6720971535340078079.tmp has been previously copied to /tmp/spark-d2f28c56-b714-4339-8eb0-078eb6c53eae/userFiles-2f2a1a01-08b6-4c27-8e43-562630552160/org.apache.kafka_kafka-clients-2.8.1.jar
[2025-06-02T16:22:27.639+0000] {subprocess.py:93} INFO - 25/06/02 16:22:27 INFO Executor: Adding file:/tmp/spark-d2f28c56-b714-4339-8eb0-078eb6c53eae/userFiles-2f2a1a01-08b6-4c27-8e43-562630552160/org.apache.kafka_kafka-clients-2.8.1.jar to class loader
[2025-06-02T16:22:27.641+0000] {subprocess.py:93} INFO - 25/06/02 16:22:27 INFO Executor: Fetching spark://41026342dcb2:46139/jars/com.google.code.findbugs_jsr305-3.0.0.jar with timestamp 1748881316489
[2025-06-02T16:22:27.714+0000] {subprocess.py:93} INFO - 25/06/02 16:22:27 INFO Utils: Fetching spark://41026342dcb2:46139/jars/com.google.code.findbugs_jsr305-3.0.0.jar to /tmp/spark-d2f28c56-b714-4339-8eb0-078eb6c53eae/userFiles-2f2a1a01-08b6-4c27-8e43-562630552160/fetchFileTemp7229203117025415840.tmp
[2025-06-02T16:22:27.715+0000] {subprocess.py:93} INFO - 25/06/02 16:22:27 INFO Utils: /tmp/spark-d2f28c56-b714-4339-8eb0-078eb6c53eae/userFiles-2f2a1a01-08b6-4c27-8e43-562630552160/fetchFileTemp7229203117025415840.tmp has been previously copied to /tmp/spark-d2f28c56-b714-4339-8eb0-078eb6c53eae/userFiles-2f2a1a01-08b6-4c27-8e43-562630552160/com.google.code.findbugs_jsr305-3.0.0.jar
[2025-06-02T16:22:29.204+0000] {subprocess.py:93} INFO - 25/06/02 16:22:29 INFO Executor: Adding file:/tmp/spark-d2f28c56-b714-4339-8eb0-078eb6c53eae/userFiles-2f2a1a01-08b6-4c27-8e43-562630552160/com.google.code.findbugs_jsr305-3.0.0.jar to class loader
[2025-06-02T16:22:29.205+0000] {subprocess.py:93} INFO - 25/06/02 16:22:29 INFO Executor: Fetching spark://41026342dcb2:46139/jars/org.apache.spark_spark-sql-kafka-0-10_2.12-3.3.0.jar with timestamp 1748881316489
[2025-06-02T16:22:29.205+0000] {subprocess.py:93} INFO - 25/06/02 16:22:29 INFO Utils: Fetching spark://41026342dcb2:46139/jars/org.apache.spark_spark-sql-kafka-0-10_2.12-3.3.0.jar to /tmp/spark-d2f28c56-b714-4339-8eb0-078eb6c53eae/userFiles-2f2a1a01-08b6-4c27-8e43-562630552160/fetchFileTemp4400554104637775628.tmp
[2025-06-02T16:22:29.208+0000] {subprocess.py:93} INFO - 25/06/02 16:22:29 INFO Utils: /tmp/spark-d2f28c56-b714-4339-8eb0-078eb6c53eae/userFiles-2f2a1a01-08b6-4c27-8e43-562630552160/fetchFileTemp4400554104637775628.tmp has been previously copied to /tmp/spark-d2f28c56-b714-4339-8eb0-078eb6c53eae/userFiles-2f2a1a01-08b6-4c27-8e43-562630552160/org.apache.spark_spark-sql-kafka-0-10_2.12-3.3.0.jar
[2025-06-02T16:22:30.343+0000] {subprocess.py:93} INFO - 25/06/02 16:22:30 INFO Executor: Adding file:/tmp/spark-d2f28c56-b714-4339-8eb0-078eb6c53eae/userFiles-2f2a1a01-08b6-4c27-8e43-562630552160/org.apache.spark_spark-sql-kafka-0-10_2.12-3.3.0.jar to class loader
[2025-06-02T16:22:30.344+0000] {subprocess.py:93} INFO - 25/06/02 16:22:30 INFO Executor: Fetching spark://41026342dcb2:46139/jars/org.xerial.snappy_snappy-java-1.1.8.4.jar with timestamp 1748881316489
[2025-06-02T16:22:30.344+0000] {subprocess.py:93} INFO - 25/06/02 16:22:30 INFO Utils: Fetching spark://41026342dcb2:46139/jars/org.xerial.snappy_snappy-java-1.1.8.4.jar to /tmp/spark-d2f28c56-b714-4339-8eb0-078eb6c53eae/userFiles-2f2a1a01-08b6-4c27-8e43-562630552160/fetchFileTemp7770577418237229164.tmp
[2025-06-02T16:22:30.981+0000] {subprocess.py:93} INFO - 25/06/02 16:22:30 INFO Executor: Told to re-register on heartbeat
[2025-06-02T16:22:30.981+0000] {subprocess.py:93} INFO - 25/06/02 16:22:30 INFO BlockManager: BlockManager null re-registering with master
[2025-06-02T16:22:30.982+0000] {subprocess.py:93} INFO - 25/06/02 16:22:30 INFO BlockManagerMaster: Registering BlockManager null
[2025-06-02T16:22:30.982+0000] {subprocess.py:93} INFO - 25/06/02 16:22:30 ERROR Inbox: Ignoring error
[2025-06-02T16:22:30.983+0000] {subprocess.py:93} INFO - java.lang.NullPointerException
[2025-06-02T16:22:30.983+0000] {subprocess.py:93} INFO - 	at org.apache.spark.storage.BlockManagerMasterEndpoint.org$apache$spark$storage$BlockManagerMasterEndpoint$$register(BlockManagerMasterEndpoint.scala:579)
[2025-06-02T16:22:30.984+0000] {subprocess.py:93} INFO - 	at org.apache.spark.storage.BlockManagerMasterEndpoint$$anonfun$receiveAndReply$1.applyOrElse(BlockManagerMasterEndpoint.scala:121)
[2025-06-02T16:22:30.984+0000] {subprocess.py:93} INFO - 	at org.apache.spark.rpc.netty.Inbox.$anonfun$process$1(Inbox.scala:103)
[2025-06-02T16:22:30.985+0000] {subprocess.py:93} INFO - 	at org.apache.spark.rpc.netty.Inbox.safelyCall(Inbox.scala:213)
[2025-06-02T16:22:30.985+0000] {subprocess.py:93} INFO - 	at org.apache.spark.rpc.netty.Inbox.process(Inbox.scala:100)
[2025-06-02T16:22:30.985+0000] {subprocess.py:93} INFO - 	at org.apache.spark.rpc.netty.MessageLoop.org$apache$spark$rpc$netty$MessageLoop$$receiveLoop(MessageLoop.scala:75)
[2025-06-02T16:22:30.986+0000] {subprocess.py:93} INFO - 	at org.apache.spark.rpc.netty.MessageLoop$$anon$1.run(MessageLoop.scala:41)
[2025-06-02T16:22:30.986+0000] {subprocess.py:93} INFO - 	at java.util.concurrent.Executors$RunnableAdapter.call(Executors.java:511)
[2025-06-02T16:22:30.986+0000] {subprocess.py:93} INFO - 	at java.util.concurrent.FutureTask.run(FutureTask.java:266)
[2025-06-02T16:22:30.987+0000] {subprocess.py:93} INFO - 	at java.util.concurrent.ThreadPoolExecutor.runWorker(ThreadPoolExecutor.java:1149)
[2025-06-02T16:22:30.987+0000] {subprocess.py:93} INFO - 	at java.util.concurrent.ThreadPoolExecutor$Worker.run(ThreadPoolExecutor.java:624)
[2025-06-02T16:22:30.987+0000] {subprocess.py:93} INFO - 	at java.lang.Thread.run(Thread.java:750)
[2025-06-02T16:22:30.988+0000] {subprocess.py:93} INFO - 25/06/02 16:22:30 WARN Executor: Issue communicating with driver in heartbeater
[2025-06-02T16:22:30.988+0000] {subprocess.py:93} INFO - org.apache.spark.SparkException: Exception thrown in awaitResult:
[2025-06-02T16:22:30.988+0000] {subprocess.py:93} INFO - 	at org.apache.spark.util.ThreadUtils$.awaitResult(ThreadUtils.scala:301)
[2025-06-02T16:22:30.989+0000] {subprocess.py:93} INFO - 	at org.apache.spark.rpc.RpcTimeout.awaitResult(RpcTimeout.scala:75)
[2025-06-02T16:22:30.989+0000] {subprocess.py:93} INFO - 	at org.apache.spark.rpc.RpcEndpointRef.askSync(RpcEndpointRef.scala:103)
[2025-06-02T16:22:30.989+0000] {subprocess.py:93} INFO - 	at org.apache.spark.rpc.RpcEndpointRef.askSync(RpcEndpointRef.scala:87)
[2025-06-02T16:22:30.990+0000] {subprocess.py:93} INFO - 	at org.apache.spark.storage.BlockManagerMaster.registerBlockManager(BlockManagerMaster.scala:79)
[2025-06-02T16:22:30.990+0000] {subprocess.py:93} INFO - 	at org.apache.spark.storage.BlockManager.reregister(BlockManager.scala:633)
[2025-06-02T16:22:30.990+0000] {subprocess.py:93} INFO - 	at org.apache.spark.executor.Executor.reportHeartBeat(Executor.scala:1057)
[2025-06-02T16:22:30.991+0000] {subprocess.py:93} INFO - 	at org.apache.spark.executor.Executor.$anonfun$heartbeater$1(Executor.scala:238)
[2025-06-02T16:22:30.991+0000] {subprocess.py:93} INFO - 	at scala.runtime.java8.JFunction0$mcV$sp.apply(JFunction0$mcV$sp.java:23)
[2025-06-02T16:22:30.991+0000] {subprocess.py:93} INFO - 	at org.apache.spark.util.Utils$.logUncaughtExceptions(Utils.scala:2066)
[2025-06-02T16:22:30.991+0000] {subprocess.py:93} INFO - 	at org.apache.spark.Heartbeater$$anon$1.run(Heartbeater.scala:46)
[2025-06-02T16:22:30.992+0000] {subprocess.py:93} INFO - 	at java.util.concurrent.Executors$RunnableAdapter.call(Executors.java:511)
[2025-06-02T16:22:30.992+0000] {subprocess.py:93} INFO - 	at java.util.concurrent.FutureTask.runAndReset(FutureTask.java:308)
[2025-06-02T16:22:30.992+0000] {subprocess.py:93} INFO - 	at java.util.concurrent.ScheduledThreadPoolExecutor$ScheduledFutureTask.access$301(ScheduledThreadPoolExecutor.java:180)
[2025-06-02T16:22:30.993+0000] {subprocess.py:93} INFO - 	at java.util.concurrent.ScheduledThreadPoolExecutor$ScheduledFutureTask.run(ScheduledThreadPoolExecutor.java:294)
[2025-06-02T16:22:30.993+0000] {subprocess.py:93} INFO - 	at java.util.concurrent.ThreadPoolExecutor.runWorker(ThreadPoolExecutor.java:1149)
[2025-06-02T16:22:30.993+0000] {subprocess.py:93} INFO - 	at java.util.concurrent.ThreadPoolExecutor$Worker.run(ThreadPoolExecutor.java:624)
[2025-06-02T16:22:30.993+0000] {subprocess.py:93} INFO - 	at java.lang.Thread.run(Thread.java:750)
[2025-06-02T16:22:30.994+0000] {subprocess.py:93} INFO - Caused by: java.lang.NullPointerException
[2025-06-02T16:22:30.994+0000] {subprocess.py:93} INFO - 	at org.apache.spark.storage.BlockManagerMasterEndpoint.org$apache$spark$storage$BlockManagerMasterEndpoint$$register(BlockManagerMasterEndpoint.scala:579)
[2025-06-02T16:22:30.994+0000] {subprocess.py:93} INFO - 	at org.apache.spark.storage.BlockManagerMasterEndpoint$$anonfun$receiveAndReply$1.applyOrElse(BlockManagerMasterEndpoint.scala:121)
[2025-06-02T16:22:30.994+0000] {subprocess.py:93} INFO - 	at org.apache.spark.rpc.netty.Inbox.$anonfun$process$1(Inbox.scala:103)
[2025-06-02T16:22:30.995+0000] {subprocess.py:93} INFO - 	at org.apache.spark.rpc.netty.Inbox.safelyCall(Inbox.scala:213)
[2025-06-02T16:22:30.995+0000] {subprocess.py:93} INFO - 	at org.apache.spark.rpc.netty.Inbox.process(Inbox.scala:100)
[2025-06-02T16:22:30.995+0000] {subprocess.py:93} INFO - 	at org.apache.spark.rpc.netty.MessageLoop.org$apache$spark$rpc$netty$MessageLoop$$receiveLoop(MessageLoop.scala:75)
[2025-06-02T16:22:30.996+0000] {subprocess.py:93} INFO - 	at org.apache.spark.rpc.netty.MessageLoop$$anon$1.run(MessageLoop.scala:41)
[2025-06-02T16:22:30.996+0000] {subprocess.py:93} INFO - 	at java.util.concurrent.Executors$RunnableAdapter.call(Executors.java:511)
[2025-06-02T16:22:30.996+0000] {subprocess.py:93} INFO - 	at java.util.concurrent.FutureTask.run(FutureTask.java:266)
[2025-06-02T16:22:30.996+0000] {subprocess.py:93} INFO - 	... 3 more
[2025-06-02T16:22:32.240+0000] {subprocess.py:93} INFO - 25/06/02 16:22:32 INFO Utils: /tmp/spark-d2f28c56-b714-4339-8eb0-078eb6c53eae/userFiles-2f2a1a01-08b6-4c27-8e43-562630552160/fetchFileTemp7770577418237229164.tmp has been previously copied to /tmp/spark-d2f28c56-b714-4339-8eb0-078eb6c53eae/userFiles-2f2a1a01-08b6-4c27-8e43-562630552160/org.xerial.snappy_snappy-java-1.1.8.4.jar
[2025-06-02T16:22:33.294+0000] {subprocess.py:93} INFO - 25/06/02 16:22:33 INFO Executor: Adding file:/tmp/spark-d2f28c56-b714-4339-8eb0-078eb6c53eae/userFiles-2f2a1a01-08b6-4c27-8e43-562630552160/org.xerial.snappy_snappy-java-1.1.8.4.jar to class loader
[2025-06-02T16:22:33.300+0000] {subprocess.py:93} INFO - 25/06/02 16:22:33 INFO Executor: Fetching spark://41026342dcb2:46139/jars/org.apache.hadoop_hadoop-client-api-3.3.2.jar with timestamp 1748881316489
[2025-06-02T16:22:33.300+0000] {subprocess.py:93} INFO - 25/06/02 16:22:33 INFO Utils: Fetching spark://41026342dcb2:46139/jars/org.apache.hadoop_hadoop-client-api-3.3.2.jar to /tmp/spark-d2f28c56-b714-4339-8eb0-078eb6c53eae/userFiles-2f2a1a01-08b6-4c27-8e43-562630552160/fetchFileTemp6876554148362388790.tmp
[2025-06-02T16:22:40.981+0000] {subprocess.py:93} INFO - 25/06/02 16:22:40 INFO Executor: Told to re-register on heartbeat
[2025-06-02T16:22:40.982+0000] {subprocess.py:93} INFO - 25/06/02 16:22:40 INFO BlockManager: BlockManager null re-registering with master
[2025-06-02T16:22:40.983+0000] {subprocess.py:93} INFO - 25/06/02 16:22:40 INFO BlockManagerMaster: Registering BlockManager null
[2025-06-02T16:22:40.983+0000] {subprocess.py:93} INFO - 25/06/02 16:22:40 ERROR Inbox: Ignoring error
[2025-06-02T16:22:40.984+0000] {subprocess.py:93} INFO - java.lang.NullPointerException
[2025-06-02T16:22:40.984+0000] {subprocess.py:93} INFO - 	at org.apache.spark.storage.BlockManagerMasterEndpoint.org$apache$spark$storage$BlockManagerMasterEndpoint$$register(BlockManagerMasterEndpoint.scala:579)
[2025-06-02T16:22:40.985+0000] {subprocess.py:93} INFO - 	at org.apache.spark.storage.BlockManagerMasterEndpoint$$anonfun$receiveAndReply$1.applyOrElse(BlockManagerMasterEndpoint.scala:121)
[2025-06-02T16:22:40.985+0000] {subprocess.py:93} INFO - 	at org.apache.spark.rpc.netty.Inbox.$anonfun$process$1(Inbox.scala:103)
[2025-06-02T16:22:40.986+0000] {subprocess.py:93} INFO - 	at org.apache.spark.rpc.netty.Inbox.safelyCall(Inbox.scala:213)
[2025-06-02T16:22:40.986+0000] {subprocess.py:93} INFO - 	at org.apache.spark.rpc.netty.Inbox.process(Inbox.scala:100)
[2025-06-02T16:22:40.987+0000] {subprocess.py:93} INFO - 	at org.apache.spark.rpc.netty.MessageLoop.org$apache$spark$rpc$netty$MessageLoop$$receiveLoop(MessageLoop.scala:75)
[2025-06-02T16:22:40.987+0000] {subprocess.py:93} INFO - 	at org.apache.spark.rpc.netty.MessageLoop$$anon$1.run(MessageLoop.scala:41)
[2025-06-02T16:22:40.987+0000] {subprocess.py:93} INFO - 	at java.util.concurrent.Executors$RunnableAdapter.call(Executors.java:511)
[2025-06-02T16:22:40.987+0000] {subprocess.py:93} INFO - 	at java.util.concurrent.FutureTask.run(FutureTask.java:266)
[2025-06-02T16:22:40.988+0000] {subprocess.py:93} INFO - 	at java.util.concurrent.ThreadPoolExecutor.runWorker(ThreadPoolExecutor.java:1149)
[2025-06-02T16:22:40.988+0000] {subprocess.py:93} INFO - 	at java.util.concurrent.ThreadPoolExecutor$Worker.run(ThreadPoolExecutor.java:624)
[2025-06-02T16:22:40.988+0000] {subprocess.py:93} INFO - 	at java.lang.Thread.run(Thread.java:750)
[2025-06-02T16:22:40.988+0000] {subprocess.py:93} INFO - 25/06/02 16:22:40 WARN Executor: Issue communicating with driver in heartbeater
[2025-06-02T16:22:40.989+0000] {subprocess.py:93} INFO - org.apache.spark.SparkException: Exception thrown in awaitResult:
[2025-06-02T16:22:40.989+0000] {subprocess.py:93} INFO - 	at org.apache.spark.util.ThreadUtils$.awaitResult(ThreadUtils.scala:301)
[2025-06-02T16:22:40.989+0000] {subprocess.py:93} INFO - 	at org.apache.spark.rpc.RpcTimeout.awaitResult(RpcTimeout.scala:75)
[2025-06-02T16:22:40.990+0000] {subprocess.py:93} INFO - 	at org.apache.spark.rpc.RpcEndpointRef.askSync(RpcEndpointRef.scala:103)
[2025-06-02T16:22:40.990+0000] {subprocess.py:93} INFO - 	at org.apache.spark.rpc.RpcEndpointRef.askSync(RpcEndpointRef.scala:87)
[2025-06-02T16:22:40.990+0000] {subprocess.py:93} INFO - 	at org.apache.spark.storage.BlockManagerMaster.registerBlockManager(BlockManagerMaster.scala:79)
[2025-06-02T16:22:40.990+0000] {subprocess.py:93} INFO - 	at org.apache.spark.storage.BlockManager.reregister(BlockManager.scala:633)
[2025-06-02T16:22:40.991+0000] {subprocess.py:93} INFO - 	at org.apache.spark.executor.Executor.reportHeartBeat(Executor.scala:1057)
[2025-06-02T16:22:40.991+0000] {subprocess.py:93} INFO - 	at org.apache.spark.executor.Executor.$anonfun$heartbeater$1(Executor.scala:238)
[2025-06-02T16:22:40.991+0000] {subprocess.py:93} INFO - 	at scala.runtime.java8.JFunction0$mcV$sp.apply(JFunction0$mcV$sp.java:23)
[2025-06-02T16:22:40.991+0000] {subprocess.py:93} INFO - 	at org.apache.spark.util.Utils$.logUncaughtExceptions(Utils.scala:2066)
[2025-06-02T16:22:40.992+0000] {subprocess.py:93} INFO - 	at org.apache.spark.Heartbeater$$anon$1.run(Heartbeater.scala:46)
[2025-06-02T16:22:40.992+0000] {subprocess.py:93} INFO - 	at java.util.concurrent.Executors$RunnableAdapter.call(Executors.java:511)
[2025-06-02T16:22:40.992+0000] {subprocess.py:93} INFO - 	at java.util.concurrent.FutureTask.runAndReset(FutureTask.java:308)
[2025-06-02T16:22:40.992+0000] {subprocess.py:93} INFO - 	at java.util.concurrent.ScheduledThreadPoolExecutor$ScheduledFutureTask.access$301(ScheduledThreadPoolExecutor.java:180)
[2025-06-02T16:22:40.993+0000] {subprocess.py:93} INFO - 	at java.util.concurrent.ScheduledThreadPoolExecutor$ScheduledFutureTask.run(ScheduledThreadPoolExecutor.java:294)
[2025-06-02T16:22:40.993+0000] {subprocess.py:93} INFO - 	at java.util.concurrent.ThreadPoolExecutor.runWorker(ThreadPoolExecutor.java:1149)
[2025-06-02T16:22:40.993+0000] {subprocess.py:93} INFO - 	at java.util.concurrent.ThreadPoolExecutor$Worker.run(ThreadPoolExecutor.java:624)
[2025-06-02T16:22:40.994+0000] {subprocess.py:93} INFO - 	at java.lang.Thread.run(Thread.java:750)
[2025-06-02T16:22:40.994+0000] {subprocess.py:93} INFO - Caused by: java.lang.NullPointerException
[2025-06-02T16:22:40.994+0000] {subprocess.py:93} INFO - 	at org.apache.spark.storage.BlockManagerMasterEndpoint.org$apache$spark$storage$BlockManagerMasterEndpoint$$register(BlockManagerMasterEndpoint.scala:579)
[2025-06-02T16:22:40.995+0000] {subprocess.py:93} INFO - 	at org.apache.spark.storage.BlockManagerMasterEndpoint$$anonfun$receiveAndReply$1.applyOrElse(BlockManagerMasterEndpoint.scala:121)
[2025-06-02T16:22:40.995+0000] {subprocess.py:93} INFO - 	at org.apache.spark.rpc.netty.Inbox.$anonfun$process$1(Inbox.scala:103)
[2025-06-02T16:22:40.995+0000] {subprocess.py:93} INFO - 	at org.apache.spark.rpc.netty.Inbox.safelyCall(Inbox.scala:213)
[2025-06-02T16:22:40.995+0000] {subprocess.py:93} INFO - 	at org.apache.spark.rpc.netty.Inbox.process(Inbox.scala:100)
[2025-06-02T16:22:40.996+0000] {subprocess.py:93} INFO - 	at org.apache.spark.rpc.netty.MessageLoop.org$apache$spark$rpc$netty$MessageLoop$$receiveLoop(MessageLoop.scala:75)
[2025-06-02T16:22:40.996+0000] {subprocess.py:93} INFO - 	at org.apache.spark.rpc.netty.MessageLoop$$anon$1.run(MessageLoop.scala:41)
[2025-06-02T16:22:40.996+0000] {subprocess.py:93} INFO - 	at java.util.concurrent.Executors$RunnableAdapter.call(Executors.java:511)
[2025-06-02T16:22:40.997+0000] {subprocess.py:93} INFO - 	at java.util.concurrent.FutureTask.run(FutureTask.java:266)
[2025-06-02T16:22:40.997+0000] {subprocess.py:93} INFO - 	... 3 more
[2025-06-02T16:22:42.733+0000] {subprocess.py:93} INFO - 25/06/02 16:22:42 INFO Utils: /tmp/spark-d2f28c56-b714-4339-8eb0-078eb6c53eae/userFiles-2f2a1a01-08b6-4c27-8e43-562630552160/fetchFileTemp6876554148362388790.tmp has been previously copied to /tmp/spark-d2f28c56-b714-4339-8eb0-078eb6c53eae/userFiles-2f2a1a01-08b6-4c27-8e43-562630552160/org.apache.hadoop_hadoop-client-api-3.3.2.jar
[2025-06-02T16:22:43.882+0000] {subprocess.py:93} INFO - 25/06/02 16:22:43 INFO Executor: Adding file:/tmp/spark-d2f28c56-b714-4339-8eb0-078eb6c53eae/userFiles-2f2a1a01-08b6-4c27-8e43-562630552160/org.apache.hadoop_hadoop-client-api-3.3.2.jar to class loader
[2025-06-02T16:22:43.897+0000] {subprocess.py:93} INFO - 25/06/02 16:22:43 INFO Utils: Successfully started service 'org.apache.spark.network.netty.NettyBlockTransferService' on port 36599.
[2025-06-02T16:22:43.898+0000] {subprocess.py:93} INFO - 25/06/02 16:22:43 INFO NettyBlockTransferService: Server created on 41026342dcb2:36599
[2025-06-02T16:22:43.899+0000] {subprocess.py:93} INFO - 25/06/02 16:22:43 INFO BlockManager: Using org.apache.spark.storage.RandomBlockReplicationPolicy for block replication policy
[2025-06-02T16:22:43.906+0000] {subprocess.py:93} INFO - 25/06/02 16:22:43 INFO BlockManagerMaster: Registering BlockManager BlockManagerId(driver, 41026342dcb2, 36599, None)
[2025-06-02T16:22:43.908+0000] {subprocess.py:93} INFO - 25/06/02 16:22:43 INFO BlockManagerMasterEndpoint: Registering block manager 41026342dcb2:36599 with 366.3 MiB RAM, BlockManagerId(driver, 41026342dcb2, 36599, None)
[2025-06-02T16:22:43.911+0000] {subprocess.py:93} INFO - 25/06/02 16:22:43 INFO BlockManagerMaster: Registered BlockManager BlockManagerId(driver, 41026342dcb2, 36599, None)
[2025-06-02T16:22:43.912+0000] {subprocess.py:93} INFO - 25/06/02 16:22:43 INFO BlockManager: Initialized BlockManager: BlockManagerId(driver, 41026342dcb2, 36599, None)
[2025-06-02T16:22:45.501+0000] {subprocess.py:93} INFO - 25/06/02 16:22:45 INFO SharedState: Setting hive.metastore.warehouse.dir ('null') to the value of spark.sql.warehouse.dir.
[2025-06-02T16:22:45.504+0000] {subprocess.py:93} INFO - 25/06/02 16:22:45 INFO SharedState: Warehouse path is 'file:/app/spark-warehouse'.
[2025-06-02T16:22:47.742+0000] {subprocess.py:93} INFO - 25/06/02 16:22:47 INFO CodeGenerator: Code generated in 355.276984 ms
[2025-06-02T16:22:47.843+0000] {subprocess.py:93} INFO - 25/06/02 16:22:47 INFO CodeGenerator: Code generated in 87.901804 ms
[2025-06-02T16:23:03.010+0000] {job.py:229} INFO - Heartbeat recovered after 15.73 seconds
[2025-06-02T16:24:43.531+0000] {subprocess.py:93} INFO - 25/06/02 16:24:36 INFO AsyncEventQueue: Process of event SparkListenerExecutorMetricsUpdate(driver,WrappedArray(),Map()) by listener AppStatusListener took 23.734436747s.
[2025-06-02T16:24:45.242+0000] {job.py:229} INFO - Heartbeat recovered after 106.59 seconds
[2025-06-02T16:24:57.334+0000] {job.py:229} INFO - Heartbeat recovered after 12.29 seconds
[2025-06-02T16:25:11.600+0000] {local_task_job_runner.py:346} WARNING - State of this instance has been externally set to None. Terminating instance.
[2025-06-02T16:25:11.601+0000] {local_task_job_runner.py:245} INFO - ::endgroup::
[2025-06-02T16:25:13.158+0000] {subprocess.py:93} INFO - 25/06/02 16:25:13 INFO ConsumerConfig: ConsumerConfig values:
[2025-06-02T16:25:13.159+0000] {subprocess.py:93} INFO - 	allow.auto.create.topics = true
[2025-06-02T16:25:13.160+0000] {subprocess.py:93} INFO - 	auto.commit.interval.ms = 5000
[2025-06-02T16:25:13.160+0000] {subprocess.py:93} INFO - 	auto.offset.reset = earliest
[2025-06-02T16:25:13.161+0000] {subprocess.py:93} INFO - 	bootstrap.servers = [kafka:9092]
[2025-06-02T16:25:13.161+0000] {subprocess.py:93} INFO - 	check.crcs = true
[2025-06-02T16:25:13.162+0000] {subprocess.py:93} INFO - 	client.dns.lookup = use_all_dns_ips
[2025-06-02T16:25:13.162+0000] {subprocess.py:93} INFO - 	client.id = consumer-spark-kafka-relation-c4608fde-0da7-4d2b-b326-438a4d96373b-driver-0-1
[2025-06-02T16:25:13.163+0000] {subprocess.py:93} INFO - 	client.rack =
[2025-06-02T16:25:13.163+0000] {subprocess.py:93} INFO - 	connections.max.idle.ms = 540000
[2025-06-02T16:25:13.164+0000] {subprocess.py:93} INFO - 	default.api.timeout.ms = 60000
[2025-06-02T16:25:13.164+0000] {subprocess.py:93} INFO - 	enable.auto.commit = false
[2025-06-02T16:25:13.165+0000] {subprocess.py:93} INFO - 	exclude.internal.topics = true
[2025-06-02T16:25:13.165+0000] {subprocess.py:93} INFO - 	fetch.max.bytes = 52428800
[2025-06-02T16:25:13.165+0000] {subprocess.py:93} INFO - 	fetch.max.wait.ms = 500
[2025-06-02T16:25:13.166+0000] {subprocess.py:93} INFO - 	fetch.min.bytes = 1
[2025-06-02T16:25:13.166+0000] {subprocess.py:93} INFO - 	group.id = spark-kafka-relation-c4608fde-0da7-4d2b-b326-438a4d96373b-driver-0
[2025-06-02T16:25:13.166+0000] {subprocess.py:93} INFO - 	group.instance.id = null
[2025-06-02T16:25:13.167+0000] {subprocess.py:93} INFO - 	heartbeat.interval.ms = 3000
[2025-06-02T16:25:13.167+0000] {subprocess.py:93} INFO - 	interceptor.classes = []
[2025-06-02T16:25:13.167+0000] {subprocess.py:93} INFO - 	internal.leave.group.on.close = true
[2025-06-02T16:25:13.168+0000] {subprocess.py:93} INFO - 	internal.throw.on.fetch.stable.offset.unsupported = false
[2025-06-02T16:25:13.168+0000] {subprocess.py:93} INFO - 	isolation.level = read_uncommitted
[2025-06-02T16:25:13.168+0000] {subprocess.py:93} INFO - 	key.deserializer = class org.apache.kafka.common.serialization.ByteArrayDeserializer
[2025-06-02T16:25:13.169+0000] {subprocess.py:93} INFO - 	max.partition.fetch.bytes = 1048576
[2025-06-02T16:25:13.169+0000] {subprocess.py:93} INFO - 	max.poll.interval.ms = 300000
[2025-06-02T16:25:13.169+0000] {subprocess.py:93} INFO - 	max.poll.records = 1
[2025-06-02T16:25:13.170+0000] {subprocess.py:93} INFO - 	metadata.max.age.ms = 300000
[2025-06-02T16:25:13.170+0000] {subprocess.py:93} INFO - 	metric.reporters = []
[2025-06-02T16:25:13.170+0000] {subprocess.py:93} INFO - 	metrics.num.samples = 2
[2025-06-02T16:25:13.171+0000] {subprocess.py:93} INFO - 	metrics.recording.level = INFO
[2025-06-02T16:25:13.171+0000] {subprocess.py:93} INFO - 	metrics.sample.window.ms = 30000
[2025-06-02T16:25:13.172+0000] {subprocess.py:93} INFO - 	partition.assignment.strategy = [class org.apache.kafka.clients.consumer.RangeAssignor]
[2025-06-02T16:25:13.172+0000] {subprocess.py:93} INFO - 	receive.buffer.bytes = 65536
[2025-06-02T16:25:13.172+0000] {subprocess.py:93} INFO - 	reconnect.backoff.max.ms = 1000
[2025-06-02T16:25:13.172+0000] {subprocess.py:93} INFO - 	reconnect.backoff.ms = 50
[2025-06-02T16:25:13.173+0000] {subprocess.py:93} INFO - 	request.timeout.ms = 30000
[2025-06-02T16:25:13.173+0000] {subprocess.py:93} INFO - 	retry.backoff.ms = 100
[2025-06-02T16:25:13.173+0000] {subprocess.py:93} INFO - 	sasl.client.callback.handler.class = null
[2025-06-02T16:25:13.174+0000] {subprocess.py:93} INFO - 	sasl.jaas.config = null
[2025-06-02T16:25:13.174+0000] {subprocess.py:93} INFO - 	sasl.kerberos.kinit.cmd = /usr/bin/kinit
[2025-06-02T16:25:13.174+0000] {subprocess.py:93} INFO - 	sasl.kerberos.min.time.before.relogin = 60000
[2025-06-02T16:25:13.174+0000] {subprocess.py:93} INFO - 	sasl.kerberos.service.name = null
[2025-06-02T16:25:13.175+0000] {subprocess.py:93} INFO - 	sasl.kerberos.ticket.renew.jitter = 0.05
[2025-06-02T16:25:13.175+0000] {subprocess.py:93} INFO - 	sasl.kerberos.ticket.renew.window.factor = 0.8
[2025-06-02T16:25:13.175+0000] {subprocess.py:93} INFO - 	sasl.login.callback.handler.class = null
[2025-06-02T16:25:13.176+0000] {subprocess.py:93} INFO - 	sasl.login.class = null
[2025-06-02T16:25:13.176+0000] {subprocess.py:93} INFO - 	sasl.login.refresh.buffer.seconds = 300
[2025-06-02T16:25:13.176+0000] {subprocess.py:93} INFO - 	sasl.login.refresh.min.period.seconds = 60
[2025-06-02T16:25:13.177+0000] {subprocess.py:93} INFO - 	sasl.login.refresh.window.factor = 0.8
[2025-06-02T16:25:13.177+0000] {subprocess.py:93} INFO - 	sasl.login.refresh.window.jitter = 0.05
[2025-06-02T16:25:13.178+0000] {subprocess.py:93} INFO - 	sasl.mechanism = GSSAPI
[2025-06-02T16:25:13.178+0000] {subprocess.py:93} INFO - 	security.protocol = PLAINTEXT
[2025-06-02T16:25:13.178+0000] {subprocess.py:93} INFO - 	security.providers = null
[2025-06-02T16:25:13.179+0000] {subprocess.py:93} INFO - 	send.buffer.bytes = 131072
[2025-06-02T16:25:13.179+0000] {subprocess.py:93} INFO - 	session.timeout.ms = 10000
[2025-06-02T16:25:13.179+0000] {subprocess.py:93} INFO - 	socket.connection.setup.timeout.max.ms = 30000
[2025-06-02T16:25:13.180+0000] {subprocess.py:93} INFO - 	socket.connection.setup.timeout.ms = 10000
[2025-06-02T16:25:13.180+0000] {subprocess.py:93} INFO - 	ssl.cipher.suites = null
[2025-06-02T16:25:13.180+0000] {subprocess.py:93} INFO - 	ssl.enabled.protocols = [TLSv1.2]
[2025-06-02T16:25:13.181+0000] {subprocess.py:93} INFO - 	ssl.endpoint.identification.algorithm = https
[2025-06-02T16:25:13.181+0000] {subprocess.py:93} INFO - 	ssl.engine.factory.class = null
[2025-06-02T16:25:13.181+0000] {subprocess.py:93} INFO - 	ssl.key.password = null
[2025-06-02T16:25:13.182+0000] {subprocess.py:93} INFO - 	ssl.keymanager.algorithm = SunX509
[2025-06-02T16:25:13.182+0000] {subprocess.py:93} INFO - 	ssl.keystore.certificate.chain = null
[2025-06-02T16:25:13.182+0000] {subprocess.py:93} INFO - 	ssl.keystore.key = null
[2025-06-02T16:25:13.183+0000] {subprocess.py:93} INFO - 	ssl.keystore.location = null
[2025-06-02T16:25:13.183+0000] {subprocess.py:93} INFO - 	ssl.keystore.password = null
[2025-06-02T16:25:13.183+0000] {subprocess.py:93} INFO - 	ssl.keystore.type = JKS
[2025-06-02T16:25:13.204+0000] {subprocess.py:93} INFO - 	ssl.protocol = TLSv1.2
[2025-06-02T16:25:13.205+0000] {subprocess.py:93} INFO - 	ssl.provider = null
[2025-06-02T16:25:13.205+0000] {subprocess.py:93} INFO - 	ssl.secure.random.implementation = null
[2025-06-02T16:25:13.206+0000] {subprocess.py:93} INFO - 	ssl.trustmanager.algorithm = PKIX
[2025-06-02T16:25:13.206+0000] {subprocess.py:93} INFO - 	ssl.truststore.certificates = null
[2025-06-02T16:25:13.206+0000] {subprocess.py:93} INFO - 	ssl.truststore.location = null
[2025-06-02T16:25:13.207+0000] {subprocess.py:93} INFO - 	ssl.truststore.password = null
[2025-06-02T16:25:13.207+0000] {subprocess.py:93} INFO - 	ssl.truststore.type = JKS
[2025-06-02T16:25:13.207+0000] {subprocess.py:93} INFO - 	value.deserializer = class org.apache.kafka.common.serialization.ByteArrayDeserializer
[2025-06-02T16:25:13.208+0000] {subprocess.py:93} INFO - 
[2025-06-02T16:25:15.424+0000] {subprocess.py:93} INFO - 25/06/02 16:25:15 INFO AppInfoParser: Kafka version: 2.8.1
[2025-06-02T16:25:15.425+0000] {subprocess.py:93} INFO - 25/06/02 16:25:15 INFO AppInfoParser: Kafka commitId: 839b886f9b732b15
[2025-06-02T16:25:15.425+0000] {subprocess.py:93} INFO - 25/06/02 16:25:15 INFO AppInfoParser: Kafka startTimeMs: 1748881515420
[2025-06-02T16:25:15.430+0000] {subprocess.py:93} INFO - 25/06/02 16:25:15 INFO KafkaConsumer: [Consumer clientId=consumer-spark-kafka-relation-c4608fde-0da7-4d2b-b326-438a4d96373b-driver-0-1, groupId=spark-kafka-relation-c4608fde-0da7-4d2b-b326-438a4d96373b-driver-0] Subscribed to topic(s): logs
[2025-06-02T16:25:20.696+0000] {process_utils.py:132} INFO - Sending 15 to group 1969. PIDs of all processes in the group: [1973, 1974, 1969]
[2025-06-02T16:25:20.895+0000] {process_utils.py:87} INFO - Sending the signal 15 to group 1969
[2025-06-02T16:25:20.915+0000] {taskinstance.py:3092} ERROR - Received SIGTERM. Terminating subprocesses.
[2025-06-02T16:25:20.960+0000] {subprocess.py:104} INFO - Sending SIGTERM signal to process group
[2025-06-02T16:25:23.548+0000] {process_utils.py:80} INFO - Process psutil.Process(pid=1974, status='terminated', started='16:21:41') (1974) terminated with exit code None
[2025-06-02T16:25:21.809+0000] {taskinstance.py:3310} ERROR - Task failed with exception
Traceback (most recent call last):
  File "/home/airflow/.local/lib/python3.12/site-packages/airflow/models/taskinstance.py", line 767, in _execute_task
    result = _execute_callable(context=context, **execute_callable_kwargs)
             ^^^^^^^^^^^^^^^^^^^^^^^^^^^^^^^^^^^^^^^^^^^^^^^^^^^^^^^^^^^^^
  File "/home/airflow/.local/lib/python3.12/site-packages/airflow/models/taskinstance.py", line 733, in _execute_callable
    return ExecutionCallableRunner(
           ^^^^^^^^^^^^^^^^^^^^^^^^
  File "/home/airflow/.local/lib/python3.12/site-packages/airflow/utils/operator_helpers.py", line 252, in run
    return self.func(*args, **kwargs)
           ^^^^^^^^^^^^^^^^^^^^^^^^^^
  File "/home/airflow/.local/lib/python3.12/site-packages/airflow/models/baseoperator.py", line 406, in wrapper
    return func(self, *args, **kwargs)
           ^^^^^^^^^^^^^^^^^^^^^^^^^^^
  File "/home/airflow/.local/lib/python3.12/site-packages/airflow/operators/bash.py", line 240, in execute
    result = self.subprocess_hook.run_command(
             ^^^^^^^^^^^^^^^^^^^^^^^^^^^^^^^^^
  File "/home/airflow/.local/lib/python3.12/site-packages/airflow/hooks/subprocess.py", line 91, in run_command
    for raw_line in iter(self.sub_process.stdout.readline, b""):
                    ^^^^^^^^^^^^^^^^^^^^^^^^^^^^^^^^^^^^^^^^^^^
  File "/home/airflow/.local/lib/python3.12/site-packages/airflow/models/taskinstance.py", line 3094, in signal_handler
    raise AirflowTaskTerminated("Task received SIGTERM signal")
airflow.exceptions.AirflowTaskTerminated: Task received SIGTERM signal
[2025-06-02T16:25:25.465+0000] {taskinstance.py:1225} INFO - Marking task as UP_FOR_RETRY. dag_id=log_monitoring_dag, task_id=start_spark_consumer, run_id=manual__2025-06-02T15:37:47.618112+00:00, execution_date=20250602T153747, start_date=20250602T162139, end_date=20250602T162524
[2025-06-02T16:25:27.449+0000] {taskinstance.py:340} INFO - ::group::Post task execution logs
[2025-06-02T16:25:28.797+0000] {process_utils.py:80} INFO - Process psutil.Process(pid=1969, status='terminated', exitcode=2, started='16:21:39') (1969) terminated with exit code 2
[2025-06-02T16:25:28.798+0000] {process_utils.py:80} INFO - Process psutil.Process(pid=1973, status='terminated', started='16:21:41') (1973) terminated with exit code None
[2025-06-02T16:25:28.911+0000] {standard_task_runner.py:217} INFO - Process not found (most likely exited), stop collecting metrics
