[2025-06-01T18:41:34.175+0000] {local_task_job_runner.py:123} INFO - ::group::Pre task execution logs
[2025-06-01T18:41:34.193+0000] {taskinstance.py:2612} INFO - Dependencies all met for dep_context=non-requeueable deps ti=<TaskInstance: log_monitoring_dag.start_log_producer scheduled__2025-06-01T18:35:00+00:00 [queued]>
[2025-06-01T18:41:36.013+0000] {taskinstance.py:2612} INFO - Dependencies all met for dep_context=requeueable deps ti=<TaskInstance: log_monitoring_dag.start_log_producer scheduled__2025-06-01T18:35:00+00:00 [queued]>
[2025-06-01T18:41:36.015+0000] {taskinstance.py:2865} INFO - Starting attempt 1 of 2
[2025-06-01T18:41:38.421+0000] {taskinstance.py:2888} INFO - Executing <Task(BashOperator): start_log_producer> on 2025-06-01 18:35:00+00:00
[2025-06-01T18:41:39.273+0000] {standard_task_runner.py:104} INFO - Running: ['***', 'tasks', 'run', 'log_monitoring_dag', 'start_log_producer', 'scheduled__2025-06-01T18:35:00+00:00', '--job-id', '105', '--raw', '--subdir', 'DAGS_FOLDER/log_monitoring_dag.py', '--cfg-path', '/tmp/tmpwqf1e2cp']
[2025-06-01T18:41:39.337+0000] {standard_task_runner.py:105} INFO - Job 105: Subtask start_log_producer
[2025-06-01T18:41:39.339+0000] {logging_mixin.py:190} WARNING - /home/***/.local/lib/python3.12/site-packages/***/task/task_runner/standard_task_runner.py:70 DeprecationWarning: This process (pid=1201) is multi-threaded, use of fork() may lead to deadlocks in the child.
[2025-06-01T18:41:39.341+0000] {standard_task_runner.py:72} INFO - Started process 1224 to run task
[2025-06-01T18:41:41.293+0000] {logging_mixin.py:190} WARNING - /home/***/.local/lib/python3.12/site-packages/***/settings.py:209 DeprecationWarning: The sql_alchemy_conn option in [core] has been moved to the sql_alchemy_conn option in [database] - the old setting has been used, but please update your config.
[2025-06-01T18:41:44.252+0000] {task_command.py:467} INFO - Running <TaskInstance: log_monitoring_dag.start_log_producer scheduled__2025-06-01T18:35:00+00:00 [running]> on host 61a0313acf02
[2025-06-01T18:41:44.255+0000] {logging_mixin.py:190} WARNING - /home/***/.local/lib/python3.12/site-packages/***/settings.py:470 DeprecationWarning: The sql_alchemy_conn option in [core] has been moved to the sql_alchemy_conn option in [database] - the old setting has been used, but please update your config.
[2025-06-01T18:41:45.205+0000] {job.py:229} INFO - Heartbeat recovered after 22.27 seconds
[2025-06-01T18:41:45.384+0000] {taskinstance.py:3131} INFO - Exporting env vars: AIRFLOW_CTX_DAG_OWNER='***' AIRFLOW_CTX_DAG_ID='log_monitoring_dag' AIRFLOW_CTX_TASK_ID='start_log_producer' AIRFLOW_CTX_EXECUTION_DATE='2025-06-01T18:35:00+00:00' AIRFLOW_CTX_TRY_NUMBER='1' AIRFLOW_CTX_DAG_RUN_ID='scheduled__2025-06-01T18:35:00+00:00'
[2025-06-01T18:41:45.385+0000] {taskinstance.py:731} INFO - ::endgroup::
[2025-06-01T18:41:45.404+0000] {subprocess.py:63} INFO - Tmp dir root location: /tmp
[2025-06-01T18:41:45.406+0000] {subprocess.py:75} INFO - Running command: ['/usr/bin/bash', '-c', 'cd /opt/***/app && python -u log_producer.py']
[2025-06-01T18:41:45.420+0000] {subprocess.py:86} INFO - Output:
[2025-06-01T18:42:35.844+0000] {job.py:229} INFO - Heartbeat recovered after 45.15 seconds
[2025-06-01T18:42:37.002+0000] {subprocess.py:93} INFO - Sent log: {'timestamp': '2025-06-01T18:42:36.572861', 'level': 'WARNING', 'message': 'This is a log message'}
[2025-06-01T18:42:38.417+0000] {subprocess.py:93} INFO - Sent log: {'timestamp': '2025-06-01T18:42:38.391613', 'level': 'INFO', 'message': 'This is a log message'}
[2025-06-01T18:42:40.486+0000] {subprocess.py:93} INFO - Sent log: {'timestamp': '2025-06-01T18:42:40.485853', 'level': 'INFO', 'message': 'This is a log message'}
[2025-06-01T18:42:41.883+0000] {subprocess.py:93} INFO - Sent log: {'timestamp': '2025-06-01T18:42:41.883564', 'level': 'WARNING', 'message': 'This is a log message'}
[2025-06-01T18:42:43.085+0000] {subprocess.py:93} INFO - Sent log: {'timestamp': '2025-06-01T18:42:43.084642', 'level': 'INFO', 'message': 'This is a log message'}
[2025-06-01T18:42:45.513+0000] {subprocess.py:93} INFO - Sent log: {'timestamp': '2025-06-01T18:42:45.513556', 'level': 'ERROR', 'message': 'This is a log message'}
[2025-06-01T18:42:46.569+0000] {subprocess.py:93} INFO - Sent log: {'timestamp': '2025-06-01T18:42:46.568760', 'level': 'ERROR', 'message': 'This is a log message'}
[2025-06-01T18:42:47.431+0000] {job.py:229} INFO - Heartbeat recovered after 11.77 seconds
[2025-06-01T18:42:48.608+0000] {subprocess.py:93} INFO - Sent log: {'timestamp': '2025-06-01T18:42:48.460178', 'level': 'ERROR', 'message': 'This is a log message'}
[2025-06-01T18:42:49.741+0000] {subprocess.py:93} INFO - Sent log: {'timestamp': '2025-06-01T18:42:49.740866', 'level': 'WARNING', 'message': 'This is a log message'}
[2025-06-01T18:42:51.179+0000] {subprocess.py:93} INFO - Sent log: {'timestamp': '2025-06-01T18:42:50.904365', 'level': 'WARNING', 'message': 'This is a log message'}
[2025-06-01T18:42:52.564+0000] {subprocess.py:93} INFO - Sent log: {'timestamp': '2025-06-01T18:42:52.260988', 'level': 'ERROR', 'message': 'This is a log message'}
[2025-06-01T18:42:53.992+0000] {subprocess.py:93} INFO - Sent log: {'timestamp': '2025-06-01T18:42:53.683304', 'level': 'ERROR', 'message': 'This is a log message'}
[2025-06-01T18:42:54.833+0000] {subprocess.py:93} INFO - Sent log: {'timestamp': '2025-06-01T18:42:54.832632', 'level': 'WARNING', 'message': 'This is a log message'}
[2025-06-01T18:42:56.473+0000] {subprocess.py:93} INFO - Sent log: {'timestamp': '2025-06-01T18:42:56.472952', 'level': 'ERROR', 'message': 'This is a log message'}
[2025-06-01T18:42:58.413+0000] {subprocess.py:93} INFO - Sent log: {'timestamp': '2025-06-01T18:42:58.364917', 'level': 'INFO', 'message': 'This is a log message'}
[2025-06-01T18:42:59.714+0000] {subprocess.py:93} INFO - Sent log: {'timestamp': '2025-06-01T18:42:59.714231', 'level': 'ERROR', 'message': 'This is a log message'}
[2025-06-01T18:43:01.007+0000] {subprocess.py:93} INFO - Sent log: {'timestamp': '2025-06-01T18:43:01.006994', 'level': 'INFO', 'message': 'This is a log message'}
[2025-06-01T18:43:02.392+0000] {subprocess.py:93} INFO - Sent log: {'timestamp': '2025-06-01T18:43:02.391680', 'level': 'INFO', 'message': 'This is a log message'}
[2025-06-01T18:43:07.388+0000] {subprocess.py:93} INFO - Sent log: {'timestamp': '2025-06-01T18:43:07.387194', 'level': 'WARNING', 'message': 'This is a log message'}
[2025-06-01T18:43:08.938+0000] {subprocess.py:93} INFO - Sent log: {'timestamp': '2025-06-01T18:43:08.938178', 'level': 'ERROR', 'message': 'This is a log message'}
[2025-06-01T18:43:10.698+0000] {subprocess.py:93} INFO - Sent log: {'timestamp': '2025-06-01T18:43:10.696685', 'level': 'WARNING', 'message': 'This is a log message'}
[2025-06-01T18:43:12.970+0000] {subprocess.py:93} INFO - Sent log: {'timestamp': '2025-06-01T18:43:12.513649', 'level': 'ERROR', 'message': 'This is a log message'}
[2025-06-01T18:43:13.505+0000] {subprocess.py:93} INFO - Sent log: {'timestamp': '2025-06-01T18:43:13.504907', 'level': 'ERROR', 'message': 'This is a log message'}
[2025-06-01T18:43:17.741+0000] {subprocess.py:93} INFO - Sent log: {'timestamp': '2025-06-01T18:43:17.740637', 'level': 'WARNING', 'message': 'This is a log message'}
[2025-06-01T18:43:24.300+0000] {subprocess.py:93} INFO - Sent log: {'timestamp': '2025-06-01T18:43:24.299137', 'level': 'INFO', 'message': 'This is a log message'}
[2025-06-01T18:43:28.158+0000] {job.py:229} INFO - Heartbeat recovered after 32.74 seconds
[2025-06-01T18:43:29.977+0000] {subprocess.py:93} INFO - Sent log: {'timestamp': '2025-06-01T18:43:29.976870', 'level': 'INFO', 'message': 'This is a log message'}
[2025-06-01T18:43:31.811+0000] {subprocess.py:93} INFO - Sent log: {'timestamp': '2025-06-01T18:43:31.805290', 'level': 'WARNING', 'message': 'This is a log message'}
[2025-06-01T18:43:33.317+0000] {subprocess.py:93} INFO - Sent log: {'timestamp': '2025-06-01T18:43:33.317129', 'level': 'WARNING', 'message': 'This is a log message'}
[2025-06-01T18:43:35.550+0000] {subprocess.py:93} INFO - Sent log: {'timestamp': '2025-06-01T18:43:35.549228', 'level': 'ERROR', 'message': 'This is a log message'}
[2025-06-01T18:43:37.258+0000] {subprocess.py:93} INFO - Sent log: {'timestamp': '2025-06-01T18:43:37.082700', 'level': 'INFO', 'message': 'This is a log message'}
[2025-06-01T18:43:39.087+0000] {subprocess.py:93} INFO - Sent log: {'timestamp': '2025-06-01T18:43:39.033145', 'level': 'ERROR', 'message': 'This is a log message'}
[2025-06-01T18:43:39.634+0000] {job.py:229} INFO - Heartbeat recovered after 24.70 seconds
[2025-06-01T18:43:40.158+0000] {subprocess.py:93} INFO - Sent log: {'timestamp': '2025-06-01T18:43:40.157816', 'level': 'INFO', 'message': 'This is a log message'}
[2025-06-01T18:43:42.474+0000] {subprocess.py:93} INFO - Sent log: {'timestamp': '2025-06-01T18:43:42.063612', 'level': 'ERROR', 'message': 'This is a log message'}
[2025-06-01T18:43:44.819+0000] {subprocess.py:93} INFO - Sent log: {'timestamp': '2025-06-01T18:43:44.818783', 'level': 'ERROR', 'message': 'This is a log message'}
[2025-06-01T18:43:45.942+0000] {subprocess.py:93} INFO - Sent log: {'timestamp': '2025-06-01T18:43:45.941802', 'level': 'ERROR', 'message': 'This is a log message'}
[2025-06-01T18:43:47.045+0000] {subprocess.py:93} INFO - Sent log: {'timestamp': '2025-06-01T18:43:47.043399', 'level': 'WARNING', 'message': 'This is a log message'}
[2025-06-01T18:43:48.052+0000] {subprocess.py:93} INFO - Sent log: {'timestamp': '2025-06-01T18:43:48.052128', 'level': 'WARNING', 'message': 'This is a log message'}
[2025-06-01T18:43:49.074+0000] {subprocess.py:93} INFO - Sent log: {'timestamp': '2025-06-01T18:43:49.074450', 'level': 'INFO', 'message': 'This is a log message'}
[2025-06-01T18:43:50.204+0000] {subprocess.py:93} INFO - Sent log: {'timestamp': '2025-06-01T18:43:50.203701', 'level': 'INFO', 'message': 'This is a log message'}
[2025-06-01T18:43:51.723+0000] {subprocess.py:93} INFO - Sent log: {'timestamp': '2025-06-01T18:43:51.722441', 'level': 'INFO', 'message': 'This is a log message'}
[2025-06-01T18:43:52.726+0000] {subprocess.py:93} INFO - Sent log: {'timestamp': '2025-06-01T18:43:52.725389', 'level': 'ERROR', 'message': 'This is a log message'}
[2025-06-01T18:43:53.728+0000] {subprocess.py:93} INFO - Sent log: {'timestamp': '2025-06-01T18:43:53.727661', 'level': 'WARNING', 'message': 'This is a log message'}
[2025-06-01T18:43:54.730+0000] {subprocess.py:93} INFO - Sent log: {'timestamp': '2025-06-01T18:43:54.729795', 'level': 'WARNING', 'message': 'This is a log message'}
[2025-06-01T18:43:56.485+0000] {subprocess.py:93} INFO - Sent log: {'timestamp': '2025-06-01T18:43:56.484158', 'level': 'ERROR', 'message': 'This is a log message'}
[2025-06-01T18:43:57.506+0000] {subprocess.py:93} INFO - Sent log: {'timestamp': '2025-06-01T18:43:57.505806', 'level': 'ERROR', 'message': 'This is a log message'}
[2025-06-01T18:43:58.514+0000] {subprocess.py:93} INFO - Sent log: {'timestamp': '2025-06-01T18:43:58.514081', 'level': 'INFO', 'message': 'This is a log message'}
[2025-06-01T18:43:59.643+0000] {subprocess.py:93} INFO - Sent log: {'timestamp': '2025-06-01T18:43:59.643064', 'level': 'INFO', 'message': 'This is a log message'}
[2025-06-01T18:44:00.820+0000] {subprocess.py:93} INFO - Sent log: {'timestamp': '2025-06-01T18:44:00.819634', 'level': 'WARNING', 'message': 'This is a log message'}
[2025-06-01T18:44:01.822+0000] {subprocess.py:93} INFO - Sent log: {'timestamp': '2025-06-01T18:44:01.821774', 'level': 'ERROR', 'message': 'This is a log message'}
[2025-06-01T18:44:02.824+0000] {subprocess.py:93} INFO - Sent log: {'timestamp': '2025-06-01T18:44:02.823803', 'level': 'WARNING', 'message': 'This is a log message'}
[2025-06-01T18:44:03.843+0000] {subprocess.py:93} INFO - Sent log: {'timestamp': '2025-06-01T18:44:03.842626', 'level': 'INFO', 'message': 'This is a log message'}
[2025-06-01T18:44:04.994+0000] {subprocess.py:93} INFO - Sent log: {'timestamp': '2025-06-01T18:44:04.993546', 'level': 'ERROR', 'message': 'This is a log message'}
[2025-06-01T18:44:06.036+0000] {subprocess.py:93} INFO - Sent log: {'timestamp': '2025-06-01T18:44:06.035919', 'level': 'WARNING', 'message': 'This is a log message'}
[2025-06-01T18:44:07.058+0000] {subprocess.py:93} INFO - Sent log: {'timestamp': '2025-06-01T18:44:07.057243', 'level': 'INFO', 'message': 'This is a log message'}
[2025-06-01T18:44:08.156+0000] {subprocess.py:93} INFO - Sent log: {'timestamp': '2025-06-01T18:44:08.156433', 'level': 'INFO', 'message': 'This is a log message'}
[2025-06-01T18:44:09.160+0000] {subprocess.py:93} INFO - Sent log: {'timestamp': '2025-06-01T18:44:09.160051', 'level': 'WARNING', 'message': 'This is a log message'}
[2025-06-01T18:44:10.348+0000] {subprocess.py:93} INFO - Sent log: {'timestamp': '2025-06-01T18:44:10.347113', 'level': 'WARNING', 'message': 'This is a log message'}
[2025-06-01T18:44:11.349+0000] {subprocess.py:93} INFO - Sent log: {'timestamp': '2025-06-01T18:44:11.349161', 'level': 'ERROR', 'message': 'This is a log message'}
[2025-06-01T18:44:12.352+0000] {subprocess.py:93} INFO - Sent log: {'timestamp': '2025-06-01T18:44:12.351136', 'level': 'WARNING', 'message': 'This is a log message'}
[2025-06-01T18:44:14.005+0000] {subprocess.py:93} INFO - Sent log: {'timestamp': '2025-06-01T18:44:14.002830', 'level': 'INFO', 'message': 'This is a log message'}
[2025-06-01T18:44:14.795+0000] {subprocess.py:93} INFO - Sent log: {'timestamp': '2025-06-01T18:44:14.794573', 'level': 'INFO', 'message': 'This is a log message'}
[2025-06-01T18:44:15.935+0000] {subprocess.py:93} INFO - Sent log: {'timestamp': '2025-06-01T18:44:15.935569', 'level': 'INFO', 'message': 'This is a log message'}
[2025-06-01T18:44:17.122+0000] {subprocess.py:93} INFO - Sent log: {'timestamp': '2025-06-01T18:44:17.122684', 'level': 'WARNING', 'message': 'This is a log message'}
[2025-06-01T18:44:18.472+0000] {subprocess.py:93} INFO - Sent log: {'timestamp': '2025-06-01T18:44:18.470461', 'level': 'WARNING', 'message': 'This is a log message'}
[2025-06-01T18:44:20.179+0000] {subprocess.py:93} INFO - Sent log: {'timestamp': '2025-06-01T18:44:20.179039', 'level': 'WARNING', 'message': 'This is a log message'}
[2025-06-01T18:44:21.507+0000] {subprocess.py:93} INFO - Sent log: {'timestamp': '2025-06-01T18:44:21.505987', 'level': 'INFO', 'message': 'This is a log message'}
[2025-06-01T18:44:22.776+0000] {subprocess.py:93} INFO - Sent log: {'timestamp': '2025-06-01T18:44:22.775342', 'level': 'WARNING', 'message': 'This is a log message'}
[2025-06-01T18:44:24.367+0000] {subprocess.py:93} INFO - Sent log: {'timestamp': '2025-06-01T18:44:24.283441', 'level': 'ERROR', 'message': 'This is a log message'}
[2025-06-01T18:44:25.308+0000] {subprocess.py:93} INFO - Sent log: {'timestamp': '2025-06-01T18:44:25.291054', 'level': 'WARNING', 'message': 'This is a log message'}
[2025-06-01T18:44:26.609+0000] {subprocess.py:93} INFO - Sent log: {'timestamp': '2025-06-01T18:44:26.609300', 'level': 'ERROR', 'message': 'This is a log message'}
[2025-06-01T18:44:27.612+0000] {subprocess.py:93} INFO - Sent log: {'timestamp': '2025-06-01T18:44:27.611826', 'level': 'INFO', 'message': 'This is a log message'}
[2025-06-01T18:44:28.614+0000] {subprocess.py:93} INFO - Sent log: {'timestamp': '2025-06-01T18:44:28.613498', 'level': 'ERROR', 'message': 'This is a log message'}
[2025-06-01T18:44:29.615+0000] {subprocess.py:93} INFO - Sent log: {'timestamp': '2025-06-01T18:44:29.615355', 'level': 'WARNING', 'message': 'This is a log message'}
[2025-06-01T18:44:30.617+0000] {subprocess.py:93} INFO - Sent log: {'timestamp': '2025-06-01T18:44:30.616982', 'level': 'ERROR', 'message': 'This is a log message'}
[2025-06-01T18:44:32.019+0000] {subprocess.py:93} INFO - Sent log: {'timestamp': '2025-06-01T18:44:32.018944', 'level': 'ERROR', 'message': 'This is a log message'}
[2025-06-01T18:44:33.246+0000] {subprocess.py:93} INFO - Sent log: {'timestamp': '2025-06-01T18:44:33.245697', 'level': 'INFO', 'message': 'This is a log message'}
[2025-06-01T18:44:34.313+0000] {subprocess.py:93} INFO - Sent log: {'timestamp': '2025-06-01T18:44:34.313280', 'level': 'INFO', 'message': 'This is a log message'}
[2025-06-01T18:44:35.316+0000] {subprocess.py:93} INFO - Sent log: {'timestamp': '2025-06-01T18:44:35.316083', 'level': 'INFO', 'message': 'This is a log message'}
[2025-06-01T18:44:36.318+0000] {subprocess.py:93} INFO - Sent log: {'timestamp': '2025-06-01T18:44:36.317684', 'level': 'INFO', 'message': 'This is a log message'}
[2025-06-01T18:44:37.368+0000] {subprocess.py:97} INFO - Command exited with return code 0
[2025-06-01T18:44:37.501+0000] {taskinstance.py:340} INFO - ::group::Post task execution logs
[2025-06-01T18:44:37.529+0000] {taskinstance.py:352} INFO - Marking task as SUCCESS. dag_id=log_monitoring_dag, task_id=start_log_producer, run_id=scheduled__2025-06-01T18:35:00+00:00, execution_date=20250601T183500, start_date=20250601T184134, end_date=20250601T184437
[2025-06-01T18:44:37.811+0000] {local_task_job_runner.py:266} INFO - Task exited with return code 0
[2025-06-01T18:44:38.450+0000] {taskinstance.py:3900} INFO - 1 downstream tasks scheduled from follow-on schedule check
[2025-06-01T18:44:38.458+0000] {local_task_job_runner.py:245} INFO - ::endgroup::
