[2025-05-31T14:30:14.042+0000] {local_task_job_runner.py:123} INFO - ::group::Pre task execution logs
[2025-05-31T14:30:14.109+0000] {taskinstance.py:2612} INFO - Dependencies all met for dep_context=non-requeueable deps ti=<TaskInstance: log_monitoring_dag.start_log_producer scheduled__2025-05-28T05:55:00+00:00 [queued]>
[2025-05-31T14:30:14.136+0000] {taskinstance.py:2612} INFO - Dependencies all met for dep_context=requeueable deps ti=<TaskInstance: log_monitoring_dag.start_log_producer scheduled__2025-05-28T05:55:00+00:00 [queued]>
[2025-05-31T14:30:14.146+0000] {taskinstance.py:2865} INFO - Starting attempt 2 of 2
[2025-05-31T14:30:16.552+0000] {taskinstance.py:2888} INFO - Executing <Task(BashOperator): start_log_producer> on 2025-05-28 05:55:00+00:00
[2025-05-31T14:30:17.443+0000] {logging_mixin.py:190} WARNING - /home/***/.local/lib/python3.12/site-packages/***/task/task_runner/standard_task_runner.py:70 DeprecationWarning: This process (pid=190) is multi-threaded, use of fork() may lead to deadlocks in the child.
[2025-05-31T14:30:17.457+0000] {standard_task_runner.py:104} INFO - Running: ['***', 'tasks', 'run', 'log_monitoring_dag', 'start_log_producer', 'scheduled__2025-05-28T05:55:00+00:00', '--job-id', '110', '--raw', '--subdir', 'DAGS_FOLDER/log_monitoring_dag.py', '--cfg-path', '/tmp/tmp8ph42gn5']
[2025-05-31T14:30:17.923+0000] {standard_task_runner.py:72} INFO - Started process 202 to run task
[2025-05-31T14:30:17.924+0000] {standard_task_runner.py:105} INFO - Job 110: Subtask start_log_producer
[2025-05-31T14:30:22.565+0000] {logging_mixin.py:190} WARNING - /home/***/.local/lib/python3.12/site-packages/***/settings.py:209 DeprecationWarning: The sql_alchemy_conn option in [core] has been moved to the sql_alchemy_conn option in [database] - the old setting has been used, but please update your config.
[2025-05-31T14:30:27.237+0000] {job.py:229} INFO - Heartbeat recovered after 21.52 seconds
[2025-05-31T14:30:27.862+0000] {task_command.py:467} INFO - Running <TaskInstance: log_monitoring_dag.start_log_producer scheduled__2025-05-28T05:55:00+00:00 [running]> on host 1d31c4e9dbe9
[2025-05-31T14:30:28.166+0000] {logging_mixin.py:190} WARNING - /home/***/.local/lib/python3.12/site-packages/***/settings.py:470 DeprecationWarning: The sql_alchemy_conn option in [core] has been moved to the sql_alchemy_conn option in [database] - the old setting has been used, but please update your config.
[2025-05-31T14:30:41.782+0000] {job.py:229} INFO - Heartbeat recovered after 16.00 seconds
[2025-05-31T14:31:00.632+0000] {job.py:229} INFO - Heartbeat recovered after 19.75 seconds
[2025-05-31T14:31:09.726+0000] {taskinstance.py:3131} INFO - Exporting env vars: AIRFLOW_CTX_DAG_OWNER='***' AIRFLOW_CTX_DAG_ID='log_monitoring_dag' AIRFLOW_CTX_TASK_ID='start_log_producer' AIRFLOW_CTX_EXECUTION_DATE='2025-05-28T05:55:00+00:00' AIRFLOW_CTX_TRY_NUMBER='2' AIRFLOW_CTX_DAG_RUN_ID='scheduled__2025-05-28T05:55:00+00:00'
[2025-05-31T14:31:10.662+0000] {taskinstance.py:731} INFO - ::endgroup::
[2025-05-31T14:31:21.360+0000] {subprocess.py:63} INFO - Tmp dir root location: /tmp
[2025-05-31T14:31:21.472+0000] {job.py:229} INFO - Heartbeat recovered after 23.76 seconds
[2025-05-31T14:31:22.075+0000] {subprocess.py:75} INFO - Running command: ['/usr/bin/bash', '-c', 'cd /opt/***/app && python -u log_producer.py']
