[2025-06-01T13:23:26.432+0000] {local_task_job_runner.py:123} INFO - ::group::Pre task execution logs
[2025-06-01T13:23:26.453+0000] {taskinstance.py:2612} INFO - Dependencies all met for dep_context=non-requeueable deps ti=<TaskInstance: log_monitoring_dag.start_log_producer manual__2025-06-01T13:22:53.837895+00:00 [queued]>
[2025-06-01T13:23:26.461+0000] {taskinstance.py:2612} INFO - Dependencies all met for dep_context=requeueable deps ti=<TaskInstance: log_monitoring_dag.start_log_producer manual__2025-06-01T13:22:53.837895+00:00 [queued]>
[2025-06-01T13:23:26.462+0000] {taskinstance.py:2865} INFO - Starting attempt 1 of 2
[2025-06-01T13:23:26.477+0000] {taskinstance.py:2888} INFO - Executing <Task(BashOperator): start_log_producer> on 2025-06-01 13:22:53.837895+00:00
[2025-06-01T13:23:26.487+0000] {logging_mixin.py:190} WARNING - /home/***/.local/lib/python3.12/site-packages/***/task/task_runner/standard_task_runner.py:70 DeprecationWarning: This process (pid=617) is multi-threaded, use of fork() may lead to deadlocks in the child.
[2025-06-01T13:23:26.489+0000] {standard_task_runner.py:72} INFO - Started process 623 to run task
[2025-06-01T13:23:26.486+0000] {standard_task_runner.py:104} INFO - Running: ['***', 'tasks', 'run', 'log_monitoring_dag', 'start_log_producer', 'manual__2025-06-01T13:22:53.837895+00:00', '--job-id', '148', '--raw', '--subdir', 'DAGS_FOLDER/log_monitoring_dag.py', '--cfg-path', '/tmp/tmpa5bc6ha2']
[2025-06-01T13:23:26.493+0000] {standard_task_runner.py:105} INFO - Job 148: Subtask start_log_producer
[2025-06-01T13:23:26.513+0000] {logging_mixin.py:190} WARNING - /home/***/.local/lib/python3.12/site-packages/***/settings.py:209 DeprecationWarning: The sql_alchemy_conn option in [core] has been moved to the sql_alchemy_conn option in [database] - the old setting has been used, but please update your config.
[2025-06-01T13:23:26.549+0000] {task_command.py:467} INFO - Running <TaskInstance: log_monitoring_dag.start_log_producer manual__2025-06-01T13:22:53.837895+00:00 [running]> on host 398f8ed29d5e
[2025-06-01T13:23:26.783+0000] {taskinstance.py:3131} INFO - Exporting env vars: AIRFLOW_CTX_DAG_OWNER='***' AIRFLOW_CTX_DAG_ID='log_monitoring_dag' AIRFLOW_CTX_TASK_ID='start_log_producer' AIRFLOW_CTX_EXECUTION_DATE='2025-06-01T13:22:53.837895+00:00' AIRFLOW_CTX_TRY_NUMBER='1' AIRFLOW_CTX_DAG_RUN_ID='manual__2025-06-01T13:22:53.837895+00:00'
[2025-06-01T13:23:26.785+0000] {taskinstance.py:731} INFO - ::endgroup::
[2025-06-01T13:23:26.852+0000] {subprocess.py:63} INFO - Tmp dir root location: /tmp
[2025-06-01T13:23:26.853+0000] {subprocess.py:75} INFO - Running command: ['/usr/bin/bash', '-c', 'cd /opt/***/app && python -u log_producer.py']
[2025-06-01T13:23:27.380+0000] {subprocess.py:86} INFO - Output:
[2025-06-01T13:24:25.704+0000] {local_task_job_runner.py:127} ERROR - Received SIGTERM. Terminating subprocesses
[2025-06-01T13:24:33.772+0000] {process_utils.py:132} INFO - Sending 15 to group 623. PIDs of all processes in the group: [627, 623]
[2025-06-01T13:24:34.065+0000] {process_utils.py:87} INFO - Sending the signal 15 to group 623
[2025-06-01T13:24:34.098+0000] {taskinstance.py:3092} ERROR - Received SIGTERM. Terminating subprocesses.
