[2025-05-31T19:08:37.770+0000] {local_task_job_runner.py:123} INFO - ::group::Pre task execution logs
[2025-05-31T19:08:37.791+0000] {taskinstance.py:2612} INFO - Dependencies all met for dep_context=non-requeueable deps ti=<TaskInstance: log_monitoring_dag.start_log_producer scheduled__2025-05-31T19:00:00+00:00 [queued]>
[2025-05-31T19:08:37.799+0000] {taskinstance.py:2612} INFO - Dependencies all met for dep_context=requeueable deps ti=<TaskInstance: log_monitoring_dag.start_log_producer scheduled__2025-05-31T19:00:00+00:00 [queued]>
[2025-05-31T19:08:37.800+0000] {taskinstance.py:2865} INFO - Starting attempt 2 of 2
[2025-05-31T19:08:37.815+0000] {taskinstance.py:2888} INFO - Executing <Task(BashOperator): start_log_producer> on 2025-05-31 19:00:00+00:00
[2025-05-31T19:08:37.824+0000] {logging_mixin.py:190} WARNING - /home/***/.local/lib/python3.12/site-packages/***/task/task_runner/standard_task_runner.py:70 DeprecationWarning: This process (pid=227) is multi-threaded, use of fork() may lead to deadlocks in the child.
[2025-05-31T19:08:37.825+0000] {standard_task_runner.py:72} INFO - Started process 231 to run task
[2025-05-31T19:08:37.823+0000] {standard_task_runner.py:104} INFO - Running: ['***', 'tasks', 'run', 'log_monitoring_dag', 'start_log_producer', 'scheduled__2025-05-31T19:00:00+00:00', '--job-id', '5', '--raw', '--subdir', 'DAGS_FOLDER/log_monitoring_dag.py', '--cfg-path', '/tmp/tmpqohx07b4']
[2025-05-31T19:08:37.826+0000] {standard_task_runner.py:105} INFO - Job 5: Subtask start_log_producer
[2025-05-31T19:08:37.884+0000] {logging_mixin.py:190} WARNING - /home/***/.local/lib/python3.12/site-packages/***/settings.py:209 DeprecationWarning: The sql_alchemy_conn option in [core] has been moved to the sql_alchemy_conn option in [database] - the old setting has been used, but please update your config.
[2025-05-31T19:08:37.928+0000] {task_command.py:467} INFO - Running <TaskInstance: log_monitoring_dag.start_log_producer scheduled__2025-05-31T19:00:00+00:00 [running]> on host e2dbb2db3fac
[2025-05-31T19:08:37.931+0000] {logging_mixin.py:190} WARNING - /home/***/.local/lib/python3.12/site-packages/***/settings.py:470 DeprecationWarning: The sql_alchemy_conn option in [core] has been moved to the sql_alchemy_conn option in [database] - the old setting has been used, but please update your config.
[2025-05-31T19:08:38.031+0000] {taskinstance.py:3131} INFO - Exporting env vars: AIRFLOW_CTX_DAG_OWNER='***' AIRFLOW_CTX_DAG_ID='log_monitoring_dag' AIRFLOW_CTX_TASK_ID='start_log_producer' AIRFLOW_CTX_EXECUTION_DATE='2025-05-31T19:00:00+00:00' AIRFLOW_CTX_TRY_NUMBER='2' AIRFLOW_CTX_DAG_RUN_ID='scheduled__2025-05-31T19:00:00+00:00'
[2025-05-31T19:08:38.033+0000] {taskinstance.py:731} INFO - ::endgroup::
[2025-05-31T19:08:38.052+0000] {subprocess.py:63} INFO - Tmp dir root location: /tmp
[2025-05-31T19:08:38.053+0000] {subprocess.py:75} INFO - Running command: ['/usr/bin/bash', '-c', 'cd /opt/***/app && python -u log_producer.py']
[2025-05-31T19:08:38.235+0000] {subprocess.py:86} INFO - Output:
[2025-05-31T19:08:41.225+0000] {subprocess.py:93} INFO - Sending log: {'timestamp': '2025-05-31 19:08:41', 'level': 'ERROR', 'message': 'Payment gateway timeout'}
[2025-05-31T19:08:43.332+0000] {subprocess.py:93} INFO - Sending log: {'timestamp': '2025-05-31 19:08:43', 'level': 'ERROR', 'message': 'Database connection failed'}
[2025-05-31T19:08:45.332+0000] {subprocess.py:93} INFO - Sending log: {'timestamp': '2025-05-31 19:08:45', 'level': 'WARNING', 'message': 'High memory usage'}
[2025-05-31T19:08:47.333+0000] {subprocess.py:93} INFO - Sending log: {'timestamp': '2025-05-31 19:08:47', 'level': 'WARNING', 'message': 'High memory usage'}
[2025-05-31T19:08:49.326+0000] {subprocess.py:93} INFO - Sending log: {'timestamp': '2025-05-31 19:08:49', 'level': 'INFO', 'message': 'Search executed'}
[2025-05-31T19:08:51.327+0000] {subprocess.py:93} INFO - Sending log: {'timestamp': '2025-05-31 19:08:51', 'level': 'WARNING', 'message': 'High memory usage'}
[2025-05-31T19:08:53.327+0000] {subprocess.py:93} INFO - Sending log: {'timestamp': '2025-05-31 19:08:53', 'level': 'ERROR', 'message': 'Database connection failed'}
[2025-05-31T19:08:55.328+0000] {subprocess.py:93} INFO - Sending log: {'timestamp': '2025-05-31 19:08:55', 'level': 'ERROR', 'message': 'Database connection failed'}
[2025-05-31T19:08:57.328+0000] {subprocess.py:93} INFO - Sending log: {'timestamp': '2025-05-31 19:08:57', 'level': 'ERROR', 'message': 'Payment gateway timeout'}
[2025-05-31T19:08:59.329+0000] {subprocess.py:93} INFO - Sending log: {'timestamp': '2025-05-31 19:08:59', 'level': 'ERROR', 'message': 'Payment gateway timeout'}
[2025-05-31T19:09:01.329+0000] {subprocess.py:93} INFO - Sending log: {'timestamp': '2025-05-31 19:09:01', 'level': 'WARNING', 'message': 'Slow response time'}
[2025-05-31T19:09:03.330+0000] {subprocess.py:93} INFO - Sending log: {'timestamp': '2025-05-31 19:09:03', 'level': 'INFO', 'message': 'Page loaded'}
[2025-05-31T19:09:05.330+0000] {subprocess.py:93} INFO - Sending log: {'timestamp': '2025-05-31 19:09:05', 'level': 'WARNING', 'message': 'Slow response time'}
[2025-05-31T19:09:07.331+0000] {subprocess.py:93} INFO - Sending log: {'timestamp': '2025-05-31 19:09:07', 'level': 'INFO', 'message': 'User logged in'}
[2025-05-31T19:09:09.331+0000] {subprocess.py:93} INFO - Sending log: {'timestamp': '2025-05-31 19:09:09', 'level': 'ERROR', 'message': 'Payment gateway timeout'}
[2025-05-31T19:09:11.332+0000] {subprocess.py:93} INFO - Sending log: {'timestamp': '2025-05-31 19:09:11', 'level': 'WARNING', 'message': 'High memory usage'}
[2025-05-31T19:09:13.332+0000] {subprocess.py:93} INFO - Sending log: {'timestamp': '2025-05-31 19:09:13', 'level': 'WARNING', 'message': 'High memory usage'}
[2025-05-31T19:09:15.333+0000] {subprocess.py:93} INFO - Sending log: {'timestamp': '2025-05-31 19:09:15', 'level': 'INFO', 'message': 'Page loaded'}
[2025-05-31T19:09:17.334+0000] {subprocess.py:93} INFO - Sending log: {'timestamp': '2025-05-31 19:09:17', 'level': 'INFO', 'message': 'Search executed'}
[2025-05-31T19:09:19.338+0000] {subprocess.py:93} INFO - Sending log: {'timestamp': '2025-05-31 19:09:19', 'level': 'WARNING', 'message': 'High memory usage'}
[2025-05-31T19:09:21.339+0000] {subprocess.py:93} INFO - Sending log: {'timestamp': '2025-05-31 19:09:21', 'level': 'INFO', 'message': 'Page loaded'}
[2025-05-31T19:09:23.339+0000] {subprocess.py:93} INFO - Sending log: {'timestamp': '2025-05-31 19:09:23', 'level': 'ERROR', 'message': 'Payment gateway timeout'}
[2025-05-31T19:09:25.340+0000] {subprocess.py:93} INFO - Sending log: {'timestamp': '2025-05-31 19:09:25', 'level': 'WARNING', 'message': 'Slow response time'}
[2025-05-31T19:09:27.340+0000] {subprocess.py:93} INFO - Sending log: {'timestamp': '2025-05-31 19:09:27', 'level': 'ERROR', 'message': 'Payment gateway timeout'}
[2025-05-31T19:09:29.341+0000] {subprocess.py:93} INFO - Sending log: {'timestamp': '2025-05-31 19:09:29', 'level': 'INFO', 'message': 'Search executed'}
[2025-05-31T19:09:31.342+0000] {subprocess.py:93} INFO - Sending log: {'timestamp': '2025-05-31 19:09:31', 'level': 'ERROR', 'message': 'Database connection failed'}
[2025-05-31T19:09:33.343+0000] {subprocess.py:93} INFO - Sending log: {'timestamp': '2025-05-31 19:09:33', 'level': 'INFO', 'message': 'User logged in'}
[2025-05-31T19:09:35.343+0000] {subprocess.py:93} INFO - Sending log: {'timestamp': '2025-05-31 19:09:35', 'level': 'INFO', 'message': 'Search executed'}
[2025-05-31T19:09:37.344+0000] {subprocess.py:93} INFO - Sending log: {'timestamp': '2025-05-31 19:09:37', 'level': 'ERROR', 'message': 'Payment gateway timeout'}
[2025-05-31T19:09:39.344+0000] {subprocess.py:93} INFO - Sending log: {'timestamp': '2025-05-31 19:09:39', 'level': 'ERROR', 'message': 'Payment gateway timeout'}
[2025-05-31T19:09:41.345+0000] {subprocess.py:93} INFO - Sending log: {'timestamp': '2025-05-31 19:09:41', 'level': 'WARNING', 'message': 'High memory usage'}
[2025-05-31T19:09:43.345+0000] {subprocess.py:93} INFO - Sending log: {'timestamp': '2025-05-31 19:09:43', 'level': 'INFO', 'message': 'Page loaded'}
[2025-05-31T19:09:45.346+0000] {subprocess.py:93} INFO - Sending log: {'timestamp': '2025-05-31 19:09:45', 'level': 'ERROR', 'message': 'Database connection failed'}
[2025-05-31T19:09:47.346+0000] {subprocess.py:93} INFO - Sending log: {'timestamp': '2025-05-31 19:09:47', 'level': 'WARNING', 'message': 'High memory usage'}
[2025-05-31T19:09:49.345+0000] {subprocess.py:93} INFO - Sending log: {'timestamp': '2025-05-31 19:09:49', 'level': 'ERROR', 'message': 'Database connection failed'}
[2025-05-31T19:09:51.345+0000] {subprocess.py:93} INFO - Sending log: {'timestamp': '2025-05-31 19:09:51', 'level': 'INFO', 'message': 'Page loaded'}
[2025-05-31T19:09:53.345+0000] {subprocess.py:93} INFO - Sending log: {'timestamp': '2025-05-31 19:09:53', 'level': 'WARNING', 'message': 'Slow response time'}
[2025-05-31T19:09:55.346+0000] {subprocess.py:93} INFO - Sending log: {'timestamp': '2025-05-31 19:09:55', 'level': 'INFO', 'message': 'User logged in'}
[2025-05-31T19:09:57.346+0000] {subprocess.py:93} INFO - Sending log: {'timestamp': '2025-05-31 19:09:57', 'level': 'INFO', 'message': 'Search executed'}
[2025-05-31T19:09:59.347+0000] {subprocess.py:93} INFO - Sending log: {'timestamp': '2025-05-31 19:09:59', 'level': 'ERROR', 'message': 'Database connection failed'}
[2025-05-31T19:10:01.347+0000] {subprocess.py:93} INFO - Sending log: {'timestamp': '2025-05-31 19:10:01', 'level': 'INFO', 'message': 'Search executed'}
[2025-05-31T19:10:03.348+0000] {subprocess.py:93} INFO - Sending log: {'timestamp': '2025-05-31 19:10:03', 'level': 'WARNING', 'message': 'Slow response time'}
[2025-05-31T19:10:05.348+0000] {subprocess.py:93} INFO - Sending log: {'timestamp': '2025-05-31 19:10:05', 'level': 'WARNING', 'message': 'High memory usage'}
[2025-05-31T19:10:07.349+0000] {subprocess.py:93} INFO - Sending log: {'timestamp': '2025-05-31 19:10:07', 'level': 'WARNING', 'message': 'High memory usage'}
[2025-05-31T19:10:09.350+0000] {subprocess.py:93} INFO - Sending log: {'timestamp': '2025-05-31 19:10:09', 'level': 'WARNING', 'message': 'High memory usage'}
[2025-05-31T19:10:11.425+0000] {subprocess.py:93} INFO - Sending log: {'timestamp': '2025-05-31 19:10:11', 'level': 'ERROR', 'message': 'Payment gateway timeout'}
[2025-05-31T19:10:13.432+0000] {subprocess.py:93} INFO - Sending log: {'timestamp': '2025-05-31 19:10:13', 'level': 'WARNING', 'message': 'High memory usage'}
[2025-05-31T19:10:15.433+0000] {subprocess.py:93} INFO - Sending log: {'timestamp': '2025-05-31 19:10:15', 'level': 'ERROR', 'message': 'Payment gateway timeout'}
[2025-05-31T19:10:17.433+0000] {subprocess.py:93} INFO - Sending log: {'timestamp': '2025-05-31 19:10:17', 'level': 'WARNING', 'message': 'Slow response time'}
[2025-05-31T19:10:19.339+0000] {subprocess.py:93} INFO - Sending log: {'timestamp': '2025-05-31 19:10:19', 'level': 'WARNING', 'message': 'Slow response time'}
[2025-05-31T19:10:21.359+0000] {subprocess.py:93} INFO - Sending log: {'timestamp': '2025-05-31 19:10:21', 'level': 'INFO', 'message': 'Search executed'}
[2025-05-31T19:10:23.359+0000] {subprocess.py:93} INFO - Sending log: {'timestamp': '2025-05-31 19:10:23', 'level': 'INFO', 'message': 'Search executed'}
[2025-05-31T19:10:25.757+0000] {subprocess.py:93} INFO - Sending log: {'timestamp': '2025-05-31 19:10:25', 'level': 'INFO', 'message': 'Search executed'}
[2025-05-31T19:10:27.758+0000] {subprocess.py:93} INFO - Sending log: {'timestamp': '2025-05-31 19:10:27', 'level': 'ERROR', 'message': 'Database connection failed'}
[2025-05-31T19:10:30.017+0000] {subprocess.py:93} INFO - Sending log: {'timestamp': '2025-05-31 19:10:30', 'level': 'INFO', 'message': 'Search executed'}
[2025-05-31T19:10:30.166+0000] {job.py:229} INFO - Heartbeat recovered after 11.21 seconds
[2025-05-31T19:10:32.017+0000] {subprocess.py:93} INFO - Sending log: {'timestamp': '2025-05-31 19:10:32', 'level': 'ERROR', 'message': 'Payment gateway timeout'}
[2025-05-31T19:10:34.017+0000] {subprocess.py:93} INFO - Sending log: {'timestamp': '2025-05-31 19:10:34', 'level': 'ERROR', 'message': 'Payment gateway timeout'}
[2025-05-31T19:10:36.018+0000] {subprocess.py:93} INFO - Sending log: {'timestamp': '2025-05-31 19:10:36', 'level': 'INFO', 'message': 'User logged in'}
[2025-05-31T19:10:38.155+0000] {subprocess.py:93} INFO - Sending log: {'timestamp': '2025-05-31 19:10:38', 'level': 'ERROR', 'message': 'Database connection failed'}
[2025-05-31T19:10:40.156+0000] {subprocess.py:93} INFO - Sending log: {'timestamp': '2025-05-31 19:10:40', 'level': 'WARNING', 'message': 'High memory usage'}
[2025-05-31T19:10:42.156+0000] {subprocess.py:93} INFO - Sending log: {'timestamp': '2025-05-31 19:10:42', 'level': 'INFO', 'message': 'Search executed'}
[2025-05-31T19:10:44.404+0000] {subprocess.py:93} INFO - Sending log: {'timestamp': '2025-05-31 19:10:44', 'level': 'ERROR', 'message': 'Database connection failed'}
[2025-05-31T19:10:46.404+0000] {subprocess.py:93} INFO - Sending log: {'timestamp': '2025-05-31 19:10:46', 'level': 'WARNING', 'message': 'Slow response time'}
[2025-05-31T19:10:48.814+0000] {subprocess.py:93} INFO - Sending log: {'timestamp': '2025-05-31 19:10:48', 'level': 'WARNING', 'message': 'Slow response time'}
[2025-05-31T19:10:50.880+0000] {subprocess.py:93} INFO - Sending log: {'timestamp': '2025-05-31 19:10:50', 'level': 'WARNING', 'message': 'Slow response time'}
[2025-05-31T19:10:52.881+0000] {subprocess.py:93} INFO - Sending log: {'timestamp': '2025-05-31 19:10:52', 'level': 'INFO', 'message': 'Page loaded'}
[2025-05-31T19:10:54.881+0000] {subprocess.py:93} INFO - Sending log: {'timestamp': '2025-05-31 19:10:54', 'level': 'ERROR', 'message': 'Payment gateway timeout'}
[2025-05-31T19:10:56.882+0000] {subprocess.py:93} INFO - Sending log: {'timestamp': '2025-05-31 19:10:56', 'level': 'WARNING', 'message': 'High memory usage'}
[2025-05-31T19:10:59.359+0000] {subprocess.py:93} INFO - Sending log: {'timestamp': '2025-05-31 19:10:59', 'level': 'WARNING', 'message': 'Slow response time'}
[2025-05-31T19:11:01.360+0000] {subprocess.py:93} INFO - Sending log: {'timestamp': '2025-05-31 19:11:01', 'level': 'ERROR', 'message': 'Payment gateway timeout'}
[2025-05-31T19:11:03.360+0000] {subprocess.py:93} INFO - Sending log: {'timestamp': '2025-05-31 19:11:03', 'level': 'INFO', 'message': 'Page loaded'}
[2025-05-31T19:11:05.361+0000] {subprocess.py:93} INFO - Sending log: {'timestamp': '2025-05-31 19:11:05', 'level': 'INFO', 'message': 'Search executed'}
[2025-05-31T19:11:07.361+0000] {subprocess.py:93} INFO - Sending log: {'timestamp': '2025-05-31 19:11:07', 'level': 'WARNING', 'message': 'Slow response time'}
[2025-05-31T19:11:09.362+0000] {subprocess.py:93} INFO - Sending log: {'timestamp': '2025-05-31 19:11:09', 'level': 'ERROR', 'message': 'Payment gateway timeout'}
[2025-05-31T19:11:11.362+0000] {subprocess.py:93} INFO - Sending log: {'timestamp': '2025-05-31 19:11:11', 'level': 'ERROR', 'message': 'Payment gateway timeout'}
[2025-05-31T19:11:13.365+0000] {subprocess.py:93} INFO - Sending log: {'timestamp': '2025-05-31 19:11:13', 'level': 'ERROR', 'message': 'Database connection failed'}
[2025-05-31T19:11:15.366+0000] {subprocess.py:93} INFO - Sending log: {'timestamp': '2025-05-31 19:11:15', 'level': 'INFO', 'message': 'User logged in'}
[2025-05-31T19:11:17.366+0000] {subprocess.py:93} INFO - Sending log: {'timestamp': '2025-05-31 19:11:17', 'level': 'WARNING', 'message': 'Slow response time'}
[2025-05-31T19:11:19.365+0000] {subprocess.py:93} INFO - Sending log: {'timestamp': '2025-05-31 19:11:19', 'level': 'INFO', 'message': 'Search executed'}
[2025-05-31T19:11:21.365+0000] {subprocess.py:93} INFO - Sending log: {'timestamp': '2025-05-31 19:11:21', 'level': 'INFO', 'message': 'User logged in'}
[2025-05-31T19:11:23.366+0000] {subprocess.py:93} INFO - Sending log: {'timestamp': '2025-05-31 19:11:23', 'level': 'WARNING', 'message': 'High memory usage'}
[2025-05-31T19:11:25.366+0000] {subprocess.py:93} INFO - Sending log: {'timestamp': '2025-05-31 19:11:25', 'level': 'WARNING', 'message': 'Slow response time'}
[2025-05-31T19:11:27.367+0000] {subprocess.py:93} INFO - Sending log: {'timestamp': '2025-05-31 19:11:27', 'level': 'WARNING', 'message': 'High memory usage'}
[2025-05-31T19:11:29.367+0000] {subprocess.py:93} INFO - Sending log: {'timestamp': '2025-05-31 19:11:29', 'level': 'WARNING', 'message': 'Slow response time'}
[2025-05-31T19:11:31.368+0000] {subprocess.py:93} INFO - Sending log: {'timestamp': '2025-05-31 19:11:31', 'level': 'WARNING', 'message': 'High memory usage'}
[2025-05-31T19:11:33.368+0000] {subprocess.py:93} INFO - Sending log: {'timestamp': '2025-05-31 19:11:33', 'level': 'WARNING', 'message': 'High memory usage'}
[2025-05-31T19:11:35.368+0000] {subprocess.py:93} INFO - Sending log: {'timestamp': '2025-05-31 19:11:35', 'level': 'ERROR', 'message': 'Payment gateway timeout'}
[2025-05-31T19:11:37.369+0000] {subprocess.py:93} INFO - Sending log: {'timestamp': '2025-05-31 19:11:37', 'level': 'INFO', 'message': 'User logged in'}
[2025-05-31T19:11:39.370+0000] {subprocess.py:93} INFO - Sending log: {'timestamp': '2025-05-31 19:11:39', 'level': 'ERROR', 'message': 'Payment gateway timeout'}
[2025-05-31T19:11:41.370+0000] {subprocess.py:93} INFO - Sending log: {'timestamp': '2025-05-31 19:11:41', 'level': 'INFO', 'message': 'User logged in'}
[2025-05-31T19:11:43.371+0000] {subprocess.py:93} INFO - Sending log: {'timestamp': '2025-05-31 19:11:43', 'level': 'ERROR', 'message': 'Database connection failed'}
[2025-05-31T19:11:45.371+0000] {subprocess.py:93} INFO - Sending log: {'timestamp': '2025-05-31 19:11:45', 'level': 'WARNING', 'message': 'High memory usage'}
[2025-05-31T19:11:47.372+0000] {subprocess.py:93} INFO - Sending log: {'timestamp': '2025-05-31 19:11:47', 'level': 'WARNING', 'message': 'High memory usage'}
[2025-05-31T19:11:49.371+0000] {subprocess.py:93} INFO - Sending log: {'timestamp': '2025-05-31 19:11:49', 'level': 'ERROR', 'message': 'Payment gateway timeout'}
[2025-05-31T19:11:51.371+0000] {subprocess.py:93} INFO - Sending log: {'timestamp': '2025-05-31 19:11:51', 'level': 'ERROR', 'message': 'Payment gateway timeout'}
[2025-05-31T19:11:53.372+0000] {subprocess.py:93} INFO - Sending log: {'timestamp': '2025-05-31 19:11:53', 'level': 'INFO', 'message': 'User logged in'}
[2025-05-31T19:11:55.372+0000] {subprocess.py:93} INFO - Sending log: {'timestamp': '2025-05-31 19:11:55', 'level': 'ERROR', 'message': 'Database connection failed'}
[2025-05-31T19:11:57.373+0000] {subprocess.py:93} INFO - Sending log: {'timestamp': '2025-05-31 19:11:57', 'level': 'INFO', 'message': 'User logged in'}
[2025-05-31T19:11:59.373+0000] {subprocess.py:93} INFO - Sending log: {'timestamp': '2025-05-31 19:11:59', 'level': 'INFO', 'message': 'Search executed'}
[2025-05-31T19:12:01.374+0000] {subprocess.py:93} INFO - Sending log: {'timestamp': '2025-05-31 19:12:01', 'level': 'WARNING', 'message': 'High memory usage'}
[2025-05-31T19:12:03.374+0000] {subprocess.py:93} INFO - Sending log: {'timestamp': '2025-05-31 19:12:03', 'level': 'INFO', 'message': 'Page loaded'}
[2025-05-31T19:12:05.375+0000] {subprocess.py:93} INFO - Sending log: {'timestamp': '2025-05-31 19:12:05', 'level': 'WARNING', 'message': 'High memory usage'}
[2025-05-31T19:12:07.376+0000] {subprocess.py:93} INFO - Sending log: {'timestamp': '2025-05-31 19:12:07', 'level': 'ERROR', 'message': 'Payment gateway timeout'}
[2025-05-31T19:12:09.376+0000] {subprocess.py:93} INFO - Sending log: {'timestamp': '2025-05-31 19:12:09', 'level': 'WARNING', 'message': 'High memory usage'}
[2025-05-31T19:12:11.377+0000] {subprocess.py:93} INFO - Sending log: {'timestamp': '2025-05-31 19:12:11', 'level': 'ERROR', 'message': 'Database connection failed'}
[2025-05-31T19:12:13.378+0000] {subprocess.py:93} INFO - Sending log: {'timestamp': '2025-05-31 19:12:13', 'level': 'WARNING', 'message': 'Slow response time'}
[2025-05-31T19:12:15.379+0000] {subprocess.py:93} INFO - Sending log: {'timestamp': '2025-05-31 19:12:15', 'level': 'WARNING', 'message': 'High memory usage'}
[2025-05-31T19:12:17.379+0000] {subprocess.py:93} INFO - Sending log: {'timestamp': '2025-05-31 19:12:17', 'level': 'ERROR', 'message': 'Payment gateway timeout'}
[2025-05-31T19:12:19.394+0000] {subprocess.py:93} INFO - Sending log: {'timestamp': '2025-05-31 19:12:19', 'level': 'ERROR', 'message': 'Payment gateway timeout'}
[2025-05-31T19:12:21.402+0000] {subprocess.py:93} INFO - Sending log: {'timestamp': '2025-05-31 19:12:21', 'level': 'WARNING', 'message': 'High memory usage'}
[2025-05-31T19:12:21.732+0000] {local_task_job_runner.py:127} ERROR - Received SIGTERM. Terminating subprocesses
[2025-05-31T19:12:23.432+0000] {subprocess.py:93} INFO - Sending log: {'timestamp': '2025-05-31 19:12:23', 'level': 'WARNING', 'message': 'Slow response time'}
[2025-05-31T19:12:25.528+0000] {subprocess.py:93} INFO - Sending log: {'timestamp': '2025-05-31 19:12:25', 'level': 'WARNING', 'message': 'High memory usage'}
[2025-05-31T19:12:26.565+0000] {process_utils.py:132} INFO - Sending 15 to group 231. PIDs of all processes in the group: [233, 231]
[2025-05-31T19:12:26.802+0000] {process_utils.py:87} INFO - Sending the signal 15 to group 231
[2025-05-31T19:12:27.361+0000] {taskinstance.py:3092} ERROR - Received SIGTERM. Terminating subprocesses.
[2025-05-31T19:12:27.365+0000] {subprocess.py:104} INFO - Sending SIGTERM signal to process group
[2025-05-31T19:12:28.186+0000] {taskinstance.py:3310} ERROR - Task failed with exception
Traceback (most recent call last):
  File "/home/airflow/.local/lib/python3.12/site-packages/airflow/models/taskinstance.py", line 767, in _execute_task
    result = _execute_callable(context=context, **execute_callable_kwargs)
             ^^^^^^^^^^^^^^^^^^^^^^^^^^^^^^^^^^^^^^^^^^^^^^^^^^^^^^^^^^^^^
  File "/home/airflow/.local/lib/python3.12/site-packages/airflow/models/taskinstance.py", line 733, in _execute_callable
    return ExecutionCallableRunner(
           ^^^^^^^^^^^^^^^^^^^^^^^^
  File "/home/airflow/.local/lib/python3.12/site-packages/airflow/utils/operator_helpers.py", line 252, in run
    return self.func(*args, **kwargs)
           ^^^^^^^^^^^^^^^^^^^^^^^^^^
  File "/home/airflow/.local/lib/python3.12/site-packages/airflow/models/baseoperator.py", line 406, in wrapper
    return func(self, *args, **kwargs)
           ^^^^^^^^^^^^^^^^^^^^^^^^^^^
  File "/home/airflow/.local/lib/python3.12/site-packages/airflow/operators/bash.py", line 240, in execute
    result = self.subprocess_hook.run_command(
             ^^^^^^^^^^^^^^^^^^^^^^^^^^^^^^^^^
  File "/home/airflow/.local/lib/python3.12/site-packages/airflow/hooks/subprocess.py", line 91, in run_command
    for raw_line in iter(self.sub_process.stdout.readline, b""):
                    ^^^^^^^^^^^^^^^^^^^^^^^^^^^^^^^^^^^^^^^^^^^
  File "/home/airflow/.local/lib/python3.12/site-packages/airflow/models/taskinstance.py", line 3094, in signal_handler
    raise AirflowTaskTerminated("Task received SIGTERM signal")
airflow.exceptions.AirflowTaskTerminated: Task received SIGTERM signal
[2025-05-31T19:12:29.057+0000] {taskinstance.py:1225} INFO - Marking task as FAILED. dag_id=log_monitoring_dag, task_id=start_log_producer, run_id=scheduled__2025-05-31T19:00:00+00:00, execution_date=20250531T190000, start_date=20250531T190837, end_date=20250531T191228
[2025-05-31T19:12:33.243+0000] {taskinstance.py:340} INFO - ::group::Post task execution logs
[2025-05-31T19:12:35.438+0000] {process_utils.py:80} INFO - Process psutil.Process(pid=233, status='terminated', started='19:08:37') (233) terminated with exit code None
[2025-05-31T19:12:35.440+0000] {process_utils.py:80} INFO - Process psutil.Process(pid=231, status='terminated', exitcode=2, started='19:08:36') (231) terminated with exit code 2
[2025-05-31T19:12:35.440+0000] {local_task_job_runner.py:266} INFO - Task exited with return code 143
[2025-05-31T19:12:35.659+0000] {standard_task_runner.py:217} INFO - Process not found (most likely exited), stop collecting metrics
[2025-05-31T19:12:36.433+0000] {taskinstance.py:3900} INFO - 0 downstream tasks scheduled from follow-on schedule check
