[2025-06-01T23:16:18.312+0000] {local_task_job_runner.py:123} INFO - ::group::Pre task execution logs
[2025-06-01T23:16:20.510+0000] {taskinstance.py:2612} INFO - Dependencies all met for dep_context=non-requeueable deps ti=<TaskInstance: log_monitoring_dag.start_log_producer scheduled__2025-06-01T23:10:00+00:00 [queued]>
[2025-06-01T23:16:21.488+0000] {taskinstance.py:2612} INFO - Dependencies all met for dep_context=requeueable deps ti=<TaskInstance: log_monitoring_dag.start_log_producer scheduled__2025-06-01T23:10:00+00:00 [queued]>
[2025-06-01T23:16:21.489+0000] {taskinstance.py:2865} INFO - Starting attempt 1 of 2
[2025-06-01T23:16:26.357+0000] {taskinstance.py:2888} INFO - Executing <Task(BashOperator): start_log_producer> on 2025-06-01 23:10:00+00:00
[2025-06-01T23:16:30.869+0000] {logging_mixin.py:190} WARNING - /home/***/.local/lib/python3.12/site-packages/***/task/task_runner/standard_task_runner.py:70 DeprecationWarning: This process (pid=322) is multi-threaded, use of fork() may lead to deadlocks in the child.
[2025-06-01T23:16:31.305+0000] {standard_task_runner.py:72} INFO - Started process 327 to run task
[2025-06-01T23:16:26.417+0000] {standard_task_runner.py:104} INFO - Running: ['***', 'tasks', 'run', 'log_monitoring_dag', 'start_log_producer', 'scheduled__2025-06-01T23:10:00+00:00', '--job-id', '9', '--raw', '--subdir', 'DAGS_FOLDER/log_monitoring_dag.py', '--cfg-path', '/tmp/tmpnsv0df88']
[2025-06-01T23:16:31.765+0000] {standard_task_runner.py:105} INFO - Job 9: Subtask start_log_producer
[2025-06-01T23:16:32.816+0000] {logging_mixin.py:190} WARNING - /home/***/.local/lib/python3.12/site-packages/***/settings.py:209 DeprecationWarning: The sql_alchemy_conn option in [core] has been moved to the sql_alchemy_conn option in [database] - the old setting has been used, but please update your config.
[2025-06-01T23:16:33.136+0000] {task_command.py:467} INFO - Running <TaskInstance: log_monitoring_dag.start_log_producer scheduled__2025-06-01T23:10:00+00:00 [running]> on host 2317d0480f96
[2025-06-01T23:16:33.151+0000] {logging_mixin.py:190} WARNING - /home/***/.local/lib/python3.12/site-packages/***/settings.py:470 DeprecationWarning: The sql_alchemy_conn option in [core] has been moved to the sql_alchemy_conn option in [database] - the old setting has been used, but please update your config.
[2025-06-01T23:16:45.084+0000] {job.py:229} INFO - Heartbeat recovered after 63.17 seconds
[2025-06-01T23:16:52.158+0000] {taskinstance.py:3131} INFO - Exporting env vars: AIRFLOW_CTX_DAG_OWNER='***' AIRFLOW_CTX_DAG_ID='log_monitoring_dag' AIRFLOW_CTX_TASK_ID='start_log_producer' AIRFLOW_CTX_EXECUTION_DATE='2025-06-01T23:10:00+00:00' AIRFLOW_CTX_TRY_NUMBER='1' AIRFLOW_CTX_DAG_RUN_ID='scheduled__2025-06-01T23:10:00+00:00'
[2025-06-01T23:16:52.444+0000] {taskinstance.py:731} INFO - ::endgroup::
[2025-06-01T23:16:53.875+0000] {subprocess.py:63} INFO - Tmp dir root location: /tmp
[2025-06-01T23:16:54.122+0000] {subprocess.py:75} INFO - Running command: ['/usr/bin/bash', '-c', 'cd /opt/***/app && python -u log_producer.py']
[2025-06-01T23:16:54.251+0000] {subprocess.py:86} INFO - Output:
[2025-06-01T23:16:57.787+0000] {job.py:229} INFO - Heartbeat recovered after 13.27 seconds
[2025-06-01T23:17:15.849+0000] {job.py:229} INFO - Heartbeat recovered after 18.07 seconds
[2025-06-01T23:17:40.708+0000] {job.py:229} INFO - Heartbeat recovered after 26.28 seconds
[2025-06-01T23:17:43.530+0000] {subprocess.py:93} INFO - Sent log: {'timestamp': '2025-06-01T23:17:42.623397', 'level': 'INFO', 'message': 'This is a log message'}
[2025-06-01T23:17:44.776+0000] {subprocess.py:93} INFO - Sent log: {'timestamp': '2025-06-01T23:17:44.688711', 'level': 'WARNING', 'message': 'This is a log message'}
[2025-06-01T23:17:46.885+0000] {subprocess.py:93} INFO - Sent log: {'timestamp': '2025-06-01T23:17:46.884977', 'level': 'ERROR', 'message': 'This is a log message'}
[2025-06-01T23:17:48.530+0000] {subprocess.py:93} INFO - Sent log: {'timestamp': '2025-06-01T23:17:48.530023', 'level': 'WARNING', 'message': 'This is a log message'}
[2025-06-01T23:17:50.346+0000] {subprocess.py:93} INFO - Sent log: {'timestamp': '2025-06-01T23:17:50.346322', 'level': 'INFO', 'message': 'This is a log message'}
[2025-06-01T23:17:53.395+0000] {job.py:229} INFO - Heartbeat recovered after 15.44 seconds
[2025-06-01T23:17:54.243+0000] {subprocess.py:93} INFO - Sent log: {'timestamp': '2025-06-01T23:17:54.242780', 'level': 'INFO', 'message': 'This is a log message'}
[2025-06-01T23:17:55.499+0000] {subprocess.py:93} INFO - Sent log: {'timestamp': '2025-06-01T23:17:55.498770', 'level': 'ERROR', 'message': 'This is a log message'}
[2025-06-01T23:17:56.501+0000] {subprocess.py:93} INFO - Sent log: {'timestamp': '2025-06-01T23:17:56.501200', 'level': 'INFO', 'message': 'This is a log message'}
[2025-06-01T23:17:57.505+0000] {subprocess.py:93} INFO - Sent log: {'timestamp': '2025-06-01T23:17:57.504191', 'level': 'WARNING', 'message': 'This is a log message'}
[2025-06-01T23:17:58.525+0000] {subprocess.py:93} INFO - Sent log: {'timestamp': '2025-06-01T23:17:58.525364', 'level': 'ERROR', 'message': 'This is a log message'}
[2025-06-01T23:17:59.677+0000] {subprocess.py:93} INFO - Sent log: {'timestamp': '2025-06-01T23:17:59.677143', 'level': 'INFO', 'message': 'This is a log message'}
[2025-06-01T23:18:00.680+0000] {subprocess.py:93} INFO - Sent log: {'timestamp': '2025-06-01T23:18:00.679656', 'level': 'ERROR', 'message': 'This is a log message'}
[2025-06-01T23:18:01.682+0000] {subprocess.py:93} INFO - Sent log: {'timestamp': '2025-06-01T23:18:01.682032', 'level': 'ERROR', 'message': 'This is a log message'}
[2025-06-01T23:18:02.688+0000] {subprocess.py:93} INFO - Sent log: {'timestamp': '2025-06-01T23:18:02.687955', 'level': 'INFO', 'message': 'This is a log message'}
[2025-06-01T23:18:03.693+0000] {subprocess.py:93} INFO - Sent log: {'timestamp': '2025-06-01T23:18:03.691109', 'level': 'WARNING', 'message': 'This is a log message'}
[2025-06-01T23:18:04.855+0000] {subprocess.py:93} INFO - Sent log: {'timestamp': '2025-06-01T23:18:04.854031', 'level': 'ERROR', 'message': 'This is a log message'}
[2025-06-01T23:18:05.858+0000] {subprocess.py:93} INFO - Sent log: {'timestamp': '2025-06-01T23:18:05.857868', 'level': 'WARNING', 'message': 'This is a log message'}
[2025-06-01T23:18:06.861+0000] {subprocess.py:93} INFO - Sent log: {'timestamp': '2025-06-01T23:18:06.861000', 'level': 'ERROR', 'message': 'This is a log message'}
[2025-06-01T23:18:07.899+0000] {subprocess.py:93} INFO - Sent log: {'timestamp': '2025-06-01T23:18:07.897244', 'level': 'INFO', 'message': 'This is a log message'}
[2025-06-01T23:18:08.945+0000] {subprocess.py:93} INFO - Sent log: {'timestamp': '2025-06-01T23:18:08.944705', 'level': 'INFO', 'message': 'This is a log message'}
[2025-06-01T23:18:10.026+0000] {subprocess.py:93} INFO - Sent log: {'timestamp': '2025-06-01T23:18:10.025339', 'level': 'ERROR', 'message': 'This is a log message'}
[2025-06-01T23:18:11.128+0000] {subprocess.py:93} INFO - Sent log: {'timestamp': '2025-06-01T23:18:11.127936', 'level': 'INFO', 'message': 'This is a log message'}
[2025-06-01T23:18:12.001+0000] {subprocess.py:93} INFO - Sent log: {'timestamp': '2025-06-01T23:18:12.000100', 'level': 'ERROR', 'message': 'This is a log message'}
[2025-06-01T23:18:13.048+0000] {subprocess.py:93} INFO - Sent log: {'timestamp': '2025-06-01T23:18:13.047806', 'level': 'INFO', 'message': 'This is a log message'}
[2025-06-01T23:18:14.885+0000] {subprocess.py:93} INFO - Sent log: {'timestamp': '2025-06-01T23:18:14.612775', 'level': 'ERROR', 'message': 'This is a log message'}
[2025-06-01T23:18:16.629+0000] {subprocess.py:93} INFO - Sent log: {'timestamp': '2025-06-01T23:18:16.628080', 'level': 'WARNING', 'message': 'This is a log message'}
[2025-06-01T23:18:17.633+0000] {subprocess.py:93} INFO - Sent log: {'timestamp': '2025-06-01T23:18:17.631770', 'level': 'WARNING', 'message': 'This is a log message'}
[2025-06-01T23:18:19.077+0000] {subprocess.py:93} INFO - Sent log: {'timestamp': '2025-06-01T23:18:19.076489', 'level': 'WARNING', 'message': 'This is a log message'}
[2025-06-01T23:18:20.229+0000] {subprocess.py:93} INFO - Sent log: {'timestamp': '2025-06-01T23:18:20.228748', 'level': 'ERROR', 'message': 'This is a log message'}
[2025-06-01T23:18:21.269+0000] {subprocess.py:93} INFO - Sent log: {'timestamp': '2025-06-01T23:18:21.251080', 'level': 'ERROR', 'message': 'This is a log message'}
[2025-06-01T23:18:22.275+0000] {subprocess.py:93} INFO - Sent log: {'timestamp': '2025-06-01T23:18:22.274872', 'level': 'WARNING', 'message': 'This is a log message'}
[2025-06-01T23:18:23.287+0000] {subprocess.py:93} INFO - Sent log: {'timestamp': '2025-06-01T23:18:23.286069', 'level': 'ERROR', 'message': 'This is a log message'}
[2025-06-01T23:18:24.288+0000] {subprocess.py:93} INFO - Sent log: {'timestamp': '2025-06-01T23:18:24.288311', 'level': 'WARNING', 'message': 'This is a log message'}
[2025-06-01T23:18:24.603+0000] {job.py:229} INFO - Heartbeat recovered after 11.54 seconds
[2025-06-01T23:18:25.427+0000] {subprocess.py:93} INFO - Sent log: {'timestamp': '2025-06-01T23:18:25.427548', 'level': 'INFO', 'message': 'This is a log message'}
[2025-06-01T23:18:26.433+0000] {subprocess.py:93} INFO - Sent log: {'timestamp': '2025-06-01T23:18:26.433233', 'level': 'ERROR', 'message': 'This is a log message'}
[2025-06-01T23:18:27.437+0000] {subprocess.py:93} INFO - Sent log: {'timestamp': '2025-06-01T23:18:27.436259', 'level': 'INFO', 'message': 'This is a log message'}
[2025-06-01T23:18:28.439+0000] {subprocess.py:93} INFO - Sent log: {'timestamp': '2025-06-01T23:18:28.439006', 'level': 'ERROR', 'message': 'This is a log message'}
[2025-06-01T23:18:29.442+0000] {subprocess.py:93} INFO - Sent log: {'timestamp': '2025-06-01T23:18:29.441490', 'level': 'INFO', 'message': 'This is a log message'}
[2025-06-01T23:18:30.907+0000] {subprocess.py:93} INFO - Sent log: {'timestamp': '2025-06-01T23:18:30.907299', 'level': 'ERROR', 'message': 'This is a log message'}
[2025-06-01T23:18:32.137+0000] {subprocess.py:93} INFO - Sent log: {'timestamp': '2025-06-01T23:18:32.136747', 'level': 'WARNING', 'message': 'This is a log message'}
[2025-06-01T23:18:33.158+0000] {subprocess.py:93} INFO - Sent log: {'timestamp': '2025-06-01T23:18:33.156318', 'level': 'INFO', 'message': 'This is a log message'}
[2025-06-01T23:18:34.222+0000] {subprocess.py:93} INFO - Sent log: {'timestamp': '2025-06-01T23:18:34.222034', 'level': 'WARNING', 'message': 'This is a log message'}
[2025-06-01T23:18:36.324+0000] {subprocess.py:93} INFO - Sent log: {'timestamp': '2025-06-01T23:18:36.238096', 'level': 'WARNING', 'message': 'This is a log message'}
[2025-06-01T23:18:37.889+0000] {subprocess.py:93} INFO - Sent log: {'timestamp': '2025-06-01T23:18:37.889124', 'level': 'WARNING', 'message': 'This is a log message'}
[2025-06-01T23:18:38.629+0000] {job.py:229} INFO - Heartbeat recovered after 14.03 seconds
[2025-06-01T23:18:38.978+0000] {subprocess.py:93} INFO - Sent log: {'timestamp': '2025-06-01T23:18:38.977690', 'level': 'WARNING', 'message': 'This is a log message'}
[2025-06-01T23:18:39.981+0000] {subprocess.py:93} INFO - Sent log: {'timestamp': '2025-06-01T23:18:39.980813', 'level': 'INFO', 'message': 'This is a log message'}
[2025-06-01T23:18:40.984+0000] {subprocess.py:93} INFO - Sent log: {'timestamp': '2025-06-01T23:18:40.983545', 'level': 'INFO', 'message': 'This is a log message'}
[2025-06-01T23:18:41.976+0000] {subprocess.py:93} INFO - Sent log: {'timestamp': '2025-06-01T23:18:41.975132', 'level': 'WARNING', 'message': 'This is a log message'}
[2025-06-01T23:18:42.978+0000] {subprocess.py:93} INFO - Sent log: {'timestamp': '2025-06-01T23:18:42.978010', 'level': 'INFO', 'message': 'This is a log message'}
[2025-06-01T23:18:44.108+0000] {subprocess.py:93} INFO - Sent log: {'timestamp': '2025-06-01T23:18:44.107426', 'level': 'INFO', 'message': 'This is a log message'}
[2025-06-01T23:18:45.123+0000] {subprocess.py:93} INFO - Sent log: {'timestamp': '2025-06-01T23:18:45.122797', 'level': 'INFO', 'message': 'This is a log message'}
[2025-06-01T23:18:46.151+0000] {subprocess.py:93} INFO - Sent log: {'timestamp': '2025-06-01T23:18:46.125448', 'level': 'INFO', 'message': 'This is a log message'}
[2025-06-01T23:18:47.378+0000] {subprocess.py:93} INFO - Sent log: {'timestamp': '2025-06-01T23:18:47.377906', 'level': 'INFO', 'message': 'This is a log message'}
[2025-06-01T23:18:48.520+0000] {subprocess.py:93} INFO - Sent log: {'timestamp': '2025-06-01T23:18:48.520001', 'level': 'WARNING', 'message': 'This is a log message'}
[2025-06-01T23:18:50.108+0000] {subprocess.py:93} INFO - Sent log: {'timestamp': '2025-06-01T23:18:50.107252', 'level': 'WARNING', 'message': 'This is a log message'}
[2025-06-01T23:18:51.114+0000] {subprocess.py:93} INFO - Sent log: {'timestamp': '2025-06-01T23:18:51.114535', 'level': 'ERROR', 'message': 'This is a log message'}
[2025-06-01T23:18:53.755+0000] {subprocess.py:93} INFO - Sent log: {'timestamp': '2025-06-01T23:18:53.643284', 'level': 'ERROR', 'message': 'This is a log message'}
[2025-06-01T23:18:56.182+0000] {subprocess.py:93} INFO - Sent log: {'timestamp': '2025-06-01T23:18:55.986999', 'level': 'WARNING', 'message': 'This is a log message'}
[2025-06-01T23:18:57.158+0000] {subprocess.py:93} INFO - Sent log: {'timestamp': '2025-06-01T23:18:57.156176', 'level': 'WARNING', 'message': 'This is a log message'}
[2025-06-01T23:18:58.163+0000] {subprocess.py:93} INFO - Sent log: {'timestamp': '2025-06-01T23:18:58.163001', 'level': 'INFO', 'message': 'This is a log message'}
[2025-06-01T23:18:59.320+0000] {subprocess.py:93} INFO - Sent log: {'timestamp': '2025-06-01T23:18:59.320152', 'level': 'ERROR', 'message': 'This is a log message'}
[2025-06-01T23:19:00.554+0000] {subprocess.py:93} INFO - Sent log: {'timestamp': '2025-06-01T23:19:00.554070', 'level': 'INFO', 'message': 'This is a log message'}
[2025-06-01T23:19:01.971+0000] {subprocess.py:93} INFO - Sent log: {'timestamp': '2025-06-01T23:19:01.971607', 'level': 'INFO', 'message': 'This is a log message'}
[2025-06-01T23:19:03.000+0000] {subprocess.py:93} INFO - Sent log: {'timestamp': '2025-06-01T23:19:03.000289', 'level': 'ERROR', 'message': 'This is a log message'}
[2025-06-01T23:19:04.751+0000] {subprocess.py:93} INFO - Sent log: {'timestamp': '2025-06-01T23:19:04.600955', 'level': 'INFO', 'message': 'This is a log message'}
[2025-06-01T23:19:05.624+0000] {subprocess.py:93} INFO - Sent log: {'timestamp': '2025-06-01T23:19:05.623743', 'level': 'INFO', 'message': 'This is a log message'}
[2025-06-01T23:19:07.491+0000] {job.py:229} INFO - Heartbeat recovered after 22.86 seconds
[2025-06-01T23:19:07.536+0000] {subprocess.py:93} INFO - Sent log: {'timestamp': '2025-06-01T23:19:07.535169', 'level': 'INFO', 'message': 'This is a log message'}
[2025-06-01T23:19:08.865+0000] {subprocess.py:93} INFO - Sent log: {'timestamp': '2025-06-01T23:19:08.865338', 'level': 'INFO', 'message': 'This is a log message'}
[2025-06-01T23:19:11.212+0000] {subprocess.py:93} INFO - Sent log: {'timestamp': '2025-06-01T23:19:10.615412', 'level': 'WARNING', 'message': 'This is a log message'}
[2025-06-01T23:19:11.641+0000] {subprocess.py:93} INFO - Sent log: {'timestamp': '2025-06-01T23:19:11.617356', 'level': 'ERROR', 'message': 'This is a log message'}
[2025-06-01T23:19:13.160+0000] {subprocess.py:93} INFO - Sent log: {'timestamp': '2025-06-01T23:19:12.982279', 'level': 'ERROR', 'message': 'This is a log message'}
[2025-06-01T23:19:14.267+0000] {subprocess.py:93} INFO - Sent log: {'timestamp': '2025-06-01T23:19:14.266872', 'level': 'ERROR', 'message': 'This is a log message'}
[2025-06-01T23:19:15.552+0000] {subprocess.py:93} INFO - Sent log: {'timestamp': '2025-06-01T23:19:15.551798', 'level': 'WARNING', 'message': 'This is a log message'}
[2025-06-01T23:19:16.555+0000] {subprocess.py:93} INFO - Sent log: {'timestamp': '2025-06-01T23:19:16.554559', 'level': 'ERROR', 'message': 'This is a log message'}
[2025-06-01T23:19:17.720+0000] {subprocess.py:93} INFO - Sent log: {'timestamp': '2025-06-01T23:19:17.719389', 'level': 'INFO', 'message': 'This is a log message'}
[2025-06-01T23:19:18.733+0000] {subprocess.py:93} INFO - Sent log: {'timestamp': '2025-06-01T23:19:18.733017', 'level': 'WARNING', 'message': 'This is a log message'}
[2025-06-01T23:19:19.739+0000] {subprocess.py:93} INFO - Sent log: {'timestamp': '2025-06-01T23:19:19.739144', 'level': 'ERROR', 'message': 'This is a log message'}
[2025-06-01T23:19:20.757+0000] {subprocess.py:93} INFO - Sent log: {'timestamp': '2025-06-01T23:19:20.756824', 'level': 'ERROR', 'message': 'This is a log message'}
[2025-06-01T23:19:21.906+0000] {subprocess.py:93} INFO - Sent log: {'timestamp': '2025-06-01T23:19:21.905814', 'level': 'ERROR', 'message': 'This is a log message'}
[2025-06-01T23:19:22.909+0000] {subprocess.py:93} INFO - Sent log: {'timestamp': '2025-06-01T23:19:22.909132', 'level': 'WARNING', 'message': 'This is a log message'}
[2025-06-01T23:19:23.911+0000] {subprocess.py:93} INFO - Sent log: {'timestamp': '2025-06-01T23:19:23.911541', 'level': 'WARNING', 'message': 'This is a log message'}
[2025-06-01T23:19:25.186+0000] {subprocess.py:93} INFO - Sent log: {'timestamp': '2025-06-01T23:19:25.185288', 'level': 'ERROR', 'message': 'This is a log message'}
[2025-06-01T23:19:26.190+0000] {subprocess.py:93} INFO - Sent log: {'timestamp': '2025-06-01T23:19:26.188563', 'level': 'WARNING', 'message': 'This is a log message'}
[2025-06-01T23:19:27.198+0000] {subprocess.py:93} INFO - Sent log: {'timestamp': '2025-06-01T23:19:27.198196', 'level': 'WARNING', 'message': 'This is a log message'}
[2025-06-01T23:19:28.203+0000] {subprocess.py:93} INFO - Sent log: {'timestamp': '2025-06-01T23:19:28.202329', 'level': 'INFO', 'message': 'This is a log message'}
[2025-06-01T23:19:29.396+0000] {subprocess.py:93} INFO - Sent log: {'timestamp': '2025-06-01T23:19:29.396262', 'level': 'WARNING', 'message': 'This is a log message'}
[2025-06-01T23:19:30.399+0000] {subprocess.py:93} INFO - Sent log: {'timestamp': '2025-06-01T23:19:30.398575', 'level': 'WARNING', 'message': 'This is a log message'}
[2025-06-01T23:19:31.402+0000] {subprocess.py:93} INFO - Sent log: {'timestamp': '2025-06-01T23:19:31.402086', 'level': 'ERROR', 'message': 'This is a log message'}
[2025-06-01T23:19:32.526+0000] {subprocess.py:93} INFO - Sent log: {'timestamp': '2025-06-01T23:19:32.525910', 'level': 'INFO', 'message': 'This is a log message'}
[2025-06-01T23:19:33.602+0000] {subprocess.py:93} INFO - Sent log: {'timestamp': '2025-06-01T23:19:33.602534', 'level': 'INFO', 'message': 'This is a log message'}
[2025-06-01T23:19:34.643+0000] {subprocess.py:93} INFO - Sent log: {'timestamp': '2025-06-01T23:19:34.642649', 'level': 'ERROR', 'message': 'This is a log message'}
[2025-06-01T23:19:35.645+0000] {subprocess.py:93} INFO - Sent log: {'timestamp': '2025-06-01T23:19:35.644998', 'level': 'WARNING', 'message': 'This is a log message'}
[2025-06-01T23:19:36.698+0000] {subprocess.py:93} INFO - Sent log: {'timestamp': '2025-06-01T23:19:36.698123', 'level': 'WARNING', 'message': 'This is a log message'}
[2025-06-01T23:19:37.700+0000] {subprocess.py:93} INFO - Sent log: {'timestamp': '2025-06-01T23:19:37.700576', 'level': 'INFO', 'message': 'This is a log message'}
[2025-06-01T23:19:38.705+0000] {subprocess.py:93} INFO - Sent log: {'timestamp': '2025-06-01T23:19:38.703172', 'level': 'ERROR', 'message': 'This is a log message'}
[2025-06-01T23:19:39.708+0000] {subprocess.py:93} INFO - Sent log: {'timestamp': '2025-06-01T23:19:39.707633', 'level': 'ERROR', 'message': 'This is a log message'}
[2025-06-01T23:19:40.710+0000] {subprocess.py:93} INFO - Sent log: {'timestamp': '2025-06-01T23:19:40.710037', 'level': 'INFO', 'message': 'This is a log message'}
[2025-06-01T23:19:41.708+0000] {subprocess.py:93} INFO - Sent log: {'timestamp': '2025-06-01T23:19:41.707826', 'level': 'ERROR', 'message': 'This is a log message'}
[2025-06-01T23:19:42.840+0000] {subprocess.py:97} INFO - Command exited with return code 0
[2025-06-01T23:19:43.518+0000] {taskinstance.py:340} INFO - ::group::Post task execution logs
[2025-06-01T23:19:43.519+0000] {taskinstance.py:352} INFO - Marking task as SUCCESS. dag_id=log_monitoring_dag, task_id=start_log_producer, run_id=scheduled__2025-06-01T23:10:00+00:00, execution_date=20250601T231000, start_date=20250601T231620, end_date=20250601T231943
[2025-06-01T23:19:43.870+0000] {local_task_job_runner.py:266} INFO - Task exited with return code 0
[2025-06-01T23:19:44.629+0000] {taskinstance.py:3900} INFO - 1 downstream tasks scheduled from follow-on schedule check
[2025-06-01T23:19:44.648+0000] {local_task_job_runner.py:245} INFO - ::endgroup::
[2025-06-01T23:19:44.955+0000] {standard_task_runner.py:217} INFO - Process not found (most likely exited), stop collecting metrics
