[2025-06-02T16:00:53.925+0000] {local_task_job_runner.py:123} INFO - ::group::Pre task execution logs
[2025-06-02T16:00:53.994+0000] {taskinstance.py:2612} INFO - Dependencies all met for dep_context=non-requeueable deps ti=<TaskInstance: log_monitoring_dag.clean_old_logs manual__2025-06-02T15:37:47.618112+00:00 [queued]>
[2025-06-02T16:00:54.004+0000] {taskinstance.py:2612} INFO - Dependencies all met for dep_context=requeueable deps ti=<TaskInstance: log_monitoring_dag.clean_old_logs manual__2025-06-02T15:37:47.618112+00:00 [queued]>
[2025-06-02T16:00:54.005+0000] {taskinstance.py:2865} INFO - Starting attempt 2 of 3
[2025-06-02T16:00:54.022+0000] {taskinstance.py:2888} INFO - Executing <Task(BashOperator): clean_old_logs> on 2025-06-02 15:37:47.618112+00:00
[2025-06-02T16:00:54.030+0000] {logging_mixin.py:190} WARNING - /home/***/.local/lib/python3.12/site-packages/***/task/task_runner/standard_task_runner.py:70 DeprecationWarning: This process (pid=1766) is multi-threaded, use of fork() may lead to deadlocks in the child.
[2025-06-02T16:00:54.031+0000] {standard_task_runner.py:72} INFO - Started process 1767 to run task
[2025-06-02T16:00:54.030+0000] {standard_task_runner.py:104} INFO - Running: ['***', 'tasks', 'run', 'log_monitoring_dag', 'clean_old_logs', 'manual__2025-06-02T15:37:47.618112+00:00', '--job-id', '124', '--raw', '--subdir', 'DAGS_FOLDER/log_monitoring_dag.py', '--cfg-path', '/tmp/tmpjhrd2yu_']
[2025-06-02T16:00:54.033+0000] {standard_task_runner.py:105} INFO - Job 124: Subtask clean_old_logs
[2025-06-02T16:00:54.049+0000] {logging_mixin.py:190} WARNING - /home/***/.local/lib/python3.12/site-packages/***/settings.py:209 DeprecationWarning: The sql_alchemy_conn option in [core] has been moved to the sql_alchemy_conn option in [database] - the old setting has been used, but please update your config.
[2025-06-02T16:00:54.085+0000] {task_command.py:467} INFO - Running <TaskInstance: log_monitoring_dag.clean_old_logs manual__2025-06-02T15:37:47.618112+00:00 [running]> on host c47ce43ea693
[2025-06-02T16:00:54.201+0000] {taskinstance.py:3131} INFO - Exporting env vars: AIRFLOW_CTX_DAG_OWNER='***' AIRFLOW_CTX_DAG_ID='log_monitoring_dag' AIRFLOW_CTX_TASK_ID='clean_old_logs' AIRFLOW_CTX_EXECUTION_DATE='2025-06-02T15:37:47.618112+00:00' AIRFLOW_CTX_TRY_NUMBER='2' AIRFLOW_CTX_DAG_RUN_ID='manual__2025-06-02T15:37:47.618112+00:00'
[2025-06-02T16:00:54.203+0000] {taskinstance.py:731} INFO - ::endgroup::
[2025-06-02T16:00:54.225+0000] {subprocess.py:63} INFO - Tmp dir root location: /tmp
[2025-06-02T16:00:54.226+0000] {subprocess.py:75} INFO - Running command: ['/usr/bin/bash', '-c', 'find /opt/***/app/output/error_logs -type f -mmin +30 -delete']
[2025-06-02T16:00:54.236+0000] {subprocess.py:86} INFO - Output:
[2025-06-02T16:00:54.252+0000] {subprocess.py:97} INFO - Command exited with return code 0
[2025-06-02T16:00:54.377+0000] {taskinstance.py:340} INFO - ::group::Post task execution logs
[2025-06-02T16:00:54.378+0000] {taskinstance.py:352} INFO - Marking task as SUCCESS. dag_id=log_monitoring_dag, task_id=clean_old_logs, run_id=manual__2025-06-02T15:37:47.618112+00:00, execution_date=20250602T153747, start_date=20250602T160053, end_date=20250602T160054
[2025-06-02T16:00:54.503+0000] {local_task_job_runner.py:266} INFO - Task exited with return code 0
[2025-06-02T16:00:54.522+0000] {taskinstance.py:3900} INFO - 0 downstream tasks scheduled from follow-on schedule check
[2025-06-02T16:00:54.527+0000] {local_task_job_runner.py:245} INFO - ::endgroup::
