[2025-06-01T18:41:27.913+0000] {local_task_job_runner.py:123} INFO - ::group::Pre task execution logs
[2025-06-01T18:41:28.973+0000] {taskinstance.py:2612} INFO - Dependencies all met for dep_context=non-requeueable deps ti=<TaskInstance: log_monitoring_dag.start_log_producer manual__2025-06-01T18:26:11.238029+00:00 [queued]>
[2025-06-01T18:41:29.421+0000] {taskinstance.py:2612} INFO - Dependencies all met for dep_context=requeueable deps ti=<TaskInstance: log_monitoring_dag.start_log_producer manual__2025-06-01T18:26:11.238029+00:00 [queued]>
[2025-06-01T18:41:30.819+0000] {taskinstance.py:2865} INFO - Starting attempt 2 of 2
[2025-06-01T18:41:31.133+0000] {taskinstance.py:2888} INFO - Executing <Task(BashOperator): start_log_producer> on 2025-06-01 18:26:11.238029+00:00
[2025-06-01T18:41:34.112+0000] {logging_mixin.py:190} WARNING - /home/***/.local/lib/python3.12/site-packages/***/task/task_runner/standard_task_runner.py:70 DeprecationWarning: This process (pid=1204) is multi-threaded, use of fork() may lead to deadlocks in the child.
[2025-06-01T18:41:34.113+0000] {standard_task_runner.py:72} INFO - Started process 1218 to run task
[2025-06-01T18:41:34.197+0000] {standard_task_runner.py:104} INFO - Running: ['***', 'tasks', 'run', 'log_monitoring_dag', 'start_log_producer', 'manual__2025-06-01T18:26:11.238029+00:00', '--job-id', '100', '--raw', '--subdir', 'DAGS_FOLDER/log_monitoring_dag.py', '--cfg-path', '/tmp/tmpmogqharv']
[2025-06-01T18:41:34.242+0000] {standard_task_runner.py:105} INFO - Job 100: Subtask start_log_producer
[2025-06-01T18:41:36.715+0000] {logging_mixin.py:190} WARNING - /home/***/.local/lib/python3.12/site-packages/***/settings.py:209 DeprecationWarning: The sql_alchemy_conn option in [core] has been moved to the sql_alchemy_conn option in [database] - the old setting has been used, but please update your config.
[2025-06-01T18:41:39.341+0000] {task_command.py:467} INFO - Running <TaskInstance: log_monitoring_dag.start_log_producer manual__2025-06-01T18:26:11.238029+00:00 [running]> on host 61a0313acf02
[2025-06-01T18:41:39.668+0000] {job.py:229} INFO - Heartbeat recovered after 16.62 seconds
[2025-06-01T18:41:41.886+0000] {taskinstance.py:3131} INFO - Exporting env vars: AIRFLOW_CTX_DAG_OWNER='***' AIRFLOW_CTX_DAG_ID='log_monitoring_dag' AIRFLOW_CTX_TASK_ID='start_log_producer' AIRFLOW_CTX_EXECUTION_DATE='2025-06-01T18:26:11.238029+00:00' AIRFLOW_CTX_TRY_NUMBER='2' AIRFLOW_CTX_DAG_RUN_ID='manual__2025-06-01T18:26:11.238029+00:00'
[2025-06-01T18:41:41.947+0000] {taskinstance.py:731} INFO - ::endgroup::
[2025-06-01T18:41:42.064+0000] {subprocess.py:63} INFO - Tmp dir root location: /tmp
[2025-06-01T18:41:42.075+0000] {subprocess.py:75} INFO - Running command: ['/usr/bin/bash', '-c', 'cd /opt/***/app && python -u log_producer.py']
[2025-06-01T18:41:42.098+0000] {subprocess.py:86} INFO - Output:
[2025-06-01T18:41:50.699+0000] {job.py:229} INFO - Heartbeat recovered after 11.20 seconds
[2025-06-01T18:42:08.534+0000] {job.py:229} INFO - Heartbeat recovered after 18.34 seconds
[2025-06-01T18:42:31.900+0000] {job.py:229} INFO - Heartbeat recovered after 24.46 seconds
[2025-06-01T18:42:47.870+0000] {job.py:229} INFO - Heartbeat recovered after 16.77 seconds
[2025-06-01T18:43:00.756+0000] {job.py:229} INFO - Heartbeat recovered after 13.25 seconds
[2025-06-01T18:43:04.717+0000] {subprocess.py:93} INFO - Sent log: {'timestamp': '2025-06-01T18:43:00.022430', 'level': 'INFO', 'message': 'This is a log message'}
[2025-06-01T18:43:07.304+0000] {subprocess.py:93} INFO - Sent log: {'timestamp': '2025-06-01T18:43:07.303779', 'level': 'WARNING', 'message': 'This is a log message'}
[2025-06-01T18:43:09.123+0000] {subprocess.py:93} INFO - Sent log: {'timestamp': '2025-06-01T18:43:08.937484', 'level': 'WARNING', 'message': 'This is a log message'}
[2025-06-01T18:43:12.316+0000] {subprocess.py:93} INFO - Sent log: {'timestamp': '2025-06-01T18:43:11.751092', 'level': 'WARNING', 'message': 'This is a log message'}
[2025-06-01T18:43:22.937+0000] {subprocess.py:93} INFO - Sent log: {'timestamp': '2025-06-01T18:43:22.934916', 'level': 'ERROR', 'message': 'This is a log message'}
[2025-06-01T18:43:31.126+0000] {subprocess.py:93} INFO - Sent log: {'timestamp': '2025-06-01T18:43:30.089197', 'level': 'INFO', 'message': 'This is a log message'}
[2025-06-01T18:43:32.391+0000] {subprocess.py:93} INFO - Sent log: {'timestamp': '2025-06-01T18:43:32.390436', 'level': 'INFO', 'message': 'This is a log message'}
[2025-06-01T18:43:32.995+0000] {job.py:229} INFO - Heartbeat recovered after 34.24 seconds
[2025-06-01T18:43:34.021+0000] {subprocess.py:93} INFO - Sent log: {'timestamp': '2025-06-01T18:43:34.021059', 'level': 'WARNING', 'message': 'This is a log message'}
[2025-06-01T18:43:35.027+0000] {subprocess.py:93} INFO - Sent log: {'timestamp': '2025-06-01T18:43:35.023140', 'level': 'WARNING', 'message': 'This is a log message'}
[2025-06-01T18:43:36.278+0000] {subprocess.py:93} INFO - Sent log: {'timestamp': '2025-06-01T18:43:36.277300', 'level': 'ERROR', 'message': 'This is a log message'}
[2025-06-01T18:43:39.026+0000] {subprocess.py:93} INFO - Sent log: {'timestamp': '2025-06-01T18:43:38.476292', 'level': 'INFO', 'message': 'This is a log message'}
[2025-06-01T18:43:40.107+0000] {subprocess.py:93} INFO - Sent log: {'timestamp': '2025-06-01T18:43:40.106642', 'level': 'WARNING', 'message': 'This is a log message'}
[2025-06-01T18:43:41.161+0000] {job.py:229} INFO - Heartbeat recovered after 11.13 seconds
[2025-06-01T18:43:41.549+0000] {subprocess.py:93} INFO - Sent log: {'timestamp': '2025-06-01T18:43:41.373929', 'level': 'WARNING', 'message': 'This is a log message'}
[2025-06-01T18:43:42.508+0000] {subprocess.py:93} INFO - Sent log: {'timestamp': '2025-06-01T18:43:42.507372', 'level': 'INFO', 'message': 'This is a log message'}
[2025-06-01T18:43:44.847+0000] {subprocess.py:93} INFO - Sent log: {'timestamp': '2025-06-01T18:43:44.846621', 'level': 'WARNING', 'message': 'This is a log message'}
[2025-06-01T18:43:46.215+0000] {subprocess.py:93} INFO - Sent log: {'timestamp': '2025-06-01T18:43:46.214970', 'level': 'WARNING', 'message': 'This is a log message'}
[2025-06-01T18:43:47.284+0000] {subprocess.py:93} INFO - Sent log: {'timestamp': '2025-06-01T18:43:47.283924', 'level': 'ERROR', 'message': 'This is a log message'}
[2025-06-01T18:43:48.534+0000] {subprocess.py:93} INFO - Sent log: {'timestamp': '2025-06-01T18:43:48.532703', 'level': 'INFO', 'message': 'This is a log message'}
[2025-06-01T18:43:49.697+0000] {subprocess.py:93} INFO - Sent log: {'timestamp': '2025-06-01T18:43:49.697553', 'level': 'INFO', 'message': 'This is a log message'}
[2025-06-01T18:43:50.759+0000] {subprocess.py:93} INFO - Sent log: {'timestamp': '2025-06-01T18:43:50.758270', 'level': 'INFO', 'message': 'This is a log message'}
[2025-06-01T18:43:51.780+0000] {subprocess.py:93} INFO - Sent log: {'timestamp': '2025-06-01T18:43:51.779067', 'level': 'ERROR', 'message': 'This is a log message'}
[2025-06-01T18:43:52.905+0000] {subprocess.py:93} INFO - Sent log: {'timestamp': '2025-06-01T18:43:52.905026', 'level': 'WARNING', 'message': 'This is a log message'}
[2025-06-01T18:43:53.941+0000] {subprocess.py:93} INFO - Sent log: {'timestamp': '2025-06-01T18:43:53.941093', 'level': 'ERROR', 'message': 'This is a log message'}
[2025-06-01T18:43:55.066+0000] {subprocess.py:93} INFO - Sent log: {'timestamp': '2025-06-01T18:43:55.065654', 'level': 'INFO', 'message': 'This is a log message'}
[2025-06-01T18:43:56.068+0000] {subprocess.py:93} INFO - Sent log: {'timestamp': '2025-06-01T18:43:56.067817', 'level': 'WARNING', 'message': 'This is a log message'}
[2025-06-01T18:43:57.070+0000] {subprocess.py:93} INFO - Sent log: {'timestamp': '2025-06-01T18:43:57.070497', 'level': 'WARNING', 'message': 'This is a log message'}
[2025-06-01T18:43:58.094+0000] {subprocess.py:93} INFO - Sent log: {'timestamp': '2025-06-01T18:43:58.093217', 'level': 'WARNING', 'message': 'This is a log message'}
[2025-06-01T18:43:59.096+0000] {subprocess.py:93} INFO - Sent log: {'timestamp': '2025-06-01T18:43:59.095673', 'level': 'ERROR', 'message': 'This is a log message'}
[2025-06-01T18:44:00.233+0000] {subprocess.py:93} INFO - Sent log: {'timestamp': '2025-06-01T18:44:00.233467', 'level': 'ERROR', 'message': 'This is a log message'}
[2025-06-01T18:44:01.235+0000] {subprocess.py:93} INFO - Sent log: {'timestamp': '2025-06-01T18:44:01.235416', 'level': 'ERROR', 'message': 'This is a log message'}
[2025-06-01T18:44:02.238+0000] {subprocess.py:93} INFO - Sent log: {'timestamp': '2025-06-01T18:44:02.237460', 'level': 'WARNING', 'message': 'This is a log message'}
[2025-06-01T18:44:03.331+0000] {subprocess.py:93} INFO - Sent log: {'timestamp': '2025-06-01T18:44:03.330533', 'level': 'INFO', 'message': 'This is a log message'}
[2025-06-01T18:44:04.349+0000] {subprocess.py:93} INFO - Sent log: {'timestamp': '2025-06-01T18:44:04.348821', 'level': 'WARNING', 'message': 'This is a log message'}
[2025-06-01T18:44:05.371+0000] {subprocess.py:93} INFO - Sent log: {'timestamp': '2025-06-01T18:44:05.370928', 'level': 'WARNING', 'message': 'This is a log message'}
[2025-06-01T18:44:06.679+0000] {subprocess.py:93} INFO - Sent log: {'timestamp': '2025-06-01T18:44:06.372797', 'level': 'INFO', 'message': 'This is a log message'}
[2025-06-01T18:44:07.681+0000] {subprocess.py:93} INFO - Sent log: {'timestamp': '2025-06-01T18:44:07.680503', 'level': 'WARNING', 'message': 'This is a log message'}
[2025-06-01T18:44:08.754+0000] {subprocess.py:93} INFO - Sent log: {'timestamp': '2025-06-01T18:44:08.753596', 'level': 'INFO', 'message': 'This is a log message'}
[2025-06-01T18:44:12.217+0000] {subprocess.py:93} INFO - Sent log: {'timestamp': '2025-06-01T18:44:09.761277', 'level': 'ERROR', 'message': 'This is a log message'}
[2025-06-01T18:44:14.003+0000] {subprocess.py:93} INFO - Sent log: {'timestamp': '2025-06-01T18:44:14.002613', 'level': 'WARNING', 'message': 'This is a log message'}
[2025-06-01T18:44:14.794+0000] {subprocess.py:93} INFO - Sent log: {'timestamp': '2025-06-01T18:44:14.793436', 'level': 'INFO', 'message': 'This is a log message'}
[2025-06-01T18:44:15.935+0000] {subprocess.py:93} INFO - Sent log: {'timestamp': '2025-06-01T18:44:15.934851', 'level': 'ERROR', 'message': 'This is a log message'}
[2025-06-01T18:44:17.139+0000] {subprocess.py:93} INFO - Sent log: {'timestamp': '2025-06-01T18:44:17.139103', 'level': 'INFO', 'message': 'This is a log message'}
[2025-06-01T18:44:18.504+0000] {subprocess.py:93} INFO - Sent log: {'timestamp': '2025-06-01T18:44:18.503835', 'level': 'WARNING', 'message': 'This is a log message'}
[2025-06-01T18:44:20.196+0000] {subprocess.py:93} INFO - Sent log: {'timestamp': '2025-06-01T18:44:20.196515', 'level': 'WARNING', 'message': 'This is a log message'}
[2025-06-01T18:44:21.556+0000] {subprocess.py:93} INFO - Sent log: {'timestamp': '2025-06-01T18:44:21.506294', 'level': 'ERROR', 'message': 'This is a log message'}
[2025-06-01T18:44:23.519+0000] {subprocess.py:93} INFO - Sent log: {'timestamp': '2025-06-01T18:44:23.249763', 'level': 'ERROR', 'message': 'This is a log message'}
[2025-06-01T18:44:24.793+0000] {subprocess.py:93} INFO - Sent log: {'timestamp': '2025-06-01T18:44:24.792934', 'level': 'INFO', 'message': 'This is a log message'}
[2025-06-01T18:44:25.796+0000] {subprocess.py:93} INFO - Sent log: {'timestamp': '2025-06-01T18:44:25.796683', 'level': 'INFO', 'message': 'This is a log message'}
[2025-06-01T18:44:26.799+0000] {subprocess.py:93} INFO - Sent log: {'timestamp': '2025-06-01T18:44:26.798504', 'level': 'ERROR', 'message': 'This is a log message'}
[2025-06-01T18:44:27.965+0000] {subprocess.py:93} INFO - Sent log: {'timestamp': '2025-06-01T18:44:27.964235', 'level': 'WARNING', 'message': 'This is a log message'}
[2025-06-01T18:44:29.431+0000] {subprocess.py:93} INFO - Sent log: {'timestamp': '2025-06-01T18:44:29.431123', 'level': 'INFO', 'message': 'This is a log message'}
[2025-06-01T18:44:30.778+0000] {subprocess.py:93} INFO - Sent log: {'timestamp': '2025-06-01T18:44:30.778071', 'level': 'WARNING', 'message': 'This is a log message'}
[2025-06-01T18:44:32.084+0000] {subprocess.py:93} INFO - Sent log: {'timestamp': '2025-06-01T18:44:32.083463', 'level': 'WARNING', 'message': 'This is a log message'}
[2025-06-01T18:44:33.237+0000] {subprocess.py:93} INFO - Sent log: {'timestamp': '2025-06-01T18:44:33.236859', 'level': 'WARNING', 'message': 'This is a log message'}
[2025-06-01T18:44:34.316+0000] {subprocess.py:93} INFO - Sent log: {'timestamp': '2025-06-01T18:44:34.316551', 'level': 'WARNING', 'message': 'This is a log message'}
[2025-06-01T18:44:35.628+0000] {subprocess.py:93} INFO - Sent log: {'timestamp': '2025-06-01T18:44:35.628215', 'level': 'ERROR', 'message': 'This is a log message'}
[2025-06-01T18:44:37.025+0000] {subprocess.py:93} INFO - Sent log: {'timestamp': '2025-06-01T18:44:37.024424', 'level': 'WARNING', 'message': 'This is a log message'}
[2025-06-01T18:44:38.182+0000] {subprocess.py:93} INFO - Sent log: {'timestamp': '2025-06-01T18:44:38.181740', 'level': 'INFO', 'message': 'This is a log message'}
[2025-06-01T18:44:39.465+0000] {subprocess.py:93} INFO - Sent log: {'timestamp': '2025-06-01T18:44:39.465231', 'level': 'ERROR', 'message': 'This is a log message'}
[2025-06-01T18:44:41.605+0000] {subprocess.py:93} INFO - Sent log: {'timestamp': '2025-06-01T18:44:41.539908', 'level': 'INFO', 'message': 'This is a log message'}
[2025-06-01T18:44:42.863+0000] {subprocess.py:93} INFO - Sent log: {'timestamp': '2025-06-01T18:44:42.863566', 'level': 'INFO', 'message': 'This is a log message'}
[2025-06-01T18:44:46.587+0000] {subprocess.py:93} INFO - Sent log: {'timestamp': '2025-06-01T18:44:46.586957', 'level': 'ERROR', 'message': 'This is a log message'}
[2025-06-01T18:44:47.590+0000] {subprocess.py:93} INFO - Sent log: {'timestamp': '2025-06-01T18:44:47.589304', 'level': 'ERROR', 'message': 'This is a log message'}
[2025-06-01T18:44:48.591+0000] {subprocess.py:93} INFO - Sent log: {'timestamp': '2025-06-01T18:44:48.591663', 'level': 'WARNING', 'message': 'This is a log message'}
[2025-06-01T18:44:49.595+0000] {subprocess.py:93} INFO - Sent log: {'timestamp': '2025-06-01T18:44:49.593909', 'level': 'INFO', 'message': 'This is a log message'}
[2025-06-01T18:44:51.317+0000] {subprocess.py:93} INFO - Sent log: {'timestamp': '2025-06-01T18:44:51.315990', 'level': 'ERROR', 'message': 'This is a log message'}
[2025-06-01T18:44:52.910+0000] {subprocess.py:93} INFO - Sent log: {'timestamp': '2025-06-01T18:44:52.318342', 'level': 'ERROR', 'message': 'This is a log message'}
[2025-06-01T18:44:53.913+0000] {subprocess.py:93} INFO - Sent log: {'timestamp': '2025-06-01T18:44:53.913005', 'level': 'ERROR', 'message': 'This is a log message'}
[2025-06-01T18:44:55.532+0000] {subprocess.py:93} INFO - Sent log: {'timestamp': '2025-06-01T18:44:54.975369', 'level': 'INFO', 'message': 'This is a log message'}
[2025-06-01T18:44:56.693+0000] {subprocess.py:93} INFO - Sent log: {'timestamp': '2025-06-01T18:44:56.691833', 'level': 'WARNING', 'message': 'This is a log message'}
[2025-06-01T18:44:58.917+0000] {subprocess.py:93} INFO - Sent log: {'timestamp': '2025-06-01T18:44:58.835453', 'level': 'INFO', 'message': 'This is a log message'}
[2025-06-01T18:45:00.012+0000] {subprocess.py:93} INFO - Sent log: {'timestamp': '2025-06-01T18:45:00.011674', 'level': 'WARNING', 'message': 'This is a log message'}
[2025-06-01T18:45:01.083+0000] {subprocess.py:97} INFO - Command exited with return code 0
[2025-06-01T18:45:03.109+0000] {taskinstance.py:340} INFO - ::group::Post task execution logs
[2025-06-01T18:45:03.235+0000] {taskinstance.py:352} INFO - Marking task as SUCCESS. dag_id=log_monitoring_dag, task_id=start_log_producer, run_id=manual__2025-06-01T18:26:11.238029+00:00, execution_date=20250601T182611, start_date=20250601T184129, end_date=20250601T184503
[2025-06-01T18:45:03.406+0000] {local_task_job_runner.py:266} INFO - Task exited with return code 0
[2025-06-01T18:45:03.974+0000] {standard_task_runner.py:217} INFO - Process not found (most likely exited), stop collecting metrics
[2025-06-01T18:45:04.556+0000] {taskinstance.py:3900} INFO - 0 downstream tasks scheduled from follow-on schedule check
[2025-06-01T18:45:04.660+0000] {local_task_job_runner.py:245} INFO - ::endgroup::
