[2025-05-31T16:45:04.436+0000] {local_task_job_runner.py:123} INFO - ::group::Pre task execution logs
[2025-05-31T16:45:04.454+0000] {taskinstance.py:2612} INFO - Dependencies all met for dep_context=non-requeueable deps ti=<TaskInstance: log_monitoring_dag.start_log_producer scheduled__2025-05-31T16:40:00+00:00 [queued]>
[2025-05-31T16:45:04.464+0000] {taskinstance.py:2612} INFO - Dependencies all met for dep_context=requeueable deps ti=<TaskInstance: log_monitoring_dag.start_log_producer scheduled__2025-05-31T16:40:00+00:00 [queued]>
[2025-05-31T16:45:04.464+0000] {taskinstance.py:2865} INFO - Starting attempt 1 of 2
[2025-05-31T16:45:04.487+0000] {taskinstance.py:2888} INFO - Executing <Task(BashOperator): start_log_producer> on 2025-05-31 16:40:00+00:00
[2025-05-31T16:45:04.494+0000] {standard_task_runner.py:104} INFO - Running: ['***', 'tasks', 'run', 'log_monitoring_dag', 'start_log_producer', 'scheduled__2025-05-31T16:40:00+00:00', '--job-id', '220', '--raw', '--subdir', 'DAGS_FOLDER/log_monitoring_dag.py', '--cfg-path', '/tmp/tmp9yfi6en6']
[2025-05-31T16:45:04.496+0000] {logging_mixin.py:190} WARNING - /home/***/.local/lib/python3.12/site-packages/***/task/task_runner/standard_task_runner.py:70 DeprecationWarning: This process (pid=918) is multi-threaded, use of fork() may lead to deadlocks in the child.
[2025-05-31T16:45:04.498+0000] {standard_task_runner.py:105} INFO - Job 220: Subtask start_log_producer
[2025-05-31T16:45:04.498+0000] {standard_task_runner.py:72} INFO - Started process 919 to run task
[2025-05-31T16:45:04.526+0000] {logging_mixin.py:190} WARNING - /home/***/.local/lib/python3.12/site-packages/***/settings.py:209 DeprecationWarning: The sql_alchemy_conn option in [core] has been moved to the sql_alchemy_conn option in [database] - the old setting has been used, but please update your config.
[2025-05-31T16:45:04.570+0000] {task_command.py:467} INFO - Running <TaskInstance: log_monitoring_dag.start_log_producer scheduled__2025-05-31T16:40:00+00:00 [running]> on host 1d31c4e9dbe9
[2025-05-31T16:45:04.572+0000] {logging_mixin.py:190} WARNING - /home/***/.local/lib/python3.12/site-packages/***/settings.py:470 DeprecationWarning: The sql_alchemy_conn option in [core] has been moved to the sql_alchemy_conn option in [database] - the old setting has been used, but please update your config.
[2025-05-31T16:45:04.678+0000] {taskinstance.py:3131} INFO - Exporting env vars: AIRFLOW_CTX_DAG_OWNER='***' AIRFLOW_CTX_DAG_ID='log_monitoring_dag' AIRFLOW_CTX_TASK_ID='start_log_producer' AIRFLOW_CTX_EXECUTION_DATE='2025-05-31T16:40:00+00:00' AIRFLOW_CTX_TRY_NUMBER='1' AIRFLOW_CTX_DAG_RUN_ID='scheduled__2025-05-31T16:40:00+00:00'
[2025-05-31T16:45:04.679+0000] {taskinstance.py:731} INFO - ::endgroup::
[2025-05-31T16:45:04.698+0000] {subprocess.py:63} INFO - Tmp dir root location: /tmp
[2025-05-31T16:45:04.700+0000] {subprocess.py:75} INFO - Running command: ['/usr/bin/bash', '-c', 'cd /opt/***/app && python -u log_producer.py']
[2025-05-31T16:45:04.710+0000] {subprocess.py:86} INFO - Output:
[2025-05-31T16:45:05.524+0000] {subprocess.py:93} INFO - Sending log: {'timestamp': '2025-05-31 16:45:05', 'level': 'WARNING', 'message': 'Slow response time'}
[2025-05-31T16:45:07.630+0000] {subprocess.py:93} INFO - Sending log: {'timestamp': '2025-05-31 16:45:07', 'level': 'ERROR', 'message': 'Payment gateway timeout'}
[2025-05-31T16:45:09.631+0000] {subprocess.py:93} INFO - Sending log: {'timestamp': '2025-05-31 16:45:09', 'level': 'WARNING', 'message': 'Slow response time'}
[2025-05-31T16:45:11.631+0000] {subprocess.py:93} INFO - Sending log: {'timestamp': '2025-05-31 16:45:11', 'level': 'ERROR', 'message': 'Database connection failed'}
[2025-05-31T16:45:13.631+0000] {subprocess.py:93} INFO - Sending log: {'timestamp': '2025-05-31 16:45:13', 'level': 'INFO', 'message': 'User logged in'}
[2025-05-31T16:58:13.552+0000] {job.py:229} INFO - Heartbeat recovered after 784.01 seconds
[2025-05-31T16:58:17.598+0000] {subprocess.py:93} INFO - Sending log: {'timestamp': '2025-05-31 16:45:15', 'level': 'WARNING', 'message': 'High memory usage'}
[2025-05-31T16:58:17.646+0000] {subprocess.py:93} INFO - Sending log: {'timestamp': '2025-05-31 16:58:02', 'level': 'ERROR', 'message': 'Database connection failed'}
[2025-05-31T16:58:17.647+0000] {subprocess.py:93} INFO - Sending log: {'timestamp': '2025-05-31 16:58:04', 'level': 'WARNING', 'message': 'High memory usage'}
[2025-05-31T16:58:17.647+0000] {subprocess.py:93} INFO - Sending log: {'timestamp': '2025-05-31 16:58:06', 'level': 'WARNING', 'message': 'Slow response time'}
[2025-05-31T16:58:17.648+0000] {subprocess.py:93} INFO - Sending log: {'timestamp': '2025-05-31 16:58:09', 'level': 'INFO', 'message': 'Page loaded'}
[2025-05-31T16:58:17.648+0000] {subprocess.py:93} INFO - Sending log: {'timestamp': '2025-05-31 16:58:11', 'level': 'WARNING', 'message': 'High memory usage'}
[2025-05-31T16:58:17.649+0000] {subprocess.py:93} INFO - Sending log: {'timestamp': '2025-05-31 16:58:13', 'level': 'WARNING', 'message': 'Slow response time'}
[2025-05-31T16:58:17.650+0000] {subprocess.py:93} INFO - Sending log: {'timestamp': '2025-05-31 16:58:15', 'level': 'INFO', 'message': 'User logged in'}
[2025-05-31T16:58:17.767+0000] {subprocess.py:93} INFO - Sending log: {'timestamp': '2025-05-31 16:58:17', 'level': 'WARNING', 'message': 'High memory usage'}
[2025-05-31T16:58:19.767+0000] {subprocess.py:93} INFO - Sending log: {'timestamp': '2025-05-31 16:58:19', 'level': 'INFO', 'message': 'Page loaded'}
[2025-05-31T16:58:21.768+0000] {subprocess.py:93} INFO - Sending log: {'timestamp': '2025-05-31 16:58:21', 'level': 'ERROR', 'message': 'Database connection failed'}
[2025-05-31T16:58:23.827+0000] {subprocess.py:93} INFO - Sending log: {'timestamp': '2025-05-31 16:58:23', 'level': 'ERROR', 'message': 'Payment gateway timeout'}
[2025-05-31T16:58:23.886+0000] {local_task_job_runner.py:228} ERROR - Heartbeat time limit exceeded!
[2025-05-31T16:58:23.895+0000] {local_task_job_runner.py:245} INFO - ::endgroup::
[2025-05-31T16:58:24.670+0000] {process_utils.py:132} INFO - Sending 15 to group 919. PIDs of all processes in the group: [921, 919]
[2025-05-31T16:58:25.152+0000] {process_utils.py:87} INFO - Sending the signal 15 to group 919
[2025-05-31T16:58:25.153+0000] {taskinstance.py:3092} ERROR - Received SIGTERM. Terminating subprocesses.
[2025-05-31T16:58:25.154+0000] {subprocess.py:104} INFO - Sending SIGTERM signal to process group
[2025-05-31T16:58:25.457+0000] {taskinstance.py:3310} ERROR - Task failed with exception
Traceback (most recent call last):
  File "/home/airflow/.local/lib/python3.12/site-packages/airflow/models/taskinstance.py", line 767, in _execute_task
    result = _execute_callable(context=context, **execute_callable_kwargs)
             ^^^^^^^^^^^^^^^^^^^^^^^^^^^^^^^^^^^^^^^^^^^^^^^^^^^^^^^^^^^^^
  File "/home/airflow/.local/lib/python3.12/site-packages/airflow/models/taskinstance.py", line 733, in _execute_callable
    return ExecutionCallableRunner(
           ^^^^^^^^^^^^^^^^^^^^^^^^
  File "/home/airflow/.local/lib/python3.12/site-packages/airflow/utils/operator_helpers.py", line 252, in run
    return self.func(*args, **kwargs)
           ^^^^^^^^^^^^^^^^^^^^^^^^^^
  File "/home/airflow/.local/lib/python3.12/site-packages/airflow/models/baseoperator.py", line 406, in wrapper
    return func(self, *args, **kwargs)
           ^^^^^^^^^^^^^^^^^^^^^^^^^^^
  File "/home/airflow/.local/lib/python3.12/site-packages/airflow/operators/bash.py", line 240, in execute
    result = self.subprocess_hook.run_command(
             ^^^^^^^^^^^^^^^^^^^^^^^^^^^^^^^^^
  File "/home/airflow/.local/lib/python3.12/site-packages/airflow/hooks/subprocess.py", line 91, in run_command
    for raw_line in iter(self.sub_process.stdout.readline, b""):
                    ^^^^^^^^^^^^^^^^^^^^^^^^^^^^^^^^^^^^^^^^^^^
  File "/home/airflow/.local/lib/python3.12/site-packages/airflow/models/taskinstance.py", line 3094, in signal_handler
    raise AirflowTaskTerminated("Task received SIGTERM signal")
airflow.exceptions.AirflowTaskTerminated: Task received SIGTERM signal
[2025-05-31T16:58:41.068+0000] {taskinstance.py:1225} INFO - Marking task as UP_FOR_RETRY. dag_id=log_monitoring_dag, task_id=start_log_producer, run_id=scheduled__2025-05-31T16:40:00+00:00, execution_date=20250531T164000, start_date=20250531T164504, end_date=20250531T165837
[2025-05-31T16:58:44.192+0000] {taskinstance.py:340} INFO - ::group::Post task execution logs
[2025-05-31T16:58:45.605+0000] {process_utils.py:80} INFO - Process psutil.Process(pid=919, status='terminated', exitcode=2, started='16:45:03') (919) terminated with exit code 2
[2025-05-31T16:58:46.586+0000] {standard_task_runner.py:217} INFO - Process not found (most likely exited), stop collecting metrics
[2025-05-31T16:58:46.587+0000] {process_utils.py:80} INFO - Process psutil.Process(pid=921, status='terminated', started='16:45:04') (921) terminated with exit code None
