[2025-05-31T17:00:28.240+0000] {local_task_job_runner.py:123} INFO - ::group::Pre task execution logs
[2025-05-31T17:00:28.265+0000] {taskinstance.py:2612} INFO - Dependencies all met for dep_context=non-requeueable deps ti=<TaskInstance: log_monitoring_dag.start_log_producer scheduled__2025-05-31T16:40:00+00:00 [queued]>
[2025-05-31T17:00:28.279+0000] {taskinstance.py:2612} INFO - Dependencies all met for dep_context=requeueable deps ti=<TaskInstance: log_monitoring_dag.start_log_producer scheduled__2025-05-31T16:40:00+00:00 [queued]>
[2025-05-31T17:00:28.280+0000] {taskinstance.py:2865} INFO - Starting attempt 2 of 2
[2025-05-31T17:00:28.301+0000] {taskinstance.py:2888} INFO - Executing <Task(BashOperator): start_log_producer> on 2025-05-31 16:40:00+00:00
[2025-05-31T17:00:28.311+0000] {logging_mixin.py:190} WARNING - /home/***/.local/lib/python3.12/site-packages/***/task/task_runner/standard_task_runner.py:70 DeprecationWarning: This process (pid=953) is multi-threaded, use of fork() may lead to deadlocks in the child.
[2025-05-31T17:00:28.310+0000] {standard_task_runner.py:104} INFO - Running: ['***', 'tasks', 'run', 'log_monitoring_dag', 'start_log_producer', 'scheduled__2025-05-31T16:40:00+00:00', '--job-id', '224', '--raw', '--subdir', 'DAGS_FOLDER/log_monitoring_dag.py', '--cfg-path', '/tmp/tmpxo_wymir']
[2025-05-31T17:00:28.313+0000] {standard_task_runner.py:72} INFO - Started process 960 to run task
[2025-05-31T17:00:28.313+0000] {standard_task_runner.py:105} INFO - Job 224: Subtask start_log_producer
[2025-05-31T17:00:28.481+0000] {logging_mixin.py:190} WARNING - /home/***/.local/lib/python3.12/site-packages/***/settings.py:209 DeprecationWarning: The sql_alchemy_conn option in [core] has been moved to the sql_alchemy_conn option in [database] - the old setting has been used, but please update your config.
[2025-05-31T17:00:28.527+0000] {task_command.py:467} INFO - Running <TaskInstance: log_monitoring_dag.start_log_producer scheduled__2025-05-31T16:40:00+00:00 [running]> on host 1d31c4e9dbe9
[2025-05-31T17:00:28.529+0000] {logging_mixin.py:190} WARNING - /home/***/.local/lib/python3.12/site-packages/***/settings.py:470 DeprecationWarning: The sql_alchemy_conn option in [core] has been moved to the sql_alchemy_conn option in [database] - the old setting has been used, but please update your config.
[2025-05-31T17:00:28.700+0000] {taskinstance.py:3131} INFO - Exporting env vars: AIRFLOW_CTX_DAG_OWNER='***' AIRFLOW_CTX_DAG_ID='log_monitoring_dag' AIRFLOW_CTX_TASK_ID='start_log_producer' AIRFLOW_CTX_EXECUTION_DATE='2025-05-31T16:40:00+00:00' AIRFLOW_CTX_TRY_NUMBER='2' AIRFLOW_CTX_DAG_RUN_ID='scheduled__2025-05-31T16:40:00+00:00'
[2025-05-31T17:00:28.702+0000] {taskinstance.py:731} INFO - ::endgroup::
[2025-05-31T17:00:28.722+0000] {subprocess.py:63} INFO - Tmp dir root location: /tmp
[2025-05-31T17:00:28.791+0000] {subprocess.py:75} INFO - Running command: ['/usr/bin/bash', '-c', 'cd /opt/***/app && python -u log_producer.py']
[2025-05-31T17:00:28.801+0000] {subprocess.py:86} INFO - Output:
[2025-05-31T17:00:29.801+0000] {subprocess.py:93} INFO - Sending log: {'timestamp': '2025-05-31 17:00:29', 'level': 'ERROR', 'message': 'Payment gateway timeout'}
[2025-05-31T17:00:31.906+0000] {subprocess.py:93} INFO - Sending log: {'timestamp': '2025-05-31 17:00:31', 'level': 'ERROR', 'message': 'Payment gateway timeout'}
[2025-05-31T17:00:33.904+0000] {subprocess.py:93} INFO - Sending log: {'timestamp': '2025-05-31 17:00:33', 'level': 'INFO', 'message': 'User logged in'}
[2025-05-31T17:00:35.904+0000] {subprocess.py:93} INFO - Sending log: {'timestamp': '2025-05-31 17:00:35', 'level': 'WARNING', 'message': 'High memory usage'}
[2025-05-31T17:00:37.905+0000] {subprocess.py:93} INFO - Sending log: {'timestamp': '2025-05-31 17:00:37', 'level': 'WARNING', 'message': 'Slow response time'}
[2025-05-31T17:00:39.905+0000] {subprocess.py:93} INFO - Sending log: {'timestamp': '2025-05-31 17:00:39', 'level': 'ERROR', 'message': 'Database connection failed'}
[2025-05-31T17:00:41.905+0000] {subprocess.py:93} INFO - Sending log: {'timestamp': '2025-05-31 17:00:41', 'level': 'WARNING', 'message': 'High memory usage'}
[2025-05-31T17:00:43.906+0000] {subprocess.py:93} INFO - Sending log: {'timestamp': '2025-05-31 17:00:43', 'level': 'INFO', 'message': 'Page loaded'}
[2025-05-31T17:00:45.906+0000] {subprocess.py:93} INFO - Sending log: {'timestamp': '2025-05-31 17:00:45', 'level': 'ERROR', 'message': 'Database connection failed'}
[2025-05-31T17:00:47.907+0000] {subprocess.py:93} INFO - Sending log: {'timestamp': '2025-05-31 17:00:47', 'level': 'INFO', 'message': 'Page loaded'}
[2025-05-31T17:00:49.907+0000] {subprocess.py:93} INFO - Sending log: {'timestamp': '2025-05-31 17:00:49', 'level': 'WARNING', 'message': 'Slow response time'}
[2025-05-31T17:00:51.908+0000] {subprocess.py:93} INFO - Sending log: {'timestamp': '2025-05-31 17:00:51', 'level': 'WARNING', 'message': 'Slow response time'}
[2025-05-31T17:00:53.922+0000] {subprocess.py:93} INFO - Sending log: {'timestamp': '2025-05-31 17:00:53', 'level': 'INFO', 'message': 'Search executed'}
[2025-05-31T17:00:55.923+0000] {subprocess.py:93} INFO - Sending log: {'timestamp': '2025-05-31 17:00:55', 'level': 'INFO', 'message': 'Page loaded'}
[2025-05-31T17:00:57.923+0000] {subprocess.py:93} INFO - Sending log: {'timestamp': '2025-05-31 17:00:57', 'level': 'INFO', 'message': 'Page loaded'}
[2025-05-31T17:00:59.924+0000] {subprocess.py:93} INFO - Sending log: {'timestamp': '2025-05-31 17:00:59', 'level': 'WARNING', 'message': 'Slow response time'}
[2025-05-31T17:01:01.924+0000] {subprocess.py:93} INFO - Sending log: {'timestamp': '2025-05-31 17:01:01', 'level': 'INFO', 'message': 'User logged in'}
[2025-05-31T17:01:03.922+0000] {subprocess.py:93} INFO - Sending log: {'timestamp': '2025-05-31 17:01:03', 'level': 'WARNING', 'message': 'High memory usage'}
[2025-05-31T17:01:05.923+0000] {subprocess.py:93} INFO - Sending log: {'timestamp': '2025-05-31 17:01:05', 'level': 'WARNING', 'message': 'High memory usage'}
[2025-05-31T17:01:07.923+0000] {subprocess.py:93} INFO - Sending log: {'timestamp': '2025-05-31 17:01:07', 'level': 'INFO', 'message': 'Page loaded'}
[2025-05-31T17:01:09.924+0000] {subprocess.py:93} INFO - Sending log: {'timestamp': '2025-05-31 17:01:09', 'level': 'WARNING', 'message': 'Slow response time'}
[2025-05-31T17:01:11.924+0000] {subprocess.py:93} INFO - Sending log: {'timestamp': '2025-05-31 17:01:11', 'level': 'WARNING', 'message': 'High memory usage'}
[2025-05-31T17:01:14.492+0000] {subprocess.py:93} INFO - Sending log: {'timestamp': '2025-05-31 17:01:14', 'level': 'ERROR', 'message': 'Payment gateway timeout'}
[2025-05-31T17:01:16.493+0000] {subprocess.py:93} INFO - Sending log: {'timestamp': '2025-05-31 17:01:16', 'level': 'INFO', 'message': 'Search executed'}
[2025-05-31T17:01:18.493+0000] {subprocess.py:93} INFO - Sending log: {'timestamp': '2025-05-31 17:01:18', 'level': 'ERROR', 'message': 'Database connection failed'}
[2025-05-31T17:01:20.493+0000] {subprocess.py:93} INFO - Sending log: {'timestamp': '2025-05-31 17:01:20', 'level': 'ERROR', 'message': 'Payment gateway timeout'}
[2025-05-31T17:01:22.494+0000] {subprocess.py:93} INFO - Sending log: {'timestamp': '2025-05-31 17:01:22', 'level': 'WARNING', 'message': 'High memory usage'}
[2025-05-31T17:01:24.494+0000] {subprocess.py:93} INFO - Sending log: {'timestamp': '2025-05-31 17:01:24', 'level': 'WARNING', 'message': 'Slow response time'}
[2025-05-31T17:01:26.495+0000] {subprocess.py:93} INFO - Sending log: {'timestamp': '2025-05-31 17:01:26', 'level': 'ERROR', 'message': 'Database connection failed'}
[2025-05-31T17:01:28.495+0000] {subprocess.py:93} INFO - Sending log: {'timestamp': '2025-05-31 17:01:28', 'level': 'ERROR', 'message': 'Database connection failed'}
[2025-05-31T17:01:30.496+0000] {subprocess.py:93} INFO - Sending log: {'timestamp': '2025-05-31 17:01:30', 'level': 'ERROR', 'message': 'Payment gateway timeout'}
[2025-05-31T17:01:32.494+0000] {subprocess.py:93} INFO - Sending log: {'timestamp': '2025-05-31 17:01:32', 'level': 'WARNING', 'message': 'Slow response time'}
[2025-05-31T17:01:34.495+0000] {subprocess.py:93} INFO - Sending log: {'timestamp': '2025-05-31 17:01:34', 'level': 'WARNING', 'message': 'Slow response time'}
[2025-05-31T17:01:36.495+0000] {subprocess.py:93} INFO - Sending log: {'timestamp': '2025-05-31 17:01:36', 'level': 'INFO', 'message': 'Page loaded'}
[2025-05-31T17:01:38.496+0000] {subprocess.py:93} INFO - Sending log: {'timestamp': '2025-05-31 17:01:38', 'level': 'INFO', 'message': 'User logged in'}
[2025-05-31T17:01:40.496+0000] {subprocess.py:93} INFO - Sending log: {'timestamp': '2025-05-31 17:01:40', 'level': 'INFO', 'message': 'Page loaded'}
[2025-05-31T17:01:42.497+0000] {subprocess.py:93} INFO - Sending log: {'timestamp': '2025-05-31 17:01:42', 'level': 'INFO', 'message': 'Page loaded'}
[2025-05-31T17:01:44.497+0000] {subprocess.py:93} INFO - Sending log: {'timestamp': '2025-05-31 17:01:44', 'level': 'ERROR', 'message': 'Payment gateway timeout'}
[2025-05-31T17:01:46.498+0000] {subprocess.py:93} INFO - Sending log: {'timestamp': '2025-05-31 17:01:46', 'level': 'INFO', 'message': 'Page loaded'}
[2025-05-31T17:01:48.498+0000] {subprocess.py:93} INFO - Sending log: {'timestamp': '2025-05-31 17:01:48', 'level': 'ERROR', 'message': 'Payment gateway timeout'}
[2025-05-31T17:01:50.498+0000] {subprocess.py:93} INFO - Sending log: {'timestamp': '2025-05-31 17:01:50', 'level': 'WARNING', 'message': 'Slow response time'}
[2025-05-31T17:01:52.499+0000] {subprocess.py:93} INFO - Sending log: {'timestamp': '2025-05-31 17:01:52', 'level': 'INFO', 'message': 'Page loaded'}
[2025-05-31T17:01:54.499+0000] {subprocess.py:93} INFO - Sending log: {'timestamp': '2025-05-31 17:01:54', 'level': 'WARNING', 'message': 'Slow response time'}
[2025-05-31T17:01:56.500+0000] {subprocess.py:93} INFO - Sending log: {'timestamp': '2025-05-31 17:01:56', 'level': 'WARNING', 'message': 'High memory usage'}
[2025-05-31T17:01:58.500+0000] {subprocess.py:93} INFO - Sending log: {'timestamp': '2025-05-31 17:01:58', 'level': 'ERROR', 'message': 'Database connection failed'}
[2025-05-31T17:02:00.501+0000] {subprocess.py:93} INFO - Sending log: {'timestamp': '2025-05-31 17:02:00', 'level': 'ERROR', 'message': 'Payment gateway timeout'}
[2025-05-31T17:02:02.500+0000] {subprocess.py:93} INFO - Sending log: {'timestamp': '2025-05-31 17:02:02', 'level': 'ERROR', 'message': 'Database connection failed'}
[2025-05-31T17:02:04.501+0000] {subprocess.py:93} INFO - Sending log: {'timestamp': '2025-05-31 17:02:04', 'level': 'WARNING', 'message': 'Slow response time'}
[2025-05-31T17:02:06.501+0000] {subprocess.py:93} INFO - Sending log: {'timestamp': '2025-05-31 17:02:06', 'level': 'INFO', 'message': 'Search executed'}
[2025-05-31T17:02:08.502+0000] {subprocess.py:93} INFO - Sending log: {'timestamp': '2025-05-31 17:02:08', 'level': 'ERROR', 'message': 'Payment gateway timeout'}
[2025-05-31T17:02:10.502+0000] {subprocess.py:93} INFO - Sending log: {'timestamp': '2025-05-31 17:02:10', 'level': 'INFO', 'message': 'Page loaded'}
[2025-05-31T17:02:12.503+0000] {subprocess.py:93} INFO - Sending log: {'timestamp': '2025-05-31 17:02:12', 'level': 'WARNING', 'message': 'Slow response time'}
[2025-05-31T17:02:14.503+0000] {subprocess.py:93} INFO - Sending log: {'timestamp': '2025-05-31 17:02:14', 'level': 'WARNING', 'message': 'Slow response time'}
[2025-05-31T17:02:16.504+0000] {subprocess.py:93} INFO - Sending log: {'timestamp': '2025-05-31 17:02:16', 'level': 'INFO', 'message': 'User logged in'}
[2025-05-31T17:02:18.504+0000] {subprocess.py:93} INFO - Sending log: {'timestamp': '2025-05-31 17:02:18', 'level': 'WARNING', 'message': 'Slow response time'}
[2025-05-31T17:02:20.504+0000] {subprocess.py:93} INFO - Sending log: {'timestamp': '2025-05-31 17:02:20', 'level': 'INFO', 'message': 'User logged in'}
[2025-05-31T17:02:22.505+0000] {subprocess.py:93} INFO - Sending log: {'timestamp': '2025-05-31 17:02:22', 'level': 'WARNING', 'message': 'High memory usage'}
[2025-05-31T17:02:24.505+0000] {subprocess.py:93} INFO - Sending log: {'timestamp': '2025-05-31 17:02:24', 'level': 'INFO', 'message': 'User logged in'}
[2025-05-31T17:02:26.506+0000] {subprocess.py:93} INFO - Sending log: {'timestamp': '2025-05-31 17:02:26', 'level': 'ERROR', 'message': 'Payment gateway timeout'}
[2025-05-31T17:02:28.510+0000] {subprocess.py:93} INFO - Sending log: {'timestamp': '2025-05-31 17:02:28', 'level': 'ERROR', 'message': 'Payment gateway timeout'}
[2025-05-31T17:02:30.511+0000] {subprocess.py:93} INFO - Sending log: {'timestamp': '2025-05-31 17:02:30', 'level': 'WARNING', 'message': 'Slow response time'}
[2025-05-31T17:02:32.509+0000] {subprocess.py:93} INFO - Sending log: {'timestamp': '2025-05-31 17:02:32', 'level': 'ERROR', 'message': 'Payment gateway timeout'}
[2025-05-31T17:02:34.510+0000] {subprocess.py:93} INFO - Sending log: {'timestamp': '2025-05-31 17:02:34', 'level': 'INFO', 'message': 'Page loaded'}
[2025-05-31T17:02:36.510+0000] {subprocess.py:93} INFO - Sending log: {'timestamp': '2025-05-31 17:02:36', 'level': 'INFO', 'message': 'Search executed'}
[2025-05-31T17:02:38.511+0000] {subprocess.py:93} INFO - Sending log: {'timestamp': '2025-05-31 17:02:38', 'level': 'WARNING', 'message': 'High memory usage'}
[2025-05-31T17:02:40.511+0000] {subprocess.py:93} INFO - Sending log: {'timestamp': '2025-05-31 17:02:40', 'level': 'ERROR', 'message': 'Database connection failed'}
[2025-05-31T17:02:42.512+0000] {subprocess.py:93} INFO - Sending log: {'timestamp': '2025-05-31 17:02:42', 'level': 'WARNING', 'message': 'High memory usage'}
[2025-05-31T17:02:44.512+0000] {subprocess.py:93} INFO - Sending log: {'timestamp': '2025-05-31 17:02:44', 'level': 'ERROR', 'message': 'Payment gateway timeout'}
[2025-05-31T17:02:46.512+0000] {subprocess.py:93} INFO - Sending log: {'timestamp': '2025-05-31 17:02:46', 'level': 'ERROR', 'message': 'Payment gateway timeout'}
[2025-05-31T17:02:48.513+0000] {subprocess.py:93} INFO - Sending log: {'timestamp': '2025-05-31 17:02:48', 'level': 'WARNING', 'message': 'Slow response time'}
[2025-05-31T17:02:50.513+0000] {subprocess.py:93} INFO - Sending log: {'timestamp': '2025-05-31 17:02:50', 'level': 'ERROR', 'message': 'Database connection failed'}
[2025-05-31T17:02:52.514+0000] {subprocess.py:93} INFO - Sending log: {'timestamp': '2025-05-31 17:02:52', 'level': 'INFO', 'message': 'Page loaded'}
[2025-05-31T17:02:54.514+0000] {subprocess.py:93} INFO - Sending log: {'timestamp': '2025-05-31 17:02:54', 'level': 'ERROR', 'message': 'Payment gateway timeout'}
[2025-05-31T17:02:56.515+0000] {subprocess.py:93} INFO - Sending log: {'timestamp': '2025-05-31 17:02:56', 'level': 'ERROR', 'message': 'Database connection failed'}
[2025-05-31T17:02:58.515+0000] {subprocess.py:93} INFO - Sending log: {'timestamp': '2025-05-31 17:02:58', 'level': 'ERROR', 'message': 'Database connection failed'}
[2025-05-31T17:03:00.515+0000] {subprocess.py:93} INFO - Sending log: {'timestamp': '2025-05-31 17:03:00', 'level': 'INFO', 'message': 'User logged in'}
[2025-05-31T17:03:02.514+0000] {subprocess.py:93} INFO - Sending log: {'timestamp': '2025-05-31 17:03:02', 'level': 'INFO', 'message': 'Page loaded'}
[2025-05-31T17:03:04.514+0000] {subprocess.py:93} INFO - Sending log: {'timestamp': '2025-05-31 17:03:04', 'level': 'ERROR', 'message': 'Payment gateway timeout'}
[2025-05-31T17:03:06.515+0000] {subprocess.py:93} INFO - Sending log: {'timestamp': '2025-05-31 17:03:06', 'level': 'WARNING', 'message': 'High memory usage'}
[2025-05-31T17:03:08.515+0000] {subprocess.py:93} INFO - Sending log: {'timestamp': '2025-05-31 17:03:08', 'level': 'INFO', 'message': 'Page loaded'}
[2025-05-31T17:03:10.516+0000] {subprocess.py:93} INFO - Sending log: {'timestamp': '2025-05-31 17:03:10', 'level': 'INFO', 'message': 'Page loaded'}
[2025-05-31T17:03:12.516+0000] {subprocess.py:93} INFO - Sending log: {'timestamp': '2025-05-31 17:03:12', 'level': 'ERROR', 'message': 'Database connection failed'}
[2025-05-31T17:03:14.516+0000] {subprocess.py:93} INFO - Sending log: {'timestamp': '2025-05-31 17:03:14', 'level': 'ERROR', 'message': 'Database connection failed'}
[2025-05-31T17:03:16.517+0000] {subprocess.py:93} INFO - Sending log: {'timestamp': '2025-05-31 17:03:16', 'level': 'WARNING', 'message': 'Slow response time'}
[2025-05-31T17:03:18.517+0000] {subprocess.py:93} INFO - Sending log: {'timestamp': '2025-05-31 17:03:18', 'level': 'WARNING', 'message': 'High memory usage'}
[2025-05-31T17:03:20.518+0000] {subprocess.py:93} INFO - Sending log: {'timestamp': '2025-05-31 17:03:20', 'level': 'INFO', 'message': 'User logged in'}
[2025-05-31T17:03:22.518+0000] {subprocess.py:93} INFO - Sending log: {'timestamp': '2025-05-31 17:03:22', 'level': 'ERROR', 'message': 'Database connection failed'}
[2025-05-31T17:03:24.518+0000] {subprocess.py:93} INFO - Sending log: {'timestamp': '2025-05-31 17:03:24', 'level': 'INFO', 'message': 'Page loaded'}
[2025-05-31T17:03:26.519+0000] {subprocess.py:93} INFO - Sending log: {'timestamp': '2025-05-31 17:03:26', 'level': 'INFO', 'message': 'Search executed'}
[2025-05-31T17:03:28.519+0000] {subprocess.py:93} INFO - Sending log: {'timestamp': '2025-05-31 17:03:28', 'level': 'INFO', 'message': 'Page loaded'}
[2025-05-31T17:03:30.520+0000] {subprocess.py:93} INFO - Sending log: {'timestamp': '2025-05-31 17:03:30', 'level': 'ERROR', 'message': 'Payment gateway timeout'}
[2025-05-31T17:03:32.519+0000] {subprocess.py:93} INFO - Sending log: {'timestamp': '2025-05-31 17:03:32', 'level': 'INFO', 'message': 'User logged in'}
[2025-05-31T17:03:34.519+0000] {subprocess.py:93} INFO - Sending log: {'timestamp': '2025-05-31 17:03:34', 'level': 'WARNING', 'message': 'Slow response time'}
[2025-05-31T17:03:36.520+0000] {subprocess.py:93} INFO - Sending log: {'timestamp': '2025-05-31 17:03:36', 'level': 'WARNING', 'message': 'High memory usage'}
[2025-05-31T17:03:38.520+0000] {subprocess.py:93} INFO - Sending log: {'timestamp': '2025-05-31 17:03:38', 'level': 'WARNING', 'message': 'High memory usage'}
[2025-05-31T17:03:40.520+0000] {subprocess.py:93} INFO - Sending log: {'timestamp': '2025-05-31 17:03:40', 'level': 'WARNING', 'message': 'Slow response time'}
[2025-05-31T17:03:42.521+0000] {subprocess.py:93} INFO - Sending log: {'timestamp': '2025-05-31 17:03:42', 'level': 'ERROR', 'message': 'Payment gateway timeout'}
[2025-05-31T17:03:44.521+0000] {subprocess.py:93} INFO - Sending log: {'timestamp': '2025-05-31 17:03:44', 'level': 'ERROR', 'message': 'Database connection failed'}
[2025-05-31T17:03:46.522+0000] {subprocess.py:93} INFO - Sending log: {'timestamp': '2025-05-31 17:03:46', 'level': 'ERROR', 'message': 'Payment gateway timeout'}
[2025-05-31T17:03:48.522+0000] {subprocess.py:93} INFO - Sending log: {'timestamp': '2025-05-31 17:03:48', 'level': 'INFO', 'message': 'Page loaded'}
[2025-05-31T17:03:50.522+0000] {subprocess.py:93} INFO - Sending log: {'timestamp': '2025-05-31 17:03:50', 'level': 'INFO', 'message': 'Page loaded'}
[2025-05-31T17:03:52.523+0000] {subprocess.py:93} INFO - Sending log: {'timestamp': '2025-05-31 17:03:52', 'level': 'INFO', 'message': 'User logged in'}
[2025-05-31T17:03:54.523+0000] {subprocess.py:93} INFO - Sending log: {'timestamp': '2025-05-31 17:03:54', 'level': 'WARNING', 'message': 'Slow response time'}
[2025-05-31T17:03:56.524+0000] {subprocess.py:93} INFO - Sending log: {'timestamp': '2025-05-31 17:03:56', 'level': 'ERROR', 'message': 'Payment gateway timeout'}
[2025-05-31T17:03:58.524+0000] {subprocess.py:93} INFO - Sending log: {'timestamp': '2025-05-31 17:03:58', 'level': 'INFO', 'message': 'Search executed'}
[2025-05-31T17:04:00.525+0000] {subprocess.py:93} INFO - Sending log: {'timestamp': '2025-05-31 17:04:00', 'level': 'WARNING', 'message': 'High memory usage'}
[2025-05-31T17:04:02.523+0000] {subprocess.py:93} INFO - Sending log: {'timestamp': '2025-05-31 17:04:02', 'level': 'INFO', 'message': 'Page loaded'}
[2025-05-31T17:04:04.523+0000] {subprocess.py:93} INFO - Sending log: {'timestamp': '2025-05-31 17:04:04', 'level': 'ERROR', 'message': 'Payment gateway timeout'}
[2025-05-31T17:04:06.524+0000] {subprocess.py:93} INFO - Sending log: {'timestamp': '2025-05-31 17:04:06', 'level': 'INFO', 'message': 'User logged in'}
[2025-05-31T17:04:08.524+0000] {subprocess.py:93} INFO - Sending log: {'timestamp': '2025-05-31 17:04:08', 'level': 'WARNING', 'message': 'Slow response time'}
[2025-05-31T17:04:10.525+0000] {subprocess.py:93} INFO - Sending log: {'timestamp': '2025-05-31 17:04:10', 'level': 'WARNING', 'message': 'High memory usage'}
[2025-05-31T17:04:12.525+0000] {subprocess.py:93} INFO - Sending log: {'timestamp': '2025-05-31 17:04:12', 'level': 'WARNING', 'message': 'Slow response time'}
[2025-05-31T17:04:14.526+0000] {subprocess.py:93} INFO - Sending log: {'timestamp': '2025-05-31 17:04:14', 'level': 'WARNING', 'message': 'Slow response time'}
[2025-05-31T17:04:16.526+0000] {subprocess.py:93} INFO - Sending log: {'timestamp': '2025-05-31 17:04:16', 'level': 'INFO', 'message': 'Search executed'}
[2025-05-31T17:04:18.527+0000] {subprocess.py:93} INFO - Sending log: {'timestamp': '2025-05-31 17:04:18', 'level': 'WARNING', 'message': 'High memory usage'}
[2025-05-31T17:04:20.527+0000] {subprocess.py:93} INFO - Sending log: {'timestamp': '2025-05-31 17:04:20', 'level': 'WARNING', 'message': 'High memory usage'}
[2025-05-31T17:04:22.527+0000] {subprocess.py:93} INFO - Sending log: {'timestamp': '2025-05-31 17:04:22', 'level': 'ERROR', 'message': 'Payment gateway timeout'}
[2025-05-31T17:04:24.528+0000] {subprocess.py:93} INFO - Sending log: {'timestamp': '2025-05-31 17:04:24', 'level': 'ERROR', 'message': 'Database connection failed'}
[2025-05-31T17:04:26.528+0000] {subprocess.py:93} INFO - Sending log: {'timestamp': '2025-05-31 17:04:26', 'level': 'ERROR', 'message': 'Database connection failed'}
[2025-05-31T17:04:28.529+0000] {subprocess.py:93} INFO - Sending log: {'timestamp': '2025-05-31 17:04:28', 'level': 'ERROR', 'message': 'Database connection failed'}
[2025-05-31T17:04:30.529+0000] {subprocess.py:93} INFO - Sending log: {'timestamp': '2025-05-31 17:04:30', 'level': 'INFO', 'message': 'Search executed'}
[2025-05-31T17:04:32.528+0000] {subprocess.py:93} INFO - Sending log: {'timestamp': '2025-05-31 17:04:32', 'level': 'WARNING', 'message': 'High memory usage'}
[2025-05-31T17:04:34.528+0000] {subprocess.py:93} INFO - Sending log: {'timestamp': '2025-05-31 17:04:34', 'level': 'INFO', 'message': 'Page loaded'}
[2025-05-31T17:04:36.529+0000] {subprocess.py:93} INFO - Sending log: {'timestamp': '2025-05-31 17:04:36', 'level': 'ERROR', 'message': 'Database connection failed'}
[2025-05-31T17:04:38.529+0000] {subprocess.py:93} INFO - Sending log: {'timestamp': '2025-05-31 17:04:38', 'level': 'WARNING', 'message': 'Slow response time'}
[2025-05-31T17:04:40.530+0000] {subprocess.py:93} INFO - Sending log: {'timestamp': '2025-05-31 17:04:40', 'level': 'WARNING', 'message': 'Slow response time'}
[2025-05-31T17:04:42.530+0000] {subprocess.py:93} INFO - Sending log: {'timestamp': '2025-05-31 17:04:42', 'level': 'WARNING', 'message': 'High memory usage'}
[2025-05-31T17:04:44.531+0000] {subprocess.py:93} INFO - Sending log: {'timestamp': '2025-05-31 17:04:44', 'level': 'ERROR', 'message': 'Payment gateway timeout'}
[2025-05-31T17:04:46.531+0000] {subprocess.py:93} INFO - Sending log: {'timestamp': '2025-05-31 17:04:46', 'level': 'ERROR', 'message': 'Database connection failed'}
[2025-05-31T17:04:48.531+0000] {subprocess.py:93} INFO - Sending log: {'timestamp': '2025-05-31 17:04:48', 'level': 'WARNING', 'message': 'Slow response time'}
[2025-05-31T17:04:50.532+0000] {subprocess.py:93} INFO - Sending log: {'timestamp': '2025-05-31 17:04:50', 'level': 'WARNING', 'message': 'Slow response time'}
[2025-05-31T17:04:52.532+0000] {subprocess.py:93} INFO - Sending log: {'timestamp': '2025-05-31 17:04:52', 'level': 'INFO', 'message': 'Search executed'}
[2025-05-31T17:04:54.533+0000] {subprocess.py:93} INFO - Sending log: {'timestamp': '2025-05-31 17:04:54', 'level': 'ERROR', 'message': 'Payment gateway timeout'}
[2025-05-31T17:04:56.533+0000] {subprocess.py:93} INFO - Sending log: {'timestamp': '2025-05-31 17:04:56', 'level': 'INFO', 'message': 'Search executed'}
[2025-05-31T17:04:58.533+0000] {subprocess.py:93} INFO - Sending log: {'timestamp': '2025-05-31 17:04:58', 'level': 'INFO', 'message': 'User logged in'}
[2025-05-31T17:05:00.534+0000] {subprocess.py:93} INFO - Sending log: {'timestamp': '2025-05-31 17:05:00', 'level': 'ERROR', 'message': 'Database connection failed'}
[2025-05-31T17:05:02.533+0000] {subprocess.py:93} INFO - Sending log: {'timestamp': '2025-05-31 17:05:02', 'level': 'WARNING', 'message': 'High memory usage'}
[2025-05-31T17:05:04.533+0000] {subprocess.py:93} INFO - Sending log: {'timestamp': '2025-05-31 17:05:04', 'level': 'ERROR', 'message': 'Database connection failed'}
[2025-05-31T17:05:06.533+0000] {subprocess.py:93} INFO - Sending log: {'timestamp': '2025-05-31 17:05:06', 'level': 'WARNING', 'message': 'High memory usage'}
[2025-05-31T17:05:08.534+0000] {subprocess.py:93} INFO - Sending log: {'timestamp': '2025-05-31 17:05:08', 'level': 'ERROR', 'message': 'Database connection failed'}
[2025-05-31T17:05:10.534+0000] {subprocess.py:93} INFO - Sending log: {'timestamp': '2025-05-31 17:05:10', 'level': 'INFO', 'message': 'Page loaded'}
[2025-05-31T17:05:12.535+0000] {subprocess.py:93} INFO - Sending log: {'timestamp': '2025-05-31 17:05:12', 'level': 'ERROR', 'message': 'Database connection failed'}
[2025-05-31T17:05:14.535+0000] {subprocess.py:93} INFO - Sending log: {'timestamp': '2025-05-31 17:05:14', 'level': 'ERROR', 'message': 'Database connection failed'}
[2025-05-31T17:05:16.536+0000] {subprocess.py:93} INFO - Sending log: {'timestamp': '2025-05-31 17:05:16', 'level': 'INFO', 'message': 'Search executed'}
[2025-05-31T17:05:18.536+0000] {subprocess.py:93} INFO - Sending log: {'timestamp': '2025-05-31 17:05:18', 'level': 'ERROR', 'message': 'Payment gateway timeout'}
[2025-05-31T17:05:20.536+0000] {subprocess.py:93} INFO - Sending log: {'timestamp': '2025-05-31 17:05:20', 'level': 'INFO', 'message': 'User logged in'}
[2025-05-31T17:05:22.537+0000] {subprocess.py:93} INFO - Sending log: {'timestamp': '2025-05-31 17:05:22', 'level': 'INFO', 'message': 'Page loaded'}
[2025-05-31T17:05:24.537+0000] {subprocess.py:93} INFO - Sending log: {'timestamp': '2025-05-31 17:05:24', 'level': 'WARNING', 'message': 'Slow response time'}
[2025-05-31T17:05:26.538+0000] {subprocess.py:93} INFO - Sending log: {'timestamp': '2025-05-31 17:05:26', 'level': 'ERROR', 'message': 'Database connection failed'}
[2025-05-31T17:05:28.538+0000] {subprocess.py:93} INFO - Sending log: {'timestamp': '2025-05-31 17:05:28', 'level': 'WARNING', 'message': 'Slow response time'}
[2025-05-31T17:05:30.539+0000] {subprocess.py:93} INFO - Sending log: {'timestamp': '2025-05-31 17:05:30', 'level': 'INFO', 'message': 'Search executed'}
[2025-05-31T17:05:32.538+0000] {subprocess.py:93} INFO - Sending log: {'timestamp': '2025-05-31 17:05:32', 'level': 'WARNING', 'message': 'High memory usage'}
[2025-05-31T17:05:34.538+0000] {subprocess.py:93} INFO - Sending log: {'timestamp': '2025-05-31 17:05:34', 'level': 'INFO', 'message': 'Search executed'}
[2025-05-31T17:05:36.539+0000] {subprocess.py:93} INFO - Sending log: {'timestamp': '2025-05-31 17:05:36', 'level': 'WARNING', 'message': 'Slow response time'}
[2025-05-31T17:05:38.539+0000] {subprocess.py:93} INFO - Sending log: {'timestamp': '2025-05-31 17:05:38', 'level': 'ERROR', 'message': 'Database connection failed'}
[2025-05-31T17:05:40.540+0000] {subprocess.py:93} INFO - Sending log: {'timestamp': '2025-05-31 17:05:40', 'level': 'INFO', 'message': 'User logged in'}
[2025-05-31T17:05:42.540+0000] {subprocess.py:93} INFO - Sending log: {'timestamp': '2025-05-31 17:05:42', 'level': 'WARNING', 'message': 'Slow response time'}
[2025-05-31T17:05:44.540+0000] {subprocess.py:93} INFO - Sending log: {'timestamp': '2025-05-31 17:05:44', 'level': 'INFO', 'message': 'Search executed'}
[2025-05-31T17:05:46.541+0000] {subprocess.py:93} INFO - Sending log: {'timestamp': '2025-05-31 17:05:46', 'level': 'WARNING', 'message': 'High memory usage'}
[2025-05-31T17:05:48.620+0000] {subprocess.py:93} INFO - Sending log: {'timestamp': '2025-05-31 17:05:48', 'level': 'WARNING', 'message': 'Slow response time'}
[2025-05-31T17:05:50.621+0000] {subprocess.py:93} INFO - Sending log: {'timestamp': '2025-05-31 17:05:50', 'level': 'INFO', 'message': 'Page loaded'}
[2025-05-31T17:05:52.621+0000] {subprocess.py:93} INFO - Sending log: {'timestamp': '2025-05-31 17:05:52', 'level': 'ERROR', 'message': 'Database connection failed'}
[2025-05-31T17:05:54.622+0000] {subprocess.py:93} INFO - Sending log: {'timestamp': '2025-05-31 17:05:54', 'level': 'INFO', 'message': 'User logged in'}
[2025-05-31T17:05:56.622+0000] {subprocess.py:93} INFO - Sending log: {'timestamp': '2025-05-31 17:05:56', 'level': 'WARNING', 'message': 'High memory usage'}
[2025-05-31T17:05:58.622+0000] {subprocess.py:93} INFO - Sending log: {'timestamp': '2025-05-31 17:05:58', 'level': 'ERROR', 'message': 'Payment gateway timeout'}
[2025-05-31T17:06:00.623+0000] {subprocess.py:93} INFO - Sending log: {'timestamp': '2025-05-31 17:06:00', 'level': 'WARNING', 'message': 'Slow response time'}
[2025-05-31T17:06:02.621+0000] {subprocess.py:93} INFO - Sending log: {'timestamp': '2025-05-31 17:06:02', 'level': 'ERROR', 'message': 'Payment gateway timeout'}
[2025-05-31T17:06:04.622+0000] {subprocess.py:93} INFO - Sending log: {'timestamp': '2025-05-31 17:06:04', 'level': 'INFO', 'message': 'User logged in'}
[2025-05-31T17:06:06.622+0000] {subprocess.py:93} INFO - Sending log: {'timestamp': '2025-05-31 17:06:06', 'level': 'WARNING', 'message': 'High memory usage'}
[2025-05-31T17:06:08.623+0000] {subprocess.py:93} INFO - Sending log: {'timestamp': '2025-05-31 17:06:08', 'level': 'WARNING', 'message': 'High memory usage'}
[2025-05-31T17:06:10.623+0000] {subprocess.py:93} INFO - Sending log: {'timestamp': '2025-05-31 17:06:10', 'level': 'INFO', 'message': 'Search executed'}
[2025-05-31T17:06:12.623+0000] {subprocess.py:93} INFO - Sending log: {'timestamp': '2025-05-31 17:06:12', 'level': 'INFO', 'message': 'Page loaded'}
[2025-05-31T17:06:14.624+0000] {subprocess.py:93} INFO - Sending log: {'timestamp': '2025-05-31 17:06:14', 'level': 'INFO', 'message': 'User logged in'}
[2025-05-31T17:06:16.624+0000] {subprocess.py:93} INFO - Sending log: {'timestamp': '2025-05-31 17:06:16', 'level': 'WARNING', 'message': 'High memory usage'}
[2025-05-31T17:06:18.625+0000] {subprocess.py:93} INFO - Sending log: {'timestamp': '2025-05-31 17:06:18', 'level': 'ERROR', 'message': 'Database connection failed'}
[2025-05-31T17:06:20.625+0000] {subprocess.py:93} INFO - Sending log: {'timestamp': '2025-05-31 17:06:20', 'level': 'ERROR', 'message': 'Payment gateway timeout'}
[2025-05-31T17:06:22.626+0000] {subprocess.py:93} INFO - Sending log: {'timestamp': '2025-05-31 17:06:22', 'level': 'INFO', 'message': 'Page loaded'}
[2025-05-31T17:06:24.626+0000] {subprocess.py:93} INFO - Sending log: {'timestamp': '2025-05-31 17:06:24', 'level': 'INFO', 'message': 'User logged in'}
[2025-05-31T17:06:26.627+0000] {subprocess.py:93} INFO - Sending log: {'timestamp': '2025-05-31 17:06:26', 'level': 'INFO', 'message': 'Search executed'}
[2025-05-31T17:06:28.627+0000] {subprocess.py:93} INFO - Sending log: {'timestamp': '2025-05-31 17:06:28', 'level': 'WARNING', 'message': 'Slow response time'}
[2025-05-31T17:06:30.627+0000] {subprocess.py:93} INFO - Sending log: {'timestamp': '2025-05-31 17:06:30', 'level': 'INFO', 'message': 'Search executed'}
[2025-05-31T17:06:32.626+0000] {subprocess.py:93} INFO - Sending log: {'timestamp': '2025-05-31 17:06:32', 'level': 'INFO', 'message': 'Page loaded'}
[2025-05-31T17:06:34.627+0000] {subprocess.py:93} INFO - Sending log: {'timestamp': '2025-05-31 17:06:34', 'level': 'ERROR', 'message': 'Payment gateway timeout'}
[2025-05-31T17:06:36.627+0000] {subprocess.py:93} INFO - Sending log: {'timestamp': '2025-05-31 17:06:36', 'level': 'WARNING', 'message': 'High memory usage'}
[2025-05-31T17:06:38.628+0000] {subprocess.py:93} INFO - Sending log: {'timestamp': '2025-05-31 17:06:38', 'level': 'ERROR', 'message': 'Database connection failed'}
[2025-05-31T17:06:40.628+0000] {subprocess.py:93} INFO - Sending log: {'timestamp': '2025-05-31 17:06:40', 'level': 'INFO', 'message': 'User logged in'}
[2025-05-31T17:06:42.629+0000] {subprocess.py:93} INFO - Sending log: {'timestamp': '2025-05-31 17:06:42', 'level': 'ERROR', 'message': 'Payment gateway timeout'}
[2025-05-31T17:06:44.629+0000] {subprocess.py:93} INFO - Sending log: {'timestamp': '2025-05-31 17:06:44', 'level': 'ERROR', 'message': 'Database connection failed'}
[2025-05-31T17:06:46.630+0000] {subprocess.py:93} INFO - Sending log: {'timestamp': '2025-05-31 17:06:46', 'level': 'INFO', 'message': 'User logged in'}
[2025-05-31T17:06:48.630+0000] {subprocess.py:93} INFO - Sending log: {'timestamp': '2025-05-31 17:06:48', 'level': 'INFO', 'message': 'Search executed'}
[2025-05-31T17:06:50.630+0000] {subprocess.py:93} INFO - Sending log: {'timestamp': '2025-05-31 17:06:50', 'level': 'ERROR', 'message': 'Payment gateway timeout'}
[2025-05-31T17:06:52.631+0000] {subprocess.py:93} INFO - Sending log: {'timestamp': '2025-05-31 17:06:52', 'level': 'WARNING', 'message': 'High memory usage'}
[2025-05-31T17:06:54.631+0000] {subprocess.py:93} INFO - Sending log: {'timestamp': '2025-05-31 17:06:54', 'level': 'WARNING', 'message': 'High memory usage'}
[2025-05-31T17:06:56.632+0000] {subprocess.py:93} INFO - Sending log: {'timestamp': '2025-05-31 17:06:56', 'level': 'INFO', 'message': 'Search executed'}
[2025-05-31T17:06:58.632+0000] {subprocess.py:93} INFO - Sending log: {'timestamp': '2025-05-31 17:06:58', 'level': 'WARNING', 'message': 'High memory usage'}
[2025-05-31T17:07:00.632+0000] {subprocess.py:93} INFO - Sending log: {'timestamp': '2025-05-31 17:07:00', 'level': 'ERROR', 'message': 'Database connection failed'}
[2025-05-31T17:07:02.631+0000] {subprocess.py:93} INFO - Sending log: {'timestamp': '2025-05-31 17:07:02', 'level': 'WARNING', 'message': 'Slow response time'}
[2025-05-31T17:07:04.632+0000] {subprocess.py:93} INFO - Sending log: {'timestamp': '2025-05-31 17:07:04', 'level': 'ERROR', 'message': 'Payment gateway timeout'}
[2025-05-31T17:07:06.632+0000] {subprocess.py:93} INFO - Sending log: {'timestamp': '2025-05-31 17:07:06', 'level': 'ERROR', 'message': 'Payment gateway timeout'}
[2025-05-31T17:07:08.633+0000] {subprocess.py:93} INFO - Sending log: {'timestamp': '2025-05-31 17:07:08', 'level': 'WARNING', 'message': 'High memory usage'}
[2025-05-31T17:07:10.633+0000] {subprocess.py:93} INFO - Sending log: {'timestamp': '2025-05-31 17:07:10', 'level': 'ERROR', 'message': 'Payment gateway timeout'}
[2025-05-31T17:07:12.634+0000] {subprocess.py:93} INFO - Sending log: {'timestamp': '2025-05-31 17:07:12', 'level': 'ERROR', 'message': 'Payment gateway timeout'}
[2025-05-31T17:07:14.634+0000] {subprocess.py:93} INFO - Sending log: {'timestamp': '2025-05-31 17:07:14', 'level': 'INFO', 'message': 'User logged in'}
[2025-05-31T17:07:16.634+0000] {subprocess.py:93} INFO - Sending log: {'timestamp': '2025-05-31 17:07:16', 'level': 'INFO', 'message': 'Search executed'}
[2025-05-31T17:07:18.635+0000] {subprocess.py:93} INFO - Sending log: {'timestamp': '2025-05-31 17:07:18', 'level': 'ERROR', 'message': 'Database connection failed'}
[2025-05-31T17:07:20.635+0000] {subprocess.py:93} INFO - Sending log: {'timestamp': '2025-05-31 17:07:20', 'level': 'ERROR', 'message': 'Payment gateway timeout'}
[2025-05-31T17:07:22.636+0000] {subprocess.py:93} INFO - Sending log: {'timestamp': '2025-05-31 17:07:22', 'level': 'ERROR', 'message': 'Payment gateway timeout'}
[2025-05-31T17:07:24.636+0000] {subprocess.py:93} INFO - Sending log: {'timestamp': '2025-05-31 17:07:24', 'level': 'INFO', 'message': 'Search executed'}
[2025-05-31T17:07:26.637+0000] {subprocess.py:93} INFO - Sending log: {'timestamp': '2025-05-31 17:07:26', 'level': 'INFO', 'message': 'Page loaded'}
[2025-05-31T17:07:28.637+0000] {subprocess.py:93} INFO - Sending log: {'timestamp': '2025-05-31 17:07:28', 'level': 'ERROR', 'message': 'Database connection failed'}
[2025-05-31T17:07:30.637+0000] {subprocess.py:93} INFO - Sending log: {'timestamp': '2025-05-31 17:07:30', 'level': 'WARNING', 'message': 'Slow response time'}
[2025-05-31T17:07:32.636+0000] {subprocess.py:93} INFO - Sending log: {'timestamp': '2025-05-31 17:07:32', 'level': 'WARNING', 'message': 'Slow response time'}
[2025-05-31T17:07:34.637+0000] {subprocess.py:93} INFO - Sending log: {'timestamp': '2025-05-31 17:07:34', 'level': 'INFO', 'message': 'Search executed'}
[2025-05-31T17:07:36.637+0000] {subprocess.py:93} INFO - Sending log: {'timestamp': '2025-05-31 17:07:36', 'level': 'INFO', 'message': 'Search executed'}
[2025-05-31T17:07:38.637+0000] {subprocess.py:93} INFO - Sending log: {'timestamp': '2025-05-31 17:07:38', 'level': 'WARNING', 'message': 'Slow response time'}
[2025-05-31T17:07:40.638+0000] {subprocess.py:93} INFO - Sending log: {'timestamp': '2025-05-31 17:07:40', 'level': 'INFO', 'message': 'Page loaded'}
[2025-05-31T17:07:42.638+0000] {subprocess.py:93} INFO - Sending log: {'timestamp': '2025-05-31 17:07:42', 'level': 'ERROR', 'message': 'Database connection failed'}
[2025-05-31T17:07:44.639+0000] {subprocess.py:93} INFO - Sending log: {'timestamp': '2025-05-31 17:07:44', 'level': 'WARNING', 'message': 'Slow response time'}
[2025-05-31T17:07:46.639+0000] {subprocess.py:93} INFO - Sending log: {'timestamp': '2025-05-31 17:07:46', 'level': 'INFO', 'message': 'Search executed'}
[2025-05-31T17:07:48.640+0000] {subprocess.py:93} INFO - Sending log: {'timestamp': '2025-05-31 17:07:48', 'level': 'WARNING', 'message': 'Slow response time'}
[2025-05-31T17:07:50.640+0000] {subprocess.py:93} INFO - Sending log: {'timestamp': '2025-05-31 17:07:50', 'level': 'INFO', 'message': 'Page loaded'}
[2025-05-31T17:07:52.640+0000] {subprocess.py:93} INFO - Sending log: {'timestamp': '2025-05-31 17:07:52', 'level': 'INFO', 'message': 'User logged in'}
[2025-05-31T17:07:54.641+0000] {subprocess.py:93} INFO - Sending log: {'timestamp': '2025-05-31 17:07:54', 'level': 'INFO', 'message': 'User logged in'}
[2025-05-31T17:07:56.641+0000] {subprocess.py:93} INFO - Sending log: {'timestamp': '2025-05-31 17:07:56', 'level': 'INFO', 'message': 'Page loaded'}
[2025-05-31T17:07:58.642+0000] {subprocess.py:93} INFO - Sending log: {'timestamp': '2025-05-31 17:07:58', 'level': 'WARNING', 'message': 'High memory usage'}
[2025-05-31T17:08:00.642+0000] {subprocess.py:93} INFO - Sending log: {'timestamp': '2025-05-31 17:08:00', 'level': 'WARNING', 'message': 'High memory usage'}
[2025-05-31T17:08:02.642+0000] {subprocess.py:93} INFO - Sending log: {'timestamp': '2025-05-31 17:08:02', 'level': 'WARNING', 'message': 'High memory usage'}
[2025-05-31T17:08:04.641+0000] {subprocess.py:93} INFO - Sending log: {'timestamp': '2025-05-31 17:08:04', 'level': 'INFO', 'message': 'Page loaded'}
[2025-05-31T17:08:06.641+0000] {subprocess.py:93} INFO - Sending log: {'timestamp': '2025-05-31 17:08:06', 'level': 'INFO', 'message': 'User logged in'}
[2025-05-31T17:08:08.642+0000] {subprocess.py:93} INFO - Sending log: {'timestamp': '2025-05-31 17:08:08', 'level': 'ERROR', 'message': 'Database connection failed'}
[2025-05-31T17:08:10.642+0000] {subprocess.py:93} INFO - Sending log: {'timestamp': '2025-05-31 17:08:10', 'level': 'WARNING', 'message': 'High memory usage'}
[2025-05-31T17:08:12.643+0000] {subprocess.py:93} INFO - Sending log: {'timestamp': '2025-05-31 17:08:12', 'level': 'WARNING', 'message': 'High memory usage'}
[2025-05-31T17:08:14.643+0000] {subprocess.py:93} INFO - Sending log: {'timestamp': '2025-05-31 17:08:14', 'level': 'INFO', 'message': 'Page loaded'}
[2025-05-31T17:08:16.644+0000] {subprocess.py:93} INFO - Sending log: {'timestamp': '2025-05-31 17:08:16', 'level': 'INFO', 'message': 'Search executed'}
[2025-05-31T17:08:18.644+0000] {subprocess.py:93} INFO - Sending log: {'timestamp': '2025-05-31 17:08:18', 'level': 'WARNING', 'message': 'High memory usage'}
[2025-05-31T17:08:20.645+0000] {subprocess.py:93} INFO - Sending log: {'timestamp': '2025-05-31 17:08:20', 'level': 'ERROR', 'message': 'Database connection failed'}
[2025-05-31T17:08:22.645+0000] {subprocess.py:93} INFO - Sending log: {'timestamp': '2025-05-31 17:08:22', 'level': 'INFO', 'message': 'User logged in'}
[2025-05-31T17:08:24.645+0000] {subprocess.py:93} INFO - Sending log: {'timestamp': '2025-05-31 17:08:24', 'level': 'WARNING', 'message': 'Slow response time'}
[2025-05-31T17:08:26.646+0000] {subprocess.py:93} INFO - Sending log: {'timestamp': '2025-05-31 17:08:26', 'level': 'WARNING', 'message': 'High memory usage'}
[2025-05-31T17:08:28.646+0000] {subprocess.py:93} INFO - Sending log: {'timestamp': '2025-05-31 17:08:28', 'level': 'ERROR', 'message': 'Payment gateway timeout'}
[2025-05-31T17:08:30.647+0000] {subprocess.py:93} INFO - Sending log: {'timestamp': '2025-05-31 17:08:30', 'level': 'WARNING', 'message': 'High memory usage'}
[2025-05-31T17:08:32.647+0000] {subprocess.py:93} INFO - Sending log: {'timestamp': '2025-05-31 17:08:32', 'level': 'ERROR', 'message': 'Database connection failed'}
[2025-05-31T17:08:34.647+0000] {subprocess.py:93} INFO - Sending log: {'timestamp': '2025-05-31 17:08:34', 'level': 'INFO', 'message': 'Search executed'}
[2025-05-31T17:08:36.647+0000] {subprocess.py:93} INFO - Sending log: {'timestamp': '2025-05-31 17:08:36', 'level': 'INFO', 'message': 'Page loaded'}
[2025-05-31T17:08:38.647+0000] {subprocess.py:93} INFO - Sending log: {'timestamp': '2025-05-31 17:08:38', 'level': 'ERROR', 'message': 'Payment gateway timeout'}
[2025-05-31T17:08:40.648+0000] {subprocess.py:93} INFO - Sending log: {'timestamp': '2025-05-31 17:08:40', 'level': 'INFO', 'message': 'User logged in'}
[2025-05-31T17:08:42.648+0000] {subprocess.py:93} INFO - Sending log: {'timestamp': '2025-05-31 17:08:42', 'level': 'INFO', 'message': 'Page loaded'}
[2025-05-31T17:08:44.649+0000] {subprocess.py:93} INFO - Sending log: {'timestamp': '2025-05-31 17:08:44', 'level': 'ERROR', 'message': 'Database connection failed'}
[2025-05-31T17:08:46.649+0000] {subprocess.py:93} INFO - Sending log: {'timestamp': '2025-05-31 17:08:46', 'level': 'ERROR', 'message': 'Database connection failed'}
[2025-05-31T17:08:48.650+0000] {subprocess.py:93} INFO - Sending log: {'timestamp': '2025-05-31 17:08:48', 'level': 'INFO', 'message': 'Search executed'}
[2025-05-31T17:08:50.650+0000] {subprocess.py:93} INFO - Sending log: {'timestamp': '2025-05-31 17:08:50', 'level': 'INFO', 'message': 'Page loaded'}
[2025-05-31T17:08:52.651+0000] {subprocess.py:93} INFO - Sending log: {'timestamp': '2025-05-31 17:08:52', 'level': 'WARNING', 'message': 'High memory usage'}
[2025-05-31T17:08:54.651+0000] {subprocess.py:93} INFO - Sending log: {'timestamp': '2025-05-31 17:08:54', 'level': 'WARNING', 'message': 'Slow response time'}
[2025-05-31T17:08:56.651+0000] {subprocess.py:93} INFO - Sending log: {'timestamp': '2025-05-31 17:08:56', 'level': 'ERROR', 'message': 'Payment gateway timeout'}
[2025-05-31T17:08:58.652+0000] {subprocess.py:93} INFO - Sending log: {'timestamp': '2025-05-31 17:08:58', 'level': 'ERROR', 'message': 'Payment gateway timeout'}
[2025-05-31T17:09:00.652+0000] {subprocess.py:93} INFO - Sending log: {'timestamp': '2025-05-31 17:09:00', 'level': 'WARNING', 'message': 'High memory usage'}
[2025-05-31T17:09:02.653+0000] {subprocess.py:93} INFO - Sending log: {'timestamp': '2025-05-31 17:09:02', 'level': 'ERROR', 'message': 'Payment gateway timeout'}
[2025-05-31T17:09:04.651+0000] {subprocess.py:93} INFO - Sending log: {'timestamp': '2025-05-31 17:09:04', 'level': 'ERROR', 'message': 'Payment gateway timeout'}
[2025-05-31T17:09:06.652+0000] {subprocess.py:93} INFO - Sending log: {'timestamp': '2025-05-31 17:09:06', 'level': 'INFO', 'message': 'Page loaded'}
[2025-05-31T17:09:08.652+0000] {subprocess.py:93} INFO - Sending log: {'timestamp': '2025-05-31 17:09:08', 'level': 'INFO', 'message': 'Search executed'}
[2025-05-31T17:09:10.653+0000] {subprocess.py:93} INFO - Sending log: {'timestamp': '2025-05-31 17:09:10', 'level': 'WARNING', 'message': 'High memory usage'}
[2025-05-31T17:09:12.654+0000] {subprocess.py:93} INFO - Sending log: {'timestamp': '2025-05-31 17:09:12', 'level': 'INFO', 'message': 'User logged in'}
[2025-05-31T17:09:14.654+0000] {subprocess.py:93} INFO - Sending log: {'timestamp': '2025-05-31 17:09:14', 'level': 'WARNING', 'message': 'Slow response time'}
[2025-05-31T17:09:16.722+0000] {subprocess.py:93} INFO - Sending log: {'timestamp': '2025-05-31 17:09:16', 'level': 'INFO', 'message': 'Page loaded'}
[2025-05-31T17:09:18.723+0000] {subprocess.py:93} INFO - Sending log: {'timestamp': '2025-05-31 17:09:18', 'level': 'INFO', 'message': 'Page loaded'}
[2025-05-31T17:09:20.723+0000] {subprocess.py:93} INFO - Sending log: {'timestamp': '2025-05-31 17:09:20', 'level': 'ERROR', 'message': 'Database connection failed'}
[2025-05-31T17:09:22.724+0000] {subprocess.py:93} INFO - Sending log: {'timestamp': '2025-05-31 17:09:22', 'level': 'WARNING', 'message': 'High memory usage'}
[2025-05-31T17:09:24.724+0000] {subprocess.py:93} INFO - Sending log: {'timestamp': '2025-05-31 17:09:24', 'level': 'ERROR', 'message': 'Payment gateway timeout'}
[2025-05-31T17:09:26.724+0000] {subprocess.py:93} INFO - Sending log: {'timestamp': '2025-05-31 17:09:26', 'level': 'WARNING', 'message': 'Slow response time'}
[2025-05-31T17:09:28.725+0000] {subprocess.py:93} INFO - Sending log: {'timestamp': '2025-05-31 17:09:28', 'level': 'INFO', 'message': 'Page loaded'}
[2025-05-31T17:09:30.725+0000] {subprocess.py:93} INFO - Sending log: {'timestamp': '2025-05-31 17:09:30', 'level': 'ERROR', 'message': 'Database connection failed'}
[2025-05-31T17:09:32.724+0000] {subprocess.py:93} INFO - Sending log: {'timestamp': '2025-05-31 17:09:32', 'level': 'INFO', 'message': 'Search executed'}
[2025-05-31T17:09:34.724+0000] {subprocess.py:93} INFO - Sending log: {'timestamp': '2025-05-31 17:09:34', 'level': 'WARNING', 'message': 'Slow response time'}
[2025-05-31T17:09:36.724+0000] {subprocess.py:93} INFO - Sending log: {'timestamp': '2025-05-31 17:09:36', 'level': 'INFO', 'message': 'Page loaded'}
[2025-05-31T17:09:38.725+0000] {subprocess.py:93} INFO - Sending log: {'timestamp': '2025-05-31 17:09:38', 'level': 'WARNING', 'message': 'High memory usage'}
[2025-05-31T17:23:52.318+0000] {subprocess.py:93} INFO - Sending log: {'timestamp': '2025-05-31 17:23:51', 'level': 'WARNING', 'message': 'High memory usage'}
[2025-05-31T17:23:52.323+0000] {job.py:229} INFO - Heartbeat recovered after 857.81 seconds
[2025-05-31T17:23:52.355+0000] {local_task_job_runner.py:228} ERROR - Heartbeat time limit exceeded!
[2025-05-31T17:23:52.357+0000] {local_task_job_runner.py:245} INFO - ::endgroup::
[2025-05-31T17:23:52.364+0000] {process_utils.py:132} INFO - Sending 15 to group 960. PIDs of all processes in the group: [962, 960]
[2025-05-31T17:23:52.367+0000] {process_utils.py:87} INFO - Sending the signal 15 to group 960
[2025-05-31T17:23:52.371+0000] {taskinstance.py:3092} ERROR - Received SIGTERM. Terminating subprocesses.
[2025-05-31T17:23:52.373+0000] {subprocess.py:104} INFO - Sending SIGTERM signal to process group
[2025-05-31T17:23:52.433+0000] {taskinstance.py:3310} ERROR - Task failed with exception
Traceback (most recent call last):
  File "/home/airflow/.local/lib/python3.12/site-packages/airflow/models/taskinstance.py", line 767, in _execute_task
    result = _execute_callable(context=context, **execute_callable_kwargs)
             ^^^^^^^^^^^^^^^^^^^^^^^^^^^^^^^^^^^^^^^^^^^^^^^^^^^^^^^^^^^^^
  File "/home/airflow/.local/lib/python3.12/site-packages/airflow/models/taskinstance.py", line 733, in _execute_callable
    return ExecutionCallableRunner(
           ^^^^^^^^^^^^^^^^^^^^^^^^
  File "/home/airflow/.local/lib/python3.12/site-packages/airflow/utils/operator_helpers.py", line 252, in run
    return self.func(*args, **kwargs)
           ^^^^^^^^^^^^^^^^^^^^^^^^^^
  File "/home/airflow/.local/lib/python3.12/site-packages/airflow/models/baseoperator.py", line 406, in wrapper
    return func(self, *args, **kwargs)
           ^^^^^^^^^^^^^^^^^^^^^^^^^^^
  File "/home/airflow/.local/lib/python3.12/site-packages/airflow/operators/bash.py", line 240, in execute
    result = self.subprocess_hook.run_command(
             ^^^^^^^^^^^^^^^^^^^^^^^^^^^^^^^^^
  File "/home/airflow/.local/lib/python3.12/site-packages/airflow/hooks/subprocess.py", line 91, in run_command
    for raw_line in iter(self.sub_process.stdout.readline, b""):
                    ^^^^^^^^^^^^^^^^^^^^^^^^^^^^^^^^^^^^^^^^^^^
  File "/home/airflow/.local/lib/python3.12/site-packages/airflow/models/taskinstance.py", line 3094, in signal_handler
    raise AirflowTaskTerminated("Task received SIGTERM signal")
airflow.exceptions.AirflowTaskTerminated: Task received SIGTERM signal
[2025-05-31T17:23:53.349+0000] {taskinstance.py:1225} INFO - Marking task as FAILED. dag_id=log_monitoring_dag, task_id=start_log_producer, run_id=scheduled__2025-05-31T16:40:00+00:00, execution_date=20250531T164000, start_date=20250531T170028, end_date=20250531T172353
[2025-05-31T17:23:53.398+0000] {taskinstance.py:340} INFO - ::group::Post task execution logs
[2025-05-31T17:23:53.490+0000] {process_utils.py:80} INFO - Process psutil.Process(pid=960, status='terminated', exitcode=2, started='17:00:28') (960) terminated with exit code 2
[2025-05-31T17:23:53.491+0000] {process_utils.py:80} INFO - Process psutil.Process(pid=962, status='terminated', started='17:00:28') (962) terminated with exit code None
