[2025-05-31T23:02:38.288+0000] {local_task_job_runner.py:123} INFO - ::group::Pre task execution logs
[2025-05-31T23:03:28.011+0000] {taskinstance.py:2612} INFO - Dependencies all met for dep_context=non-requeueable deps ti=<TaskInstance: log_monitoring_dag.start_log_producer scheduled__2025-05-31T19:35:00+00:00 [queued]>
[2025-05-31T23:03:32.118+0000] {taskinstance.py:2612} INFO - Dependencies all met for dep_context=requeueable deps ti=<TaskInstance: log_monitoring_dag.start_log_producer scheduled__2025-05-31T19:35:00+00:00 [queued]>
[2025-05-31T23:03:32.301+0000] {taskinstance.py:2865} INFO - Starting attempt 2 of 2
[2025-05-31T23:03:35.112+0000] {taskinstance.py:2888} INFO - Executing <Task(BashOperator): start_log_producer> on 2025-05-31 19:35:00+00:00
[2025-05-31T23:03:40.575+0000] {logging_mixin.py:190} WARNING - /home/***/.local/lib/python3.12/site-packages/***/task/task_runner/standard_task_runner.py:70 DeprecationWarning: This process (pid=1140) is multi-threaded, use of fork() may lead to deadlocks in the child.
[2025-05-31T23:03:49.063+0000] {standard_task_runner.py:72} INFO - Started process 1177 to run task
[2025-05-31T23:03:56.946+0000] {standard_task_runner.py:104} INFO - Running: ['***', 'tasks', 'run', 'log_monitoring_dag', 'start_log_producer', 'scheduled__2025-05-31T19:35:00+00:00', '--job-id', '48', '--raw', '--subdir', 'DAGS_FOLDER/log_monitoring_dag.py', '--cfg-path', '/tmp/tmpjgju1haq']
[2025-05-31T23:04:04.936+0000] {standard_task_runner.py:105} INFO - Job 48: Subtask start_log_producer
[2025-05-31T23:05:32.134+0000] {logging_mixin.py:190} WARNING - /home/***/.local/lib/python3.12/site-packages/***/settings.py:209 DeprecationWarning: The sql_alchemy_conn option in [core] has been moved to the sql_alchemy_conn option in [database] - the old setting has been used, but please update your config.
[2025-05-31T23:06:24.971+0000] {job.py:229} INFO - Heartbeat recovered after 264.36 seconds
[2025-05-31T23:06:59.207+0000] {task_command.py:467} INFO - Running <TaskInstance: log_monitoring_dag.start_log_producer scheduled__2025-05-31T19:35:00+00:00 [running]> on host fcc5407a0544
[2025-05-31T23:07:07.249+0000] {logging_mixin.py:190} WARNING - /home/***/.local/lib/python3.12/site-packages/***/settings.py:470 DeprecationWarning: The sql_alchemy_conn option in [core] has been moved to the sql_alchemy_conn option in [database] - the old setting has been used, but please update your config.
[2025-05-31T23:07:10.524+0000] {job.py:229} INFO - Heartbeat recovered after 54.13 seconds
[2025-05-31T23:07:54.822+0000] {taskinstance.py:3131} INFO - Exporting env vars: AIRFLOW_CTX_DAG_OWNER='***' AIRFLOW_CTX_DAG_ID='log_monitoring_dag' AIRFLOW_CTX_TASK_ID='start_log_producer' AIRFLOW_CTX_EXECUTION_DATE='2025-05-31T19:35:00+00:00' AIRFLOW_CTX_TRY_NUMBER='2' AIRFLOW_CTX_DAG_RUN_ID='scheduled__2025-05-31T19:35:00+00:00'
[2025-05-31T23:07:54.825+0000] {taskinstance.py:731} INFO - ::endgroup::
[2025-05-31T23:08:08.515+0000] {job.py:229} INFO - Heartbeat recovered after 60.78 seconds
[2025-05-31T23:08:18.046+0000] {job.py:229} INFO - Heartbeat recovered after 12.67 seconds
[2025-05-31T23:08:30.955+0000] {job.py:229} INFO - Heartbeat recovered after 13.27 seconds
[2025-05-31T23:08:33.799+0000] {subprocess.py:63} INFO - Tmp dir root location: /tmp
[2025-05-31T23:08:43.180+0000] {subprocess.py:75} INFO - Running command: ['/usr/bin/bash', '-c', 'cd /opt/***/app && python -u log_producer.py']
[2025-05-31T23:08:51.134+0000] {subprocess.py:86} INFO - Output:
[2025-05-31T23:09:20.765+0000] {job.py:229} INFO - Heartbeat recovered after 50.50 seconds
[2025-05-31T23:09:35.263+0000] {job.py:229} INFO - Heartbeat recovered after 15.04 seconds
[2025-05-31T23:09:49.236+0000] {job.py:229} INFO - Heartbeat recovered after 14.46 seconds
[2025-05-31T23:10:14.674+0000] {job.py:229} INFO - Heartbeat recovered after 19.98 seconds
[2025-05-31T23:10:47.083+0000] {job.py:229} INFO - Heartbeat recovered after 33.41 seconds
[2025-05-31T23:11:23.983+0000] {job.py:229} INFO - Heartbeat recovered after 31.42 seconds
[2025-05-31T23:11:43.067+0000] {job.py:229} INFO - Heartbeat recovered after 24.14 seconds
[2025-05-31T23:11:54.661+0000] {job.py:229} INFO - Heartbeat recovered after 12.34 seconds
[2025-05-31T23:12:17.269+0000] {job.py:229} INFO - Heartbeat recovered after 15.85 seconds
[2025-05-31T23:12:32.272+0000] {job.py:229} INFO - Heartbeat recovered after 16.07 seconds
[2025-05-31T23:12:40.306+0000] {subprocess.py:93} INFO - Traceback (most recent call last):
[2025-05-31T23:12:40.349+0000] {subprocess.py:93} INFO -   File "/opt/***/app/log_producer.py", line 7, in <module>
[2025-05-31T23:12:40.425+0000] {subprocess.py:93} INFO -     producer = KafkaProducer(
[2025-05-31T23:12:40.426+0000] {subprocess.py:93} INFO -                ^^^^^^^^^^^^^^
[2025-05-31T23:12:40.429+0000] {subprocess.py:93} INFO -   File "/home/***/.local/lib/python3.12/site-packages/kafka/producer/kafka.py", line 481, in __init__
[2025-05-31T23:12:40.900+0000] {subprocess.py:93} INFO -     client = self.config['kafka_client'](
[2025-05-31T23:12:41.333+0000] {subprocess.py:93} INFO -              ^^^^^^^^^^^^^^^^^^^^^^^^^^^^
[2025-05-31T23:12:41.361+0000] {subprocess.py:93} INFO -   File "/home/***/.local/lib/python3.12/site-packages/kafka/client_async.py", line 262, in __init__
[2025-05-31T23:12:41.398+0000] {subprocess.py:93} INFO -     self.config['api_version'] = self.check_version()
[2025-05-31T23:12:41.399+0000] {subprocess.py:93} INFO -                                  ^^^^^^^^^^^^^^^^^^^^
[2025-05-31T23:12:41.419+0000] {subprocess.py:93} INFO -   File "/home/***/.local/lib/python3.12/site-packages/kafka/client_async.py", line 1074, in check_version
[2025-05-31T23:12:41.421+0000] {subprocess.py:93} INFO -     raise Errors.NoBrokersAvailable()
[2025-05-31T23:12:41.425+0000] {subprocess.py:93} INFO - kafka.errors.NoBrokersAvailable: NoBrokersAvailable
[2025-05-31T23:12:41.509+0000] {subprocess.py:97} INFO - Command exited with return code 1
[2025-05-31T23:12:42.920+0000] {taskinstance.py:3310} ERROR - Task failed with exception
Traceback (most recent call last):
  File "/home/airflow/.local/lib/python3.12/site-packages/airflow/models/taskinstance.py", line 767, in _execute_task
    result = _execute_callable(context=context, **execute_callable_kwargs)
             ^^^^^^^^^^^^^^^^^^^^^^^^^^^^^^^^^^^^^^^^^^^^^^^^^^^^^^^^^^^^^
  File "/home/airflow/.local/lib/python3.12/site-packages/airflow/models/taskinstance.py", line 733, in _execute_callable
    return ExecutionCallableRunner(
           ^^^^^^^^^^^^^^^^^^^^^^^^
  File "/home/airflow/.local/lib/python3.12/site-packages/airflow/utils/operator_helpers.py", line 252, in run
    return self.func(*args, **kwargs)
           ^^^^^^^^^^^^^^^^^^^^^^^^^^
  File "/home/airflow/.local/lib/python3.12/site-packages/airflow/models/baseoperator.py", line 406, in wrapper
    return func(self, *args, **kwargs)
           ^^^^^^^^^^^^^^^^^^^^^^^^^^^
  File "/home/airflow/.local/lib/python3.12/site-packages/airflow/operators/bash.py", line 249, in execute
    raise AirflowException(
airflow.exceptions.AirflowException: Bash command failed. The command returned a non-zero exit code 1.
[2025-05-31T23:12:46.994+0000] {taskinstance.py:1225} INFO - Marking task as FAILED. dag_id=log_monitoring_dag, task_id=start_log_producer, run_id=scheduled__2025-05-31T19:35:00+00:00, execution_date=20250531T193500, start_date=20250531T230328, end_date=20250531T231245
[2025-05-31T23:12:56.807+0000] {taskinstance.py:340} INFO - ::group::Post task execution logs
[2025-05-31T23:12:57.402+0000] {standard_task_runner.py:124} ERROR - Failed to execute job 48 for task start_log_producer (Bash command failed. The command returned a non-zero exit code 1.; 1177)
Traceback (most recent call last):
  File "/home/airflow/.local/lib/python3.12/site-packages/airflow/task/task_runner/standard_task_runner.py", line 117, in _start_by_fork
    ret = args.func(args, dag=self.dag)
          ^^^^^^^^^^^^^^^^^^^^^^^^^^^^^
  File "/home/airflow/.local/lib/python3.12/site-packages/airflow/cli/cli_config.py", line 49, in command
    return func(*args, **kwargs)
           ^^^^^^^^^^^^^^^^^^^^^
  File "/home/airflow/.local/lib/python3.12/site-packages/airflow/utils/cli.py", line 115, in wrapper
    return f(*args, **kwargs)
           ^^^^^^^^^^^^^^^^^^
  File "/home/airflow/.local/lib/python3.12/site-packages/airflow/cli/commands/task_command.py", line 483, in task_run
    task_return_code = _run_task_by_selected_method(args, _dag, ti)
                       ^^^^^^^^^^^^^^^^^^^^^^^^^^^^^^^^^^^^^^^^^^^^
  File "/home/airflow/.local/lib/python3.12/site-packages/airflow/cli/commands/task_command.py", line 256, in _run_task_by_selected_method
    return _run_raw_task(args, ti)
           ^^^^^^^^^^^^^^^^^^^^^^^
  File "/home/airflow/.local/lib/python3.12/site-packages/airflow/cli/commands/task_command.py", line 341, in _run_raw_task
    return ti._run_raw_task(
           ^^^^^^^^^^^^^^^^^
  File "/home/airflow/.local/lib/python3.12/site-packages/airflow/utils/session.py", line 97, in wrapper
    return func(*args, session=session, **kwargs)
           ^^^^^^^^^^^^^^^^^^^^^^^^^^^^^^^^^^^^^^
  File "/home/airflow/.local/lib/python3.12/site-packages/airflow/models/taskinstance.py", line 3004, in _run_raw_task
    return _run_raw_task(
           ^^^^^^^^^^^^^^
  File "/home/airflow/.local/lib/python3.12/site-packages/airflow/models/taskinstance.py", line 273, in _run_raw_task
    TaskInstance._execute_task_with_callbacks(
  File "/home/airflow/.local/lib/python3.12/site-packages/airflow/models/taskinstance.py", line 3158, in _execute_task_with_callbacks
    result = self._execute_task(context, task_orig)
             ^^^^^^^^^^^^^^^^^^^^^^^^^^^^^^^^^^^^^^
  File "/home/airflow/.local/lib/python3.12/site-packages/airflow/models/taskinstance.py", line 3182, in _execute_task
    return _execute_task(self, context, task_orig)
           ^^^^^^^^^^^^^^^^^^^^^^^^^^^^^^^^^^^^^^^
  File "/home/airflow/.local/lib/python3.12/site-packages/airflow/models/taskinstance.py", line 767, in _execute_task
    result = _execute_callable(context=context, **execute_callable_kwargs)
             ^^^^^^^^^^^^^^^^^^^^^^^^^^^^^^^^^^^^^^^^^^^^^^^^^^^^^^^^^^^^^
  File "/home/airflow/.local/lib/python3.12/site-packages/airflow/models/taskinstance.py", line 733, in _execute_callable
    return ExecutionCallableRunner(
           ^^^^^^^^^^^^^^^^^^^^^^^^
  File "/home/airflow/.local/lib/python3.12/site-packages/airflow/utils/operator_helpers.py", line 252, in run
    return self.func(*args, **kwargs)
           ^^^^^^^^^^^^^^^^^^^^^^^^^^
  File "/home/airflow/.local/lib/python3.12/site-packages/airflow/models/baseoperator.py", line 406, in wrapper
    return func(self, *args, **kwargs)
           ^^^^^^^^^^^^^^^^^^^^^^^^^^^
  File "/home/airflow/.local/lib/python3.12/site-packages/airflow/operators/bash.py", line 249, in execute
    raise AirflowException(
airflow.exceptions.AirflowException: Bash command failed. The command returned a non-zero exit code 1.
[2025-05-31T23:12:58.491+0000] {local_task_job_runner.py:266} INFO - Task exited with return code 1
[2025-05-31T23:13:03.636+0000] {standard_task_runner.py:217} INFO - Process not found (most likely exited), stop collecting metrics
[2025-05-31T23:13:08.794+0000] {taskinstance.py:3900} INFO - 0 downstream tasks scheduled from follow-on schedule check
[2025-05-31T23:13:10.877+0000] {local_task_job_runner.py:245} INFO - ::endgroup::
