[2025-06-02T00:01:36.105+0000] {local_task_job_runner.py:123} INFO - ::group::Pre task execution logs
[2025-06-02T00:01:36.274+0000] {taskinstance.py:2612} INFO - Dependencies all met for dep_context=non-requeueable deps ti=<TaskInstance: log_monitoring_dag.start_log_producer scheduled__2025-06-01T23:55:00+00:00 [queued]>
[2025-06-02T00:01:36.283+0000] {taskinstance.py:2612} INFO - Dependencies all met for dep_context=requeueable deps ti=<TaskInstance: log_monitoring_dag.start_log_producer scheduled__2025-06-01T23:55:00+00:00 [queued]>
[2025-06-02T00:01:36.285+0000] {taskinstance.py:2865} INFO - Starting attempt 1 of 2
[2025-06-02T00:01:36.633+0000] {taskinstance.py:2888} INFO - Executing <Task(BashOperator): start_log_producer> on 2025-06-01 23:55:00+00:00
[2025-06-02T00:01:37.578+0000] {logging_mixin.py:190} WARNING - /home/***/.local/lib/python3.12/site-packages/***/task/task_runner/standard_task_runner.py:70 DeprecationWarning: This process (pid=626) is multi-threaded, use of fork() may lead to deadlocks in the child.
[2025-06-02T00:01:37.630+0000] {standard_task_runner.py:72} INFO - Started process 632 to run task
[2025-06-02T00:01:37.093+0000] {standard_task_runner.py:104} INFO - Running: ['***', 'tasks', 'run', 'log_monitoring_dag', 'start_log_producer', 'scheduled__2025-06-01T23:55:00+00:00', '--job-id', '25', '--raw', '--subdir', 'DAGS_FOLDER/log_monitoring_dag.py', '--cfg-path', '/tmp/tmppt1yi344']
[2025-06-02T00:01:38.445+0000] {standard_task_runner.py:105} INFO - Job 25: Subtask start_log_producer
[2025-06-02T00:01:43.497+0000] {logging_mixin.py:190} WARNING - /home/***/.local/lib/python3.12/site-packages/***/settings.py:209 DeprecationWarning: The sql_alchemy_conn option in [core] has been moved to the sql_alchemy_conn option in [database] - the old setting has been used, but please update your config.
[2025-06-02T00:01:47.670+0000] {task_command.py:467} INFO - Running <TaskInstance: log_monitoring_dag.start_log_producer scheduled__2025-06-01T23:55:00+00:00 [running]> on host 2317d0480f96
[2025-06-02T00:01:47.672+0000] {logging_mixin.py:190} WARNING - /home/***/.local/lib/python3.12/site-packages/***/settings.py:470 DeprecationWarning: The sql_alchemy_conn option in [core] has been moved to the sql_alchemy_conn option in [database] - the old setting has been used, but please update your config.
[2025-06-02T00:01:47.952+0000] {job.py:229} INFO - Heartbeat recovered after 14.51 seconds
[2025-06-02T00:01:49.957+0000] {taskinstance.py:3131} INFO - Exporting env vars: AIRFLOW_CTX_DAG_OWNER='***' AIRFLOW_CTX_DAG_ID='log_monitoring_dag' AIRFLOW_CTX_TASK_ID='start_log_producer' AIRFLOW_CTX_EXECUTION_DATE='2025-06-01T23:55:00+00:00' AIRFLOW_CTX_TRY_NUMBER='1' AIRFLOW_CTX_DAG_RUN_ID='scheduled__2025-06-01T23:55:00+00:00'
[2025-06-02T00:01:50.037+0000] {taskinstance.py:731} INFO - ::endgroup::
[2025-06-02T00:01:50.140+0000] {subprocess.py:63} INFO - Tmp dir root location: /tmp
[2025-06-02T00:01:50.345+0000] {subprocess.py:75} INFO - Running command: ['/usr/bin/bash', '-c', 'cd /opt/***/app && python -u log_producer.py']
[2025-06-02T00:01:50.610+0000] {subprocess.py:86} INFO - Output:
[2025-06-02T00:02:07.258+0000] {job.py:229} INFO - Heartbeat recovered after 12.03 seconds
[2025-06-02T00:02:16.526+0000] {job.py:229} INFO - Heartbeat recovered after 11.90 seconds
[2025-06-02T00:02:31.970+0000] {subprocess.py:93} INFO - Sent log: {'timestamp': '2025-06-02T00:02:28.675004', 'level': 'INFO', 'message': 'This is a log message'}
[2025-06-02T00:02:39.742+0000] {job.py:229} INFO - Heartbeat recovered after 10.74 seconds
[2025-06-02T00:02:43.367+0000] {subprocess.py:93} INFO - Sent log: {'timestamp': '2025-06-02T00:02:43.367262', 'level': 'ERROR', 'message': 'This is a log message'}
[2025-06-02T00:02:56.739+0000] {job.py:229} INFO - Heartbeat recovered after 17.12 seconds
[2025-06-02T00:03:02.300+0000] {subprocess.py:93} INFO - Sent log: {'timestamp': '2025-06-02T00:03:02.268769', 'level': 'INFO', 'message': 'This is a log message'}
[2025-06-02T00:03:03.880+0000] {subprocess.py:93} INFO - Sent log: {'timestamp': '2025-06-02T00:03:03.879603', 'level': 'WARNING', 'message': 'This is a log message'}
[2025-06-02T00:03:05.914+0000] {subprocess.py:93} INFO - Sent log: {'timestamp': '2025-06-02T00:03:05.913966', 'level': 'WARNING', 'message': 'This is a log message'}
[2025-06-02T00:03:10.651+0000] {subprocess.py:93} INFO - Sent log: {'timestamp': '2025-06-02T00:03:10.651234', 'level': 'INFO', 'message': 'This is a log message'}
[2025-06-02T00:03:12.010+0000] {subprocess.py:93} INFO - Sent log: {'timestamp': '2025-06-02T00:03:12.009779', 'level': 'ERROR', 'message': 'This is a log message'}
[2025-06-02T00:03:13.431+0000] {subprocess.py:93} INFO - Sent log: {'timestamp': '2025-06-02T00:03:13.431343', 'level': 'ERROR', 'message': 'This is a log message'}
[2025-06-02T00:03:14.753+0000] {subprocess.py:93} INFO - Sent log: {'timestamp': '2025-06-02T00:03:14.433827', 'level': 'WARNING', 'message': 'This is a log message'}
[2025-06-02T00:03:15.517+0000] {subprocess.py:93} INFO - Sent log: {'timestamp': '2025-06-02T00:03:15.517179', 'level': 'INFO', 'message': 'This is a log message'}
[2025-06-02T00:03:17.188+0000] {subprocess.py:93} INFO - Sent log: {'timestamp': '2025-06-02T00:03:17.187721', 'level': 'ERROR', 'message': 'This is a log message'}
[2025-06-02T00:03:19.169+0000] {subprocess.py:93} INFO - Sent log: {'timestamp': '2025-06-02T00:03:19.167857', 'level': 'ERROR', 'message': 'This is a log message'}
[2025-06-02T00:03:20.180+0000] {subprocess.py:93} INFO - Sent log: {'timestamp': '2025-06-02T00:03:20.179568', 'level': 'WARNING', 'message': 'This is a log message'}
[2025-06-02T00:03:21.580+0000] {subprocess.py:93} INFO - Sent log: {'timestamp': '2025-06-02T00:03:21.579761', 'level': 'WARNING', 'message': 'This is a log message'}
[2025-06-02T00:03:22.681+0000] {subprocess.py:93} INFO - Sent log: {'timestamp': '2025-06-02T00:03:22.680637', 'level': 'WARNING', 'message': 'This is a log message'}
[2025-06-02T00:03:23.855+0000] {subprocess.py:93} INFO - Sent log: {'timestamp': '2025-06-02T00:03:23.854792', 'level': 'ERROR', 'message': 'This is a log message'}
[2025-06-02T00:03:26.188+0000] {subprocess.py:93} INFO - Sent log: {'timestamp': '2025-06-02T00:03:24.862783', 'level': 'ERROR', 'message': 'This is a log message'}
[2025-06-02T00:03:29.452+0000] {subprocess.py:93} INFO - Sent log: {'timestamp': '2025-06-02T00:03:28.983300', 'level': 'ERROR', 'message': 'This is a log message'}
[2025-06-02T00:03:30.451+0000] {subprocess.py:93} INFO - Sent log: {'timestamp': '2025-06-02T00:03:30.451127', 'level': 'INFO', 'message': 'This is a log message'}
[2025-06-02T00:03:34.069+0000] {subprocess.py:93} INFO - Sent log: {'timestamp': '2025-06-02T00:03:31.633014', 'level': 'ERROR', 'message': 'This is a log message'}
[2025-06-02T00:03:35.072+0000] {subprocess.py:93} INFO - Sent log: {'timestamp': '2025-06-02T00:03:35.071640', 'level': 'ERROR', 'message': 'This is a log message'}
[2025-06-02T00:03:36.109+0000] {subprocess.py:93} INFO - Sent log: {'timestamp': '2025-06-02T00:03:36.108837', 'level': 'ERROR', 'message': 'This is a log message'}
[2025-06-02T00:03:37.113+0000] {subprocess.py:93} INFO - Sent log: {'timestamp': '2025-06-02T00:03:37.111371', 'level': 'INFO', 'message': 'This is a log message'}
[2025-06-02T00:03:38.850+0000] {subprocess.py:93} INFO - Sent log: {'timestamp': '2025-06-02T00:03:38.849143', 'level': 'ERROR', 'message': 'This is a log message'}
[2025-06-02T00:03:39.852+0000] {subprocess.py:93} INFO - Sent log: {'timestamp': '2025-06-02T00:03:39.851376', 'level': 'WARNING', 'message': 'This is a log message'}
[2025-06-02T00:03:40.854+0000] {subprocess.py:93} INFO - Sent log: {'timestamp': '2025-06-02T00:03:40.853853', 'level': 'INFO', 'message': 'This is a log message'}
[2025-06-02T00:03:42.199+0000] {subprocess.py:93} INFO - Sent log: {'timestamp': '2025-06-02T00:03:42.198923', 'level': 'ERROR', 'message': 'This is a log message'}
[2025-06-02T00:03:48.490+0000] {subprocess.py:93} INFO - Sent log: {'timestamp': '2025-06-02T00:03:48.490562', 'level': 'WARNING', 'message': 'This is a log message'}
[2025-06-02T00:03:50.385+0000] {subprocess.py:93} INFO - Sent log: {'timestamp': '2025-06-02T00:03:50.384954', 'level': 'WARNING', 'message': 'This is a log message'}
[2025-06-02T00:03:51.525+0000] {subprocess.py:93} INFO - Sent log: {'timestamp': '2025-06-02T00:03:51.475991', 'level': 'ERROR', 'message': 'This is a log message'}
[2025-06-02T00:03:53.862+0000] {subprocess.py:93} INFO - Sent log: {'timestamp': '2025-06-02T00:03:53.861719', 'level': 'ERROR', 'message': 'This is a log message'}
[2025-06-02T00:03:54.919+0000] {subprocess.py:93} INFO - Sent log: {'timestamp': '2025-06-02T00:03:54.918705', 'level': 'ERROR', 'message': 'This is a log message'}
[2025-06-02T00:03:57.110+0000] {subprocess.py:93} INFO - Sent log: {'timestamp': '2025-06-02T00:03:57.013789', 'level': 'INFO', 'message': 'This is a log message'}
[2025-06-02T00:03:59.257+0000] {subprocess.py:93} INFO - Sent log: {'timestamp': '2025-06-02T00:03:59.256607', 'level': 'WARNING', 'message': 'This is a log message'}
[2025-06-02T00:04:01.291+0000] {subprocess.py:93} INFO - Sent log: {'timestamp': '2025-06-02T00:04:01.290690', 'level': 'WARNING', 'message': 'This is a log message'}
[2025-06-02T00:04:02.854+0000] {subprocess.py:93} INFO - Sent log: {'timestamp': '2025-06-02T00:04:02.854345', 'level': 'ERROR', 'message': 'This is a log message'}
[2025-06-02T00:04:04.328+0000] {local_task_job_runner.py:127} ERROR - Received SIGTERM. Terminating subprocesses
[2025-06-02T00:04:04.421+0000] {process_utils.py:132} INFO - Sending 15 to group 632. PIDs of all processes in the group: [638, 632]
[2025-06-02T00:04:04.523+0000] {subprocess.py:93} INFO - Sent log: {'timestamp': '2025-06-02T00:04:04.522298', 'level': 'WARNING', 'message': 'This is a log message'}
[2025-06-02T00:04:05.810+0000] {process_utils.py:87} INFO - Sending the signal 15 to group 632
[2025-06-02T00:04:06.358+0000] {taskinstance.py:3092} ERROR - Received SIGTERM. Terminating subprocesses.
[2025-06-02T00:04:06.476+0000] {subprocess.py:104} INFO - Sending SIGTERM signal to process group
[2025-06-02T00:04:06.684+0000] {taskinstance.py:3310} ERROR - Task failed with exception
Traceback (most recent call last):
  File "/home/airflow/.local/lib/python3.12/site-packages/airflow/models/taskinstance.py", line 767, in _execute_task
    result = _execute_callable(context=context, **execute_callable_kwargs)
             ^^^^^^^^^^^^^^^^^^^^^^^^^^^^^^^^^^^^^^^^^^^^^^^^^^^^^^^^^^^^^
  File "/home/airflow/.local/lib/python3.12/site-packages/airflow/models/taskinstance.py", line 733, in _execute_callable
    return ExecutionCallableRunner(
           ^^^^^^^^^^^^^^^^^^^^^^^^
  File "/home/airflow/.local/lib/python3.12/site-packages/airflow/utils/operator_helpers.py", line 252, in run
    return self.func(*args, **kwargs)
           ^^^^^^^^^^^^^^^^^^^^^^^^^^
  File "/home/airflow/.local/lib/python3.12/site-packages/airflow/models/baseoperator.py", line 406, in wrapper
    return func(self, *args, **kwargs)
           ^^^^^^^^^^^^^^^^^^^^^^^^^^^
  File "/home/airflow/.local/lib/python3.12/site-packages/airflow/operators/bash.py", line 240, in execute
    result = self.subprocess_hook.run_command(
             ^^^^^^^^^^^^^^^^^^^^^^^^^^^^^^^^^
  File "/home/airflow/.local/lib/python3.12/site-packages/airflow/hooks/subprocess.py", line 92, in run_command
    line = raw_line.decode(output_encoding, errors="backslashreplace").rstrip()
           ^^^^^^^^^^^^^^^^^^^^^^^^^^^^^^^^^^^^^^^^^^^^^^^^^^^^^^^^^^^
  File "/home/airflow/.local/lib/python3.12/site-packages/airflow/models/taskinstance.py", line 3094, in signal_handler
    raise AirflowTaskTerminated("Task received SIGTERM signal")
airflow.exceptions.AirflowTaskTerminated: Task received SIGTERM signal
[2025-06-02T00:04:07.638+0000] {taskinstance.py:1225} INFO - Marking task as UP_FOR_RETRY. dag_id=log_monitoring_dag, task_id=start_log_producer, run_id=scheduled__2025-06-01T23:55:00+00:00, execution_date=20250601T235500, start_date=20250602T000136, end_date=20250602T000407
[2025-06-02T00:04:08.485+0000] {taskinstance.py:340} INFO - ::group::Post task execution logs
