[2025-06-02T01:24:05.964+0000] {local_task_job_runner.py:123} INFO - ::group::Pre task execution logs
[2025-06-02T01:24:09.341+0000] {taskinstance.py:2612} INFO - Dependencies all met for dep_context=non-requeueable deps ti=<TaskInstance: log_monitoring_dag.start_spark_consumer scheduled__2025-06-02T00:25:00+00:00 [queued]>
[2025-06-02T01:24:10.761+0000] {taskinstance.py:2612} INFO - Dependencies all met for dep_context=requeueable deps ti=<TaskInstance: log_monitoring_dag.start_spark_consumer scheduled__2025-06-02T00:25:00+00:00 [queued]>
[2025-06-02T01:24:10.832+0000] {taskinstance.py:2865} INFO - Starting attempt 2 of 2
[2025-06-02T01:24:12.913+0000] {taskinstance.py:2888} INFO - Executing <Task(BashOperator): start_spark_consumer> on 2025-06-02 00:25:00+00:00
[2025-06-02T01:24:14.033+0000] {standard_task_runner.py:104} INFO - Running: ['***', 'tasks', 'run', 'log_monitoring_dag', 'start_spark_consumer', 'scheduled__2025-06-02T00:25:00+00:00', '--job-id', '70', '--raw', '--subdir', 'DAGS_FOLDER/log_monitoring_dag.py', '--cfg-path', '/tmp/tmps6zgwu_u']
[2025-06-02T01:24:17.507+0000] {standard_task_runner.py:105} INFO - Job 70: Subtask start_spark_consumer
[2025-06-02T01:24:18.348+0000] {logging_mixin.py:190} WARNING - /home/***/.local/lib/python3.12/site-packages/***/task/task_runner/standard_task_runner.py:70 DeprecationWarning: This process (pid=543) is multi-threaded, use of fork() may lead to deadlocks in the child.
[2025-06-02T01:24:18.892+0000] {standard_task_runner.py:72} INFO - Started process 547 to run task
[2025-06-02T01:24:30.591+0000] {logging_mixin.py:190} WARNING - /home/***/.local/lib/python3.12/site-packages/***/settings.py:209 DeprecationWarning: The sql_alchemy_conn option in [core] has been moved to the sql_alchemy_conn option in [database] - the old setting has been used, but please update your config.
[2025-06-02T01:24:31.117+0000] {job.py:229} INFO - Heartbeat recovered after 28.53 seconds
[2025-06-02T01:24:39.938+0000] {task_command.py:467} INFO - Running <TaskInstance: log_monitoring_dag.start_spark_consumer scheduled__2025-06-02T00:25:00+00:00 [running]> on host 95af1ae74a08
[2025-06-02T01:24:40.467+0000] {logging_mixin.py:190} WARNING - /home/***/.local/lib/python3.12/site-packages/***/settings.py:470 DeprecationWarning: The sql_alchemy_conn option in [core] has been moved to the sql_alchemy_conn option in [database] - the old setting has been used, but please update your config.
[2025-06-02T01:24:40.912+0000] {taskinstance.py:3131} INFO - Exporting env vars: AIRFLOW_CTX_DAG_OWNER='***' AIRFLOW_CTX_DAG_ID='log_monitoring_dag' AIRFLOW_CTX_TASK_ID='start_spark_consumer' AIRFLOW_CTX_EXECUTION_DATE='2025-06-02T00:25:00+00:00' AIRFLOW_CTX_TRY_NUMBER='2' AIRFLOW_CTX_DAG_RUN_ID='scheduled__2025-06-02T00:25:00+00:00'
[2025-06-02T01:24:41.156+0000] {taskinstance.py:731} INFO - ::endgroup::
[2025-06-02T01:24:41.175+0000] {subprocess.py:63} INFO - Tmp dir root location: /tmp
[2025-06-02T01:24:41.178+0000] {subprocess.py:75} INFO - Running command: ['/usr/bin/bash', '-c', '\n            docker run --rm             --network realtime_log_monitoring_default             -v /opt/***/app:/app             bitnami/spark:3.3.0             spark-submit --packages org.apache.spark:spark-sql-kafka-0-10_2.12:3.2.0 /app/log_consumer.py\n        ']
[2025-06-02T01:24:41.189+0000] {subprocess.py:86} INFO - Output:
[2025-06-02T01:24:51.864+0000] {job.py:229} INFO - Heartbeat recovered after 10.72 seconds
[2025-06-02T01:25:09.295+0000] {job.py:229} INFO - Heartbeat recovered after 10.67 seconds
[2025-06-02T01:25:26.344+0000] {job.py:229} INFO - Heartbeat recovered after 17.19 seconds
[2025-06-02T01:25:47.883+0000] {job.py:229} INFO - Heartbeat recovered after 21.88 seconds
[2025-06-02T01:26:03.104+0000] {job.py:229} INFO - Heartbeat recovered after 16.80 seconds
[2025-06-02T01:26:16.013+0000] {subprocess.py:93} INFO - [38;5;6m [38;5;5m01:26:16.01 [0m
[2025-06-02T01:26:16.323+0000] {subprocess.py:93} INFO - [38;5;6m [38;5;5m01:26:16.01 [0m[1mWelcome to the Bitnami spark container[0m
[2025-06-02T01:26:16.323+0000] {subprocess.py:93} INFO - [38;5;6m [38;5;5m01:26:16.01 [0mSubscribe to project updates by watching [1mhttps://github.com/bitnami/containers[0m
[2025-06-02T01:26:16.324+0000] {subprocess.py:93} INFO - [38;5;6m [38;5;5m01:26:16.01 [0mSubmit issues and feature requests at [1mhttps://github.com/bitnami/containers/issues[0m
[2025-06-02T01:26:16.325+0000] {subprocess.py:93} INFO - [38;5;6m [38;5;5m01:26:16.01 [0m
[2025-06-02T01:26:17.042+0000] {subprocess.py:93} INFO - 
[2025-06-02T01:26:48.462+0000] {job.py:229} INFO - Heartbeat recovered after 15.93 seconds
[2025-06-02T01:27:07.921+0000] {job.py:229} INFO - Heartbeat recovered after 10.62 seconds
[2025-06-02T01:27:43.440+0000] {job.py:229} INFO - Heartbeat recovered after 35.52 seconds
[2025-06-02T01:28:13.007+0000] {job.py:229} INFO - Heartbeat recovered after 30.02 seconds
[2025-06-02T01:28:36.683+0000] {job.py:229} INFO - Heartbeat recovered after 24.61 seconds
[2025-06-02T01:29:02.185+0000] {job.py:229} INFO - Heartbeat recovered after 27.13 seconds
[2025-06-02T01:29:20.432+0000] {job.py:229} INFO - Heartbeat recovered after 19.48 seconds
[2025-06-02T01:29:39.075+0000] {job.py:229} INFO - Heartbeat recovered after 19.13 seconds
[2025-06-02T01:29:56.509+0000] {job.py:229} INFO - Heartbeat recovered after 17.60 seconds
[2025-06-02T01:30:14.287+0000] {job.py:229} INFO - Heartbeat recovered after 12.25 seconds
[2025-06-02T01:30:32.410+0000] {job.py:229} INFO - Heartbeat recovered after 18.50 seconds
[2025-06-02T01:30:44.839+0000] {job.py:229} INFO - Heartbeat recovered after 14.97 seconds
[2025-06-02T01:31:06.108+0000] {job.py:229} INFO - Heartbeat recovered after 11.74 seconds
[2025-06-02T01:31:28.028+0000] {job.py:229} INFO - Heartbeat recovered after 15.53 seconds
[2025-06-02T01:31:32.965+0000] {subprocess.py:93} INFO - :: loading settings :: url = jar:file:/opt/bitnami/spark/jars/ivy-2.5.0.jar!/org/apache/ivy/core/settings/ivysettings.xml
[2025-06-02T01:31:41.320+0000] {subprocess.py:93} INFO - Ivy Default Cache set to: /opt/bitnami/spark/.ivy2/cache
[2025-06-02T01:31:41.397+0000] {subprocess.py:93} INFO - The jars for the packages stored in: /opt/bitnami/spark/.ivy2/jars
[2025-06-02T01:31:42.293+0000] {subprocess.py:93} INFO - org.apache.spark#spark-sql-kafka-0-10_2.12 added as a dependency
[2025-06-02T01:31:42.294+0000] {subprocess.py:93} INFO - :: resolving dependencies :: org.apache.spark#spark-submit-parent-a2064295-a5c6-42d2-8abc-c61f04c5116c;1.0
[2025-06-02T01:31:42.302+0000] {subprocess.py:93} INFO - 	confs: [default]
[2025-06-02T01:32:16.421+0000] {subprocess.py:93} INFO - You probably access the destination server through a proxy server that is not well configured.
[2025-06-02T01:32:17.672+0000] {subprocess.py:93} INFO - You probably access the destination server through a proxy server that is not well configured.
[2025-06-02T01:32:32.005+0000] {subprocess.py:93} INFO - :: resolution report :: resolve 50372ms :: artifacts dl 0ms
[2025-06-02T01:32:32.278+0000] {subprocess.py:93} INFO - 	:: modules in use:
[2025-06-02T01:32:32.278+0000] {subprocess.py:93} INFO - 	---------------------------------------------------------------------
[2025-06-02T01:32:32.279+0000] {subprocess.py:93} INFO - 	|                  |            modules            ||   artifacts   |
[2025-06-02T01:32:32.385+0000] {subprocess.py:93} INFO - 	|       conf       | number| search|dwnlded|evicted|| number|dwnlded|
[2025-06-02T01:32:32.386+0000] {subprocess.py:93} INFO - 	---------------------------------------------------------------------
[2025-06-02T01:32:32.387+0000] {subprocess.py:93} INFO - 	|      default     |   1   |   0   |   0   |   0   ||   0   |   0   |
[2025-06-02T01:32:32.387+0000] {subprocess.py:93} INFO - 	---------------------------------------------------------------------
[2025-06-02T01:32:32.388+0000] {subprocess.py:93} INFO - 
[2025-06-02T01:32:32.388+0000] {subprocess.py:93} INFO - :: problems summary ::
[2025-06-02T01:32:32.389+0000] {subprocess.py:93} INFO - :::: WARNINGS
[2025-06-02T01:32:32.389+0000] {subprocess.py:93} INFO - 	Host repo1.maven.org not found. url=https://repo1.maven.org/maven2/org/apache/spark/spark-sql-kafka-0-10_2.12/3.2.0/spark-sql-kafka-0-10_2.12-3.2.0.pom
[2025-06-02T01:32:32.406+0000] {subprocess.py:93} INFO - 
[2025-06-02T01:32:32.406+0000] {subprocess.py:93} INFO - 	Host repo1.maven.org not found. url=https://repo1.maven.org/maven2/org/apache/spark/spark-sql-kafka-0-10_2.12/3.2.0/spark-sql-kafka-0-10_2.12-3.2.0.jar
[2025-06-02T01:32:32.407+0000] {subprocess.py:93} INFO - 
[2025-06-02T01:32:32.407+0000] {subprocess.py:93} INFO - 		module not found: org.apache.spark#spark-sql-kafka-0-10_2.12;3.2.0
[2025-06-02T01:32:32.429+0000] {subprocess.py:93} INFO - 
[2025-06-02T01:32:32.430+0000] {subprocess.py:93} INFO - 	==== local-m2-cache: tried
[2025-06-02T01:32:32.430+0000] {subprocess.py:93} INFO - 
[2025-06-02T01:32:32.431+0000] {subprocess.py:93} INFO - 	  file:/opt/bitnami/spark/.m2/repository/org/apache/spark/spark-sql-kafka-0-10_2.12/3.2.0/spark-sql-kafka-0-10_2.12-3.2.0.pom
[2025-06-02T01:32:32.448+0000] {subprocess.py:93} INFO - 
[2025-06-02T01:32:32.449+0000] {subprocess.py:93} INFO - 	  -- artifact org.apache.spark#spark-sql-kafka-0-10_2.12;3.2.0!spark-sql-kafka-0-10_2.12.jar:
[2025-06-02T01:32:32.450+0000] {subprocess.py:93} INFO - 
[2025-06-02T01:32:32.450+0000] {subprocess.py:93} INFO - 	  file:/opt/bitnami/spark/.m2/repository/org/apache/spark/spark-sql-kafka-0-10_2.12/3.2.0/spark-sql-kafka-0-10_2.12-3.2.0.jar
[2025-06-02T01:32:32.451+0000] {subprocess.py:93} INFO - 
[2025-06-02T01:32:32.451+0000] {subprocess.py:93} INFO - 	==== local-ivy-cache: tried
[2025-06-02T01:32:32.451+0000] {subprocess.py:93} INFO - 
[2025-06-02T01:32:32.452+0000] {subprocess.py:93} INFO - 	  /opt/bitnami/spark/.ivy2/local/org.apache.spark/spark-sql-kafka-0-10_2.12/3.2.0/ivys/ivy.xml
[2025-06-02T01:32:32.452+0000] {subprocess.py:93} INFO - 
[2025-06-02T01:32:32.453+0000] {subprocess.py:93} INFO - 	  -- artifact org.apache.spark#spark-sql-kafka-0-10_2.12;3.2.0!spark-sql-kafka-0-10_2.12.jar:
[2025-06-02T01:32:32.453+0000] {subprocess.py:93} INFO - 
[2025-06-02T01:32:32.454+0000] {subprocess.py:93} INFO - 	  /opt/bitnami/spark/.ivy2/local/org.apache.spark/spark-sql-kafka-0-10_2.12/3.2.0/jars/spark-sql-kafka-0-10_2.12.jar
[2025-06-02T01:32:32.454+0000] {subprocess.py:93} INFO - 
[2025-06-02T01:32:32.455+0000] {subprocess.py:93} INFO - 	==== central: tried
[2025-06-02T01:32:32.455+0000] {subprocess.py:93} INFO - 
[2025-06-02T01:32:32.456+0000] {subprocess.py:93} INFO - 	  https://repo1.maven.org/maven2/org/apache/spark/spark-sql-kafka-0-10_2.12/3.2.0/spark-sql-kafka-0-10_2.12-3.2.0.pom
[2025-06-02T01:32:32.456+0000] {subprocess.py:93} INFO - 
[2025-06-02T01:32:32.457+0000] {subprocess.py:93} INFO - 	  -- artifact org.apache.spark#spark-sql-kafka-0-10_2.12;3.2.0!spark-sql-kafka-0-10_2.12.jar:
[2025-06-02T01:32:32.457+0000] {subprocess.py:93} INFO - 
[2025-06-02T01:32:32.458+0000] {subprocess.py:93} INFO - 	  https://repo1.maven.org/maven2/org/apache/spark/spark-sql-kafka-0-10_2.12/3.2.0/spark-sql-kafka-0-10_2.12-3.2.0.jar
[2025-06-02T01:32:32.458+0000] {subprocess.py:93} INFO - 
[2025-06-02T01:32:32.458+0000] {subprocess.py:93} INFO - 	==== spark-packages: tried
[2025-06-02T01:32:32.459+0000] {subprocess.py:93} INFO - 
[2025-06-02T01:32:32.459+0000] {subprocess.py:93} INFO - 	  https://repos.spark-packages.org/org/apache/spark/spark-sql-kafka-0-10_2.12/3.2.0/spark-sql-kafka-0-10_2.12-3.2.0.pom
[2025-06-02T01:32:32.459+0000] {subprocess.py:93} INFO - 
[2025-06-02T01:32:32.460+0000] {subprocess.py:93} INFO - 	  -- artifact org.apache.spark#spark-sql-kafka-0-10_2.12;3.2.0!spark-sql-kafka-0-10_2.12.jar:
[2025-06-02T01:32:32.460+0000] {subprocess.py:93} INFO - 
[2025-06-02T01:32:32.460+0000] {subprocess.py:93} INFO - 	  https://repos.spark-packages.org/org/apache/spark/spark-sql-kafka-0-10_2.12/3.2.0/spark-sql-kafka-0-10_2.12-3.2.0.jar
[2025-06-02T01:32:32.460+0000] {subprocess.py:93} INFO - 
[2025-06-02T01:32:32.461+0000] {subprocess.py:93} INFO - 		::::::::::::::::::::::::::::::::::::::::::::::
[2025-06-02T01:32:32.461+0000] {subprocess.py:93} INFO - 
[2025-06-02T01:32:32.461+0000] {subprocess.py:93} INFO - 		::          UNRESOLVED DEPENDENCIES         ::
[2025-06-02T01:32:32.462+0000] {subprocess.py:93} INFO - 
[2025-06-02T01:32:32.462+0000] {subprocess.py:93} INFO - 		::::::::::::::::::::::::::::::::::::::::::::::
[2025-06-02T01:32:32.462+0000] {subprocess.py:93} INFO - 
[2025-06-02T01:32:32.462+0000] {subprocess.py:93} INFO - 		:: org.apache.spark#spark-sql-kafka-0-10_2.12;3.2.0: not found
[2025-06-02T01:32:32.462+0000] {subprocess.py:93} INFO - 
[2025-06-02T01:32:32.463+0000] {subprocess.py:93} INFO - 		::::::::::::::::::::::::::::::::::::::::::::::
[2025-06-02T01:32:32.464+0000] {subprocess.py:93} INFO - 
[2025-06-02T01:32:32.464+0000] {subprocess.py:93} INFO - 
[2025-06-02T01:32:32.464+0000] {subprocess.py:93} INFO - 
[2025-06-02T01:32:32.465+0000] {subprocess.py:93} INFO - :: USE VERBOSE OR DEBUG MESSAGE LEVEL FOR MORE DETAILS
[2025-06-02T01:32:32.465+0000] {subprocess.py:93} INFO - Exception in thread "main" java.lang.RuntimeException: [unresolved dependency: org.apache.spark#spark-sql-kafka-0-10_2.12;3.2.0: not found]
[2025-06-02T01:32:32.465+0000] {subprocess.py:93} INFO - 	at org.apache.spark.deploy.SparkSubmitUtils$.resolveMavenCoordinates(SparkSubmit.scala:1456)
[2025-06-02T01:32:32.465+0000] {subprocess.py:93} INFO - 	at org.apache.spark.util.DependencyUtils$.resolveMavenDependencies(DependencyUtils.scala:185)
[2025-06-02T01:32:32.466+0000] {subprocess.py:93} INFO - 	at org.apache.spark.deploy.SparkSubmit.prepareSubmitEnvironment(SparkSubmit.scala:308)
[2025-06-02T01:32:32.466+0000] {subprocess.py:93} INFO - 	at org.apache.spark.deploy.SparkSubmit.org$apache$spark$deploy$SparkSubmit$$runMain(SparkSubmit.scala:901)
[2025-06-02T01:32:32.466+0000] {subprocess.py:93} INFO - 	at org.apache.spark.deploy.SparkSubmit.doRunMain$1(SparkSubmit.scala:180)
[2025-06-02T01:32:32.466+0000] {subprocess.py:93} INFO - 	at org.apache.spark.deploy.SparkSubmit.submit(SparkSubmit.scala:203)
[2025-06-02T01:32:32.467+0000] {subprocess.py:93} INFO - 	at org.apache.spark.deploy.SparkSubmit.doSubmit(SparkSubmit.scala:90)
[2025-06-02T01:32:32.467+0000] {subprocess.py:93} INFO - 	at org.apache.spark.deploy.SparkSubmit$$anon$2.doSubmit(SparkSubmit.scala:1046)
[2025-06-02T01:32:32.467+0000] {subprocess.py:93} INFO - 	at org.apache.spark.deploy.SparkSubmit$.main(SparkSubmit.scala:1055)
[2025-06-02T01:32:32.467+0000] {subprocess.py:93} INFO - 	at org.apache.spark.deploy.SparkSubmit.main(SparkSubmit.scala)
[2025-06-02T01:32:55.753+0000] {subprocess.py:97} INFO - Command exited with return code 1
[2025-06-02T01:32:58.813+0000] {taskinstance.py:3310} ERROR - Task failed with exception
Traceback (most recent call last):
  File "/home/airflow/.local/lib/python3.12/site-packages/airflow/models/taskinstance.py", line 767, in _execute_task
    result = _execute_callable(context=context, **execute_callable_kwargs)
             ^^^^^^^^^^^^^^^^^^^^^^^^^^^^^^^^^^^^^^^^^^^^^^^^^^^^^^^^^^^^^
  File "/home/airflow/.local/lib/python3.12/site-packages/airflow/models/taskinstance.py", line 733, in _execute_callable
    return ExecutionCallableRunner(
           ^^^^^^^^^^^^^^^^^^^^^^^^
  File "/home/airflow/.local/lib/python3.12/site-packages/airflow/utils/operator_helpers.py", line 252, in run
    return self.func(*args, **kwargs)
           ^^^^^^^^^^^^^^^^^^^^^^^^^^
  File "/home/airflow/.local/lib/python3.12/site-packages/airflow/models/baseoperator.py", line 406, in wrapper
    return func(self, *args, **kwargs)
           ^^^^^^^^^^^^^^^^^^^^^^^^^^^
  File "/home/airflow/.local/lib/python3.12/site-packages/airflow/operators/bash.py", line 249, in execute
    raise AirflowException(
airflow.exceptions.AirflowException: Bash command failed. The command returned a non-zero exit code 1.
[2025-06-02T01:33:01.529+0000] {taskinstance.py:1225} INFO - Marking task as FAILED. dag_id=log_monitoring_dag, task_id=start_spark_consumer, run_id=scheduled__2025-06-02T00:25:00+00:00, execution_date=20250602T002500, start_date=20250602T012409, end_date=20250602T013300
[2025-06-02T01:33:05.565+0000] {taskinstance.py:340} INFO - ::group::Post task execution logs
[2025-06-02T01:33:05.733+0000] {standard_task_runner.py:124} ERROR - Failed to execute job 70 for task start_spark_consumer (Bash command failed. The command returned a non-zero exit code 1.; 547)
Traceback (most recent call last):
  File "/home/airflow/.local/lib/python3.12/site-packages/airflow/task/task_runner/standard_task_runner.py", line 117, in _start_by_fork
    ret = args.func(args, dag=self.dag)
          ^^^^^^^^^^^^^^^^^^^^^^^^^^^^^
  File "/home/airflow/.local/lib/python3.12/site-packages/airflow/cli/cli_config.py", line 49, in command
    return func(*args, **kwargs)
           ^^^^^^^^^^^^^^^^^^^^^
  File "/home/airflow/.local/lib/python3.12/site-packages/airflow/utils/cli.py", line 115, in wrapper
    return f(*args, **kwargs)
           ^^^^^^^^^^^^^^^^^^
  File "/home/airflow/.local/lib/python3.12/site-packages/airflow/cli/commands/task_command.py", line 483, in task_run
    task_return_code = _run_task_by_selected_method(args, _dag, ti)
                       ^^^^^^^^^^^^^^^^^^^^^^^^^^^^^^^^^^^^^^^^^^^^
  File "/home/airflow/.local/lib/python3.12/site-packages/airflow/cli/commands/task_command.py", line 256, in _run_task_by_selected_method
    return _run_raw_task(args, ti)
           ^^^^^^^^^^^^^^^^^^^^^^^
  File "/home/airflow/.local/lib/python3.12/site-packages/airflow/cli/commands/task_command.py", line 341, in _run_raw_task
    return ti._run_raw_task(
           ^^^^^^^^^^^^^^^^^
  File "/home/airflow/.local/lib/python3.12/site-packages/airflow/utils/session.py", line 97, in wrapper
    return func(*args, session=session, **kwargs)
           ^^^^^^^^^^^^^^^^^^^^^^^^^^^^^^^^^^^^^^
  File "/home/airflow/.local/lib/python3.12/site-packages/airflow/models/taskinstance.py", line 3004, in _run_raw_task
    return _run_raw_task(
           ^^^^^^^^^^^^^^
  File "/home/airflow/.local/lib/python3.12/site-packages/airflow/models/taskinstance.py", line 273, in _run_raw_task
    TaskInstance._execute_task_with_callbacks(
  File "/home/airflow/.local/lib/python3.12/site-packages/airflow/models/taskinstance.py", line 3158, in _execute_task_with_callbacks
    result = self._execute_task(context, task_orig)
             ^^^^^^^^^^^^^^^^^^^^^^^^^^^^^^^^^^^^^^
  File "/home/airflow/.local/lib/python3.12/site-packages/airflow/models/taskinstance.py", line 3182, in _execute_task
    return _execute_task(self, context, task_orig)
           ^^^^^^^^^^^^^^^^^^^^^^^^^^^^^^^^^^^^^^^
  File "/home/airflow/.local/lib/python3.12/site-packages/airflow/models/taskinstance.py", line 767, in _execute_task
    result = _execute_callable(context=context, **execute_callable_kwargs)
             ^^^^^^^^^^^^^^^^^^^^^^^^^^^^^^^^^^^^^^^^^^^^^^^^^^^^^^^^^^^^^
  File "/home/airflow/.local/lib/python3.12/site-packages/airflow/models/taskinstance.py", line 733, in _execute_callable
    return ExecutionCallableRunner(
           ^^^^^^^^^^^^^^^^^^^^^^^^
  File "/home/airflow/.local/lib/python3.12/site-packages/airflow/utils/operator_helpers.py", line 252, in run
    return self.func(*args, **kwargs)
           ^^^^^^^^^^^^^^^^^^^^^^^^^^
  File "/home/airflow/.local/lib/python3.12/site-packages/airflow/models/baseoperator.py", line 406, in wrapper
    return func(self, *args, **kwargs)
           ^^^^^^^^^^^^^^^^^^^^^^^^^^^
  File "/home/airflow/.local/lib/python3.12/site-packages/airflow/operators/bash.py", line 249, in execute
    raise AirflowException(
airflow.exceptions.AirflowException: Bash command failed. The command returned a non-zero exit code 1.
[2025-06-02T01:33:06.764+0000] {local_task_job_runner.py:266} INFO - Task exited with return code 1
[2025-06-02T01:33:09.589+0000] {taskinstance.py:3900} INFO - 0 downstream tasks scheduled from follow-on schedule check
[2025-06-02T01:33:09.789+0000] {local_task_job_runner.py:245} INFO - ::endgroup::
