[2025-06-02T00:35:02.865+0000] {local_task_job_runner.py:123} INFO - ::group::Pre task execution logs
[2025-06-02T00:35:02.888+0000] {taskinstance.py:2612} INFO - Dependencies all met for dep_context=non-requeueable deps ti=<TaskInstance: log_monitoring_dag.start_spark_consumer scheduled__2025-06-02T00:25:00+00:00 [queued]>
[2025-06-02T00:35:02.899+0000] {taskinstance.py:2612} INFO - Dependencies all met for dep_context=requeueable deps ti=<TaskInstance: log_monitoring_dag.start_spark_consumer scheduled__2025-06-02T00:25:00+00:00 [queued]>
[2025-06-02T00:35:02.900+0000] {taskinstance.py:2865} INFO - Starting attempt 1 of 2
[2025-06-02T00:35:02.922+0000] {taskinstance.py:2888} INFO - Executing <Task(BashOperator): start_spark_consumer> on 2025-06-02 00:25:00+00:00
[2025-06-02T00:35:02.933+0000] {logging_mixin.py:190} WARNING - /home/***/.local/lib/python3.12/site-packages/***/task/task_runner/standard_task_runner.py:70 DeprecationWarning: This process (pid=194) is multi-threaded, use of fork() may lead to deadlocks in the child.
[2025-06-02T00:35:02.935+0000] {standard_task_runner.py:72} INFO - Started process 201 to run task
[2025-06-02T00:35:02.932+0000] {standard_task_runner.py:104} INFO - Running: ['***', 'tasks', 'run', 'log_monitoring_dag', 'start_spark_consumer', 'scheduled__2025-06-02T00:25:00+00:00', '--job-id', '51', '--raw', '--subdir', 'DAGS_FOLDER/log_monitoring_dag.py', '--cfg-path', '/tmp/tmp9lzq36pn']
[2025-06-02T00:35:02.936+0000] {standard_task_runner.py:105} INFO - Job 51: Subtask start_spark_consumer
[2025-06-02T00:35:03.371+0000] {logging_mixin.py:190} WARNING - /home/***/.local/lib/python3.12/site-packages/***/settings.py:209 DeprecationWarning: The sql_alchemy_conn option in [core] has been moved to the sql_alchemy_conn option in [database] - the old setting has been used, but please update your config.
[2025-06-02T00:35:03.416+0000] {task_command.py:467} INFO - Running <TaskInstance: log_monitoring_dag.start_spark_consumer scheduled__2025-06-02T00:25:00+00:00 [running]> on host 95af1ae74a08
[2025-06-02T00:35:03.418+0000] {logging_mixin.py:190} WARNING - /home/***/.local/lib/python3.12/site-packages/***/settings.py:470 DeprecationWarning: The sql_alchemy_conn option in [core] has been moved to the sql_alchemy_conn option in [database] - the old setting has been used, but please update your config.
[2025-06-02T00:35:03.614+0000] {taskinstance.py:3131} INFO - Exporting env vars: AIRFLOW_CTX_DAG_OWNER='***' AIRFLOW_CTX_DAG_ID='log_monitoring_dag' AIRFLOW_CTX_TASK_ID='start_spark_consumer' AIRFLOW_CTX_EXECUTION_DATE='2025-06-02T00:25:00+00:00' AIRFLOW_CTX_TRY_NUMBER='1' AIRFLOW_CTX_DAG_RUN_ID='scheduled__2025-06-02T00:25:00+00:00'
[2025-06-02T00:35:03.615+0000] {taskinstance.py:731} INFO - ::endgroup::
[2025-06-02T00:35:03.633+0000] {subprocess.py:63} INFO - Tmp dir root location: /tmp
[2025-06-02T00:35:03.634+0000] {subprocess.py:75} INFO - Running command: ['/usr/bin/bash', '-c', '\n            docker run --rm             --network realtime_log_monitoring_default             -v /opt/***/app:/app             bitnami/spark:3.3.0             spark-submit --packages org.apache.spark:spark-sql-kafka-0-10_2.12:3.2.0 /app/log_consumer.py\n        ']
[2025-06-02T00:35:04.777+0000] {subprocess.py:86} INFO - Output:
[2025-06-02T00:37:27.111+0000] {subprocess.py:93} INFO - [38;5;6m [38;5;5m00:37:27.10 [0m
[2025-06-02T00:37:27.169+0000] {subprocess.py:93} INFO - [38;5;6m [38;5;5m00:37:27.10 [0m[1mWelcome to the Bitnami spark container[0m
[2025-06-02T00:37:27.244+0000] {subprocess.py:93} INFO - [38;5;6m [38;5;5m00:37:27.11 [0mSubscribe to project updates by watching [1mhttps://github.com/bitnami/containers[0m
[2025-06-02T00:37:27.245+0000] {subprocess.py:93} INFO - [38;5;6m [38;5;5m00:37:27.11 [0mSubmit issues and feature requests at [1mhttps://github.com/bitnami/containers/issues[0m
[2025-06-02T00:37:27.246+0000] {subprocess.py:93} INFO - [38;5;6m [38;5;5m00:37:27.11 [0m
[2025-06-02T00:37:27.247+0000] {subprocess.py:93} INFO - 
[2025-06-02T00:38:29.465+0000] {subprocess.py:93} INFO - :: loading settings :: url = jar:file:/opt/bitnami/spark/jars/ivy-2.5.0.jar!/org/apache/ivy/core/settings/ivysettings.xml
[2025-06-02T00:38:34.018+0000] {subprocess.py:93} INFO - Ivy Default Cache set to: /opt/bitnami/spark/.ivy2/cache
[2025-06-02T00:38:34.018+0000] {subprocess.py:93} INFO - The jars for the packages stored in: /opt/bitnami/spark/.ivy2/jars
[2025-06-02T00:38:34.025+0000] {subprocess.py:93} INFO - org.apache.spark#spark-sql-kafka-0-10_2.12 added as a dependency
[2025-06-02T00:38:34.027+0000] {subprocess.py:93} INFO - :: resolving dependencies :: org.apache.spark#spark-submit-parent-adc97296-94c2-4c67-9a10-144611a6865c;1.0
[2025-06-02T00:38:34.028+0000] {subprocess.py:93} INFO - 	confs: [default]
[2025-06-02T00:38:43.895+0000] {subprocess.py:93} INFO - 	found org.apache.spark#spark-sql-kafka-0-10_2.12;3.2.0 in central
[2025-06-02T00:38:47.689+0000] {subprocess.py:93} INFO - 	found org.apache.spark#spark-token-provider-kafka-0-10_2.12;3.2.0 in central
[2025-06-02T00:38:48.420+0000] {subprocess.py:93} INFO - 	found org.apache.kafka#kafka-clients;2.8.0 in central
[2025-06-02T00:38:48.723+0000] {subprocess.py:93} INFO - 	found org.lz4#lz4-java;1.7.1 in central
[2025-06-02T00:38:49.559+0000] {subprocess.py:93} INFO - 	found org.xerial.snappy#snappy-java;1.1.8.4 in central
[2025-06-02T00:38:50.413+0000] {subprocess.py:93} INFO - 	found org.slf4j#slf4j-api;1.7.30 in central
[2025-06-02T00:38:53.978+0000] {subprocess.py:93} INFO - 	found org.apache.hadoop#hadoop-client-runtime;3.3.1 in central
[2025-06-02T00:38:55.725+0000] {subprocess.py:93} INFO - 	found org.spark-project.spark#unused;1.0.0 in central
[2025-06-02T00:38:56.662+0000] {subprocess.py:93} INFO - 	found org.apache.hadoop#hadoop-client-api;3.3.1 in central
[2025-06-02T00:39:03.848+0000] {subprocess.py:93} INFO - 	found org.apache.htrace#htrace-core4;4.1.0-incubating in central
[2025-06-02T00:39:06.773+0000] {subprocess.py:93} INFO - 	found commons-logging#commons-logging;1.1.3 in central
[2025-06-02T00:39:07.198+0000] {subprocess.py:93} INFO - 	found com.google.code.findbugs#jsr305;3.0.0 in central
[2025-06-02T00:39:11.033+0000] {subprocess.py:93} INFO - 	found org.apache.commons#commons-pool2;2.6.2 in central
[2025-06-02T00:39:11.188+0000] {subprocess.py:93} INFO - downloading https://repo1.maven.org/maven2/org/apache/spark/spark-sql-kafka-0-10_2.12/3.2.0/spark-sql-kafka-0-10_2.12-3.2.0.jar ...
[2025-06-02T00:39:16.052+0000] {subprocess.py:93} INFO - 	[SUCCESSFUL ] org.apache.spark#spark-sql-kafka-0-10_2.12;3.2.0!spark-sql-kafka-0-10_2.12.jar (5003ms)
[2025-06-02T00:39:16.296+0000] {subprocess.py:93} INFO - downloading https://repo1.maven.org/maven2/org/apache/spark/spark-token-provider-kafka-0-10_2.12/3.2.0/spark-token-provider-kafka-0-10_2.12-3.2.0.jar ...
[2025-06-02T00:39:16.711+0000] {subprocess.py:93} INFO - 	[SUCCESSFUL ] org.apache.spark#spark-token-provider-kafka-0-10_2.12;3.2.0!spark-token-provider-kafka-0-10_2.12.jar (546ms)
[2025-06-02T00:39:16.845+0000] {subprocess.py:93} INFO - downloading https://repo1.maven.org/maven2/org/apache/kafka/kafka-clients/2.8.0/kafka-clients-2.8.0.jar ...
[2025-06-02T00:39:35.674+0000] {subprocess.py:93} INFO - 	[SUCCESSFUL ] org.apache.kafka#kafka-clients;2.8.0!kafka-clients.jar (19017ms)
[2025-06-02T00:39:35.753+0000] {subprocess.py:93} INFO - downloading https://repo1.maven.org/maven2/com/google/code/findbugs/jsr305/3.0.0/jsr305-3.0.0.jar ...
[2025-06-02T00:39:36.089+0000] {subprocess.py:93} INFO - 	[SUCCESSFUL ] com.google.code.findbugs#jsr305;3.0.0!jsr305.jar (426ms)
[2025-06-02T00:39:36.212+0000] {subprocess.py:93} INFO - downloading https://repo1.maven.org/maven2/org/apache/commons/commons-pool2/2.6.2/commons-pool2-2.6.2.jar ...
[2025-06-02T00:39:38.013+0000] {subprocess.py:93} INFO - 	[SUCCESSFUL ] org.apache.commons#commons-pool2;2.6.2!commons-pool2.jar (1969ms)
[2025-06-02T00:39:38.690+0000] {subprocess.py:93} INFO - downloading https://repo1.maven.org/maven2/org/spark-project/spark/unused/1.0.0/unused-1.0.0.jar ...
[2025-06-02T00:39:38.837+0000] {subprocess.py:93} INFO - 	[SUCCESSFUL ] org.spark-project.spark#unused;1.0.0!unused.jar (823ms)
[2025-06-02T00:39:38.976+0000] {subprocess.py:93} INFO - downloading https://repo1.maven.org/maven2/org/apache/hadoop/hadoop-client-runtime/3.3.1/hadoop-client-runtime-3.3.1.jar ...
[2025-06-02T00:40:27.075+0000] {job.py:229} INFO - Heartbeat recovered after 33.69 seconds
[2025-06-02T00:40:44.580+0000] {job.py:229} INFO - Heartbeat recovered after 22.36 seconds
[2025-06-02T00:41:19.962+0000] {job.py:229} INFO - Heartbeat recovered after 12.02 seconds
[2025-06-02T00:41:36.910+0000] {job.py:229} INFO - Heartbeat recovered after 11.30 seconds
[2025-06-02T00:41:52.037+0000] {subprocess.py:93} INFO - 	[SUCCESSFUL ] org.apache.hadoop#hadoop-client-runtime;3.3.1!hadoop-client-runtime.jar (132993ms)
[2025-06-02T00:41:52.640+0000] {subprocess.py:93} INFO - downloading https://repo1.maven.org/maven2/org/lz4/lz4-java/1.7.1/lz4-java-1.7.1.jar ...
[2025-06-02T00:41:54.911+0000] {subprocess.py:93} INFO - 	[SUCCESSFUL ] org.lz4#lz4-java;1.7.1!lz4-java.jar (2874ms)
[2025-06-02T00:41:55.504+0000] {subprocess.py:93} INFO - downloading https://repo1.maven.org/maven2/org/xerial/snappy/snappy-java/1.1.8.4/snappy-java-1.1.8.4.jar ...
[2025-06-02T00:41:59.546+0000] {subprocess.py:93} INFO - 	[SUCCESSFUL ] org.xerial.snappy#snappy-java;1.1.8.4!snappy-java.jar(bundle) (4543ms)
[2025-06-02T00:41:59.721+0000] {subprocess.py:93} INFO - downloading https://repo1.maven.org/maven2/org/slf4j/slf4j-api/1.7.30/slf4j-api-1.7.30.jar ...
[2025-06-02T00:42:00.707+0000] {subprocess.py:93} INFO - 	[SUCCESSFUL ] org.slf4j#slf4j-api;1.7.30!slf4j-api.jar (1161ms)
[2025-06-02T00:42:00.869+0000] {subprocess.py:93} INFO - downloading https://repo1.maven.org/maven2/org/apache/hadoop/hadoop-client-api/3.3.1/hadoop-client-api-3.3.1.jar ...
[2025-06-02T00:42:58.547+0000] {job.py:229} INFO - Heartbeat recovered after 50.76 seconds
[2025-06-02T00:43:43.061+0000] {job.py:229} INFO - Heartbeat recovered after 46.97 seconds
[2025-06-02T00:43:48.323+0000] {subprocess.py:93} INFO - 	[SUCCESSFUL ] org.apache.hadoop#hadoop-client-api;3.3.1!hadoop-client-api.jar (104091ms)
[2025-06-02T00:43:49.191+0000] {subprocess.py:93} INFO - downloading https://repo1.maven.org/maven2/org/apache/htrace/htrace-core4/4.1.0-incubating/htrace-core4-4.1.0-incubating.jar ...
[2025-06-02T00:43:50.967+0000] {subprocess.py:93} INFO - 	[SUCCESSFUL ] org.apache.htrace#htrace-core4;4.1.0-incubating!htrace-core4.jar (2374ms)
[2025-06-02T00:43:50.967+0000] {subprocess.py:93} INFO - downloading https://repo1.maven.org/maven2/commons-logging/commons-logging/1.1.3/commons-logging-1.1.3.jar ...
[2025-06-02T00:43:50.967+0000] {subprocess.py:93} INFO - 	[SUCCESSFUL ] commons-logging#commons-logging;1.1.3!commons-logging.jar (1946ms)
[2025-06-02T00:43:50.968+0000] {subprocess.py:93} INFO - :: resolution report :: resolve 37021ms :: artifacts dl 278719ms
[2025-06-02T00:43:50.968+0000] {subprocess.py:93} INFO - 	:: modules in use:
[2025-06-02T00:43:50.969+0000] {subprocess.py:93} INFO - 	com.google.code.findbugs#jsr305;3.0.0 from central in [default]
[2025-06-02T00:43:50.969+0000] {subprocess.py:93} INFO - 	commons-logging#commons-logging;1.1.3 from central in [default]
[2025-06-02T00:43:50.969+0000] {subprocess.py:93} INFO - 	org.apache.commons#commons-pool2;2.6.2 from central in [default]
[2025-06-02T00:43:50.970+0000] {subprocess.py:93} INFO - 	org.apache.hadoop#hadoop-client-api;3.3.1 from central in [default]
[2025-06-02T00:43:50.970+0000] {subprocess.py:93} INFO - 	org.apache.hadoop#hadoop-client-runtime;3.3.1 from central in [default]
[2025-06-02T00:43:50.970+0000] {subprocess.py:93} INFO - 	org.apache.htrace#htrace-core4;4.1.0-incubating from central in [default]
[2025-06-02T00:43:50.971+0000] {subprocess.py:93} INFO - 	org.apache.kafka#kafka-clients;2.8.0 from central in [default]
[2025-06-02T00:43:50.971+0000] {subprocess.py:93} INFO - 	org.apache.spark#spark-sql-kafka-0-10_2.12;3.2.0 from central in [default]
[2025-06-02T00:43:50.971+0000] {subprocess.py:93} INFO - 	org.apache.spark#spark-token-provider-kafka-0-10_2.12;3.2.0 from central in [default]
[2025-06-02T00:43:50.972+0000] {subprocess.py:93} INFO - 	org.lz4#lz4-java;1.7.1 from central in [default]
[2025-06-02T00:43:50.972+0000] {subprocess.py:93} INFO - 	org.slf4j#slf4j-api;1.7.30 from central in [default]
[2025-06-02T00:43:50.973+0000] {subprocess.py:93} INFO - 	org.spark-project.spark#unused;1.0.0 from central in [default]
[2025-06-02T00:43:51.813+0000] {subprocess.py:93} INFO - 	org.xerial.snappy#snappy-java;1.1.8.4 from central in [default]
[2025-06-02T00:43:51.894+0000] {subprocess.py:93} INFO - 	---------------------------------------------------------------------
[2025-06-02T00:43:51.958+0000] {subprocess.py:93} INFO - 	|                  |            modules            ||   artifacts   |
[2025-06-02T00:43:51.959+0000] {subprocess.py:93} INFO - 	|       conf       | number| search|dwnlded|evicted|| number|dwnlded|
[2025-06-02T00:43:51.960+0000] {subprocess.py:93} INFO - 	---------------------------------------------------------------------
[2025-06-02T00:43:51.960+0000] {subprocess.py:93} INFO - 	|      default     |   13  |   13  |   13  |   0   ||   13  |   13  |
[2025-06-02T00:43:51.961+0000] {subprocess.py:93} INFO - 	---------------------------------------------------------------------
[2025-06-02T00:43:52.683+0000] {subprocess.py:93} INFO - :: retrieving :: org.apache.spark#spark-submit-parent-adc97296-94c2-4c67-9a10-144611a6865c
[2025-06-02T00:43:52.778+0000] {subprocess.py:93} INFO - 	confs: [default]
[2025-06-02T00:43:56.539+0000] {job.py:229} INFO - Heartbeat recovered after 32.93 seconds
[2025-06-02T00:44:24.122+0000] {job.py:229} INFO - Heartbeat recovered after 34.20 seconds
[2025-06-02T00:44:34.546+0000] {job.py:229} INFO - Heartbeat recovered after 11.58 seconds
[2025-06-02T00:44:45.904+0000] {job.py:229} INFO - Heartbeat recovered after 11.47 seconds
[2025-06-02T00:45:13.307+0000] {job.py:229} INFO - Heartbeat recovered after 20.37 seconds
[2025-06-02T00:45:23.578+0000] {job.py:229} INFO - Heartbeat recovered after 10.60 seconds
[2025-06-02T00:45:39.543+0000] {job.py:229} INFO - Heartbeat recovered after 18.36 seconds
[2025-06-02T00:45:49.590+0000] {job.py:229} INFO - Heartbeat recovered after 14.87 seconds
[2025-06-02T00:46:10.842+0000] {job.py:229} INFO - Heartbeat recovered after 22.74 seconds
[2025-06-02T00:46:16.361+0000] {job.py:229} INFO - Heartbeat recovered after 18.83 seconds
[2025-06-02T00:46:33.546+0000] {job.py:229} INFO - Heartbeat recovered after 17.26 seconds
[2025-06-02T00:46:34.160+0000] {subprocess.py:93} INFO - 	13 artifacts copied, 0 already retrieved (59181kB/160549ms)
[2025-06-02T00:47:50.369+0000] {job.py:229} INFO - Heartbeat recovered after 77.22 seconds
[2025-06-02T00:47:56.101+0000] {job.py:229} INFO - Heartbeat recovered after 64.01 seconds
[2025-06-02T00:49:58.311+0000] {job.py:229} INFO - Heartbeat recovered after 56.96 seconds
[2025-06-02T00:50:09.197+0000] {job.py:229} INFO - Heartbeat recovered after 56.63 seconds
[2025-06-02T00:51:36.581+0000] {job.py:229} INFO - Heartbeat recovered after 88.38 seconds
[2025-06-02T00:51:44.291+0000] {job.py:229} INFO - Heartbeat recovered after 89.72 seconds
[2025-06-02T00:52:31.883+0000] {job.py:229} INFO - Heartbeat recovered after 28.08 seconds
[2025-06-02T00:52:37.210+0000] {job.py:229} INFO - Heartbeat recovered after 26.02 seconds
[2025-06-02T00:54:22.046+0000] {job.py:229} INFO - Heartbeat recovered after 37.18 seconds
[2025-06-02T00:54:45.853+0000] {job.py:229} INFO - Heartbeat recovered after 55.93 seconds
[2025-06-02T00:55:25.442+0000] {job.py:229} INFO - Heartbeat recovered after 57.23 seconds
[2025-06-02T00:55:30.830+0000] {job.py:229} INFO - Heartbeat recovered after 30.63 seconds
[2025-06-02T00:58:02.133+0000] {job.py:229} INFO - Heartbeat recovered after 145.95 seconds
[2025-06-02T00:58:08.326+0000] {job.py:229} INFO - Heartbeat recovered after 142.30 seconds
[2025-06-02T01:00:24.811+0000] {job.py:229} INFO - Heartbeat recovered after 123.70 seconds
[2025-06-02T01:00:30.654+0000] {job.py:229} INFO - Heartbeat recovered after 120.37 seconds
[2025-06-02T01:01:55.845+0000] {job.py:229} INFO - Heartbeat recovered after 40.55 seconds
[2025-06-02T01:03:10.726+0000] {job.py:229} INFO - Heartbeat recovered after 46.51 seconds
[2025-06-02T01:03:58.102+0000] {job.py:239} ERROR - Job heartbeat failed with error
Traceback (most recent call last):
  File "/home/airflow/.local/lib/python3.12/site-packages/sqlalchemy/engine/base.py", line 3371, in _wrap_pool_connect
    return fn()
           ^^^^
  File "/home/airflow/.local/lib/python3.12/site-packages/sqlalchemy/pool/base.py", line 327, in connect
    return _ConnectionFairy._checkout(self)
           ^^^^^^^^^^^^^^^^^^^^^^^^^^^^^^^^
  File "/home/airflow/.local/lib/python3.12/site-packages/sqlalchemy/pool/base.py", line 894, in _checkout
    fairy = _ConnectionRecord.checkout(pool)
            ^^^^^^^^^^^^^^^^^^^^^^^^^^^^^^^^
  File "/home/airflow/.local/lib/python3.12/site-packages/sqlalchemy/pool/base.py", line 493, in checkout
    rec = pool._do_get()
          ^^^^^^^^^^^^^^
  File "/home/airflow/.local/lib/python3.12/site-packages/sqlalchemy/pool/impl.py", line 256, in _do_get
    return self._create_connection()
           ^^^^^^^^^^^^^^^^^^^^^^^^^
  File "/home/airflow/.local/lib/python3.12/site-packages/sqlalchemy/pool/base.py", line 273, in _create_connection
    return _ConnectionRecord(self)
           ^^^^^^^^^^^^^^^^^^^^^^^
  File "/home/airflow/.local/lib/python3.12/site-packages/sqlalchemy/pool/base.py", line 388, in __init__
    self.__connect()
  File "/home/airflow/.local/lib/python3.12/site-packages/sqlalchemy/pool/base.py", line 690, in __connect
    with util.safe_reraise():
  File "/home/airflow/.local/lib/python3.12/site-packages/sqlalchemy/util/langhelpers.py", line 70, in __exit__
    compat.raise_(
  File "/home/airflow/.local/lib/python3.12/site-packages/sqlalchemy/util/compat.py", line 211, in raise_
    raise exception
  File "/home/airflow/.local/lib/python3.12/site-packages/sqlalchemy/pool/base.py", line 686, in __connect
    self.dbapi_connection = connection = pool._invoke_creator(self)
                                         ^^^^^^^^^^^^^^^^^^^^^^^^^^
  File "/home/airflow/.local/lib/python3.12/site-packages/sqlalchemy/engine/create.py", line 574, in connect
    return dialect.connect(*cargs, **cparams)
           ^^^^^^^^^^^^^^^^^^^^^^^^^^^^^^^^^^
  File "/home/airflow/.local/lib/python3.12/site-packages/sqlalchemy/engine/default.py", line 598, in connect
    return self.dbapi.connect(*cargs, **cparams)
           ^^^^^^^^^^^^^^^^^^^^^^^^^^^^^^^^^^^^^
  File "/home/airflow/.local/lib/python3.12/site-packages/psycopg2/__init__.py", line 122, in connect
    conn = _connect(dsn, connection_factory=connection_factory, **kwasync)
           ^^^^^^^^^^^^^^^^^^^^^^^^^^^^^^^^^^^^^^^^^^^^^^^^^^^^^^^^^^^^^^^
psycopg2.OperationalError: could not translate host name "postgres" to address: Temporary failure in name resolution


The above exception was the direct cause of the following exception:

Traceback (most recent call last):
  File "/home/airflow/.local/lib/python3.12/site-packages/airflow/jobs/job.py", line 207, in heartbeat
    self._merge_from(Job._fetch_from_db(self, session))
                     ^^^^^^^^^^^^^^^^^^^^^^^^^^^^^^^^^
  File "/home/airflow/.local/lib/python3.12/site-packages/airflow/api_internal/internal_api_call.py", line 139, in wrapper
    return func(*args, **kwargs)
           ^^^^^^^^^^^^^^^^^^^^^
  File "/home/airflow/.local/lib/python3.12/site-packages/airflow/utils/session.py", line 94, in wrapper
    return func(*args, **kwargs)
           ^^^^^^^^^^^^^^^^^^^^^
  File "/home/airflow/.local/lib/python3.12/site-packages/airflow/utils/retries.py", line 93, in wrapped_function
    for attempt in run_with_db_retries(max_retries=retries, logger=logger, **retry_kwargs):
                   ^^^^^^^^^^^^^^^^^^^^^^^^^^^^^^^^^^^^^^^^^^^^^^^^^^^^^^^^^^^^^^^^^^^^^^^
  File "/home/airflow/.local/lib/python3.12/site-packages/tenacity/__init__.py", line 443, in __iter__
    do = self.iter(retry_state=retry_state)
         ^^^^^^^^^^^^^^^^^^^^^^^^^^^^^^^^^^
  File "/home/airflow/.local/lib/python3.12/site-packages/tenacity/__init__.py", line 376, in iter
    result = action(retry_state)
             ^^^^^^^^^^^^^^^^^^^
  File "/home/airflow/.local/lib/python3.12/site-packages/tenacity/__init__.py", line 418, in exc_check
    raise retry_exc.reraise()
          ^^^^^^^^^^^^^^^^^^^
  File "/home/airflow/.local/lib/python3.12/site-packages/tenacity/__init__.py", line 185, in reraise
    raise self.last_attempt.result()
          ^^^^^^^^^^^^^^^^^^^^^^^^^^
  File "/usr/local/lib/python3.12/concurrent/futures/_base.py", line 449, in result
    return self.__get_result()
           ^^^^^^^^^^^^^^^^^^^
  File "/usr/local/lib/python3.12/concurrent/futures/_base.py", line 401, in __get_result
    raise self._exception
  File "/home/airflow/.local/lib/python3.12/site-packages/airflow/utils/retries.py", line 102, in wrapped_function
    return func(*args, **kwargs)
           ^^^^^^^^^^^^^^^^^^^^^
  File "/home/airflow/.local/lib/python3.12/site-packages/airflow/jobs/job.py", line 335, in _fetch_from_db
    session.merge(job)
  File "/home/airflow/.local/lib/python3.12/site-packages/sqlalchemy/orm/session.py", line 3056, in merge
    return self._merge(
           ^^^^^^^^^^^^
  File "/home/airflow/.local/lib/python3.12/site-packages/sqlalchemy/orm/session.py", line 3136, in _merge
    merged = self.get(
             ^^^^^^^^^
  File "/home/airflow/.local/lib/python3.12/site-packages/sqlalchemy/orm/session.py", line 2853, in get
    return self._get_impl(
           ^^^^^^^^^^^^^^^
  File "/home/airflow/.local/lib/python3.12/site-packages/sqlalchemy/orm/session.py", line 2975, in _get_impl
    return db_load_fn(
           ^^^^^^^^^^^
  File "/home/airflow/.local/lib/python3.12/site-packages/sqlalchemy/orm/loading.py", line 530, in load_on_pk_identity
    session.execute(
  File "/home/airflow/.local/lib/python3.12/site-packages/sqlalchemy/orm/session.py", line 1716, in execute
    conn = self._connection_for_bind(bind)
           ^^^^^^^^^^^^^^^^^^^^^^^^^^^^^^^
  File "/home/airflow/.local/lib/python3.12/site-packages/sqlalchemy/orm/session.py", line 1555, in _connection_for_bind
    return self._transaction._connection_for_bind(
           ^^^^^^^^^^^^^^^^^^^^^^^^^^^^^^^^^^^^^^^
  File "/home/airflow/.local/lib/python3.12/site-packages/sqlalchemy/orm/session.py", line 750, in _connection_for_bind
    conn = bind.connect()
           ^^^^^^^^^^^^^^
  File "/home/airflow/.local/lib/python3.12/site-packages/sqlalchemy/future/engine.py", line 412, in connect
    return super(Engine, self).connect()
           ^^^^^^^^^^^^^^^^^^^^^^^^^^^^^
  File "/home/airflow/.local/lib/python3.12/site-packages/sqlalchemy/engine/base.py", line 3325, in connect
    return self._connection_cls(self, close_with_result=close_with_result)
           ^^^^^^^^^^^^^^^^^^^^^^^^^^^^^^^^^^^^^^^^^^^^^^^^^^^^^^^^^^^^^^^
  File "/home/airflow/.local/lib/python3.12/site-packages/sqlalchemy/engine/base.py", line 96, in __init__
    else engine.raw_connection()
         ^^^^^^^^^^^^^^^^^^^^^^^
  File "/home/airflow/.local/lib/python3.12/site-packages/sqlalchemy/engine/base.py", line 3404, in raw_connection
    return self._wrap_pool_connect(self.pool.connect, _connection)
           ^^^^^^^^^^^^^^^^^^^^^^^^^^^^^^^^^^^^^^^^^^^^^^^^^^^^^^^
  File "/home/airflow/.local/lib/python3.12/site-packages/sqlalchemy/engine/base.py", line 3374, in _wrap_pool_connect
    Connection._handle_dbapi_exception_noconnection(
  File "/home/airflow/.local/lib/python3.12/site-packages/sqlalchemy/engine/base.py", line 2208, in _handle_dbapi_exception_noconnection
    util.raise_(
  File "/home/airflow/.local/lib/python3.12/site-packages/sqlalchemy/util/compat.py", line 211, in raise_
    raise exception
  File "/home/airflow/.local/lib/python3.12/site-packages/sqlalchemy/engine/base.py", line 3371, in _wrap_pool_connect
    return fn()
           ^^^^
  File "/home/airflow/.local/lib/python3.12/site-packages/sqlalchemy/pool/base.py", line 327, in connect
    return _ConnectionFairy._checkout(self)
           ^^^^^^^^^^^^^^^^^^^^^^^^^^^^^^^^
  File "/home/airflow/.local/lib/python3.12/site-packages/sqlalchemy/pool/base.py", line 894, in _checkout
    fairy = _ConnectionRecord.checkout(pool)
            ^^^^^^^^^^^^^^^^^^^^^^^^^^^^^^^^
  File "/home/airflow/.local/lib/python3.12/site-packages/sqlalchemy/pool/base.py", line 493, in checkout
    rec = pool._do_get()
          ^^^^^^^^^^^^^^
  File "/home/airflow/.local/lib/python3.12/site-packages/sqlalchemy/pool/impl.py", line 256, in _do_get
    return self._create_connection()
           ^^^^^^^^^^^^^^^^^^^^^^^^^
  File "/home/airflow/.local/lib/python3.12/site-packages/sqlalchemy/pool/base.py", line 273, in _create_connection
    return _ConnectionRecord(self)
           ^^^^^^^^^^^^^^^^^^^^^^^
  File "/home/airflow/.local/lib/python3.12/site-packages/sqlalchemy/pool/base.py", line 388, in __init__
    self.__connect()
  File "/home/airflow/.local/lib/python3.12/site-packages/sqlalchemy/pool/base.py", line 690, in __connect
    with util.safe_reraise():
  File "/home/airflow/.local/lib/python3.12/site-packages/sqlalchemy/util/langhelpers.py", line 70, in __exit__
    compat.raise_(
  File "/home/airflow/.local/lib/python3.12/site-packages/sqlalchemy/util/compat.py", line 211, in raise_
    raise exception
  File "/home/airflow/.local/lib/python3.12/site-packages/sqlalchemy/pool/base.py", line 686, in __connect
    self.dbapi_connection = connection = pool._invoke_creator(self)
                                         ^^^^^^^^^^^^^^^^^^^^^^^^^^
  File "/home/airflow/.local/lib/python3.12/site-packages/sqlalchemy/engine/create.py", line 574, in connect
    return dialect.connect(*cargs, **cparams)
           ^^^^^^^^^^^^^^^^^^^^^^^^^^^^^^^^^^
  File "/home/airflow/.local/lib/python3.12/site-packages/sqlalchemy/engine/default.py", line 598, in connect
    return self.dbapi.connect(*cargs, **cparams)
           ^^^^^^^^^^^^^^^^^^^^^^^^^^^^^^^^^^^^^
  File "/home/airflow/.local/lib/python3.12/site-packages/psycopg2/__init__.py", line 122, in connect
    conn = _connect(dsn, connection_factory=connection_factory, **kwasync)
           ^^^^^^^^^^^^^^^^^^^^^^^^^^^^^^^^^^^^^^^^^^^^^^^^^^^^^^^^^^^^^^^
sqlalchemy.exc.OperationalError: (psycopg2.OperationalError) could not translate host name "postgres" to address: Temporary failure in name resolution

(Background on this error at: https://sqlalche.me/e/14/e3q8)
[2025-06-02T01:04:04.093+0000] {job.py:254} ERROR - Job heartbeat failed with error. Scheduler is in unhealthy state
[2025-06-02T01:04:40.010+0000] {job.py:254} ERROR - Job heartbeat failed with error. Scheduler is in unhealthy state
[2025-06-02T01:05:01.608+0000] {job.py:229} INFO - Heartbeat recovered after 151.91 seconds
[2025-06-02T01:05:14.188+0000] {job.py:229} INFO - Heartbeat recovered after 24.30 seconds
[2025-06-02T01:05:23.638+0000] {job.py:229} INFO - Heartbeat recovered after 12.21 seconds
[2025-06-02T01:07:35.685+0000] {job.py:229} INFO - Heartbeat recovered after 61.33 seconds
[2025-06-02T01:07:44.096+0000] {job.py:229} INFO - Heartbeat recovered after 61.27 seconds
[2025-06-02T01:08:07.402+0000] {job.py:229} INFO - Heartbeat recovered after 11.06 seconds
[2025-06-02T01:08:57.935+0000] {job.py:229} INFO - Heartbeat recovered after 54.62 seconds
[2025-06-02T01:09:18.567+0000] {job.py:229} INFO - Heartbeat recovered after 21.31 seconds
[2025-06-02T01:09:44.412+0000] {job.py:229} INFO - Heartbeat recovered after 19.04 seconds
[2025-06-02T01:10:04.212+0000] {job.py:229} INFO - Heartbeat recovered after 25.80 seconds
[2025-06-02T01:10:21.783+0000] {job.py:229} INFO - Heartbeat recovered after 25.23 seconds
[2025-06-02T01:10:37.592+0000] {job.py:229} INFO - Heartbeat recovered after 16.82 seconds
[2025-06-02T01:10:56.765+0000] {job.py:229} INFO - Heartbeat recovered after 19.85 seconds
[2025-06-02T01:11:26.576+0000] {job.py:229} INFO - Heartbeat recovered after 17.89 seconds
[2025-06-02T01:12:08.983+0000] {job.py:229} INFO - Heartbeat recovered after 43.89 seconds
[2025-06-02T01:12:34.756+0000] {job.py:229} INFO - Heartbeat recovered after 19.99 seconds
[2025-06-02T01:12:49.161+0000] {job.py:229} INFO - Heartbeat recovered after 14.90 seconds
[2025-06-02T01:13:10.620+0000] {job.py:229} INFO - Heartbeat recovered after 21.87 seconds
[2025-06-02T01:13:23.131+0000] {job.py:229} INFO - Heartbeat recovered after 12.80 seconds
[2025-06-02T01:14:05.358+0000] {job.py:229} INFO - Heartbeat recovered after 21.51 seconds
[2025-06-02T01:14:46.548+0000] {job.py:229} INFO - Heartbeat recovered after 23.79 seconds
[2025-06-02T01:14:59.391+0000] {job.py:229} INFO - Heartbeat recovered after 14.74 seconds
[2025-06-02T01:15:27.361+0000] {job.py:229} INFO - Heartbeat recovered after 22.87 seconds
[2025-06-02T01:15:10.419+0000] {subprocess.py:93} INFO - 25/06/02 01:14:56 WARN NativeCodeLoader: Unable to load native-hadoop library for your platform... using builtin-java classes where applicable
[2025-06-02T01:15:36.463+0000] {job.py:229} INFO - Heartbeat recovered after 11.48 seconds
[2025-06-02T01:15:56.245+0000] {job.py:229} INFO - Heartbeat recovered after 19.91 seconds
[2025-06-02T01:16:17.537+0000] {job.py:229} INFO - Heartbeat recovered after 14.96 seconds
[2025-06-02T01:17:29.220+0000] {job.py:229} INFO - Heartbeat recovered after 27.91 seconds
[2025-06-02T01:17:50.723+0000] {job.py:229} INFO - Heartbeat recovered after 24.09 seconds
[2025-06-02T01:18:02.879+0000] {job.py:229} INFO - Heartbeat recovered after 12.40 seconds
[2025-06-02T01:19:03.323+0000] {job.py:229} INFO - Heartbeat recovered after 15.66 seconds
[2025-06-02T01:20:53.132+0000] {subprocess.py:93} INFO - python3: can't open file '/app/log_consumer.py': [Errno 2] No such file or directory
[2025-06-02T01:20:54.201+0000] {subprocess.py:93} INFO - 25/06/02 01:20:53 INFO ShutdownHookManager: Shutdown hook called
[2025-06-02T01:20:54.407+0000] {subprocess.py:93} INFO - 25/06/02 01:20:54 INFO ShutdownHookManager: Deleting directory /tmp/spark-0c6a5157-7122-46f9-a19d-0da48ba507bf
[2025-06-02T01:21:37.890+0000] {subprocess.py:97} INFO - Command exited with return code 2
[2025-06-02T01:21:51.393+0000] {job.py:229} INFO - Heartbeat recovered after 10.81 seconds
[2025-06-02T01:22:03.630+0000] {job.py:229} INFO - Heartbeat recovered after 12.24 seconds
[2025-06-02T01:22:29.788+0000] {taskinstance.py:3310} ERROR - Task failed with exception
Traceback (most recent call last):
  File "/home/airflow/.local/lib/python3.12/site-packages/airflow/models/taskinstance.py", line 767, in _execute_task
    result = _execute_callable(context=context, **execute_callable_kwargs)
             ^^^^^^^^^^^^^^^^^^^^^^^^^^^^^^^^^^^^^^^^^^^^^^^^^^^^^^^^^^^^^
  File "/home/airflow/.local/lib/python3.12/site-packages/airflow/models/taskinstance.py", line 733, in _execute_callable
    return ExecutionCallableRunner(
           ^^^^^^^^^^^^^^^^^^^^^^^^
  File "/home/airflow/.local/lib/python3.12/site-packages/airflow/utils/operator_helpers.py", line 252, in run
    return self.func(*args, **kwargs)
           ^^^^^^^^^^^^^^^^^^^^^^^^^^
  File "/home/airflow/.local/lib/python3.12/site-packages/airflow/models/baseoperator.py", line 406, in wrapper
    return func(self, *args, **kwargs)
           ^^^^^^^^^^^^^^^^^^^^^^^^^^^
  File "/home/airflow/.local/lib/python3.12/site-packages/airflow/operators/bash.py", line 249, in execute
    raise AirflowException(
airflow.exceptions.AirflowException: Bash command failed. The command returned a non-zero exit code 2.
[2025-06-02T01:22:38.333+0000] {taskinstance.py:1225} INFO - Marking task as UP_FOR_RETRY. dag_id=log_monitoring_dag, task_id=start_spark_consumer, run_id=scheduled__2025-06-02T00:25:00+00:00, execution_date=20250602T002500, start_date=20250602T003502, end_date=20250602T012236
[2025-06-02T01:22:40.920+0000] {job.py:229} INFO - Heartbeat recovered after 12.39 seconds
[2025-06-02T01:22:45.346+0000] {taskinstance.py:340} INFO - ::group::Post task execution logs
[2025-06-02T01:22:46.029+0000] {standard_task_runner.py:124} ERROR - Failed to execute job 51 for task start_spark_consumer (Bash command failed. The command returned a non-zero exit code 2.; 201)
Traceback (most recent call last):
  File "/home/airflow/.local/lib/python3.12/site-packages/airflow/task/task_runner/standard_task_runner.py", line 117, in _start_by_fork
    ret = args.func(args, dag=self.dag)
          ^^^^^^^^^^^^^^^^^^^^^^^^^^^^^
  File "/home/airflow/.local/lib/python3.12/site-packages/airflow/cli/cli_config.py", line 49, in command
    return func(*args, **kwargs)
           ^^^^^^^^^^^^^^^^^^^^^
  File "/home/airflow/.local/lib/python3.12/site-packages/airflow/utils/cli.py", line 115, in wrapper
    return f(*args, **kwargs)
           ^^^^^^^^^^^^^^^^^^
  File "/home/airflow/.local/lib/python3.12/site-packages/airflow/cli/commands/task_command.py", line 483, in task_run
    task_return_code = _run_task_by_selected_method(args, _dag, ti)
                       ^^^^^^^^^^^^^^^^^^^^^^^^^^^^^^^^^^^^^^^^^^^^
  File "/home/airflow/.local/lib/python3.12/site-packages/airflow/cli/commands/task_command.py", line 256, in _run_task_by_selected_method
    return _run_raw_task(args, ti)
           ^^^^^^^^^^^^^^^^^^^^^^^
  File "/home/airflow/.local/lib/python3.12/site-packages/airflow/cli/commands/task_command.py", line 341, in _run_raw_task
    return ti._run_raw_task(
           ^^^^^^^^^^^^^^^^^
  File "/home/airflow/.local/lib/python3.12/site-packages/airflow/utils/session.py", line 97, in wrapper
    return func(*args, session=session, **kwargs)
           ^^^^^^^^^^^^^^^^^^^^^^^^^^^^^^^^^^^^^^
  File "/home/airflow/.local/lib/python3.12/site-packages/airflow/models/taskinstance.py", line 3004, in _run_raw_task
    return _run_raw_task(
           ^^^^^^^^^^^^^^
  File "/home/airflow/.local/lib/python3.12/site-packages/airflow/models/taskinstance.py", line 273, in _run_raw_task
    TaskInstance._execute_task_with_callbacks(
  File "/home/airflow/.local/lib/python3.12/site-packages/airflow/models/taskinstance.py", line 3158, in _execute_task_with_callbacks
    result = self._execute_task(context, task_orig)
             ^^^^^^^^^^^^^^^^^^^^^^^^^^^^^^^^^^^^^^
  File "/home/airflow/.local/lib/python3.12/site-packages/airflow/models/taskinstance.py", line 3182, in _execute_task
    return _execute_task(self, context, task_orig)
           ^^^^^^^^^^^^^^^^^^^^^^^^^^^^^^^^^^^^^^^
  File "/home/airflow/.local/lib/python3.12/site-packages/airflow/models/taskinstance.py", line 767, in _execute_task
    result = _execute_callable(context=context, **execute_callable_kwargs)
             ^^^^^^^^^^^^^^^^^^^^^^^^^^^^^^^^^^^^^^^^^^^^^^^^^^^^^^^^^^^^^
  File "/home/airflow/.local/lib/python3.12/site-packages/airflow/models/taskinstance.py", line 733, in _execute_callable
    return ExecutionCallableRunner(
           ^^^^^^^^^^^^^^^^^^^^^^^^
  File "/home/airflow/.local/lib/python3.12/site-packages/airflow/utils/operator_helpers.py", line 252, in run
    return self.func(*args, **kwargs)
           ^^^^^^^^^^^^^^^^^^^^^^^^^^
  File "/home/airflow/.local/lib/python3.12/site-packages/airflow/models/baseoperator.py", line 406, in wrapper
    return func(self, *args, **kwargs)
           ^^^^^^^^^^^^^^^^^^^^^^^^^^^
  File "/home/airflow/.local/lib/python3.12/site-packages/airflow/operators/bash.py", line 249, in execute
    raise AirflowException(
airflow.exceptions.AirflowException: Bash command failed. The command returned a non-zero exit code 2.
[2025-06-02T01:22:48.836+0000] {local_task_job_runner.py:266} INFO - Task exited with return code 1
[2025-06-02T01:22:53.092+0000] {standard_task_runner.py:217} INFO - Process not found (most likely exited), stop collecting metrics
[2025-06-02T01:23:07.414+0000] {local_task_job_runner.py:245} INFO - ::endgroup::
