[2025-06-02T00:48:30.342+0000] {local_task_job_runner.py:123} INFO - ::group::Pre task execution logs
[2025-06-02T00:48:30.357+0000] {taskinstance.py:2612} INFO - Dependencies all met for dep_context=non-requeueable deps ti=<TaskInstance: log_monitoring_dag.start_log_producer scheduled__2025-06-02T00:40:00+00:00 [queued]>
[2025-06-02T00:48:30.364+0000] {taskinstance.py:2612} INFO - Dependencies all met for dep_context=requeueable deps ti=<TaskInstance: log_monitoring_dag.start_log_producer scheduled__2025-06-02T00:40:00+00:00 [queued]>
[2025-06-02T00:48:30.365+0000] {taskinstance.py:2865} INFO - Starting attempt 1 of 2
[2025-06-02T00:48:30.381+0000] {taskinstance.py:2888} INFO - Executing <Task(BashOperator): start_log_producer> on 2025-06-02 00:40:00+00:00
[2025-06-02T00:48:30.390+0000] {logging_mixin.py:190} WARNING - /home/***/.local/lib/python3.12/site-packages/***/task/task_runner/standard_task_runner.py:70 DeprecationWarning: This process (pid=308) is multi-threaded, use of fork() may lead to deadlocks in the child.
[2025-06-02T00:48:30.388+0000] {standard_task_runner.py:104} INFO - Running: ['***', 'tasks', 'run', 'log_monitoring_dag', 'start_log_producer', 'scheduled__2025-06-02T00:40:00+00:00', '--job-id', '55', '--raw', '--subdir', 'DAGS_FOLDER/log_monitoring_dag.py', '--cfg-path', '/tmp/tmphh44z53f']
[2025-06-02T00:48:30.393+0000] {standard_task_runner.py:72} INFO - Started process 309 to run task
[2025-06-02T00:48:30.394+0000] {standard_task_runner.py:105} INFO - Job 55: Subtask start_log_producer
[2025-06-02T00:48:30.546+0000] {logging_mixin.py:190} WARNING - /home/***/.local/lib/python3.12/site-packages/***/settings.py:209 DeprecationWarning: The sql_alchemy_conn option in [core] has been moved to the sql_alchemy_conn option in [database] - the old setting has been used, but please update your config.
[2025-06-02T00:48:30.585+0000] {task_command.py:467} INFO - Running <TaskInstance: log_monitoring_dag.start_log_producer scheduled__2025-06-02T00:40:00+00:00 [running]> on host 95af1ae74a08
[2025-06-02T00:48:30.587+0000] {logging_mixin.py:190} WARNING - /home/***/.local/lib/python3.12/site-packages/***/settings.py:470 DeprecationWarning: The sql_alchemy_conn option in [core] has been moved to the sql_alchemy_conn option in [database] - the old setting has been used, but please update your config.
[2025-06-02T00:48:30.774+0000] {taskinstance.py:3131} INFO - Exporting env vars: AIRFLOW_CTX_DAG_OWNER='***' AIRFLOW_CTX_DAG_ID='log_monitoring_dag' AIRFLOW_CTX_TASK_ID='start_log_producer' AIRFLOW_CTX_EXECUTION_DATE='2025-06-02T00:40:00+00:00' AIRFLOW_CTX_TRY_NUMBER='1' AIRFLOW_CTX_DAG_RUN_ID='scheduled__2025-06-02T00:40:00+00:00'
[2025-06-02T00:48:30.776+0000] {taskinstance.py:731} INFO - ::endgroup::
[2025-06-02T00:48:30.792+0000] {subprocess.py:63} INFO - Tmp dir root location: /tmp
[2025-06-02T00:48:30.793+0000] {subprocess.py:75} INFO - Running command: ['/usr/bin/bash', '-c', 'cd /opt/***/app && python -u log_producer.py']
[2025-06-02T00:48:31.141+0000] {subprocess.py:86} INFO - Output:
[2025-06-02T00:48:40.451+0000] {subprocess.py:93} INFO - Sent log: {'timestamp': '2025-06-02T00:48:34.299932', 'level': 'INFO', 'message': 'This is a log message'}
[2025-06-02T00:48:51.474+0000] {subprocess.py:93} INFO - Sent log: {'timestamp': '2025-06-02T00:48:51.472298', 'level': 'WARNING', 'message': 'This is a log message'}
[2025-06-02T00:48:52.953+0000] {subprocess.py:93} INFO - Sent log: {'timestamp': '2025-06-02T00:48:52.952254', 'level': 'ERROR', 'message': 'This is a log message'}
[2025-06-02T00:48:53.955+0000] {subprocess.py:93} INFO - Sent log: {'timestamp': '2025-06-02T00:48:53.955550', 'level': 'ERROR', 'message': 'This is a log message'}
[2025-06-02T00:48:55.080+0000] {subprocess.py:93} INFO - Sent log: {'timestamp': '2025-06-02T00:48:55.079764', 'level': 'WARNING', 'message': 'This is a log message'}
[2025-06-02T00:48:56.085+0000] {subprocess.py:93} INFO - Sent log: {'timestamp': '2025-06-02T00:48:56.084879', 'level': 'INFO', 'message': 'This is a log message'}
[2025-06-02T00:48:57.088+0000] {subprocess.py:93} INFO - Sent log: {'timestamp': '2025-06-02T00:48:57.087408', 'level': 'INFO', 'message': 'This is a log message'}
[2025-06-02T00:48:58.092+0000] {subprocess.py:93} INFO - Sent log: {'timestamp': '2025-06-02T00:48:58.092019', 'level': 'ERROR', 'message': 'This is a log message'}
[2025-06-02T00:48:59.095+0000] {subprocess.py:93} INFO - Sent log: {'timestamp': '2025-06-02T00:48:59.094799', 'level': 'INFO', 'message': 'This is a log message'}
[2025-06-02T00:49:00.168+0000] {subprocess.py:93} INFO - Sent log: {'timestamp': '2025-06-02T00:49:00.167167', 'level': 'ERROR', 'message': 'This is a log message'}
[2025-06-02T00:49:01.170+0000] {subprocess.py:93} INFO - Sent log: {'timestamp': '2025-06-02T00:49:01.170274', 'level': 'INFO', 'message': 'This is a log message'}
[2025-06-02T00:49:02.174+0000] {subprocess.py:93} INFO - Sent log: {'timestamp': '2025-06-02T00:49:02.173750', 'level': 'WARNING', 'message': 'This is a log message'}
[2025-06-02T00:49:03.448+0000] {subprocess.py:93} INFO - Sent log: {'timestamp': '2025-06-02T00:49:03.446543', 'level': 'ERROR', 'message': 'This is a log message'}
[2025-06-02T00:49:13.101+0000] {subprocess.py:93} INFO - Sent log: {'timestamp': '2025-06-02T00:49:13.100046', 'level': 'WARNING', 'message': 'This is a log message'}
[2025-06-02T00:49:58.421+0000] {job.py:229} INFO - Heartbeat recovered after 48.13 seconds
[2025-06-02T00:50:00.620+0000] {subprocess.py:93} INFO - Sent log: {'timestamp': '2025-06-02T00:50:00.620374', 'level': 'WARNING', 'message': 'This is a log message'}
[2025-06-02T00:50:03.047+0000] {subprocess.py:93} INFO - Sent log: {'timestamp': '2025-06-02T00:50:03.046793', 'level': 'ERROR', 'message': 'This is a log message'}
[2025-06-02T00:50:04.969+0000] {subprocess.py:93} INFO - Sent log: {'timestamp': '2025-06-02T00:50:04.909924', 'level': 'WARNING', 'message': 'This is a log message'}
[2025-06-02T00:50:05.912+0000] {subprocess.py:93} INFO - Sent log: {'timestamp': '2025-06-02T00:50:05.912398', 'level': 'INFO', 'message': 'This is a log message'}
[2025-06-02T00:50:07.801+0000] {subprocess.py:93} INFO - Sent log: {'timestamp': '2025-06-02T00:50:07.800720', 'level': 'ERROR', 'message': 'This is a log message'}
[2025-06-02T00:50:08.190+0000] {job.py:229} INFO - Heartbeat recovered after 49.75 seconds
[2025-06-02T00:50:09.139+0000] {subprocess.py:93} INFO - Sent log: {'timestamp': '2025-06-02T00:50:09.137338', 'level': 'WARNING', 'message': 'This is a log message'}
[2025-06-02T00:50:10.337+0000] {subprocess.py:93} INFO - Sent log: {'timestamp': '2025-06-02T00:50:10.335942', 'level': 'WARNING', 'message': 'This is a log message'}
[2025-06-02T00:50:11.377+0000] {subprocess.py:93} INFO - Sent log: {'timestamp': '2025-06-02T00:50:11.376677', 'level': 'INFO', 'message': 'This is a log message'}
[2025-06-02T00:50:12.559+0000] {subprocess.py:93} INFO - Sent log: {'timestamp': '2025-06-02T00:50:12.558936', 'level': 'INFO', 'message': 'This is a log message'}
[2025-06-02T00:51:36.138+0000] {job.py:229} INFO - Heartbeat recovered after 89.27 seconds
[2025-06-02T00:51:42.984+0000] {subprocess.py:97} INFO - Command exited with return code 0
[2025-06-02T00:51:44.382+0000] {job.py:229} INFO - Heartbeat recovered after 90.20 seconds
[2025-06-02T00:51:44.594+0000] {taskinstance.py:340} INFO - ::group::Post task execution logs
[2025-06-02T00:51:44.614+0000] {taskinstance.py:352} INFO - Marking task as SUCCESS. dag_id=log_monitoring_dag, task_id=start_log_producer, run_id=scheduled__2025-06-02T00:40:00+00:00, execution_date=20250602T004000, start_date=20250602T004830, end_date=20250602T005144
[2025-06-02T00:51:50.624+0000] {local_task_job_runner.py:266} INFO - Task exited with return code 0
[2025-06-02T00:51:52.469+0000] {taskinstance.py:3900} INFO - 1 downstream tasks scheduled from follow-on schedule check
[2025-06-02T00:51:52.517+0000] {local_task_job_runner.py:245} INFO - ::endgroup::
