[2025-06-01T16:54:32.052+0000] {local_task_job_runner.py:123} INFO - ::group::Pre task execution logs
[2025-06-01T16:54:32.070+0000] {taskinstance.py:2612} INFO - Dependencies all met for dep_context=non-requeueable deps ti=<TaskInstance: log_monitoring_dag.start_spark_consumer scheduled__2025-06-01T16:40:00+00:00 [queued]>
[2025-06-01T16:54:32.078+0000] {taskinstance.py:2612} INFO - Dependencies all met for dep_context=requeueable deps ti=<TaskInstance: log_monitoring_dag.start_spark_consumer scheduled__2025-06-01T16:40:00+00:00 [queued]>
[2025-06-01T16:54:32.079+0000] {taskinstance.py:2865} INFO - Starting attempt 1 of 2
[2025-06-01T16:54:32.095+0000] {taskinstance.py:2888} INFO - Executing <Task(BashOperator): start_spark_consumer> on 2025-06-01 16:40:00+00:00
[2025-06-01T16:54:32.102+0000] {logging_mixin.py:190} WARNING - /home/***/.local/lib/python3.12/site-packages/***/task/task_runner/standard_task_runner.py:70 DeprecationWarning: This process (pid=225) is multi-threaded, use of fork() may lead to deadlocks in the child.
[2025-06-01T16:54:32.102+0000] {standard_task_runner.py:104} INFO - Running: ['***', 'tasks', 'run', 'log_monitoring_dag', 'start_spark_consumer', 'scheduled__2025-06-01T16:40:00+00:00', '--job-id', '41', '--raw', '--subdir', 'DAGS_FOLDER/log_monitoring_dag.py', '--cfg-path', '/tmp/tmpnuls_stm']
[2025-06-01T16:54:32.107+0000] {standard_task_runner.py:72} INFO - Started process 226 to run task
[2025-06-01T16:54:32.107+0000] {standard_task_runner.py:105} INFO - Job 41: Subtask start_spark_consumer
[2025-06-01T16:54:32.128+0000] {logging_mixin.py:190} WARNING - /home/***/.local/lib/python3.12/site-packages/***/settings.py:209 DeprecationWarning: The sql_alchemy_conn option in [core] has been moved to the sql_alchemy_conn option in [database] - the old setting has been used, but please update your config.
[2025-06-01T16:54:33.585+0000] {task_command.py:467} INFO - Running <TaskInstance: log_monitoring_dag.start_spark_consumer scheduled__2025-06-01T16:40:00+00:00 [running]> on host 61a0313acf02
[2025-06-01T16:54:33.586+0000] {logging_mixin.py:190} WARNING - /home/***/.local/lib/python3.12/site-packages/***/settings.py:470 DeprecationWarning: The sql_alchemy_conn option in [core] has been moved to the sql_alchemy_conn option in [database] - the old setting has been used, but please update your config.
[2025-06-01T16:54:33.674+0000] {taskinstance.py:3131} INFO - Exporting env vars: AIRFLOW_CTX_DAG_OWNER='***' AIRFLOW_CTX_DAG_ID='log_monitoring_dag' AIRFLOW_CTX_TASK_ID='start_spark_consumer' AIRFLOW_CTX_EXECUTION_DATE='2025-06-01T16:40:00+00:00' AIRFLOW_CTX_TRY_NUMBER='1' AIRFLOW_CTX_DAG_RUN_ID='scheduled__2025-06-01T16:40:00+00:00'
[2025-06-01T16:54:33.675+0000] {taskinstance.py:731} INFO - ::endgroup::
[2025-06-01T16:54:33.692+0000] {subprocess.py:63} INFO - Tmp dir root location: /tmp
[2025-06-01T16:54:33.693+0000] {subprocess.py:75} INFO - Running command: ['/usr/bin/bash', '-c', 'docker run --rm --network realtime_log_monitoring_default -v /opt/***/app:/app bitnami/spark:3.3.0 spark-submit --packages org.apache.spark:spark-sql-kafka-0-10_2.12:3.2.0 /app/log_consumer.py']
[2025-06-01T16:54:33.704+0000] {subprocess.py:86} INFO - Output:
[2025-06-01T16:54:43.492+0000] {subprocess.py:93} INFO - [38;5;6m [38;5;5m16:54:43.49 [0m
[2025-06-01T16:54:43.493+0000] {subprocess.py:93} INFO - [38;5;6m [38;5;5m16:54:43.49 [0m[1mWelcome to the Bitnami spark container[0m
[2025-06-01T16:54:43.494+0000] {subprocess.py:93} INFO - [38;5;6m [38;5;5m16:54:43.49 [0mSubscribe to project updates by watching [1mhttps://github.com/bitnami/containers[0m
[2025-06-01T16:54:43.496+0000] {subprocess.py:93} INFO - [38;5;6m [38;5;5m16:54:43.49 [0mSubmit issues and feature requests at [1mhttps://github.com/bitnami/containers/issues[0m
[2025-06-01T16:54:43.497+0000] {subprocess.py:93} INFO - [38;5;6m [38;5;5m16:54:43.49 [0m
[2025-06-01T16:54:43.504+0000] {subprocess.py:93} INFO - 
[2025-06-01T16:55:01.020+0000] {job.py:229} INFO - Heartbeat recovered after 10.99 seconds
[2025-06-01T16:55:13.242+0000] {job.py:229} INFO - Heartbeat recovered after 12.43 seconds
[2025-06-01T16:55:24.070+0000] {job.py:229} INFO - Heartbeat recovered after 11.13 seconds
[2025-06-01T16:55:24.219+0000] {subprocess.py:93} INFO - :: loading settings :: url = jar:file:/opt/bitnami/spark/jars/ivy-2.5.0.jar!/org/apache/ivy/core/settings/ivysettings.xml
[2025-06-01T16:55:24.325+0000] {subprocess.py:93} INFO - Ivy Default Cache set to: /opt/bitnami/spark/.ivy2/cache
[2025-06-01T16:55:24.326+0000] {subprocess.py:93} INFO - The jars for the packages stored in: /opt/bitnami/spark/.ivy2/jars
[2025-06-01T16:55:24.332+0000] {subprocess.py:93} INFO - org.apache.spark#spark-sql-kafka-0-10_2.12 added as a dependency
[2025-06-01T16:55:24.334+0000] {subprocess.py:93} INFO - :: resolving dependencies :: org.apache.spark#spark-submit-parent-d563e063-c41b-49a3-a810-115119af0ab0;1.0
[2025-06-01T16:55:24.335+0000] {subprocess.py:93} INFO - 	confs: [default]
[2025-06-01T16:55:34.848+0000] {subprocess.py:93} INFO - 	found org.apache.spark#spark-sql-kafka-0-10_2.12;3.2.0 in central
[2025-06-01T16:55:58.166+0000] {subprocess.py:93} INFO - 	found org.apache.spark#spark-token-provider-kafka-0-10_2.12;3.2.0 in central
[2025-06-01T16:55:59.430+0000] {subprocess.py:93} INFO - 	found org.apache.kafka#kafka-clients;2.8.0 in central
[2025-06-01T16:55:59.904+0000] {subprocess.py:93} INFO - 	found org.lz4#lz4-java;1.7.1 in central
[2025-06-01T16:56:00.216+0000] {subprocess.py:93} INFO - 	found org.xerial.snappy#snappy-java;1.1.8.4 in central
[2025-06-01T16:56:02.096+0000] {job.py:229} INFO - Heartbeat recovered after 10.56 seconds
[2025-06-01T16:56:02.419+0000] {subprocess.py:93} INFO - 	found org.slf4j#slf4j-api;1.7.30 in central
[2025-06-01T16:56:05.601+0000] {subprocess.py:93} INFO - 	found org.apache.hadoop#hadoop-client-runtime;3.3.1 in central
[2025-06-01T16:56:06.865+0000] {subprocess.py:93} INFO - 	found org.spark-project.spark#unused;1.0.0 in central
[2025-06-01T16:56:08.006+0000] {subprocess.py:93} INFO - 	found org.apache.hadoop#hadoop-client-api;3.3.1 in central
[2025-06-01T16:56:12.302+0000] {subprocess.py:93} INFO - 	found org.apache.htrace#htrace-core4;4.1.0-incubating in central
[2025-06-01T16:56:19.728+0000] {subprocess.py:93} INFO - 	found commons-logging#commons-logging;1.1.3 in central
[2025-06-01T16:56:20.275+0000] {subprocess.py:93} INFO - 	found com.google.code.findbugs#jsr305;3.0.0 in central
[2025-06-01T16:56:23.693+0000] {subprocess.py:93} INFO - 	found org.apache.commons#commons-pool2;2.6.2 in central
[2025-06-01T16:56:25.629+0000] {subprocess.py:93} INFO - downloading https://repo1.maven.org/maven2/org/apache/spark/spark-sql-kafka-0-10_2.12/3.2.0/spark-sql-kafka-0-10_2.12-3.2.0.jar ...
[2025-06-01T16:56:26.636+0000] {subprocess.py:93} INFO - 	[SUCCESSFUL ] org.apache.spark#spark-sql-kafka-0-10_2.12;3.2.0!spark-sql-kafka-0-10_2.12.jar (1153ms)
[2025-06-01T16:56:26.784+0000] {subprocess.py:93} INFO - downloading https://repo1.maven.org/maven2/org/apache/spark/spark-token-provider-kafka-0-10_2.12/3.2.0/spark-token-provider-kafka-0-10_2.12-3.2.0.jar ...
[2025-06-01T16:56:27.254+0000] {subprocess.py:93} INFO - 	[SUCCESSFUL ] org.apache.spark#spark-token-provider-kafka-0-10_2.12;3.2.0!spark-token-provider-kafka-0-10_2.12.jar (587ms)
[2025-06-01T16:56:27.402+0000] {subprocess.py:93} INFO - downloading https://repo1.maven.org/maven2/org/apache/kafka/kafka-clients/2.8.0/kafka-clients-2.8.0.jar ...
[2025-06-01T16:56:41.319+0000] {subprocess.py:93} INFO - 	[SUCCESSFUL ] org.apache.kafka#kafka-clients;2.8.0!kafka-clients.jar (14094ms)
[2025-06-01T16:56:41.465+0000] {subprocess.py:93} INFO - downloading https://repo1.maven.org/maven2/com/google/code/findbugs/jsr305/3.0.0/jsr305-3.0.0.jar ...
[2025-06-01T16:56:41.623+0000] {subprocess.py:93} INFO - 	[SUCCESSFUL ] com.google.code.findbugs#jsr305;3.0.0!jsr305.jar (303ms)
[2025-06-01T16:56:41.769+0000] {subprocess.py:93} INFO - downloading https://repo1.maven.org/maven2/org/apache/commons/commons-pool2/2.6.2/commons-pool2-2.6.2.jar ...
[2025-06-01T16:56:41.994+0000] {subprocess.py:93} INFO - 	[SUCCESSFUL ] org.apache.commons#commons-pool2;2.6.2!commons-pool2.jar (370ms)
[2025-06-01T16:56:42.143+0000] {subprocess.py:93} INFO - downloading https://repo1.maven.org/maven2/org/spark-project/spark/unused/1.0.0/unused-1.0.0.jar ...
[2025-06-01T16:56:42.353+0000] {subprocess.py:93} INFO - 	[SUCCESSFUL ] org.spark-project.spark#unused;1.0.0!unused.jar (297ms)
[2025-06-01T16:56:42.773+0000] {subprocess.py:93} INFO - downloading https://repo1.maven.org/maven2/org/apache/hadoop/hadoop-client-runtime/3.3.1/hadoop-client-runtime-3.3.1.jar ...
[2025-06-01T16:57:03.274+0000] {job.py:229} INFO - Heartbeat recovered after 11.27 seconds
[2025-06-01T16:57:15.638+0000] {subprocess.py:93} INFO - 	[SUCCESSFUL ] org.apache.hadoop#hadoop-client-runtime;3.3.1!hadoop-client-runtime.jar (33281ms)
[2025-06-01T16:57:15.787+0000] {subprocess.py:93} INFO - downloading https://repo1.maven.org/maven2/org/lz4/lz4-java/1.7.1/lz4-java-1.7.1.jar ...
[2025-06-01T16:57:17.207+0000] {subprocess.py:93} INFO - 	[SUCCESSFUL ] org.lz4#lz4-java;1.7.1!lz4-java.jar (1569ms)
[2025-06-01T16:57:17.354+0000] {subprocess.py:93} INFO - downloading https://repo1.maven.org/maven2/org/xerial/snappy/snappy-java/1.1.8.4/snappy-java-1.1.8.4.jar ...
[2025-06-01T16:57:19.028+0000] {subprocess.py:93} INFO - 	[SUCCESSFUL ] org.xerial.snappy#snappy-java;1.1.8.4!snappy-java.jar(bundle) (1821ms)
[2025-06-01T16:57:19.175+0000] {subprocess.py:93} INFO - downloading https://repo1.maven.org/maven2/org/slf4j/slf4j-api/1.7.30/slf4j-api-1.7.30.jar ...
[2025-06-01T16:57:19.348+0000] {subprocess.py:93} INFO - 	[SUCCESSFUL ] org.slf4j#slf4j-api;1.7.30!slf4j-api.jar (319ms)
[2025-06-01T16:57:19.498+0000] {subprocess.py:93} INFO - downloading https://repo1.maven.org/maven2/org/apache/hadoop/hadoop-client-api/3.3.1/hadoop-client-api-3.3.1.jar ...
[2025-06-01T16:57:36.316+0000] {subprocess.py:93} INFO - 	[SUCCESSFUL ] org.apache.hadoop#hadoop-client-api;3.3.1!hadoop-client-api.jar (16966ms)
[2025-06-01T16:57:36.462+0000] {subprocess.py:93} INFO - downloading https://repo1.maven.org/maven2/org/apache/htrace/htrace-core4/4.1.0-incubating/htrace-core4-4.1.0-incubating.jar ...
[2025-06-01T16:57:39.117+0000] {subprocess.py:93} INFO - 	[SUCCESSFUL ] org.apache.htrace#htrace-core4;4.1.0-incubating!htrace-core4.jar (2800ms)
[2025-06-01T16:57:39.262+0000] {subprocess.py:93} INFO - downloading https://repo1.maven.org/maven2/commons-logging/commons-logging/1.1.3/commons-logging-1.1.3.jar ...
[2025-06-01T16:57:39.444+0000] {subprocess.py:93} INFO - 	[SUCCESSFUL ] commons-logging#commons-logging;1.1.3!commons-logging.jar (327ms)
[2025-06-01T16:57:39.445+0000] {subprocess.py:93} INFO - :: resolution report :: resolve 61147ms :: artifacts dl 73964ms
[2025-06-01T16:57:39.562+0000] {subprocess.py:93} INFO - 	:: modules in use:
[2025-06-01T16:57:39.572+0000] {subprocess.py:93} INFO - 	com.google.code.findbugs#jsr305;3.0.0 from central in [default]
[2025-06-01T16:57:39.572+0000] {subprocess.py:93} INFO - 	commons-logging#commons-logging;1.1.3 from central in [default]
[2025-06-01T16:57:39.573+0000] {subprocess.py:93} INFO - 	org.apache.commons#commons-pool2;2.6.2 from central in [default]
[2025-06-01T16:57:39.573+0000] {subprocess.py:93} INFO - 	org.apache.hadoop#hadoop-client-api;3.3.1 from central in [default]
[2025-06-01T16:57:39.574+0000] {subprocess.py:93} INFO - 	org.apache.hadoop#hadoop-client-runtime;3.3.1 from central in [default]
[2025-06-01T16:57:39.574+0000] {subprocess.py:93} INFO - 	org.apache.htrace#htrace-core4;4.1.0-incubating from central in [default]
[2025-06-01T16:57:39.575+0000] {subprocess.py:93} INFO - 	org.apache.kafka#kafka-clients;2.8.0 from central in [default]
[2025-06-01T16:57:39.575+0000] {subprocess.py:93} INFO - 	org.apache.spark#spark-sql-kafka-0-10_2.12;3.2.0 from central in [default]
[2025-06-01T16:57:39.576+0000] {subprocess.py:93} INFO - 	org.apache.spark#spark-token-provider-kafka-0-10_2.12;3.2.0 from central in [default]
[2025-06-01T16:57:39.576+0000] {subprocess.py:93} INFO - 	org.lz4#lz4-java;1.7.1 from central in [default]
[2025-06-01T16:57:39.577+0000] {subprocess.py:93} INFO - 	org.slf4j#slf4j-api;1.7.30 from central in [default]
[2025-06-01T16:57:39.578+0000] {subprocess.py:93} INFO - 	org.spark-project.spark#unused;1.0.0 from central in [default]
[2025-06-01T16:57:39.578+0000] {subprocess.py:93} INFO - 	org.xerial.snappy#snappy-java;1.1.8.4 from central in [default]
[2025-06-01T16:57:39.578+0000] {subprocess.py:93} INFO - 	---------------------------------------------------------------------
[2025-06-01T16:57:39.579+0000] {subprocess.py:93} INFO - 	|                  |            modules            ||   artifacts   |
[2025-06-01T16:57:39.579+0000] {subprocess.py:93} INFO - 	|       conf       | number| search|dwnlded|evicted|| number|dwnlded|
[2025-06-01T16:57:39.580+0000] {subprocess.py:93} INFO - 	---------------------------------------------------------------------
[2025-06-01T16:57:39.581+0000] {subprocess.py:93} INFO - 	|      default     |   13  |   13  |   13  |   0   ||   13  |   13  |
[2025-06-01T16:57:39.581+0000] {subprocess.py:93} INFO - 	---------------------------------------------------------------------
[2025-06-01T16:57:39.581+0000] {subprocess.py:93} INFO - :: retrieving :: org.apache.spark#spark-submit-parent-d563e063-c41b-49a3-a810-115119af0ab0
[2025-06-01T16:57:39.582+0000] {subprocess.py:93} INFO - 	confs: [default]
[2025-06-01T16:58:06.529+0000] {subprocess.py:93} INFO - 	13 artifacts copied, 0 already retrieved (59181kB/27075ms)
[2025-06-01T16:58:08.890+0000] {subprocess.py:93} INFO - 25/06/01 16:58:08 WARN NativeCodeLoader: Unable to load native-hadoop library for your platform... using builtin-java classes where applicable
[2025-06-01T16:58:21.689+0000] {subprocess.py:93} INFO - python3: can't open file '/app/log_consumer.py': [Errno 2] No such file or directory
[2025-06-01T16:58:21.710+0000] {subprocess.py:93} INFO - 25/06/01 16:58:21 INFO ShutdownHookManager: Shutdown hook called
[2025-06-01T16:58:21.711+0000] {subprocess.py:93} INFO - 25/06/01 16:58:21 INFO ShutdownHookManager: Deleting directory /tmp/spark-3760a14a-dec5-4165-b5d7-010cc82dfb55
[2025-06-01T16:58:26.790+0000] {subprocess.py:97} INFO - Command exited with return code 2
[2025-06-01T16:58:26.894+0000] {taskinstance.py:3310} ERROR - Task failed with exception
Traceback (most recent call last):
  File "/home/airflow/.local/lib/python3.12/site-packages/airflow/models/taskinstance.py", line 767, in _execute_task
    result = _execute_callable(context=context, **execute_callable_kwargs)
             ^^^^^^^^^^^^^^^^^^^^^^^^^^^^^^^^^^^^^^^^^^^^^^^^^^^^^^^^^^^^^
  File "/home/airflow/.local/lib/python3.12/site-packages/airflow/models/taskinstance.py", line 733, in _execute_callable
    return ExecutionCallableRunner(
           ^^^^^^^^^^^^^^^^^^^^^^^^
  File "/home/airflow/.local/lib/python3.12/site-packages/airflow/utils/operator_helpers.py", line 252, in run
    return self.func(*args, **kwargs)
           ^^^^^^^^^^^^^^^^^^^^^^^^^^
  File "/home/airflow/.local/lib/python3.12/site-packages/airflow/models/baseoperator.py", line 406, in wrapper
    return func(self, *args, **kwargs)
           ^^^^^^^^^^^^^^^^^^^^^^^^^^^
  File "/home/airflow/.local/lib/python3.12/site-packages/airflow/operators/bash.py", line 249, in execute
    raise AirflowException(
airflow.exceptions.AirflowException: Bash command failed. The command returned a non-zero exit code 2.
[2025-06-01T16:58:26.916+0000] {taskinstance.py:1225} INFO - Marking task as UP_FOR_RETRY. dag_id=log_monitoring_dag, task_id=start_spark_consumer, run_id=scheduled__2025-06-01T16:40:00+00:00, execution_date=20250601T164000, start_date=20250601T165432, end_date=20250601T165826
[2025-06-01T16:58:26.978+0000] {taskinstance.py:340} INFO - ::group::Post task execution logs
[2025-06-01T16:58:26.982+0000] {standard_task_runner.py:124} ERROR - Failed to execute job 41 for task start_spark_consumer (Bash command failed. The command returned a non-zero exit code 2.; 226)
Traceback (most recent call last):
  File "/home/airflow/.local/lib/python3.12/site-packages/airflow/task/task_runner/standard_task_runner.py", line 117, in _start_by_fork
    ret = args.func(args, dag=self.dag)
          ^^^^^^^^^^^^^^^^^^^^^^^^^^^^^
  File "/home/airflow/.local/lib/python3.12/site-packages/airflow/cli/cli_config.py", line 49, in command
    return func(*args, **kwargs)
           ^^^^^^^^^^^^^^^^^^^^^
  File "/home/airflow/.local/lib/python3.12/site-packages/airflow/utils/cli.py", line 115, in wrapper
    return f(*args, **kwargs)
           ^^^^^^^^^^^^^^^^^^
  File "/home/airflow/.local/lib/python3.12/site-packages/airflow/cli/commands/task_command.py", line 483, in task_run
    task_return_code = _run_task_by_selected_method(args, _dag, ti)
                       ^^^^^^^^^^^^^^^^^^^^^^^^^^^^^^^^^^^^^^^^^^^^
  File "/home/airflow/.local/lib/python3.12/site-packages/airflow/cli/commands/task_command.py", line 256, in _run_task_by_selected_method
    return _run_raw_task(args, ti)
           ^^^^^^^^^^^^^^^^^^^^^^^
  File "/home/airflow/.local/lib/python3.12/site-packages/airflow/cli/commands/task_command.py", line 341, in _run_raw_task
    return ti._run_raw_task(
           ^^^^^^^^^^^^^^^^^
  File "/home/airflow/.local/lib/python3.12/site-packages/airflow/utils/session.py", line 97, in wrapper
    return func(*args, session=session, **kwargs)
           ^^^^^^^^^^^^^^^^^^^^^^^^^^^^^^^^^^^^^^
  File "/home/airflow/.local/lib/python3.12/site-packages/airflow/models/taskinstance.py", line 3004, in _run_raw_task
    return _run_raw_task(
           ^^^^^^^^^^^^^^
  File "/home/airflow/.local/lib/python3.12/site-packages/airflow/models/taskinstance.py", line 273, in _run_raw_task
    TaskInstance._execute_task_with_callbacks(
  File "/home/airflow/.local/lib/python3.12/site-packages/airflow/models/taskinstance.py", line 3158, in _execute_task_with_callbacks
    result = self._execute_task(context, task_orig)
             ^^^^^^^^^^^^^^^^^^^^^^^^^^^^^^^^^^^^^^
  File "/home/airflow/.local/lib/python3.12/site-packages/airflow/models/taskinstance.py", line 3182, in _execute_task
    return _execute_task(self, context, task_orig)
           ^^^^^^^^^^^^^^^^^^^^^^^^^^^^^^^^^^^^^^^
  File "/home/airflow/.local/lib/python3.12/site-packages/airflow/models/taskinstance.py", line 767, in _execute_task
    result = _execute_callable(context=context, **execute_callable_kwargs)
             ^^^^^^^^^^^^^^^^^^^^^^^^^^^^^^^^^^^^^^^^^^^^^^^^^^^^^^^^^^^^^
  File "/home/airflow/.local/lib/python3.12/site-packages/airflow/models/taskinstance.py", line 733, in _execute_callable
    return ExecutionCallableRunner(
           ^^^^^^^^^^^^^^^^^^^^^^^^
  File "/home/airflow/.local/lib/python3.12/site-packages/airflow/utils/operator_helpers.py", line 252, in run
    return self.func(*args, **kwargs)
           ^^^^^^^^^^^^^^^^^^^^^^^^^^
  File "/home/airflow/.local/lib/python3.12/site-packages/airflow/models/baseoperator.py", line 406, in wrapper
    return func(self, *args, **kwargs)
           ^^^^^^^^^^^^^^^^^^^^^^^^^^^
  File "/home/airflow/.local/lib/python3.12/site-packages/airflow/operators/bash.py", line 249, in execute
    raise AirflowException(
airflow.exceptions.AirflowException: Bash command failed. The command returned a non-zero exit code 2.
[2025-06-01T16:58:27.035+0000] {local_task_job_runner.py:266} INFO - Task exited with return code 1
[2025-06-01T16:58:27.085+0000] {taskinstance.py:3900} INFO - 0 downstream tasks scheduled from follow-on schedule check
[2025-06-01T16:58:27.091+0000] {local_task_job_runner.py:245} INFO - ::endgroup::
