[2025-06-01T16:59:31.570+0000] {local_task_job_runner.py:123} INFO - ::group::Pre task execution logs
[2025-06-01T16:59:31.648+0000] {taskinstance.py:2612} INFO - Dependencies all met for dep_context=non-requeueable deps ti=<TaskInstance: log_monitoring_dag.start_spark_consumer scheduled__2025-06-01T16:40:00+00:00 [queued]>
[2025-06-01T16:59:31.660+0000] {taskinstance.py:2612} INFO - Dependencies all met for dep_context=requeueable deps ti=<TaskInstance: log_monitoring_dag.start_spark_consumer scheduled__2025-06-01T16:40:00+00:00 [queued]>
[2025-06-01T16:59:31.661+0000] {taskinstance.py:2865} INFO - Starting attempt 2 of 2
[2025-06-01T16:59:31.771+0000] {taskinstance.py:2888} INFO - Executing <Task(BashOperator): start_spark_consumer> on 2025-06-01 16:40:00+00:00
[2025-06-01T16:59:31.785+0000] {logging_mixin.py:190} WARNING - /home/***/.local/lib/python3.12/site-packages/***/task/task_runner/standard_task_runner.py:70 DeprecationWarning: This process (pid=301) is multi-threaded, use of fork() may lead to deadlocks in the child.
[2025-06-01T16:59:31.787+0000] {standard_task_runner.py:72} INFO - Started process 305 to run task
[2025-06-01T16:59:31.788+0000] {standard_task_runner.py:104} INFO - Running: ['***', 'tasks', 'run', 'log_monitoring_dag', 'start_spark_consumer', 'scheduled__2025-06-01T16:40:00+00:00', '--job-id', '46', '--raw', '--subdir', 'DAGS_FOLDER/log_monitoring_dag.py', '--cfg-path', '/tmp/tmpu0aaglhe']
[2025-06-01T16:59:31.791+0000] {standard_task_runner.py:105} INFO - Job 46: Subtask start_spark_consumer
[2025-06-01T16:59:32.031+0000] {logging_mixin.py:190} WARNING - /home/***/.local/lib/python3.12/site-packages/***/settings.py:209 DeprecationWarning: The sql_alchemy_conn option in [core] has been moved to the sql_alchemy_conn option in [database] - the old setting has been used, but please update your config.
[2025-06-01T16:59:32.122+0000] {task_command.py:467} INFO - Running <TaskInstance: log_monitoring_dag.start_spark_consumer scheduled__2025-06-01T16:40:00+00:00 [running]> on host 61a0313acf02
[2025-06-01T16:59:32.125+0000] {logging_mixin.py:190} WARNING - /home/***/.local/lib/python3.12/site-packages/***/settings.py:470 DeprecationWarning: The sql_alchemy_conn option in [core] has been moved to the sql_alchemy_conn option in [database] - the old setting has been used, but please update your config.
[2025-06-01T16:59:32.312+0000] {taskinstance.py:3131} INFO - Exporting env vars: AIRFLOW_CTX_DAG_OWNER='***' AIRFLOW_CTX_DAG_ID='log_monitoring_dag' AIRFLOW_CTX_TASK_ID='start_spark_consumer' AIRFLOW_CTX_EXECUTION_DATE='2025-06-01T16:40:00+00:00' AIRFLOW_CTX_TRY_NUMBER='2' AIRFLOW_CTX_DAG_RUN_ID='scheduled__2025-06-01T16:40:00+00:00'
[2025-06-01T16:59:32.315+0000] {taskinstance.py:731} INFO - ::endgroup::
[2025-06-01T16:59:32.330+0000] {subprocess.py:63} INFO - Tmp dir root location: /tmp
[2025-06-01T16:59:32.332+0000] {subprocess.py:75} INFO - Running command: ['/usr/bin/bash', '-c', 'docker run --rm --network realtime_log_monitoring_default -v /opt/***/app:/app bitnami/spark:3.3.0 spark-submit --packages org.apache.spark:spark-sql-kafka-0-10_2.12:3.2.0 /app/log_consumer.py']
[2025-06-01T16:59:32.342+0000] {subprocess.py:86} INFO - Output:
[2025-06-01T16:59:41.622+0000] {subprocess.py:93} INFO - [38;5;6m [38;5;5m16:59:41.57 [0m
[2025-06-01T16:59:41.642+0000] {subprocess.py:93} INFO - [38;5;6m [38;5;5m16:59:41.62 [0m[1mWelcome to the Bitnami spark container[0m
[2025-06-01T16:59:41.643+0000] {subprocess.py:93} INFO - [38;5;6m [38;5;5m16:59:41.62 [0mSubscribe to project updates by watching [1mhttps://github.com/bitnami/containers[0m
[2025-06-01T16:59:41.644+0000] {subprocess.py:93} INFO - [38;5;6m [38;5;5m16:59:41.62 [0mSubmit issues and feature requests at [1mhttps://github.com/bitnami/containers/issues[0m
[2025-06-01T16:59:41.644+0000] {subprocess.py:93} INFO - [38;5;6m [38;5;5m16:59:41.62 [0m
[2025-06-01T16:59:41.644+0000] {subprocess.py:93} INFO - 
[2025-06-01T16:59:44.856+0000] {subprocess.py:93} INFO - :: loading settings :: url = jar:file:/opt/bitnami/spark/jars/ivy-2.5.0.jar!/org/apache/ivy/core/settings/ivysettings.xml
[2025-06-01T16:59:44.901+0000] {subprocess.py:93} INFO - Ivy Default Cache set to: /opt/bitnami/spark/.ivy2/cache
[2025-06-01T16:59:44.904+0000] {subprocess.py:93} INFO - The jars for the packages stored in: /opt/bitnami/spark/.ivy2/jars
[2025-06-01T16:59:44.905+0000] {subprocess.py:93} INFO - org.apache.spark#spark-sql-kafka-0-10_2.12 added as a dependency
[2025-06-01T16:59:44.906+0000] {subprocess.py:93} INFO - :: resolving dependencies :: org.apache.spark#spark-submit-parent-37cd4c0e-6b24-4b91-91a0-c4aceb8de252;1.0
[2025-06-01T16:59:44.906+0000] {subprocess.py:93} INFO - 	confs: [default]
[2025-06-01T16:59:48.822+0000] {subprocess.py:93} INFO - 	found org.apache.spark#spark-sql-kafka-0-10_2.12;3.2.0 in central
[2025-06-01T16:59:49.353+0000] {subprocess.py:93} INFO - 	found org.apache.spark#spark-token-provider-kafka-0-10_2.12;3.2.0 in central
[2025-06-01T16:59:49.658+0000] {subprocess.py:93} INFO - 	found org.apache.kafka#kafka-clients;2.8.0 in central
[2025-06-01T16:59:50.182+0000] {subprocess.py:93} INFO - 	found org.lz4#lz4-java;1.7.1 in central
[2025-06-01T16:59:50.540+0000] {subprocess.py:93} INFO - 	found org.xerial.snappy#snappy-java;1.1.8.4 in central
[2025-06-01T17:00:25.402+0000] {subprocess.py:93} INFO - 	found org.slf4j#slf4j-api;1.7.30 in central
[2025-06-01T17:00:32.094+0000] {subprocess.py:93} INFO - 	found org.apache.hadoop#hadoop-client-runtime;3.3.1 in central
[2025-06-01T17:00:32.769+0000] {job.py:229} INFO - Heartbeat recovered after 44.16 seconds
[2025-06-01T17:00:38.393+0000] {subprocess.py:93} INFO - 	found org.spark-project.spark#unused;1.0.0 in central
[2025-06-01T17:00:41.346+0000] {job.py:229} INFO - Heartbeat recovered after 40.93 seconds
[2025-06-01T17:00:42.076+0000] {subprocess.py:93} INFO - 	found org.apache.hadoop#hadoop-client-api;3.3.1 in central
[2025-06-01T17:00:50.702+0000] {subprocess.py:93} INFO - 	found org.apache.htrace#htrace-core4;4.1.0-incubating in central
[2025-06-01T17:01:18.794+0000] {job.py:229} INFO - Heartbeat recovered after 30.98 seconds
[2025-06-01T17:01:31.478+0000] {subprocess.py:93} INFO - 	found commons-logging#commons-logging;1.1.3 in central
[2025-06-01T17:01:46.127+0000] {job.py:229} INFO - Heartbeat recovered after 43.50 seconds
[2025-06-01T17:01:47.004+0000] {subprocess.py:93} INFO - 	found com.google.code.findbugs#jsr305;3.0.0 in central
[2025-06-01T17:01:56.494+0000] {subprocess.py:93} INFO - 	found org.apache.commons#commons-pool2;2.6.2 in central
[2025-06-01T17:02:01.270+0000] {subprocess.py:93} INFO - downloading https://repo1.maven.org/maven2/org/apache/spark/spark-sql-kafka-0-10_2.12/3.2.0/spark-sql-kafka-0-10_2.12-3.2.0.jar ...
[2025-06-01T17:02:05.619+0000] {subprocess.py:93} INFO - 	[SUCCESSFUL ] org.apache.spark#spark-sql-kafka-0-10_2.12;3.2.0!spark-sql-kafka-0-10_2.12.jar (4775ms)
[2025-06-01T17:02:05.759+0000] {subprocess.py:93} INFO - downloading https://repo1.maven.org/maven2/org/apache/spark/spark-token-provider-kafka-0-10_2.12/3.2.0/spark-token-provider-kafka-0-10_2.12-3.2.0.jar ...
[2025-06-01T17:02:06.220+0000] {subprocess.py:93} INFO - 	[SUCCESSFUL ] org.apache.spark#spark-token-provider-kafka-0-10_2.12;3.2.0!spark-token-provider-kafka-0-10_2.12.jar (601ms)
[2025-06-01T17:02:06.360+0000] {subprocess.py:93} INFO - downloading https://repo1.maven.org/maven2/org/apache/kafka/kafka-clients/2.8.0/kafka-clients-2.8.0.jar ...
[2025-06-01T17:02:10.252+0000] {subprocess.py:93} INFO - 	[SUCCESSFUL ] org.apache.kafka#kafka-clients;2.8.0!kafka-clients.jar (4031ms)
[2025-06-01T17:02:10.391+0000] {subprocess.py:93} INFO - downloading https://repo1.maven.org/maven2/com/google/code/findbugs/jsr305/3.0.0/jsr305-3.0.0.jar ...
[2025-06-01T17:02:10.957+0000] {subprocess.py:93} INFO - 	[SUCCESSFUL ] com.google.code.findbugs#jsr305;3.0.0!jsr305.jar (703ms)
[2025-06-01T17:02:11.096+0000] {subprocess.py:93} INFO - downloading https://repo1.maven.org/maven2/org/apache/commons/commons-pool2/2.6.2/commons-pool2-2.6.2.jar ...
[2025-06-01T17:02:11.734+0000] {subprocess.py:93} INFO - 	[SUCCESSFUL ] org.apache.commons#commons-pool2;2.6.2!commons-pool2.jar (777ms)
[2025-06-01T17:02:11.873+0000] {subprocess.py:93} INFO - downloading https://repo1.maven.org/maven2/org/spark-project/spark/unused/1.0.0/unused-1.0.0.jar ...
[2025-06-01T17:02:12.014+0000] {subprocess.py:93} INFO - 	[SUCCESSFUL ] org.spark-project.spark#unused;1.0.0!unused.jar (279ms)
[2025-06-01T17:02:12.153+0000] {subprocess.py:93} INFO - downloading https://repo1.maven.org/maven2/org/apache/hadoop/hadoop-client-runtime/3.3.1/hadoop-client-runtime-3.3.1.jar ...
[2025-06-01T17:04:39.730+0000] {job.py:229} INFO - Heartbeat recovered after 168.26 seconds
[2025-06-01T17:04:39.733+0000] {subprocess.py:93} INFO - time="2025-06-01T17:04:39Z" level=error msg="error waiting for container: unexpected EOF"
[2025-06-01T17:04:44.329+0000] {job.py:229} INFO - Heartbeat recovered after 164.85 seconds
[2025-06-01T17:05:01.598+0000] {subprocess.py:93} INFO - 	[SUCCESSFUL ] org.apache.hadoop#hadoop-client-runtime;3.3.1!hadoop-client-runtime.jar (169583ms)
[2025-06-01T17:05:01.744+0000] {subprocess.py:93} INFO - downloading https://repo1.maven.org/maven2/org/lz4/lz4-java/1.7.1/lz4-java-1.7.1.jar ...
[2025-06-01T17:05:48.151+0000] {subprocess.py:93} INFO - 	[SUCCESSFUL ] org.lz4#lz4-java;1.7.1!lz4-java.jar (46552ms)
[2025-06-01T17:05:48.239+0000] {job.py:229} INFO - Heartbeat recovered after 51.94 seconds
[2025-06-01T17:05:48.364+0000] {subprocess.py:93} INFO - downloading https://repo1.maven.org/maven2/org/xerial/snappy/snappy-java/1.1.8.4/snappy-java-1.1.8.4.jar ...
[2025-06-01T17:05:51.296+0000] {subprocess.py:93} INFO - 	[SUCCESSFUL ] org.xerial.snappy#snappy-java;1.1.8.4!snappy-java.jar(bundle) (3071ms)
[2025-06-01T17:05:51.435+0000] {subprocess.py:93} INFO - downloading https://repo1.maven.org/maven2/org/slf4j/slf4j-api/1.7.30/slf4j-api-1.7.30.jar ...
[2025-06-01T17:05:51.659+0000] {subprocess.py:93} INFO - 	[SUCCESSFUL ] org.slf4j#slf4j-api;1.7.30!slf4j-api.jar (361ms)
[2025-06-01T17:05:51.798+0000] {subprocess.py:93} INFO - downloading https://repo1.maven.org/maven2/org/apache/hadoop/hadoop-client-api/3.3.1/hadoop-client-api-3.3.1.jar ...
[2025-06-01T17:05:53.576+0000] {job.py:229} INFO - Heartbeat recovered after 51.57 seconds
[2025-06-01T17:06:07.757+0000] {subprocess.py:93} INFO - 	[SUCCESSFUL ] org.apache.hadoop#hadoop-client-api;3.3.1!hadoop-client-api.jar (16097ms)
[2025-06-01T17:06:07.909+0000] {subprocess.py:93} INFO - downloading https://repo1.maven.org/maven2/org/apache/htrace/htrace-core4/4.1.0-incubating/htrace-core4-4.1.0-incubating.jar ...
[2025-06-01T17:06:09.104+0000] {subprocess.py:93} INFO - 	[SUCCESSFUL ] org.apache.htrace#htrace-core4;4.1.0-incubating!htrace-core4.jar (1345ms)
[2025-06-01T17:06:09.242+0000] {subprocess.py:93} INFO - downloading https://repo1.maven.org/maven2/commons-logging/commons-logging/1.1.3/commons-logging-1.1.3.jar ...
[2025-06-01T17:06:09.412+0000] {subprocess.py:93} INFO - 	[SUCCESSFUL ] commons-logging#commons-logging;1.1.3!commons-logging.jar (306ms)
[2025-06-01T17:06:09.412+0000] {subprocess.py:93} INFO - :: resolution report :: resolve 135936ms :: artifacts dl 248570ms
[2025-06-01T17:06:09.413+0000] {subprocess.py:93} INFO - 	:: modules in use:
[2025-06-01T17:06:09.414+0000] {subprocess.py:93} INFO - 	com.google.code.findbugs#jsr305;3.0.0 from central in [default]
[2025-06-01T17:06:09.414+0000] {subprocess.py:93} INFO - 	commons-logging#commons-logging;1.1.3 from central in [default]
[2025-06-01T17:06:09.414+0000] {subprocess.py:93} INFO - 	org.apache.commons#commons-pool2;2.6.2 from central in [default]
[2025-06-01T17:06:09.415+0000] {subprocess.py:93} INFO - 	org.apache.hadoop#hadoop-client-api;3.3.1 from central in [default]
[2025-06-01T17:06:09.415+0000] {subprocess.py:93} INFO - 	org.apache.hadoop#hadoop-client-runtime;3.3.1 from central in [default]
[2025-06-01T17:06:09.415+0000] {subprocess.py:93} INFO - 	org.apache.htrace#htrace-core4;4.1.0-incubating from central in [default]
[2025-06-01T17:06:09.416+0000] {subprocess.py:93} INFO - 	org.apache.kafka#kafka-clients;2.8.0 from central in [default]
[2025-06-01T17:06:09.419+0000] {subprocess.py:93} INFO - 	org.apache.spark#spark-sql-kafka-0-10_2.12;3.2.0 from central in [default]
[2025-06-01T17:06:09.420+0000] {subprocess.py:93} INFO - 	org.apache.spark#spark-token-provider-kafka-0-10_2.12;3.2.0 from central in [default]
[2025-06-01T17:06:09.421+0000] {subprocess.py:93} INFO - 	org.lz4#lz4-java;1.7.1 from central in [default]
[2025-06-01T17:06:09.421+0000] {subprocess.py:93} INFO - 	org.slf4j#slf4j-api;1.7.30 from central in [default]
[2025-06-01T17:06:09.422+0000] {subprocess.py:93} INFO - 	org.spark-project.spark#unused;1.0.0 from central in [default]
[2025-06-01T17:06:09.422+0000] {subprocess.py:93} INFO - 	org.xerial.snappy#snappy-java;1.1.8.4 from central in [default]
[2025-06-01T17:06:09.423+0000] {subprocess.py:93} INFO - 	---------------------------------------------------------------------
[2025-06-01T17:06:09.423+0000] {subprocess.py:93} INFO - 	|                  |            modules            ||   artifacts   |
[2025-06-01T17:06:09.424+0000] {subprocess.py:93} INFO - 	|       conf       | number| search|dwnlded|evicted|| number|dwnlded|
[2025-06-01T17:06:09.424+0000] {subprocess.py:93} INFO - 	---------------------------------------------------------------------
[2025-06-01T17:06:09.425+0000] {subprocess.py:93} INFO - 	|      default     |   13  |   13  |   13  |   0   ||   13  |   13  |
[2025-06-01T17:06:09.425+0000] {subprocess.py:93} INFO - 	---------------------------------------------------------------------
[2025-06-01T17:06:09.425+0000] {subprocess.py:93} INFO - :: retrieving :: org.apache.spark#spark-submit-parent-37cd4c0e-6b24-4b91-91a0-c4aceb8de252
[2025-06-01T17:06:09.426+0000] {subprocess.py:93} INFO - 	confs: [default]
[2025-06-01T17:06:25.686+0000] {job.py:229} INFO - Heartbeat recovered after 18.60 seconds
[2025-06-01T17:06:30.029+0000] {subprocess.py:93} INFO - 	13 artifacts copied, 0 already retrieved (59181kB/20470ms)
[2025-06-01T17:06:33.072+0000] {subprocess.py:93} INFO - 25/06/01 17:06:33 WARN NativeCodeLoader: Unable to load native-hadoop library for your platform... using builtin-java classes where applicable
[2025-06-01T17:06:37.626+0000] {subprocess.py:93} INFO - python3: can't open file '/app/log_consumer.py': [Errno 2] No such file or directory
[2025-06-01T17:06:39.545+0000] {subprocess.py:93} INFO - 25/06/01 17:06:39 INFO ShutdownHookManager: Shutdown hook called
[2025-06-01T17:06:39.547+0000] {subprocess.py:93} INFO - 25/06/01 17:06:39 INFO ShutdownHookManager: Deleting directory /tmp/spark-1acfd505-9713-47cc-ba9b-9a71616715ff
[2025-06-01T17:06:39.948+0000] {subprocess.py:97} INFO - Command exited with return code 125
[2025-06-01T17:06:40.150+0000] {taskinstance.py:3310} ERROR - Task failed with exception
Traceback (most recent call last):
  File "/home/airflow/.local/lib/python3.12/site-packages/airflow/models/taskinstance.py", line 767, in _execute_task
    result = _execute_callable(context=context, **execute_callable_kwargs)
             ^^^^^^^^^^^^^^^^^^^^^^^^^^^^^^^^^^^^^^^^^^^^^^^^^^^^^^^^^^^^^
  File "/home/airflow/.local/lib/python3.12/site-packages/airflow/models/taskinstance.py", line 733, in _execute_callable
    return ExecutionCallableRunner(
           ^^^^^^^^^^^^^^^^^^^^^^^^
  File "/home/airflow/.local/lib/python3.12/site-packages/airflow/utils/operator_helpers.py", line 252, in run
    return self.func(*args, **kwargs)
           ^^^^^^^^^^^^^^^^^^^^^^^^^^
  File "/home/airflow/.local/lib/python3.12/site-packages/airflow/models/baseoperator.py", line 406, in wrapper
    return func(self, *args, **kwargs)
           ^^^^^^^^^^^^^^^^^^^^^^^^^^^
  File "/home/airflow/.local/lib/python3.12/site-packages/airflow/operators/bash.py", line 249, in execute
    raise AirflowException(
airflow.exceptions.AirflowException: Bash command failed. The command returned a non-zero exit code 125.
[2025-06-01T17:06:40.175+0000] {taskinstance.py:1225} INFO - Marking task as FAILED. dag_id=log_monitoring_dag, task_id=start_spark_consumer, run_id=scheduled__2025-06-01T16:40:00+00:00, execution_date=20250601T164000, start_date=20250601T165931, end_date=20250601T170640
[2025-06-01T17:06:40.245+0000] {taskinstance.py:340} INFO - ::group::Post task execution logs
[2025-06-01T17:06:40.248+0000] {standard_task_runner.py:124} ERROR - Failed to execute job 46 for task start_spark_consumer (Bash command failed. The command returned a non-zero exit code 125.; 305)
Traceback (most recent call last):
  File "/home/airflow/.local/lib/python3.12/site-packages/airflow/task/task_runner/standard_task_runner.py", line 117, in _start_by_fork
    ret = args.func(args, dag=self.dag)
          ^^^^^^^^^^^^^^^^^^^^^^^^^^^^^
  File "/home/airflow/.local/lib/python3.12/site-packages/airflow/cli/cli_config.py", line 49, in command
    return func(*args, **kwargs)
           ^^^^^^^^^^^^^^^^^^^^^
  File "/home/airflow/.local/lib/python3.12/site-packages/airflow/utils/cli.py", line 115, in wrapper
    return f(*args, **kwargs)
           ^^^^^^^^^^^^^^^^^^
  File "/home/airflow/.local/lib/python3.12/site-packages/airflow/cli/commands/task_command.py", line 483, in task_run
    task_return_code = _run_task_by_selected_method(args, _dag, ti)
                       ^^^^^^^^^^^^^^^^^^^^^^^^^^^^^^^^^^^^^^^^^^^^
  File "/home/airflow/.local/lib/python3.12/site-packages/airflow/cli/commands/task_command.py", line 256, in _run_task_by_selected_method
    return _run_raw_task(args, ti)
           ^^^^^^^^^^^^^^^^^^^^^^^
  File "/home/airflow/.local/lib/python3.12/site-packages/airflow/cli/commands/task_command.py", line 341, in _run_raw_task
    return ti._run_raw_task(
           ^^^^^^^^^^^^^^^^^
  File "/home/airflow/.local/lib/python3.12/site-packages/airflow/utils/session.py", line 97, in wrapper
    return func(*args, session=session, **kwargs)
           ^^^^^^^^^^^^^^^^^^^^^^^^^^^^^^^^^^^^^^
  File "/home/airflow/.local/lib/python3.12/site-packages/airflow/models/taskinstance.py", line 3004, in _run_raw_task
    return _run_raw_task(
           ^^^^^^^^^^^^^^
  File "/home/airflow/.local/lib/python3.12/site-packages/airflow/models/taskinstance.py", line 273, in _run_raw_task
    TaskInstance._execute_task_with_callbacks(
  File "/home/airflow/.local/lib/python3.12/site-packages/airflow/models/taskinstance.py", line 3158, in _execute_task_with_callbacks
    result = self._execute_task(context, task_orig)
             ^^^^^^^^^^^^^^^^^^^^^^^^^^^^^^^^^^^^^^
  File "/home/airflow/.local/lib/python3.12/site-packages/airflow/models/taskinstance.py", line 3182, in _execute_task
    return _execute_task(self, context, task_orig)
           ^^^^^^^^^^^^^^^^^^^^^^^^^^^^^^^^^^^^^^^
  File "/home/airflow/.local/lib/python3.12/site-packages/airflow/models/taskinstance.py", line 767, in _execute_task
    result = _execute_callable(context=context, **execute_callable_kwargs)
             ^^^^^^^^^^^^^^^^^^^^^^^^^^^^^^^^^^^^^^^^^^^^^^^^^^^^^^^^^^^^^
  File "/home/airflow/.local/lib/python3.12/site-packages/airflow/models/taskinstance.py", line 733, in _execute_callable
    return ExecutionCallableRunner(
           ^^^^^^^^^^^^^^^^^^^^^^^^
  File "/home/airflow/.local/lib/python3.12/site-packages/airflow/utils/operator_helpers.py", line 252, in run
    return self.func(*args, **kwargs)
           ^^^^^^^^^^^^^^^^^^^^^^^^^^
  File "/home/airflow/.local/lib/python3.12/site-packages/airflow/models/baseoperator.py", line 406, in wrapper
    return func(self, *args, **kwargs)
           ^^^^^^^^^^^^^^^^^^^^^^^^^^^
  File "/home/airflow/.local/lib/python3.12/site-packages/airflow/operators/bash.py", line 249, in execute
    raise AirflowException(
airflow.exceptions.AirflowException: Bash command failed. The command returned a non-zero exit code 125.
[2025-06-01T17:06:40.275+0000] {local_task_job_runner.py:266} INFO - Task exited with return code 1
[2025-06-01T17:06:40.359+0000] {taskinstance.py:3900} INFO - 0 downstream tasks scheduled from follow-on schedule check
[2025-06-01T17:06:40.373+0000] {local_task_job_runner.py:245} INFO - ::endgroup::
