[2025-05-31T17:24:37.125+0000] {local_task_job_runner.py:123} INFO - ::group::Pre task execution logs
[2025-05-31T17:24:37.144+0000] {taskinstance.py:2612} INFO - Dependencies all met for dep_context=non-requeueable deps ti=<TaskInstance: log_monitoring_dag.start_log_producer scheduled__2025-05-31T17:05:00+00:00 [queued]>
[2025-05-31T17:24:37.155+0000] {taskinstance.py:2612} INFO - Dependencies all met for dep_context=requeueable deps ti=<TaskInstance: log_monitoring_dag.start_log_producer scheduled__2025-05-31T17:05:00+00:00 [queued]>
[2025-05-31T17:24:37.156+0000] {taskinstance.py:2865} INFO - Starting attempt 1 of 2
[2025-05-31T17:24:37.175+0000] {taskinstance.py:2888} INFO - Executing <Task(BashOperator): start_log_producer> on 2025-05-31 17:05:00+00:00
[2025-05-31T17:24:37.185+0000] {logging_mixin.py:190} WARNING - /home/***/.local/lib/python3.12/site-packages/***/task/task_runner/standard_task_runner.py:70 DeprecationWarning: This process (pid=1072) is multi-threaded, use of fork() may lead to deadlocks in the child.
[2025-05-31T17:24:37.184+0000] {standard_task_runner.py:104} INFO - Running: ['***', 'tasks', 'run', 'log_monitoring_dag', 'start_log_producer', 'scheduled__2025-05-31T17:05:00+00:00', '--job-id', '228', '--raw', '--subdir', 'DAGS_FOLDER/log_monitoring_dag.py', '--cfg-path', '/tmp/tmpwsr_agtt']
[2025-05-31T17:24:37.186+0000] {standard_task_runner.py:72} INFO - Started process 1077 to run task
[2025-05-31T17:24:37.187+0000] {standard_task_runner.py:105} INFO - Job 228: Subtask start_log_producer
[2025-05-31T17:24:37.299+0000] {logging_mixin.py:190} WARNING - /home/***/.local/lib/python3.12/site-packages/***/settings.py:209 DeprecationWarning: The sql_alchemy_conn option in [core] has been moved to the sql_alchemy_conn option in [database] - the old setting has been used, but please update your config.
[2025-05-31T17:24:37.377+0000] {task_command.py:467} INFO - Running <TaskInstance: log_monitoring_dag.start_log_producer scheduled__2025-05-31T17:05:00+00:00 [running]> on host 1d31c4e9dbe9
[2025-05-31T17:24:37.380+0000] {logging_mixin.py:190} WARNING - /home/***/.local/lib/python3.12/site-packages/***/settings.py:470 DeprecationWarning: The sql_alchemy_conn option in [core] has been moved to the sql_alchemy_conn option in [database] - the old setting has been used, but please update your config.
[2025-05-31T17:24:37.581+0000] {taskinstance.py:3131} INFO - Exporting env vars: AIRFLOW_CTX_DAG_OWNER='***' AIRFLOW_CTX_DAG_ID='log_monitoring_dag' AIRFLOW_CTX_TASK_ID='start_log_producer' AIRFLOW_CTX_EXECUTION_DATE='2025-05-31T17:05:00+00:00' AIRFLOW_CTX_TRY_NUMBER='1' AIRFLOW_CTX_DAG_RUN_ID='scheduled__2025-05-31T17:05:00+00:00'
[2025-05-31T17:24:37.582+0000] {taskinstance.py:731} INFO - ::endgroup::
[2025-05-31T17:24:37.609+0000] {subprocess.py:63} INFO - Tmp dir root location: /tmp
[2025-05-31T17:24:37.610+0000] {subprocess.py:75} INFO - Running command: ['/usr/bin/bash', '-c', 'cd /opt/***/app && python -u log_producer.py']
[2025-05-31T17:24:37.622+0000] {subprocess.py:86} INFO - Output:
[2025-05-31T17:24:40.667+0000] {subprocess.py:93} INFO - Sending log: {'timestamp': '2025-05-31 17:24:40', 'level': 'ERROR', 'message': 'Database connection failed'}
[2025-05-31T17:24:42.879+0000] {subprocess.py:93} INFO - Sending log: {'timestamp': '2025-05-31 17:24:42', 'level': 'WARNING', 'message': 'Slow response time'}
[2025-05-31T17:24:44.878+0000] {subprocess.py:93} INFO - Sending log: {'timestamp': '2025-05-31 17:24:44', 'level': 'ERROR', 'message': 'Payment gateway timeout'}
[2025-05-31T17:24:46.879+0000] {subprocess.py:93} INFO - Sending log: {'timestamp': '2025-05-31 17:24:46', 'level': 'INFO', 'message': 'Search executed'}
[2025-05-31T17:24:48.879+0000] {subprocess.py:93} INFO - Sending log: {'timestamp': '2025-05-31 17:24:48', 'level': 'ERROR', 'message': 'Database connection failed'}
[2025-05-31T17:24:50.880+0000] {subprocess.py:93} INFO - Sending log: {'timestamp': '2025-05-31 17:24:50', 'level': 'ERROR', 'message': 'Database connection failed'}
[2025-05-31T17:24:52.906+0000] {subprocess.py:93} INFO - Sending log: {'timestamp': '2025-05-31 17:24:52', 'level': 'INFO', 'message': 'User logged in'}
[2025-05-31T17:24:54.907+0000] {subprocess.py:93} INFO - Sending log: {'timestamp': '2025-05-31 17:24:54', 'level': 'ERROR', 'message': 'Database connection failed'}
[2025-05-31T17:24:56.907+0000] {subprocess.py:93} INFO - Sending log: {'timestamp': '2025-05-31 17:24:56', 'level': 'WARNING', 'message': 'Slow response time'}
[2025-05-31T17:24:58.907+0000] {subprocess.py:93} INFO - Sending log: {'timestamp': '2025-05-31 17:24:58', 'level': 'WARNING', 'message': 'High memory usage'}
[2025-05-31T17:25:00.908+0000] {subprocess.py:93} INFO - Sending log: {'timestamp': '2025-05-31 17:25:00', 'level': 'WARNING', 'message': 'Slow response time'}
[2025-05-31T17:25:02.908+0000] {subprocess.py:93} INFO - Sending log: {'timestamp': '2025-05-31 17:25:02', 'level': 'ERROR', 'message': 'Database connection failed'}
[2025-05-31T17:25:04.998+0000] {subprocess.py:93} INFO - Sending log: {'timestamp': '2025-05-31 17:25:04', 'level': 'ERROR', 'message': 'Database connection failed'}
[2025-05-31T17:25:06.998+0000] {subprocess.py:93} INFO - Sending log: {'timestamp': '2025-05-31 17:25:06', 'level': 'WARNING', 'message': 'Slow response time'}
[2025-05-31T17:25:09.069+0000] {subprocess.py:93} INFO - Sending log: {'timestamp': '2025-05-31 17:25:09', 'level': 'INFO', 'message': 'Search executed'}
[2025-05-31T17:25:11.646+0000] {subprocess.py:93} INFO - Sending log: {'timestamp': '2025-05-31 17:25:11', 'level': 'ERROR', 'message': 'Payment gateway timeout'}
[2025-05-31T17:25:13.650+0000] {subprocess.py:93} INFO - Sending log: {'timestamp': '2025-05-31 17:25:13', 'level': 'ERROR', 'message': 'Database connection failed'}
[2025-05-31T17:25:15.615+0000] {subprocess.py:93} INFO - Sending log: {'timestamp': '2025-05-31 17:25:15', 'level': 'WARNING', 'message': 'Slow response time'}
[2025-05-31T17:25:17.615+0000] {subprocess.py:93} INFO - Sending log: {'timestamp': '2025-05-31 17:25:17', 'level': 'ERROR', 'message': 'Payment gateway timeout'}
[2025-05-31T17:25:19.616+0000] {subprocess.py:93} INFO - Sending log: {'timestamp': '2025-05-31 17:25:19', 'level': 'WARNING', 'message': 'High memory usage'}
[2025-05-31T17:25:21.657+0000] {subprocess.py:93} INFO - Sending log: {'timestamp': '2025-05-31 17:25:21', 'level': 'ERROR', 'message': 'Database connection failed'}
[2025-05-31T17:25:23.658+0000] {subprocess.py:93} INFO - Sending log: {'timestamp': '2025-05-31 17:25:23', 'level': 'WARNING', 'message': 'Slow response time'}
[2025-05-31T17:25:25.664+0000] {subprocess.py:93} INFO - Sending log: {'timestamp': '2025-05-31 17:25:25', 'level': 'ERROR', 'message': 'Database connection failed'}
[2025-05-31T17:25:27.664+0000] {subprocess.py:93} INFO - Sending log: {'timestamp': '2025-05-31 17:25:27', 'level': 'INFO', 'message': 'User logged in'}
[2025-05-31T17:25:29.665+0000] {subprocess.py:93} INFO - Sending log: {'timestamp': '2025-05-31 17:25:29', 'level': 'INFO', 'message': 'Page loaded'}
[2025-05-31T17:25:31.666+0000] {subprocess.py:93} INFO - Sending log: {'timestamp': '2025-05-31 17:25:31', 'level': 'INFO', 'message': 'User logged in'}
[2025-05-31T17:25:33.667+0000] {subprocess.py:93} INFO - Sending log: {'timestamp': '2025-05-31 17:25:33', 'level': 'INFO', 'message': 'Page loaded'}
[2025-05-31T17:25:35.667+0000] {subprocess.py:93} INFO - Sending log: {'timestamp': '2025-05-31 17:25:35', 'level': 'WARNING', 'message': 'High memory usage'}
[2025-05-31T17:25:37.668+0000] {subprocess.py:93} INFO - Sending log: {'timestamp': '2025-05-31 17:25:37', 'level': 'WARNING', 'message': 'High memory usage'}
[2025-05-31T17:25:39.668+0000] {subprocess.py:93} INFO - Sending log: {'timestamp': '2025-05-31 17:25:39', 'level': 'ERROR', 'message': 'Payment gateway timeout'}
[2025-05-31T17:25:41.674+0000] {subprocess.py:93} INFO - Sending log: {'timestamp': '2025-05-31 17:25:41', 'level': 'INFO', 'message': 'User logged in'}
[2025-05-31T17:25:43.781+0000] {subprocess.py:93} INFO - Sending log: {'timestamp': '2025-05-31 17:25:43', 'level': 'ERROR', 'message': 'Database connection failed'}
[2025-05-31T17:25:45.852+0000] {subprocess.py:93} INFO - Sending log: {'timestamp': '2025-05-31 17:25:45', 'level': 'WARNING', 'message': 'High memory usage'}
[2025-05-31T17:25:47.852+0000] {subprocess.py:93} INFO - Sending log: {'timestamp': '2025-05-31 17:25:47', 'level': 'INFO', 'message': 'User logged in'}
[2025-05-31T17:25:49.878+0000] {subprocess.py:93} INFO - Sending log: {'timestamp': '2025-05-31 17:25:49', 'level': 'INFO', 'message': 'User logged in'}
[2025-05-31T17:25:51.878+0000] {subprocess.py:93} INFO - Sending log: {'timestamp': '2025-05-31 17:25:51', 'level': 'ERROR', 'message': 'Payment gateway timeout'}
[2025-05-31T17:25:53.878+0000] {subprocess.py:93} INFO - Sending log: {'timestamp': '2025-05-31 17:25:53', 'level': 'INFO', 'message': 'Search executed'}
[2025-05-31T17:25:55.912+0000] {subprocess.py:93} INFO - Sending log: {'timestamp': '2025-05-31 17:25:55', 'level': 'ERROR', 'message': 'Payment gateway timeout'}
[2025-05-31T17:25:57.913+0000] {subprocess.py:93} INFO - Sending log: {'timestamp': '2025-05-31 17:25:57', 'level': 'ERROR', 'message': 'Database connection failed'}
[2025-05-31T17:25:59.913+0000] {subprocess.py:93} INFO - Sending log: {'timestamp': '2025-05-31 17:25:59', 'level': 'ERROR', 'message': 'Database connection failed'}
[2025-05-31T17:26:01.914+0000] {subprocess.py:93} INFO - Sending log: {'timestamp': '2025-05-31 17:26:01', 'level': 'INFO', 'message': 'User logged in'}
[2025-05-31T17:26:03.914+0000] {subprocess.py:93} INFO - Sending log: {'timestamp': '2025-05-31 17:26:03', 'level': 'INFO', 'message': 'Page loaded'}
[2025-05-31T17:26:05.915+0000] {subprocess.py:93} INFO - Sending log: {'timestamp': '2025-05-31 17:26:05', 'level': 'ERROR', 'message': 'Database connection failed'}
[2025-05-31T17:26:07.915+0000] {subprocess.py:93} INFO - Sending log: {'timestamp': '2025-05-31 17:26:07', 'level': 'ERROR', 'message': 'Payment gateway timeout'}
[2025-05-31T17:26:09.916+0000] {subprocess.py:93} INFO - Sending log: {'timestamp': '2025-05-31 17:26:09', 'level': 'ERROR', 'message': 'Database connection failed'}
[2025-05-31T17:26:11.916+0000] {subprocess.py:93} INFO - Sending log: {'timestamp': '2025-05-31 17:26:11', 'level': 'INFO', 'message': 'User logged in'}
[2025-05-31T17:26:13.917+0000] {subprocess.py:93} INFO - Sending log: {'timestamp': '2025-05-31 17:26:13', 'level': 'WARNING', 'message': 'High memory usage'}
[2025-05-31T17:26:15.913+0000] {subprocess.py:93} INFO - Sending log: {'timestamp': '2025-05-31 17:26:15', 'level': 'WARNING', 'message': 'High memory usage'}
[2025-05-31T17:26:17.914+0000] {subprocess.py:93} INFO - Sending log: {'timestamp': '2025-05-31 17:26:17', 'level': 'ERROR', 'message': 'Payment gateway timeout'}
[2025-05-31T17:26:19.914+0000] {subprocess.py:93} INFO - Sending log: {'timestamp': '2025-05-31 17:26:19', 'level': 'INFO', 'message': 'Page loaded'}
[2025-05-31T17:26:21.923+0000] {subprocess.py:93} INFO - Sending log: {'timestamp': '2025-05-31 17:26:21', 'level': 'ERROR', 'message': 'Database connection failed'}
[2025-05-31T17:26:23.923+0000] {subprocess.py:93} INFO - Sending log: {'timestamp': '2025-05-31 17:26:23', 'level': 'WARNING', 'message': 'High memory usage'}
[2025-05-31T17:26:25.924+0000] {subprocess.py:93} INFO - Sending log: {'timestamp': '2025-05-31 17:26:25', 'level': 'WARNING', 'message': 'High memory usage'}
[2025-05-31T17:26:27.924+0000] {subprocess.py:93} INFO - Sending log: {'timestamp': '2025-05-31 17:26:27', 'level': 'INFO', 'message': 'Search executed'}
[2025-05-31T17:26:29.931+0000] {subprocess.py:93} INFO - Sending log: {'timestamp': '2025-05-31 17:26:29', 'level': 'WARNING', 'message': 'High memory usage'}
[2025-05-31T17:26:31.932+0000] {subprocess.py:93} INFO - Sending log: {'timestamp': '2025-05-31 17:26:31', 'level': 'WARNING', 'message': 'High memory usage'}
[2025-05-31T17:26:33.932+0000] {subprocess.py:93} INFO - Sending log: {'timestamp': '2025-05-31 17:26:33', 'level': 'INFO', 'message': 'Search executed'}
[2025-05-31T17:26:35.933+0000] {subprocess.py:93} INFO - Sending log: {'timestamp': '2025-05-31 17:26:35', 'level': 'INFO', 'message': 'User logged in'}
[2025-05-31T17:26:38.004+0000] {subprocess.py:93} INFO - Sending log: {'timestamp': '2025-05-31 17:26:38', 'level': 'ERROR', 'message': 'Database connection failed'}
[2025-05-31T17:26:40.135+0000] {subprocess.py:93} INFO - Sending log: {'timestamp': '2025-05-31 17:26:40', 'level': 'ERROR', 'message': 'Database connection failed'}
[2025-05-31T17:26:42.184+0000] {subprocess.py:93} INFO - Sending log: {'timestamp': '2025-05-31 17:26:42', 'level': 'ERROR', 'message': 'Payment gateway timeout'}
[2025-05-31T17:26:44.300+0000] {subprocess.py:93} INFO - Sending log: {'timestamp': '2025-05-31 17:26:44', 'level': 'INFO', 'message': 'Page loaded'}
[2025-05-31T17:26:46.349+0000] {subprocess.py:93} INFO - Sending log: {'timestamp': '2025-05-31 17:26:46', 'level': 'WARNING', 'message': 'High memory usage'}
[2025-05-31T17:26:48.547+0000] {subprocess.py:93} INFO - Sending log: {'timestamp': '2025-05-31 17:26:48', 'level': 'ERROR', 'message': 'Database connection failed'}
[2025-05-31T17:26:50.548+0000] {subprocess.py:93} INFO - Sending log: {'timestamp': '2025-05-31 17:26:50', 'level': 'WARNING', 'message': 'High memory usage'}
[2025-05-31T17:26:52.566+0000] {subprocess.py:93} INFO - Sending log: {'timestamp': '2025-05-31 17:26:52', 'level': 'INFO', 'message': 'User logged in'}
[2025-05-31T17:26:54.724+0000] {subprocess.py:93} INFO - Sending log: {'timestamp': '2025-05-31 17:26:54', 'level': 'WARNING', 'message': 'Slow response time'}
[2025-05-31T17:26:56.918+0000] {subprocess.py:93} INFO - Sending log: {'timestamp': '2025-05-31 17:26:56', 'level': 'INFO', 'message': 'User logged in'}
[2025-05-31T17:26:58.919+0000] {subprocess.py:93} INFO - Sending log: {'timestamp': '2025-05-31 17:26:58', 'level': 'ERROR', 'message': 'Payment gateway timeout'}
[2025-05-31T17:27:00.920+0000] {subprocess.py:93} INFO - Sending log: {'timestamp': '2025-05-31 17:27:00', 'level': 'INFO', 'message': 'Page loaded'}
[2025-05-31T17:27:03.014+0000] {subprocess.py:93} INFO - Sending log: {'timestamp': '2025-05-31 17:27:03', 'level': 'ERROR', 'message': 'Database connection failed'}
[2025-05-31T17:27:05.079+0000] {subprocess.py:93} INFO - Sending log: {'timestamp': '2025-05-31 17:27:05', 'level': 'INFO', 'message': 'User logged in'}
[2025-05-31T17:27:07.376+0000] {subprocess.py:93} INFO - Sending log: {'timestamp': '2025-05-31 17:27:07', 'level': 'INFO', 'message': 'Search executed'}
[2025-05-31T17:27:09.314+0000] {subprocess.py:93} INFO - Sending log: {'timestamp': '2025-05-31 17:27:09', 'level': 'ERROR', 'message': 'Payment gateway timeout'}
[2025-05-31T17:27:10.118+0000] {job.py:229} INFO - Heartbeat recovered after 14.99 seconds
[2025-05-31T17:27:11.311+0000] {subprocess.py:93} INFO - Sending log: {'timestamp': '2025-05-31 17:27:11', 'level': 'INFO', 'message': 'Search executed'}
[2025-05-31T17:27:13.339+0000] {subprocess.py:93} INFO - Sending log: {'timestamp': '2025-05-31 17:27:13', 'level': 'ERROR', 'message': 'Database connection failed'}
[2025-05-31T17:27:15.283+0000] {subprocess.py:93} INFO - Sending log: {'timestamp': '2025-05-31 17:27:15', 'level': 'WARNING', 'message': 'High memory usage'}
[2025-05-31T17:27:17.409+0000] {subprocess.py:93} INFO - Sending log: {'timestamp': '2025-05-31 17:27:17', 'level': 'INFO', 'message': 'Page loaded'}
[2025-05-31T17:27:19.409+0000] {subprocess.py:93} INFO - Sending log: {'timestamp': '2025-05-31 17:27:19', 'level': 'INFO', 'message': 'User logged in'}
[2025-05-31T17:27:21.550+0000] {subprocess.py:93} INFO - Sending log: {'timestamp': '2025-05-31 17:27:21', 'level': 'ERROR', 'message': 'Database connection failed'}
[2025-05-31T17:27:23.551+0000] {subprocess.py:93} INFO - Sending log: {'timestamp': '2025-05-31 17:27:23', 'level': 'ERROR', 'message': 'Database connection failed'}
[2025-05-31T17:27:25.551+0000] {subprocess.py:93} INFO - Sending log: {'timestamp': '2025-05-31 17:27:25', 'level': 'INFO', 'message': 'Page loaded'}
[2025-05-31T17:27:27.552+0000] {subprocess.py:93} INFO - Sending log: {'timestamp': '2025-05-31 17:27:27', 'level': 'WARNING', 'message': 'Slow response time'}
[2025-05-31T17:27:29.552+0000] {subprocess.py:93} INFO - Sending log: {'timestamp': '2025-05-31 17:27:29', 'level': 'ERROR', 'message': 'Payment gateway timeout'}
[2025-05-31T17:27:31.553+0000] {subprocess.py:93} INFO - Sending log: {'timestamp': '2025-05-31 17:27:31', 'level': 'INFO', 'message': 'User logged in'}
[2025-05-31T17:27:33.554+0000] {subprocess.py:93} INFO - Sending log: {'timestamp': '2025-05-31 17:27:33', 'level': 'INFO', 'message': 'Page loaded'}
[2025-05-31T17:27:35.554+0000] {subprocess.py:93} INFO - Sending log: {'timestamp': '2025-05-31 17:27:35', 'level': 'INFO', 'message': 'Page loaded'}
[2025-05-31T17:27:37.555+0000] {subprocess.py:93} INFO - Sending log: {'timestamp': '2025-05-31 17:27:37', 'level': 'ERROR', 'message': 'Payment gateway timeout'}
[2025-05-31T17:27:39.556+0000] {subprocess.py:93} INFO - Sending log: {'timestamp': '2025-05-31 17:27:39', 'level': 'WARNING', 'message': 'High memory usage'}
[2025-05-31T17:27:41.557+0000] {subprocess.py:93} INFO - Sending log: {'timestamp': '2025-05-31 17:27:41', 'level': 'INFO', 'message': 'Page loaded'}
[2025-05-31T17:27:43.557+0000] {subprocess.py:93} INFO - Sending log: {'timestamp': '2025-05-31 17:27:43', 'level': 'WARNING', 'message': 'High memory usage'}
[2025-05-31T17:27:45.531+0000] {subprocess.py:93} INFO - Sending log: {'timestamp': '2025-05-31 17:27:45', 'level': 'INFO', 'message': 'User logged in'}
[2025-05-31T17:27:47.531+0000] {subprocess.py:93} INFO - Sending log: {'timestamp': '2025-05-31 17:27:47', 'level': 'ERROR', 'message': 'Database connection failed'}
[2025-05-31T17:27:49.532+0000] {subprocess.py:93} INFO - Sending log: {'timestamp': '2025-05-31 17:27:49', 'level': 'ERROR', 'message': 'Database connection failed'}
[2025-05-31T17:27:51.532+0000] {subprocess.py:93} INFO - Sending log: {'timestamp': '2025-05-31 17:27:51', 'level': 'ERROR', 'message': 'Database connection failed'}
[2025-05-31T17:27:53.533+0000] {subprocess.py:93} INFO - Sending log: {'timestamp': '2025-05-31 17:27:53', 'level': 'INFO', 'message': 'Page loaded'}
[2025-05-31T17:27:55.534+0000] {subprocess.py:93} INFO - Sending log: {'timestamp': '2025-05-31 17:27:55', 'level': 'ERROR', 'message': 'Payment gateway timeout'}
[2025-05-31T17:27:57.534+0000] {subprocess.py:93} INFO - Sending log: {'timestamp': '2025-05-31 17:27:57', 'level': 'ERROR', 'message': 'Database connection failed'}
[2025-05-31T17:27:59.535+0000] {subprocess.py:93} INFO - Sending log: {'timestamp': '2025-05-31 17:27:59', 'level': 'WARNING', 'message': 'High memory usage'}
[2025-05-31T17:28:01.620+0000] {subprocess.py:93} INFO - Sending log: {'timestamp': '2025-05-31 17:28:01', 'level': 'ERROR', 'message': 'Database connection failed'}
[2025-05-31T17:28:03.620+0000] {subprocess.py:93} INFO - Sending log: {'timestamp': '2025-05-31 17:28:03', 'level': 'WARNING', 'message': 'Slow response time'}
[2025-05-31T17:28:05.621+0000] {subprocess.py:93} INFO - Sending log: {'timestamp': '2025-05-31 17:28:05', 'level': 'INFO', 'message': 'Search executed'}
[2025-05-31T17:28:07.621+0000] {subprocess.py:93} INFO - Sending log: {'timestamp': '2025-05-31 17:28:07', 'level': 'WARNING', 'message': 'High memory usage'}
[2025-05-31T17:28:09.622+0000] {subprocess.py:93} INFO - Sending log: {'timestamp': '2025-05-31 17:28:09', 'level': 'WARNING', 'message': 'Slow response time'}
[2025-05-31T17:28:11.622+0000] {subprocess.py:93} INFO - Sending log: {'timestamp': '2025-05-31 17:28:11', 'level': 'ERROR', 'message': 'Payment gateway timeout'}
[2025-05-31T17:28:13.623+0000] {subprocess.py:93} INFO - Sending log: {'timestamp': '2025-05-31 17:28:13', 'level': 'INFO', 'message': 'Search executed'}
[2025-05-31T17:28:15.625+0000] {subprocess.py:93} INFO - Sending log: {'timestamp': '2025-05-31 17:28:15', 'level': 'WARNING', 'message': 'Slow response time'}
[2025-05-31T17:28:18.266+0000] {subprocess.py:93} INFO - Sending log: {'timestamp': '2025-05-31 17:28:18', 'level': 'WARNING', 'message': 'Slow response time'}
[2025-05-31T17:28:20.267+0000] {subprocess.py:93} INFO - Sending log: {'timestamp': '2025-05-31 17:28:20', 'level': 'INFO', 'message': 'User logged in'}
[2025-05-31T17:28:22.268+0000] {subprocess.py:93} INFO - Sending log: {'timestamp': '2025-05-31 17:28:22', 'level': 'ERROR', 'message': 'Database connection failed'}
[2025-05-31T17:28:24.268+0000] {subprocess.py:93} INFO - Sending log: {'timestamp': '2025-05-31 17:28:24', 'level': 'WARNING', 'message': 'High memory usage'}
[2025-05-31T17:28:26.268+0000] {subprocess.py:93} INFO - Sending log: {'timestamp': '2025-05-31 17:28:26', 'level': 'ERROR', 'message': 'Payment gateway timeout'}
[2025-05-31T17:28:28.269+0000] {subprocess.py:93} INFO - Sending log: {'timestamp': '2025-05-31 17:28:28', 'level': 'INFO', 'message': 'Search executed'}
[2025-05-31T17:28:30.350+0000] {subprocess.py:93} INFO - Sending log: {'timestamp': '2025-05-31 17:28:30', 'level': 'WARNING', 'message': 'Slow response time'}
[2025-05-31T17:28:32.445+0000] {subprocess.py:93} INFO - Sending log: {'timestamp': '2025-05-31 17:28:32', 'level': 'INFO', 'message': 'Search executed'}
[2025-05-31T17:28:34.445+0000] {subprocess.py:93} INFO - Sending log: {'timestamp': '2025-05-31 17:28:34', 'level': 'INFO', 'message': 'Page loaded'}
[2025-05-31T17:28:36.446+0000] {subprocess.py:93} INFO - Sending log: {'timestamp': '2025-05-31 17:28:36', 'level': 'WARNING', 'message': 'High memory usage'}
[2025-05-31T17:28:38.523+0000] {subprocess.py:93} INFO - Sending log: {'timestamp': '2025-05-31 17:28:38', 'level': 'WARNING', 'message': 'High memory usage'}
[2025-05-31T17:28:40.523+0000] {subprocess.py:93} INFO - Sending log: {'timestamp': '2025-05-31 17:28:40', 'level': 'INFO', 'message': 'Search executed'}
[2025-05-31T17:28:42.524+0000] {subprocess.py:93} INFO - Sending log: {'timestamp': '2025-05-31 17:28:42', 'level': 'WARNING', 'message': 'High memory usage'}
[2025-05-31T17:28:44.524+0000] {subprocess.py:93} INFO - Sending log: {'timestamp': '2025-05-31 17:28:44', 'level': 'WARNING', 'message': 'Slow response time'}
[2025-05-31T17:28:46.525+0000] {subprocess.py:93} INFO - Sending log: {'timestamp': '2025-05-31 17:28:46', 'level': 'ERROR', 'message': 'Database connection failed'}
[2025-05-31T17:28:48.525+0000] {subprocess.py:93} INFO - Sending log: {'timestamp': '2025-05-31 17:28:48', 'level': 'WARNING', 'message': 'Slow response time'}
[2025-05-31T17:28:50.526+0000] {subprocess.py:93} INFO - Sending log: {'timestamp': '2025-05-31 17:28:50', 'level': 'ERROR', 'message': 'Database connection failed'}
[2025-05-31T17:28:52.526+0000] {subprocess.py:93} INFO - Sending log: {'timestamp': '2025-05-31 17:28:52', 'level': 'INFO', 'message': 'Page loaded'}
[2025-05-31T17:28:54.526+0000] {subprocess.py:93} INFO - Sending log: {'timestamp': '2025-05-31 17:28:54', 'level': 'INFO', 'message': 'Search executed'}
[2025-05-31T17:28:56.527+0000] {subprocess.py:93} INFO - Sending log: {'timestamp': '2025-05-31 17:28:56', 'level': 'ERROR', 'message': 'Database connection failed'}
[2025-05-31T17:28:58.527+0000] {subprocess.py:93} INFO - Sending log: {'timestamp': '2025-05-31 17:28:58', 'level': 'ERROR', 'message': 'Database connection failed'}
[2025-05-31T17:29:00.528+0000] {subprocess.py:93} INFO - Sending log: {'timestamp': '2025-05-31 17:29:00', 'level': 'INFO', 'message': 'Page loaded'}
[2025-05-31T17:29:02.528+0000] {subprocess.py:93} INFO - Sending log: {'timestamp': '2025-05-31 17:29:02', 'level': 'INFO', 'message': 'Search executed'}
[2025-05-31T17:29:04.529+0000] {subprocess.py:93} INFO - Sending log: {'timestamp': '2025-05-31 17:29:04', 'level': 'WARNING', 'message': 'High memory usage'}
[2025-05-31T17:29:06.529+0000] {subprocess.py:93} INFO - Sending log: {'timestamp': '2025-05-31 17:29:06', 'level': 'ERROR', 'message': 'Payment gateway timeout'}
[2025-05-31T17:29:08.529+0000] {subprocess.py:93} INFO - Sending log: {'timestamp': '2025-05-31 17:29:08', 'level': 'WARNING', 'message': 'High memory usage'}
[2025-05-31T17:29:10.530+0000] {subprocess.py:93} INFO - Sending log: {'timestamp': '2025-05-31 17:29:10', 'level': 'ERROR', 'message': 'Payment gateway timeout'}
[2025-05-31T17:29:12.530+0000] {subprocess.py:93} INFO - Sending log: {'timestamp': '2025-05-31 17:29:12', 'level': 'INFO', 'message': 'Search executed'}
[2025-05-31T17:29:14.530+0000] {subprocess.py:93} INFO - Sending log: {'timestamp': '2025-05-31 17:29:14', 'level': 'WARNING', 'message': 'High memory usage'}
[2025-05-31T17:29:16.541+0000] {subprocess.py:93} INFO - Sending log: {'timestamp': '2025-05-31 17:29:16', 'level': 'ERROR', 'message': 'Database connection failed'}
[2025-05-31T17:29:18.541+0000] {subprocess.py:93} INFO - Sending log: {'timestamp': '2025-05-31 17:29:18', 'level': 'ERROR', 'message': 'Database connection failed'}
[2025-05-31T17:29:20.542+0000] {subprocess.py:93} INFO - Sending log: {'timestamp': '2025-05-31 17:29:20', 'level': 'ERROR', 'message': 'Database connection failed'}
[2025-05-31T17:29:22.542+0000] {subprocess.py:93} INFO - Sending log: {'timestamp': '2025-05-31 17:29:22', 'level': 'ERROR', 'message': 'Payment gateway timeout'}
[2025-05-31T17:29:24.543+0000] {subprocess.py:93} INFO - Sending log: {'timestamp': '2025-05-31 17:29:24', 'level': 'INFO', 'message': 'User logged in'}
[2025-05-31T17:29:26.543+0000] {subprocess.py:93} INFO - Sending log: {'timestamp': '2025-05-31 17:29:26', 'level': 'ERROR', 'message': 'Database connection failed'}
[2025-05-31T17:29:28.544+0000] {subprocess.py:93} INFO - Sending log: {'timestamp': '2025-05-31 17:29:28', 'level': 'WARNING', 'message': 'Slow response time'}
[2025-05-31T17:29:30.544+0000] {subprocess.py:93} INFO - Sending log: {'timestamp': '2025-05-31 17:29:30', 'level': 'INFO', 'message': 'Search executed'}
[2025-05-31T17:29:32.545+0000] {subprocess.py:93} INFO - Sending log: {'timestamp': '2025-05-31 17:29:32', 'level': 'INFO', 'message': 'User logged in'}
[2025-05-31T17:29:34.545+0000] {subprocess.py:93} INFO - Sending log: {'timestamp': '2025-05-31 17:29:34', 'level': 'INFO', 'message': 'Page loaded'}
[2025-05-31T17:29:36.546+0000] {subprocess.py:93} INFO - Sending log: {'timestamp': '2025-05-31 17:29:36', 'level': 'INFO', 'message': 'Page loaded'}
[2025-05-31T17:29:38.546+0000] {subprocess.py:93} INFO - Sending log: {'timestamp': '2025-05-31 17:29:38', 'level': 'WARNING', 'message': 'High memory usage'}
[2025-05-31T17:29:40.546+0000] {subprocess.py:93} INFO - Sending log: {'timestamp': '2025-05-31 17:29:40', 'level': 'ERROR', 'message': 'Database connection failed'}
[2025-05-31T17:29:42.547+0000] {subprocess.py:93} INFO - Sending log: {'timestamp': '2025-05-31 17:29:42', 'level': 'WARNING', 'message': 'High memory usage'}
[2025-05-31T17:29:44.546+0000] {subprocess.py:93} INFO - Sending log: {'timestamp': '2025-05-31 17:29:44', 'level': 'ERROR', 'message': 'Database connection failed'}
[2025-05-31T17:29:46.546+0000] {subprocess.py:93} INFO - Sending log: {'timestamp': '2025-05-31 17:29:46', 'level': 'ERROR', 'message': 'Database connection failed'}
[2025-05-31T17:29:48.547+0000] {subprocess.py:93} INFO - Sending log: {'timestamp': '2025-05-31 17:29:48', 'level': 'INFO', 'message': 'Page loaded'}
[2025-05-31T17:29:50.547+0000] {subprocess.py:93} INFO - Sending log: {'timestamp': '2025-05-31 17:29:50', 'level': 'ERROR', 'message': 'Payment gateway timeout'}
[2025-05-31T17:29:52.548+0000] {subprocess.py:93} INFO - Sending log: {'timestamp': '2025-05-31 17:29:52', 'level': 'WARNING', 'message': 'High memory usage'}
[2025-05-31T17:29:54.548+0000] {subprocess.py:93} INFO - Sending log: {'timestamp': '2025-05-31 17:29:54', 'level': 'ERROR', 'message': 'Payment gateway timeout'}
[2025-05-31T17:29:57.067+0000] {subprocess.py:93} INFO - Sending log: {'timestamp': '2025-05-31 17:29:57', 'level': 'ERROR', 'message': 'Payment gateway timeout'}
[2025-05-31T17:29:59.108+0000] {subprocess.py:93} INFO - Sending log: {'timestamp': '2025-05-31 17:29:59', 'level': 'WARNING', 'message': 'Slow response time'}
[2025-05-31T17:30:01.109+0000] {subprocess.py:93} INFO - Sending log: {'timestamp': '2025-05-31 17:30:01', 'level': 'INFO', 'message': 'Search executed'}
[2025-05-31T17:30:03.109+0000] {subprocess.py:93} INFO - Sending log: {'timestamp': '2025-05-31 17:30:03', 'level': 'ERROR', 'message': 'Payment gateway timeout'}
[2025-05-31T17:30:05.110+0000] {subprocess.py:93} INFO - Sending log: {'timestamp': '2025-05-31 17:30:05', 'level': 'ERROR', 'message': 'Payment gateway timeout'}
[2025-05-31T17:30:07.110+0000] {subprocess.py:93} INFO - Sending log: {'timestamp': '2025-05-31 17:30:07', 'level': 'WARNING', 'message': 'Slow response time'}
[2025-05-31T17:30:09.111+0000] {subprocess.py:93} INFO - Sending log: {'timestamp': '2025-05-31 17:30:09', 'level': 'WARNING', 'message': 'Slow response time'}
[2025-05-31T17:30:11.111+0000] {subprocess.py:93} INFO - Sending log: {'timestamp': '2025-05-31 17:30:11', 'level': 'INFO', 'message': 'User logged in'}
[2025-05-31T17:30:13.111+0000] {subprocess.py:93} INFO - Sending log: {'timestamp': '2025-05-31 17:30:13', 'level': 'WARNING', 'message': 'Slow response time'}
[2025-05-31T17:30:15.111+0000] {subprocess.py:93} INFO - Sending log: {'timestamp': '2025-05-31 17:30:15', 'level': 'ERROR', 'message': 'Database connection failed'}
[2025-05-31T17:30:17.111+0000] {subprocess.py:93} INFO - Sending log: {'timestamp': '2025-05-31 17:30:17', 'level': 'ERROR', 'message': 'Payment gateway timeout'}
[2025-05-31T17:30:19.112+0000] {subprocess.py:93} INFO - Sending log: {'timestamp': '2025-05-31 17:30:19', 'level': 'WARNING', 'message': 'High memory usage'}
[2025-05-31T17:30:21.112+0000] {subprocess.py:93} INFO - Sending log: {'timestamp': '2025-05-31 17:30:21', 'level': 'WARNING', 'message': 'Slow response time'}
[2025-05-31T17:30:23.112+0000] {subprocess.py:93} INFO - Sending log: {'timestamp': '2025-05-31 17:30:23', 'level': 'INFO', 'message': 'Search executed'}
[2025-05-31T17:30:25.113+0000] {subprocess.py:93} INFO - Sending log: {'timestamp': '2025-05-31 17:30:25', 'level': 'INFO', 'message': 'Page loaded'}
[2025-05-31T17:30:27.113+0000] {subprocess.py:93} INFO - Sending log: {'timestamp': '2025-05-31 17:30:27', 'level': 'WARNING', 'message': 'Slow response time'}
[2025-05-31T17:30:29.114+0000] {subprocess.py:93} INFO - Sending log: {'timestamp': '2025-05-31 17:30:29', 'level': 'WARNING', 'message': 'Slow response time'}
[2025-05-31T17:30:31.114+0000] {subprocess.py:93} INFO - Sending log: {'timestamp': '2025-05-31 17:30:31', 'level': 'INFO', 'message': 'Search executed'}
[2025-05-31T17:30:33.115+0000] {subprocess.py:93} INFO - Sending log: {'timestamp': '2025-05-31 17:30:33', 'level': 'ERROR', 'message': 'Payment gateway timeout'}
[2025-05-31T17:30:35.115+0000] {subprocess.py:93} INFO - Sending log: {'timestamp': '2025-05-31 17:30:35', 'level': 'ERROR', 'message': 'Payment gateway timeout'}
[2025-05-31T17:30:37.116+0000] {subprocess.py:93} INFO - Sending log: {'timestamp': '2025-05-31 17:30:37', 'level': 'WARNING', 'message': 'High memory usage'}
[2025-05-31T17:30:39.116+0000] {subprocess.py:93} INFO - Sending log: {'timestamp': '2025-05-31 17:30:39', 'level': 'WARNING', 'message': 'High memory usage'}
[2025-05-31T17:30:41.116+0000] {subprocess.py:93} INFO - Sending log: {'timestamp': '2025-05-31 17:30:41', 'level': 'INFO', 'message': 'Search executed'}
[2025-05-31T17:30:43.117+0000] {subprocess.py:93} INFO - Sending log: {'timestamp': '2025-05-31 17:30:43', 'level': 'WARNING', 'message': 'High memory usage'}
[2025-05-31T17:30:45.116+0000] {subprocess.py:93} INFO - Sending log: {'timestamp': '2025-05-31 17:30:45', 'level': 'WARNING', 'message': 'High memory usage'}
[2025-05-31T17:30:47.116+0000] {subprocess.py:93} INFO - Sending log: {'timestamp': '2025-05-31 17:30:47', 'level': 'INFO', 'message': 'User logged in'}
[2025-05-31T17:30:49.117+0000] {subprocess.py:93} INFO - Sending log: {'timestamp': '2025-05-31 17:30:49', 'level': 'WARNING', 'message': 'High memory usage'}
[2025-05-31T17:30:51.117+0000] {subprocess.py:93} INFO - Sending log: {'timestamp': '2025-05-31 17:30:51', 'level': 'ERROR', 'message': 'Database connection failed'}
[2025-05-31T17:30:53.118+0000] {subprocess.py:93} INFO - Sending log: {'timestamp': '2025-05-31 17:30:53', 'level': 'ERROR', 'message': 'Payment gateway timeout'}
[2025-05-31T17:30:55.118+0000] {subprocess.py:93} INFO - Sending log: {'timestamp': '2025-05-31 17:30:55', 'level': 'ERROR', 'message': 'Database connection failed'}
[2025-05-31T17:30:57.119+0000] {subprocess.py:93} INFO - Sending log: {'timestamp': '2025-05-31 17:30:57', 'level': 'ERROR', 'message': 'Database connection failed'}
[2025-05-31T17:30:59.119+0000] {subprocess.py:93} INFO - Sending log: {'timestamp': '2025-05-31 17:30:59', 'level': 'WARNING', 'message': 'High memory usage'}
[2025-05-31T17:31:01.120+0000] {subprocess.py:93} INFO - Sending log: {'timestamp': '2025-05-31 17:31:01', 'level': 'ERROR', 'message': 'Payment gateway timeout'}
[2025-05-31T17:31:03.120+0000] {subprocess.py:93} INFO - Sending log: {'timestamp': '2025-05-31 17:31:03', 'level': 'WARNING', 'message': 'High memory usage'}
[2025-05-31T17:31:05.121+0000] {subprocess.py:93} INFO - Sending log: {'timestamp': '2025-05-31 17:31:05', 'level': 'INFO', 'message': 'Page loaded'}
[2025-05-31T17:31:07.121+0000] {subprocess.py:93} INFO - Sending log: {'timestamp': '2025-05-31 17:31:07', 'level': 'INFO', 'message': 'User logged in'}
[2025-05-31T17:31:09.122+0000] {subprocess.py:93} INFO - Sending log: {'timestamp': '2025-05-31 17:31:09', 'level': 'INFO', 'message': 'User logged in'}
[2025-05-31T17:31:11.122+0000] {subprocess.py:93} INFO - Sending log: {'timestamp': '2025-05-31 17:31:11', 'level': 'INFO', 'message': 'User logged in'}
[2025-05-31T17:31:13.123+0000] {subprocess.py:93} INFO - Sending log: {'timestamp': '2025-05-31 17:31:13', 'level': 'ERROR', 'message': 'Database connection failed'}
[2025-05-31T17:31:15.122+0000] {subprocess.py:93} INFO - Sending log: {'timestamp': '2025-05-31 17:31:15', 'level': 'ERROR', 'message': 'Payment gateway timeout'}
[2025-05-31T17:31:17.123+0000] {subprocess.py:93} INFO - Sending log: {'timestamp': '2025-05-31 17:31:17', 'level': 'INFO', 'message': 'Page loaded'}
[2025-05-31T17:31:19.123+0000] {subprocess.py:93} INFO - Sending log: {'timestamp': '2025-05-31 17:31:19', 'level': 'INFO', 'message': 'Page loaded'}
[2025-05-31T17:31:21.124+0000] {subprocess.py:93} INFO - Sending log: {'timestamp': '2025-05-31 17:31:21', 'level': 'INFO', 'message': 'User logged in'}
[2025-05-31T17:31:23.124+0000] {subprocess.py:93} INFO - Sending log: {'timestamp': '2025-05-31 17:31:23', 'level': 'ERROR', 'message': 'Database connection failed'}
[2025-05-31T17:31:25.125+0000] {subprocess.py:93} INFO - Sending log: {'timestamp': '2025-05-31 17:31:25', 'level': 'INFO', 'message': 'Search executed'}
[2025-05-31T17:31:27.125+0000] {subprocess.py:93} INFO - Sending log: {'timestamp': '2025-05-31 17:31:27', 'level': 'WARNING', 'message': 'Slow response time'}
[2025-05-31T17:31:29.125+0000] {subprocess.py:93} INFO - Sending log: {'timestamp': '2025-05-31 17:31:29', 'level': 'ERROR', 'message': 'Payment gateway timeout'}
[2025-05-31T17:31:31.126+0000] {subprocess.py:93} INFO - Sending log: {'timestamp': '2025-05-31 17:31:31', 'level': 'INFO', 'message': 'User logged in'}
[2025-05-31T17:31:33.126+0000] {subprocess.py:93} INFO - Sending log: {'timestamp': '2025-05-31 17:31:33', 'level': 'INFO', 'message': 'Page loaded'}
[2025-05-31T17:31:35.127+0000] {subprocess.py:93} INFO - Sending log: {'timestamp': '2025-05-31 17:31:35', 'level': 'INFO', 'message': 'Search executed'}
[2025-05-31T17:31:37.127+0000] {subprocess.py:93} INFO - Sending log: {'timestamp': '2025-05-31 17:31:37', 'level': 'ERROR', 'message': 'Database connection failed'}
[2025-05-31T17:31:39.128+0000] {subprocess.py:93} INFO - Sending log: {'timestamp': '2025-05-31 17:31:39', 'level': 'INFO', 'message': 'User logged in'}
[2025-05-31T17:31:41.128+0000] {subprocess.py:93} INFO - Sending log: {'timestamp': '2025-05-31 17:31:41', 'level': 'ERROR', 'message': 'Payment gateway timeout'}
[2025-05-31T17:31:43.128+0000] {subprocess.py:93} INFO - Sending log: {'timestamp': '2025-05-31 17:31:43', 'level': 'INFO', 'message': 'Page loaded'}
[2025-05-31T17:31:45.128+0000] {subprocess.py:93} INFO - Sending log: {'timestamp': '2025-05-31 17:31:45', 'level': 'INFO', 'message': 'User logged in'}
[2025-05-31T17:31:47.128+0000] {subprocess.py:93} INFO - Sending log: {'timestamp': '2025-05-31 17:31:47', 'level': 'INFO', 'message': 'User logged in'}
[2025-05-31T17:31:49.128+0000] {subprocess.py:93} INFO - Sending log: {'timestamp': '2025-05-31 17:31:49', 'level': 'WARNING', 'message': 'Slow response time'}
[2025-05-31T17:31:51.129+0000] {subprocess.py:93} INFO - Sending log: {'timestamp': '2025-05-31 17:31:51', 'level': 'ERROR', 'message': 'Database connection failed'}
[2025-05-31T17:31:53.129+0000] {subprocess.py:93} INFO - Sending log: {'timestamp': '2025-05-31 17:31:53', 'level': 'INFO', 'message': 'Page loaded'}
[2025-05-31T17:31:55.130+0000] {subprocess.py:93} INFO - Sending log: {'timestamp': '2025-05-31 17:31:55', 'level': 'WARNING', 'message': 'Slow response time'}
[2025-05-31T17:31:57.130+0000] {subprocess.py:93} INFO - Sending log: {'timestamp': '2025-05-31 17:31:57', 'level': 'INFO', 'message': 'User logged in'}
[2025-05-31T17:31:59.131+0000] {subprocess.py:93} INFO - Sending log: {'timestamp': '2025-05-31 17:31:59', 'level': 'INFO', 'message': 'Search executed'}
[2025-05-31T17:32:01.131+0000] {subprocess.py:93} INFO - Sending log: {'timestamp': '2025-05-31 17:32:01', 'level': 'ERROR', 'message': 'Payment gateway timeout'}
[2025-05-31T17:32:03.131+0000] {subprocess.py:93} INFO - Sending log: {'timestamp': '2025-05-31 17:32:03', 'level': 'WARNING', 'message': 'High memory usage'}
[2025-05-31T17:32:05.132+0000] {subprocess.py:93} INFO - Sending log: {'timestamp': '2025-05-31 17:32:05', 'level': 'INFO', 'message': 'Search executed'}
[2025-05-31T17:32:07.132+0000] {subprocess.py:93} INFO - Sending log: {'timestamp': '2025-05-31 17:32:07', 'level': 'WARNING', 'message': 'Slow response time'}
[2025-05-31T17:32:09.133+0000] {subprocess.py:93} INFO - Sending log: {'timestamp': '2025-05-31 17:32:09', 'level': 'INFO', 'message': 'Search executed'}
[2025-05-31T17:32:11.133+0000] {subprocess.py:93} INFO - Sending log: {'timestamp': '2025-05-31 17:32:11', 'level': 'INFO', 'message': 'Search executed'}
[2025-05-31T17:32:13.134+0000] {subprocess.py:93} INFO - Sending log: {'timestamp': '2025-05-31 17:32:13', 'level': 'WARNING', 'message': 'High memory usage'}
[2025-05-31T17:32:15.133+0000] {subprocess.py:93} INFO - Sending log: {'timestamp': '2025-05-31 17:32:15', 'level': 'INFO', 'message': 'User logged in'}
[2025-05-31T17:32:17.133+0000] {subprocess.py:93} INFO - Sending log: {'timestamp': '2025-05-31 17:32:17', 'level': 'WARNING', 'message': 'High memory usage'}
[2025-05-31T17:32:19.134+0000] {subprocess.py:93} INFO - Sending log: {'timestamp': '2025-05-31 17:32:19', 'level': 'ERROR', 'message': 'Database connection failed'}
[2025-05-31T17:32:21.134+0000] {subprocess.py:93} INFO - Sending log: {'timestamp': '2025-05-31 17:32:21', 'level': 'ERROR', 'message': 'Database connection failed'}
[2025-05-31T17:32:23.134+0000] {subprocess.py:93} INFO - Sending log: {'timestamp': '2025-05-31 17:32:23', 'level': 'ERROR', 'message': 'Payment gateway timeout'}
[2025-05-31T17:32:25.135+0000] {subprocess.py:93} INFO - Sending log: {'timestamp': '2025-05-31 17:32:25', 'level': 'WARNING', 'message': 'High memory usage'}
[2025-05-31T17:32:27.135+0000] {subprocess.py:93} INFO - Sending log: {'timestamp': '2025-05-31 17:32:27', 'level': 'INFO', 'message': 'User logged in'}
[2025-05-31T17:32:29.136+0000] {subprocess.py:93} INFO - Sending log: {'timestamp': '2025-05-31 17:32:29', 'level': 'ERROR', 'message': 'Payment gateway timeout'}
[2025-05-31T17:32:31.136+0000] {subprocess.py:93} INFO - Sending log: {'timestamp': '2025-05-31 17:32:31', 'level': 'WARNING', 'message': 'High memory usage'}
[2025-05-31T17:32:33.137+0000] {subprocess.py:93} INFO - Sending log: {'timestamp': '2025-05-31 17:32:33', 'level': 'INFO', 'message': 'User logged in'}
[2025-05-31T17:32:35.137+0000] {subprocess.py:93} INFO - Sending log: {'timestamp': '2025-05-31 17:32:35', 'level': 'ERROR', 'message': 'Payment gateway timeout'}
[2025-05-31T17:32:37.137+0000] {subprocess.py:93} INFO - Sending log: {'timestamp': '2025-05-31 17:32:37', 'level': 'INFO', 'message': 'User logged in'}
[2025-05-31T17:32:39.138+0000] {subprocess.py:93} INFO - Sending log: {'timestamp': '2025-05-31 17:32:39', 'level': 'WARNING', 'message': 'Slow response time'}
[2025-05-31T17:32:41.138+0000] {subprocess.py:93} INFO - Sending log: {'timestamp': '2025-05-31 17:32:41', 'level': 'ERROR', 'message': 'Database connection failed'}
[2025-05-31T17:32:43.139+0000] {subprocess.py:93} INFO - Sending log: {'timestamp': '2025-05-31 17:32:43', 'level': 'WARNING', 'message': 'High memory usage'}
[2025-05-31T17:32:45.138+0000] {subprocess.py:93} INFO - Sending log: {'timestamp': '2025-05-31 17:32:45', 'level': 'WARNING', 'message': 'Slow response time'}
[2025-05-31T17:32:47.138+0000] {subprocess.py:93} INFO - Sending log: {'timestamp': '2025-05-31 17:32:47', 'level': 'INFO', 'message': 'Page loaded'}
[2025-05-31T17:32:49.138+0000] {subprocess.py:93} INFO - Sending log: {'timestamp': '2025-05-31 17:32:49', 'level': 'ERROR', 'message': 'Database connection failed'}
[2025-05-31T17:32:51.139+0000] {subprocess.py:93} INFO - Sending log: {'timestamp': '2025-05-31 17:32:51', 'level': 'INFO', 'message': 'Search executed'}
[2025-05-31T17:32:53.139+0000] {subprocess.py:93} INFO - Sending log: {'timestamp': '2025-05-31 17:32:53', 'level': 'ERROR', 'message': 'Database connection failed'}
[2025-05-31T17:32:55.140+0000] {subprocess.py:93} INFO - Sending log: {'timestamp': '2025-05-31 17:32:55', 'level': 'ERROR', 'message': 'Database connection failed'}
[2025-05-31T17:32:57.140+0000] {subprocess.py:93} INFO - Sending log: {'timestamp': '2025-05-31 17:32:57', 'level': 'WARNING', 'message': 'High memory usage'}
[2025-05-31T17:32:59.141+0000] {subprocess.py:93} INFO - Sending log: {'timestamp': '2025-05-31 17:32:59', 'level': 'WARNING', 'message': 'Slow response time'}
[2025-05-31T17:33:01.141+0000] {subprocess.py:93} INFO - Sending log: {'timestamp': '2025-05-31 17:33:01', 'level': 'ERROR', 'message': 'Database connection failed'}
[2025-05-31T17:33:03.142+0000] {subprocess.py:93} INFO - Sending log: {'timestamp': '2025-05-31 17:33:03', 'level': 'WARNING', 'message': 'High memory usage'}
[2025-05-31T17:33:05.142+0000] {subprocess.py:93} INFO - Sending log: {'timestamp': '2025-05-31 17:33:05', 'level': 'INFO', 'message': 'Page loaded'}
[2025-05-31T17:33:07.142+0000] {subprocess.py:93} INFO - Sending log: {'timestamp': '2025-05-31 17:33:07', 'level': 'WARNING', 'message': 'High memory usage'}
[2025-05-31T17:33:09.143+0000] {subprocess.py:93} INFO - Sending log: {'timestamp': '2025-05-31 17:33:09', 'level': 'WARNING', 'message': 'High memory usage'}
[2025-05-31T17:33:11.143+0000] {subprocess.py:93} INFO - Sending log: {'timestamp': '2025-05-31 17:33:11', 'level': 'WARNING', 'message': 'Slow response time'}
[2025-05-31T17:33:13.144+0000] {subprocess.py:93} INFO - Sending log: {'timestamp': '2025-05-31 17:33:13', 'level': 'INFO', 'message': 'Search executed'}
[2025-05-31T17:33:15.143+0000] {subprocess.py:93} INFO - Sending log: {'timestamp': '2025-05-31 17:33:15', 'level': 'INFO', 'message': 'User logged in'}
[2025-05-31T17:33:17.144+0000] {subprocess.py:93} INFO - Sending log: {'timestamp': '2025-05-31 17:33:17', 'level': 'INFO', 'message': 'User logged in'}
[2025-05-31T17:33:19.144+0000] {subprocess.py:93} INFO - Sending log: {'timestamp': '2025-05-31 17:33:19', 'level': 'INFO', 'message': 'Page loaded'}
[2025-05-31T17:33:21.144+0000] {subprocess.py:93} INFO - Sending log: {'timestamp': '2025-05-31 17:33:21', 'level': 'INFO', 'message': 'Search executed'}
[2025-05-31T17:33:23.145+0000] {subprocess.py:93} INFO - Sending log: {'timestamp': '2025-05-31 17:33:23', 'level': 'ERROR', 'message': 'Payment gateway timeout'}
[2025-05-31T17:33:25.145+0000] {subprocess.py:93} INFO - Sending log: {'timestamp': '2025-05-31 17:33:25', 'level': 'WARNING', 'message': 'High memory usage'}
[2025-05-31T17:33:27.146+0000] {subprocess.py:93} INFO - Sending log: {'timestamp': '2025-05-31 17:33:27', 'level': 'WARNING', 'message': 'Slow response time'}
[2025-05-31T17:33:29.146+0000] {subprocess.py:93} INFO - Sending log: {'timestamp': '2025-05-31 17:33:29', 'level': 'WARNING', 'message': 'High memory usage'}
[2025-05-31T17:33:31.147+0000] {subprocess.py:93} INFO - Sending log: {'timestamp': '2025-05-31 17:33:31', 'level': 'INFO', 'message': 'Page loaded'}
[2025-05-31T17:33:33.147+0000] {subprocess.py:93} INFO - Sending log: {'timestamp': '2025-05-31 17:33:33', 'level': 'WARNING', 'message': 'Slow response time'}
[2025-05-31T17:33:35.148+0000] {subprocess.py:93} INFO - Sending log: {'timestamp': '2025-05-31 17:33:35', 'level': 'WARNING', 'message': 'High memory usage'}
[2025-05-31T17:33:37.148+0000] {subprocess.py:93} INFO - Sending log: {'timestamp': '2025-05-31 17:33:37', 'level': 'WARNING', 'message': 'High memory usage'}
[2025-05-31T17:33:39.148+0000] {subprocess.py:93} INFO - Sending log: {'timestamp': '2025-05-31 17:33:39', 'level': 'WARNING', 'message': 'High memory usage'}
[2025-05-31T17:33:41.149+0000] {subprocess.py:93} INFO - Sending log: {'timestamp': '2025-05-31 17:33:41', 'level': 'ERROR', 'message': 'Database connection failed'}
[2025-05-31T17:33:43.149+0000] {subprocess.py:93} INFO - Sending log: {'timestamp': '2025-05-31 17:33:43', 'level': 'INFO', 'message': 'User logged in'}
[2025-05-31T17:33:45.148+0000] {subprocess.py:93} INFO - Sending log: {'timestamp': '2025-05-31 17:33:45', 'level': 'ERROR', 'message': 'Database connection failed'}
[2025-05-31T17:33:47.149+0000] {subprocess.py:93} INFO - Sending log: {'timestamp': '2025-05-31 17:33:47', 'level': 'INFO', 'message': 'Search executed'}
[2025-05-31T17:33:49.149+0000] {subprocess.py:93} INFO - Sending log: {'timestamp': '2025-05-31 17:33:49', 'level': 'WARNING', 'message': 'Slow response time'}
[2025-05-31T17:33:51.150+0000] {subprocess.py:93} INFO - Sending log: {'timestamp': '2025-05-31 17:33:51', 'level': 'ERROR', 'message': 'Payment gateway timeout'}
[2025-05-31T17:33:53.150+0000] {subprocess.py:93} INFO - Sending log: {'timestamp': '2025-05-31 17:33:53', 'level': 'INFO', 'message': 'User logged in'}
[2025-05-31T17:33:55.151+0000] {subprocess.py:93} INFO - Sending log: {'timestamp': '2025-05-31 17:33:55', 'level': 'INFO', 'message': 'Search executed'}
[2025-05-31T17:33:57.151+0000] {subprocess.py:93} INFO - Sending log: {'timestamp': '2025-05-31 17:33:57', 'level': 'INFO', 'message': 'Search executed'}
[2025-05-31T17:33:59.152+0000] {subprocess.py:93} INFO - Sending log: {'timestamp': '2025-05-31 17:33:59', 'level': 'WARNING', 'message': 'Slow response time'}
[2025-05-31T17:34:01.152+0000] {subprocess.py:93} INFO - Sending log: {'timestamp': '2025-05-31 17:34:01', 'level': 'INFO', 'message': 'User logged in'}
[2025-05-31T17:34:03.153+0000] {subprocess.py:93} INFO - Sending log: {'timestamp': '2025-05-31 17:34:03', 'level': 'WARNING', 'message': 'Slow response time'}
[2025-05-31T17:34:05.153+0000] {subprocess.py:93} INFO - Sending log: {'timestamp': '2025-05-31 17:34:05', 'level': 'ERROR', 'message': 'Payment gateway timeout'}
[2025-05-31T17:34:07.154+0000] {subprocess.py:93} INFO - Sending log: {'timestamp': '2025-05-31 17:34:07', 'level': 'INFO', 'message': 'Page loaded'}
[2025-05-31T17:34:09.154+0000] {subprocess.py:93} INFO - Sending log: {'timestamp': '2025-05-31 17:34:09', 'level': 'WARNING', 'message': 'High memory usage'}
[2025-05-31T17:34:11.154+0000] {subprocess.py:93} INFO - Sending log: {'timestamp': '2025-05-31 17:34:11', 'level': 'ERROR', 'message': 'Database connection failed'}
[2025-05-31T17:34:13.155+0000] {subprocess.py:93} INFO - Sending log: {'timestamp': '2025-05-31 17:34:13', 'level': 'ERROR', 'message': 'Database connection failed'}
[2025-05-31T17:34:15.154+0000] {subprocess.py:93} INFO - Sending log: {'timestamp': '2025-05-31 17:34:15', 'level': 'INFO', 'message': 'User logged in'}
[2025-05-31T17:34:17.155+0000] {subprocess.py:93} INFO - Sending log: {'timestamp': '2025-05-31 17:34:17', 'level': 'ERROR', 'message': 'Payment gateway timeout'}
[2025-05-31T17:34:19.155+0000] {subprocess.py:93} INFO - Sending log: {'timestamp': '2025-05-31 17:34:19', 'level': 'ERROR', 'message': 'Payment gateway timeout'}
[2025-05-31T17:34:21.156+0000] {subprocess.py:93} INFO - Sending log: {'timestamp': '2025-05-31 17:34:21', 'level': 'WARNING', 'message': 'Slow response time'}
[2025-05-31T17:34:23.156+0000] {subprocess.py:93} INFO - Sending log: {'timestamp': '2025-05-31 17:34:23', 'level': 'WARNING', 'message': 'High memory usage'}
[2025-05-31T17:34:25.156+0000] {subprocess.py:93} INFO - Sending log: {'timestamp': '2025-05-31 17:34:25', 'level': 'WARNING', 'message': 'Slow response time'}
[2025-05-31T17:34:27.157+0000] {subprocess.py:93} INFO - Sending log: {'timestamp': '2025-05-31 17:34:27', 'level': 'INFO', 'message': 'Page loaded'}
[2025-05-31T17:34:29.157+0000] {subprocess.py:93} INFO - Sending log: {'timestamp': '2025-05-31 17:34:29', 'level': 'INFO', 'message': 'Page loaded'}
[2025-05-31T17:34:31.158+0000] {subprocess.py:93} INFO - Sending log: {'timestamp': '2025-05-31 17:34:31', 'level': 'ERROR', 'message': 'Payment gateway timeout'}
[2025-05-31T17:34:33.158+0000] {subprocess.py:93} INFO - Sending log: {'timestamp': '2025-05-31 17:34:33', 'level': 'ERROR', 'message': 'Database connection failed'}
[2025-05-31T17:34:35.159+0000] {subprocess.py:93} INFO - Sending log: {'timestamp': '2025-05-31 17:34:35', 'level': 'WARNING', 'message': 'Slow response time'}
[2025-05-31T17:34:37.159+0000] {subprocess.py:93} INFO - Sending log: {'timestamp': '2025-05-31 17:34:37', 'level': 'ERROR', 'message': 'Payment gateway timeout'}
[2025-05-31T17:34:39.160+0000] {subprocess.py:93} INFO - Sending log: {'timestamp': '2025-05-31 17:34:39', 'level': 'WARNING', 'message': 'High memory usage'}
[2025-05-31T17:34:41.160+0000] {subprocess.py:93} INFO - Sending log: {'timestamp': '2025-05-31 17:34:41', 'level': 'WARNING', 'message': 'High memory usage'}
[2025-05-31T17:34:43.161+0000] {subprocess.py:93} INFO - Sending log: {'timestamp': '2025-05-31 17:34:43', 'level': 'INFO', 'message': 'User logged in'}
[2025-05-31T17:34:45.159+0000] {subprocess.py:93} INFO - Sending log: {'timestamp': '2025-05-31 17:34:45', 'level': 'ERROR', 'message': 'Database connection failed'}
[2025-05-31T17:34:47.160+0000] {subprocess.py:93} INFO - Sending log: {'timestamp': '2025-05-31 17:34:47', 'level': 'WARNING', 'message': 'Slow response time'}
[2025-05-31T17:34:49.160+0000] {subprocess.py:93} INFO - Sending log: {'timestamp': '2025-05-31 17:34:49', 'level': 'WARNING', 'message': 'Slow response time'}
[2025-05-31T17:34:51.161+0000] {subprocess.py:93} INFO - Sending log: {'timestamp': '2025-05-31 17:34:51', 'level': 'INFO', 'message': 'Search executed'}
[2025-05-31T17:34:53.161+0000] {subprocess.py:93} INFO - Sending log: {'timestamp': '2025-05-31 17:34:53', 'level': 'WARNING', 'message': 'Slow response time'}
[2025-05-31T17:34:55.162+0000] {subprocess.py:93} INFO - Sending log: {'timestamp': '2025-05-31 17:34:55', 'level': 'ERROR', 'message': 'Payment gateway timeout'}
[2025-05-31T17:34:57.162+0000] {subprocess.py:93} INFO - Sending log: {'timestamp': '2025-05-31 17:34:57', 'level': 'WARNING', 'message': 'High memory usage'}
[2025-05-31T17:34:59.163+0000] {subprocess.py:93} INFO - Sending log: {'timestamp': '2025-05-31 17:34:59', 'level': 'ERROR', 'message': 'Database connection failed'}
[2025-05-31T17:35:01.163+0000] {subprocess.py:93} INFO - Sending log: {'timestamp': '2025-05-31 17:35:01', 'level': 'ERROR', 'message': 'Database connection failed'}
[2025-05-31T17:35:03.164+0000] {subprocess.py:93} INFO - Sending log: {'timestamp': '2025-05-31 17:35:03', 'level': 'ERROR', 'message': 'Database connection failed'}
[2025-05-31T17:35:05.165+0000] {subprocess.py:93} INFO - Sending log: {'timestamp': '2025-05-31 17:35:05', 'level': 'WARNING', 'message': 'High memory usage'}
[2025-05-31T17:35:07.165+0000] {subprocess.py:93} INFO - Sending log: {'timestamp': '2025-05-31 17:35:07', 'level': 'WARNING', 'message': 'Slow response time'}
[2025-05-31T17:35:09.166+0000] {subprocess.py:93} INFO - Sending log: {'timestamp': '2025-05-31 17:35:09', 'level': 'INFO', 'message': 'Search executed'}
[2025-05-31T17:35:11.173+0000] {subprocess.py:93} INFO - Sending log: {'timestamp': '2025-05-31 17:35:11', 'level': 'ERROR', 'message': 'Database connection failed'}
[2025-05-31T17:35:13.173+0000] {subprocess.py:93} INFO - Sending log: {'timestamp': '2025-05-31 17:35:13', 'level': 'INFO', 'message': 'User logged in'}
[2025-05-31T17:35:15.173+0000] {subprocess.py:93} INFO - Sending log: {'timestamp': '2025-05-31 17:35:15', 'level': 'INFO', 'message': 'Page loaded'}
[2025-05-31T17:35:17.173+0000] {subprocess.py:93} INFO - Sending log: {'timestamp': '2025-05-31 17:35:17', 'level': 'WARNING', 'message': 'High memory usage'}
[2025-05-31T17:35:19.174+0000] {subprocess.py:93} INFO - Sending log: {'timestamp': '2025-05-31 17:35:19', 'level': 'WARNING', 'message': 'Slow response time'}
[2025-05-31T17:35:21.174+0000] {subprocess.py:93} INFO - Sending log: {'timestamp': '2025-05-31 17:35:21', 'level': 'WARNING', 'message': 'High memory usage'}
[2025-05-31T17:35:23.175+0000] {subprocess.py:93} INFO - Sending log: {'timestamp': '2025-05-31 17:35:23', 'level': 'INFO', 'message': 'User logged in'}
[2025-05-31T17:35:25.175+0000] {subprocess.py:93} INFO - Sending log: {'timestamp': '2025-05-31 17:35:25', 'level': 'ERROR', 'message': 'Payment gateway timeout'}
[2025-05-31T17:35:27.176+0000] {subprocess.py:93} INFO - Sending log: {'timestamp': '2025-05-31 17:35:27', 'level': 'INFO', 'message': 'User logged in'}
[2025-05-31T17:35:29.176+0000] {subprocess.py:93} INFO - Sending log: {'timestamp': '2025-05-31 17:35:29', 'level': 'WARNING', 'message': 'Slow response time'}
[2025-05-31T17:35:31.177+0000] {subprocess.py:93} INFO - Sending log: {'timestamp': '2025-05-31 17:35:31', 'level': 'INFO', 'message': 'User logged in'}
[2025-05-31T17:35:33.177+0000] {subprocess.py:93} INFO - Sending log: {'timestamp': '2025-05-31 17:35:33', 'level': 'INFO', 'message': 'Search executed'}
[2025-05-31T17:35:35.178+0000] {subprocess.py:93} INFO - Sending log: {'timestamp': '2025-05-31 17:35:35', 'level': 'INFO', 'message': 'Search executed'}
[2025-05-31T17:35:37.178+0000] {subprocess.py:93} INFO - Sending log: {'timestamp': '2025-05-31 17:35:37', 'level': 'ERROR', 'message': 'Database connection failed'}
[2025-05-31T17:35:39.178+0000] {subprocess.py:93} INFO - Sending log: {'timestamp': '2025-05-31 17:35:39', 'level': 'WARNING', 'message': 'Slow response time'}
[2025-05-31T17:35:41.179+0000] {subprocess.py:93} INFO - Sending log: {'timestamp': '2025-05-31 17:35:41', 'level': 'ERROR', 'message': 'Payment gateway timeout'}
[2025-05-31T17:35:43.179+0000] {subprocess.py:93} INFO - Sending log: {'timestamp': '2025-05-31 17:35:43', 'level': 'INFO', 'message': 'Search executed'}
[2025-05-31T17:35:45.179+0000] {subprocess.py:93} INFO - Sending log: {'timestamp': '2025-05-31 17:35:45', 'level': 'ERROR', 'message': 'Payment gateway timeout'}
[2025-05-31T17:35:47.651+0000] {subprocess.py:93} INFO - Sending log: {'timestamp': '2025-05-31 17:35:47', 'level': 'INFO', 'message': 'Page loaded'}
[2025-05-31T17:35:49.652+0000] {subprocess.py:93} INFO - Sending log: {'timestamp': '2025-05-31 17:35:49', 'level': 'WARNING', 'message': 'Slow response time'}
[2025-05-31T17:35:51.652+0000] {subprocess.py:93} INFO - Sending log: {'timestamp': '2025-05-31 17:35:51', 'level': 'INFO', 'message': 'Search executed'}
[2025-05-31T17:44:34.307+0000] {subprocess.py:93} INFO - Sending log: {'timestamp': '2025-05-31 17:44:33', 'level': 'INFO', 'message': 'Page loaded'}
[2025-05-31T17:44:36.544+0000] {subprocess.py:93} INFO - Sending log: {'timestamp': '2025-05-31 17:44:36', 'level': 'INFO', 'message': 'Page loaded'}
[2025-05-31T17:44:38.716+0000] {subprocess.py:93} INFO - Sending log: {'timestamp': '2025-05-31 17:44:38', 'level': 'ERROR', 'message': 'Database connection failed'}
[2025-05-31T17:44:39.540+0000] {job.py:229} INFO - Heartbeat recovered after 528.24 seconds
[2025-05-31T17:44:40.955+0000] {subprocess.py:93} INFO - Sending log: {'timestamp': '2025-05-31 17:44:40', 'level': 'INFO', 'message': 'User logged in'}
[2025-05-31T17:44:42.956+0000] {subprocess.py:93} INFO - Sending log: {'timestamp': '2025-05-31 17:44:42', 'level': 'INFO', 'message': 'Page loaded'}
[2025-05-31T17:44:45.255+0000] {subprocess.py:93} INFO - Sending log: {'timestamp': '2025-05-31 17:44:45', 'level': 'WARNING', 'message': 'High memory usage'}
[2025-05-31T17:44:47.256+0000] {subprocess.py:93} INFO - Sending log: {'timestamp': '2025-05-31 17:44:47', 'level': 'ERROR', 'message': 'Database connection failed'}
[2025-05-31T17:44:49.257+0000] {subprocess.py:93} INFO - Sending log: {'timestamp': '2025-05-31 17:44:49', 'level': 'WARNING', 'message': 'High memory usage'}
[2025-05-31T17:44:51.470+0000] {subprocess.py:93} INFO - Sending log: {'timestamp': '2025-05-31 17:44:51', 'level': 'WARNING', 'message': 'High memory usage'}
[2025-05-31T17:44:53.637+0000] {subprocess.py:93} INFO - Sending log: {'timestamp': '2025-05-31 17:44:53', 'level': 'INFO', 'message': 'User logged in'}
[2025-05-31T17:44:55.637+0000] {subprocess.py:93} INFO - Sending log: {'timestamp': '2025-05-31 17:44:55', 'level': 'ERROR', 'message': 'Database connection failed'}
[2025-05-31T17:44:57.976+0000] {subprocess.py:93} INFO - Sending log: {'timestamp': '2025-05-31 17:44:57', 'level': 'ERROR', 'message': 'Database connection failed'}
[2025-05-31T17:45:00.300+0000] {subprocess.py:93} INFO - Sending log: {'timestamp': '2025-05-31 17:45:00', 'level': 'INFO', 'message': 'Search executed'}
[2025-05-31T17:45:02.480+0000] {subprocess.py:93} INFO - Sending log: {'timestamp': '2025-05-31 17:45:02', 'level': 'WARNING', 'message': 'High memory usage'}
[2025-05-31T17:45:04.480+0000] {subprocess.py:93} INFO - Sending log: {'timestamp': '2025-05-31 17:45:04', 'level': 'INFO', 'message': 'Search executed'}
[2025-05-31T17:45:06.495+0000] {subprocess.py:93} INFO - Sending log: {'timestamp': '2025-05-31 17:45:06', 'level': 'ERROR', 'message': 'Database connection failed'}
[2025-05-31T17:45:08.516+0000] {subprocess.py:93} INFO - Sending log: {'timestamp': '2025-05-31 17:45:08', 'level': 'INFO', 'message': 'Page loaded'}
[2025-05-31T17:45:10.571+0000] {subprocess.py:93} INFO - Sending log: {'timestamp': '2025-05-31 17:45:10', 'level': 'ERROR', 'message': 'Database connection failed'}
[2025-05-31T17:45:12.572+0000] {subprocess.py:93} INFO - Sending log: {'timestamp': '2025-05-31 17:45:12', 'level': 'INFO', 'message': 'Page loaded'}
[2025-05-31T17:45:14.572+0000] {subprocess.py:93} INFO - Sending log: {'timestamp': '2025-05-31 17:45:14', 'level': 'ERROR', 'message': 'Payment gateway timeout'}
[2025-05-31T17:45:16.573+0000] {subprocess.py:93} INFO - Sending log: {'timestamp': '2025-05-31 17:45:16', 'level': 'ERROR', 'message': 'Database connection failed'}
[2025-05-31T17:45:18.573+0000] {subprocess.py:93} INFO - Sending log: {'timestamp': '2025-05-31 17:45:18', 'level': 'ERROR', 'message': 'Payment gateway timeout'}
[2025-05-31T17:45:20.574+0000] {subprocess.py:93} INFO - Sending log: {'timestamp': '2025-05-31 17:45:20', 'level': 'INFO', 'message': 'Page loaded'}
[2025-05-31T17:45:22.815+0000] {subprocess.py:93} INFO - Sending log: {'timestamp': '2025-05-31 17:45:22', 'level': 'WARNING', 'message': 'High memory usage'}
[2025-05-31T17:45:24.816+0000] {subprocess.py:93} INFO - Sending log: {'timestamp': '2025-05-31 17:45:24', 'level': 'ERROR', 'message': 'Database connection failed'}
[2025-05-31T17:45:26.816+0000] {subprocess.py:93} INFO - Sending log: {'timestamp': '2025-05-31 17:45:26', 'level': 'ERROR', 'message': 'Payment gateway timeout'}
[2025-05-31T17:45:28.817+0000] {subprocess.py:93} INFO - Sending log: {'timestamp': '2025-05-31 17:45:28', 'level': 'WARNING', 'message': 'High memory usage'}
[2025-05-31T17:45:30.843+0000] {subprocess.py:93} INFO - Sending log: {'timestamp': '2025-05-31 17:45:30', 'level': 'INFO', 'message': 'Search executed'}
[2025-05-31T17:45:33.030+0000] {subprocess.py:93} INFO - Sending log: {'timestamp': '2025-05-31 17:45:33', 'level': 'ERROR', 'message': 'Database connection failed'}
[2025-05-31T17:45:35.029+0000] {subprocess.py:93} INFO - Sending log: {'timestamp': '2025-05-31 17:45:35', 'level': 'INFO', 'message': 'Page loaded'}
[2025-05-31T17:45:37.112+0000] {subprocess.py:93} INFO - Sending log: {'timestamp': '2025-05-31 17:45:37', 'level': 'ERROR', 'message': 'Database connection failed'}
[2025-05-31T17:45:39.175+0000] {subprocess.py:93} INFO - Sending log: {'timestamp': '2025-05-31 17:45:39', 'level': 'WARNING', 'message': 'Slow response time'}
[2025-05-31T17:45:41.246+0000] {subprocess.py:93} INFO - Sending log: {'timestamp': '2025-05-31 17:45:41', 'level': 'INFO', 'message': 'Page loaded'}
[2025-05-31T17:45:43.655+0000] {subprocess.py:93} INFO - Sending log: {'timestamp': '2025-05-31 17:45:43', 'level': 'WARNING', 'message': 'High memory usage'}
[2025-05-31T17:45:45.714+0000] {subprocess.py:93} INFO - Sending log: {'timestamp': '2025-05-31 17:45:45', 'level': 'ERROR', 'message': 'Payment gateway timeout'}
[2025-05-31T17:45:47.742+0000] {subprocess.py:93} INFO - Sending log: {'timestamp': '2025-05-31 17:45:47', 'level': 'INFO', 'message': 'Search executed'}
[2025-05-31T17:45:49.900+0000] {subprocess.py:93} INFO - Sending log: {'timestamp': '2025-05-31 17:45:49', 'level': 'WARNING', 'message': 'High memory usage'}
[2025-05-31T17:45:50.485+0000] {job.py:229} INFO - Heartbeat recovered after 13.94 seconds
[2025-05-31T17:45:51.900+0000] {subprocess.py:93} INFO - Sending log: {'timestamp': '2025-05-31 17:45:51', 'level': 'INFO', 'message': 'Page loaded'}
[2025-05-31T17:45:54.032+0000] {subprocess.py:93} INFO - Sending log: {'timestamp': '2025-05-31 17:45:53', 'level': 'INFO', 'message': 'User logged in'}
[2025-05-31T17:45:56.206+0000] {subprocess.py:93} INFO - Sending log: {'timestamp': '2025-05-31 17:45:56', 'level': 'INFO', 'message': 'Search executed'}
[2025-05-31T17:45:59.114+0000] {subprocess.py:93} INFO - Sending log: {'timestamp': '2025-05-31 17:45:58', 'level': 'WARNING', 'message': 'High memory usage'}
[2025-05-31T17:46:00.538+0000] {subprocess.py:93} INFO - Sending log: {'timestamp': '2025-05-31 17:46:00', 'level': 'ERROR', 'message': 'Payment gateway timeout'}
[2025-05-31T17:46:02.622+0000] {subprocess.py:93} INFO - Sending log: {'timestamp': '2025-05-31 17:46:02', 'level': 'WARNING', 'message': 'Slow response time'}
[2025-05-31T17:46:04.870+0000] {subprocess.py:93} INFO - Sending log: {'timestamp': '2025-05-31 17:46:04', 'level': 'ERROR', 'message': 'Database connection failed'}
[2025-05-31T17:46:07.164+0000] {subprocess.py:93} INFO - Sending log: {'timestamp': '2025-05-31 17:46:07', 'level': 'ERROR', 'message': 'Payment gateway timeout'}
[2025-05-31T17:46:09.260+0000] {subprocess.py:93} INFO - Sending log: {'timestamp': '2025-05-31 17:46:09', 'level': 'WARNING', 'message': 'Slow response time'}
[2025-05-31T17:46:10.368+0000] {job.py:229} INFO - Heartbeat recovered after 12.20 seconds
[2025-05-31T17:46:11.466+0000] {subprocess.py:93} INFO - Sending log: {'timestamp': '2025-05-31 17:46:11', 'level': 'INFO', 'message': 'Search executed'}
[2025-05-31T17:46:13.523+0000] {subprocess.py:93} INFO - Sending log: {'timestamp': '2025-05-31 17:46:13', 'level': 'INFO', 'message': 'Search executed'}
[2025-05-31T17:46:21.750+0000] {subprocess.py:93} INFO - Sending log: {'timestamp': '2025-05-31 17:46:15', 'level': 'WARNING', 'message': 'High memory usage'}
[2025-05-31T17:46:21.751+0000] {subprocess.py:93} INFO - Sending log: {'timestamp': '2025-05-31 17:46:17', 'level': 'WARNING', 'message': 'High memory usage'}
[2025-05-31T17:46:21.752+0000] {subprocess.py:93} INFO - Sending log: {'timestamp': '2025-05-31 17:46:19', 'level': 'WARNING', 'message': 'Slow response time'}
[2025-05-31T17:46:21.964+0000] {subprocess.py:93} INFO - Sending log: {'timestamp': '2025-05-31 17:46:21', 'level': 'ERROR', 'message': 'Payment gateway timeout'}
[2025-05-31T17:46:23.662+0000] {subprocess.py:93} INFO - Sending log: {'timestamp': '2025-05-31 17:46:23', 'level': 'ERROR', 'message': 'Database connection failed'}
[2025-05-31T17:46:24.680+0000] {job.py:229} INFO - Heartbeat recovered after 15.00 seconds
[2025-05-31T17:46:25.663+0000] {subprocess.py:93} INFO - Sending log: {'timestamp': '2025-05-31 17:46:25', 'level': 'WARNING', 'message': 'High memory usage'}
[2025-05-31T17:46:27.663+0000] {subprocess.py:93} INFO - Sending log: {'timestamp': '2025-05-31 17:46:27', 'level': 'WARNING', 'message': 'Slow response time'}
[2025-05-31T17:46:29.945+0000] {subprocess.py:93} INFO - Sending log: {'timestamp': '2025-05-31 17:46:29', 'level': 'ERROR', 'message': 'Payment gateway timeout'}
[2025-05-31T17:46:31.921+0000] {subprocess.py:93} INFO - Sending log: {'timestamp': '2025-05-31 17:46:31', 'level': 'INFO', 'message': 'Page loaded'}
[2025-05-31T17:46:33.925+0000] {subprocess.py:93} INFO - Sending log: {'timestamp': '2025-05-31 17:46:33', 'level': 'INFO', 'message': 'User logged in'}
[2025-05-31T17:46:35.978+0000] {subprocess.py:93} INFO - Sending log: {'timestamp': '2025-05-31 17:46:35', 'level': 'ERROR', 'message': 'Payment gateway timeout'}
[2025-05-31T17:46:38.019+0000] {subprocess.py:93} INFO - Sending log: {'timestamp': '2025-05-31 17:46:38', 'level': 'ERROR', 'message': 'Payment gateway timeout'}
[2025-05-31T17:46:40.019+0000] {subprocess.py:93} INFO - Sending log: {'timestamp': '2025-05-31 17:46:40', 'level': 'INFO', 'message': 'Page loaded'}
[2025-05-31T17:46:40.555+0000] {job.py:229} INFO - Heartbeat recovered after 15.92 seconds
[2025-05-31T17:46:42.020+0000] {subprocess.py:93} INFO - Sending log: {'timestamp': '2025-05-31 17:46:42', 'level': 'INFO', 'message': 'Search executed'}
[2025-05-31T17:46:44.114+0000] {subprocess.py:93} INFO - Sending log: {'timestamp': '2025-05-31 17:46:44', 'level': 'INFO', 'message': 'Search executed'}
[2025-05-31T17:46:46.156+0000] {subprocess.py:93} INFO - Sending log: {'timestamp': '2025-05-31 17:46:46', 'level': 'ERROR', 'message': 'Payment gateway timeout'}
[2025-05-31T17:46:48.293+0000] {subprocess.py:93} INFO - Sending log: {'timestamp': '2025-05-31 17:46:48', 'level': 'ERROR', 'message': 'Payment gateway timeout'}
[2025-05-31T17:46:50.294+0000] {subprocess.py:93} INFO - Sending log: {'timestamp': '2025-05-31 17:46:50', 'level': 'INFO', 'message': 'Search executed'}
[2025-05-31T17:46:52.538+0000] {subprocess.py:93} INFO - Sending log: {'timestamp': '2025-05-31 17:46:52', 'level': 'ERROR', 'message': 'Payment gateway timeout'}
[2025-05-31T17:46:54.620+0000] {subprocess.py:93} INFO - Sending log: {'timestamp': '2025-05-31 17:46:54', 'level': 'ERROR', 'message': 'Database connection failed'}
[2025-05-31T17:46:56.620+0000] {subprocess.py:93} INFO - Sending log: {'timestamp': '2025-05-31 17:46:56', 'level': 'ERROR', 'message': 'Payment gateway timeout'}
[2025-05-31T17:46:58.690+0000] {subprocess.py:93} INFO - Sending log: {'timestamp': '2025-05-31 17:46:58', 'level': 'WARNING', 'message': 'High memory usage'}
[2025-05-31T17:47:00.690+0000] {subprocess.py:93} INFO - Sending log: {'timestamp': '2025-05-31 17:47:00', 'level': 'WARNING', 'message': 'Slow response time'}
[2025-05-31T17:47:02.836+0000] {subprocess.py:93} INFO - Sending log: {'timestamp': '2025-05-31 17:47:02', 'level': 'WARNING', 'message': 'Slow response time'}
[2025-05-31T17:47:04.836+0000] {subprocess.py:93} INFO - Sending log: {'timestamp': '2025-05-31 17:47:04', 'level': 'WARNING', 'message': 'High memory usage'}
[2025-05-31T17:47:06.836+0000] {subprocess.py:93} INFO - Sending log: {'timestamp': '2025-05-31 17:47:06', 'level': 'WARNING', 'message': 'Slow response time'}
[2025-05-31T17:47:08.875+0000] {subprocess.py:93} INFO - Sending log: {'timestamp': '2025-05-31 17:47:08', 'level': 'INFO', 'message': 'User logged in'}
[2025-05-31T17:47:10.960+0000] {subprocess.py:93} INFO - Sending log: {'timestamp': '2025-05-31 17:47:10', 'level': 'WARNING', 'message': 'High memory usage'}
[2025-05-31T17:47:12.977+0000] {subprocess.py:93} INFO - Sending log: {'timestamp': '2025-05-31 17:47:12', 'level': 'INFO', 'message': 'Search executed'}
[2025-05-31T17:47:15.076+0000] {subprocess.py:93} INFO - Sending log: {'timestamp': '2025-05-31 17:47:15', 'level': 'ERROR', 'message': 'Payment gateway timeout'}
[2025-05-31T17:47:17.077+0000] {subprocess.py:93} INFO - Sending log: {'timestamp': '2025-05-31 17:47:17', 'level': 'ERROR', 'message': 'Database connection failed'}
[2025-05-31T17:47:19.077+0000] {subprocess.py:93} INFO - Sending log: {'timestamp': '2025-05-31 17:47:19', 'level': 'ERROR', 'message': 'Database connection failed'}
[2025-05-31T17:47:21.112+0000] {subprocess.py:93} INFO - Sending log: {'timestamp': '2025-05-31 17:47:21', 'level': 'WARNING', 'message': 'Slow response time'}
[2025-05-31T17:47:23.130+0000] {subprocess.py:93} INFO - Sending log: {'timestamp': '2025-05-31 17:47:23', 'level': 'ERROR', 'message': 'Database connection failed'}
[2025-05-31T17:47:24.881+0000] {subprocess.py:93} INFO - Sending log: {'timestamp': '2025-05-31 17:47:24', 'level': 'ERROR', 'message': 'Payment gateway timeout'}
[2025-05-31T17:47:26.960+0000] {subprocess.py:93} INFO - Sending log: {'timestamp': '2025-05-31 17:47:26', 'level': 'ERROR', 'message': 'Database connection failed'}
[2025-05-31T17:47:28.913+0000] {subprocess.py:93} INFO - Sending log: {'timestamp': '2025-05-31 17:47:28', 'level': 'WARNING', 'message': 'High memory usage'}
[2025-05-31T17:47:31.144+0000] {subprocess.py:93} INFO - Sending log: {'timestamp': '2025-05-31 17:47:31', 'level': 'WARNING', 'message': 'High memory usage'}
[2025-05-31T17:47:33.282+0000] {subprocess.py:93} INFO - Sending log: {'timestamp': '2025-05-31 17:47:33', 'level': 'ERROR', 'message': 'Database connection failed'}
[2025-05-31T17:47:36.113+0000] {subprocess.py:93} INFO - Sending log: {'timestamp': '2025-05-31 17:47:35', 'level': 'ERROR', 'message': 'Payment gateway timeout'}
[2025-05-31T17:47:37.883+0000] {subprocess.py:93} INFO - Sending log: {'timestamp': '2025-05-31 17:47:37', 'level': 'INFO', 'message': 'User logged in'}
[2025-05-31T17:47:40.136+0000] {subprocess.py:93} INFO - Sending log: {'timestamp': '2025-05-31 17:47:40', 'level': 'WARNING', 'message': 'High memory usage'}
[2025-05-31T17:47:42.321+0000] {subprocess.py:93} INFO - Sending log: {'timestamp': '2025-05-31 17:47:42', 'level': 'ERROR', 'message': 'Payment gateway timeout'}
[2025-05-31T17:47:44.698+0000] {subprocess.py:93} INFO - Sending log: {'timestamp': '2025-05-31 17:47:44', 'level': 'INFO', 'message': 'Search executed'}
[2025-05-31T17:47:44.907+0000] {job.py:229} INFO - Heartbeat recovered after 20.72 seconds
[2025-05-31T17:47:47.532+0000] {subprocess.py:93} INFO - Sending log: {'timestamp': '2025-05-31 17:47:47', 'level': 'WARNING', 'message': 'High memory usage'}
[2025-05-31T17:47:49.039+0000] {subprocess.py:93} INFO - Sending log: {'timestamp': '2025-05-31 17:47:49', 'level': 'WARNING', 'message': 'Slow response time'}
[2025-05-31T17:47:51.170+0000] {subprocess.py:93} INFO - Sending log: {'timestamp': '2025-05-31 17:47:51', 'level': 'INFO', 'message': 'Search executed'}
[2025-05-31T17:47:53.201+0000] {subprocess.py:93} INFO - Sending log: {'timestamp': '2025-05-31 17:47:53', 'level': 'WARNING', 'message': 'High memory usage'}
[2025-05-31T17:47:55.204+0000] {subprocess.py:93} INFO - Sending log: {'timestamp': '2025-05-31 17:47:55', 'level': 'ERROR', 'message': 'Database connection failed'}
[2025-05-31T17:47:56.572+0000] {subprocess.py:93} INFO - Sending log: {'timestamp': '2025-05-31 17:47:56', 'level': 'ERROR', 'message': 'Database connection failed'}
[2025-05-31T17:47:58.634+0000] {subprocess.py:93} INFO - Sending log: {'timestamp': '2025-05-31 17:47:58', 'level': 'WARNING', 'message': 'High memory usage'}
[2025-05-31T17:48:00.640+0000] {subprocess.py:93} INFO - Sending log: {'timestamp': '2025-05-31 17:48:00', 'level': 'ERROR', 'message': 'Database connection failed'}
[2025-05-31T17:48:03.206+0000] {subprocess.py:93} INFO - Sending log: {'timestamp': '2025-05-31 17:48:02', 'level': 'ERROR', 'message': 'Database connection failed'}
[2025-05-31T17:48:05.295+0000] {subprocess.py:93} INFO - Sending log: {'timestamp': '2025-05-31 17:48:05', 'level': 'INFO', 'message': 'Search executed'}
[2025-05-31T17:48:07.447+0000] {subprocess.py:93} INFO - Sending log: {'timestamp': '2025-05-31 17:48:07', 'level': 'ERROR', 'message': 'Database connection failed'}
[2025-05-31T17:48:09.576+0000] {subprocess.py:93} INFO - Sending log: {'timestamp': '2025-05-31 17:48:09', 'level': 'INFO', 'message': 'User logged in'}
[2025-05-31T17:48:11.619+0000] {subprocess.py:93} INFO - Sending log: {'timestamp': '2025-05-31 17:48:11', 'level': 'ERROR', 'message': 'Payment gateway timeout'}
[2025-05-31T17:48:13.884+0000] {subprocess.py:93} INFO - Sending log: {'timestamp': '2025-05-31 17:48:13', 'level': 'ERROR', 'message': 'Database connection failed'}
[2025-05-31T17:48:16.451+0000] {subprocess.py:93} INFO - Sending log: {'timestamp': '2025-05-31 17:48:16', 'level': 'ERROR', 'message': 'Payment gateway timeout'}
[2025-05-31T17:48:18.498+0000] {subprocess.py:93} INFO - Sending log: {'timestamp': '2025-05-31 17:48:18', 'level': 'WARNING', 'message': 'Slow response time'}
[2025-05-31T17:48:20.674+0000] {subprocess.py:93} INFO - Sending log: {'timestamp': '2025-05-31 17:48:20', 'level': 'ERROR', 'message': 'Payment gateway timeout'}
[2025-05-31T17:48:23.230+0000] {subprocess.py:93} INFO - Sending log: {'timestamp': '2025-05-31 17:48:22', 'level': 'WARNING', 'message': 'High memory usage'}
[2025-05-31T17:48:24.912+0000] {subprocess.py:93} INFO - Sending log: {'timestamp': '2025-05-31 17:48:24', 'level': 'WARNING', 'message': 'High memory usage'}
[2025-05-31T17:48:26.948+0000] {subprocess.py:93} INFO - Sending log: {'timestamp': '2025-05-31 17:48:26', 'level': 'INFO', 'message': 'Search executed'}
[2025-05-31T17:48:28.786+0000] {subprocess.py:93} INFO - Sending log: {'timestamp': '2025-05-31 17:48:28', 'level': 'ERROR', 'message': 'Database connection failed'}
[2025-05-31T17:48:31.034+0000] {subprocess.py:93} INFO - Sending log: {'timestamp': '2025-05-31 17:48:30', 'level': 'ERROR', 'message': 'Payment gateway timeout'}
[2025-05-31T17:48:33.067+0000] {subprocess.py:93} INFO - Sending log: {'timestamp': '2025-05-31 17:48:33', 'level': 'ERROR', 'message': 'Database connection failed'}
[2025-05-31T17:48:35.082+0000] {subprocess.py:93} INFO - Sending log: {'timestamp': '2025-05-31 17:48:35', 'level': 'WARNING', 'message': 'High memory usage'}
[2025-05-31T17:48:37.280+0000] {subprocess.py:93} INFO - Sending log: {'timestamp': '2025-05-31 17:48:37', 'level': 'ERROR', 'message': 'Payment gateway timeout'}
[2025-05-31T17:48:39.284+0000] {subprocess.py:93} INFO - Sending log: {'timestamp': '2025-05-31 17:48:39', 'level': 'INFO', 'message': 'Page loaded'}
[2025-05-31T17:48:41.723+0000] {subprocess.py:93} INFO - Sending log: {'timestamp': '2025-05-31 17:48:41', 'level': 'ERROR', 'message': 'Database connection failed'}
[2025-05-31T17:48:43.434+0000] {subprocess.py:93} INFO - Sending log: {'timestamp': '2025-05-31 17:48:43', 'level': 'ERROR', 'message': 'Database connection failed'}
[2025-05-31T17:48:46.185+0000] {subprocess.py:93} INFO - Sending log: {'timestamp': '2025-05-31 17:48:46', 'level': 'INFO', 'message': 'Page loaded'}
[2025-05-31T17:48:48.186+0000] {subprocess.py:93} INFO - Sending log: {'timestamp': '2025-05-31 17:48:48', 'level': 'WARNING', 'message': 'Slow response time'}
[2025-05-31T17:48:50.270+0000] {subprocess.py:93} INFO - Sending log: {'timestamp': '2025-05-31 17:48:50', 'level': 'INFO', 'message': 'User logged in'}
[2025-05-31T17:48:52.291+0000] {subprocess.py:93} INFO - Sending log: {'timestamp': '2025-05-31 17:48:52', 'level': 'ERROR', 'message': 'Database connection failed'}
[2025-05-31T17:48:54.327+0000] {job.py:229} INFO - Heartbeat recovered after 71.28 seconds
[2025-05-31T17:48:54.368+0000] {subprocess.py:93} INFO - Sending log: {'timestamp': '2025-05-31 17:48:54', 'level': 'ERROR', 'message': 'Database connection failed'}
[2025-05-31T17:48:56.121+0000] {subprocess.py:93} INFO - Sending log: {'timestamp': '2025-05-31 17:48:56', 'level': 'ERROR', 'message': 'Database connection failed'}
[2025-05-31T17:48:58.212+0000] {subprocess.py:93} INFO - Sending log: {'timestamp': '2025-05-31 17:48:58', 'level': 'INFO', 'message': 'Page loaded'}
[2025-05-31T17:49:00.213+0000] {subprocess.py:93} INFO - Sending log: {'timestamp': '2025-05-31 17:49:00', 'level': 'INFO', 'message': 'Search executed'}
[2025-05-31T17:49:02.213+0000] {subprocess.py:93} INFO - Sending log: {'timestamp': '2025-05-31 17:49:02', 'level': 'WARNING', 'message': 'Slow response time'}
[2025-05-31T17:49:04.313+0000] {subprocess.py:93} INFO - Sending log: {'timestamp': '2025-05-31 17:49:04', 'level': 'INFO', 'message': 'User logged in'}
[2025-05-31T17:49:06.445+0000] {subprocess.py:93} INFO - Sending log: {'timestamp': '2025-05-31 17:49:06', 'level': 'ERROR', 'message': 'Database connection failed'}
[2025-05-31T17:49:08.673+0000] {subprocess.py:93} INFO - Sending log: {'timestamp': '2025-05-31 17:49:08', 'level': 'WARNING', 'message': 'Slow response time'}
[2025-05-31T17:49:10.742+0000] {subprocess.py:93} INFO - Sending log: {'timestamp': '2025-05-31 17:49:10', 'level': 'WARNING', 'message': 'High memory usage'}
[2025-05-31T17:49:12.871+0000] {subprocess.py:93} INFO - Sending log: {'timestamp': '2025-05-31 17:49:12', 'level': 'INFO', 'message': 'Page loaded'}
[2025-05-31T17:49:15.093+0000] {subprocess.py:93} INFO - Sending log: {'timestamp': '2025-05-31 17:49:14', 'level': 'WARNING', 'message': 'High memory usage'}
[2025-05-31T17:49:15.432+0000] {job.py:229} INFO - Heartbeat recovered after 21.26 seconds
[2025-05-31T17:49:17.102+0000] {subprocess.py:93} INFO - Sending log: {'timestamp': '2025-05-31 17:49:17', 'level': 'WARNING', 'message': 'High memory usage'}
[2025-05-31T17:49:19.102+0000] {subprocess.py:93} INFO - Sending log: {'timestamp': '2025-05-31 17:49:19', 'level': 'WARNING', 'message': 'Slow response time'}
[2025-05-31T17:49:21.103+0000] {subprocess.py:93} INFO - Sending log: {'timestamp': '2025-05-31 17:49:21', 'level': 'ERROR', 'message': 'Payment gateway timeout'}
[2025-05-31T17:49:23.103+0000] {subprocess.py:93} INFO - Sending log: {'timestamp': '2025-05-31 17:49:23', 'level': 'ERROR', 'message': 'Payment gateway timeout'}
[2025-05-31T17:49:25.114+0000] {subprocess.py:93} INFO - Sending log: {'timestamp': '2025-05-31 17:49:25', 'level': 'INFO', 'message': 'Page loaded'}
[2025-05-31T17:49:27.053+0000] {subprocess.py:93} INFO - Sending log: {'timestamp': '2025-05-31 17:49:27', 'level': 'INFO', 'message': 'Search executed'}
[2025-05-31T17:49:29.054+0000] {subprocess.py:93} INFO - Sending log: {'timestamp': '2025-05-31 17:49:29', 'level': 'WARNING', 'message': 'High memory usage'}
[2025-05-31T17:49:31.054+0000] {subprocess.py:93} INFO - Sending log: {'timestamp': '2025-05-31 17:49:31', 'level': 'INFO', 'message': 'User logged in'}
[2025-05-31T17:49:33.100+0000] {subprocess.py:93} INFO - Sending log: {'timestamp': '2025-05-31 17:49:33', 'level': 'ERROR', 'message': 'Database connection failed'}
[2025-05-31T17:49:35.104+0000] {subprocess.py:93} INFO - Sending log: {'timestamp': '2025-05-31 17:49:35', 'level': 'ERROR', 'message': 'Database connection failed'}
[2025-05-31T17:49:37.105+0000] {subprocess.py:93} INFO - Sending log: {'timestamp': '2025-05-31 17:49:37', 'level': 'INFO', 'message': 'Page loaded'}
[2025-05-31T17:49:39.105+0000] {subprocess.py:93} INFO - Sending log: {'timestamp': '2025-05-31 17:49:39', 'level': 'WARNING', 'message': 'High memory usage'}
[2025-05-31T17:49:41.105+0000] {subprocess.py:93} INFO - Sending log: {'timestamp': '2025-05-31 17:49:41', 'level': 'ERROR', 'message': 'Database connection failed'}
[2025-05-31T17:49:43.106+0000] {subprocess.py:93} INFO - Sending log: {'timestamp': '2025-05-31 17:49:43', 'level': 'WARNING', 'message': 'Slow response time'}
[2025-05-31T17:49:45.106+0000] {subprocess.py:93} INFO - Sending log: {'timestamp': '2025-05-31 17:49:45', 'level': 'INFO', 'message': 'User logged in'}
[2025-05-31T17:49:47.107+0000] {subprocess.py:93} INFO - Sending log: {'timestamp': '2025-05-31 17:49:47', 'level': 'INFO', 'message': 'Search executed'}
[2025-05-31T17:49:49.107+0000] {subprocess.py:93} INFO - Sending log: {'timestamp': '2025-05-31 17:49:49', 'level': 'WARNING', 'message': 'Slow response time'}
[2025-05-31T17:49:51.108+0000] {subprocess.py:93} INFO - Sending log: {'timestamp': '2025-05-31 17:49:51', 'level': 'ERROR', 'message': 'Database connection failed'}
[2025-05-31T17:49:53.137+0000] {subprocess.py:93} INFO - Sending log: {'timestamp': '2025-05-31 17:49:53', 'level': 'ERROR', 'message': 'Payment gateway timeout'}
[2025-05-31T17:49:55.138+0000] {subprocess.py:93} INFO - Sending log: {'timestamp': '2025-05-31 17:49:55', 'level': 'WARNING', 'message': 'Slow response time'}
[2025-05-31T17:49:57.043+0000] {subprocess.py:93} INFO - Sending log: {'timestamp': '2025-05-31 17:49:57', 'level': 'ERROR', 'message': 'Database connection failed'}
[2025-05-31T17:49:59.043+0000] {subprocess.py:93} INFO - Sending log: {'timestamp': '2025-05-31 17:49:59', 'level': 'ERROR', 'message': 'Payment gateway timeout'}
[2025-05-31T17:50:01.044+0000] {subprocess.py:93} INFO - Sending log: {'timestamp': '2025-05-31 17:50:01', 'level': 'WARNING', 'message': 'High memory usage'}
[2025-05-31T17:50:03.044+0000] {subprocess.py:93} INFO - Sending log: {'timestamp': '2025-05-31 17:50:03', 'level': 'INFO', 'message': 'Page loaded'}
[2025-05-31T17:50:05.045+0000] {subprocess.py:93} INFO - Sending log: {'timestamp': '2025-05-31 17:50:05', 'level': 'INFO', 'message': 'Search executed'}
[2025-05-31T17:50:07.046+0000] {subprocess.py:93} INFO - Sending log: {'timestamp': '2025-05-31 17:50:07', 'level': 'ERROR', 'message': 'Database connection failed'}
[2025-05-31T17:50:09.047+0000] {subprocess.py:93} INFO - Sending log: {'timestamp': '2025-05-31 17:50:09', 'level': 'ERROR', 'message': 'Database connection failed'}
[2025-05-31T17:50:11.047+0000] {subprocess.py:93} INFO - Sending log: {'timestamp': '2025-05-31 17:50:11', 'level': 'WARNING', 'message': 'Slow response time'}
[2025-05-31T17:50:13.048+0000] {subprocess.py:93} INFO - Sending log: {'timestamp': '2025-05-31 17:50:13', 'level': 'WARNING', 'message': 'High memory usage'}
[2025-05-31T17:50:15.048+0000] {subprocess.py:93} INFO - Sending log: {'timestamp': '2025-05-31 17:50:15', 'level': 'WARNING', 'message': 'Slow response time'}
[2025-05-31T17:50:17.049+0000] {subprocess.py:93} INFO - Sending log: {'timestamp': '2025-05-31 17:50:17', 'level': 'ERROR', 'message': 'Database connection failed'}
[2025-05-31T17:50:19.049+0000] {subprocess.py:93} INFO - Sending log: {'timestamp': '2025-05-31 17:50:19', 'level': 'ERROR', 'message': 'Payment gateway timeout'}
[2025-05-31T17:50:21.050+0000] {subprocess.py:93} INFO - Sending log: {'timestamp': '2025-05-31 17:50:21', 'level': 'ERROR', 'message': 'Database connection failed'}
[2025-05-31T17:50:23.050+0000] {subprocess.py:93} INFO - Sending log: {'timestamp': '2025-05-31 17:50:23', 'level': 'INFO', 'message': 'Page loaded'}
[2025-05-31T17:50:25.050+0000] {subprocess.py:93} INFO - Sending log: {'timestamp': '2025-05-31 17:50:25', 'level': 'ERROR', 'message': 'Database connection failed'}
[2025-05-31T17:50:27.035+0000] {subprocess.py:93} INFO - Sending log: {'timestamp': '2025-05-31 17:50:27', 'level': 'INFO', 'message': 'User logged in'}
[2025-05-31T17:50:29.058+0000] {subprocess.py:93} INFO - Sending log: {'timestamp': '2025-05-31 17:50:29', 'level': 'ERROR', 'message': 'Payment gateway timeout'}
[2025-05-31T17:50:31.059+0000] {subprocess.py:93} INFO - Sending log: {'timestamp': '2025-05-31 17:50:31', 'level': 'ERROR', 'message': 'Database connection failed'}
[2025-05-31T17:50:33.059+0000] {subprocess.py:93} INFO - Sending log: {'timestamp': '2025-05-31 17:50:33', 'level': 'WARNING', 'message': 'High memory usage'}
[2025-05-31T17:50:35.059+0000] {subprocess.py:93} INFO - Sending log: {'timestamp': '2025-05-31 17:50:35', 'level': 'WARNING', 'message': 'Slow response time'}
[2025-05-31T17:50:37.060+0000] {subprocess.py:93} INFO - Sending log: {'timestamp': '2025-05-31 17:50:37', 'level': 'ERROR', 'message': 'Database connection failed'}
[2025-05-31T17:50:39.060+0000] {subprocess.py:93} INFO - Sending log: {'timestamp': '2025-05-31 17:50:39', 'level': 'WARNING', 'message': 'High memory usage'}
[2025-05-31T17:50:41.061+0000] {subprocess.py:93} INFO - Sending log: {'timestamp': '2025-05-31 17:50:41', 'level': 'ERROR', 'message': 'Payment gateway timeout'}
[2025-05-31T17:50:43.061+0000] {subprocess.py:93} INFO - Sending log: {'timestamp': '2025-05-31 17:50:43', 'level': 'INFO', 'message': 'Page loaded'}
[2025-05-31T17:50:45.062+0000] {subprocess.py:93} INFO - Sending log: {'timestamp': '2025-05-31 17:50:45', 'level': 'WARNING', 'message': 'High memory usage'}
[2025-05-31T17:50:47.162+0000] {subprocess.py:93} INFO - Sending log: {'timestamp': '2025-05-31 17:50:47', 'level': 'INFO', 'message': 'Search executed'}
[2025-05-31T17:50:49.163+0000] {subprocess.py:93} INFO - Sending log: {'timestamp': '2025-05-31 17:50:49', 'level': 'INFO', 'message': 'Search executed'}
[2025-05-31T17:50:51.163+0000] {subprocess.py:93} INFO - Sending log: {'timestamp': '2025-05-31 17:50:51', 'level': 'INFO', 'message': 'Search executed'}
[2025-05-31T17:50:53.164+0000] {subprocess.py:93} INFO - Sending log: {'timestamp': '2025-05-31 17:50:53', 'level': 'WARNING', 'message': 'High memory usage'}
[2025-05-31T17:50:55.164+0000] {subprocess.py:93} INFO - Sending log: {'timestamp': '2025-05-31 17:50:55', 'level': 'INFO', 'message': 'Search executed'}
[2025-05-31T17:50:57.159+0000] {subprocess.py:93} INFO - Sending log: {'timestamp': '2025-05-31 17:50:57', 'level': 'INFO', 'message': 'Search executed'}
[2025-05-31T17:50:59.159+0000] {subprocess.py:93} INFO - Sending log: {'timestamp': '2025-05-31 17:50:59', 'level': 'WARNING', 'message': 'High memory usage'}
[2025-05-31T17:51:01.160+0000] {subprocess.py:93} INFO - Sending log: {'timestamp': '2025-05-31 17:51:01', 'level': 'INFO', 'message': 'User logged in'}
[2025-05-31T17:51:03.160+0000] {subprocess.py:93} INFO - Sending log: {'timestamp': '2025-05-31 17:51:03', 'level': 'WARNING', 'message': 'High memory usage'}
[2025-05-31T17:51:05.161+0000] {subprocess.py:93} INFO - Sending log: {'timestamp': '2025-05-31 17:51:05', 'level': 'INFO', 'message': 'Page loaded'}
[2025-05-31T17:51:07.162+0000] {subprocess.py:93} INFO - Sending log: {'timestamp': '2025-05-31 17:51:07', 'level': 'INFO', 'message': 'Page loaded'}
[2025-05-31T17:51:09.171+0000] {subprocess.py:93} INFO - Sending log: {'timestamp': '2025-05-31 17:51:09', 'level': 'WARNING', 'message': 'High memory usage'}
[2025-05-31T17:51:11.172+0000] {subprocess.py:93} INFO - Sending log: {'timestamp': '2025-05-31 17:51:11', 'level': 'ERROR', 'message': 'Payment gateway timeout'}
[2025-05-31T17:51:13.172+0000] {subprocess.py:93} INFO - Sending log: {'timestamp': '2025-05-31 17:51:13', 'level': 'ERROR', 'message': 'Payment gateway timeout'}
[2025-05-31T17:51:15.173+0000] {subprocess.py:93} INFO - Sending log: {'timestamp': '2025-05-31 17:51:15', 'level': 'ERROR', 'message': 'Payment gateway timeout'}
[2025-05-31T17:51:17.173+0000] {subprocess.py:93} INFO - Sending log: {'timestamp': '2025-05-31 17:51:17', 'level': 'INFO', 'message': 'User logged in'}
[2025-05-31T17:51:19.174+0000] {subprocess.py:93} INFO - Sending log: {'timestamp': '2025-05-31 17:51:19', 'level': 'WARNING', 'message': 'Slow response time'}
[2025-05-31T17:51:21.174+0000] {subprocess.py:93} INFO - Sending log: {'timestamp': '2025-05-31 17:51:21', 'level': 'ERROR', 'message': 'Database connection failed'}
[2025-05-31T17:51:23.175+0000] {subprocess.py:93} INFO - Sending log: {'timestamp': '2025-05-31 17:51:23', 'level': 'ERROR', 'message': 'Payment gateway timeout'}
[2025-05-31T17:51:25.175+0000] {subprocess.py:93} INFO - Sending log: {'timestamp': '2025-05-31 17:51:25', 'level': 'INFO', 'message': 'User logged in'}
[2025-05-31T17:51:27.172+0000] {subprocess.py:93} INFO - Sending log: {'timestamp': '2025-05-31 17:51:27', 'level': 'ERROR', 'message': 'Payment gateway timeout'}
[2025-05-31T17:51:29.172+0000] {subprocess.py:93} INFO - Sending log: {'timestamp': '2025-05-31 17:51:29', 'level': 'ERROR', 'message': 'Database connection failed'}
[2025-05-31T17:51:31.173+0000] {subprocess.py:93} INFO - Sending log: {'timestamp': '2025-05-31 17:51:31', 'level': 'INFO', 'message': 'User logged in'}
[2025-05-31T17:51:33.173+0000] {subprocess.py:93} INFO - Sending log: {'timestamp': '2025-05-31 17:51:33', 'level': 'ERROR', 'message': 'Payment gateway timeout'}
[2025-05-31T17:51:35.174+0000] {subprocess.py:93} INFO - Sending log: {'timestamp': '2025-05-31 17:51:35', 'level': 'INFO', 'message': 'Page loaded'}
[2025-05-31T17:51:37.174+0000] {subprocess.py:93} INFO - Sending log: {'timestamp': '2025-05-31 17:51:37', 'level': 'ERROR', 'message': 'Payment gateway timeout'}
[2025-05-31T17:51:39.175+0000] {subprocess.py:93} INFO - Sending log: {'timestamp': '2025-05-31 17:51:39', 'level': 'INFO', 'message': 'Page loaded'}
[2025-05-31T17:51:41.176+0000] {subprocess.py:93} INFO - Sending log: {'timestamp': '2025-05-31 17:51:41', 'level': 'INFO', 'message': 'Page loaded'}
[2025-05-31T17:51:43.176+0000] {subprocess.py:93} INFO - Sending log: {'timestamp': '2025-05-31 17:51:43', 'level': 'INFO', 'message': 'User logged in'}
[2025-05-31T17:51:45.177+0000] {subprocess.py:93} INFO - Sending log: {'timestamp': '2025-05-31 17:51:45', 'level': 'ERROR', 'message': 'Payment gateway timeout'}
[2025-05-31T17:51:47.177+0000] {subprocess.py:93} INFO - Sending log: {'timestamp': '2025-05-31 17:51:47', 'level': 'WARNING', 'message': 'High memory usage'}
[2025-05-31T17:51:49.178+0000] {subprocess.py:93} INFO - Sending log: {'timestamp': '2025-05-31 17:51:49', 'level': 'INFO', 'message': 'Page loaded'}
[2025-05-31T17:51:51.178+0000] {subprocess.py:93} INFO - Sending log: {'timestamp': '2025-05-31 17:51:51', 'level': 'ERROR', 'message': 'Payment gateway timeout'}
[2025-05-31T17:51:53.179+0000] {subprocess.py:93} INFO - Sending log: {'timestamp': '2025-05-31 17:51:53', 'level': 'WARNING', 'message': 'Slow response time'}
[2025-05-31T17:51:55.179+0000] {subprocess.py:93} INFO - Sending log: {'timestamp': '2025-05-31 17:51:55', 'level': 'WARNING', 'message': 'Slow response time'}
[2025-05-31T17:51:57.177+0000] {subprocess.py:93} INFO - Sending log: {'timestamp': '2025-05-31 17:51:57', 'level': 'WARNING', 'message': 'Slow response time'}
[2025-05-31T17:51:59.177+0000] {subprocess.py:93} INFO - Sending log: {'timestamp': '2025-05-31 17:51:59', 'level': 'ERROR', 'message': 'Database connection failed'}
[2025-05-31T17:52:01.177+0000] {subprocess.py:93} INFO - Sending log: {'timestamp': '2025-05-31 17:52:01', 'level': 'ERROR', 'message': 'Payment gateway timeout'}
[2025-05-31T17:52:03.178+0000] {subprocess.py:93} INFO - Sending log: {'timestamp': '2025-05-31 17:52:03', 'level': 'WARNING', 'message': 'High memory usage'}
[2025-05-31T17:52:05.178+0000] {subprocess.py:93} INFO - Sending log: {'timestamp': '2025-05-31 17:52:05', 'level': 'ERROR', 'message': 'Database connection failed'}
[2025-05-31T17:52:07.179+0000] {subprocess.py:93} INFO - Sending log: {'timestamp': '2025-05-31 17:52:07', 'level': 'WARNING', 'message': 'Slow response time'}
[2025-05-31T17:52:09.179+0000] {subprocess.py:93} INFO - Sending log: {'timestamp': '2025-05-31 17:52:09', 'level': 'WARNING', 'message': 'High memory usage'}
[2025-05-31T17:52:11.180+0000] {subprocess.py:93} INFO - Sending log: {'timestamp': '2025-05-31 17:52:11', 'level': 'ERROR', 'message': 'Payment gateway timeout'}
[2025-05-31T17:52:13.180+0000] {subprocess.py:93} INFO - Sending log: {'timestamp': '2025-05-31 17:52:13', 'level': 'WARNING', 'message': 'Slow response time'}
[2025-05-31T17:52:15.180+0000] {subprocess.py:93} INFO - Sending log: {'timestamp': '2025-05-31 17:52:15', 'level': 'WARNING', 'message': 'High memory usage'}
[2025-05-31T17:52:17.271+0000] {subprocess.py:93} INFO - Sending log: {'timestamp': '2025-05-31 17:52:17', 'level': 'WARNING', 'message': 'High memory usage'}
[2025-05-31T17:52:19.272+0000] {subprocess.py:93} INFO - Sending log: {'timestamp': '2025-05-31 17:52:19', 'level': 'ERROR', 'message': 'Payment gateway timeout'}
[2025-05-31T17:52:21.278+0000] {subprocess.py:93} INFO - Sending log: {'timestamp': '2025-05-31 17:52:21', 'level': 'ERROR', 'message': 'Database connection failed'}
[2025-05-31T17:52:23.279+0000] {subprocess.py:93} INFO - Sending log: {'timestamp': '2025-05-31 17:52:23', 'level': 'WARNING', 'message': 'High memory usage'}
[2025-05-31T17:52:25.280+0000] {subprocess.py:93} INFO - Sending log: {'timestamp': '2025-05-31 17:52:25', 'level': 'INFO', 'message': 'Search executed'}
[2025-05-31T17:52:27.237+0000] {subprocess.py:93} INFO - Sending log: {'timestamp': '2025-05-31 17:52:27', 'level': 'WARNING', 'message': 'Slow response time'}
[2025-05-31T17:52:29.238+0000] {subprocess.py:93} INFO - Sending log: {'timestamp': '2025-05-31 17:52:29', 'level': 'ERROR', 'message': 'Payment gateway timeout'}
[2025-05-31T17:52:31.238+0000] {subprocess.py:93} INFO - Sending log: {'timestamp': '2025-05-31 17:52:31', 'level': 'WARNING', 'message': 'Slow response time'}
[2025-05-31T17:52:33.239+0000] {subprocess.py:93} INFO - Sending log: {'timestamp': '2025-05-31 17:52:33', 'level': 'WARNING', 'message': 'High memory usage'}
[2025-05-31T17:52:35.240+0000] {subprocess.py:93} INFO - Sending log: {'timestamp': '2025-05-31 17:52:35', 'level': 'ERROR', 'message': 'Payment gateway timeout'}
[2025-05-31T17:52:37.240+0000] {subprocess.py:93} INFO - Sending log: {'timestamp': '2025-05-31 17:52:37', 'level': 'INFO', 'message': 'Search executed'}
[2025-05-31T17:52:39.241+0000] {subprocess.py:93} INFO - Sending log: {'timestamp': '2025-05-31 17:52:39', 'level': 'WARNING', 'message': 'High memory usage'}
[2025-05-31T17:52:41.313+0000] {subprocess.py:93} INFO - Sending log: {'timestamp': '2025-05-31 17:52:41', 'level': 'ERROR', 'message': 'Database connection failed'}
[2025-05-31T17:52:43.242+0000] {subprocess.py:93} INFO - Sending log: {'timestamp': '2025-05-31 17:52:43', 'level': 'INFO', 'message': 'Search executed'}
[2025-05-31T17:52:45.243+0000] {subprocess.py:93} INFO - Sending log: {'timestamp': '2025-05-31 17:52:45', 'level': 'ERROR', 'message': 'Payment gateway timeout'}
[2025-05-31T17:52:47.244+0000] {subprocess.py:93} INFO - Sending log: {'timestamp': '2025-05-31 17:52:47', 'level': 'WARNING', 'message': 'Slow response time'}
[2025-05-31T17:52:49.244+0000] {subprocess.py:93} INFO - Sending log: {'timestamp': '2025-05-31 17:52:49', 'level': 'INFO', 'message': 'User logged in'}
[2025-05-31T17:52:51.245+0000] {subprocess.py:93} INFO - Sending log: {'timestamp': '2025-05-31 17:52:51', 'level': 'ERROR', 'message': 'Payment gateway timeout'}
[2025-05-31T17:52:53.245+0000] {subprocess.py:93} INFO - Sending log: {'timestamp': '2025-05-31 17:52:53', 'level': 'ERROR', 'message': 'Database connection failed'}
[2025-05-31T17:52:55.417+0000] {subprocess.py:93} INFO - Sending log: {'timestamp': '2025-05-31 17:52:55', 'level': 'WARNING', 'message': 'High memory usage'}
[2025-05-31T17:52:58.711+0000] {subprocess.py:93} INFO - Sending log: {'timestamp': '2025-05-31 17:52:57', 'level': 'ERROR', 'message': 'Database connection failed'}
[2025-05-31T17:53:01.443+0000] {subprocess.py:93} INFO - Sending log: {'timestamp': '2025-05-31 17:53:00', 'level': 'INFO', 'message': 'Search executed'}
[2025-05-31T17:53:02.697+0000] {subprocess.py:93} INFO - Sending log: {'timestamp': '2025-05-31 17:53:02', 'level': 'WARNING', 'message': 'Slow response time'}
[2025-05-31T17:53:03.797+0000] {local_task_job_runner.py:127} ERROR - Received SIGTERM. Terminating subprocesses
[2025-05-31T17:53:04.534+0000] {subprocess.py:93} INFO - Sending log: {'timestamp': '2025-05-31 17:53:04', 'level': 'INFO', 'message': 'User logged in'}
[2025-05-31T17:53:06.742+0000] {subprocess.py:93} INFO - Sending log: {'timestamp': '2025-05-31 17:53:06', 'level': 'WARNING', 'message': 'Slow response time'}
[2025-05-31T17:53:07.147+0000] {process_utils.py:132} INFO - Sending 15 to group 1077. PIDs of all processes in the group: [1080, 1077]
[2025-05-31T17:53:09.000+0000] {subprocess.py:93} INFO - Sending log: {'timestamp': '2025-05-31 17:53:08', 'level': 'WARNING', 'message': 'Slow response time'}
[2025-05-31T17:53:09.004+0000] {process_utils.py:87} INFO - Sending the signal 15 to group 1077
