[2025-05-31T17:25:52.538+0000] {local_task_job_runner.py:123} INFO - ::group::Pre task execution logs
[2025-05-31T17:25:52.602+0000] {taskinstance.py:2612} INFO - Dependencies all met for dep_context=non-requeueable deps ti=<TaskInstance: log_monitoring_dag.start_log_producer scheduled__2025-05-31T17:00:00+00:00 [queued]>
[2025-05-31T17:25:52.613+0000] {taskinstance.py:2612} INFO - Dependencies all met for dep_context=requeueable deps ti=<TaskInstance: log_monitoring_dag.start_log_producer scheduled__2025-05-31T17:00:00+00:00 [queued]>
[2025-05-31T17:25:52.614+0000] {taskinstance.py:2865} INFO - Starting attempt 2 of 2
[2025-05-31T17:25:52.789+0000] {taskinstance.py:2888} INFO - Executing <Task(BashOperator): start_log_producer> on 2025-05-31 17:00:00+00:00
[2025-05-31T17:25:52.797+0000] {logging_mixin.py:190} WARNING - /home/***/.local/lib/python3.12/site-packages/***/task/task_runner/standard_task_runner.py:70 DeprecationWarning: This process (pid=1095) is multi-threaded, use of fork() may lead to deadlocks in the child.
[2025-05-31T17:25:52.799+0000] {standard_task_runner.py:72} INFO - Started process 1099 to run task
[2025-05-31T17:25:52.798+0000] {standard_task_runner.py:104} INFO - Running: ['***', 'tasks', 'run', 'log_monitoring_dag', 'start_log_producer', 'scheduled__2025-05-31T17:00:00+00:00', '--job-id', '232', '--raw', '--subdir', 'DAGS_FOLDER/log_monitoring_dag.py', '--cfg-path', '/tmp/tmpvnn5p1v3']
[2025-05-31T17:25:52.803+0000] {standard_task_runner.py:105} INFO - Job 232: Subtask start_log_producer
[2025-05-31T17:25:52.887+0000] {logging_mixin.py:190} WARNING - /home/***/.local/lib/python3.12/site-packages/***/settings.py:209 DeprecationWarning: The sql_alchemy_conn option in [core] has been moved to the sql_alchemy_conn option in [database] - the old setting has been used, but please update your config.
[2025-05-31T17:25:52.931+0000] {task_command.py:467} INFO - Running <TaskInstance: log_monitoring_dag.start_log_producer scheduled__2025-05-31T17:00:00+00:00 [running]> on host 1d31c4e9dbe9
[2025-05-31T17:25:52.934+0000] {logging_mixin.py:190} WARNING - /home/***/.local/lib/python3.12/site-packages/***/settings.py:470 DeprecationWarning: The sql_alchemy_conn option in [core] has been moved to the sql_alchemy_conn option in [database] - the old setting has been used, but please update your config.
[2025-05-31T17:25:53.081+0000] {taskinstance.py:3131} INFO - Exporting env vars: AIRFLOW_CTX_DAG_OWNER='***' AIRFLOW_CTX_DAG_ID='log_monitoring_dag' AIRFLOW_CTX_TASK_ID='start_log_producer' AIRFLOW_CTX_EXECUTION_DATE='2025-05-31T17:00:00+00:00' AIRFLOW_CTX_TRY_NUMBER='2' AIRFLOW_CTX_DAG_RUN_ID='scheduled__2025-05-31T17:00:00+00:00'
[2025-05-31T17:25:53.082+0000] {taskinstance.py:731} INFO - ::endgroup::
[2025-05-31T17:25:53.101+0000] {subprocess.py:63} INFO - Tmp dir root location: /tmp
[2025-05-31T17:25:53.244+0000] {subprocess.py:75} INFO - Running command: ['/usr/bin/bash', '-c', 'cd /opt/***/app && python -u log_producer.py']
[2025-05-31T17:25:53.254+0000] {subprocess.py:86} INFO - Output:
[2025-05-31T17:25:55.405+0000] {subprocess.py:93} INFO - Sending log: {'timestamp': '2025-05-31 17:25:55', 'level': 'INFO', 'message': 'User logged in'}
[2025-05-31T17:25:57.585+0000] {subprocess.py:93} INFO - Sending log: {'timestamp': '2025-05-31 17:25:57', 'level': 'INFO', 'message': 'Page loaded'}
[2025-05-31T17:25:59.585+0000] {subprocess.py:93} INFO - Sending log: {'timestamp': '2025-05-31 17:25:59', 'level': 'ERROR', 'message': 'Payment gateway timeout'}
[2025-05-31T17:26:01.771+0000] {subprocess.py:93} INFO - Sending log: {'timestamp': '2025-05-31 17:26:01', 'level': 'INFO', 'message': 'User logged in'}
[2025-05-31T17:26:03.772+0000] {subprocess.py:93} INFO - Sending log: {'timestamp': '2025-05-31 17:26:03', 'level': 'ERROR', 'message': 'Payment gateway timeout'}
[2025-05-31T17:26:05.773+0000] {subprocess.py:93} INFO - Sending log: {'timestamp': '2025-05-31 17:26:05', 'level': 'ERROR', 'message': 'Database connection failed'}
[2025-05-31T17:26:07.773+0000] {subprocess.py:93} INFO - Sending log: {'timestamp': '2025-05-31 17:26:07', 'level': 'WARNING', 'message': 'Slow response time'}
[2025-05-31T17:26:09.773+0000] {subprocess.py:93} INFO - Sending log: {'timestamp': '2025-05-31 17:26:09', 'level': 'ERROR', 'message': 'Payment gateway timeout'}
[2025-05-31T17:26:11.774+0000] {subprocess.py:93} INFO - Sending log: {'timestamp': '2025-05-31 17:26:11', 'level': 'INFO', 'message': 'User logged in'}
[2025-05-31T17:26:13.775+0000] {subprocess.py:93} INFO - Sending log: {'timestamp': '2025-05-31 17:26:13', 'level': 'ERROR', 'message': 'Payment gateway timeout'}
[2025-05-31T17:26:15.771+0000] {subprocess.py:93} INFO - Sending log: {'timestamp': '2025-05-31 17:26:15', 'level': 'INFO', 'message': 'Page loaded'}
[2025-05-31T17:26:17.772+0000] {subprocess.py:93} INFO - Sending log: {'timestamp': '2025-05-31 17:26:17', 'level': 'INFO', 'message': 'Page loaded'}
[2025-05-31T17:26:19.820+0000] {subprocess.py:93} INFO - Sending log: {'timestamp': '2025-05-31 17:26:19', 'level': 'ERROR', 'message': 'Payment gateway timeout'}
[2025-05-31T17:26:21.820+0000] {subprocess.py:93} INFO - Sending log: {'timestamp': '2025-05-31 17:26:21', 'level': 'INFO', 'message': 'User logged in'}
[2025-05-31T17:26:23.897+0000] {subprocess.py:93} INFO - Sending log: {'timestamp': '2025-05-31 17:26:23', 'level': 'WARNING', 'message': 'High memory usage'}
[2025-05-31T17:26:25.898+0000] {subprocess.py:93} INFO - Sending log: {'timestamp': '2025-05-31 17:26:25', 'level': 'ERROR', 'message': 'Payment gateway timeout'}
[2025-05-31T17:26:27.898+0000] {subprocess.py:93} INFO - Sending log: {'timestamp': '2025-05-31 17:26:27', 'level': 'WARNING', 'message': 'Slow response time'}
[2025-05-31T17:26:29.899+0000] {subprocess.py:93} INFO - Sending log: {'timestamp': '2025-05-31 17:26:29', 'level': 'WARNING', 'message': 'High memory usage'}
[2025-05-31T17:26:31.900+0000] {subprocess.py:93} INFO - Sending log: {'timestamp': '2025-05-31 17:26:31', 'level': 'INFO', 'message': 'User logged in'}
[2025-05-31T17:26:33.900+0000] {subprocess.py:93} INFO - Sending log: {'timestamp': '2025-05-31 17:26:33', 'level': 'ERROR', 'message': 'Database connection failed'}
[2025-05-31T17:26:35.901+0000] {subprocess.py:93} INFO - Sending log: {'timestamp': '2025-05-31 17:26:35', 'level': 'WARNING', 'message': 'High memory usage'}
[2025-05-31T17:26:37.988+0000] {subprocess.py:93} INFO - Sending log: {'timestamp': '2025-05-31 17:26:37', 'level': 'WARNING', 'message': 'Slow response time'}
[2025-05-31T17:26:39.989+0000] {subprocess.py:93} INFO - Sending log: {'timestamp': '2025-05-31 17:26:39', 'level': 'WARNING', 'message': 'High memory usage'}
[2025-05-31T17:26:41.989+0000] {subprocess.py:93} INFO - Sending log: {'timestamp': '2025-05-31 17:26:41', 'level': 'INFO', 'message': 'Page loaded'}
[2025-05-31T17:26:44.054+0000] {subprocess.py:93} INFO - Sending log: {'timestamp': '2025-05-31 17:26:44', 'level': 'WARNING', 'message': 'Slow response time'}
[2025-05-31T17:26:46.069+0000] {subprocess.py:93} INFO - Sending log: {'timestamp': '2025-05-31 17:26:46', 'level': 'WARNING', 'message': 'Slow response time'}
[2025-05-31T17:26:48.178+0000] {subprocess.py:93} INFO - Sending log: {'timestamp': '2025-05-31 17:26:48', 'level': 'INFO', 'message': 'User logged in'}
[2025-05-31T17:26:49.669+0000] {job.py:229} INFO - Heartbeat recovered after 11.03 seconds
[2025-05-31T17:26:50.215+0000] {subprocess.py:93} INFO - Sending log: {'timestamp': '2025-05-31 17:26:50', 'level': 'ERROR', 'message': 'Database connection failed'}
[2025-05-31T17:26:52.338+0000] {subprocess.py:93} INFO - Sending log: {'timestamp': '2025-05-31 17:26:52', 'level': 'ERROR', 'message': 'Payment gateway timeout'}
[2025-05-31T17:26:54.596+0000] {subprocess.py:93} INFO - Sending log: {'timestamp': '2025-05-31 17:26:54', 'level': 'INFO', 'message': 'Page loaded'}
[2025-05-31T17:26:56.618+0000] {subprocess.py:93} INFO - Sending log: {'timestamp': '2025-05-31 17:26:56', 'level': 'ERROR', 'message': 'Database connection failed'}
[2025-05-31T17:26:58.617+0000] {subprocess.py:93} INFO - Sending log: {'timestamp': '2025-05-31 17:26:58', 'level': 'INFO', 'message': 'Search executed'}
[2025-05-31T17:27:00.710+0000] {subprocess.py:93} INFO - Sending log: {'timestamp': '2025-05-31 17:27:00', 'level': 'ERROR', 'message': 'Database connection failed'}
[2025-05-31T17:27:02.728+0000] {subprocess.py:93} INFO - Sending log: {'timestamp': '2025-05-31 17:27:02', 'level': 'ERROR', 'message': 'Database connection failed'}
[2025-05-31T17:27:04.782+0000] {subprocess.py:93} INFO - Sending log: {'timestamp': '2025-05-31 17:27:04', 'level': 'ERROR', 'message': 'Payment gateway timeout'}
[2025-05-31T17:27:06.837+0000] {subprocess.py:93} INFO - Sending log: {'timestamp': '2025-05-31 17:27:06', 'level': 'INFO', 'message': 'User logged in'}
[2025-05-31T17:27:09.066+0000] {subprocess.py:93} INFO - Sending log: {'timestamp': '2025-05-31 17:27:09', 'level': 'ERROR', 'message': 'Database connection failed'}
[2025-05-31T17:27:09.728+0000] {job.py:229} INFO - Heartbeat recovered after 13.10 seconds
[2025-05-31T17:27:11.147+0000] {subprocess.py:93} INFO - Sending log: {'timestamp': '2025-05-31 17:27:11', 'level': 'INFO', 'message': 'User logged in'}
[2025-05-31T17:27:13.243+0000] {subprocess.py:93} INFO - Sending log: {'timestamp': '2025-05-31 17:27:13', 'level': 'ERROR', 'message': 'Payment gateway timeout'}
[2025-05-31T17:27:15.067+0000] {subprocess.py:93} INFO - Sending log: {'timestamp': '2025-05-31 17:27:15', 'level': 'WARNING', 'message': 'High memory usage'}
[2025-05-31T17:27:17.067+0000] {subprocess.py:93} INFO - Sending log: {'timestamp': '2025-05-31 17:27:17', 'level': 'INFO', 'message': 'Search executed'}
[2025-05-31T17:27:19.068+0000] {subprocess.py:93} INFO - Sending log: {'timestamp': '2025-05-31 17:27:19', 'level': 'INFO', 'message': 'Page loaded'}
[2025-05-31T17:27:21.068+0000] {subprocess.py:93} INFO - Sending log: {'timestamp': '2025-05-31 17:27:21', 'level': 'INFO', 'message': 'Search executed'}
[2025-05-31T17:27:23.068+0000] {subprocess.py:93} INFO - Sending log: {'timestamp': '2025-05-31 17:27:23', 'level': 'ERROR', 'message': 'Payment gateway timeout'}
[2025-05-31T17:27:25.069+0000] {subprocess.py:93} INFO - Sending log: {'timestamp': '2025-05-31 17:27:25', 'level': 'INFO', 'message': 'User logged in'}
[2025-05-31T17:27:27.069+0000] {subprocess.py:93} INFO - Sending log: {'timestamp': '2025-05-31 17:27:27', 'level': 'ERROR', 'message': 'Payment gateway timeout'}
[2025-05-31T17:27:29.070+0000] {subprocess.py:93} INFO - Sending log: {'timestamp': '2025-05-31 17:27:29', 'level': 'WARNING', 'message': 'High memory usage'}
[2025-05-31T17:27:31.071+0000] {subprocess.py:93} INFO - Sending log: {'timestamp': '2025-05-31 17:27:31', 'level': 'WARNING', 'message': 'Slow response time'}
[2025-05-31T17:27:33.071+0000] {subprocess.py:93} INFO - Sending log: {'timestamp': '2025-05-31 17:27:33', 'level': 'INFO', 'message': 'User logged in'}
[2025-05-31T17:27:35.094+0000] {subprocess.py:93} INFO - Sending log: {'timestamp': '2025-05-31 17:27:35', 'level': 'ERROR', 'message': 'Database connection failed'}
[2025-05-31T17:27:37.095+0000] {subprocess.py:93} INFO - Sending log: {'timestamp': '2025-05-31 17:27:37', 'level': 'WARNING', 'message': 'Slow response time'}
[2025-05-31T17:27:39.095+0000] {subprocess.py:93} INFO - Sending log: {'timestamp': '2025-05-31 17:27:39', 'level': 'INFO', 'message': 'Page loaded'}
[2025-05-31T17:27:41.096+0000] {subprocess.py:93} INFO - Sending log: {'timestamp': '2025-05-31 17:27:41', 'level': 'INFO', 'message': 'Search executed'}
[2025-05-31T17:27:43.096+0000] {subprocess.py:93} INFO - Sending log: {'timestamp': '2025-05-31 17:27:43', 'level': 'WARNING', 'message': 'High memory usage'}
[2025-05-31T17:27:45.070+0000] {subprocess.py:93} INFO - Sending log: {'timestamp': '2025-05-31 17:27:45', 'level': 'INFO', 'message': 'Search executed'}
[2025-05-31T17:27:47.071+0000] {subprocess.py:93} INFO - Sending log: {'timestamp': '2025-05-31 17:27:47', 'level': 'INFO', 'message': 'Page loaded'}
[2025-05-31T17:27:49.071+0000] {subprocess.py:93} INFO - Sending log: {'timestamp': '2025-05-31 17:27:49', 'level': 'WARNING', 'message': 'Slow response time'}
[2025-05-31T17:27:51.072+0000] {subprocess.py:93} INFO - Sending log: {'timestamp': '2025-05-31 17:27:51', 'level': 'INFO', 'message': 'Search executed'}
[2025-05-31T17:27:53.072+0000] {subprocess.py:93} INFO - Sending log: {'timestamp': '2025-05-31 17:27:53', 'level': 'ERROR', 'message': 'Payment gateway timeout'}
[2025-05-31T17:27:55.073+0000] {subprocess.py:93} INFO - Sending log: {'timestamp': '2025-05-31 17:27:55', 'level': 'WARNING', 'message': 'High memory usage'}
[2025-05-31T17:27:57.074+0000] {subprocess.py:93} INFO - Sending log: {'timestamp': '2025-05-31 17:27:57', 'level': 'WARNING', 'message': 'Slow response time'}
[2025-05-31T17:27:59.074+0000] {subprocess.py:93} INFO - Sending log: {'timestamp': '2025-05-31 17:27:59', 'level': 'WARNING', 'message': 'Slow response time'}
[2025-05-31T17:28:01.075+0000] {subprocess.py:93} INFO - Sending log: {'timestamp': '2025-05-31 17:28:01', 'level': 'WARNING', 'message': 'High memory usage'}
[2025-05-31T17:28:03.075+0000] {subprocess.py:93} INFO - Sending log: {'timestamp': '2025-05-31 17:28:03', 'level': 'WARNING', 'message': 'Slow response time'}
[2025-05-31T17:28:05.075+0000] {subprocess.py:93} INFO - Sending log: {'timestamp': '2025-05-31 17:28:05', 'level': 'WARNING', 'message': 'Slow response time'}
[2025-05-31T17:28:07.076+0000] {subprocess.py:93} INFO - Sending log: {'timestamp': '2025-05-31 17:28:07', 'level': 'ERROR', 'message': 'Database connection failed'}
[2025-05-31T17:28:09.076+0000] {subprocess.py:93} INFO - Sending log: {'timestamp': '2025-05-31 17:28:09', 'level': 'INFO', 'message': 'Search executed'}
[2025-05-31T17:28:11.077+0000] {subprocess.py:93} INFO - Sending log: {'timestamp': '2025-05-31 17:28:11', 'level': 'WARNING', 'message': 'Slow response time'}
[2025-05-31T17:28:13.077+0000] {subprocess.py:93} INFO - Sending log: {'timestamp': '2025-05-31 17:28:13', 'level': 'INFO', 'message': 'Page loaded'}
[2025-05-31T17:28:15.079+0000] {subprocess.py:93} INFO - Sending log: {'timestamp': '2025-05-31 17:28:15', 'level': 'INFO', 'message': 'Page loaded'}
[2025-05-31T17:28:17.080+0000] {subprocess.py:93} INFO - Sending log: {'timestamp': '2025-05-31 17:28:17', 'level': 'ERROR', 'message': 'Database connection failed'}
[2025-05-31T17:28:19.080+0000] {subprocess.py:93} INFO - Sending log: {'timestamp': '2025-05-31 17:28:19', 'level': 'WARNING', 'message': 'High memory usage'}
[2025-05-31T17:28:21.081+0000] {subprocess.py:93} INFO - Sending log: {'timestamp': '2025-05-31 17:28:21', 'level': 'INFO', 'message': 'Search executed'}
[2025-05-31T17:28:23.081+0000] {subprocess.py:93} INFO - Sending log: {'timestamp': '2025-05-31 17:28:23', 'level': 'ERROR', 'message': 'Payment gateway timeout'}
[2025-05-31T17:28:25.082+0000] {subprocess.py:93} INFO - Sending log: {'timestamp': '2025-05-31 17:28:25', 'level': 'ERROR', 'message': 'Database connection failed'}
[2025-05-31T17:28:27.082+0000] {subprocess.py:93} INFO - Sending log: {'timestamp': '2025-05-31 17:28:27', 'level': 'ERROR', 'message': 'Payment gateway timeout'}
[2025-05-31T17:28:29.258+0000] {subprocess.py:93} INFO - Sending log: {'timestamp': '2025-05-31 17:28:29', 'level': 'ERROR', 'message': 'Database connection failed'}
[2025-05-31T17:28:31.258+0000] {subprocess.py:93} INFO - Sending log: {'timestamp': '2025-05-31 17:28:31', 'level': 'ERROR', 'message': 'Database connection failed'}
[2025-05-31T17:28:33.259+0000] {subprocess.py:93} INFO - Sending log: {'timestamp': '2025-05-31 17:28:33', 'level': 'ERROR', 'message': 'Database connection failed'}
[2025-05-31T17:28:35.259+0000] {subprocess.py:93} INFO - Sending log: {'timestamp': '2025-05-31 17:28:35', 'level': 'ERROR', 'message': 'Database connection failed'}
[2025-05-31T17:28:37.260+0000] {subprocess.py:93} INFO - Sending log: {'timestamp': '2025-05-31 17:28:37', 'level': 'ERROR', 'message': 'Database connection failed'}
[2025-05-31T17:28:39.260+0000] {subprocess.py:93} INFO - Sending log: {'timestamp': '2025-05-31 17:28:39', 'level': 'WARNING', 'message': 'Slow response time'}
[2025-05-31T17:28:41.261+0000] {subprocess.py:93} INFO - Sending log: {'timestamp': '2025-05-31 17:28:41', 'level': 'WARNING', 'message': 'Slow response time'}
[2025-05-31T17:28:43.261+0000] {subprocess.py:93} INFO - Sending log: {'timestamp': '2025-05-31 17:28:43', 'level': 'INFO', 'message': 'Page loaded'}
[2025-05-31T17:28:45.282+0000] {subprocess.py:93} INFO - Sending log: {'timestamp': '2025-05-31 17:28:45', 'level': 'ERROR', 'message': 'Database connection failed'}
[2025-05-31T17:28:47.282+0000] {subprocess.py:93} INFO - Sending log: {'timestamp': '2025-05-31 17:28:47', 'level': 'WARNING', 'message': 'Slow response time'}
[2025-05-31T17:28:49.283+0000] {subprocess.py:93} INFO - Sending log: {'timestamp': '2025-05-31 17:28:49', 'level': 'WARNING', 'message': 'High memory usage'}
[2025-05-31T17:28:51.283+0000] {subprocess.py:93} INFO - Sending log: {'timestamp': '2025-05-31 17:28:51', 'level': 'ERROR', 'message': 'Database connection failed'}
[2025-05-31T17:28:53.284+0000] {subprocess.py:93} INFO - Sending log: {'timestamp': '2025-05-31 17:28:53', 'level': 'INFO', 'message': 'User logged in'}
[2025-05-31T17:28:55.284+0000] {subprocess.py:93} INFO - Sending log: {'timestamp': '2025-05-31 17:28:55', 'level': 'WARNING', 'message': 'Slow response time'}
[2025-05-31T17:28:57.284+0000] {subprocess.py:93} INFO - Sending log: {'timestamp': '2025-05-31 17:28:57', 'level': 'INFO', 'message': 'User logged in'}
[2025-05-31T17:28:59.285+0000] {subprocess.py:93} INFO - Sending log: {'timestamp': '2025-05-31 17:28:59', 'level': 'ERROR', 'message': 'Database connection failed'}
[2025-05-31T17:29:01.285+0000] {subprocess.py:93} INFO - Sending log: {'timestamp': '2025-05-31 17:29:01', 'level': 'WARNING', 'message': 'High memory usage'}
[2025-05-31T17:29:03.286+0000] {subprocess.py:93} INFO - Sending log: {'timestamp': '2025-05-31 17:29:03', 'level': 'INFO', 'message': 'User logged in'}
[2025-05-31T17:29:05.286+0000] {subprocess.py:93} INFO - Sending log: {'timestamp': '2025-05-31 17:29:05', 'level': 'INFO', 'message': 'User logged in'}
[2025-05-31T17:29:07.287+0000] {subprocess.py:93} INFO - Sending log: {'timestamp': '2025-05-31 17:29:07', 'level': 'WARNING', 'message': 'High memory usage'}
[2025-05-31T17:29:09.287+0000] {subprocess.py:93} INFO - Sending log: {'timestamp': '2025-05-31 17:29:09', 'level': 'ERROR', 'message': 'Payment gateway timeout'}
[2025-05-31T17:29:11.288+0000] {subprocess.py:93} INFO - Sending log: {'timestamp': '2025-05-31 17:29:11', 'level': 'INFO', 'message': 'Page loaded'}
[2025-05-31T17:29:13.288+0000] {subprocess.py:93} INFO - Sending log: {'timestamp': '2025-05-31 17:29:13', 'level': 'WARNING', 'message': 'Slow response time'}
[2025-05-31T17:29:15.331+0000] {subprocess.py:93} INFO - Sending log: {'timestamp': '2025-05-31 17:29:15', 'level': 'INFO', 'message': 'Page loaded'}
[2025-05-31T17:29:17.332+0000] {subprocess.py:93} INFO - Sending log: {'timestamp': '2025-05-31 17:29:17', 'level': 'WARNING', 'message': 'Slow response time'}
[2025-05-31T17:29:19.332+0000] {subprocess.py:93} INFO - Sending log: {'timestamp': '2025-05-31 17:29:19', 'level': 'INFO', 'message': 'User logged in'}
[2025-05-31T17:29:21.332+0000] {subprocess.py:93} INFO - Sending log: {'timestamp': '2025-05-31 17:29:21', 'level': 'WARNING', 'message': 'High memory usage'}
[2025-05-31T17:29:23.333+0000] {subprocess.py:93} INFO - Sending log: {'timestamp': '2025-05-31 17:29:23', 'level': 'ERROR', 'message': 'Database connection failed'}
[2025-05-31T17:29:25.333+0000] {subprocess.py:93} INFO - Sending log: {'timestamp': '2025-05-31 17:29:25', 'level': 'WARNING', 'message': 'Slow response time'}
[2025-05-31T17:29:27.334+0000] {subprocess.py:93} INFO - Sending log: {'timestamp': '2025-05-31 17:29:27', 'level': 'ERROR', 'message': 'Database connection failed'}
[2025-05-31T17:29:29.334+0000] {subprocess.py:93} INFO - Sending log: {'timestamp': '2025-05-31 17:29:29', 'level': 'ERROR', 'message': 'Payment gateway timeout'}
[2025-05-31T17:29:31.335+0000] {subprocess.py:93} INFO - Sending log: {'timestamp': '2025-05-31 17:29:31', 'level': 'WARNING', 'message': 'Slow response time'}
[2025-05-31T17:29:33.335+0000] {subprocess.py:93} INFO - Sending log: {'timestamp': '2025-05-31 17:29:33', 'level': 'ERROR', 'message': 'Payment gateway timeout'}
[2025-05-31T17:29:35.335+0000] {subprocess.py:93} INFO - Sending log: {'timestamp': '2025-05-31 17:29:35', 'level': 'INFO', 'message': 'User logged in'}
[2025-05-31T17:29:37.336+0000] {subprocess.py:93} INFO - Sending log: {'timestamp': '2025-05-31 17:29:37', 'level': 'WARNING', 'message': 'Slow response time'}
[2025-05-31T17:29:39.336+0000] {subprocess.py:93} INFO - Sending log: {'timestamp': '2025-05-31 17:29:39', 'level': 'INFO', 'message': 'Search executed'}
[2025-05-31T17:29:41.337+0000] {subprocess.py:93} INFO - Sending log: {'timestamp': '2025-05-31 17:29:41', 'level': 'WARNING', 'message': 'Slow response time'}
[2025-05-31T17:29:43.337+0000] {subprocess.py:93} INFO - Sending log: {'timestamp': '2025-05-31 17:29:43', 'level': 'WARNING', 'message': 'Slow response time'}
[2025-05-31T17:29:45.336+0000] {subprocess.py:93} INFO - Sending log: {'timestamp': '2025-05-31 17:29:45', 'level': 'ERROR', 'message': 'Database connection failed'}
[2025-05-31T17:29:47.337+0000] {subprocess.py:93} INFO - Sending log: {'timestamp': '2025-05-31 17:29:47', 'level': 'WARNING', 'message': 'Slow response time'}
[2025-05-31T17:29:49.337+0000] {subprocess.py:93} INFO - Sending log: {'timestamp': '2025-05-31 17:29:49', 'level': 'INFO', 'message': 'Page loaded'}
[2025-05-31T17:29:51.338+0000] {subprocess.py:93} INFO - Sending log: {'timestamp': '2025-05-31 17:29:51', 'level': 'ERROR', 'message': 'Payment gateway timeout'}
[2025-05-31T17:29:53.388+0000] {subprocess.py:93} INFO - Sending log: {'timestamp': '2025-05-31 17:29:53', 'level': 'WARNING', 'message': 'High memory usage'}
[2025-05-31T17:29:55.388+0000] {subprocess.py:93} INFO - Sending log: {'timestamp': '2025-05-31 17:29:55', 'level': 'ERROR', 'message': 'Payment gateway timeout'}
[2025-05-31T17:29:57.389+0000] {subprocess.py:93} INFO - Sending log: {'timestamp': '2025-05-31 17:29:57', 'level': 'ERROR', 'message': 'Database connection failed'}
[2025-05-31T17:29:59.389+0000] {subprocess.py:93} INFO - Sending log: {'timestamp': '2025-05-31 17:29:59', 'level': 'INFO', 'message': 'Page loaded'}
[2025-05-31T17:30:01.390+0000] {subprocess.py:93} INFO - Sending log: {'timestamp': '2025-05-31 17:30:01', 'level': 'WARNING', 'message': 'High memory usage'}
[2025-05-31T17:30:03.390+0000] {subprocess.py:93} INFO - Sending log: {'timestamp': '2025-05-31 17:30:03', 'level': 'ERROR', 'message': 'Database connection failed'}
[2025-05-31T17:30:05.418+0000] {subprocess.py:93} INFO - Sending log: {'timestamp': '2025-05-31 17:30:05', 'level': 'INFO', 'message': 'Search executed'}
[2025-05-31T17:30:07.422+0000] {subprocess.py:93} INFO - Sending log: {'timestamp': '2025-05-31 17:30:07', 'level': 'ERROR', 'message': 'Payment gateway timeout'}
[2025-05-31T17:30:09.423+0000] {subprocess.py:93} INFO - Sending log: {'timestamp': '2025-05-31 17:30:09', 'level': 'ERROR', 'message': 'Database connection failed'}
[2025-05-31T17:30:11.423+0000] {subprocess.py:93} INFO - Sending log: {'timestamp': '2025-05-31 17:30:11', 'level': 'WARNING', 'message': 'Slow response time'}
[2025-05-31T17:30:13.423+0000] {subprocess.py:93} INFO - Sending log: {'timestamp': '2025-05-31 17:30:13', 'level': 'INFO', 'message': 'Search executed'}
[2025-05-31T17:30:15.423+0000] {subprocess.py:93} INFO - Sending log: {'timestamp': '2025-05-31 17:30:15', 'level': 'WARNING', 'message': 'High memory usage'}
[2025-05-31T17:30:17.423+0000] {subprocess.py:93} INFO - Sending log: {'timestamp': '2025-05-31 17:30:17', 'level': 'WARNING', 'message': 'High memory usage'}
[2025-05-31T17:30:19.423+0000] {subprocess.py:93} INFO - Sending log: {'timestamp': '2025-05-31 17:30:19', 'level': 'ERROR', 'message': 'Database connection failed'}
[2025-05-31T17:30:21.424+0000] {subprocess.py:93} INFO - Sending log: {'timestamp': '2025-05-31 17:30:21', 'level': 'INFO', 'message': 'Search executed'}
[2025-05-31T17:30:23.424+0000] {subprocess.py:93} INFO - Sending log: {'timestamp': '2025-05-31 17:30:23', 'level': 'WARNING', 'message': 'Slow response time'}
[2025-05-31T17:30:25.425+0000] {subprocess.py:93} INFO - Sending log: {'timestamp': '2025-05-31 17:30:25', 'level': 'WARNING', 'message': 'High memory usage'}
[2025-05-31T17:30:27.425+0000] {subprocess.py:93} INFO - Sending log: {'timestamp': '2025-05-31 17:30:27', 'level': 'WARNING', 'message': 'High memory usage'}
[2025-05-31T17:30:29.426+0000] {subprocess.py:93} INFO - Sending log: {'timestamp': '2025-05-31 17:30:29', 'level': 'INFO', 'message': 'Page loaded'}
[2025-05-31T17:30:31.426+0000] {subprocess.py:93} INFO - Sending log: {'timestamp': '2025-05-31 17:30:31', 'level': 'ERROR', 'message': 'Database connection failed'}
[2025-05-31T17:30:33.426+0000] {subprocess.py:93} INFO - Sending log: {'timestamp': '2025-05-31 17:30:33', 'level': 'INFO', 'message': 'User logged in'}
[2025-05-31T17:30:35.427+0000] {subprocess.py:93} INFO - Sending log: {'timestamp': '2025-05-31 17:30:35', 'level': 'WARNING', 'message': 'Slow response time'}
[2025-05-31T17:30:37.427+0000] {subprocess.py:93} INFO - Sending log: {'timestamp': '2025-05-31 17:30:37', 'level': 'WARNING', 'message': 'Slow response time'}
[2025-05-31T17:30:39.428+0000] {subprocess.py:93} INFO - Sending log: {'timestamp': '2025-05-31 17:30:39', 'level': 'INFO', 'message': 'Search executed'}
[2025-05-31T17:30:41.428+0000] {subprocess.py:93} INFO - Sending log: {'timestamp': '2025-05-31 17:30:41', 'level': 'WARNING', 'message': 'Slow response time'}
[2025-05-31T17:30:43.428+0000] {subprocess.py:93} INFO - Sending log: {'timestamp': '2025-05-31 17:30:43', 'level': 'ERROR', 'message': 'Database connection failed'}
[2025-05-31T17:30:45.427+0000] {subprocess.py:93} INFO - Sending log: {'timestamp': '2025-05-31 17:30:45', 'level': 'ERROR', 'message': 'Payment gateway timeout'}
[2025-05-31T17:30:47.428+0000] {subprocess.py:93} INFO - Sending log: {'timestamp': '2025-05-31 17:30:47', 'level': 'INFO', 'message': 'Search executed'}
[2025-05-31T17:30:49.428+0000] {subprocess.py:93} INFO - Sending log: {'timestamp': '2025-05-31 17:30:49', 'level': 'INFO', 'message': 'Page loaded'}
[2025-05-31T17:30:51.429+0000] {subprocess.py:93} INFO - Sending log: {'timestamp': '2025-05-31 17:30:51', 'level': 'INFO', 'message': 'User logged in'}
[2025-05-31T17:30:53.429+0000] {subprocess.py:93} INFO - Sending log: {'timestamp': '2025-05-31 17:30:53', 'level': 'INFO', 'message': 'User logged in'}
[2025-05-31T17:30:55.430+0000] {subprocess.py:93} INFO - Sending log: {'timestamp': '2025-05-31 17:30:55', 'level': 'ERROR', 'message': 'Database connection failed'}
[2025-05-31T17:30:57.430+0000] {subprocess.py:93} INFO - Sending log: {'timestamp': '2025-05-31 17:30:57', 'level': 'WARNING', 'message': 'Slow response time'}
[2025-05-31T17:30:59.431+0000] {subprocess.py:93} INFO - Sending log: {'timestamp': '2025-05-31 17:30:59', 'level': 'INFO', 'message': 'User logged in'}
[2025-05-31T17:31:01.431+0000] {subprocess.py:93} INFO - Sending log: {'timestamp': '2025-05-31 17:31:01', 'level': 'WARNING', 'message': 'Slow response time'}
[2025-05-31T17:31:03.431+0000] {subprocess.py:93} INFO - Sending log: {'timestamp': '2025-05-31 17:31:03', 'level': 'WARNING', 'message': 'Slow response time'}
[2025-05-31T17:31:05.432+0000] {subprocess.py:93} INFO - Sending log: {'timestamp': '2025-05-31 17:31:05', 'level': 'WARNING', 'message': 'High memory usage'}
[2025-05-31T17:31:07.432+0000] {subprocess.py:93} INFO - Sending log: {'timestamp': '2025-05-31 17:31:07', 'level': 'ERROR', 'message': 'Payment gateway timeout'}
[2025-05-31T17:31:09.433+0000] {subprocess.py:93} INFO - Sending log: {'timestamp': '2025-05-31 17:31:09', 'level': 'ERROR', 'message': 'Payment gateway timeout'}
[2025-05-31T17:31:11.433+0000] {subprocess.py:93} INFO - Sending log: {'timestamp': '2025-05-31 17:31:11', 'level': 'ERROR', 'message': 'Payment gateway timeout'}
[2025-05-31T17:31:13.434+0000] {subprocess.py:93} INFO - Sending log: {'timestamp': '2025-05-31 17:31:13', 'level': 'ERROR', 'message': 'Payment gateway timeout'}
[2025-05-31T17:31:15.433+0000] {subprocess.py:93} INFO - Sending log: {'timestamp': '2025-05-31 17:31:15', 'level': 'ERROR', 'message': 'Database connection failed'}
[2025-05-31T17:31:17.433+0000] {subprocess.py:93} INFO - Sending log: {'timestamp': '2025-05-31 17:31:17', 'level': 'INFO', 'message': 'User logged in'}
[2025-05-31T17:31:19.434+0000] {subprocess.py:93} INFO - Sending log: {'timestamp': '2025-05-31 17:31:19', 'level': 'ERROR', 'message': 'Payment gateway timeout'}
[2025-05-31T17:31:21.434+0000] {subprocess.py:93} INFO - Sending log: {'timestamp': '2025-05-31 17:31:21', 'level': 'ERROR', 'message': 'Database connection failed'}
[2025-05-31T17:31:23.435+0000] {subprocess.py:93} INFO - Sending log: {'timestamp': '2025-05-31 17:31:23', 'level': 'ERROR', 'message': 'Payment gateway timeout'}
[2025-05-31T17:31:25.435+0000] {subprocess.py:93} INFO - Sending log: {'timestamp': '2025-05-31 17:31:25', 'level': 'INFO', 'message': 'Search executed'}
[2025-05-31T17:31:27.435+0000] {subprocess.py:93} INFO - Sending log: {'timestamp': '2025-05-31 17:31:27', 'level': 'WARNING', 'message': 'High memory usage'}
[2025-05-31T17:31:29.436+0000] {subprocess.py:93} INFO - Sending log: {'timestamp': '2025-05-31 17:31:29', 'level': 'WARNING', 'message': 'High memory usage'}
[2025-05-31T17:31:31.436+0000] {subprocess.py:93} INFO - Sending log: {'timestamp': '2025-05-31 17:31:31', 'level': 'WARNING', 'message': 'Slow response time'}
[2025-05-31T17:31:33.437+0000] {subprocess.py:93} INFO - Sending log: {'timestamp': '2025-05-31 17:31:33', 'level': 'WARNING', 'message': 'High memory usage'}
[2025-05-31T17:31:35.437+0000] {subprocess.py:93} INFO - Sending log: {'timestamp': '2025-05-31 17:31:35', 'level': 'ERROR', 'message': 'Database connection failed'}
[2025-05-31T17:31:37.438+0000] {subprocess.py:93} INFO - Sending log: {'timestamp': '2025-05-31 17:31:37', 'level': 'WARNING', 'message': 'High memory usage'}
[2025-05-31T17:31:39.438+0000] {subprocess.py:93} INFO - Sending log: {'timestamp': '2025-05-31 17:31:39', 'level': 'WARNING', 'message': 'High memory usage'}
[2025-05-31T17:31:41.439+0000] {subprocess.py:93} INFO - Sending log: {'timestamp': '2025-05-31 17:31:41', 'level': 'ERROR', 'message': 'Payment gateway timeout'}
[2025-05-31T17:31:43.439+0000] {subprocess.py:93} INFO - Sending log: {'timestamp': '2025-05-31 17:31:43', 'level': 'ERROR', 'message': 'Payment gateway timeout'}
[2025-05-31T17:31:45.438+0000] {subprocess.py:93} INFO - Sending log: {'timestamp': '2025-05-31 17:31:45', 'level': 'INFO', 'message': 'Page loaded'}
[2025-05-31T17:31:47.439+0000] {subprocess.py:93} INFO - Sending log: {'timestamp': '2025-05-31 17:31:47', 'level': 'WARNING', 'message': 'High memory usage'}
[2025-05-31T17:31:49.439+0000] {subprocess.py:93} INFO - Sending log: {'timestamp': '2025-05-31 17:31:49', 'level': 'INFO', 'message': 'Page loaded'}
[2025-05-31T17:31:51.440+0000] {subprocess.py:93} INFO - Sending log: {'timestamp': '2025-05-31 17:31:51', 'level': 'WARNING', 'message': 'Slow response time'}
[2025-05-31T17:31:53.440+0000] {subprocess.py:93} INFO - Sending log: {'timestamp': '2025-05-31 17:31:53', 'level': 'ERROR', 'message': 'Payment gateway timeout'}
[2025-05-31T17:31:55.441+0000] {subprocess.py:93} INFO - Sending log: {'timestamp': '2025-05-31 17:31:55', 'level': 'WARNING', 'message': 'Slow response time'}
[2025-05-31T17:31:57.441+0000] {subprocess.py:93} INFO - Sending log: {'timestamp': '2025-05-31 17:31:57', 'level': 'WARNING', 'message': 'Slow response time'}
[2025-05-31T17:31:59.441+0000] {subprocess.py:93} INFO - Sending log: {'timestamp': '2025-05-31 17:31:59', 'level': 'WARNING', 'message': 'Slow response time'}
[2025-05-31T17:32:01.442+0000] {subprocess.py:93} INFO - Sending log: {'timestamp': '2025-05-31 17:32:01', 'level': 'ERROR', 'message': 'Database connection failed'}
[2025-05-31T17:32:03.442+0000] {subprocess.py:93} INFO - Sending log: {'timestamp': '2025-05-31 17:32:03', 'level': 'WARNING', 'message': 'Slow response time'}
[2025-05-31T17:32:05.443+0000] {subprocess.py:93} INFO - Sending log: {'timestamp': '2025-05-31 17:32:05', 'level': 'WARNING', 'message': 'High memory usage'}
[2025-05-31T17:32:07.443+0000] {subprocess.py:93} INFO - Sending log: {'timestamp': '2025-05-31 17:32:07', 'level': 'WARNING', 'message': 'High memory usage'}
[2025-05-31T17:32:09.444+0000] {subprocess.py:93} INFO - Sending log: {'timestamp': '2025-05-31 17:32:09', 'level': 'WARNING', 'message': 'High memory usage'}
[2025-05-31T17:32:11.444+0000] {subprocess.py:93} INFO - Sending log: {'timestamp': '2025-05-31 17:32:11', 'level': 'WARNING', 'message': 'Slow response time'}
[2025-05-31T17:32:13.444+0000] {subprocess.py:93} INFO - Sending log: {'timestamp': '2025-05-31 17:32:13', 'level': 'ERROR', 'message': 'Database connection failed'}
[2025-05-31T17:32:15.444+0000] {subprocess.py:93} INFO - Sending log: {'timestamp': '2025-05-31 17:32:15', 'level': 'WARNING', 'message': 'Slow response time'}
[2025-05-31T17:32:17.444+0000] {subprocess.py:93} INFO - Sending log: {'timestamp': '2025-05-31 17:32:17', 'level': 'INFO', 'message': 'Search executed'}
[2025-05-31T17:32:19.444+0000] {subprocess.py:93} INFO - Sending log: {'timestamp': '2025-05-31 17:32:19', 'level': 'ERROR', 'message': 'Database connection failed'}
[2025-05-31T17:32:21.445+0000] {subprocess.py:93} INFO - Sending log: {'timestamp': '2025-05-31 17:32:21', 'level': 'INFO', 'message': 'User logged in'}
[2025-05-31T17:32:23.445+0000] {subprocess.py:93} INFO - Sending log: {'timestamp': '2025-05-31 17:32:23', 'level': 'WARNING', 'message': 'High memory usage'}
[2025-05-31T17:32:25.446+0000] {subprocess.py:93} INFO - Sending log: {'timestamp': '2025-05-31 17:32:25', 'level': 'ERROR', 'message': 'Payment gateway timeout'}
[2025-05-31T17:32:27.446+0000] {subprocess.py:93} INFO - Sending log: {'timestamp': '2025-05-31 17:32:27', 'level': 'WARNING', 'message': 'Slow response time'}
[2025-05-31T17:32:29.447+0000] {subprocess.py:93} INFO - Sending log: {'timestamp': '2025-05-31 17:32:29', 'level': 'WARNING', 'message': 'Slow response time'}
[2025-05-31T17:32:31.447+0000] {subprocess.py:93} INFO - Sending log: {'timestamp': '2025-05-31 17:32:31', 'level': 'ERROR', 'message': 'Payment gateway timeout'}
[2025-05-31T17:32:33.448+0000] {subprocess.py:93} INFO - Sending log: {'timestamp': '2025-05-31 17:32:33', 'level': 'ERROR', 'message': 'Payment gateway timeout'}
[2025-05-31T17:32:35.448+0000] {subprocess.py:93} INFO - Sending log: {'timestamp': '2025-05-31 17:32:35', 'level': 'INFO', 'message': 'User logged in'}
[2025-05-31T17:32:37.449+0000] {subprocess.py:93} INFO - Sending log: {'timestamp': '2025-05-31 17:32:37', 'level': 'INFO', 'message': 'Page loaded'}
[2025-05-31T17:32:39.449+0000] {subprocess.py:93} INFO - Sending log: {'timestamp': '2025-05-31 17:32:39', 'level': 'INFO', 'message': 'Page loaded'}
[2025-05-31T17:32:41.450+0000] {subprocess.py:93} INFO - Sending log: {'timestamp': '2025-05-31 17:32:41', 'level': 'INFO', 'message': 'Page loaded'}
[2025-05-31T17:32:43.450+0000] {subprocess.py:93} INFO - Sending log: {'timestamp': '2025-05-31 17:32:43', 'level': 'INFO', 'message': 'Search executed'}
[2025-05-31T17:32:45.449+0000] {subprocess.py:93} INFO - Sending log: {'timestamp': '2025-05-31 17:32:45', 'level': 'INFO', 'message': 'Search executed'}
[2025-05-31T17:32:47.450+0000] {subprocess.py:93} INFO - Sending log: {'timestamp': '2025-05-31 17:32:47', 'level': 'WARNING', 'message': 'High memory usage'}
[2025-05-31T17:32:49.450+0000] {subprocess.py:93} INFO - Sending log: {'timestamp': '2025-05-31 17:32:49', 'level': 'INFO', 'message': 'Search executed'}
[2025-05-31T17:32:51.450+0000] {subprocess.py:93} INFO - Sending log: {'timestamp': '2025-05-31 17:32:51', 'level': 'ERROR', 'message': 'Database connection failed'}
[2025-05-31T17:32:53.451+0000] {subprocess.py:93} INFO - Sending log: {'timestamp': '2025-05-31 17:32:53', 'level': 'ERROR', 'message': 'Payment gateway timeout'}
[2025-05-31T17:32:55.451+0000] {subprocess.py:93} INFO - Sending log: {'timestamp': '2025-05-31 17:32:55', 'level': 'ERROR', 'message': 'Database connection failed'}
[2025-05-31T17:32:57.452+0000] {subprocess.py:93} INFO - Sending log: {'timestamp': '2025-05-31 17:32:57', 'level': 'INFO', 'message': 'Search executed'}
[2025-05-31T17:32:59.452+0000] {subprocess.py:93} INFO - Sending log: {'timestamp': '2025-05-31 17:32:59', 'level': 'ERROR', 'message': 'Database connection failed'}
[2025-05-31T17:33:01.453+0000] {subprocess.py:93} INFO - Sending log: {'timestamp': '2025-05-31 17:33:01', 'level': 'WARNING', 'message': 'High memory usage'}
[2025-05-31T17:33:03.453+0000] {subprocess.py:93} INFO - Sending log: {'timestamp': '2025-05-31 17:33:03', 'level': 'WARNING', 'message': 'Slow response time'}
[2025-05-31T17:33:05.454+0000] {subprocess.py:93} INFO - Sending log: {'timestamp': '2025-05-31 17:33:05', 'level': 'ERROR', 'message': 'Payment gateway timeout'}
[2025-05-31T17:33:07.454+0000] {subprocess.py:93} INFO - Sending log: {'timestamp': '2025-05-31 17:33:07', 'level': 'INFO', 'message': 'Page loaded'}
[2025-05-31T17:33:09.455+0000] {subprocess.py:93} INFO - Sending log: {'timestamp': '2025-05-31 17:33:09', 'level': 'ERROR', 'message': 'Payment gateway timeout'}
[2025-05-31T17:33:11.455+0000] {subprocess.py:93} INFO - Sending log: {'timestamp': '2025-05-31 17:33:11', 'level': 'INFO', 'message': 'User logged in'}
[2025-05-31T17:33:13.456+0000] {subprocess.py:93} INFO - Sending log: {'timestamp': '2025-05-31 17:33:13', 'level': 'ERROR', 'message': 'Payment gateway timeout'}
[2025-05-31T17:33:15.455+0000] {subprocess.py:93} INFO - Sending log: {'timestamp': '2025-05-31 17:33:15', 'level': 'ERROR', 'message': 'Database connection failed'}
[2025-05-31T17:33:17.456+0000] {subprocess.py:93} INFO - Sending log: {'timestamp': '2025-05-31 17:33:17', 'level': 'ERROR', 'message': 'Payment gateway timeout'}
[2025-05-31T17:33:19.456+0000] {subprocess.py:93} INFO - Sending log: {'timestamp': '2025-05-31 17:33:19', 'level': 'INFO', 'message': 'Search executed'}
[2025-05-31T17:33:21.457+0000] {subprocess.py:93} INFO - Sending log: {'timestamp': '2025-05-31 17:33:21', 'level': 'ERROR', 'message': 'Payment gateway timeout'}
[2025-05-31T17:33:23.457+0000] {subprocess.py:93} INFO - Sending log: {'timestamp': '2025-05-31 17:33:23', 'level': 'ERROR', 'message': 'Payment gateway timeout'}
[2025-05-31T17:33:25.457+0000] {subprocess.py:93} INFO - Sending log: {'timestamp': '2025-05-31 17:33:25', 'level': 'ERROR', 'message': 'Database connection failed'}
[2025-05-31T17:33:27.458+0000] {subprocess.py:93} INFO - Sending log: {'timestamp': '2025-05-31 17:33:27', 'level': 'INFO', 'message': 'Search executed'}
[2025-05-31T17:33:29.458+0000] {subprocess.py:93} INFO - Sending log: {'timestamp': '2025-05-31 17:33:29', 'level': 'INFO', 'message': 'Page loaded'}
[2025-05-31T17:33:31.459+0000] {subprocess.py:93} INFO - Sending log: {'timestamp': '2025-05-31 17:33:31', 'level': 'WARNING', 'message': 'High memory usage'}
[2025-05-31T17:33:33.459+0000] {subprocess.py:93} INFO - Sending log: {'timestamp': '2025-05-31 17:33:33', 'level': 'ERROR', 'message': 'Database connection failed'}
[2025-05-31T17:33:35.460+0000] {subprocess.py:93} INFO - Sending log: {'timestamp': '2025-05-31 17:33:35', 'level': 'INFO', 'message': 'Page loaded'}
[2025-05-31T17:33:37.460+0000] {subprocess.py:93} INFO - Sending log: {'timestamp': '2025-05-31 17:33:37', 'level': 'WARNING', 'message': 'High memory usage'}
[2025-05-31T17:33:39.461+0000] {subprocess.py:93} INFO - Sending log: {'timestamp': '2025-05-31 17:33:39', 'level': 'WARNING', 'message': 'Slow response time'}
[2025-05-31T17:33:41.461+0000] {subprocess.py:93} INFO - Sending log: {'timestamp': '2025-05-31 17:33:41', 'level': 'WARNING', 'message': 'High memory usage'}
[2025-05-31T17:33:43.461+0000] {subprocess.py:93} INFO - Sending log: {'timestamp': '2025-05-31 17:33:43', 'level': 'INFO', 'message': 'Page loaded'}
[2025-05-31T17:33:45.460+0000] {subprocess.py:93} INFO - Sending log: {'timestamp': '2025-05-31 17:33:45', 'level': 'WARNING', 'message': 'Slow response time'}
[2025-05-31T17:33:47.461+0000] {subprocess.py:93} INFO - Sending log: {'timestamp': '2025-05-31 17:33:47', 'level': 'WARNING', 'message': 'Slow response time'}
[2025-05-31T17:33:49.461+0000] {subprocess.py:93} INFO - Sending log: {'timestamp': '2025-05-31 17:33:49', 'level': 'ERROR', 'message': 'Payment gateway timeout'}
[2025-05-31T17:33:51.462+0000] {subprocess.py:93} INFO - Sending log: {'timestamp': '2025-05-31 17:33:51', 'level': 'INFO', 'message': 'Page loaded'}
[2025-05-31T17:33:53.462+0000] {subprocess.py:93} INFO - Sending log: {'timestamp': '2025-05-31 17:33:53', 'level': 'ERROR', 'message': 'Database connection failed'}
[2025-05-31T17:33:55.463+0000] {subprocess.py:93} INFO - Sending log: {'timestamp': '2025-05-31 17:33:55', 'level': 'INFO', 'message': 'User logged in'}
[2025-05-31T17:33:57.463+0000] {subprocess.py:93} INFO - Sending log: {'timestamp': '2025-05-31 17:33:57', 'level': 'WARNING', 'message': 'Slow response time'}
[2025-05-31T17:33:59.464+0000] {subprocess.py:93} INFO - Sending log: {'timestamp': '2025-05-31 17:33:59', 'level': 'ERROR', 'message': 'Payment gateway timeout'}
[2025-05-31T17:34:01.464+0000] {subprocess.py:93} INFO - Sending log: {'timestamp': '2025-05-31 17:34:01', 'level': 'INFO', 'message': 'Search executed'}
[2025-05-31T17:34:03.464+0000] {subprocess.py:93} INFO - Sending log: {'timestamp': '2025-05-31 17:34:03', 'level': 'INFO', 'message': 'Page loaded'}
[2025-05-31T17:34:05.465+0000] {subprocess.py:93} INFO - Sending log: {'timestamp': '2025-05-31 17:34:05', 'level': 'WARNING', 'message': 'High memory usage'}
[2025-05-31T17:34:07.465+0000] {subprocess.py:93} INFO - Sending log: {'timestamp': '2025-05-31 17:34:07', 'level': 'ERROR', 'message': 'Payment gateway timeout'}
[2025-05-31T17:34:09.466+0000] {subprocess.py:93} INFO - Sending log: {'timestamp': '2025-05-31 17:34:09', 'level': 'ERROR', 'message': 'Database connection failed'}
[2025-05-31T17:34:11.466+0000] {subprocess.py:93} INFO - Sending log: {'timestamp': '2025-05-31 17:34:11', 'level': 'WARNING', 'message': 'Slow response time'}
[2025-05-31T17:34:13.467+0000] {subprocess.py:93} INFO - Sending log: {'timestamp': '2025-05-31 17:34:13', 'level': 'WARNING', 'message': 'High memory usage'}
[2025-05-31T17:34:15.466+0000] {subprocess.py:93} INFO - Sending log: {'timestamp': '2025-05-31 17:34:15', 'level': 'WARNING', 'message': 'Slow response time'}
[2025-05-31T17:34:17.466+0000] {subprocess.py:93} INFO - Sending log: {'timestamp': '2025-05-31 17:34:17', 'level': 'ERROR', 'message': 'Database connection failed'}
[2025-05-31T17:34:19.467+0000] {subprocess.py:93} INFO - Sending log: {'timestamp': '2025-05-31 17:34:19', 'level': 'ERROR', 'message': 'Payment gateway timeout'}
[2025-05-31T17:34:21.467+0000] {subprocess.py:93} INFO - Sending log: {'timestamp': '2025-05-31 17:34:21', 'level': 'ERROR', 'message': 'Payment gateway timeout'}
[2025-05-31T17:34:23.468+0000] {subprocess.py:93} INFO - Sending log: {'timestamp': '2025-05-31 17:34:23', 'level': 'ERROR', 'message': 'Database connection failed'}
[2025-05-31T17:34:25.468+0000] {subprocess.py:93} INFO - Sending log: {'timestamp': '2025-05-31 17:34:25', 'level': 'INFO', 'message': 'Search executed'}
[2025-05-31T17:34:27.470+0000] {subprocess.py:93} INFO - Sending log: {'timestamp': '2025-05-31 17:34:27', 'level': 'WARNING', 'message': 'Slow response time'}
[2025-05-31T17:34:29.471+0000] {subprocess.py:93} INFO - Sending log: {'timestamp': '2025-05-31 17:34:29', 'level': 'ERROR', 'message': 'Payment gateway timeout'}
[2025-05-31T17:34:31.471+0000] {subprocess.py:93} INFO - Sending log: {'timestamp': '2025-05-31 17:34:31', 'level': 'INFO', 'message': 'Search executed'}
[2025-05-31T17:34:33.471+0000] {subprocess.py:93} INFO - Sending log: {'timestamp': '2025-05-31 17:34:33', 'level': 'WARNING', 'message': 'High memory usage'}
[2025-05-31T17:34:35.472+0000] {subprocess.py:93} INFO - Sending log: {'timestamp': '2025-05-31 17:34:35', 'level': 'ERROR', 'message': 'Database connection failed'}
[2025-05-31T17:34:37.472+0000] {subprocess.py:93} INFO - Sending log: {'timestamp': '2025-05-31 17:34:37', 'level': 'ERROR', 'message': 'Database connection failed'}
[2025-05-31T17:34:39.473+0000] {subprocess.py:93} INFO - Sending log: {'timestamp': '2025-05-31 17:34:39', 'level': 'WARNING', 'message': 'High memory usage'}
[2025-05-31T17:34:41.473+0000] {subprocess.py:93} INFO - Sending log: {'timestamp': '2025-05-31 17:34:41', 'level': 'ERROR', 'message': 'Database connection failed'}
[2025-05-31T17:34:43.473+0000] {subprocess.py:93} INFO - Sending log: {'timestamp': '2025-05-31 17:34:43', 'level': 'ERROR', 'message': 'Database connection failed'}
[2025-05-31T17:34:45.472+0000] {subprocess.py:93} INFO - Sending log: {'timestamp': '2025-05-31 17:34:45', 'level': 'WARNING', 'message': 'High memory usage'}
[2025-05-31T17:34:47.472+0000] {subprocess.py:93} INFO - Sending log: {'timestamp': '2025-05-31 17:34:47', 'level': 'INFO', 'message': 'Search executed'}
[2025-05-31T17:34:49.473+0000] {subprocess.py:93} INFO - Sending log: {'timestamp': '2025-05-31 17:34:49', 'level': 'WARNING', 'message': 'Slow response time'}
[2025-05-31T17:34:51.474+0000] {subprocess.py:93} INFO - Sending log: {'timestamp': '2025-05-31 17:34:51', 'level': 'ERROR', 'message': 'Payment gateway timeout'}
[2025-05-31T17:34:53.475+0000] {subprocess.py:93} INFO - Sending log: {'timestamp': '2025-05-31 17:34:53', 'level': 'WARNING', 'message': 'Slow response time'}
[2025-05-31T17:34:55.475+0000] {subprocess.py:93} INFO - Sending log: {'timestamp': '2025-05-31 17:34:55', 'level': 'WARNING', 'message': 'High memory usage'}
[2025-05-31T17:34:57.475+0000] {subprocess.py:93} INFO - Sending log: {'timestamp': '2025-05-31 17:34:57', 'level': 'WARNING', 'message': 'Slow response time'}
[2025-05-31T17:34:59.476+0000] {subprocess.py:93} INFO - Sending log: {'timestamp': '2025-05-31 17:34:59', 'level': 'ERROR', 'message': 'Payment gateway timeout'}
[2025-05-31T17:35:01.476+0000] {subprocess.py:93} INFO - Sending log: {'timestamp': '2025-05-31 17:35:01', 'level': 'WARNING', 'message': 'Slow response time'}
[2025-05-31T17:35:03.477+0000] {subprocess.py:93} INFO - Sending log: {'timestamp': '2025-05-31 17:35:03', 'level': 'ERROR', 'message': 'Database connection failed'}
[2025-05-31T17:35:05.478+0000] {subprocess.py:93} INFO - Sending log: {'timestamp': '2025-05-31 17:35:05', 'level': 'INFO', 'message': 'Search executed'}
[2025-05-31T17:35:07.478+0000] {subprocess.py:93} INFO - Sending log: {'timestamp': '2025-05-31 17:35:07', 'level': 'ERROR', 'message': 'Payment gateway timeout'}
[2025-05-31T17:35:09.478+0000] {subprocess.py:93} INFO - Sending log: {'timestamp': '2025-05-31 17:35:09', 'level': 'WARNING', 'message': 'Slow response time'}
[2025-05-31T17:35:11.479+0000] {subprocess.py:93} INFO - Sending log: {'timestamp': '2025-05-31 17:35:11', 'level': 'INFO', 'message': 'Search executed'}
[2025-05-31T17:35:13.479+0000] {subprocess.py:93} INFO - Sending log: {'timestamp': '2025-05-31 17:35:13', 'level': 'INFO', 'message': 'Page loaded'}
[2025-05-31T17:35:15.478+0000] {subprocess.py:93} INFO - Sending log: {'timestamp': '2025-05-31 17:35:15', 'level': 'ERROR', 'message': 'Database connection failed'}
[2025-05-31T17:35:17.479+0000] {subprocess.py:93} INFO - Sending log: {'timestamp': '2025-05-31 17:35:17', 'level': 'WARNING', 'message': 'High memory usage'}
[2025-05-31T17:35:19.479+0000] {subprocess.py:93} INFO - Sending log: {'timestamp': '2025-05-31 17:35:19', 'level': 'WARNING', 'message': 'High memory usage'}
[2025-05-31T17:35:21.480+0000] {subprocess.py:93} INFO - Sending log: {'timestamp': '2025-05-31 17:35:21', 'level': 'ERROR', 'message': 'Payment gateway timeout'}
[2025-05-31T17:35:23.480+0000] {subprocess.py:93} INFO - Sending log: {'timestamp': '2025-05-31 17:35:23', 'level': 'WARNING', 'message': 'High memory usage'}
[2025-05-31T17:35:25.481+0000] {subprocess.py:93} INFO - Sending log: {'timestamp': '2025-05-31 17:35:25', 'level': 'WARNING', 'message': 'High memory usage'}
[2025-05-31T17:35:27.481+0000] {subprocess.py:93} INFO - Sending log: {'timestamp': '2025-05-31 17:35:27', 'level': 'WARNING', 'message': 'High memory usage'}
[2025-05-31T17:35:29.481+0000] {subprocess.py:93} INFO - Sending log: {'timestamp': '2025-05-31 17:35:29', 'level': 'WARNING', 'message': 'High memory usage'}
[2025-05-31T17:35:31.482+0000] {subprocess.py:93} INFO - Sending log: {'timestamp': '2025-05-31 17:35:31', 'level': 'ERROR', 'message': 'Payment gateway timeout'}
[2025-05-31T17:35:33.482+0000] {subprocess.py:93} INFO - Sending log: {'timestamp': '2025-05-31 17:35:33', 'level': 'WARNING', 'message': 'High memory usage'}
[2025-05-31T17:35:35.483+0000] {subprocess.py:93} INFO - Sending log: {'timestamp': '2025-05-31 17:35:35', 'level': 'INFO', 'message': 'Search executed'}
[2025-05-31T17:35:37.483+0000] {subprocess.py:93} INFO - Sending log: {'timestamp': '2025-05-31 17:35:37', 'level': 'INFO', 'message': 'User logged in'}
[2025-05-31T17:35:39.484+0000] {subprocess.py:93} INFO - Sending log: {'timestamp': '2025-05-31 17:35:39', 'level': 'INFO', 'message': 'Search executed'}
[2025-05-31T17:35:41.484+0000] {subprocess.py:93} INFO - Sending log: {'timestamp': '2025-05-31 17:35:41', 'level': 'INFO', 'message': 'User logged in'}
[2025-05-31T17:35:43.484+0000] {subprocess.py:93} INFO - Sending log: {'timestamp': '2025-05-31 17:35:43', 'level': 'ERROR', 'message': 'Database connection failed'}
[2025-05-31T17:35:45.484+0000] {subprocess.py:93} INFO - Sending log: {'timestamp': '2025-05-31 17:35:45', 'level': 'WARNING', 'message': 'High memory usage'}
[2025-05-31T17:35:47.484+0000] {subprocess.py:93} INFO - Sending log: {'timestamp': '2025-05-31 17:35:47', 'level': 'ERROR', 'message': 'Database connection failed'}
[2025-05-31T17:35:49.485+0000] {subprocess.py:93} INFO - Sending log: {'timestamp': '2025-05-31 17:35:49', 'level': 'ERROR', 'message': 'Payment gateway timeout'}
[2025-05-31T17:35:51.485+0000] {subprocess.py:93} INFO - Sending log: {'timestamp': '2025-05-31 17:35:51', 'level': 'ERROR', 'message': 'Payment gateway timeout'}
[2025-05-31T17:44:37.323+0000] {subprocess.py:93} INFO - Sending log: {'timestamp': '2025-05-31 17:44:37', 'level': 'INFO', 'message': 'Page loaded'}
[2025-05-31T17:44:39.324+0000] {subprocess.py:93} INFO - Sending log: {'timestamp': '2025-05-31 17:44:39', 'level': 'INFO', 'message': 'User logged in'}
[2025-05-31T17:44:39.540+0000] {job.py:229} INFO - Heartbeat recovered after 527.84 seconds
[2025-05-31T17:44:41.324+0000] {subprocess.py:93} INFO - Sending log: {'timestamp': '2025-05-31 17:44:41', 'level': 'INFO', 'message': 'Search executed'}
[2025-05-31T17:44:43.594+0000] {subprocess.py:93} INFO - Sending log: {'timestamp': '2025-05-31 17:44:43', 'level': 'INFO', 'message': 'User logged in'}
[2025-05-31T17:44:45.594+0000] {subprocess.py:93} INFO - Sending log: {'timestamp': '2025-05-31 17:44:45', 'level': 'ERROR', 'message': 'Database connection failed'}
[2025-05-31T17:44:47.595+0000] {subprocess.py:93} INFO - Sending log: {'timestamp': '2025-05-31 17:44:47', 'level': 'WARNING', 'message': 'Slow response time'}
[2025-05-31T17:44:49.596+0000] {subprocess.py:93} INFO - Sending log: {'timestamp': '2025-05-31 17:44:49', 'level': 'WARNING', 'message': 'Slow response time'}
[2025-05-31T17:44:51.843+0000] {subprocess.py:93} INFO - Sending log: {'timestamp': '2025-05-31 17:44:51', 'level': 'WARNING', 'message': 'Slow response time'}
[2025-05-31T17:44:53.841+0000] {subprocess.py:93} INFO - Sending log: {'timestamp': '2025-05-31 17:44:53', 'level': 'ERROR', 'message': 'Payment gateway timeout'}
[2025-05-31T17:44:55.842+0000] {subprocess.py:93} INFO - Sending log: {'timestamp': '2025-05-31 17:44:55', 'level': 'ERROR', 'message': 'Payment gateway timeout'}
[2025-05-31T17:44:57.976+0000] {subprocess.py:93} INFO - Sending log: {'timestamp': '2025-05-31 17:44:57', 'level': 'ERROR', 'message': 'Database connection failed'}
[2025-05-31T17:44:59.977+0000] {subprocess.py:93} INFO - Sending log: {'timestamp': '2025-05-31 17:44:59', 'level': 'INFO', 'message': 'Search executed'}
[2025-05-31T17:45:02.480+0000] {subprocess.py:93} INFO - Sending log: {'timestamp': '2025-05-31 17:45:02', 'level': 'WARNING', 'message': 'High memory usage'}
[2025-05-31T17:45:04.629+0000] {subprocess.py:93} INFO - Sending log: {'timestamp': '2025-05-31 17:45:04', 'level': 'ERROR', 'message': 'Database connection failed'}
[2025-05-31T17:45:06.670+0000] {subprocess.py:93} INFO - Sending log: {'timestamp': '2025-05-31 17:45:06', 'level': 'WARNING', 'message': 'Slow response time'}
[2025-05-31T17:45:08.670+0000] {subprocess.py:93} INFO - Sending log: {'timestamp': '2025-05-31 17:45:08', 'level': 'WARNING', 'message': 'Slow response time'}
[2025-05-31T17:45:10.671+0000] {subprocess.py:93} INFO - Sending log: {'timestamp': '2025-05-31 17:45:10', 'level': 'INFO', 'message': 'User logged in'}
[2025-05-31T17:45:12.671+0000] {subprocess.py:93} INFO - Sending log: {'timestamp': '2025-05-31 17:45:12', 'level': 'WARNING', 'message': 'Slow response time'}
[2025-05-31T17:45:14.672+0000] {subprocess.py:93} INFO - Sending log: {'timestamp': '2025-05-31 17:45:14', 'level': 'WARNING', 'message': 'Slow response time'}
[2025-05-31T17:45:16.672+0000] {subprocess.py:93} INFO - Sending log: {'timestamp': '2025-05-31 17:45:16', 'level': 'INFO', 'message': 'Search executed'}
[2025-05-31T17:45:18.672+0000] {subprocess.py:93} INFO - Sending log: {'timestamp': '2025-05-31 17:45:18', 'level': 'ERROR', 'message': 'Database connection failed'}
[2025-05-31T17:45:20.673+0000] {subprocess.py:93} INFO - Sending log: {'timestamp': '2025-05-31 17:45:20', 'level': 'WARNING', 'message': 'Slow response time'}
[2025-05-31T17:45:22.673+0000] {subprocess.py:93} INFO - Sending log: {'timestamp': '2025-05-31 17:45:22', 'level': 'ERROR', 'message': 'Database connection failed'}
[2025-05-31T17:45:24.672+0000] {subprocess.py:93} INFO - Sending log: {'timestamp': '2025-05-31 17:45:24', 'level': 'INFO', 'message': 'User logged in'}
[2025-05-31T17:45:26.673+0000] {subprocess.py:93} INFO - Sending log: {'timestamp': '2025-05-31 17:45:26', 'level': 'INFO', 'message': 'Search executed'}
[2025-05-31T17:45:28.673+0000] {subprocess.py:93} INFO - Sending log: {'timestamp': '2025-05-31 17:45:28', 'level': 'WARNING', 'message': 'High memory usage'}
[2025-05-31T17:45:30.673+0000] {subprocess.py:93} INFO - Sending log: {'timestamp': '2025-05-31 17:45:30', 'level': 'ERROR', 'message': 'Payment gateway timeout'}
[2025-05-31T17:45:32.798+0000] {subprocess.py:93} INFO - Sending log: {'timestamp': '2025-05-31 17:45:32', 'level': 'INFO', 'message': 'User logged in'}
[2025-05-31T17:45:34.799+0000] {subprocess.py:93} INFO - Sending log: {'timestamp': '2025-05-31 17:45:34', 'level': 'ERROR', 'message': 'Payment gateway timeout'}
[2025-05-31T17:45:37.030+0000] {subprocess.py:93} INFO - Sending log: {'timestamp': '2025-05-31 17:45:37', 'level': 'WARNING', 'message': 'High memory usage'}
[2025-05-31T17:45:39.202+0000] {subprocess.py:93} INFO - Sending log: {'timestamp': '2025-05-31 17:45:39', 'level': 'ERROR', 'message': 'Database connection failed'}
[2025-05-31T17:45:41.202+0000] {subprocess.py:93} INFO - Sending log: {'timestamp': '2025-05-31 17:45:41', 'level': 'ERROR', 'message': 'Payment gateway timeout'}
[2025-05-31T17:45:43.406+0000] {subprocess.py:93} INFO - Sending log: {'timestamp': '2025-05-31 17:45:43', 'level': 'WARNING', 'message': 'High memory usage'}
[2025-05-31T17:45:45.671+0000] {subprocess.py:93} INFO - Sending log: {'timestamp': '2025-05-31 17:45:45', 'level': 'INFO', 'message': 'Page loaded'}
[2025-05-31T17:45:47.734+0000] {subprocess.py:93} INFO - Sending log: {'timestamp': '2025-05-31 17:45:47', 'level': 'WARNING', 'message': 'High memory usage'}
[2025-05-31T17:45:49.928+0000] {subprocess.py:93} INFO - Sending log: {'timestamp': '2025-05-31 17:45:49', 'level': 'ERROR', 'message': 'Payment gateway timeout'}
[2025-05-31T17:45:50.363+0000] {job.py:229} INFO - Heartbeat recovered after 15.87 seconds
[2025-05-31T17:45:52.206+0000] {subprocess.py:93} INFO - Sending log: {'timestamp': '2025-05-31 17:45:52', 'level': 'INFO', 'message': 'Page loaded'}
[2025-05-31T17:45:54.653+0000] {subprocess.py:93} INFO - Sending log: {'timestamp': '2025-05-31 17:45:54', 'level': 'WARNING', 'message': 'Slow response time'}
[2025-05-31T17:45:56.708+0000] {subprocess.py:93} INFO - Sending log: {'timestamp': '2025-05-31 17:45:56', 'level': 'INFO', 'message': 'Search executed'}
[2025-05-31T17:45:59.139+0000] {subprocess.py:93} INFO - Sending log: {'timestamp': '2025-05-31 17:45:58', 'level': 'ERROR', 'message': 'Payment gateway timeout'}
[2025-05-31T17:46:00.654+0000] {job.py:229} INFO - Heartbeat recovered after 11.31 seconds
[2025-05-31T17:46:00.729+0000] {subprocess.py:93} INFO - Sending log: {'timestamp': '2025-05-31 17:46:00', 'level': 'ERROR', 'message': 'Payment gateway timeout'}
[2025-05-31T17:46:02.814+0000] {subprocess.py:93} INFO - Sending log: {'timestamp': '2025-05-31 17:46:02', 'level': 'INFO', 'message': 'User logged in'}
[2025-05-31T17:46:04.873+0000] {subprocess.py:93} INFO - Sending log: {'timestamp': '2025-05-31 17:46:04', 'level': 'INFO', 'message': 'User logged in'}
[2025-05-31T17:46:07.163+0000] {subprocess.py:93} INFO - Sending log: {'timestamp': '2025-05-31 17:46:07', 'level': 'ERROR', 'message': 'Database connection failed'}
[2025-05-31T17:46:09.256+0000] {subprocess.py:93} INFO - Sending log: {'timestamp': '2025-05-31 17:46:09', 'level': 'ERROR', 'message': 'Database connection failed'}
[2025-05-31T17:46:11.394+0000] {subprocess.py:93} INFO - Sending log: {'timestamp': '2025-05-31 17:46:11', 'level': 'WARNING', 'message': 'High memory usage'}
[2025-05-31T17:46:13.552+0000] {subprocess.py:93} INFO - Sending log: {'timestamp': '2025-05-31 17:46:13', 'level': 'ERROR', 'message': 'Payment gateway timeout'}
[2025-05-31T17:46:14.538+0000] {job.py:229} INFO - Heartbeat recovered after 14.50 seconds
[2025-05-31T17:46:21.749+0000] {subprocess.py:93} INFO - Sending log: {'timestamp': '2025-05-31 17:46:15', 'level': 'ERROR', 'message': 'Payment gateway timeout'}
[2025-05-31T17:46:21.752+0000] {subprocess.py:93} INFO - Sending log: {'timestamp': '2025-05-31 17:46:17', 'level': 'INFO', 'message': 'Search executed'}
[2025-05-31T17:46:21.960+0000] {subprocess.py:93} INFO - Sending log: {'timestamp': '2025-05-31 17:46:19', 'level': 'WARNING', 'message': 'Slow response time'}
[2025-05-31T17:46:22.247+0000] {subprocess.py:93} INFO - Sending log: {'timestamp': '2025-05-31 17:46:21', 'level': 'WARNING', 'message': 'High memory usage'}
[2025-05-31T17:46:23.954+0000] {subprocess.py:93} INFO - Sending log: {'timestamp': '2025-05-31 17:46:23', 'level': 'WARNING', 'message': 'Slow response time'}
[2025-05-31T17:46:26.009+0000] {subprocess.py:93} INFO - Sending log: {'timestamp': '2025-05-31 17:46:26', 'level': 'ERROR', 'message': 'Database connection failed'}
[2025-05-31T17:46:27.545+0000] {job.py:229} INFO - Heartbeat recovered after 13.17 seconds
[2025-05-31T17:46:28.236+0000] {subprocess.py:93} INFO - Sending log: {'timestamp': '2025-05-31 17:46:28', 'level': 'INFO', 'message': 'Page loaded'}
[2025-05-31T17:46:30.258+0000] {subprocess.py:93} INFO - Sending log: {'timestamp': '2025-05-31 17:46:30', 'level': 'WARNING', 'message': 'Slow response time'}
[2025-05-31T17:46:32.443+0000] {subprocess.py:93} INFO - Sending log: {'timestamp': '2025-05-31 17:46:32', 'level': 'INFO', 'message': 'Search executed'}
[2025-05-31T17:46:34.684+0000] {subprocess.py:93} INFO - Sending log: {'timestamp': '2025-05-31 17:46:34', 'level': 'INFO', 'message': 'User logged in'}
[2025-05-31T17:46:36.993+0000] {subprocess.py:93} INFO - Sending log: {'timestamp': '2025-05-31 17:46:36', 'level': 'ERROR', 'message': 'Database connection failed'}
[2025-05-31T17:46:39.059+0000] {subprocess.py:93} INFO - Sending log: {'timestamp': '2025-05-31 17:46:39', 'level': 'ERROR', 'message': 'Database connection failed'}
[2025-05-31T17:46:40.828+0000] {job.py:229} INFO - Heartbeat recovered after 13.99 seconds
[2025-05-31T17:46:41.219+0000] {subprocess.py:93} INFO - Sending log: {'timestamp': '2025-05-31 17:46:41', 'level': 'INFO', 'message': 'Search executed'}
[2025-05-31T17:46:43.239+0000] {subprocess.py:93} INFO - Sending log: {'timestamp': '2025-05-31 17:46:43', 'level': 'WARNING', 'message': 'High memory usage'}
[2025-05-31T17:46:45.442+0000] {subprocess.py:93} INFO - Sending log: {'timestamp': '2025-05-31 17:46:45', 'level': 'INFO', 'message': 'Search executed'}
[2025-05-31T17:46:47.595+0000] {subprocess.py:93} INFO - Sending log: {'timestamp': '2025-05-31 17:46:47', 'level': 'WARNING', 'message': 'High memory usage'}
[2025-05-31T17:46:49.596+0000] {subprocess.py:93} INFO - Sending log: {'timestamp': '2025-05-31 17:46:49', 'level': 'INFO', 'message': 'Page loaded'}
[2025-05-31T17:46:51.633+0000] {subprocess.py:93} INFO - Sending log: {'timestamp': '2025-05-31 17:46:51', 'level': 'WARNING', 'message': 'High memory usage'}
[2025-05-31T17:46:53.621+0000] {subprocess.py:93} INFO - Sending log: {'timestamp': '2025-05-31 17:46:53', 'level': 'INFO', 'message': 'Search executed'}
[2025-05-31T17:46:55.801+0000] {subprocess.py:93} INFO - Sending log: {'timestamp': '2025-05-31 17:46:55', 'level': 'INFO', 'message': 'Search executed'}
[2025-05-31T17:46:57.802+0000] {subprocess.py:93} INFO - Sending log: {'timestamp': '2025-05-31 17:46:57', 'level': 'ERROR', 'message': 'Database connection failed'}
[2025-05-31T17:46:59.803+0000] {subprocess.py:93} INFO - Sending log: {'timestamp': '2025-05-31 17:46:59', 'level': 'ERROR', 'message': 'Payment gateway timeout'}
[2025-05-31T17:47:01.803+0000] {subprocess.py:93} INFO - Sending log: {'timestamp': '2025-05-31 17:47:01', 'level': 'ERROR', 'message': 'Payment gateway timeout'}
[2025-05-31T17:47:03.803+0000] {subprocess.py:93} INFO - Sending log: {'timestamp': '2025-05-31 17:47:03', 'level': 'INFO', 'message': 'Page loaded'}
[2025-05-31T17:47:05.804+0000] {subprocess.py:93} INFO - Sending log: {'timestamp': '2025-05-31 17:47:05', 'level': 'WARNING', 'message': 'High memory usage'}
[2025-05-31T17:47:07.804+0000] {subprocess.py:93} INFO - Sending log: {'timestamp': '2025-05-31 17:47:07', 'level': 'ERROR', 'message': 'Database connection failed'}
[2025-05-31T17:47:09.805+0000] {subprocess.py:93} INFO - Sending log: {'timestamp': '2025-05-31 17:47:09', 'level': 'INFO', 'message': 'Page loaded'}
[2025-05-31T17:47:11.805+0000] {subprocess.py:93} INFO - Sending log: {'timestamp': '2025-05-31 17:47:11', 'level': 'WARNING', 'message': 'High memory usage'}
[2025-05-31T17:47:13.806+0000] {subprocess.py:93} INFO - Sending log: {'timestamp': '2025-05-31 17:47:13', 'level': 'INFO', 'message': 'Search executed'}
[2025-05-31T17:47:15.806+0000] {subprocess.py:93} INFO - Sending log: {'timestamp': '2025-05-31 17:47:15', 'level': 'WARNING', 'message': 'Slow response time'}
[2025-05-31T17:47:17.835+0000] {subprocess.py:93} INFO - Sending log: {'timestamp': '2025-05-31 17:47:17', 'level': 'WARNING', 'message': 'Slow response time'}
[2025-05-31T17:47:19.836+0000] {subprocess.py:93} INFO - Sending log: {'timestamp': '2025-05-31 17:47:19', 'level': 'INFO', 'message': 'User logged in'}
[2025-05-31T17:47:21.944+0000] {subprocess.py:93} INFO - Sending log: {'timestamp': '2025-05-31 17:47:21', 'level': 'ERROR', 'message': 'Payment gateway timeout'}
[2025-05-31T17:47:23.824+0000] {subprocess.py:93} INFO - Sending log: {'timestamp': '2025-05-31 17:47:23', 'level': 'WARNING', 'message': 'High memory usage'}
[2025-05-31T17:47:25.819+0000] {subprocess.py:93} INFO - Sending log: {'timestamp': '2025-05-31 17:47:25', 'level': 'WARNING', 'message': 'High memory usage'}
[2025-05-31T17:47:28.475+0000] {subprocess.py:93} INFO - Sending log: {'timestamp': '2025-05-31 17:47:27', 'level': 'WARNING', 'message': 'Slow response time'}
[2025-05-31T17:47:30.248+0000] {subprocess.py:93} INFO - Sending log: {'timestamp': '2025-05-31 17:47:29', 'level': 'INFO', 'message': 'Page loaded'}
[2025-05-31T17:47:31.983+0000] {subprocess.py:93} INFO - Sending log: {'timestamp': '2025-05-31 17:47:31', 'level': 'ERROR', 'message': 'Database connection failed'}
[2025-05-31T17:47:34.072+0000] {subprocess.py:93} INFO - Sending log: {'timestamp': '2025-05-31 17:47:33', 'level': 'ERROR', 'message': 'Payment gateway timeout'}
[2025-05-31T17:47:37.169+0000] {subprocess.py:93} INFO - Sending log: {'timestamp': '2025-05-31 17:47:37', 'level': 'WARNING', 'message': 'High memory usage'}
[2025-05-31T17:47:39.217+0000] {subprocess.py:93} INFO - Sending log: {'timestamp': '2025-05-31 17:47:39', 'level': 'WARNING', 'message': 'High memory usage'}
[2025-05-31T17:47:41.872+0000] {subprocess.py:93} INFO - Sending log: {'timestamp': '2025-05-31 17:47:41', 'level': 'INFO', 'message': 'Search executed'}
[2025-05-31T17:47:44.106+0000] {subprocess.py:93} INFO - Sending log: {'timestamp': '2025-05-31 17:47:43', 'level': 'WARNING', 'message': 'Slow response time'}
[2025-05-31T17:47:46.052+0000] {subprocess.py:93} INFO - Sending log: {'timestamp': '2025-05-31 17:47:46', 'level': 'INFO', 'message': 'User logged in'}
[2025-05-31T17:47:48.488+0000] {subprocess.py:93} INFO - Sending log: {'timestamp': '2025-05-31 17:47:48', 'level': 'INFO', 'message': 'Page loaded'}
[2025-05-31T17:47:51.022+0000] {subprocess.py:93} INFO - Sending log: {'timestamp': '2025-05-31 17:47:51', 'level': 'INFO', 'message': 'Search executed'}
[2025-05-31T17:47:53.531+0000] {subprocess.py:93} INFO - Sending log: {'timestamp': '2025-05-31 17:47:53', 'level': 'WARNING', 'message': 'Slow response time'}
[2025-05-31T17:47:55.457+0000] {subprocess.py:93} INFO - Sending log: {'timestamp': '2025-05-31 17:47:55', 'level': 'ERROR', 'message': 'Database connection failed'}
[2025-05-31T17:47:57.616+0000] {subprocess.py:93} INFO - Sending log: {'timestamp': '2025-05-31 17:47:57', 'level': 'WARNING', 'message': 'Slow response time'}
[2025-05-31T17:47:59.720+0000] {subprocess.py:93} INFO - Sending log: {'timestamp': '2025-05-31 17:47:59', 'level': 'INFO', 'message': 'User logged in'}
[2025-05-31T17:48:01.824+0000] {subprocess.py:93} INFO - Sending log: {'timestamp': '2025-05-31 17:48:01', 'level': 'WARNING', 'message': 'Slow response time'}
[2025-05-31T17:48:03.852+0000] {subprocess.py:93} INFO - Sending log: {'timestamp': '2025-05-31 17:48:03', 'level': 'INFO', 'message': 'Search executed'}
[2025-05-31T17:48:06.419+0000] {subprocess.py:93} INFO - Sending log: {'timestamp': '2025-05-31 17:48:06', 'level': 'INFO', 'message': 'Search executed'}
[2025-05-31T17:48:08.463+0000] {subprocess.py:93} INFO - Sending log: {'timestamp': '2025-05-31 17:48:08', 'level': 'WARNING', 'message': 'High memory usage'}
[2025-05-31T17:48:10.657+0000] {subprocess.py:93} INFO - Sending log: {'timestamp': '2025-05-31 17:48:10', 'level': 'INFO', 'message': 'Search executed'}
[2025-05-31T17:48:11.857+0000] {job.py:229} INFO - Heartbeat recovered after 40.59 seconds
[2025-05-31T17:48:12.712+0000] {subprocess.py:93} INFO - Sending log: {'timestamp': '2025-05-31 17:48:12', 'level': 'INFO', 'message': 'Page loaded'}
[2025-05-31T17:48:15.107+0000] {subprocess.py:93} INFO - Sending log: {'timestamp': '2025-05-31 17:48:15', 'level': 'ERROR', 'message': 'Database connection failed'}
[2025-05-31T17:48:17.979+0000] {subprocess.py:93} INFO - Sending log: {'timestamp': '2025-05-31 17:48:17', 'level': 'ERROR', 'message': 'Database connection failed'}
[2025-05-31T17:48:20.339+0000] {subprocess.py:93} INFO - Sending log: {'timestamp': '2025-05-31 17:48:20', 'level': 'INFO', 'message': 'User logged in'}
[2025-05-31T17:48:22.522+0000] {subprocess.py:93} INFO - Sending log: {'timestamp': '2025-05-31 17:48:22', 'level': 'ERROR', 'message': 'Payment gateway timeout'}
[2025-05-31T17:48:24.860+0000] {subprocess.py:93} INFO - Sending log: {'timestamp': '2025-05-31 17:48:24', 'level': 'ERROR', 'message': 'Database connection failed'}
[2025-05-31T17:48:26.744+0000] {subprocess.py:93} INFO - Sending log: {'timestamp': '2025-05-31 17:48:26', 'level': 'INFO', 'message': 'Page loaded'}
[2025-05-31T17:48:28.798+0000] {subprocess.py:93} INFO - Sending log: {'timestamp': '2025-05-31 17:48:28', 'level': 'ERROR', 'message': 'Payment gateway timeout'}
[2025-05-31T17:48:31.811+0000] {subprocess.py:93} INFO - Sending log: {'timestamp': '2025-05-31 17:48:31', 'level': 'ERROR', 'message': 'Payment gateway timeout'}
[2025-05-31T17:48:33.116+0000] {subprocess.py:93} INFO - Sending log: {'timestamp': '2025-05-31 17:48:33', 'level': 'WARNING', 'message': 'Slow response time'}
[2025-05-31T17:48:35.279+0000] {subprocess.py:93} INFO - Sending log: {'timestamp': '2025-05-31 17:48:35', 'level': 'ERROR', 'message': 'Database connection failed'}
[2025-05-31T17:48:37.499+0000] {subprocess.py:93} INFO - Sending log: {'timestamp': '2025-05-31 17:48:37', 'level': 'ERROR', 'message': 'Payment gateway timeout'}
[2025-05-31T17:48:39.597+0000] {subprocess.py:93} INFO - Sending log: {'timestamp': '2025-05-31 17:48:39', 'level': 'INFO', 'message': 'User logged in'}
[2025-05-31T17:48:41.809+0000] {subprocess.py:93} INFO - Sending log: {'timestamp': '2025-05-31 17:48:41', 'level': 'ERROR', 'message': 'Payment gateway timeout'}
[2025-05-31T17:48:44.633+0000] {subprocess.py:93} INFO - Sending log: {'timestamp': '2025-05-31 17:48:44', 'level': 'WARNING', 'message': 'Slow response time'}
[2025-05-31T17:48:47.107+0000] {subprocess.py:93} INFO - Sending log: {'timestamp': '2025-05-31 17:48:47', 'level': 'ERROR', 'message': 'Database connection failed'}
[2025-05-31T17:48:49.166+0000] {subprocess.py:93} INFO - Sending log: {'timestamp': '2025-05-31 17:48:49', 'level': 'INFO', 'message': 'Page loaded'}
[2025-05-31T17:48:50.923+0000] {job.py:229} INFO - Heartbeat recovered after 40.46 seconds
[2025-05-31T17:48:51.195+0000] {subprocess.py:93} INFO - Sending log: {'timestamp': '2025-05-31 17:48:51', 'level': 'INFO', 'message': 'Page loaded'}
[2025-05-31T17:48:53.308+0000] {subprocess.py:93} INFO - Sending log: {'timestamp': '2025-05-31 17:48:53', 'level': 'WARNING', 'message': 'High memory usage'}
[2025-05-31T17:48:55.308+0000] {subprocess.py:93} INFO - Sending log: {'timestamp': '2025-05-31 17:48:55', 'level': 'ERROR', 'message': 'Database connection failed'}
[2025-05-31T17:48:57.031+0000] {subprocess.py:93} INFO - Sending log: {'timestamp': '2025-05-31 17:48:57', 'level': 'WARNING', 'message': 'Slow response time'}
[2025-05-31T17:48:59.338+0000] {subprocess.py:93} INFO - Sending log: {'timestamp': '2025-05-31 17:48:59', 'level': 'ERROR', 'message': 'Database connection failed'}
[2025-05-31T17:49:01.821+0000] {subprocess.py:93} INFO - Sending log: {'timestamp': '2025-05-31 17:49:01', 'level': 'INFO', 'message': 'User logged in'}
[2025-05-31T17:49:03.620+0000] {subprocess.py:93} INFO - Sending log: {'timestamp': '2025-05-31 17:49:03', 'level': 'WARNING', 'message': 'Slow response time'}
[2025-05-31T17:49:04.688+0000] {job.py:229} INFO - Heartbeat recovered after 14.04 seconds
[2025-05-31T17:49:05.597+0000] {subprocess.py:93} INFO - Sending log: {'timestamp': '2025-05-31 17:49:05', 'level': 'INFO', 'message': 'Page loaded'}
[2025-05-31T17:49:08.149+0000] {subprocess.py:93} INFO - Sending log: {'timestamp': '2025-05-31 17:49:07', 'level': 'WARNING', 'message': 'Slow response time'}
[2025-05-31T17:49:10.464+0000] {subprocess.py:93} INFO - Sending log: {'timestamp': '2025-05-31 17:49:10', 'level': 'INFO', 'message': 'Search executed'}
[2025-05-31T17:49:12.573+0000] {subprocess.py:93} INFO - Sending log: {'timestamp': '2025-05-31 17:49:12', 'level': 'INFO', 'message': 'Search executed'}
[2025-05-31T17:49:14.652+0000] {subprocess.py:93} INFO - Sending log: {'timestamp': '2025-05-31 17:49:14', 'level': 'WARNING', 'message': 'High memory usage'}
[2025-05-31T17:49:16.653+0000] {subprocess.py:93} INFO - Sending log: {'timestamp': '2025-05-31 17:49:16', 'level': 'ERROR', 'message': 'Payment gateway timeout'}
[2025-05-31T17:49:18.654+0000] {subprocess.py:93} INFO - Sending log: {'timestamp': '2025-05-31 17:49:18', 'level': 'WARNING', 'message': 'High memory usage'}
[2025-05-31T17:49:20.654+0000] {subprocess.py:93} INFO - Sending log: {'timestamp': '2025-05-31 17:49:20', 'level': 'INFO', 'message': 'Search executed'}
[2025-05-31T17:49:22.655+0000] {subprocess.py:93} INFO - Sending log: {'timestamp': '2025-05-31 17:49:22', 'level': 'WARNING', 'message': 'Slow response time'}
[2025-05-31T17:49:24.655+0000] {subprocess.py:93} INFO - Sending log: {'timestamp': '2025-05-31 17:49:24', 'level': 'INFO', 'message': 'Search executed'}
[2025-05-31T17:49:26.584+0000] {subprocess.py:93} INFO - Sending log: {'timestamp': '2025-05-31 17:49:26', 'level': 'INFO', 'message': 'Page loaded'}
[2025-05-31T17:49:28.585+0000] {subprocess.py:93} INFO - Sending log: {'timestamp': '2025-05-31 17:49:28', 'level': 'WARNING', 'message': 'High memory usage'}
[2025-05-31T17:49:30.585+0000] {subprocess.py:93} INFO - Sending log: {'timestamp': '2025-05-31 17:49:30', 'level': 'WARNING', 'message': 'High memory usage'}
[2025-05-31T17:49:32.586+0000] {subprocess.py:93} INFO - Sending log: {'timestamp': '2025-05-31 17:49:32', 'level': 'ERROR', 'message': 'Payment gateway timeout'}
[2025-05-31T17:49:34.586+0000] {subprocess.py:93} INFO - Sending log: {'timestamp': '2025-05-31 17:49:34', 'level': 'WARNING', 'message': 'Slow response time'}
[2025-05-31T17:49:36.586+0000] {subprocess.py:93} INFO - Sending log: {'timestamp': '2025-05-31 17:49:36', 'level': 'INFO', 'message': 'Page loaded'}
[2025-05-31T17:49:38.587+0000] {subprocess.py:93} INFO - Sending log: {'timestamp': '2025-05-31 17:49:38', 'level': 'WARNING', 'message': 'High memory usage'}
[2025-05-31T17:49:40.587+0000] {subprocess.py:93} INFO - Sending log: {'timestamp': '2025-05-31 17:49:40', 'level': 'ERROR', 'message': 'Database connection failed'}
[2025-05-31T17:49:42.588+0000] {subprocess.py:93} INFO - Sending log: {'timestamp': '2025-05-31 17:49:42', 'level': 'INFO', 'message': 'Search executed'}
[2025-05-31T17:49:44.588+0000] {subprocess.py:93} INFO - Sending log: {'timestamp': '2025-05-31 17:49:44', 'level': 'ERROR', 'message': 'Payment gateway timeout'}
[2025-05-31T17:49:46.589+0000] {subprocess.py:93} INFO - Sending log: {'timestamp': '2025-05-31 17:49:46', 'level': 'INFO', 'message': 'Search executed'}
[2025-05-31T17:49:48.589+0000] {subprocess.py:93} INFO - Sending log: {'timestamp': '2025-05-31 17:49:48', 'level': 'INFO', 'message': 'User logged in'}
[2025-05-31T17:49:50.590+0000] {subprocess.py:93} INFO - Sending log: {'timestamp': '2025-05-31 17:49:50', 'level': 'ERROR', 'message': 'Database connection failed'}
[2025-05-31T17:49:52.590+0000] {subprocess.py:93} INFO - Sending log: {'timestamp': '2025-05-31 17:49:52', 'level': 'WARNING', 'message': 'Slow response time'}
[2025-05-31T17:49:54.591+0000] {subprocess.py:93} INFO - Sending log: {'timestamp': '2025-05-31 17:49:54', 'level': 'WARNING', 'message': 'Slow response time'}
[2025-05-31T17:49:56.496+0000] {subprocess.py:93} INFO - Sending log: {'timestamp': '2025-05-31 17:49:56', 'level': 'ERROR', 'message': 'Payment gateway timeout'}
[2025-05-31T17:49:58.496+0000] {subprocess.py:93} INFO - Sending log: {'timestamp': '2025-05-31 17:49:58', 'level': 'INFO', 'message': 'User logged in'}
[2025-05-31T17:50:00.497+0000] {subprocess.py:93} INFO - Sending log: {'timestamp': '2025-05-31 17:50:00', 'level': 'ERROR', 'message': 'Database connection failed'}
[2025-05-31T17:50:02.497+0000] {subprocess.py:93} INFO - Sending log: {'timestamp': '2025-05-31 17:50:02', 'level': 'WARNING', 'message': 'High memory usage'}
[2025-05-31T17:50:04.498+0000] {subprocess.py:93} INFO - Sending log: {'timestamp': '2025-05-31 17:50:04', 'level': 'INFO', 'message': 'Search executed'}
[2025-05-31T17:50:06.498+0000] {subprocess.py:93} INFO - Sending log: {'timestamp': '2025-05-31 17:50:06', 'level': 'INFO', 'message': 'Page loaded'}
[2025-05-31T17:50:08.499+0000] {subprocess.py:93} INFO - Sending log: {'timestamp': '2025-05-31 17:50:08', 'level': 'ERROR', 'message': 'Payment gateway timeout'}
[2025-05-31T17:50:10.499+0000] {subprocess.py:93} INFO - Sending log: {'timestamp': '2025-05-31 17:50:10', 'level': 'INFO', 'message': 'Page loaded'}
[2025-05-31T17:50:12.518+0000] {subprocess.py:93} INFO - Sending log: {'timestamp': '2025-05-31 17:50:12', 'level': 'INFO', 'message': 'User logged in'}
[2025-05-31T17:50:14.518+0000] {subprocess.py:93} INFO - Sending log: {'timestamp': '2025-05-31 17:50:14', 'level': 'WARNING', 'message': 'Slow response time'}
[2025-05-31T17:50:16.519+0000] {subprocess.py:93} INFO - Sending log: {'timestamp': '2025-05-31 17:50:16', 'level': 'ERROR', 'message': 'Payment gateway timeout'}
[2025-05-31T17:50:18.519+0000] {subprocess.py:93} INFO - Sending log: {'timestamp': '2025-05-31 17:50:18', 'level': 'INFO', 'message': 'Search executed'}
[2025-05-31T17:50:20.527+0000] {subprocess.py:93} INFO - Sending log: {'timestamp': '2025-05-31 17:50:20', 'level': 'WARNING', 'message': 'High memory usage'}
[2025-05-31T17:50:22.527+0000] {subprocess.py:93} INFO - Sending log: {'timestamp': '2025-05-31 17:50:22', 'level': 'INFO', 'message': 'Page loaded'}
[2025-05-31T17:50:24.528+0000] {subprocess.py:93} INFO - Sending log: {'timestamp': '2025-05-31 17:50:24', 'level': 'INFO', 'message': 'Search executed'}
[2025-05-31T17:50:26.512+0000] {subprocess.py:93} INFO - Sending log: {'timestamp': '2025-05-31 17:50:26', 'level': 'WARNING', 'message': 'Slow response time'}
[2025-05-31T17:50:28.610+0000] {subprocess.py:93} INFO - Sending log: {'timestamp': '2025-05-31 17:50:28', 'level': 'ERROR', 'message': 'Database connection failed'}
[2025-05-31T17:50:30.611+0000] {subprocess.py:93} INFO - Sending log: {'timestamp': '2025-05-31 17:50:30', 'level': 'WARNING', 'message': 'High memory usage'}
[2025-05-31T17:50:32.611+0000] {subprocess.py:93} INFO - Sending log: {'timestamp': '2025-05-31 17:50:32', 'level': 'WARNING', 'message': 'High memory usage'}
[2025-05-31T17:50:34.612+0000] {subprocess.py:93} INFO - Sending log: {'timestamp': '2025-05-31 17:50:34', 'level': 'WARNING', 'message': 'Slow response time'}
[2025-05-31T17:50:36.612+0000] {subprocess.py:93} INFO - Sending log: {'timestamp': '2025-05-31 17:50:36', 'level': 'ERROR', 'message': 'Payment gateway timeout'}
[2025-05-31T17:50:38.627+0000] {subprocess.py:93} INFO - Sending log: {'timestamp': '2025-05-31 17:50:38', 'level': 'ERROR', 'message': 'Payment gateway timeout'}
[2025-05-31T17:50:40.627+0000] {subprocess.py:93} INFO - Sending log: {'timestamp': '2025-05-31 17:50:40', 'level': 'INFO', 'message': 'Page loaded'}
[2025-05-31T17:50:42.628+0000] {subprocess.py:93} INFO - Sending log: {'timestamp': '2025-05-31 17:50:42', 'level': 'INFO', 'message': 'Page loaded'}
[2025-05-31T17:50:44.629+0000] {subprocess.py:93} INFO - Sending log: {'timestamp': '2025-05-31 17:50:44', 'level': 'ERROR', 'message': 'Payment gateway timeout'}
[2025-05-31T17:50:46.629+0000] {subprocess.py:93} INFO - Sending log: {'timestamp': '2025-05-31 17:50:46', 'level': 'INFO', 'message': 'User logged in'}
[2025-05-31T17:50:48.629+0000] {subprocess.py:93} INFO - Sending log: {'timestamp': '2025-05-31 17:50:48', 'level': 'ERROR', 'message': 'Database connection failed'}
[2025-05-31T17:50:50.643+0000] {subprocess.py:93} INFO - Sending log: {'timestamp': '2025-05-31 17:50:50', 'level': 'INFO', 'message': 'User logged in'}
[2025-05-31T17:50:52.644+0000] {subprocess.py:93} INFO - Sending log: {'timestamp': '2025-05-31 17:50:52', 'level': 'ERROR', 'message': 'Database connection failed'}
[2025-05-31T17:50:54.644+0000] {subprocess.py:93} INFO - Sending log: {'timestamp': '2025-05-31 17:50:54', 'level': 'WARNING', 'message': 'Slow response time'}
[2025-05-31T17:50:56.639+0000] {subprocess.py:93} INFO - Sending log: {'timestamp': '2025-05-31 17:50:56', 'level': 'ERROR', 'message': 'Database connection failed'}
[2025-05-31T17:50:58.639+0000] {subprocess.py:93} INFO - Sending log: {'timestamp': '2025-05-31 17:50:58', 'level': 'ERROR', 'message': 'Database connection failed'}
[2025-05-31T17:51:00.640+0000] {subprocess.py:93} INFO - Sending log: {'timestamp': '2025-05-31 17:51:00', 'level': 'WARNING', 'message': 'High memory usage'}
[2025-05-31T17:51:02.640+0000] {subprocess.py:93} INFO - Sending log: {'timestamp': '2025-05-31 17:51:02', 'level': 'ERROR', 'message': 'Database connection failed'}
[2025-05-31T17:51:04.641+0000] {subprocess.py:93} INFO - Sending log: {'timestamp': '2025-05-31 17:51:04', 'level': 'ERROR', 'message': 'Database connection failed'}
[2025-05-31T17:51:06.642+0000] {subprocess.py:93} INFO - Sending log: {'timestamp': '2025-05-31 17:51:06', 'level': 'WARNING', 'message': 'Slow response time'}
[2025-05-31T17:51:08.642+0000] {subprocess.py:93} INFO - Sending log: {'timestamp': '2025-05-31 17:51:08', 'level': 'ERROR', 'message': 'Database connection failed'}
[2025-05-31T17:51:10.642+0000] {subprocess.py:93} INFO - Sending log: {'timestamp': '2025-05-31 17:51:10', 'level': 'INFO', 'message': 'Search executed'}
[2025-05-31T17:51:12.644+0000] {subprocess.py:93} INFO - Sending log: {'timestamp': '2025-05-31 17:51:12', 'level': 'INFO', 'message': 'User logged in'}
[2025-05-31T17:51:14.645+0000] {subprocess.py:93} INFO - Sending log: {'timestamp': '2025-05-31 17:51:14', 'level': 'INFO', 'message': 'Search executed'}
[2025-05-31T17:51:16.646+0000] {subprocess.py:93} INFO - Sending log: {'timestamp': '2025-05-31 17:51:16', 'level': 'ERROR', 'message': 'Payment gateway timeout'}
[2025-05-31T17:51:18.647+0000] {subprocess.py:93} INFO - Sending log: {'timestamp': '2025-05-31 17:51:18', 'level': 'ERROR', 'message': 'Payment gateway timeout'}
[2025-05-31T17:51:20.647+0000] {subprocess.py:93} INFO - Sending log: {'timestamp': '2025-05-31 17:51:20', 'level': 'ERROR', 'message': 'Payment gateway timeout'}
[2025-05-31T17:51:22.648+0000] {subprocess.py:93} INFO - Sending log: {'timestamp': '2025-05-31 17:51:22', 'level': 'INFO', 'message': 'User logged in'}
[2025-05-31T17:51:24.648+0000] {subprocess.py:93} INFO - Sending log: {'timestamp': '2025-05-31 17:51:24', 'level': 'ERROR', 'message': 'Database connection failed'}
[2025-05-31T17:51:26.645+0000] {subprocess.py:93} INFO - Sending log: {'timestamp': '2025-05-31 17:51:26', 'level': 'INFO', 'message': 'Page loaded'}
[2025-05-31T17:51:28.645+0000] {subprocess.py:93} INFO - Sending log: {'timestamp': '2025-05-31 17:51:28', 'level': 'WARNING', 'message': 'Slow response time'}
[2025-05-31T17:51:30.645+0000] {subprocess.py:93} INFO - Sending log: {'timestamp': '2025-05-31 17:51:30', 'level': 'ERROR', 'message': 'Database connection failed'}
[2025-05-31T17:51:32.646+0000] {subprocess.py:93} INFO - Sending log: {'timestamp': '2025-05-31 17:51:32', 'level': 'WARNING', 'message': 'High memory usage'}
[2025-05-31T17:51:34.646+0000] {subprocess.py:93} INFO - Sending log: {'timestamp': '2025-05-31 17:51:34', 'level': 'INFO', 'message': 'Page loaded'}
[2025-05-31T17:51:36.647+0000] {subprocess.py:93} INFO - Sending log: {'timestamp': '2025-05-31 17:51:36', 'level': 'INFO', 'message': 'User logged in'}
[2025-05-31T17:51:38.647+0000] {subprocess.py:93} INFO - Sending log: {'timestamp': '2025-05-31 17:51:38', 'level': 'WARNING', 'message': 'High memory usage'}
[2025-05-31T17:51:40.648+0000] {subprocess.py:93} INFO - Sending log: {'timestamp': '2025-05-31 17:51:40', 'level': 'ERROR', 'message': 'Payment gateway timeout'}
[2025-05-31T17:51:42.648+0000] {subprocess.py:93} INFO - Sending log: {'timestamp': '2025-05-31 17:51:42', 'level': 'ERROR', 'message': 'Payment gateway timeout'}
[2025-05-31T17:51:44.649+0000] {subprocess.py:93} INFO - Sending log: {'timestamp': '2025-05-31 17:51:44', 'level': 'ERROR', 'message': 'Payment gateway timeout'}
[2025-05-31T17:51:46.658+0000] {subprocess.py:93} INFO - Sending log: {'timestamp': '2025-05-31 17:51:46', 'level': 'WARNING', 'message': 'High memory usage'}
[2025-05-31T17:51:48.658+0000] {subprocess.py:93} INFO - Sending log: {'timestamp': '2025-05-31 17:51:48', 'level': 'WARNING', 'message': 'Slow response time'}
[2025-05-31T17:51:50.659+0000] {subprocess.py:93} INFO - Sending log: {'timestamp': '2025-05-31 17:51:50', 'level': 'WARNING', 'message': 'Slow response time'}
[2025-05-31T17:51:52.659+0000] {subprocess.py:93} INFO - Sending log: {'timestamp': '2025-05-31 17:51:52', 'level': 'WARNING', 'message': 'Slow response time'}
[2025-05-31T17:51:54.660+0000] {subprocess.py:93} INFO - Sending log: {'timestamp': '2025-05-31 17:51:54', 'level': 'INFO', 'message': 'Search executed'}
[2025-05-31T17:51:56.657+0000] {subprocess.py:93} INFO - Sending log: {'timestamp': '2025-05-31 17:51:56', 'level': 'ERROR', 'message': 'Payment gateway timeout'}
[2025-05-31T17:51:58.658+0000] {subprocess.py:93} INFO - Sending log: {'timestamp': '2025-05-31 17:51:58', 'level': 'ERROR', 'message': 'Payment gateway timeout'}
[2025-05-31T17:52:00.658+0000] {subprocess.py:93} INFO - Sending log: {'timestamp': '2025-05-31 17:52:00', 'level': 'INFO', 'message': 'Search executed'}
[2025-05-31T17:52:02.659+0000] {subprocess.py:93} INFO - Sending log: {'timestamp': '2025-05-31 17:52:02', 'level': 'INFO', 'message': 'User logged in'}
[2025-05-31T17:52:04.659+0000] {subprocess.py:93} INFO - Sending log: {'timestamp': '2025-05-31 17:52:04', 'level': 'INFO', 'message': 'Search executed'}
[2025-05-31T17:52:06.659+0000] {subprocess.py:93} INFO - Sending log: {'timestamp': '2025-05-31 17:52:06', 'level': 'INFO', 'message': 'Page loaded'}
[2025-05-31T17:52:08.660+0000] {subprocess.py:93} INFO - Sending log: {'timestamp': '2025-05-31 17:52:08', 'level': 'INFO', 'message': 'Search executed'}
[2025-05-31T17:52:10.660+0000] {subprocess.py:93} INFO - Sending log: {'timestamp': '2025-05-31 17:52:10', 'level': 'ERROR', 'message': 'Database connection failed'}
[2025-05-31T17:52:12.661+0000] {subprocess.py:93} INFO - Sending log: {'timestamp': '2025-05-31 17:52:12', 'level': 'WARNING', 'message': 'High memory usage'}
[2025-05-31T17:52:14.661+0000] {subprocess.py:93} INFO - Sending log: {'timestamp': '2025-05-31 17:52:14', 'level': 'ERROR', 'message': 'Payment gateway timeout'}
[2025-05-31T17:52:16.661+0000] {subprocess.py:93} INFO - Sending log: {'timestamp': '2025-05-31 17:52:16', 'level': 'ERROR', 'message': 'Database connection failed'}
[2025-05-31T17:52:18.687+0000] {subprocess.py:93} INFO - Sending log: {'timestamp': '2025-05-31 17:52:18', 'level': 'ERROR', 'message': 'Database connection failed'}
[2025-05-31T17:52:20.687+0000] {subprocess.py:93} INFO - Sending log: {'timestamp': '2025-05-31 17:52:20', 'level': 'ERROR', 'message': 'Database connection failed'}
[2025-05-31T17:52:22.688+0000] {subprocess.py:93} INFO - Sending log: {'timestamp': '2025-05-31 17:52:22', 'level': 'ERROR', 'message': 'Payment gateway timeout'}
[2025-05-31T17:52:24.688+0000] {subprocess.py:93} INFO - Sending log: {'timestamp': '2025-05-31 17:52:24', 'level': 'WARNING', 'message': 'High memory usage'}
[2025-05-31T17:52:26.646+0000] {subprocess.py:93} INFO - Sending log: {'timestamp': '2025-05-31 17:52:26', 'level': 'INFO', 'message': 'User logged in'}
[2025-05-31T17:52:28.646+0000] {subprocess.py:93} INFO - Sending log: {'timestamp': '2025-05-31 17:52:28', 'level': 'WARNING', 'message': 'Slow response time'}
[2025-05-31T17:52:30.647+0000] {subprocess.py:93} INFO - Sending log: {'timestamp': '2025-05-31 17:52:30', 'level': 'WARNING', 'message': 'High memory usage'}
[2025-05-31T17:52:32.647+0000] {subprocess.py:93} INFO - Sending log: {'timestamp': '2025-05-31 17:52:32', 'level': 'INFO', 'message': 'User logged in'}
[2025-05-31T17:52:34.648+0000] {subprocess.py:93} INFO - Sending log: {'timestamp': '2025-05-31 17:52:34', 'level': 'ERROR', 'message': 'Database connection failed'}
[2025-05-31T17:52:36.648+0000] {subprocess.py:93} INFO - Sending log: {'timestamp': '2025-05-31 17:52:36', 'level': 'INFO', 'message': 'Search executed'}
[2025-05-31T17:52:38.649+0000] {subprocess.py:93} INFO - Sending log: {'timestamp': '2025-05-31 17:52:38', 'level': 'INFO', 'message': 'User logged in'}
[2025-05-31T17:52:40.650+0000] {subprocess.py:93} INFO - Sending log: {'timestamp': '2025-05-31 17:52:40', 'level': 'INFO', 'message': 'Search executed'}
[2025-05-31T17:52:42.650+0000] {subprocess.py:93} INFO - Sending log: {'timestamp': '2025-05-31 17:52:42', 'level': 'INFO', 'message': 'Page loaded'}
[2025-05-31T17:52:44.651+0000] {subprocess.py:93} INFO - Sending log: {'timestamp': '2025-05-31 17:52:44', 'level': 'INFO', 'message': 'Page loaded'}
[2025-05-31T17:52:46.651+0000] {subprocess.py:93} INFO - Sending log: {'timestamp': '2025-05-31 17:52:46', 'level': 'INFO', 'message': 'Search executed'}
[2025-05-31T17:52:48.652+0000] {subprocess.py:93} INFO - Sending log: {'timestamp': '2025-05-31 17:52:48', 'level': 'ERROR', 'message': 'Database connection failed'}
[2025-05-31T17:52:50.653+0000] {subprocess.py:93} INFO - Sending log: {'timestamp': '2025-05-31 17:52:50', 'level': 'WARNING', 'message': 'High memory usage'}
[2025-05-31T17:52:52.653+0000] {subprocess.py:93} INFO - Sending log: {'timestamp': '2025-05-31 17:52:52', 'level': 'WARNING', 'message': 'High memory usage'}
[2025-05-31T17:52:54.388+0000] {local_task_job_runner.py:127} ERROR - Received SIGTERM. Terminating subprocesses
[2025-05-31T17:52:54.814+0000] {subprocess.py:93} INFO - Sending log: {'timestamp': '2025-05-31 17:52:54', 'level': 'WARNING', 'message': 'Slow response time'}
[2025-05-31T17:52:55.153+0000] {process_utils.py:132} INFO - Sending 15 to group 1099. PIDs of all processes in the group: [1104, 1099]
[2025-05-31T17:52:55.583+0000] {process_utils.py:87} INFO - Sending the signal 15 to group 1099
[2025-05-31T17:52:55.780+0000] {taskinstance.py:3092} ERROR - Received SIGTERM. Terminating subprocesses.
[2025-05-31T17:52:56.007+0000] {subprocess.py:104} INFO - Sending SIGTERM signal to process group
[2025-05-31T17:53:02.379+0000] {taskinstance.py:3310} ERROR - Task failed with exception
Traceback (most recent call last):
  File "/home/airflow/.local/lib/python3.12/site-packages/airflow/models/taskinstance.py", line 767, in _execute_task
    result = _execute_callable(context=context, **execute_callable_kwargs)
             ^^^^^^^^^^^^^^^^^^^^^^^^^^^^^^^^^^^^^^^^^^^^^^^^^^^^^^^^^^^^^
  File "/home/airflow/.local/lib/python3.12/site-packages/airflow/models/taskinstance.py", line 733, in _execute_callable
    return ExecutionCallableRunner(
           ^^^^^^^^^^^^^^^^^^^^^^^^
  File "/home/airflow/.local/lib/python3.12/site-packages/airflow/utils/operator_helpers.py", line 252, in run
    return self.func(*args, **kwargs)
           ^^^^^^^^^^^^^^^^^^^^^^^^^^
  File "/home/airflow/.local/lib/python3.12/site-packages/airflow/models/baseoperator.py", line 406, in wrapper
    return func(self, *args, **kwargs)
           ^^^^^^^^^^^^^^^^^^^^^^^^^^^
  File "/home/airflow/.local/lib/python3.12/site-packages/airflow/operators/bash.py", line 240, in execute
    result = self.subprocess_hook.run_command(
             ^^^^^^^^^^^^^^^^^^^^^^^^^^^^^^^^^
  File "/home/airflow/.local/lib/python3.12/site-packages/airflow/hooks/subprocess.py", line 91, in run_command
    for raw_line in iter(self.sub_process.stdout.readline, b""):
                    ^^^^^^^^^^^^^^^^^^^^^^^^^^^^^^^^^^^^^^^^^^^
  File "/home/airflow/.local/lib/python3.12/site-packages/airflow/models/taskinstance.py", line 3094, in signal_handler
    raise AirflowTaskTerminated("Task received SIGTERM signal")
airflow.exceptions.AirflowTaskTerminated: Task received SIGTERM signal
[2025-05-31T17:53:08.335+0000] {taskinstance.py:1225} INFO - Marking task as FAILED. dag_id=log_monitoring_dag, task_id=start_log_producer, run_id=scheduled__2025-05-31T17:00:00+00:00, execution_date=20250531T170000, start_date=20250531T172552, end_date=20250531T175306
[2025-05-31T17:53:10.769+0000] {taskinstance.py:340} INFO - ::group::Post task execution logs
[2025-05-31T17:53:10.941+0000] {process_utils.py:80} INFO - Process psutil.Process(pid=1099, status='terminated', exitcode=2, started='17:25:52') (1099) terminated with exit code 2
