[2025-05-31T14:29:47.027+0000] {local_task_job_runner.py:123} INFO - ::group::Pre task execution logs
[2025-05-31T14:29:47.052+0000] {taskinstance.py:2612} INFO - Dependencies all met for dep_context=non-requeueable deps ti=<TaskInstance: log_monitoring_dag.start_log_producer scheduled__2025-05-28T06:00:00+00:00 [queued]>
[2025-05-31T14:29:47.070+0000] {taskinstance.py:2612} INFO - Dependencies all met for dep_context=requeueable deps ti=<TaskInstance: log_monitoring_dag.start_log_producer scheduled__2025-05-28T06:00:00+00:00 [queued]>
[2025-05-31T14:29:47.071+0000] {taskinstance.py:2865} INFO - Starting attempt 2 of 2
[2025-05-31T14:29:47.101+0000] {taskinstance.py:2888} INFO - Executing <Task(BashOperator): start_log_producer> on 2025-05-28 06:00:00+00:00
[2025-05-31T14:29:47.134+0000] {logging_mixin.py:190} WARNING - /home/***/.local/lib/python3.12/site-packages/***/task/task_runner/standard_task_runner.py:70 DeprecationWarning: This process (pid=183) is multi-threaded, use of fork() may lead to deadlocks in the child.
[2025-05-31T14:29:47.139+0000] {standard_task_runner.py:72} INFO - Started process 195 to run task
[2025-05-31T14:29:47.133+0000] {standard_task_runner.py:104} INFO - Running: ['***', 'tasks', 'run', 'log_monitoring_dag', 'start_log_producer', 'scheduled__2025-05-28T06:00:00+00:00', '--job-id', '106', '--raw', '--subdir', 'DAGS_FOLDER/log_monitoring_dag.py', '--cfg-path', '/tmp/tmpizi8gqh9']
[2025-05-31T14:29:47.141+0000] {standard_task_runner.py:105} INFO - Job 106: Subtask start_log_producer
[2025-05-31T14:29:47.174+0000] {logging_mixin.py:190} WARNING - /home/***/.local/lib/python3.12/site-packages/***/settings.py:209 DeprecationWarning: The sql_alchemy_conn option in [core] has been moved to the sql_alchemy_conn option in [database] - the old setting has been used, but please update your config.
[2025-05-31T14:29:47.249+0000] {task_command.py:467} INFO - Running <TaskInstance: log_monitoring_dag.start_log_producer scheduled__2025-05-28T06:00:00+00:00 [running]> on host 1d31c4e9dbe9
[2025-05-31T14:29:47.252+0000] {logging_mixin.py:190} WARNING - /home/***/.local/lib/python3.12/site-packages/***/settings.py:470 DeprecationWarning: The sql_alchemy_conn option in [core] has been moved to the sql_alchemy_conn option in [database] - the old setting has been used, but please update your config.
[2025-05-31T14:29:47.722+0000] {taskinstance.py:3131} INFO - Exporting env vars: AIRFLOW_CTX_DAG_OWNER='***' AIRFLOW_CTX_DAG_ID='log_monitoring_dag' AIRFLOW_CTX_TASK_ID='start_log_producer' AIRFLOW_CTX_EXECUTION_DATE='2025-05-28T06:00:00+00:00' AIRFLOW_CTX_TRY_NUMBER='2' AIRFLOW_CTX_DAG_RUN_ID='scheduled__2025-05-28T06:00:00+00:00'
[2025-05-31T14:29:47.727+0000] {taskinstance.py:731} INFO - ::endgroup::
[2025-05-31T14:29:47.756+0000] {subprocess.py:63} INFO - Tmp dir root location: /tmp
[2025-05-31T14:29:47.758+0000] {subprocess.py:75} INFO - Running command: ['/usr/bin/bash', '-c', 'cd /opt/***/app && python -u log_producer.py']
[2025-05-31T14:29:47.775+0000] {subprocess.py:86} INFO - Output:
[2025-05-31T14:30:34.019+0000] {subprocess.py:93} INFO - Traceback (most recent call last):
[2025-05-31T14:30:34.413+0000] {subprocess.py:93} INFO -   File "/opt/***/app/log_producer.py", line 7, in <module>
[2025-05-31T14:30:34.809+0000] {subprocess.py:93} INFO -     producer = KafkaProducer(
[2025-05-31T14:30:35.027+0000] {subprocess.py:93} INFO -                ^^^^^^^^^^^^^^
[2025-05-31T14:30:35.030+0000] {subprocess.py:93} INFO -   File "/home/***/.local/lib/python3.12/site-packages/kafka/producer/kafka.py", line 481, in __init__
[2025-05-31T14:30:35.033+0000] {subprocess.py:93} INFO -     client = self.config['kafka_client'](
[2025-05-31T14:30:35.035+0000] {subprocess.py:93} INFO -              ^^^^^^^^^^^^^^^^^^^^^^^^^^^^
[2025-05-31T14:30:35.338+0000] {subprocess.py:93} INFO -   File "/home/***/.local/lib/python3.12/site-packages/kafka/client_async.py", line 262, in __init__
[2025-05-31T14:30:35.585+0000] {subprocess.py:93} INFO -     self.config['api_version'] = self.check_version()
[2025-05-31T14:30:35.827+0000] {subprocess.py:93} INFO -                                  ^^^^^^^^^^^^^^^^^^^^
[2025-05-31T14:30:35.857+0000] {subprocess.py:93} INFO -   File "/home/***/.local/lib/python3.12/site-packages/kafka/client_async.py", line 1074, in check_version
[2025-05-31T14:30:35.870+0000] {subprocess.py:93} INFO -     raise Errors.NoBrokersAvailable()
[2025-05-31T14:30:35.876+0000] {subprocess.py:93} INFO - kafka.errors.NoBrokersAvailable: NoBrokersAvailable
[2025-05-31T14:30:46.794+0000] {job.py:229} INFO - Heartbeat recovered after 17.36 seconds
[2025-05-31T14:31:04.435+0000] {job.py:229} INFO - Heartbeat recovered after 19.47 seconds
[2025-05-31T14:31:23.154+0000] {job.py:229} INFO - Heartbeat recovered after 21.32 seconds
[2025-05-31T14:31:24.991+0000] {subprocess.py:97} INFO - Command exited with return code 1
