[2025-06-01T18:07:50.302+0000] {local_task_job_runner.py:123} INFO - ::group::Pre task execution logs
[2025-06-01T18:08:04.731+0000] {taskinstance.py:2612} INFO - Dependencies all met for dep_context=non-requeueable deps ti=<TaskInstance: log_monitoring_dag.start_spark_consumer scheduled__2025-06-01T17:55:00+00:00 [queued]>
[2025-06-01T18:08:04.974+0000] {taskinstance.py:2612} INFO - Dependencies all met for dep_context=requeueable deps ti=<TaskInstance: log_monitoring_dag.start_spark_consumer scheduled__2025-06-01T17:55:00+00:00 [queued]>
[2025-06-01T18:08:04.975+0000] {taskinstance.py:2865} INFO - Starting attempt 1 of 2
[2025-06-01T18:08:05.347+0000] {taskinstance.py:2888} INFO - Executing <Task(BashOperator): start_spark_consumer> on 2025-06-01 17:55:00+00:00
[2025-06-01T18:08:05.356+0000] {standard_task_runner.py:104} INFO - Running: ['***', 'tasks', 'run', 'log_monitoring_dag', 'start_spark_consumer', 'scheduled__2025-06-01T17:55:00+00:00', '--job-id', '85', '--raw', '--subdir', 'DAGS_FOLDER/log_monitoring_dag.py', '--cfg-path', '/tmp/tmp3s_3zuoc']
[2025-06-01T18:08:05.356+0000] {logging_mixin.py:190} WARNING - /home/***/.local/lib/python3.12/site-packages/***/task/task_runner/standard_task_runner.py:70 DeprecationWarning: This process (pid=936) is multi-threaded, use of fork() may lead to deadlocks in the child.
[2025-06-01T18:08:06.188+0000] {standard_task_runner.py:105} INFO - Job 85: Subtask start_spark_consumer
[2025-06-01T18:08:06.189+0000] {standard_task_runner.py:72} INFO - Started process 938 to run task
[2025-06-01T18:08:10.426+0000] {logging_mixin.py:190} WARNING - /home/***/.local/lib/python3.12/site-packages/***/settings.py:209 DeprecationWarning: The sql_alchemy_conn option in [core] has been moved to the sql_alchemy_conn option in [database] - the old setting has been used, but please update your config.
[2025-06-01T18:08:22.796+0000] {job.py:229} INFO - Heartbeat recovered after 57.22 seconds
[2025-06-01T18:08:22.809+0000] {task_command.py:467} INFO - Running <TaskInstance: log_monitoring_dag.start_spark_consumer scheduled__2025-06-01T17:55:00+00:00 [running]> on host 61a0313acf02
[2025-06-01T18:08:22.811+0000] {logging_mixin.py:190} WARNING - /home/***/.local/lib/python3.12/site-packages/***/settings.py:470 DeprecationWarning: The sql_alchemy_conn option in [core] has been moved to the sql_alchemy_conn option in [database] - the old setting has been used, but please update your config.
[2025-06-01T18:08:23.656+0000] {taskinstance.py:3131} INFO - Exporting env vars: AIRFLOW_CTX_DAG_OWNER='***' AIRFLOW_CTX_DAG_ID='log_monitoring_dag' AIRFLOW_CTX_TASK_ID='start_spark_consumer' AIRFLOW_CTX_EXECUTION_DATE='2025-06-01T17:55:00+00:00' AIRFLOW_CTX_TRY_NUMBER='1' AIRFLOW_CTX_DAG_RUN_ID='scheduled__2025-06-01T17:55:00+00:00'
[2025-06-01T18:08:23.754+0000] {taskinstance.py:731} INFO - ::endgroup::
[2025-06-01T18:08:23.774+0000] {subprocess.py:63} INFO - Tmp dir root location: /tmp
[2025-06-01T18:08:24.795+0000] {subprocess.py:75} INFO - Running command: ['/usr/bin/bash', '-c', '\n            docker run --rm             --network realtime_log_monitoring_default             -v /opt/***/app:/app             bitnami/spark:3.3.0             spark-submit --packages org.apache.spark:spark-sql-kafka-0-10_2.12:3.2.0 /app/log_consumer.py\n        ']
[2025-06-01T18:08:24.806+0000] {subprocess.py:86} INFO - Output:
[2025-06-01T18:08:43.607+0000] {job.py:229} INFO - Heartbeat recovered after 14.51 seconds
[2025-06-01T18:10:22.934+0000] {job.py:229} INFO - Heartbeat recovered after 14.54 seconds
[2025-06-01T18:10:29.688+0000] {job.py:229} INFO - Heartbeat recovered after 12.23 seconds
[2025-06-01T18:12:21.977+0000] {job.py:229} INFO - Heartbeat recovered after 11.10 seconds
[2025-06-01T18:13:22.249+0000] {job.py:229} INFO - Heartbeat recovered after 13.93 seconds
[2025-06-01T18:13:44.528+0000] {job.py:229} INFO - Heartbeat recovered after 22.28 seconds
[2025-06-01T18:13:49.700+0000] {job.py:229} INFO - Heartbeat recovered after 17.93 seconds
[2025-06-01T18:14:51.765+0000] {job.py:229} INFO - Heartbeat recovered after 11.92 seconds
[2025-06-01T18:15:32.616+0000] {job.py:229} INFO - Heartbeat recovered after 41.75 seconds
[2025-06-01T18:15:39.047+0000] {job.py:229} INFO - Heartbeat recovered after 25.80 seconds
[2025-06-01T18:15:56.935+0000] {job.py:229} INFO - Heartbeat recovered after 10.99 seconds
[2025-06-01T18:16:08.813+0000] {job.py:229} INFO - Heartbeat recovered after 11.96 seconds
[2025-06-01T18:16:29.051+0000] {job.py:229} INFO - Heartbeat recovered after 20.41 seconds
[2025-06-01T18:16:48.026+0000] {job.py:229} INFO - Heartbeat recovered after 11.01 seconds
[2025-06-01T18:17:25.617+0000] {job.py:229} INFO - Heartbeat recovered after 37.82 seconds
[2025-06-01T18:17:51.874+0000] {job.py:229} INFO - Heartbeat recovered after 28.86 seconds
[2025-06-01T18:19:21.326+0000] {job.py:229} INFO - Heartbeat recovered after 64.58 seconds
[2025-06-01T18:19:56.214+0000] {job.py:229} INFO - Heartbeat recovered after 19.62 seconds
[2025-06-01T18:20:22.133+0000] {job.py:229} INFO - Heartbeat recovered after 27.06 seconds
[2025-06-01T18:21:34.587+0000] {subprocess.py:93} INFO - [38;5;6m [38;5;5m18:21:33.74 [0m
[2025-06-01T18:21:34.880+0000] {subprocess.py:93} INFO - [38;5;6m [38;5;5m18:21:34.58 [0m[1mWelcome to the Bitnami spark container[0m
[2025-06-01T18:21:34.902+0000] {subprocess.py:93} INFO - [38;5;6m [38;5;5m18:21:34.58 [0mSubscribe to project updates by watching [1mhttps://github.com/bitnami/containers[0m
[2025-06-01T18:21:34.939+0000] {subprocess.py:93} INFO - [38;5;6m [38;5;5m18:21:34.60 [0mSubmit issues and feature requests at [1mhttps://github.com/bitnami/containers/issues[0m
[2025-06-01T18:21:35.346+0000] {subprocess.py:93} INFO - [38;5;6m [38;5;5m18:21:34.60 [0m
[2025-06-01T18:21:39.363+0000] {subprocess.py:93} INFO - 
[2025-06-01T18:23:42.402+0000] {job.py:229} INFO - Heartbeat recovered after 70.09 seconds
[2025-06-01T18:23:48.124+0000] {job.py:229} INFO - Heartbeat recovered after 68.42 seconds
[2025-06-01T18:26:11.234+0000] {job.py:229} INFO - Heartbeat recovered after 72.00 seconds
[2025-06-01T18:26:24.841+0000] {job.py:229} INFO - Heartbeat recovered after 69.46 seconds
[2025-06-01T18:26:34.982+0000] {job.py:229} INFO - Heartbeat recovered after 10.52 seconds
[2025-06-01T18:27:05.756+0000] {job.py:229} INFO - Heartbeat recovered after 21.44 seconds
[2025-06-01T18:27:53.737+0000] {job.py:229} INFO - Heartbeat recovered after 58.91 seconds
[2025-06-01T18:29:30.145+0000] {job.py:229} INFO - Heartbeat recovered after 87.92 seconds
[2025-06-01T18:29:53.318+0000] {job.py:229} INFO - Heartbeat recovered after 94.49 seconds
[2025-06-01T18:30:06.706+0000] {job.py:229} INFO - Heartbeat recovered after 24.30 seconds
[2025-06-01T18:30:18.953+0000] {job.py:229} INFO - Heartbeat recovered after 12.55 seconds
[2025-06-01T18:30:32.191+0000] {job.py:229} INFO - Heartbeat recovered after 17.00 seconds
[2025-06-01T18:30:42.380+0000] {job.py:229} INFO - Heartbeat recovered after 16.16 seconds
[2025-06-01T18:30:58.145+0000] {job.py:229} INFO - Heartbeat recovered after 19.44 seconds
[2025-06-01T18:31:11.085+0000] {job.py:229} INFO - Heartbeat recovered after 18.31 seconds
[2025-06-01T18:33:08.938+0000] {job.py:229} INFO - Heartbeat recovered after 111.14 seconds
[2025-06-01T18:33:25.373+0000] {job.py:229} INFO - Heartbeat recovered after 109.80 seconds
[2025-06-01T18:33:43.589+0000] {subprocess.py:93} INFO - :: loading settings :: url = jar:file:/opt/bitnami/spark/jars/ivy-2.5.0.jar!/org/apache/ivy/core/settings/ivysettings.xml
[2025-06-01T18:33:48.364+0000] {subprocess.py:93} INFO - Ivy Default Cache set to: /opt/bitnami/spark/.ivy2/cache
[2025-06-01T18:33:48.407+0000] {subprocess.py:93} INFO - The jars for the packages stored in: /opt/bitnami/spark/.ivy2/jars
[2025-06-01T18:33:48.413+0000] {subprocess.py:93} INFO - org.apache.spark#spark-sql-kafka-0-10_2.12 added as a dependency
[2025-06-01T18:33:48.470+0000] {subprocess.py:93} INFO - :: resolving dependencies :: org.apache.spark#spark-submit-parent-8667a26c-dda7-4da1-bf51-373b4cc688c9;1.0
[2025-06-01T18:33:48.475+0000] {subprocess.py:93} INFO - 	confs: [default]
[2025-06-01T18:35:27.933+0000] {job.py:229} INFO - Heartbeat recovered after 100.99 seconds
[2025-06-01T18:35:55.501+0000] {job.py:229} INFO - Heartbeat recovered after 117.28 seconds
[2025-06-01T18:37:29.886+0000] {job.py:229} INFO - Heartbeat recovered after 94.99 seconds
[2025-06-01T18:37:40.765+0000] {subprocess.py:93} INFO - You probably access the destination server through a proxy server that is not well configured.
[2025-06-01T18:37:41.742+0000] {subprocess.py:93} INFO - You probably access the destination server through a proxy server that is not well configured.
[2025-06-01T18:37:51.183+0000] {job.py:229} INFO - Heartbeat recovered after 23.32 seconds
[2025-06-01T18:37:56.935+0000] {subprocess.py:93} INFO - You probably access the destination server through a proxy server that is not well configured.
[2025-06-01T18:37:57.399+0000] {subprocess.py:93} INFO - You probably access the destination server through a proxy server that is not well configured.
[2025-06-01T18:37:58.123+0000] {subprocess.py:93} INFO - :: resolution report :: resolve 245072ms :: artifacts dl 0ms
[2025-06-01T18:37:58.350+0000] {subprocess.py:93} INFO - 	:: modules in use:
[2025-06-01T18:37:58.526+0000] {subprocess.py:93} INFO - 	---------------------------------------------------------------------
[2025-06-01T18:37:59.796+0000] {subprocess.py:93} INFO - 	|                  |            modules            ||   artifacts   |
[2025-06-01T18:38:00.193+0000] {subprocess.py:93} INFO - 	|       conf       | number| search|dwnlded|evicted|| number|dwnlded|
[2025-06-01T18:38:01.763+0000] {subprocess.py:93} INFO - 	---------------------------------------------------------------------
[2025-06-01T18:38:01.763+0000] {subprocess.py:93} INFO - 	|      default     |   1   |   0   |   0   |   0   ||   0   |   0   |
[2025-06-01T18:38:01.792+0000] {subprocess.py:93} INFO - 	---------------------------------------------------------------------
[2025-06-01T18:38:01.793+0000] {subprocess.py:93} INFO - 
[2025-06-01T18:38:01.793+0000] {subprocess.py:93} INFO - :: problems summary ::
[2025-06-01T18:38:01.845+0000] {subprocess.py:93} INFO - :::: WARNINGS
[2025-06-01T18:38:01.968+0000] {subprocess.py:93} INFO - 	Host repo1.maven.org not found. url=https://repo1.maven.org/maven2/org/apache/spark/spark-sql-kafka-0-10_2.12/3.2.0/spark-sql-kafka-0-10_2.12-3.2.0.pom
[2025-06-01T18:38:02.061+0000] {subprocess.py:93} INFO - 
[2025-06-01T18:38:02.605+0000] {subprocess.py:93} INFO - 	Host repo1.maven.org not found. url=https://repo1.maven.org/maven2/org/apache/spark/spark-sql-kafka-0-10_2.12/3.2.0/spark-sql-kafka-0-10_2.12-3.2.0.jar
[2025-06-01T18:38:02.801+0000] {subprocess.py:93} INFO - 
[2025-06-01T18:38:02.928+0000] {subprocess.py:93} INFO - 	Host repos.spark-packages.org not found. url=https://repos.spark-packages.org/org/apache/spark/spark-sql-kafka-0-10_2.12/3.2.0/spark-sql-kafka-0-10_2.12-3.2.0.pom
[2025-06-01T18:38:02.960+0000] {subprocess.py:93} INFO - 
[2025-06-01T18:38:02.961+0000] {subprocess.py:93} INFO - 	Host repos.spark-packages.org not found. url=https://repos.spark-packages.org/org/apache/spark/spark-sql-kafka-0-10_2.12/3.2.0/spark-sql-kafka-0-10_2.12-3.2.0.jar
[2025-06-01T18:38:02.961+0000] {subprocess.py:93} INFO - 
[2025-06-01T18:38:03.084+0000] {subprocess.py:93} INFO - 		module not found: org.apache.spark#spark-sql-kafka-0-10_2.12;3.2.0
[2025-06-01T18:38:03.202+0000] {subprocess.py:93} INFO - 
[2025-06-01T18:38:03.209+0000] {subprocess.py:93} INFO - 	==== local-m2-cache: tried
[2025-06-01T18:38:03.221+0000] {subprocess.py:93} INFO - 
[2025-06-01T18:38:03.222+0000] {subprocess.py:93} INFO - 	  file:/opt/bitnami/spark/.m2/repository/org/apache/spark/spark-sql-kafka-0-10_2.12/3.2.0/spark-sql-kafka-0-10_2.12-3.2.0.pom
[2025-06-01T18:38:03.232+0000] {subprocess.py:93} INFO - 
[2025-06-01T18:38:03.232+0000] {subprocess.py:93} INFO - 	  -- artifact org.apache.spark#spark-sql-kafka-0-10_2.12;3.2.0!spark-sql-kafka-0-10_2.12.jar:
[2025-06-01T18:38:03.233+0000] {subprocess.py:93} INFO - 
[2025-06-01T18:38:03.234+0000] {subprocess.py:93} INFO - 	  file:/opt/bitnami/spark/.m2/repository/org/apache/spark/spark-sql-kafka-0-10_2.12/3.2.0/spark-sql-kafka-0-10_2.12-3.2.0.jar
[2025-06-01T18:38:03.234+0000] {subprocess.py:93} INFO - 
[2025-06-01T18:38:03.237+0000] {subprocess.py:93} INFO - 	==== local-ivy-cache: tried
[2025-06-01T18:38:03.238+0000] {subprocess.py:93} INFO - 
[2025-06-01T18:38:03.259+0000] {subprocess.py:93} INFO - 	  /opt/bitnami/spark/.ivy2/local/org.apache.spark/spark-sql-kafka-0-10_2.12/3.2.0/ivys/ivy.xml
[2025-06-01T18:38:03.264+0000] {subprocess.py:93} INFO - 
[2025-06-01T18:38:03.282+0000] {subprocess.py:93} INFO - 	  -- artifact org.apache.spark#spark-sql-kafka-0-10_2.12;3.2.0!spark-sql-kafka-0-10_2.12.jar:
[2025-06-01T18:38:03.283+0000] {subprocess.py:93} INFO - 
[2025-06-01T18:38:03.283+0000] {subprocess.py:93} INFO - 	  /opt/bitnami/spark/.ivy2/local/org.apache.spark/spark-sql-kafka-0-10_2.12/3.2.0/jars/spark-sql-kafka-0-10_2.12.jar
[2025-06-01T18:38:03.284+0000] {subprocess.py:93} INFO - 
[2025-06-01T18:38:03.284+0000] {subprocess.py:93} INFO - 	==== central: tried
[2025-06-01T18:38:03.284+0000] {subprocess.py:93} INFO - 
[2025-06-01T18:38:03.285+0000] {subprocess.py:93} INFO - 	  https://repo1.maven.org/maven2/org/apache/spark/spark-sql-kafka-0-10_2.12/3.2.0/spark-sql-kafka-0-10_2.12-3.2.0.pom
[2025-06-01T18:38:03.285+0000] {subprocess.py:93} INFO - 
[2025-06-01T18:38:03.286+0000] {subprocess.py:93} INFO - 	  -- artifact org.apache.spark#spark-sql-kafka-0-10_2.12;3.2.0!spark-sql-kafka-0-10_2.12.jar:
[2025-06-01T18:38:03.286+0000] {subprocess.py:93} INFO - 
[2025-06-01T18:38:03.286+0000] {subprocess.py:93} INFO - 	  https://repo1.maven.org/maven2/org/apache/spark/spark-sql-kafka-0-10_2.12/3.2.0/spark-sql-kafka-0-10_2.12-3.2.0.jar
[2025-06-01T18:38:03.287+0000] {subprocess.py:93} INFO - 
[2025-06-01T18:38:03.287+0000] {subprocess.py:93} INFO - 	==== spark-packages: tried
[2025-06-01T18:38:03.287+0000] {subprocess.py:93} INFO - 
[2025-06-01T18:38:03.323+0000] {subprocess.py:93} INFO - 	  https://repos.spark-packages.org/org/apache/spark/spark-sql-kafka-0-10_2.12/3.2.0/spark-sql-kafka-0-10_2.12-3.2.0.pom
[2025-06-01T18:38:03.323+0000] {subprocess.py:93} INFO - 
[2025-06-01T18:38:03.324+0000] {subprocess.py:93} INFO - 	  -- artifact org.apache.spark#spark-sql-kafka-0-10_2.12;3.2.0!spark-sql-kafka-0-10_2.12.jar:
[2025-06-01T18:38:03.364+0000] {subprocess.py:93} INFO - 
[2025-06-01T18:38:03.365+0000] {subprocess.py:93} INFO - 	  https://repos.spark-packages.org/org/apache/spark/spark-sql-kafka-0-10_2.12/3.2.0/spark-sql-kafka-0-10_2.12-3.2.0.jar
[2025-06-01T18:38:03.755+0000] {subprocess.py:93} INFO - 
[2025-06-01T18:38:03.799+0000] {subprocess.py:93} INFO - 		::::::::::::::::::::::::::::::::::::::::::::::
[2025-06-01T18:38:03.800+0000] {subprocess.py:93} INFO - 
[2025-06-01T18:38:03.819+0000] {subprocess.py:93} INFO - 		::          UNRESOLVED DEPENDENCIES         ::
[2025-06-01T18:38:03.851+0000] {subprocess.py:93} INFO - 
[2025-06-01T18:38:03.855+0000] {subprocess.py:93} INFO - 		::::::::::::::::::::::::::::::::::::::::::::::
[2025-06-01T18:38:03.856+0000] {subprocess.py:93} INFO - 
[2025-06-01T18:38:03.857+0000] {subprocess.py:93} INFO - 		:: org.apache.spark#spark-sql-kafka-0-10_2.12;3.2.0: not found
[2025-06-01T18:38:03.858+0000] {subprocess.py:93} INFO - 
[2025-06-01T18:38:03.859+0000] {subprocess.py:93} INFO - 		::::::::::::::::::::::::::::::::::::::::::::::
[2025-06-01T18:38:03.860+0000] {subprocess.py:93} INFO - 
[2025-06-01T18:38:03.861+0000] {subprocess.py:93} INFO - 
[2025-06-01T18:38:03.861+0000] {subprocess.py:93} INFO - 
[2025-06-01T18:38:03.862+0000] {subprocess.py:93} INFO - :: USE VERBOSE OR DEBUG MESSAGE LEVEL FOR MORE DETAILS
[2025-06-01T18:38:03.862+0000] {subprocess.py:93} INFO - Exception in thread "main" java.lang.RuntimeException: [unresolved dependency: org.apache.spark#spark-sql-kafka-0-10_2.12;3.2.0: not found]
[2025-06-01T18:38:03.880+0000] {subprocess.py:93} INFO - 	at org.apache.spark.deploy.SparkSubmitUtils$.resolveMavenCoordinates(SparkSubmit.scala:1456)
[2025-06-01T18:38:03.898+0000] {subprocess.py:93} INFO - 	at org.apache.spark.util.DependencyUtils$.resolveMavenDependencies(DependencyUtils.scala:185)
[2025-06-01T18:38:03.899+0000] {subprocess.py:93} INFO - 	at org.apache.spark.deploy.SparkSubmit.prepareSubmitEnvironment(SparkSubmit.scala:308)
[2025-06-01T18:38:03.900+0000] {subprocess.py:93} INFO - 	at org.apache.spark.deploy.SparkSubmit.org$apache$spark$deploy$SparkSubmit$$runMain(SparkSubmit.scala:901)
[2025-06-01T18:38:03.916+0000] {subprocess.py:93} INFO - 	at org.apache.spark.deploy.SparkSubmit.doRunMain$1(SparkSubmit.scala:180)
[2025-06-01T18:38:03.917+0000] {subprocess.py:93} INFO - 	at org.apache.spark.deploy.SparkSubmit.submit(SparkSubmit.scala:203)
[2025-06-01T18:38:03.917+0000] {subprocess.py:93} INFO - 	at org.apache.spark.deploy.SparkSubmit.doSubmit(SparkSubmit.scala:90)
[2025-06-01T18:38:03.938+0000] {subprocess.py:93} INFO - 	at org.apache.spark.deploy.SparkSubmit$$anon$2.doSubmit(SparkSubmit.scala:1046)
[2025-06-01T18:38:03.939+0000] {subprocess.py:93} INFO - 	at org.apache.spark.deploy.SparkSubmit$.main(SparkSubmit.scala:1055)
[2025-06-01T18:38:03.939+0000] {subprocess.py:93} INFO - 	at org.apache.spark.deploy.SparkSubmit.main(SparkSubmit.scala)
[2025-06-01T18:39:29.773+0000] {subprocess.py:97} INFO - Command exited with return code 1
[2025-06-01T18:39:51.271+0000] {taskinstance.py:3310} ERROR - Task failed with exception
Traceback (most recent call last):
  File "/home/airflow/.local/lib/python3.12/site-packages/airflow/models/taskinstance.py", line 767, in _execute_task
    result = _execute_callable(context=context, **execute_callable_kwargs)
             ^^^^^^^^^^^^^^^^^^^^^^^^^^^^^^^^^^^^^^^^^^^^^^^^^^^^^^^^^^^^^
  File "/home/airflow/.local/lib/python3.12/site-packages/airflow/models/taskinstance.py", line 733, in _execute_callable
    return ExecutionCallableRunner(
           ^^^^^^^^^^^^^^^^^^^^^^^^
  File "/home/airflow/.local/lib/python3.12/site-packages/airflow/utils/operator_helpers.py", line 252, in run
    return self.func(*args, **kwargs)
           ^^^^^^^^^^^^^^^^^^^^^^^^^^
  File "/home/airflow/.local/lib/python3.12/site-packages/airflow/models/baseoperator.py", line 406, in wrapper
    return func(self, *args, **kwargs)
           ^^^^^^^^^^^^^^^^^^^^^^^^^^^
  File "/home/airflow/.local/lib/python3.12/site-packages/airflow/operators/bash.py", line 249, in execute
    raise AirflowException(
airflow.exceptions.AirflowException: Bash command failed. The command returned a non-zero exit code 1.
[2025-06-01T18:39:56.624+0000] {taskinstance.py:1225} INFO - Marking task as UP_FOR_RETRY. dag_id=log_monitoring_dag, task_id=start_spark_consumer, run_id=scheduled__2025-06-01T17:55:00+00:00, execution_date=20250601T175500, start_date=20250601T180804, end_date=20250601T183956
[2025-06-01T18:40:03.322+0000] {taskinstance.py:340} INFO - ::group::Post task execution logs
[2025-06-01T18:40:03.678+0000] {standard_task_runner.py:124} ERROR - Failed to execute job 85 for task start_spark_consumer (Bash command failed. The command returned a non-zero exit code 1.; 938)
Traceback (most recent call last):
  File "/home/airflow/.local/lib/python3.12/site-packages/airflow/task/task_runner/standard_task_runner.py", line 117, in _start_by_fork
    ret = args.func(args, dag=self.dag)
          ^^^^^^^^^^^^^^^^^^^^^^^^^^^^^
  File "/home/airflow/.local/lib/python3.12/site-packages/airflow/cli/cli_config.py", line 49, in command
    return func(*args, **kwargs)
           ^^^^^^^^^^^^^^^^^^^^^
  File "/home/airflow/.local/lib/python3.12/site-packages/airflow/utils/cli.py", line 115, in wrapper
    return f(*args, **kwargs)
           ^^^^^^^^^^^^^^^^^^
  File "/home/airflow/.local/lib/python3.12/site-packages/airflow/cli/commands/task_command.py", line 483, in task_run
    task_return_code = _run_task_by_selected_method(args, _dag, ti)
                       ^^^^^^^^^^^^^^^^^^^^^^^^^^^^^^^^^^^^^^^^^^^^
  File "/home/airflow/.local/lib/python3.12/site-packages/airflow/cli/commands/task_command.py", line 256, in _run_task_by_selected_method
    return _run_raw_task(args, ti)
           ^^^^^^^^^^^^^^^^^^^^^^^
  File "/home/airflow/.local/lib/python3.12/site-packages/airflow/cli/commands/task_command.py", line 341, in _run_raw_task
    return ti._run_raw_task(
           ^^^^^^^^^^^^^^^^^
  File "/home/airflow/.local/lib/python3.12/site-packages/airflow/utils/session.py", line 97, in wrapper
    return func(*args, session=session, **kwargs)
           ^^^^^^^^^^^^^^^^^^^^^^^^^^^^^^^^^^^^^^
  File "/home/airflow/.local/lib/python3.12/site-packages/airflow/models/taskinstance.py", line 3004, in _run_raw_task
    return _run_raw_task(
           ^^^^^^^^^^^^^^
  File "/home/airflow/.local/lib/python3.12/site-packages/airflow/models/taskinstance.py", line 273, in _run_raw_task
    TaskInstance._execute_task_with_callbacks(
  File "/home/airflow/.local/lib/python3.12/site-packages/airflow/models/taskinstance.py", line 3158, in _execute_task_with_callbacks
    result = self._execute_task(context, task_orig)
             ^^^^^^^^^^^^^^^^^^^^^^^^^^^^^^^^^^^^^^
  File "/home/airflow/.local/lib/python3.12/site-packages/airflow/models/taskinstance.py", line 3182, in _execute_task
    return _execute_task(self, context, task_orig)
           ^^^^^^^^^^^^^^^^^^^^^^^^^^^^^^^^^^^^^^^
  File "/home/airflow/.local/lib/python3.12/site-packages/airflow/models/taskinstance.py", line 767, in _execute_task
    result = _execute_callable(context=context, **execute_callable_kwargs)
             ^^^^^^^^^^^^^^^^^^^^^^^^^^^^^^^^^^^^^^^^^^^^^^^^^^^^^^^^^^^^^
  File "/home/airflow/.local/lib/python3.12/site-packages/airflow/models/taskinstance.py", line 733, in _execute_callable
    return ExecutionCallableRunner(
           ^^^^^^^^^^^^^^^^^^^^^^^^
  File "/home/airflow/.local/lib/python3.12/site-packages/airflow/utils/operator_helpers.py", line 252, in run
    return self.func(*args, **kwargs)
           ^^^^^^^^^^^^^^^^^^^^^^^^^^
  File "/home/airflow/.local/lib/python3.12/site-packages/airflow/models/baseoperator.py", line 406, in wrapper
    return func(self, *args, **kwargs)
           ^^^^^^^^^^^^^^^^^^^^^^^^^^^
  File "/home/airflow/.local/lib/python3.12/site-packages/airflow/operators/bash.py", line 249, in execute
    raise AirflowException(
airflow.exceptions.AirflowException: Bash command failed. The command returned a non-zero exit code 1.
[2025-06-01T18:40:05.620+0000] {local_task_job_runner.py:266} INFO - Task exited with return code 1
[2025-06-01T18:40:08.485+0000] {standard_task_runner.py:217} INFO - Process not found (most likely exited), stop collecting metrics
[2025-06-01T18:40:18.889+0000] {taskinstance.py:3900} INFO - 0 downstream tasks scheduled from follow-on schedule check
[2025-06-01T18:40:20.141+0000] {local_task_job_runner.py:245} INFO - ::endgroup::
