[2025-05-31T17:26:32.505+0000] {local_task_job_runner.py:123} INFO - ::group::Pre task execution logs
[2025-05-31T17:26:32.525+0000] {taskinstance.py:2612} INFO - Dependencies all met for dep_context=non-requeueable deps ti=<TaskInstance: log_monitoring_dag.start_log_producer scheduled__2025-05-31T16:30:00+00:00 [queued]>
[2025-05-31T17:26:32.535+0000] {taskinstance.py:2612} INFO - Dependencies all met for dep_context=requeueable deps ti=<TaskInstance: log_monitoring_dag.start_log_producer scheduled__2025-05-31T16:30:00+00:00 [queued]>
[2025-05-31T17:26:32.536+0000] {taskinstance.py:2865} INFO - Starting attempt 2 of 2
[2025-05-31T17:26:32.658+0000] {taskinstance.py:2888} INFO - Executing <Task(BashOperator): start_log_producer> on 2025-05-31 16:30:00+00:00
[2025-05-31T17:26:32.667+0000] {logging_mixin.py:190} WARNING - /home/***/.local/lib/python3.12/site-packages/***/task/task_runner/standard_task_runner.py:70 DeprecationWarning: This process (pid=1113) is multi-threaded, use of fork() may lead to deadlocks in the child.
[2025-05-31T17:26:32.667+0000] {standard_task_runner.py:104} INFO - Running: ['***', 'tasks', 'run', 'log_monitoring_dag', 'start_log_producer', 'scheduled__2025-05-31T16:30:00+00:00', '--job-id', '233', '--raw', '--subdir', 'DAGS_FOLDER/log_monitoring_dag.py', '--cfg-path', '/tmp/tmpmr4jw643']
[2025-05-31T17:26:32.670+0000] {standard_task_runner.py:72} INFO - Started process 1119 to run task
[2025-05-31T17:26:32.670+0000] {standard_task_runner.py:105} INFO - Job 233: Subtask start_log_producer
[2025-05-31T17:26:32.691+0000] {logging_mixin.py:190} WARNING - /home/***/.local/lib/python3.12/site-packages/***/settings.py:209 DeprecationWarning: The sql_alchemy_conn option in [core] has been moved to the sql_alchemy_conn option in [database] - the old setting has been used, but please update your config.
[2025-05-31T17:26:32.731+0000] {task_command.py:467} INFO - Running <TaskInstance: log_monitoring_dag.start_log_producer scheduled__2025-05-31T16:30:00+00:00 [running]> on host 1d31c4e9dbe9
[2025-05-31T17:26:32.733+0000] {logging_mixin.py:190} WARNING - /home/***/.local/lib/python3.12/site-packages/***/settings.py:470 DeprecationWarning: The sql_alchemy_conn option in [core] has been moved to the sql_alchemy_conn option in [database] - the old setting has been used, but please update your config.
[2025-05-31T17:26:32.888+0000] {taskinstance.py:3131} INFO - Exporting env vars: AIRFLOW_CTX_DAG_OWNER='***' AIRFLOW_CTX_DAG_ID='log_monitoring_dag' AIRFLOW_CTX_TASK_ID='start_log_producer' AIRFLOW_CTX_EXECUTION_DATE='2025-05-31T16:30:00+00:00' AIRFLOW_CTX_TRY_NUMBER='2' AIRFLOW_CTX_DAG_RUN_ID='scheduled__2025-05-31T16:30:00+00:00'
[2025-05-31T17:26:32.890+0000] {taskinstance.py:731} INFO - ::endgroup::
[2025-05-31T17:26:32.912+0000] {subprocess.py:63} INFO - Tmp dir root location: /tmp
[2025-05-31T17:26:32.931+0000] {subprocess.py:75} INFO - Running command: ['/usr/bin/bash', '-c', 'cd /opt/***/app && python -u log_producer.py']
[2025-05-31T17:26:33.111+0000] {subprocess.py:86} INFO - Output:
[2025-05-31T17:26:43.538+0000] {subprocess.py:93} INFO - Sending log: {'timestamp': '2025-05-31 17:26:43', 'level': 'WARNING', 'message': 'High memory usage'}
[2025-05-31T17:26:45.830+0000] {subprocess.py:93} INFO - Sending log: {'timestamp': '2025-05-31 17:26:45', 'level': 'INFO', 'message': 'Page loaded'}
[2025-05-31T17:26:47.871+0000] {subprocess.py:93} INFO - Sending log: {'timestamp': '2025-05-31 17:26:47', 'level': 'ERROR', 'message': 'Database connection failed'}
[2025-05-31T17:26:50.076+0000] {subprocess.py:93} INFO - Sending log: {'timestamp': '2025-05-31 17:26:50', 'level': 'ERROR', 'message': 'Payment gateway timeout'}
[2025-05-31T17:26:52.263+0000] {subprocess.py:93} INFO - Sending log: {'timestamp': '2025-05-31 17:26:52', 'level': 'WARNING', 'message': 'Slow response time'}
[2025-05-31T17:26:54.497+0000] {subprocess.py:93} INFO - Sending log: {'timestamp': '2025-05-31 17:26:54', 'level': 'ERROR', 'message': 'Database connection failed'}
[2025-05-31T17:26:56.559+0000] {subprocess.py:93} INFO - Sending log: {'timestamp': '2025-05-31 17:26:56', 'level': 'INFO', 'message': 'User logged in'}
[2025-05-31T17:26:58.489+0000] {subprocess.py:93} INFO - Sending log: {'timestamp': '2025-05-31 17:26:58', 'level': 'INFO', 'message': 'Page loaded'}
[2025-05-31T17:27:00.491+0000] {subprocess.py:93} INFO - Sending log: {'timestamp': '2025-05-31 17:27:00', 'level': 'WARNING', 'message': 'High memory usage'}
[2025-05-31T17:27:02.775+0000] {subprocess.py:93} INFO - Sending log: {'timestamp': '2025-05-31 17:27:02', 'level': 'INFO', 'message': 'Page loaded'}
[2025-05-31T17:27:04.796+0000] {subprocess.py:93} INFO - Sending log: {'timestamp': '2025-05-31 17:27:04', 'level': 'WARNING', 'message': 'High memory usage'}
[2025-05-31T17:27:07.029+0000] {subprocess.py:93} INFO - Sending log: {'timestamp': '2025-05-31 17:27:07', 'level': 'INFO', 'message': 'User logged in'}
[2025-05-31T17:27:09.033+0000] {subprocess.py:93} INFO - Sending log: {'timestamp': '2025-05-31 17:27:09', 'level': 'ERROR', 'message': 'Payment gateway timeout'}
[2025-05-31T17:27:11.205+0000] {subprocess.py:93} INFO - Sending log: {'timestamp': '2025-05-31 17:27:11', 'level': 'WARNING', 'message': 'High memory usage'}
[2025-05-31T17:27:12.846+0000] {job.py:229} INFO - Heartbeat recovered after 16.83 seconds
[2025-05-31T17:27:13.139+0000] {subprocess.py:93} INFO - Sending log: {'timestamp': '2025-05-31 17:27:13', 'level': 'ERROR', 'message': 'Payment gateway timeout'}
[2025-05-31T17:27:14.915+0000] {subprocess.py:93} INFO - Sending log: {'timestamp': '2025-05-31 17:27:14', 'level': 'ERROR', 'message': 'Database connection failed'}
[2025-05-31T17:27:17.068+0000] {subprocess.py:93} INFO - Sending log: {'timestamp': '2025-05-31 17:27:17', 'level': 'ERROR', 'message': 'Database connection failed'}
[2025-05-31T17:27:19.068+0000] {subprocess.py:93} INFO - Sending log: {'timestamp': '2025-05-31 17:27:19', 'level': 'WARNING', 'message': 'High memory usage'}
[2025-05-31T17:27:21.123+0000] {subprocess.py:93} INFO - Sending log: {'timestamp': '2025-05-31 17:27:21', 'level': 'INFO', 'message': 'Search executed'}
[2025-05-31T17:27:23.142+0000] {subprocess.py:93} INFO - Sending log: {'timestamp': '2025-05-31 17:27:23', 'level': 'ERROR', 'message': 'Payment gateway timeout'}
[2025-05-31T17:27:25.143+0000] {subprocess.py:93} INFO - Sending log: {'timestamp': '2025-05-31 17:27:25', 'level': 'INFO', 'message': 'Page loaded'}
[2025-05-31T17:27:27.143+0000] {subprocess.py:93} INFO - Sending log: {'timestamp': '2025-05-31 17:27:27', 'level': 'ERROR', 'message': 'Database connection failed'}
[2025-05-31T17:27:29.144+0000] {subprocess.py:93} INFO - Sending log: {'timestamp': '2025-05-31 17:27:29', 'level': 'WARNING', 'message': 'High memory usage'}
[2025-05-31T17:27:31.157+0000] {subprocess.py:93} INFO - Sending log: {'timestamp': '2025-05-31 17:27:31', 'level': 'ERROR', 'message': 'Database connection failed'}
[2025-05-31T17:27:33.158+0000] {subprocess.py:93} INFO - Sending log: {'timestamp': '2025-05-31 17:27:33', 'level': 'INFO', 'message': 'Search executed'}
[2025-05-31T17:27:35.159+0000] {subprocess.py:93} INFO - Sending log: {'timestamp': '2025-05-31 17:27:35', 'level': 'ERROR', 'message': 'Database connection failed'}
[2025-05-31T17:27:37.160+0000] {subprocess.py:93} INFO - Sending log: {'timestamp': '2025-05-31 17:27:37', 'level': 'INFO', 'message': 'Page loaded'}
[2025-05-31T17:27:39.230+0000] {subprocess.py:93} INFO - Sending log: {'timestamp': '2025-05-31 17:27:39', 'level': 'ERROR', 'message': 'Database connection failed'}
[2025-05-31T17:27:41.230+0000] {subprocess.py:93} INFO - Sending log: {'timestamp': '2025-05-31 17:27:41', 'level': 'WARNING', 'message': 'High memory usage'}
[2025-05-31T17:27:43.231+0000] {subprocess.py:93} INFO - Sending log: {'timestamp': '2025-05-31 17:27:43', 'level': 'INFO', 'message': 'Page loaded'}
[2025-05-31T17:27:45.205+0000] {subprocess.py:93} INFO - Sending log: {'timestamp': '2025-05-31 17:27:45', 'level': 'ERROR', 'message': 'Database connection failed'}
[2025-05-31T17:27:47.206+0000] {subprocess.py:93} INFO - Sending log: {'timestamp': '2025-05-31 17:27:47', 'level': 'ERROR', 'message': 'Database connection failed'}
[2025-05-31T17:27:49.206+0000] {subprocess.py:93} INFO - Sending log: {'timestamp': '2025-05-31 17:27:49', 'level': 'ERROR', 'message': 'Payment gateway timeout'}
[2025-05-31T17:27:51.207+0000] {subprocess.py:93} INFO - Sending log: {'timestamp': '2025-05-31 17:27:51', 'level': 'INFO', 'message': 'Page loaded'}
[2025-05-31T17:27:53.208+0000] {subprocess.py:93} INFO - Sending log: {'timestamp': '2025-05-31 17:27:53', 'level': 'INFO', 'message': 'Page loaded'}
[2025-05-31T17:27:55.208+0000] {subprocess.py:93} INFO - Sending log: {'timestamp': '2025-05-31 17:27:55', 'level': 'INFO', 'message': 'User logged in'}
[2025-05-31T17:27:57.209+0000] {subprocess.py:93} INFO - Sending log: {'timestamp': '2025-05-31 17:27:57', 'level': 'WARNING', 'message': 'Slow response time'}
[2025-05-31T17:27:59.209+0000] {subprocess.py:93} INFO - Sending log: {'timestamp': '2025-05-31 17:27:59', 'level': 'ERROR', 'message': 'Payment gateway timeout'}
[2025-05-31T17:28:01.209+0000] {subprocess.py:93} INFO - Sending log: {'timestamp': '2025-05-31 17:28:01', 'level': 'ERROR', 'message': 'Payment gateway timeout'}
[2025-05-31T17:28:03.210+0000] {subprocess.py:93} INFO - Sending log: {'timestamp': '2025-05-31 17:28:03', 'level': 'INFO', 'message': 'Page loaded'}
[2025-05-31T17:28:05.210+0000] {subprocess.py:93} INFO - Sending log: {'timestamp': '2025-05-31 17:28:05', 'level': 'ERROR', 'message': 'Database connection failed'}
[2025-05-31T17:28:07.211+0000] {subprocess.py:93} INFO - Sending log: {'timestamp': '2025-05-31 17:28:07', 'level': 'INFO', 'message': 'Page loaded'}
[2025-05-31T17:28:09.211+0000] {subprocess.py:93} INFO - Sending log: {'timestamp': '2025-05-31 17:28:09', 'level': 'INFO', 'message': 'Page loaded'}
[2025-05-31T17:28:11.212+0000] {subprocess.py:93} INFO - Sending log: {'timestamp': '2025-05-31 17:28:11', 'level': 'ERROR', 'message': 'Database connection failed'}
[2025-05-31T17:28:13.212+0000] {subprocess.py:93} INFO - Sending log: {'timestamp': '2025-05-31 17:28:13', 'level': 'ERROR', 'message': 'Payment gateway timeout'}
[2025-05-31T17:28:15.215+0000] {subprocess.py:93} INFO - Sending log: {'timestamp': '2025-05-31 17:28:15', 'level': 'ERROR', 'message': 'Payment gateway timeout'}
[2025-05-31T17:28:17.215+0000] {subprocess.py:93} INFO - Sending log: {'timestamp': '2025-05-31 17:28:17', 'level': 'ERROR', 'message': 'Payment gateway timeout'}
[2025-05-31T17:28:19.216+0000] {subprocess.py:93} INFO - Sending log: {'timestamp': '2025-05-31 17:28:19', 'level': 'WARNING', 'message': 'Slow response time'}
[2025-05-31T17:28:21.216+0000] {subprocess.py:93} INFO - Sending log: {'timestamp': '2025-05-31 17:28:21', 'level': 'INFO', 'message': 'User logged in'}
[2025-05-31T17:28:23.217+0000] {subprocess.py:93} INFO - Sending log: {'timestamp': '2025-05-31 17:28:23', 'level': 'ERROR', 'message': 'Database connection failed'}
[2025-05-31T17:28:25.217+0000] {subprocess.py:93} INFO - Sending log: {'timestamp': '2025-05-31 17:28:25', 'level': 'INFO', 'message': 'User logged in'}
[2025-05-31T17:28:27.218+0000] {subprocess.py:93} INFO - Sending log: {'timestamp': '2025-05-31 17:28:27', 'level': 'ERROR', 'message': 'Payment gateway timeout'}
[2025-05-31T17:28:29.218+0000] {subprocess.py:93} INFO - Sending log: {'timestamp': '2025-05-31 17:28:29', 'level': 'INFO', 'message': 'Page loaded'}
[2025-05-31T17:28:31.218+0000] {subprocess.py:93} INFO - Sending log: {'timestamp': '2025-05-31 17:28:31', 'level': 'WARNING', 'message': 'Slow response time'}
[2025-05-31T17:28:33.219+0000] {subprocess.py:93} INFO - Sending log: {'timestamp': '2025-05-31 17:28:33', 'level': 'ERROR', 'message': 'Payment gateway timeout'}
[2025-05-31T17:28:35.240+0000] {subprocess.py:93} INFO - Sending log: {'timestamp': '2025-05-31 17:28:35', 'level': 'WARNING', 'message': 'Slow response time'}
[2025-05-31T17:28:37.241+0000] {subprocess.py:93} INFO - Sending log: {'timestamp': '2025-05-31 17:28:37', 'level': 'ERROR', 'message': 'Database connection failed'}
[2025-05-31T17:28:39.241+0000] {subprocess.py:93} INFO - Sending log: {'timestamp': '2025-05-31 17:28:39', 'level': 'ERROR', 'message': 'Payment gateway timeout'}
[2025-05-31T17:28:41.241+0000] {subprocess.py:93} INFO - Sending log: {'timestamp': '2025-05-31 17:28:41', 'level': 'ERROR', 'message': 'Database connection failed'}
[2025-05-31T17:28:43.242+0000] {subprocess.py:93} INFO - Sending log: {'timestamp': '2025-05-31 17:28:43', 'level': 'ERROR', 'message': 'Database connection failed'}
[2025-05-31T17:28:45.242+0000] {subprocess.py:93} INFO - Sending log: {'timestamp': '2025-05-31 17:28:45', 'level': 'ERROR', 'message': 'Payment gateway timeout'}
[2025-05-31T17:28:47.243+0000] {subprocess.py:93} INFO - Sending log: {'timestamp': '2025-05-31 17:28:47', 'level': 'ERROR', 'message': 'Database connection failed'}
[2025-05-31T17:28:49.243+0000] {subprocess.py:93} INFO - Sending log: {'timestamp': '2025-05-31 17:28:49', 'level': 'ERROR', 'message': 'Database connection failed'}
[2025-05-31T17:28:51.244+0000] {subprocess.py:93} INFO - Sending log: {'timestamp': '2025-05-31 17:28:51', 'level': 'ERROR', 'message': 'Payment gateway timeout'}
[2025-05-31T17:28:53.244+0000] {subprocess.py:93} INFO - Sending log: {'timestamp': '2025-05-31 17:28:53', 'level': 'INFO', 'message': 'Search executed'}
[2025-05-31T17:28:55.244+0000] {subprocess.py:93} INFO - Sending log: {'timestamp': '2025-05-31 17:28:55', 'level': 'INFO', 'message': 'Search executed'}
[2025-05-31T17:28:57.245+0000] {subprocess.py:93} INFO - Sending log: {'timestamp': '2025-05-31 17:28:57', 'level': 'ERROR', 'message': 'Payment gateway timeout'}
[2025-05-31T17:28:59.245+0000] {subprocess.py:93} INFO - Sending log: {'timestamp': '2025-05-31 17:28:59', 'level': 'ERROR', 'message': 'Payment gateway timeout'}
[2025-05-31T17:29:01.246+0000] {subprocess.py:93} INFO - Sending log: {'timestamp': '2025-05-31 17:29:01', 'level': 'INFO', 'message': 'Search executed'}
[2025-05-31T17:29:03.246+0000] {subprocess.py:93} INFO - Sending log: {'timestamp': '2025-05-31 17:29:03', 'level': 'ERROR', 'message': 'Database connection failed'}
[2025-05-31T17:29:05.246+0000] {subprocess.py:93} INFO - Sending log: {'timestamp': '2025-05-31 17:29:05', 'level': 'ERROR', 'message': 'Database connection failed'}
[2025-05-31T17:29:07.247+0000] {subprocess.py:93} INFO - Sending log: {'timestamp': '2025-05-31 17:29:07', 'level': 'WARNING', 'message': 'Slow response time'}
[2025-05-31T17:29:09.247+0000] {subprocess.py:93} INFO - Sending log: {'timestamp': '2025-05-31 17:29:09', 'level': 'ERROR', 'message': 'Payment gateway timeout'}
[2025-05-31T17:29:11.248+0000] {subprocess.py:93} INFO - Sending log: {'timestamp': '2025-05-31 17:29:11', 'level': 'WARNING', 'message': 'Slow response time'}
[2025-05-31T17:29:13.248+0000] {subprocess.py:93} INFO - Sending log: {'timestamp': '2025-05-31 17:29:13', 'level': 'WARNING', 'message': 'Slow response time'}
[2025-05-31T17:29:15.248+0000] {subprocess.py:93} INFO - Sending log: {'timestamp': '2025-05-31 17:29:15', 'level': 'WARNING', 'message': 'Slow response time'}
[2025-05-31T17:29:17.248+0000] {subprocess.py:93} INFO - Sending log: {'timestamp': '2025-05-31 17:29:17', 'level': 'ERROR', 'message': 'Payment gateway timeout'}
[2025-05-31T17:29:19.249+0000] {subprocess.py:93} INFO - Sending log: {'timestamp': '2025-05-31 17:29:19', 'level': 'ERROR', 'message': 'Payment gateway timeout'}
[2025-05-31T17:29:21.249+0000] {subprocess.py:93} INFO - Sending log: {'timestamp': '2025-05-31 17:29:21', 'level': 'INFO', 'message': 'Search executed'}
[2025-05-31T17:29:23.250+0000] {subprocess.py:93} INFO - Sending log: {'timestamp': '2025-05-31 17:29:23', 'level': 'WARNING', 'message': 'High memory usage'}
[2025-05-31T17:29:25.250+0000] {subprocess.py:93} INFO - Sending log: {'timestamp': '2025-05-31 17:29:25', 'level': 'WARNING', 'message': 'Slow response time'}
[2025-05-31T17:29:27.251+0000] {subprocess.py:93} INFO - Sending log: {'timestamp': '2025-05-31 17:29:27', 'level': 'ERROR', 'message': 'Payment gateway timeout'}
[2025-05-31T17:29:29.251+0000] {subprocess.py:93} INFO - Sending log: {'timestamp': '2025-05-31 17:29:29', 'level': 'ERROR', 'message': 'Database connection failed'}
[2025-05-31T17:29:31.252+0000] {subprocess.py:93} INFO - Sending log: {'timestamp': '2025-05-31 17:29:31', 'level': 'INFO', 'message': 'Page loaded'}
[2025-05-31T17:29:33.252+0000] {subprocess.py:93} INFO - Sending log: {'timestamp': '2025-05-31 17:29:33', 'level': 'INFO', 'message': 'Page loaded'}
[2025-05-31T17:29:35.252+0000] {subprocess.py:93} INFO - Sending log: {'timestamp': '2025-05-31 17:29:35', 'level': 'ERROR', 'message': 'Payment gateway timeout'}
[2025-05-31T17:29:37.253+0000] {subprocess.py:93} INFO - Sending log: {'timestamp': '2025-05-31 17:29:37', 'level': 'INFO', 'message': 'Page loaded'}
[2025-05-31T17:29:39.253+0000] {subprocess.py:93} INFO - Sending log: {'timestamp': '2025-05-31 17:29:39', 'level': 'ERROR', 'message': 'Database connection failed'}
[2025-05-31T17:29:41.254+0000] {subprocess.py:93} INFO - Sending log: {'timestamp': '2025-05-31 17:29:41', 'level': 'INFO', 'message': 'Page loaded'}
[2025-05-31T17:29:43.254+0000] {subprocess.py:93} INFO - Sending log: {'timestamp': '2025-05-31 17:29:43', 'level': 'INFO', 'message': 'Search executed'}
[2025-05-31T17:29:45.253+0000] {subprocess.py:93} INFO - Sending log: {'timestamp': '2025-05-31 17:29:45', 'level': 'INFO', 'message': 'Page loaded'}
[2025-05-31T17:29:47.254+0000] {subprocess.py:93} INFO - Sending log: {'timestamp': '2025-05-31 17:29:47', 'level': 'WARNING', 'message': 'Slow response time'}
[2025-05-31T17:29:49.254+0000] {subprocess.py:93} INFO - Sending log: {'timestamp': '2025-05-31 17:29:49', 'level': 'WARNING', 'message': 'Slow response time'}
[2025-05-31T17:29:51.255+0000] {subprocess.py:93} INFO - Sending log: {'timestamp': '2025-05-31 17:29:51', 'level': 'ERROR', 'message': 'Payment gateway timeout'}
[2025-05-31T17:29:53.255+0000] {subprocess.py:93} INFO - Sending log: {'timestamp': '2025-05-31 17:29:53', 'level': 'INFO', 'message': 'Page loaded'}
[2025-05-31T17:29:55.256+0000] {subprocess.py:93} INFO - Sending log: {'timestamp': '2025-05-31 17:29:55', 'level': 'ERROR', 'message': 'Database connection failed'}
[2025-05-31T17:29:57.256+0000] {subprocess.py:93} INFO - Sending log: {'timestamp': '2025-05-31 17:29:57', 'level': 'INFO', 'message': 'Search executed'}
[2025-05-31T17:29:59.257+0000] {subprocess.py:93} INFO - Sending log: {'timestamp': '2025-05-31 17:29:59', 'level': 'WARNING', 'message': 'Slow response time'}
[2025-05-31T17:30:01.257+0000] {subprocess.py:93} INFO - Sending log: {'timestamp': '2025-05-31 17:30:01', 'level': 'WARNING', 'message': 'High memory usage'}
[2025-05-31T17:30:03.257+0000] {subprocess.py:93} INFO - Sending log: {'timestamp': '2025-05-31 17:30:03', 'level': 'ERROR', 'message': 'Payment gateway timeout'}
[2025-05-31T17:30:05.301+0000] {subprocess.py:93} INFO - Sending log: {'timestamp': '2025-05-31 17:30:05', 'level': 'ERROR', 'message': 'Payment gateway timeout'}
[2025-05-31T17:30:07.342+0000] {subprocess.py:93} INFO - Sending log: {'timestamp': '2025-05-31 17:30:07', 'level': 'WARNING', 'message': 'Slow response time'}
[2025-05-31T17:30:09.343+0000] {subprocess.py:93} INFO - Sending log: {'timestamp': '2025-05-31 17:30:09', 'level': 'ERROR', 'message': 'Database connection failed'}
[2025-05-31T17:30:11.343+0000] {subprocess.py:93} INFO - Sending log: {'timestamp': '2025-05-31 17:30:11', 'level': 'ERROR', 'message': 'Payment gateway timeout'}
[2025-05-31T17:30:13.344+0000] {subprocess.py:93} INFO - Sending log: {'timestamp': '2025-05-31 17:30:13', 'level': 'WARNING', 'message': 'High memory usage'}
[2025-05-31T17:30:15.343+0000] {subprocess.py:93} INFO - Sending log: {'timestamp': '2025-05-31 17:30:15', 'level': 'WARNING', 'message': 'High memory usage'}
[2025-05-31T17:30:17.344+0000] {subprocess.py:93} INFO - Sending log: {'timestamp': '2025-05-31 17:30:17', 'level': 'ERROR', 'message': 'Payment gateway timeout'}
[2025-05-31T17:30:19.344+0000] {subprocess.py:93} INFO - Sending log: {'timestamp': '2025-05-31 17:30:19', 'level': 'ERROR', 'message': 'Payment gateway timeout'}
[2025-05-31T17:30:21.344+0000] {subprocess.py:93} INFO - Sending log: {'timestamp': '2025-05-31 17:30:21', 'level': 'WARNING', 'message': 'Slow response time'}
[2025-05-31T17:30:23.345+0000] {subprocess.py:93} INFO - Sending log: {'timestamp': '2025-05-31 17:30:23', 'level': 'WARNING', 'message': 'High memory usage'}
[2025-05-31T17:30:25.345+0000] {subprocess.py:93} INFO - Sending log: {'timestamp': '2025-05-31 17:30:25', 'level': 'WARNING', 'message': 'Slow response time'}
[2025-05-31T17:30:27.346+0000] {subprocess.py:93} INFO - Sending log: {'timestamp': '2025-05-31 17:30:27', 'level': 'WARNING', 'message': 'High memory usage'}
[2025-05-31T17:30:29.346+0000] {subprocess.py:93} INFO - Sending log: {'timestamp': '2025-05-31 17:30:29', 'level': 'WARNING', 'message': 'High memory usage'}
[2025-05-31T17:30:31.347+0000] {subprocess.py:93} INFO - Sending log: {'timestamp': '2025-05-31 17:30:31', 'level': 'WARNING', 'message': 'High memory usage'}
[2025-05-31T17:30:33.347+0000] {subprocess.py:93} INFO - Sending log: {'timestamp': '2025-05-31 17:30:33', 'level': 'ERROR', 'message': 'Database connection failed'}
[2025-05-31T17:30:35.347+0000] {subprocess.py:93} INFO - Sending log: {'timestamp': '2025-05-31 17:30:35', 'level': 'INFO', 'message': 'User logged in'}
[2025-05-31T17:30:37.348+0000] {subprocess.py:93} INFO - Sending log: {'timestamp': '2025-05-31 17:30:37', 'level': 'INFO', 'message': 'User logged in'}
[2025-05-31T17:30:39.348+0000] {subprocess.py:93} INFO - Sending log: {'timestamp': '2025-05-31 17:30:39', 'level': 'WARNING', 'message': 'High memory usage'}
[2025-05-31T17:30:41.349+0000] {subprocess.py:93} INFO - Sending log: {'timestamp': '2025-05-31 17:30:41', 'level': 'INFO', 'message': 'User logged in'}
[2025-05-31T17:30:43.349+0000] {subprocess.py:93} INFO - Sending log: {'timestamp': '2025-05-31 17:30:43', 'level': 'INFO', 'message': 'Search executed'}
[2025-05-31T17:30:45.348+0000] {subprocess.py:93} INFO - Sending log: {'timestamp': '2025-05-31 17:30:45', 'level': 'WARNING', 'message': 'Slow response time'}
[2025-05-31T17:30:47.349+0000] {subprocess.py:93} INFO - Sending log: {'timestamp': '2025-05-31 17:30:47', 'level': 'INFO', 'message': 'Search executed'}
[2025-05-31T17:30:49.349+0000] {subprocess.py:93} INFO - Sending log: {'timestamp': '2025-05-31 17:30:49', 'level': 'ERROR', 'message': 'Payment gateway timeout'}
[2025-05-31T17:30:51.350+0000] {subprocess.py:93} INFO - Sending log: {'timestamp': '2025-05-31 17:30:51', 'level': 'WARNING', 'message': 'High memory usage'}
[2025-05-31T17:30:53.350+0000] {subprocess.py:93} INFO - Sending log: {'timestamp': '2025-05-31 17:30:53', 'level': 'WARNING', 'message': 'High memory usage'}
[2025-05-31T17:30:55.351+0000] {subprocess.py:93} INFO - Sending log: {'timestamp': '2025-05-31 17:30:55', 'level': 'ERROR', 'message': 'Payment gateway timeout'}
[2025-05-31T17:30:57.351+0000] {subprocess.py:93} INFO - Sending log: {'timestamp': '2025-05-31 17:30:57', 'level': 'WARNING', 'message': 'Slow response time'}
[2025-05-31T17:30:59.351+0000] {subprocess.py:93} INFO - Sending log: {'timestamp': '2025-05-31 17:30:59', 'level': 'ERROR', 'message': 'Database connection failed'}
[2025-05-31T17:31:01.352+0000] {subprocess.py:93} INFO - Sending log: {'timestamp': '2025-05-31 17:31:01', 'level': 'INFO', 'message': 'Search executed'}
[2025-05-31T17:31:03.352+0000] {subprocess.py:93} INFO - Sending log: {'timestamp': '2025-05-31 17:31:03', 'level': 'ERROR', 'message': 'Payment gateway timeout'}
[2025-05-31T17:31:05.353+0000] {subprocess.py:93} INFO - Sending log: {'timestamp': '2025-05-31 17:31:05', 'level': 'INFO', 'message': 'Page loaded'}
[2025-05-31T17:31:07.353+0000] {subprocess.py:93} INFO - Sending log: {'timestamp': '2025-05-31 17:31:07', 'level': 'ERROR', 'message': 'Payment gateway timeout'}
[2025-05-31T17:31:09.354+0000] {subprocess.py:93} INFO - Sending log: {'timestamp': '2025-05-31 17:31:09', 'level': 'WARNING', 'message': 'Slow response time'}
[2025-05-31T17:31:11.354+0000] {subprocess.py:93} INFO - Sending log: {'timestamp': '2025-05-31 17:31:11', 'level': 'ERROR', 'message': 'Database connection failed'}
[2025-05-31T17:31:13.354+0000] {subprocess.py:93} INFO - Sending log: {'timestamp': '2025-05-31 17:31:13', 'level': 'WARNING', 'message': 'Slow response time'}
[2025-05-31T17:31:15.354+0000] {subprocess.py:93} INFO - Sending log: {'timestamp': '2025-05-31 17:31:15', 'level': 'ERROR', 'message': 'Database connection failed'}
[2025-05-31T17:31:17.354+0000] {subprocess.py:93} INFO - Sending log: {'timestamp': '2025-05-31 17:31:17', 'level': 'INFO', 'message': 'Page loaded'}
[2025-05-31T17:31:19.354+0000] {subprocess.py:93} INFO - Sending log: {'timestamp': '2025-05-31 17:31:19', 'level': 'WARNING', 'message': 'Slow response time'}
[2025-05-31T17:31:21.355+0000] {subprocess.py:93} INFO - Sending log: {'timestamp': '2025-05-31 17:31:21', 'level': 'ERROR', 'message': 'Database connection failed'}
[2025-05-31T17:31:23.355+0000] {subprocess.py:93} INFO - Sending log: {'timestamp': '2025-05-31 17:31:23', 'level': 'ERROR', 'message': 'Payment gateway timeout'}
[2025-05-31T17:31:25.356+0000] {subprocess.py:93} INFO - Sending log: {'timestamp': '2025-05-31 17:31:25', 'level': 'ERROR', 'message': 'Payment gateway timeout'}
[2025-05-31T17:31:27.356+0000] {subprocess.py:93} INFO - Sending log: {'timestamp': '2025-05-31 17:31:27', 'level': 'WARNING', 'message': 'High memory usage'}
[2025-05-31T17:31:29.357+0000] {subprocess.py:93} INFO - Sending log: {'timestamp': '2025-05-31 17:31:29', 'level': 'WARNING', 'message': 'Slow response time'}
[2025-05-31T17:31:31.357+0000] {subprocess.py:93} INFO - Sending log: {'timestamp': '2025-05-31 17:31:31', 'level': 'INFO', 'message': 'User logged in'}
[2025-05-31T17:31:33.357+0000] {subprocess.py:93} INFO - Sending log: {'timestamp': '2025-05-31 17:31:33', 'level': 'ERROR', 'message': 'Payment gateway timeout'}
[2025-05-31T17:31:35.358+0000] {subprocess.py:93} INFO - Sending log: {'timestamp': '2025-05-31 17:31:35', 'level': 'WARNING', 'message': 'High memory usage'}
[2025-05-31T17:31:37.359+0000] {subprocess.py:93} INFO - Sending log: {'timestamp': '2025-05-31 17:31:37', 'level': 'INFO', 'message': 'Page loaded'}
[2025-05-31T17:31:39.359+0000] {subprocess.py:93} INFO - Sending log: {'timestamp': '2025-05-31 17:31:39', 'level': 'WARNING', 'message': 'Slow response time'}
[2025-05-31T17:31:41.359+0000] {subprocess.py:93} INFO - Sending log: {'timestamp': '2025-05-31 17:31:41', 'level': 'WARNING', 'message': 'High memory usage'}
[2025-05-31T17:31:43.360+0000] {subprocess.py:93} INFO - Sending log: {'timestamp': '2025-05-31 17:31:43', 'level': 'WARNING', 'message': 'High memory usage'}
[2025-05-31T17:31:45.374+0000] {subprocess.py:93} INFO - Sending log: {'timestamp': '2025-05-31 17:31:45', 'level': 'ERROR', 'message': 'Payment gateway timeout'}
[2025-05-31T17:31:47.374+0000] {subprocess.py:93} INFO - Sending log: {'timestamp': '2025-05-31 17:31:47', 'level': 'INFO', 'message': 'Search executed'}
[2025-05-31T17:31:49.375+0000] {subprocess.py:93} INFO - Sending log: {'timestamp': '2025-05-31 17:31:49', 'level': 'INFO', 'message': 'Page loaded'}
[2025-05-31T17:31:51.375+0000] {subprocess.py:93} INFO - Sending log: {'timestamp': '2025-05-31 17:31:51', 'level': 'INFO', 'message': 'Page loaded'}
[2025-05-31T17:31:53.376+0000] {subprocess.py:93} INFO - Sending log: {'timestamp': '2025-05-31 17:31:53', 'level': 'INFO', 'message': 'Search executed'}
[2025-05-31T17:31:55.376+0000] {subprocess.py:93} INFO - Sending log: {'timestamp': '2025-05-31 17:31:55', 'level': 'ERROR', 'message': 'Payment gateway timeout'}
[2025-05-31T17:31:57.376+0000] {subprocess.py:93} INFO - Sending log: {'timestamp': '2025-05-31 17:31:57', 'level': 'ERROR', 'message': 'Payment gateway timeout'}
[2025-05-31T17:31:59.377+0000] {subprocess.py:93} INFO - Sending log: {'timestamp': '2025-05-31 17:31:59', 'level': 'INFO', 'message': 'Search executed'}
[2025-05-31T17:32:01.377+0000] {subprocess.py:93} INFO - Sending log: {'timestamp': '2025-05-31 17:32:01', 'level': 'ERROR', 'message': 'Database connection failed'}
[2025-05-31T17:32:03.378+0000] {subprocess.py:93} INFO - Sending log: {'timestamp': '2025-05-31 17:32:03', 'level': 'INFO', 'message': 'User logged in'}
[2025-05-31T17:32:05.378+0000] {subprocess.py:93} INFO - Sending log: {'timestamp': '2025-05-31 17:32:05', 'level': 'ERROR', 'message': 'Payment gateway timeout'}
[2025-05-31T17:32:07.378+0000] {subprocess.py:93} INFO - Sending log: {'timestamp': '2025-05-31 17:32:07', 'level': 'WARNING', 'message': 'High memory usage'}
[2025-05-31T17:32:09.379+0000] {subprocess.py:93} INFO - Sending log: {'timestamp': '2025-05-31 17:32:09', 'level': 'ERROR', 'message': 'Database connection failed'}
[2025-05-31T17:32:11.379+0000] {subprocess.py:93} INFO - Sending log: {'timestamp': '2025-05-31 17:32:11', 'level': 'ERROR', 'message': 'Payment gateway timeout'}
[2025-05-31T17:32:13.380+0000] {subprocess.py:93} INFO - Sending log: {'timestamp': '2025-05-31 17:32:13', 'level': 'ERROR', 'message': 'Database connection failed'}
[2025-05-31T17:32:15.379+0000] {subprocess.py:93} INFO - Sending log: {'timestamp': '2025-05-31 17:32:15', 'level': 'INFO', 'message': 'User logged in'}
[2025-05-31T17:32:17.379+0000] {subprocess.py:93} INFO - Sending log: {'timestamp': '2025-05-31 17:32:17', 'level': 'INFO', 'message': 'User logged in'}
[2025-05-31T17:32:19.379+0000] {subprocess.py:93} INFO - Sending log: {'timestamp': '2025-05-31 17:32:19', 'level': 'INFO', 'message': 'User logged in'}
[2025-05-31T17:32:21.380+0000] {subprocess.py:93} INFO - Sending log: {'timestamp': '2025-05-31 17:32:21', 'level': 'WARNING', 'message': 'Slow response time'}
[2025-05-31T17:32:23.380+0000] {subprocess.py:93} INFO - Sending log: {'timestamp': '2025-05-31 17:32:23', 'level': 'ERROR', 'message': 'Payment gateway timeout'}
[2025-05-31T17:32:25.381+0000] {subprocess.py:93} INFO - Sending log: {'timestamp': '2025-05-31 17:32:25', 'level': 'WARNING', 'message': 'High memory usage'}
[2025-05-31T17:32:27.381+0000] {subprocess.py:93} INFO - Sending log: {'timestamp': '2025-05-31 17:32:27', 'level': 'INFO', 'message': 'Search executed'}
[2025-05-31T17:32:29.382+0000] {subprocess.py:93} INFO - Sending log: {'timestamp': '2025-05-31 17:32:29', 'level': 'WARNING', 'message': 'Slow response time'}
[2025-05-31T17:32:31.382+0000] {subprocess.py:93} INFO - Sending log: {'timestamp': '2025-05-31 17:32:31', 'level': 'ERROR', 'message': 'Database connection failed'}
[2025-05-31T17:32:33.382+0000] {subprocess.py:93} INFO - Sending log: {'timestamp': '2025-05-31 17:32:33', 'level': 'INFO', 'message': 'User logged in'}
[2025-05-31T17:32:35.383+0000] {subprocess.py:93} INFO - Sending log: {'timestamp': '2025-05-31 17:32:35', 'level': 'INFO', 'message': 'Page loaded'}
[2025-05-31T17:32:37.383+0000] {subprocess.py:93} INFO - Sending log: {'timestamp': '2025-05-31 17:32:37', 'level': 'ERROR', 'message': 'Database connection failed'}
[2025-05-31T17:32:39.384+0000] {subprocess.py:93} INFO - Sending log: {'timestamp': '2025-05-31 17:32:39', 'level': 'WARNING', 'message': 'Slow response time'}
[2025-05-31T17:32:41.384+0000] {subprocess.py:93} INFO - Sending log: {'timestamp': '2025-05-31 17:32:41', 'level': 'WARNING', 'message': 'Slow response time'}
[2025-05-31T17:32:43.385+0000] {subprocess.py:93} INFO - Sending log: {'timestamp': '2025-05-31 17:32:43', 'level': 'INFO', 'message': 'Page loaded'}
[2025-05-31T17:32:45.384+0000] {subprocess.py:93} INFO - Sending log: {'timestamp': '2025-05-31 17:32:45', 'level': 'ERROR', 'message': 'Database connection failed'}
[2025-05-31T17:32:47.384+0000] {subprocess.py:93} INFO - Sending log: {'timestamp': '2025-05-31 17:32:47', 'level': 'ERROR', 'message': 'Database connection failed'}
[2025-05-31T17:32:49.384+0000] {subprocess.py:93} INFO - Sending log: {'timestamp': '2025-05-31 17:32:49', 'level': 'INFO', 'message': 'User logged in'}
[2025-05-31T17:32:51.385+0000] {subprocess.py:93} INFO - Sending log: {'timestamp': '2025-05-31 17:32:51', 'level': 'ERROR', 'message': 'Payment gateway timeout'}
[2025-05-31T17:32:53.385+0000] {subprocess.py:93} INFO - Sending log: {'timestamp': '2025-05-31 17:32:53', 'level': 'WARNING', 'message': 'Slow response time'}
[2025-05-31T17:32:55.386+0000] {subprocess.py:93} INFO - Sending log: {'timestamp': '2025-05-31 17:32:55', 'level': 'INFO', 'message': 'Page loaded'}
[2025-05-31T17:32:57.386+0000] {subprocess.py:93} INFO - Sending log: {'timestamp': '2025-05-31 17:32:57', 'level': 'WARNING', 'message': 'High memory usage'}
[2025-05-31T17:32:59.387+0000] {subprocess.py:93} INFO - Sending log: {'timestamp': '2025-05-31 17:32:59', 'level': 'INFO', 'message': 'User logged in'}
[2025-05-31T17:33:01.387+0000] {subprocess.py:93} INFO - Sending log: {'timestamp': '2025-05-31 17:33:01', 'level': 'ERROR', 'message': 'Database connection failed'}
[2025-05-31T17:33:03.388+0000] {subprocess.py:93} INFO - Sending log: {'timestamp': '2025-05-31 17:33:03', 'level': 'ERROR', 'message': 'Database connection failed'}
[2025-05-31T17:33:05.388+0000] {subprocess.py:93} INFO - Sending log: {'timestamp': '2025-05-31 17:33:05', 'level': 'ERROR', 'message': 'Payment gateway timeout'}
[2025-05-31T17:33:07.388+0000] {subprocess.py:93} INFO - Sending log: {'timestamp': '2025-05-31 17:33:07', 'level': 'WARNING', 'message': 'High memory usage'}
[2025-05-31T17:33:09.389+0000] {subprocess.py:93} INFO - Sending log: {'timestamp': '2025-05-31 17:33:09', 'level': 'ERROR', 'message': 'Payment gateway timeout'}
[2025-05-31T17:33:11.389+0000] {subprocess.py:93} INFO - Sending log: {'timestamp': '2025-05-31 17:33:11', 'level': 'ERROR', 'message': 'Database connection failed'}
[2025-05-31T17:33:13.390+0000] {subprocess.py:93} INFO - Sending log: {'timestamp': '2025-05-31 17:33:13', 'level': 'INFO', 'message': 'Page loaded'}
[2025-05-31T17:33:15.389+0000] {subprocess.py:93} INFO - Sending log: {'timestamp': '2025-05-31 17:33:15', 'level': 'INFO', 'message': 'Page loaded'}
[2025-05-31T17:33:17.390+0000] {subprocess.py:93} INFO - Sending log: {'timestamp': '2025-05-31 17:33:17', 'level': 'WARNING', 'message': 'High memory usage'}
[2025-05-31T17:33:19.390+0000] {subprocess.py:93} INFO - Sending log: {'timestamp': '2025-05-31 17:33:19', 'level': 'WARNING', 'message': 'Slow response time'}
[2025-05-31T17:33:21.391+0000] {subprocess.py:93} INFO - Sending log: {'timestamp': '2025-05-31 17:33:21', 'level': 'ERROR', 'message': 'Database connection failed'}
[2025-05-31T17:33:23.391+0000] {subprocess.py:93} INFO - Sending log: {'timestamp': '2025-05-31 17:33:23', 'level': 'ERROR', 'message': 'Payment gateway timeout'}
[2025-05-31T17:33:25.392+0000] {subprocess.py:93} INFO - Sending log: {'timestamp': '2025-05-31 17:33:25', 'level': 'ERROR', 'message': 'Database connection failed'}
[2025-05-31T17:33:27.392+0000] {subprocess.py:93} INFO - Sending log: {'timestamp': '2025-05-31 17:33:27', 'level': 'INFO', 'message': 'User logged in'}
[2025-05-31T17:33:29.393+0000] {subprocess.py:93} INFO - Sending log: {'timestamp': '2025-05-31 17:33:29', 'level': 'WARNING', 'message': 'Slow response time'}
[2025-05-31T17:33:31.393+0000] {subprocess.py:93} INFO - Sending log: {'timestamp': '2025-05-31 17:33:31', 'level': 'INFO', 'message': 'Page loaded'}
[2025-05-31T17:33:33.394+0000] {subprocess.py:93} INFO - Sending log: {'timestamp': '2025-05-31 17:33:33', 'level': 'WARNING', 'message': 'Slow response time'}
[2025-05-31T17:33:35.394+0000] {subprocess.py:93} INFO - Sending log: {'timestamp': '2025-05-31 17:33:35', 'level': 'INFO', 'message': 'User logged in'}
[2025-05-31T17:33:37.394+0000] {subprocess.py:93} INFO - Sending log: {'timestamp': '2025-05-31 17:33:37', 'level': 'ERROR', 'message': 'Payment gateway timeout'}
[2025-05-31T17:33:39.395+0000] {subprocess.py:93} INFO - Sending log: {'timestamp': '2025-05-31 17:33:39', 'level': 'ERROR', 'message': 'Payment gateway timeout'}
[2025-05-31T17:33:41.395+0000] {subprocess.py:93} INFO - Sending log: {'timestamp': '2025-05-31 17:33:41', 'level': 'WARNING', 'message': 'High memory usage'}
[2025-05-31T17:33:43.396+0000] {subprocess.py:93} INFO - Sending log: {'timestamp': '2025-05-31 17:33:43', 'level': 'INFO', 'message': 'Page loaded'}
[2025-05-31T17:33:45.395+0000] {subprocess.py:93} INFO - Sending log: {'timestamp': '2025-05-31 17:33:45', 'level': 'INFO', 'message': 'User logged in'}
[2025-05-31T17:33:47.395+0000] {subprocess.py:93} INFO - Sending log: {'timestamp': '2025-05-31 17:33:47', 'level': 'INFO', 'message': 'Page loaded'}
[2025-05-31T17:33:49.396+0000] {subprocess.py:93} INFO - Sending log: {'timestamp': '2025-05-31 17:33:49', 'level': 'WARNING', 'message': 'High memory usage'}
[2025-05-31T17:33:51.396+0000] {subprocess.py:93} INFO - Sending log: {'timestamp': '2025-05-31 17:33:51', 'level': 'INFO', 'message': 'Search executed'}
[2025-05-31T17:33:53.397+0000] {subprocess.py:93} INFO - Sending log: {'timestamp': '2025-05-31 17:33:53', 'level': 'INFO', 'message': 'User logged in'}
[2025-05-31T17:33:55.397+0000] {subprocess.py:93} INFO - Sending log: {'timestamp': '2025-05-31 17:33:55', 'level': 'INFO', 'message': 'User logged in'}
[2025-05-31T17:33:57.398+0000] {subprocess.py:93} INFO - Sending log: {'timestamp': '2025-05-31 17:33:57', 'level': 'WARNING', 'message': 'Slow response time'}
[2025-05-31T17:33:59.398+0000] {subprocess.py:93} INFO - Sending log: {'timestamp': '2025-05-31 17:33:59', 'level': 'INFO', 'message': 'Search executed'}
[2025-05-31T17:34:01.398+0000] {subprocess.py:93} INFO - Sending log: {'timestamp': '2025-05-31 17:34:01', 'level': 'INFO', 'message': 'User logged in'}
[2025-05-31T17:34:03.399+0000] {subprocess.py:93} INFO - Sending log: {'timestamp': '2025-05-31 17:34:03', 'level': 'ERROR', 'message': 'Database connection failed'}
[2025-05-31T17:34:05.399+0000] {subprocess.py:93} INFO - Sending log: {'timestamp': '2025-05-31 17:34:05', 'level': 'ERROR', 'message': 'Payment gateway timeout'}
[2025-05-31T17:34:07.400+0000] {subprocess.py:93} INFO - Sending log: {'timestamp': '2025-05-31 17:34:07', 'level': 'ERROR', 'message': 'Database connection failed'}
[2025-05-31T17:34:09.400+0000] {subprocess.py:93} INFO - Sending log: {'timestamp': '2025-05-31 17:34:09', 'level': 'INFO', 'message': 'Search executed'}
[2025-05-31T17:34:11.400+0000] {subprocess.py:93} INFO - Sending log: {'timestamp': '2025-05-31 17:34:11', 'level': 'ERROR', 'message': 'Payment gateway timeout'}
[2025-05-31T17:34:13.401+0000] {subprocess.py:93} INFO - Sending log: {'timestamp': '2025-05-31 17:34:13', 'level': 'ERROR', 'message': 'Database connection failed'}
[2025-05-31T17:34:15.400+0000] {subprocess.py:93} INFO - Sending log: {'timestamp': '2025-05-31 17:34:15', 'level': 'INFO', 'message': 'Page loaded'}
[2025-05-31T17:34:17.401+0000] {subprocess.py:93} INFO - Sending log: {'timestamp': '2025-05-31 17:34:17', 'level': 'WARNING', 'message': 'Slow response time'}
[2025-05-31T17:34:19.401+0000] {subprocess.py:93} INFO - Sending log: {'timestamp': '2025-05-31 17:34:19', 'level': 'INFO', 'message': 'User logged in'}
[2025-05-31T17:34:21.401+0000] {subprocess.py:93} INFO - Sending log: {'timestamp': '2025-05-31 17:34:21', 'level': 'ERROR', 'message': 'Database connection failed'}
[2025-05-31T17:34:23.402+0000] {subprocess.py:93} INFO - Sending log: {'timestamp': '2025-05-31 17:34:23', 'level': 'INFO', 'message': 'Search executed'}
[2025-05-31T17:34:25.402+0000] {subprocess.py:93} INFO - Sending log: {'timestamp': '2025-05-31 17:34:25', 'level': 'INFO', 'message': 'Page loaded'}
[2025-05-31T17:34:27.403+0000] {subprocess.py:93} INFO - Sending log: {'timestamp': '2025-05-31 17:34:27', 'level': 'ERROR', 'message': 'Payment gateway timeout'}
[2025-05-31T17:34:29.404+0000] {subprocess.py:93} INFO - Sending log: {'timestamp': '2025-05-31 17:34:29', 'level': 'INFO', 'message': 'User logged in'}
[2025-05-31T17:34:31.404+0000] {subprocess.py:93} INFO - Sending log: {'timestamp': '2025-05-31 17:34:31', 'level': 'WARNING', 'message': 'High memory usage'}
[2025-05-31T17:34:33.404+0000] {subprocess.py:93} INFO - Sending log: {'timestamp': '2025-05-31 17:34:33', 'level': 'ERROR', 'message': 'Payment gateway timeout'}
[2025-05-31T17:34:35.405+0000] {subprocess.py:93} INFO - Sending log: {'timestamp': '2025-05-31 17:34:35', 'level': 'INFO', 'message': 'Page loaded'}
[2025-05-31T17:34:37.405+0000] {subprocess.py:93} INFO - Sending log: {'timestamp': '2025-05-31 17:34:37', 'level': 'ERROR', 'message': 'Payment gateway timeout'}
[2025-05-31T17:34:39.406+0000] {subprocess.py:93} INFO - Sending log: {'timestamp': '2025-05-31 17:34:39', 'level': 'INFO', 'message': 'Search executed'}
[2025-05-31T17:34:41.406+0000] {subprocess.py:93} INFO - Sending log: {'timestamp': '2025-05-31 17:34:41', 'level': 'INFO', 'message': 'Page loaded'}
[2025-05-31T17:34:43.557+0000] {subprocess.py:93} INFO - Sending log: {'timestamp': '2025-05-31 17:34:43', 'level': 'INFO', 'message': 'Page loaded'}
[2025-05-31T17:34:45.556+0000] {subprocess.py:93} INFO - Sending log: {'timestamp': '2025-05-31 17:34:45', 'level': 'WARNING', 'message': 'High memory usage'}
[2025-05-31T17:34:47.556+0000] {subprocess.py:93} INFO - Sending log: {'timestamp': '2025-05-31 17:34:47', 'level': 'ERROR', 'message': 'Payment gateway timeout'}
[2025-05-31T17:34:49.557+0000] {subprocess.py:93} INFO - Sending log: {'timestamp': '2025-05-31 17:34:49', 'level': 'INFO', 'message': 'User logged in'}
[2025-05-31T17:34:51.558+0000] {subprocess.py:93} INFO - Sending log: {'timestamp': '2025-05-31 17:34:51', 'level': 'WARNING', 'message': 'High memory usage'}
[2025-05-31T17:34:53.558+0000] {subprocess.py:93} INFO - Sending log: {'timestamp': '2025-05-31 17:34:53', 'level': 'WARNING', 'message': 'Slow response time'}
[2025-05-31T17:34:55.559+0000] {subprocess.py:93} INFO - Sending log: {'timestamp': '2025-05-31 17:34:55', 'level': 'ERROR', 'message': 'Database connection failed'}
[2025-05-31T17:34:57.559+0000] {subprocess.py:93} INFO - Sending log: {'timestamp': '2025-05-31 17:34:57', 'level': 'WARNING', 'message': 'High memory usage'}
[2025-05-31T17:34:59.560+0000] {subprocess.py:93} INFO - Sending log: {'timestamp': '2025-05-31 17:34:59', 'level': 'INFO', 'message': 'Page loaded'}
[2025-05-31T17:35:01.560+0000] {subprocess.py:93} INFO - Sending log: {'timestamp': '2025-05-31 17:35:01', 'level': 'ERROR', 'message': 'Database connection failed'}
[2025-05-31T17:35:03.561+0000] {subprocess.py:93} INFO - Sending log: {'timestamp': '2025-05-31 17:35:03', 'level': 'INFO', 'message': 'Search executed'}
[2025-05-31T17:35:05.562+0000] {subprocess.py:93} INFO - Sending log: {'timestamp': '2025-05-31 17:35:05', 'level': 'ERROR', 'message': 'Database connection failed'}
[2025-05-31T17:35:07.643+0000] {subprocess.py:93} INFO - Sending log: {'timestamp': '2025-05-31 17:35:07', 'level': 'INFO', 'message': 'Search executed'}
[2025-05-31T17:35:09.644+0000] {subprocess.py:93} INFO - Sending log: {'timestamp': '2025-05-31 17:35:09', 'level': 'WARNING', 'message': 'High memory usage'}
[2025-05-31T17:35:11.644+0000] {subprocess.py:93} INFO - Sending log: {'timestamp': '2025-05-31 17:35:11', 'level': 'ERROR', 'message': 'Payment gateway timeout'}
[2025-05-31T17:35:13.645+0000] {subprocess.py:93} INFO - Sending log: {'timestamp': '2025-05-31 17:35:13', 'level': 'WARNING', 'message': 'High memory usage'}
[2025-05-31T17:35:15.978+0000] {subprocess.py:93} INFO - Sending log: {'timestamp': '2025-05-31 17:35:15', 'level': 'WARNING', 'message': 'Slow response time'}
[2025-05-31T17:35:17.979+0000] {subprocess.py:93} INFO - Sending log: {'timestamp': '2025-05-31 17:35:17', 'level': 'ERROR', 'message': 'Payment gateway timeout'}
[2025-05-31T17:35:19.980+0000] {subprocess.py:93} INFO - Sending log: {'timestamp': '2025-05-31 17:35:19', 'level': 'INFO', 'message': 'Page loaded'}
[2025-05-31T17:35:21.981+0000] {subprocess.py:93} INFO - Sending log: {'timestamp': '2025-05-31 17:35:21', 'level': 'INFO', 'message': 'User logged in'}
[2025-05-31T17:35:23.981+0000] {subprocess.py:93} INFO - Sending log: {'timestamp': '2025-05-31 17:35:23', 'level': 'WARNING', 'message': 'Slow response time'}
[2025-05-31T17:35:25.982+0000] {subprocess.py:93} INFO - Sending log: {'timestamp': '2025-05-31 17:35:25', 'level': 'ERROR', 'message': 'Payment gateway timeout'}
[2025-05-31T17:35:27.982+0000] {subprocess.py:93} INFO - Sending log: {'timestamp': '2025-05-31 17:35:27', 'level': 'ERROR', 'message': 'Database connection failed'}
[2025-05-31T17:35:29.982+0000] {subprocess.py:93} INFO - Sending log: {'timestamp': '2025-05-31 17:35:29', 'level': 'INFO', 'message': 'User logged in'}
[2025-05-31T17:35:31.983+0000] {subprocess.py:93} INFO - Sending log: {'timestamp': '2025-05-31 17:35:31', 'level': 'WARNING', 'message': 'Slow response time'}
[2025-05-31T17:35:33.983+0000] {subprocess.py:93} INFO - Sending log: {'timestamp': '2025-05-31 17:35:33', 'level': 'ERROR', 'message': 'Database connection failed'}
[2025-05-31T17:35:35.984+0000] {subprocess.py:93} INFO - Sending log: {'timestamp': '2025-05-31 17:35:35', 'level': 'INFO', 'message': 'Search executed'}
[2025-05-31T17:35:37.984+0000] {subprocess.py:93} INFO - Sending log: {'timestamp': '2025-05-31 17:35:37', 'level': 'INFO', 'message': 'Search executed'}
[2025-05-31T17:35:39.985+0000] {subprocess.py:93} INFO - Sending log: {'timestamp': '2025-05-31 17:35:39', 'level': 'WARNING', 'message': 'High memory usage'}
[2025-05-31T17:35:41.985+0000] {subprocess.py:93} INFO - Sending log: {'timestamp': '2025-05-31 17:35:41', 'level': 'INFO', 'message': 'Page loaded'}
[2025-05-31T17:35:43.986+0000] {subprocess.py:93} INFO - Sending log: {'timestamp': '2025-05-31 17:35:43', 'level': 'WARNING', 'message': 'Slow response time'}
[2025-05-31T17:35:45.985+0000] {subprocess.py:93} INFO - Sending log: {'timestamp': '2025-05-31 17:35:45', 'level': 'INFO', 'message': 'Page loaded'}
[2025-05-31T17:35:47.986+0000] {subprocess.py:93} INFO - Sending log: {'timestamp': '2025-05-31 17:35:47', 'level': 'ERROR', 'message': 'Payment gateway timeout'}
[2025-05-31T17:35:49.986+0000] {subprocess.py:93} INFO - Sending log: {'timestamp': '2025-05-31 17:35:49', 'level': 'WARNING', 'message': 'High memory usage'}
[2025-05-31T17:35:51.987+0000] {subprocess.py:93} INFO - Sending log: {'timestamp': '2025-05-31 17:35:51', 'level': 'WARNING', 'message': 'High memory usage'}
[2025-05-31T17:44:33.459+0000] {subprocess.py:93} INFO - Sending log: {'timestamp': '2025-05-31 17:44:33', 'level': 'ERROR', 'message': 'Database connection failed'}
[2025-05-31T17:44:38.584+0000] {subprocess.py:93} INFO - Sending log: {'timestamp': '2025-05-31 17:44:38', 'level': 'INFO', 'message': 'User logged in'}
[2025-05-31T17:44:39.531+0000] {job.py:229} INFO - Heartbeat recovered after 530.07 seconds
[2025-05-31T17:44:40.584+0000] {subprocess.py:93} INFO - Sending log: {'timestamp': '2025-05-31 17:44:40', 'level': 'ERROR', 'message': 'Payment gateway timeout'}
[2025-05-31T17:44:42.584+0000] {subprocess.py:93} INFO - Sending log: {'timestamp': '2025-05-31 17:44:42', 'level': 'WARNING', 'message': 'High memory usage'}
[2025-05-31T17:44:44.585+0000] {subprocess.py:93} INFO - Sending log: {'timestamp': '2025-05-31 17:44:44', 'level': 'WARNING', 'message': 'Slow response time'}
[2025-05-31T17:44:44.939+0000] {job.py:229} INFO - Heartbeat recovered after 10.63 seconds
[2025-05-31T17:44:46.604+0000] {subprocess.py:93} INFO - Sending log: {'timestamp': '2025-05-31 17:44:46', 'level': 'WARNING', 'message': 'Slow response time'}
[2025-05-31T17:44:48.729+0000] {subprocess.py:93} INFO - Sending log: {'timestamp': '2025-05-31 17:44:48', 'level': 'ERROR', 'message': 'Database connection failed'}
[2025-05-31T17:44:50.927+0000] {subprocess.py:93} INFO - Sending log: {'timestamp': '2025-05-31 17:44:50', 'level': 'ERROR', 'message': 'Database connection failed'}
[2025-05-31T17:44:52.925+0000] {subprocess.py:93} INFO - Sending log: {'timestamp': '2025-05-31 17:44:52', 'level': 'INFO', 'message': 'Search executed'}
[2025-05-31T17:44:54.926+0000] {subprocess.py:93} INFO - Sending log: {'timestamp': '2025-05-31 17:44:54', 'level': 'INFO', 'message': 'User logged in'}
[2025-05-31T17:44:57.004+0000] {subprocess.py:93} INFO - Sending log: {'timestamp': '2025-05-31 17:44:57', 'level': 'WARNING', 'message': 'High memory usage'}
[2025-05-31T17:44:59.005+0000] {subprocess.py:93} INFO - Sending log: {'timestamp': '2025-05-31 17:44:59', 'level': 'ERROR', 'message': 'Payment gateway timeout'}
[2025-05-31T17:45:01.130+0000] {subprocess.py:93} INFO - Sending log: {'timestamp': '2025-05-31 17:45:01', 'level': 'INFO', 'message': 'Search executed'}
[2025-05-31T17:45:03.131+0000] {subprocess.py:93} INFO - Sending log: {'timestamp': '2025-05-31 17:45:03', 'level': 'WARNING', 'message': 'High memory usage'}
[2025-05-31T17:45:05.231+0000] {subprocess.py:93} INFO - Sending log: {'timestamp': '2025-05-31 17:45:05', 'level': 'ERROR', 'message': 'Database connection failed'}
[2025-05-31T17:45:07.232+0000] {subprocess.py:93} INFO - Sending log: {'timestamp': '2025-05-31 17:45:07', 'level': 'INFO', 'message': 'Page loaded'}
[2025-05-31T17:45:09.232+0000] {subprocess.py:93} INFO - Sending log: {'timestamp': '2025-05-31 17:45:09', 'level': 'ERROR', 'message': 'Payment gateway timeout'}
[2025-05-31T17:45:11.233+0000] {subprocess.py:93} INFO - Sending log: {'timestamp': '2025-05-31 17:45:11', 'level': 'WARNING', 'message': 'High memory usage'}
[2025-05-31T17:45:13.233+0000] {subprocess.py:93} INFO - Sending log: {'timestamp': '2025-05-31 17:45:13', 'level': 'ERROR', 'message': 'Payment gateway timeout'}
[2025-05-31T17:45:15.298+0000] {subprocess.py:93} INFO - Sending log: {'timestamp': '2025-05-31 17:45:15', 'level': 'INFO', 'message': 'Search executed'}
[2025-05-31T17:45:17.298+0000] {subprocess.py:93} INFO - Sending log: {'timestamp': '2025-05-31 17:45:17', 'level': 'INFO', 'message': 'Page loaded'}
[2025-05-31T17:45:19.299+0000] {subprocess.py:93} INFO - Sending log: {'timestamp': '2025-05-31 17:45:19', 'level': 'WARNING', 'message': 'Slow response time'}
[2025-05-31T17:45:21.299+0000] {subprocess.py:93} INFO - Sending log: {'timestamp': '2025-05-31 17:45:21', 'level': 'WARNING', 'message': 'Slow response time'}
[2025-05-31T17:45:23.298+0000] {subprocess.py:93} INFO - Sending log: {'timestamp': '2025-05-31 17:45:23', 'level': 'ERROR', 'message': 'Payment gateway timeout'}
[2025-05-31T17:45:25.330+0000] {subprocess.py:93} INFO - Sending log: {'timestamp': '2025-05-31 17:45:25', 'level': 'ERROR', 'message': 'Payment gateway timeout'}
[2025-05-31T17:45:27.330+0000] {subprocess.py:93} INFO - Sending log: {'timestamp': '2025-05-31 17:45:27', 'level': 'WARNING', 'message': 'High memory usage'}
[2025-05-31T17:45:29.331+0000] {subprocess.py:93} INFO - Sending log: {'timestamp': '2025-05-31 17:45:29', 'level': 'WARNING', 'message': 'Slow response time'}
[2025-05-31T17:45:31.331+0000] {subprocess.py:93} INFO - Sending log: {'timestamp': '2025-05-31 17:45:31', 'level': 'INFO', 'message': 'User logged in'}
[2025-05-31T17:45:33.332+0000] {subprocess.py:93} INFO - Sending log: {'timestamp': '2025-05-31 17:45:33', 'level': 'ERROR', 'message': 'Database connection failed'}
[2025-05-31T17:45:35.332+0000] {subprocess.py:93} INFO - Sending log: {'timestamp': '2025-05-31 17:45:35', 'level': 'WARNING', 'message': 'Slow response time'}
[2025-05-31T17:45:37.332+0000] {subprocess.py:93} INFO - Sending log: {'timestamp': '2025-05-31 17:45:37', 'level': 'WARNING', 'message': 'Slow response time'}
[2025-05-31T17:45:39.333+0000] {subprocess.py:93} INFO - Sending log: {'timestamp': '2025-05-31 17:45:39', 'level': 'ERROR', 'message': 'Database connection failed'}
[2025-05-31T17:45:41.334+0000] {subprocess.py:93} INFO - Sending log: {'timestamp': '2025-05-31 17:45:41', 'level': 'WARNING', 'message': 'Slow response time'}
[2025-05-31T17:45:43.408+0000] {subprocess.py:93} INFO - Sending log: {'timestamp': '2025-05-31 17:45:43', 'level': 'INFO', 'message': 'Search executed'}
[2025-05-31T17:45:45.672+0000] {subprocess.py:93} INFO - Sending log: {'timestamp': '2025-05-31 17:45:45', 'level': 'WARNING', 'message': 'Slow response time'}
[2025-05-31T17:45:47.735+0000] {subprocess.py:93} INFO - Sending log: {'timestamp': '2025-05-31 17:45:47', 'level': 'ERROR', 'message': 'Database connection failed'}
[2025-05-31T17:45:49.929+0000] {subprocess.py:93} INFO - Sending log: {'timestamp': '2025-05-31 17:45:49', 'level': 'ERROR', 'message': 'Payment gateway timeout'}
[2025-05-31T17:45:52.206+0000] {subprocess.py:93} INFO - Sending log: {'timestamp': '2025-05-31 17:45:52', 'level': 'ERROR', 'message': 'Database connection failed'}
[2025-05-31T17:45:54.654+0000] {subprocess.py:93} INFO - Sending log: {'timestamp': '2025-05-31 17:45:54', 'level': 'ERROR', 'message': 'Database connection failed'}
[2025-05-31T17:45:56.709+0000] {subprocess.py:93} INFO - Sending log: {'timestamp': '2025-05-31 17:45:56', 'level': 'ERROR', 'message': 'Database connection failed'}
[2025-05-31T17:45:59.138+0000] {subprocess.py:93} INFO - Sending log: {'timestamp': '2025-05-31 17:45:58', 'level': 'INFO', 'message': 'User logged in'}
[2025-05-31T17:46:00.728+0000] {subprocess.py:93} INFO - Sending log: {'timestamp': '2025-05-31 17:46:00', 'level': 'INFO', 'message': 'Page loaded'}
[2025-05-31T17:46:02.722+0000] {subprocess.py:93} INFO - Sending log: {'timestamp': '2025-05-31 17:46:02', 'level': 'INFO', 'message': 'User logged in'}
[2025-05-31T17:46:04.451+0000] {job.py:229} INFO - Heartbeat recovered after 12.79 seconds
[2025-05-31T17:46:04.874+0000] {subprocess.py:93} INFO - Sending log: {'timestamp': '2025-05-31 17:46:04', 'level': 'ERROR', 'message': 'Database connection failed'}
[2025-05-31T17:46:06.935+0000] {subprocess.py:93} INFO - Sending log: {'timestamp': '2025-05-31 17:46:06', 'level': 'WARNING', 'message': 'Slow response time'}
[2025-05-31T17:46:09.066+0000] {subprocess.py:93} INFO - Sending log: {'timestamp': '2025-05-31 17:46:08', 'level': 'INFO', 'message': 'User logged in'}
[2025-05-31T17:46:11.188+0000] {subprocess.py:93} INFO - Sending log: {'timestamp': '2025-05-31 17:46:11', 'level': 'ERROR', 'message': 'Database connection failed'}
[2025-05-31T17:46:13.449+0000] {subprocess.py:93} INFO - Sending log: {'timestamp': '2025-05-31 17:46:13', 'level': 'INFO', 'message': 'Search executed'}
[2025-05-31T17:46:17.523+0000] {job.py:229} INFO - Heartbeat recovered after 13.41 seconds
[2025-05-31T17:46:21.749+0000] {subprocess.py:93} INFO - Sending log: {'timestamp': '2025-05-31 17:46:15', 'level': 'INFO', 'message': 'User logged in'}
[2025-05-31T17:46:21.750+0000] {subprocess.py:93} INFO - Sending log: {'timestamp': '2025-05-31 17:46:17', 'level': 'ERROR', 'message': 'Database connection failed'}
[2025-05-31T17:46:21.751+0000] {subprocess.py:93} INFO - Sending log: {'timestamp': '2025-05-31 17:46:19', 'level': 'INFO', 'message': 'Search executed'}
[2025-05-31T17:46:21.915+0000] {subprocess.py:93} INFO - Sending log: {'timestamp': '2025-05-31 17:46:21', 'level': 'WARNING', 'message': 'High memory usage'}
[2025-05-31T17:46:23.931+0000] {subprocess.py:93} INFO - Sending log: {'timestamp': '2025-05-31 17:46:23', 'level': 'ERROR', 'message': 'Payment gateway timeout'}
[2025-05-31T17:46:25.931+0000] {subprocess.py:93} INFO - Sending log: {'timestamp': '2025-05-31 17:46:25', 'level': 'ERROR', 'message': 'Payment gateway timeout'}
[2025-05-31T17:46:28.235+0000] {subprocess.py:93} INFO - Sending log: {'timestamp': '2025-05-31 17:46:28', 'level': 'WARNING', 'message': 'High memory usage'}
[2025-05-31T17:46:30.199+0000] {subprocess.py:93} INFO - Sending log: {'timestamp': '2025-05-31 17:46:30', 'level': 'ERROR', 'message': 'Payment gateway timeout'}
[2025-05-31T17:46:32.443+0000] {subprocess.py:93} INFO - Sending log: {'timestamp': '2025-05-31 17:46:32', 'level': 'ERROR', 'message': 'Database connection failed'}
[2025-05-31T17:46:34.683+0000] {subprocess.py:93} INFO - Sending log: {'timestamp': '2025-05-31 17:46:34', 'level': 'ERROR', 'message': 'Database connection failed'}
[2025-05-31T17:46:36.994+0000] {subprocess.py:93} INFO - Sending log: {'timestamp': '2025-05-31 17:46:36', 'level': 'INFO', 'message': 'User logged in'}
[2025-05-31T17:46:39.056+0000] {subprocess.py:93} INFO - Sending log: {'timestamp': '2025-05-31 17:46:39', 'level': 'ERROR', 'message': 'Payment gateway timeout'}
[2025-05-31T17:46:39.288+0000] {job.py:229} INFO - Heartbeat recovered after 12.47 seconds
[2025-05-31T17:46:41.219+0000] {subprocess.py:93} INFO - Sending log: {'timestamp': '2025-05-31 17:46:41', 'level': 'INFO', 'message': 'Page loaded'}
[2025-05-31T17:46:43.220+0000] {subprocess.py:93} INFO - Sending log: {'timestamp': '2025-05-31 17:46:43', 'level': 'INFO', 'message': 'User logged in'}
[2025-05-31T17:46:45.221+0000] {subprocess.py:93} INFO - Sending log: {'timestamp': '2025-05-31 17:46:45', 'level': 'INFO', 'message': 'Page loaded'}
[2025-05-31T17:46:47.221+0000] {subprocess.py:93} INFO - Sending log: {'timestamp': '2025-05-31 17:46:47', 'level': 'INFO', 'message': 'User logged in'}
[2025-05-31T17:46:49.222+0000] {subprocess.py:93} INFO - Sending log: {'timestamp': '2025-05-31 17:46:49', 'level': 'WARNING', 'message': 'High memory usage'}
[2025-05-31T17:46:51.422+0000] {subprocess.py:93} INFO - Sending log: {'timestamp': '2025-05-31 17:46:51', 'level': 'ERROR', 'message': 'Payment gateway timeout'}
[2025-05-31T17:46:53.412+0000] {subprocess.py:93} INFO - Sending log: {'timestamp': '2025-05-31 17:46:53', 'level': 'ERROR', 'message': 'Database connection failed'}
[2025-05-31T17:46:55.575+0000] {subprocess.py:93} INFO - Sending log: {'timestamp': '2025-05-31 17:46:55', 'level': 'ERROR', 'message': 'Payment gateway timeout'}
[2025-05-31T17:46:57.575+0000] {subprocess.py:93} INFO - Sending log: {'timestamp': '2025-05-31 17:46:57', 'level': 'WARNING', 'message': 'High memory usage'}
[2025-05-31T17:46:59.576+0000] {subprocess.py:93} INFO - Sending log: {'timestamp': '2025-05-31 17:46:59', 'level': 'INFO', 'message': 'Search executed'}
[2025-05-31T17:47:01.725+0000] {subprocess.py:93} INFO - Sending log: {'timestamp': '2025-05-31 17:47:01', 'level': 'WARNING', 'message': 'Slow response time'}
[2025-05-31T17:47:03.725+0000] {subprocess.py:93} INFO - Sending log: {'timestamp': '2025-05-31 17:47:03', 'level': 'WARNING', 'message': 'Slow response time'}
[2025-05-31T17:47:05.726+0000] {subprocess.py:93} INFO - Sending log: {'timestamp': '2025-05-31 17:47:05', 'level': 'WARNING', 'message': 'High memory usage'}
[2025-05-31T17:47:07.726+0000] {subprocess.py:93} INFO - Sending log: {'timestamp': '2025-05-31 17:47:07', 'level': 'INFO', 'message': 'Search executed'}
[2025-05-31T17:47:09.727+0000] {subprocess.py:93} INFO - Sending log: {'timestamp': '2025-05-31 17:47:09', 'level': 'WARNING', 'message': 'High memory usage'}
[2025-05-31T17:47:11.727+0000] {subprocess.py:93} INFO - Sending log: {'timestamp': '2025-05-31 17:47:11', 'level': 'WARNING', 'message': 'High memory usage'}
[2025-05-31T17:47:13.728+0000] {subprocess.py:93} INFO - Sending log: {'timestamp': '2025-05-31 17:47:13', 'level': 'INFO', 'message': 'User logged in'}
[2025-05-31T17:47:15.728+0000] {subprocess.py:93} INFO - Sending log: {'timestamp': '2025-05-31 17:47:15', 'level': 'INFO', 'message': 'Page loaded'}
[2025-05-31T17:47:17.771+0000] {subprocess.py:93} INFO - Sending log: {'timestamp': '2025-05-31 17:47:17', 'level': 'WARNING', 'message': 'Slow response time'}
[2025-05-31T17:47:19.772+0000] {subprocess.py:93} INFO - Sending log: {'timestamp': '2025-05-31 17:47:19', 'level': 'INFO', 'message': 'Search executed'}
[2025-05-31T17:47:21.804+0000] {subprocess.py:93} INFO - Sending log: {'timestamp': '2025-05-31 17:47:21', 'level': 'INFO', 'message': 'User logged in'}
[2025-05-31T17:47:23.681+0000] {subprocess.py:93} INFO - Sending log: {'timestamp': '2025-05-31 17:47:23', 'level': 'INFO', 'message': 'User logged in'}
[2025-05-31T17:47:25.693+0000] {subprocess.py:93} INFO - Sending log: {'timestamp': '2025-05-31 17:47:25', 'level': 'WARNING', 'message': 'High memory usage'}
[2025-05-31T17:47:27.829+0000] {subprocess.py:93} INFO - Sending log: {'timestamp': '2025-05-31 17:47:27', 'level': 'WARNING', 'message': 'High memory usage'}
[2025-05-31T17:47:30.248+0000] {subprocess.py:93} INFO - Sending log: {'timestamp': '2025-05-31 17:47:29', 'level': 'INFO', 'message': 'Page loaded'}
[2025-05-31T17:47:32.274+0000] {subprocess.py:93} INFO - Sending log: {'timestamp': '2025-05-31 17:47:32', 'level': 'INFO', 'message': 'User logged in'}
[2025-05-31T17:47:34.533+0000] {subprocess.py:93} INFO - Sending log: {'timestamp': '2025-05-31 17:47:34', 'level': 'INFO', 'message': 'Page loaded'}
[2025-05-31T17:47:36.737+0000] {subprocess.py:93} INFO - Sending log: {'timestamp': '2025-05-31 17:47:36', 'level': 'WARNING', 'message': 'High memory usage'}
[2025-05-31T17:47:38.825+0000] {subprocess.py:93} INFO - Sending log: {'timestamp': '2025-05-31 17:47:38', 'level': 'WARNING', 'message': 'High memory usage'}
[2025-05-31T17:47:40.827+0000] {subprocess.py:93} INFO - Sending log: {'timestamp': '2025-05-31 17:47:40', 'level': 'WARNING', 'message': 'Slow response time'}
[2025-05-31T17:47:42.895+0000] {subprocess.py:93} INFO - Sending log: {'timestamp': '2025-05-31 17:47:42', 'level': 'ERROR', 'message': 'Database connection failed'}
[2025-05-31T17:47:45.377+0000] {subprocess.py:93} INFO - Sending log: {'timestamp': '2025-05-31 17:47:45', 'level': 'WARNING', 'message': 'High memory usage'}
[2025-05-31T17:47:46.801+0000] {job.py:229} INFO - Heartbeat recovered after 22.92 seconds
[2025-05-31T17:47:47.413+0000] {subprocess.py:93} INFO - Sending log: {'timestamp': '2025-05-31 17:47:47', 'level': 'ERROR', 'message': 'Payment gateway timeout'}
[2025-05-31T17:47:49.590+0000] {subprocess.py:93} INFO - Sending log: {'timestamp': '2025-05-31 17:47:49', 'level': 'ERROR', 'message': 'Payment gateway timeout'}
[2025-05-31T17:47:51.667+0000] {subprocess.py:93} INFO - Sending log: {'timestamp': '2025-05-31 17:47:51', 'level': 'WARNING', 'message': 'High memory usage'}
[2025-05-31T17:47:55.556+0000] {subprocess.py:93} INFO - Sending log: {'timestamp': '2025-05-31 17:47:54', 'level': 'WARNING', 'message': 'High memory usage'}
[2025-05-31T17:47:57.617+0000] {subprocess.py:93} INFO - Sending log: {'timestamp': '2025-05-31 17:47:57', 'level': 'WARNING', 'message': 'Slow response time'}
[2025-05-31T17:47:59.721+0000] {subprocess.py:93} INFO - Sending log: {'timestamp': '2025-05-31 17:47:59', 'level': 'WARNING', 'message': 'High memory usage'}
[2025-05-31T17:48:01.821+0000] {subprocess.py:93} INFO - Sending log: {'timestamp': '2025-05-31 17:48:01', 'level': 'ERROR', 'message': 'Payment gateway timeout'}
[2025-05-31T17:48:03.854+0000] {subprocess.py:93} INFO - Sending log: {'timestamp': '2025-05-31 17:48:03', 'level': 'ERROR', 'message': 'Payment gateway timeout'}
[2025-05-31T17:48:06.421+0000] {subprocess.py:93} INFO - Sending log: {'timestamp': '2025-05-31 17:48:06', 'level': 'WARNING', 'message': 'Slow response time'}
[2025-05-31T17:48:08.464+0000] {subprocess.py:93} INFO - Sending log: {'timestamp': '2025-05-31 17:48:08', 'level': 'WARNING', 'message': 'High memory usage'}
[2025-05-31T17:48:10.655+0000] {subprocess.py:93} INFO - Sending log: {'timestamp': '2025-05-31 17:48:10', 'level': 'INFO', 'message': 'Search executed'}
[2025-05-31T17:48:12.714+0000] {subprocess.py:93} INFO - Sending log: {'timestamp': '2025-05-31 17:48:12', 'level': 'ERROR', 'message': 'Database connection failed'}
[2025-05-31T17:48:15.108+0000] {subprocess.py:93} INFO - Sending log: {'timestamp': '2025-05-31 17:48:15', 'level': 'ERROR', 'message': 'Database connection failed'}
[2025-05-31T17:48:17.980+0000] {subprocess.py:93} INFO - Sending log: {'timestamp': '2025-05-31 17:48:17', 'level': 'WARNING', 'message': 'High memory usage'}
[2025-05-31T17:48:20.485+0000] {subprocess.py:93} INFO - Sending log: {'timestamp': '2025-05-31 17:48:20', 'level': 'WARNING', 'message': 'Slow response time'}
[2025-05-31T17:48:22.886+0000] {subprocess.py:93} INFO - Sending log: {'timestamp': '2025-05-31 17:48:22', 'level': 'WARNING', 'message': 'Slow response time'}
[2025-05-31T17:48:24.973+0000] {subprocess.py:93} INFO - Sending log: {'timestamp': '2025-05-31 17:48:24', 'level': 'INFO', 'message': 'Search executed'}
[2025-05-31T17:48:26.949+0000] {subprocess.py:93} INFO - Sending log: {'timestamp': '2025-05-31 17:48:26', 'level': 'ERROR', 'message': 'Payment gateway timeout'}
[2025-05-31T17:48:28.480+0000] {job.py:229} INFO - Heartbeat recovered after 44.54 seconds
[2025-05-31T17:48:28.785+0000] {subprocess.py:93} INFO - Sending log: {'timestamp': '2025-05-31 17:48:28', 'level': 'INFO', 'message': 'Search executed'}
[2025-05-31T17:48:30.845+0000] {subprocess.py:93} INFO - Sending log: {'timestamp': '2025-05-31 17:48:30', 'level': 'WARNING', 'message': 'Slow response time'}
[2025-05-31T17:48:32.758+0000] {subprocess.py:93} INFO - Sending log: {'timestamp': '2025-05-31 17:48:32', 'level': 'INFO', 'message': 'Search executed'}
[2025-05-31T17:48:35.012+0000] {subprocess.py:93} INFO - Sending log: {'timestamp': '2025-05-31 17:48:34', 'level': 'WARNING', 'message': 'High memory usage'}
[2025-05-31T17:48:36.931+0000] {subprocess.py:93} INFO - Sending log: {'timestamp': '2025-05-31 17:48:36', 'level': 'INFO', 'message': 'Search executed'}
[2025-05-31T17:48:38.931+0000] {subprocess.py:93} INFO - Sending log: {'timestamp': '2025-05-31 17:48:38', 'level': 'WARNING', 'message': 'Slow response time'}
[2025-05-31T17:48:41.088+0000] {subprocess.py:93} INFO - Sending log: {'timestamp': '2025-05-31 17:48:41', 'level': 'ERROR', 'message': 'Payment gateway timeout'}
[2025-05-31T17:48:41.725+0000] {job.py:229} INFO - Heartbeat recovered after 14.14 seconds
[2025-05-31T17:48:43.364+0000] {subprocess.py:93} INFO - Sending log: {'timestamp': '2025-05-31 17:48:43', 'level': 'WARNING', 'message': 'Slow response time'}
[2025-05-31T17:48:45.414+0000] {subprocess.py:93} INFO - Sending log: {'timestamp': '2025-05-31 17:48:45', 'level': 'WARNING', 'message': 'High memory usage'}
[2025-05-31T17:48:48.432+0000] {subprocess.py:93} INFO - Sending log: {'timestamp': '2025-05-31 17:48:48', 'level': 'WARNING', 'message': 'Slow response time'}
[2025-05-31T17:48:50.675+0000] {subprocess.py:93} INFO - Sending log: {'timestamp': '2025-05-31 17:48:50', 'level': 'ERROR', 'message': 'Database connection failed'}
[2025-05-31T17:48:52.688+0000] {subprocess.py:93} INFO - Sending log: {'timestamp': '2025-05-31 17:48:52', 'level': 'ERROR', 'message': 'Database connection failed'}
[2025-05-31T17:48:54.034+0000] {job.py:229} INFO - Heartbeat recovered after 13.60 seconds
[2025-05-31T17:48:54.792+0000] {subprocess.py:93} INFO - Sending log: {'timestamp': '2025-05-31 17:48:54', 'level': 'WARNING', 'message': 'Slow response time'}
[2025-05-31T17:48:56.556+0000] {subprocess.py:93} INFO - Sending log: {'timestamp': '2025-05-31 17:48:56', 'level': 'ERROR', 'message': 'Database connection failed'}
[2025-05-31T17:48:58.557+0000] {subprocess.py:93} INFO - Sending log: {'timestamp': '2025-05-31 17:48:58', 'level': 'WARNING', 'message': 'Slow response time'}
[2025-05-31T17:49:00.721+0000] {subprocess.py:93} INFO - Sending log: {'timestamp': '2025-05-31 17:49:00', 'level': 'ERROR', 'message': 'Payment gateway timeout'}
[2025-05-31T17:49:02.894+0000] {subprocess.py:93} INFO - Sending log: {'timestamp': '2025-05-31 17:49:02', 'level': 'INFO', 'message': 'User logged in'}
[2025-05-31T17:49:05.297+0000] {subprocess.py:93} INFO - Sending log: {'timestamp': '2025-05-31 17:49:05', 'level': 'ERROR', 'message': 'Database connection failed'}
[2025-05-31T17:49:07.586+0000] {subprocess.py:93} INFO - Sending log: {'timestamp': '2025-05-31 17:49:07', 'level': 'INFO', 'message': 'User logged in'}
[2025-05-31T17:49:09.613+0000] {subprocess.py:93} INFO - Sending log: {'timestamp': '2025-05-31 17:49:09', 'level': 'INFO', 'message': 'Page loaded'}
[2025-05-31T17:49:11.655+0000] {subprocess.py:93} INFO - Sending log: {'timestamp': '2025-05-31 17:49:11', 'level': 'WARNING', 'message': 'High memory usage'}
[2025-05-31T17:49:13.891+0000] {job.py:229} INFO - Heartbeat recovered after 20.10 seconds
[2025-05-31T17:49:14.017+0000] {subprocess.py:93} INFO - Sending log: {'timestamp': '2025-05-31 17:49:14', 'level': 'WARNING', 'message': 'Slow response time'}
[2025-05-31T17:49:16.041+0000] {subprocess.py:93} INFO - Sending log: {'timestamp': '2025-05-31 17:49:16', 'level': 'ERROR', 'message': 'Payment gateway timeout'}
[2025-05-31T17:49:18.042+0000] {subprocess.py:93} INFO - Sending log: {'timestamp': '2025-05-31 17:49:18', 'level': 'ERROR', 'message': 'Payment gateway timeout'}
[2025-05-31T17:49:20.043+0000] {subprocess.py:93} INFO - Sending log: {'timestamp': '2025-05-31 17:49:20', 'level': 'INFO', 'message': 'Search executed'}
[2025-05-31T17:49:22.044+0000] {subprocess.py:93} INFO - Sending log: {'timestamp': '2025-05-31 17:49:22', 'level': 'ERROR', 'message': 'Payment gateway timeout'}
[2025-05-31T17:49:24.044+0000] {subprocess.py:93} INFO - Sending log: {'timestamp': '2025-05-31 17:49:24', 'level': 'ERROR', 'message': 'Database connection failed'}
[2025-05-31T17:49:25.973+0000] {subprocess.py:93} INFO - Sending log: {'timestamp': '2025-05-31 17:49:25', 'level': 'WARNING', 'message': 'High memory usage'}
[2025-05-31T17:49:27.995+0000] {subprocess.py:93} INFO - Sending log: {'timestamp': '2025-05-31 17:49:27', 'level': 'INFO', 'message': 'User logged in'}
[2025-05-31T17:49:29.996+0000] {subprocess.py:93} INFO - Sending log: {'timestamp': '2025-05-31 17:49:29', 'level': 'WARNING', 'message': 'High memory usage'}
[2025-05-31T17:49:31.996+0000] {subprocess.py:93} INFO - Sending log: {'timestamp': '2025-05-31 17:49:31', 'level': 'WARNING', 'message': 'High memory usage'}
[2025-05-31T17:49:33.997+0000] {subprocess.py:93} INFO - Sending log: {'timestamp': '2025-05-31 17:49:33', 'level': 'WARNING', 'message': 'Slow response time'}
[2025-05-31T17:49:35.997+0000] {subprocess.py:93} INFO - Sending log: {'timestamp': '2025-05-31 17:49:35', 'level': 'WARNING', 'message': 'High memory usage'}
[2025-05-31T17:49:37.998+0000] {subprocess.py:93} INFO - Sending log: {'timestamp': '2025-05-31 17:49:37', 'level': 'ERROR', 'message': 'Database connection failed'}
[2025-05-31T17:49:39.998+0000] {subprocess.py:93} INFO - Sending log: {'timestamp': '2025-05-31 17:49:39', 'level': 'ERROR', 'message': 'Database connection failed'}
[2025-05-31T17:49:41.998+0000] {subprocess.py:93} INFO - Sending log: {'timestamp': '2025-05-31 17:49:41', 'level': 'WARNING', 'message': 'Slow response time'}
[2025-05-31T17:49:43.999+0000] {subprocess.py:93} INFO - Sending log: {'timestamp': '2025-05-31 17:49:43', 'level': 'WARNING', 'message': 'High memory usage'}
[2025-05-31T17:49:45.999+0000] {subprocess.py:93} INFO - Sending log: {'timestamp': '2025-05-31 17:49:45', 'level': 'WARNING', 'message': 'Slow response time'}
[2025-05-31T17:49:48.000+0000] {subprocess.py:93} INFO - Sending log: {'timestamp': '2025-05-31 17:49:48', 'level': 'INFO', 'message': 'Page loaded'}
[2025-05-31T17:49:50.000+0000] {subprocess.py:93} INFO - Sending log: {'timestamp': '2025-05-31 17:49:50', 'level': 'ERROR', 'message': 'Database connection failed'}
[2025-05-31T17:49:52.001+0000] {subprocess.py:93} INFO - Sending log: {'timestamp': '2025-05-31 17:49:52', 'level': 'INFO', 'message': 'Search executed'}
[2025-05-31T17:49:54.001+0000] {subprocess.py:93} INFO - Sending log: {'timestamp': '2025-05-31 17:49:54', 'level': 'ERROR', 'message': 'Database connection failed'}
[2025-05-31T17:49:55.926+0000] {subprocess.py:93} INFO - Sending log: {'timestamp': '2025-05-31 17:49:55', 'level': 'WARNING', 'message': 'High memory usage'}
[2025-05-31T17:49:57.926+0000] {subprocess.py:93} INFO - Sending log: {'timestamp': '2025-05-31 17:49:57', 'level': 'INFO', 'message': 'Search executed'}
[2025-05-31T17:49:59.927+0000] {subprocess.py:93} INFO - Sending log: {'timestamp': '2025-05-31 17:49:59', 'level': 'ERROR', 'message': 'Payment gateway timeout'}
[2025-05-31T17:50:01.927+0000] {subprocess.py:93} INFO - Sending log: {'timestamp': '2025-05-31 17:50:01', 'level': 'INFO', 'message': 'User logged in'}
[2025-05-31T17:50:03.928+0000] {subprocess.py:93} INFO - Sending log: {'timestamp': '2025-05-31 17:50:03', 'level': 'WARNING', 'message': 'Slow response time'}
[2025-05-31T17:50:05.932+0000] {subprocess.py:93} INFO - Sending log: {'timestamp': '2025-05-31 17:50:05', 'level': 'WARNING', 'message': 'Slow response time'}
[2025-05-31T17:50:07.935+0000] {subprocess.py:93} INFO - Sending log: {'timestamp': '2025-05-31 17:50:07', 'level': 'ERROR', 'message': 'Database connection failed'}
[2025-05-31T17:50:09.936+0000] {subprocess.py:93} INFO - Sending log: {'timestamp': '2025-05-31 17:50:09', 'level': 'WARNING', 'message': 'High memory usage'}
[2025-05-31T17:50:11.936+0000] {subprocess.py:93} INFO - Sending log: {'timestamp': '2025-05-31 17:50:11', 'level': 'INFO', 'message': 'User logged in'}
[2025-05-31T17:50:13.937+0000] {subprocess.py:93} INFO - Sending log: {'timestamp': '2025-05-31 17:50:13', 'level': 'ERROR', 'message': 'Payment gateway timeout'}
[2025-05-31T17:50:15.937+0000] {subprocess.py:93} INFO - Sending log: {'timestamp': '2025-05-31 17:50:15', 'level': 'WARNING', 'message': 'Slow response time'}
[2025-05-31T17:50:17.938+0000] {subprocess.py:93} INFO - Sending log: {'timestamp': '2025-05-31 17:50:17', 'level': 'WARNING', 'message': 'High memory usage'}
[2025-05-31T17:50:19.938+0000] {subprocess.py:93} INFO - Sending log: {'timestamp': '2025-05-31 17:50:19', 'level': 'WARNING', 'message': 'Slow response time'}
[2025-05-31T17:50:21.939+0000] {subprocess.py:93} INFO - Sending log: {'timestamp': '2025-05-31 17:50:21', 'level': 'ERROR', 'message': 'Payment gateway timeout'}
[2025-05-31T17:50:23.940+0000] {subprocess.py:93} INFO - Sending log: {'timestamp': '2025-05-31 17:50:23', 'level': 'INFO', 'message': 'Page loaded'}
[2025-05-31T17:50:25.924+0000] {subprocess.py:93} INFO - Sending log: {'timestamp': '2025-05-31 17:50:25', 'level': 'INFO', 'message': 'Page loaded'}
[2025-05-31T17:50:27.924+0000] {subprocess.py:93} INFO - Sending log: {'timestamp': '2025-05-31 17:50:27', 'level': 'WARNING', 'message': 'High memory usage'}
[2025-05-31T17:50:29.925+0000] {subprocess.py:93} INFO - Sending log: {'timestamp': '2025-05-31 17:50:29', 'level': 'ERROR', 'message': 'Payment gateway timeout'}
[2025-05-31T17:50:31.925+0000] {subprocess.py:93} INFO - Sending log: {'timestamp': '2025-05-31 17:50:31', 'level': 'WARNING', 'message': 'Slow response time'}
[2025-05-31T17:50:33.926+0000] {subprocess.py:93} INFO - Sending log: {'timestamp': '2025-05-31 17:50:33', 'level': 'ERROR', 'message': 'Database connection failed'}
[2025-05-31T17:50:35.926+0000] {subprocess.py:93} INFO - Sending log: {'timestamp': '2025-05-31 17:50:35', 'level': 'INFO', 'message': 'User logged in'}
[2025-05-31T17:50:37.998+0000] {subprocess.py:93} INFO - Sending log: {'timestamp': '2025-05-31 17:50:37', 'level': 'WARNING', 'message': 'High memory usage'}
[2025-05-31T17:50:39.998+0000] {subprocess.py:93} INFO - Sending log: {'timestamp': '2025-05-31 17:50:39', 'level': 'ERROR', 'message': 'Database connection failed'}
[2025-05-31T17:50:42.048+0000] {subprocess.py:93} INFO - Sending log: {'timestamp': '2025-05-31 17:50:42', 'level': 'WARNING', 'message': 'High memory usage'}
[2025-05-31T17:50:44.048+0000] {subprocess.py:93} INFO - Sending log: {'timestamp': '2025-05-31 17:50:44', 'level': 'ERROR', 'message': 'Payment gateway timeout'}
[2025-05-31T17:50:46.049+0000] {subprocess.py:93} INFO - Sending log: {'timestamp': '2025-05-31 17:50:46', 'level': 'WARNING', 'message': 'Slow response time'}
[2025-05-31T17:50:48.049+0000] {subprocess.py:93} INFO - Sending log: {'timestamp': '2025-05-31 17:50:48', 'level': 'WARNING', 'message': 'Slow response time'}
[2025-05-31T17:50:50.050+0000] {subprocess.py:93} INFO - Sending log: {'timestamp': '2025-05-31 17:50:50', 'level': 'INFO', 'message': 'Page loaded'}
[2025-05-31T17:50:52.050+0000] {subprocess.py:93} INFO - Sending log: {'timestamp': '2025-05-31 17:50:52', 'level': 'WARNING', 'message': 'High memory usage'}
[2025-05-31T17:50:54.050+0000] {subprocess.py:93} INFO - Sending log: {'timestamp': '2025-05-31 17:50:54', 'level': 'INFO', 'message': 'User logged in'}
[2025-05-31T17:50:56.084+0000] {subprocess.py:93} INFO - Sending log: {'timestamp': '2025-05-31 17:50:56', 'level': 'ERROR', 'message': 'Database connection failed'}
[2025-05-31T17:50:58.085+0000] {subprocess.py:93} INFO - Sending log: {'timestamp': '2025-05-31 17:50:58', 'level': 'INFO', 'message': 'Search executed'}
[2025-05-31T17:51:00.085+0000] {subprocess.py:93} INFO - Sending log: {'timestamp': '2025-05-31 17:51:00', 'level': 'WARNING', 'message': 'Slow response time'}
[2025-05-31T17:51:02.085+0000] {subprocess.py:93} INFO - Sending log: {'timestamp': '2025-05-31 17:51:02', 'level': 'INFO', 'message': 'User logged in'}
[2025-05-31T17:51:04.086+0000] {subprocess.py:93} INFO - Sending log: {'timestamp': '2025-05-31 17:51:04', 'level': 'WARNING', 'message': 'High memory usage'}
[2025-05-31T17:51:06.086+0000] {subprocess.py:93} INFO - Sending log: {'timestamp': '2025-05-31 17:51:06', 'level': 'INFO', 'message': 'Search executed'}
[2025-05-31T17:51:08.173+0000] {subprocess.py:93} INFO - Sending log: {'timestamp': '2025-05-31 17:51:08', 'level': 'INFO', 'message': 'User logged in'}
[2025-05-31T17:51:10.173+0000] {subprocess.py:93} INFO - Sending log: {'timestamp': '2025-05-31 17:51:10', 'level': 'ERROR', 'message': 'Payment gateway timeout'}
[2025-05-31T17:51:12.186+0000] {subprocess.py:93} INFO - Sending log: {'timestamp': '2025-05-31 17:51:12', 'level': 'ERROR', 'message': 'Payment gateway timeout'}
[2025-05-31T17:51:14.186+0000] {subprocess.py:93} INFO - Sending log: {'timestamp': '2025-05-31 17:51:14', 'level': 'ERROR', 'message': 'Database connection failed'}
[2025-05-31T17:51:16.187+0000] {subprocess.py:93} INFO - Sending log: {'timestamp': '2025-05-31 17:51:16', 'level': 'INFO', 'message': 'Page loaded'}
[2025-05-31T17:51:18.187+0000] {subprocess.py:93} INFO - Sending log: {'timestamp': '2025-05-31 17:51:18', 'level': 'INFO', 'message': 'Page loaded'}
[2025-05-31T17:51:20.188+0000] {subprocess.py:93} INFO - Sending log: {'timestamp': '2025-05-31 17:51:20', 'level': 'WARNING', 'message': 'Slow response time'}
[2025-05-31T17:51:22.188+0000] {subprocess.py:93} INFO - Sending log: {'timestamp': '2025-05-31 17:51:22', 'level': 'ERROR', 'message': 'Database connection failed'}
[2025-05-31T17:51:24.188+0000] {subprocess.py:93} INFO - Sending log: {'timestamp': '2025-05-31 17:51:24', 'level': 'WARNING', 'message': 'Slow response time'}
[2025-05-31T17:51:26.186+0000] {subprocess.py:93} INFO - Sending log: {'timestamp': '2025-05-31 17:51:26', 'level': 'WARNING', 'message': 'High memory usage'}
[2025-05-31T17:51:28.186+0000] {subprocess.py:93} INFO - Sending log: {'timestamp': '2025-05-31 17:51:28', 'level': 'ERROR', 'message': 'Payment gateway timeout'}
[2025-05-31T17:51:30.222+0000] {subprocess.py:93} INFO - Sending log: {'timestamp': '2025-05-31 17:51:30', 'level': 'ERROR', 'message': 'Payment gateway timeout'}
[2025-05-31T17:51:32.222+0000] {subprocess.py:93} INFO - Sending log: {'timestamp': '2025-05-31 17:51:32', 'level': 'WARNING', 'message': 'High memory usage'}
[2025-05-31T17:51:34.223+0000] {subprocess.py:93} INFO - Sending log: {'timestamp': '2025-05-31 17:51:34', 'level': 'WARNING', 'message': 'High memory usage'}
[2025-05-31T17:51:36.224+0000] {subprocess.py:93} INFO - Sending log: {'timestamp': '2025-05-31 17:51:36', 'level': 'ERROR', 'message': 'Database connection failed'}
[2025-05-31T17:51:38.224+0000] {subprocess.py:93} INFO - Sending log: {'timestamp': '2025-05-31 17:51:38', 'level': 'WARNING', 'message': 'High memory usage'}
[2025-05-31T17:51:40.224+0000] {subprocess.py:93} INFO - Sending log: {'timestamp': '2025-05-31 17:51:40', 'level': 'INFO', 'message': 'Search executed'}
[2025-05-31T17:51:42.225+0000] {subprocess.py:93} INFO - Sending log: {'timestamp': '2025-05-31 17:51:42', 'level': 'ERROR', 'message': 'Database connection failed'}
[2025-05-31T17:51:44.225+0000] {subprocess.py:93} INFO - Sending log: {'timestamp': '2025-05-31 17:51:44', 'level': 'ERROR', 'message': 'Database connection failed'}
[2025-05-31T17:51:46.226+0000] {subprocess.py:93} INFO - Sending log: {'timestamp': '2025-05-31 17:51:46', 'level': 'INFO', 'message': 'Page loaded'}
[2025-05-31T17:51:48.226+0000] {subprocess.py:93} INFO - Sending log: {'timestamp': '2025-05-31 17:51:48', 'level': 'INFO', 'message': 'Page loaded'}
[2025-05-31T17:51:50.227+0000] {subprocess.py:93} INFO - Sending log: {'timestamp': '2025-05-31 17:51:50', 'level': 'INFO', 'message': 'Page loaded'}
[2025-05-31T17:51:52.228+0000] {subprocess.py:93} INFO - Sending log: {'timestamp': '2025-05-31 17:51:52', 'level': 'INFO', 'message': 'User logged in'}
[2025-05-31T17:51:54.228+0000] {subprocess.py:93} INFO - Sending log: {'timestamp': '2025-05-31 17:51:54', 'level': 'WARNING', 'message': 'High memory usage'}
[2025-05-31T17:51:56.226+0000] {subprocess.py:93} INFO - Sending log: {'timestamp': '2025-05-31 17:51:56', 'level': 'INFO', 'message': 'Search executed'}
[2025-05-31T17:51:58.226+0000] {subprocess.py:93} INFO - Sending log: {'timestamp': '2025-05-31 17:51:58', 'level': 'ERROR', 'message': 'Database connection failed'}
[2025-05-31T17:52:00.227+0000] {subprocess.py:93} INFO - Sending log: {'timestamp': '2025-05-31 17:52:00', 'level': 'WARNING', 'message': 'High memory usage'}
[2025-05-31T17:52:02.227+0000] {subprocess.py:93} INFO - Sending log: {'timestamp': '2025-05-31 17:52:02', 'level': 'INFO', 'message': 'Page loaded'}
[2025-05-31T17:52:04.228+0000] {subprocess.py:93} INFO - Sending log: {'timestamp': '2025-05-31 17:52:04', 'level': 'ERROR', 'message': 'Payment gateway timeout'}
[2025-05-31T17:52:06.228+0000] {subprocess.py:93} INFO - Sending log: {'timestamp': '2025-05-31 17:52:06', 'level': 'ERROR', 'message': 'Database connection failed'}
[2025-05-31T17:52:08.229+0000] {subprocess.py:93} INFO - Sending log: {'timestamp': '2025-05-31 17:52:08', 'level': 'INFO', 'message': 'Search executed'}
[2025-05-31T17:52:10.230+0000] {subprocess.py:93} INFO - Sending log: {'timestamp': '2025-05-31 17:52:10', 'level': 'WARNING', 'message': 'High memory usage'}
[2025-05-31T17:52:12.230+0000] {subprocess.py:93} INFO - Sending log: {'timestamp': '2025-05-31 17:52:12', 'level': 'WARNING', 'message': 'High memory usage'}
[2025-05-31T17:52:14.231+0000] {subprocess.py:93} INFO - Sending log: {'timestamp': '2025-05-31 17:52:14', 'level': 'WARNING', 'message': 'High memory usage'}
[2025-05-31T17:52:16.231+0000] {subprocess.py:93} INFO - Sending log: {'timestamp': '2025-05-31 17:52:16', 'level': 'ERROR', 'message': 'Payment gateway timeout'}
[2025-05-31T17:52:18.231+0000] {subprocess.py:93} INFO - Sending log: {'timestamp': '2025-05-31 17:52:18', 'level': 'ERROR', 'message': 'Payment gateway timeout'}
[2025-05-31T17:52:20.233+0000] {subprocess.py:93} INFO - Sending log: {'timestamp': '2025-05-31 17:52:20', 'level': 'INFO', 'message': 'Page loaded'}
[2025-05-31T17:52:22.233+0000] {subprocess.py:93} INFO - Sending log: {'timestamp': '2025-05-31 17:52:22', 'level': 'ERROR', 'message': 'Payment gateway timeout'}
[2025-05-31T17:52:24.234+0000] {subprocess.py:93} INFO - Sending log: {'timestamp': '2025-05-31 17:52:24', 'level': 'WARNING', 'message': 'High memory usage'}
[2025-05-31T17:52:26.191+0000] {subprocess.py:93} INFO - Sending log: {'timestamp': '2025-05-31 17:52:26', 'level': 'INFO', 'message': 'Search executed'}
[2025-05-31T17:52:28.192+0000] {subprocess.py:93} INFO - Sending log: {'timestamp': '2025-05-31 17:52:28', 'level': 'WARNING', 'message': 'Slow response time'}
[2025-05-31T17:52:30.243+0000] {subprocess.py:93} INFO - Sending log: {'timestamp': '2025-05-31 17:52:30', 'level': 'ERROR', 'message': 'Database connection failed'}
[2025-05-31T17:52:32.244+0000] {subprocess.py:93} INFO - Sending log: {'timestamp': '2025-05-31 17:52:32', 'level': 'INFO', 'message': 'Search executed'}
[2025-05-31T17:52:34.245+0000] {subprocess.py:93} INFO - Sending log: {'timestamp': '2025-05-31 17:52:34', 'level': 'INFO', 'message': 'Search executed'}
[2025-05-31T17:52:36.245+0000] {subprocess.py:93} INFO - Sending log: {'timestamp': '2025-05-31 17:52:36', 'level': 'INFO', 'message': 'Search executed'}
[2025-05-31T17:52:38.246+0000] {subprocess.py:93} INFO - Sending log: {'timestamp': '2025-05-31 17:52:38', 'level': 'INFO', 'message': 'User logged in'}
[2025-05-31T17:52:40.246+0000] {subprocess.py:93} INFO - Sending log: {'timestamp': '2025-05-31 17:52:40', 'level': 'WARNING', 'message': 'High memory usage'}
[2025-05-31T17:52:42.247+0000] {subprocess.py:93} INFO - Sending log: {'timestamp': '2025-05-31 17:52:42', 'level': 'WARNING', 'message': 'High memory usage'}
[2025-05-31T17:52:44.247+0000] {subprocess.py:93} INFO - Sending log: {'timestamp': '2025-05-31 17:52:44', 'level': 'ERROR', 'message': 'Database connection failed'}
[2025-05-31T17:52:46.248+0000] {subprocess.py:93} INFO - Sending log: {'timestamp': '2025-05-31 17:52:46', 'level': 'ERROR', 'message': 'Database connection failed'}
[2025-05-31T17:52:48.249+0000] {subprocess.py:93} INFO - Sending log: {'timestamp': '2025-05-31 17:52:48', 'level': 'ERROR', 'message': 'Database connection failed'}
[2025-05-31T17:52:50.249+0000] {subprocess.py:93} INFO - Sending log: {'timestamp': '2025-05-31 17:52:50', 'level': 'INFO', 'message': 'User logged in'}
[2025-05-31T17:52:52.250+0000] {subprocess.py:93} INFO - Sending log: {'timestamp': '2025-05-31 17:52:52', 'level': 'WARNING', 'message': 'High memory usage'}
[2025-05-31T17:52:54.250+0000] {subprocess.py:93} INFO - Sending log: {'timestamp': '2025-05-31 17:52:54', 'level': 'INFO', 'message': 'Page loaded'}
[2025-05-31T17:52:54.388+0000] {local_task_job_runner.py:127} ERROR - Received SIGTERM. Terminating subprocesses
[2025-05-31T17:52:55.853+0000] {process_utils.py:132} INFO - Sending 15 to group 1119. PIDs of all processes in the group: [1121, 1119]
[2025-05-31T17:52:56.027+0000] {process_utils.py:87} INFO - Sending the signal 15 to group 1119
[2025-05-31T17:52:56.269+0000] {taskinstance.py:3092} ERROR - Received SIGTERM. Terminating subprocesses.
[2025-05-31T17:52:56.401+0000] {subprocess.py:104} INFO - Sending SIGTERM signal to process group
[2025-05-31T17:52:58.600+0000] {taskinstance.py:3310} ERROR - Task failed with exception
Traceback (most recent call last):
  File "/home/airflow/.local/lib/python3.12/site-packages/airflow/models/taskinstance.py", line 767, in _execute_task
    result = _execute_callable(context=context, **execute_callable_kwargs)
             ^^^^^^^^^^^^^^^^^^^^^^^^^^^^^^^^^^^^^^^^^^^^^^^^^^^^^^^^^^^^^
  File "/home/airflow/.local/lib/python3.12/site-packages/airflow/models/taskinstance.py", line 733, in _execute_callable
    return ExecutionCallableRunner(
           ^^^^^^^^^^^^^^^^^^^^^^^^
  File "/home/airflow/.local/lib/python3.12/site-packages/airflow/utils/operator_helpers.py", line 252, in run
    return self.func(*args, **kwargs)
           ^^^^^^^^^^^^^^^^^^^^^^^^^^
  File "/home/airflow/.local/lib/python3.12/site-packages/airflow/models/baseoperator.py", line 406, in wrapper
    return func(self, *args, **kwargs)
           ^^^^^^^^^^^^^^^^^^^^^^^^^^^
  File "/home/airflow/.local/lib/python3.12/site-packages/airflow/operators/bash.py", line 240, in execute
    result = self.subprocess_hook.run_command(
             ^^^^^^^^^^^^^^^^^^^^^^^^^^^^^^^^^
  File "/home/airflow/.local/lib/python3.12/site-packages/airflow/hooks/subprocess.py", line 91, in run_command
    for raw_line in iter(self.sub_process.stdout.readline, b""):
                    ^^^^^^^^^^^^^^^^^^^^^^^^^^^^^^^^^^^^^^^^^^^
  File "/home/airflow/.local/lib/python3.12/site-packages/airflow/models/taskinstance.py", line 3094, in signal_handler
    raise AirflowTaskTerminated("Task received SIGTERM signal")
airflow.exceptions.AirflowTaskTerminated: Task received SIGTERM signal
[2025-05-31T17:53:02.206+0000] {taskinstance.py:1225} INFO - Marking task as FAILED. dag_id=log_monitoring_dag, task_id=start_log_producer, run_id=scheduled__2025-05-31T16:30:00+00:00, execution_date=20250531T163000, start_date=20250531T172632, end_date=20250531T175302
[2025-05-31T17:53:07.551+0000] {taskinstance.py:340} INFO - ::group::Post task execution logs
[2025-05-31T17:53:07.879+0000] {process_utils.py:80} INFO - Process psutil.Process(pid=1121, status='terminated', started='17:26:32') (1121) terminated with exit code None
[2025-05-31T17:53:08.328+0000] {process_utils.py:80} INFO - Process psutil.Process(pid=1119, status='terminated', exitcode=2, started='17:26:32') (1119) terminated with exit code 2
[2025-05-31T17:53:09.097+0000] {local_task_job_runner.py:266} INFO - Task exited with return code 143
