[2025-05-31T19:20:00.595+0000] {local_task_job_runner.py:123} INFO - ::group::Pre task execution logs
[2025-05-31T19:20:00.614+0000] {taskinstance.py:2612} INFO - Dependencies all met for dep_context=non-requeueable deps ti=<TaskInstance: log_monitoring_dag.start_log_producer scheduled__2025-05-31T19:15:00+00:00 [queued]>
[2025-05-31T19:20:00.623+0000] {taskinstance.py:2612} INFO - Dependencies all met for dep_context=requeueable deps ti=<TaskInstance: log_monitoring_dag.start_log_producer scheduled__2025-05-31T19:15:00+00:00 [queued]>
[2025-05-31T19:20:00.624+0000] {taskinstance.py:2865} INFO - Starting attempt 1 of 2
[2025-05-31T19:20:00.642+0000] {taskinstance.py:2888} INFO - Executing <Task(BashOperator): start_log_producer> on 2025-05-31 19:15:00+00:00
[2025-05-31T19:20:00.702+0000] {logging_mixin.py:190} WARNING - /home/***/.local/lib/python3.12/site-packages/***/task/task_runner/standard_task_runner.py:70 DeprecationWarning: This process (pid=193) is multi-threaded, use of fork() may lead to deadlocks in the child.
[2025-05-31T19:20:00.701+0000] {standard_task_runner.py:104} INFO - Running: ['***', 'tasks', 'run', 'log_monitoring_dag', 'start_log_producer', 'scheduled__2025-05-31T19:15:00+00:00', '--job-id', '10', '--raw', '--subdir', 'DAGS_FOLDER/log_monitoring_dag.py', '--cfg-path', '/tmp/tmpogi99pc4']
[2025-05-31T19:20:00.703+0000] {standard_task_runner.py:72} INFO - Started process 194 to run task
[2025-05-31T19:20:00.704+0000] {standard_task_runner.py:105} INFO - Job 10: Subtask start_log_producer
[2025-05-31T19:20:00.823+0000] {logging_mixin.py:190} WARNING - /home/***/.local/lib/python3.12/site-packages/***/settings.py:209 DeprecationWarning: The sql_alchemy_conn option in [core] has been moved to the sql_alchemy_conn option in [database] - the old setting has been used, but please update your config.
[2025-05-31T19:20:00.887+0000] {task_command.py:467} INFO - Running <TaskInstance: log_monitoring_dag.start_log_producer scheduled__2025-05-31T19:15:00+00:00 [running]> on host fcc5407a0544
[2025-05-31T19:20:00.889+0000] {logging_mixin.py:190} WARNING - /home/***/.local/lib/python3.12/site-packages/***/settings.py:470 DeprecationWarning: The sql_alchemy_conn option in [core] has been moved to the sql_alchemy_conn option in [database] - the old setting has been used, but please update your config.
[2025-05-31T19:20:01.037+0000] {taskinstance.py:3131} INFO - Exporting env vars: AIRFLOW_CTX_DAG_OWNER='***' AIRFLOW_CTX_DAG_ID='log_monitoring_dag' AIRFLOW_CTX_TASK_ID='start_log_producer' AIRFLOW_CTX_EXECUTION_DATE='2025-05-31T19:15:00+00:00' AIRFLOW_CTX_TRY_NUMBER='1' AIRFLOW_CTX_DAG_RUN_ID='scheduled__2025-05-31T19:15:00+00:00'
[2025-05-31T19:20:01.039+0000] {taskinstance.py:731} INFO - ::endgroup::
[2025-05-31T19:20:01.059+0000] {subprocess.py:63} INFO - Tmp dir root location: /tmp
[2025-05-31T19:20:01.060+0000] {subprocess.py:75} INFO - Running command: ['/usr/bin/bash', '-c', 'cd /opt/***/app && python -u log_producer.py']
[2025-05-31T19:20:01.069+0000] {subprocess.py:86} INFO - Output:
[2025-05-31T19:20:01.771+0000] {subprocess.py:93} INFO - Sending log: {'timestamp': '2025-05-31 19:20:01', 'level': 'ERROR', 'message': 'Database connection failed'}
[2025-05-31T19:20:02.879+0000] {subprocess.py:93} INFO - Sending log: {'timestamp': '2025-05-31 19:20:02', 'level': 'INFO', 'message': 'User logged in'}
[2025-05-31T19:20:03.880+0000] {subprocess.py:93} INFO - Sending log: {'timestamp': '2025-05-31 19:20:03', 'level': 'WARNING', 'message': 'High memory usage'}
[2025-05-31T19:20:04.881+0000] {subprocess.py:93} INFO - Sending log: {'timestamp': '2025-05-31 19:20:04', 'level': 'WARNING', 'message': 'High memory usage'}
[2025-05-31T19:20:05.881+0000] {subprocess.py:93} INFO - Sending log: {'timestamp': '2025-05-31 19:20:05', 'level': 'WARNING', 'message': 'Slow response time'}
[2025-05-31T19:20:06.881+0000] {subprocess.py:93} INFO - Sending log: {'timestamp': '2025-05-31 19:20:06', 'level': 'INFO', 'message': 'User logged in'}
[2025-05-31T19:20:07.882+0000] {subprocess.py:93} INFO - Sending log: {'timestamp': '2025-05-31 19:20:07', 'level': 'INFO', 'message': 'Search executed'}
[2025-05-31T19:20:08.882+0000] {subprocess.py:93} INFO - Sending log: {'timestamp': '2025-05-31 19:20:08', 'level': 'ERROR', 'message': 'Payment gateway timeout'}
[2025-05-31T19:20:09.883+0000] {subprocess.py:93} INFO - Sending log: {'timestamp': '2025-05-31 19:20:09', 'level': 'WARNING', 'message': 'Slow response time'}
[2025-05-31T19:20:10.883+0000] {subprocess.py:93} INFO - Sending log: {'timestamp': '2025-05-31 19:20:10', 'level': 'INFO', 'message': 'Search executed'}
[2025-05-31T19:20:11.884+0000] {subprocess.py:93} INFO - Sending log: {'timestamp': '2025-05-31 19:20:11', 'level': 'WARNING', 'message': 'High memory usage'}
[2025-05-31T19:20:12.884+0000] {subprocess.py:93} INFO - Sending log: {'timestamp': '2025-05-31 19:20:12', 'level': 'INFO', 'message': 'Search executed'}
[2025-05-31T19:20:13.885+0000] {subprocess.py:93} INFO - Sending log: {'timestamp': '2025-05-31 19:20:13', 'level': 'WARNING', 'message': 'Slow response time'}
[2025-05-31T19:20:14.885+0000] {subprocess.py:93} INFO - Sending log: {'timestamp': '2025-05-31 19:20:14', 'level': 'INFO', 'message': 'Page loaded'}
[2025-05-31T19:20:15.886+0000] {subprocess.py:93} INFO - Sending log: {'timestamp': '2025-05-31 19:20:15', 'level': 'INFO', 'message': 'User logged in'}
[2025-05-31T19:20:16.886+0000] {subprocess.py:93} INFO - Sending log: {'timestamp': '2025-05-31 19:20:16', 'level': 'ERROR', 'message': 'Payment gateway timeout'}
[2025-05-31T19:20:17.887+0000] {subprocess.py:93} INFO - Sending log: {'timestamp': '2025-05-31 19:20:17', 'level': 'ERROR', 'message': 'Payment gateway timeout'}
[2025-05-31T19:20:18.887+0000] {subprocess.py:93} INFO - Sending log: {'timestamp': '2025-05-31 19:20:18', 'level': 'INFO', 'message': 'User logged in'}
[2025-05-31T19:20:19.888+0000] {subprocess.py:93} INFO - Sending log: {'timestamp': '2025-05-31 19:20:19', 'level': 'INFO', 'message': 'Page loaded'}
[2025-05-31T19:20:20.885+0000] {subprocess.py:93} INFO - Sending log: {'timestamp': '2025-05-31 19:20:20', 'level': 'INFO', 'message': 'Page loaded'}
[2025-05-31T19:20:21.885+0000] {subprocess.py:93} INFO - Sending log: {'timestamp': '2025-05-31 19:20:21', 'level': 'INFO', 'message': 'Search executed'}
[2025-05-31T19:20:22.886+0000] {subprocess.py:93} INFO - Sending log: {'timestamp': '2025-05-31 19:20:22', 'level': 'WARNING', 'message': 'High memory usage'}
[2025-05-31T19:20:23.886+0000] {subprocess.py:93} INFO - Sending log: {'timestamp': '2025-05-31 19:20:23', 'level': 'WARNING', 'message': 'Slow response time'}
[2025-05-31T19:20:24.887+0000] {subprocess.py:93} INFO - Sending log: {'timestamp': '2025-05-31 19:20:24', 'level': 'INFO', 'message': 'User logged in'}
[2025-05-31T19:20:25.887+0000] {subprocess.py:93} INFO - Sending log: {'timestamp': '2025-05-31 19:20:25', 'level': 'INFO', 'message': 'Page loaded'}
[2025-05-31T19:20:26.888+0000] {subprocess.py:93} INFO - Sending log: {'timestamp': '2025-05-31 19:20:26', 'level': 'INFO', 'message': 'Page loaded'}
[2025-05-31T19:20:27.889+0000] {subprocess.py:93} INFO - Sending log: {'timestamp': '2025-05-31 19:20:27', 'level': 'ERROR', 'message': 'Database connection failed'}
[2025-05-31T19:20:28.889+0000] {subprocess.py:93} INFO - Sending log: {'timestamp': '2025-05-31 19:20:28', 'level': 'WARNING', 'message': 'Slow response time'}
[2025-05-31T19:20:29.890+0000] {subprocess.py:93} INFO - Sending log: {'timestamp': '2025-05-31 19:20:29', 'level': 'INFO', 'message': 'User logged in'}
[2025-05-31T19:20:31.114+0000] {subprocess.py:93} INFO - Sending log: {'timestamp': '2025-05-31 19:20:31', 'level': 'INFO', 'message': 'User logged in'}
[2025-05-31T19:20:32.115+0000] {subprocess.py:93} INFO - Sending log: {'timestamp': '2025-05-31 19:20:32', 'level': 'WARNING', 'message': 'High memory usage'}
[2025-05-31T19:20:33.116+0000] {subprocess.py:93} INFO - Sending log: {'timestamp': '2025-05-31 19:20:33', 'level': 'WARNING', 'message': 'Slow response time'}
[2025-05-31T19:20:34.116+0000] {subprocess.py:93} INFO - Sending log: {'timestamp': '2025-05-31 19:20:34', 'level': 'INFO', 'message': 'User logged in'}
[2025-05-31T19:20:35.117+0000] {subprocess.py:93} INFO - Sending log: {'timestamp': '2025-05-31 19:20:35', 'level': 'ERROR', 'message': 'Payment gateway timeout'}
[2025-05-31T19:20:36.125+0000] {subprocess.py:93} INFO - Sending log: {'timestamp': '2025-05-31 19:20:36', 'level': 'WARNING', 'message': 'High memory usage'}
[2025-05-31T19:20:37.453+0000] {subprocess.py:93} INFO - Sending log: {'timestamp': '2025-05-31 19:20:37', 'level': 'WARNING', 'message': 'High memory usage'}
[2025-05-31T19:20:38.437+0000] {subprocess.py:93} INFO - Sending log: {'timestamp': '2025-05-31 19:20:38', 'level': 'INFO', 'message': 'User logged in'}
[2025-05-31T19:20:39.653+0000] {subprocess.py:93} INFO - Sending log: {'timestamp': '2025-05-31 19:20:39', 'level': 'INFO', 'message': 'Page loaded'}
[2025-05-31T19:20:40.654+0000] {subprocess.py:93} INFO - Sending log: {'timestamp': '2025-05-31 19:20:40', 'level': 'INFO', 'message': 'Page loaded'}
[2025-05-31T19:20:41.697+0000] {subprocess.py:93} INFO - Sending log: {'timestamp': '2025-05-31 19:20:41', 'level': 'INFO', 'message': 'Page loaded'}
[2025-05-31T19:20:42.698+0000] {subprocess.py:93} INFO - Sending log: {'timestamp': '2025-05-31 19:20:42', 'level': 'ERROR', 'message': 'Database connection failed'}
[2025-05-31T19:20:43.913+0000] {subprocess.py:93} INFO - Sending log: {'timestamp': '2025-05-31 19:20:43', 'level': 'WARNING', 'message': 'Slow response time'}
[2025-05-31T19:20:44.936+0000] {subprocess.py:93} INFO - Sending log: {'timestamp': '2025-05-31 19:20:44', 'level': 'WARNING', 'message': 'High memory usage'}
[2025-05-31T19:20:45.950+0000] {subprocess.py:93} INFO - Sending log: {'timestamp': '2025-05-31 19:20:45', 'level': 'ERROR', 'message': 'Database connection failed'}
[2025-05-31T19:20:46.959+0000] {subprocess.py:93} INFO - Sending log: {'timestamp': '2025-05-31 19:20:46', 'level': 'WARNING', 'message': 'Slow response time'}
[2025-05-31T19:20:47.956+0000] {subprocess.py:93} INFO - Sending log: {'timestamp': '2025-05-31 19:20:47', 'level': 'ERROR', 'message': 'Payment gateway timeout'}
[2025-05-31T19:20:49.141+0000] {subprocess.py:93} INFO - Sending log: {'timestamp': '2025-05-31 19:20:49', 'level': 'ERROR', 'message': 'Database connection failed'}
[2025-05-31T19:20:50.142+0000] {subprocess.py:93} INFO - Sending log: {'timestamp': '2025-05-31 19:20:50', 'level': 'INFO', 'message': 'Page loaded'}
[2025-05-31T19:20:51.134+0000] {subprocess.py:93} INFO - Sending log: {'timestamp': '2025-05-31 19:20:51', 'level': 'INFO', 'message': 'Page loaded'}
[2025-05-31T19:20:52.134+0000] {subprocess.py:93} INFO - Sending log: {'timestamp': '2025-05-31 19:20:52', 'level': 'WARNING', 'message': 'Slow response time'}
[2025-05-31T19:20:53.134+0000] {subprocess.py:93} INFO - Sending log: {'timestamp': '2025-05-31 19:20:53', 'level': 'WARNING', 'message': 'High memory usage'}
[2025-05-31T19:20:54.135+0000] {subprocess.py:93} INFO - Sending log: {'timestamp': '2025-05-31 19:20:54', 'level': 'WARNING', 'message': 'High memory usage'}
[2025-05-31T19:20:55.135+0000] {subprocess.py:93} INFO - Sending log: {'timestamp': '2025-05-31 19:20:55', 'level': 'WARNING', 'message': 'Slow response time'}
[2025-05-31T19:20:56.139+0000] {subprocess.py:93} INFO - Sending log: {'timestamp': '2025-05-31 19:20:56', 'level': 'INFO', 'message': 'Search executed'}
[2025-05-31T19:20:57.139+0000] {subprocess.py:93} INFO - Sending log: {'timestamp': '2025-05-31 19:20:57', 'level': 'ERROR', 'message': 'Payment gateway timeout'}
[2025-05-31T19:20:58.140+0000] {subprocess.py:93} INFO - Sending log: {'timestamp': '2025-05-31 19:20:58', 'level': 'ERROR', 'message': 'Payment gateway timeout'}
[2025-05-31T19:20:59.176+0000] {subprocess.py:93} INFO - Sending log: {'timestamp': '2025-05-31 19:20:59', 'level': 'ERROR', 'message': 'Payment gateway timeout'}
[2025-05-31T19:21:00.177+0000] {subprocess.py:93} INFO - Sending log: {'timestamp': '2025-05-31 19:21:00', 'level': 'INFO', 'message': 'User logged in'}
[2025-05-31T19:21:01.177+0000] {subprocess.py:93} INFO - Sending log: {'timestamp': '2025-05-31 19:21:01', 'level': 'INFO', 'message': 'Page loaded'}
[2025-05-31T19:21:02.178+0000] {subprocess.py:93} INFO - Sending log: {'timestamp': '2025-05-31 19:21:02', 'level': 'ERROR', 'message': 'Database connection failed'}
[2025-05-31T19:21:03.178+0000] {subprocess.py:93} INFO - Sending log: {'timestamp': '2025-05-31 19:21:03', 'level': 'ERROR', 'message': 'Payment gateway timeout'}
[2025-05-31T19:21:04.179+0000] {subprocess.py:93} INFO - Sending log: {'timestamp': '2025-05-31 19:21:04', 'level': 'WARNING', 'message': 'High memory usage'}
[2025-05-31T19:21:05.222+0000] {subprocess.py:93} INFO - Sending log: {'timestamp': '2025-05-31 19:21:05', 'level': 'INFO', 'message': 'Page loaded'}
[2025-05-31T19:21:05.942+0000] {job.py:229} INFO - Heartbeat recovered after 18.92 seconds
[2025-05-31T19:21:06.562+0000] {subprocess.py:93} INFO - Sending log: {'timestamp': '2025-05-31 19:21:06', 'level': 'INFO', 'message': 'User logged in'}
[2025-05-31T19:21:07.526+0000] {subprocess.py:93} INFO - Sending log: {'timestamp': '2025-05-31 19:21:07', 'level': 'ERROR', 'message': 'Payment gateway timeout'}
[2025-05-31T19:21:08.535+0000] {subprocess.py:93} INFO - Sending log: {'timestamp': '2025-05-31 19:21:08', 'level': 'WARNING', 'message': 'High memory usage'}
[2025-05-31T19:21:09.535+0000] {subprocess.py:93} INFO - Sending log: {'timestamp': '2025-05-31 19:21:09', 'level': 'WARNING', 'message': 'Slow response time'}
[2025-05-31T19:21:10.585+0000] {subprocess.py:93} INFO - Sending log: {'timestamp': '2025-05-31 19:21:10', 'level': 'WARNING', 'message': 'Slow response time'}
[2025-05-31T19:21:11.585+0000] {subprocess.py:93} INFO - Sending log: {'timestamp': '2025-05-31 19:21:11', 'level': 'WARNING', 'message': 'High memory usage'}
[2025-05-31T19:21:12.052+0000] {job.py:229} INFO - Heartbeat recovered after 12.19 seconds
[2025-05-31T19:21:12.628+0000] {subprocess.py:93} INFO - Sending log: {'timestamp': '2025-05-31 19:21:12', 'level': 'WARNING', 'message': 'High memory usage'}
[2025-05-31T19:21:13.784+0000] {subprocess.py:93} INFO - Sending log: {'timestamp': '2025-05-31 19:21:13', 'level': 'WARNING', 'message': 'Slow response time'}
[2025-05-31T19:21:14.845+0000] {subprocess.py:93} INFO - Sending log: {'timestamp': '2025-05-31 19:21:14', 'level': 'ERROR', 'message': 'Payment gateway timeout'}
[2025-05-31T19:21:15.846+0000] {subprocess.py:93} INFO - Sending log: {'timestamp': '2025-05-31 19:21:15', 'level': 'WARNING', 'message': 'Slow response time'}
[2025-05-31T19:21:16.846+0000] {subprocess.py:93} INFO - Sending log: {'timestamp': '2025-05-31 19:21:16', 'level': 'ERROR', 'message': 'Database connection failed'}
[2025-05-31T19:21:17.847+0000] {subprocess.py:93} INFO - Sending log: {'timestamp': '2025-05-31 19:21:17', 'level': 'ERROR', 'message': 'Payment gateway timeout'}
[2025-05-31T19:21:18.849+0000] {subprocess.py:93} INFO - Sending log: {'timestamp': '2025-05-31 19:21:18', 'level': 'INFO', 'message': 'Search executed'}
[2025-05-31T19:21:19.849+0000] {subprocess.py:93} INFO - Sending log: {'timestamp': '2025-05-31 19:21:19', 'level': 'INFO', 'message': 'Page loaded'}
[2025-05-31T19:21:20.854+0000] {subprocess.py:93} INFO - Sending log: {'timestamp': '2025-05-31 19:21:20', 'level': 'WARNING', 'message': 'High memory usage'}
[2025-05-31T19:21:21.855+0000] {subprocess.py:93} INFO - Sending log: {'timestamp': '2025-05-31 19:21:21', 'level': 'WARNING', 'message': 'High memory usage'}
[2025-05-31T19:21:22.855+0000] {subprocess.py:93} INFO - Sending log: {'timestamp': '2025-05-31 19:21:22', 'level': 'INFO', 'message': 'Search executed'}
[2025-05-31T19:21:23.856+0000] {subprocess.py:93} INFO - Sending log: {'timestamp': '2025-05-31 19:21:23', 'level': 'WARNING', 'message': 'High memory usage'}
[2025-05-31T19:21:24.856+0000] {subprocess.py:93} INFO - Sending log: {'timestamp': '2025-05-31 19:21:24', 'level': 'INFO', 'message': 'Page loaded'}
[2025-05-31T19:21:25.857+0000] {subprocess.py:93} INFO - Sending log: {'timestamp': '2025-05-31 19:21:25', 'level': 'WARNING', 'message': 'Slow response time'}
[2025-05-31T19:21:26.859+0000] {subprocess.py:93} INFO - Sending log: {'timestamp': '2025-05-31 19:21:26', 'level': 'WARNING', 'message': 'High memory usage'}
[2025-05-31T19:21:27.859+0000] {subprocess.py:93} INFO - Sending log: {'timestamp': '2025-05-31 19:21:27', 'level': 'WARNING', 'message': 'High memory usage'}
[2025-05-31T19:21:28.860+0000] {subprocess.py:93} INFO - Sending log: {'timestamp': '2025-05-31 19:21:28', 'level': 'INFO', 'message': 'Search executed'}
[2025-05-31T19:21:29.860+0000] {subprocess.py:93} INFO - Sending log: {'timestamp': '2025-05-31 19:21:29', 'level': 'INFO', 'message': 'Search executed'}
[2025-05-31T19:21:30.861+0000] {subprocess.py:93} INFO - Sending log: {'timestamp': '2025-05-31 19:21:30', 'level': 'WARNING', 'message': 'High memory usage'}
[2025-05-31T19:21:31.861+0000] {subprocess.py:93} INFO - Sending log: {'timestamp': '2025-05-31 19:21:31', 'level': 'ERROR', 'message': 'Database connection failed'}
[2025-05-31T19:21:32.878+0000] {subprocess.py:93} INFO - Sending log: {'timestamp': '2025-05-31 19:21:32', 'level': 'WARNING', 'message': 'High memory usage'}
[2025-05-31T19:21:33.879+0000] {subprocess.py:93} INFO - Sending log: {'timestamp': '2025-05-31 19:21:33', 'level': 'INFO', 'message': 'Page loaded'}
[2025-05-31T19:21:34.879+0000] {subprocess.py:93} INFO - Sending log: {'timestamp': '2025-05-31 19:21:34', 'level': 'INFO', 'message': 'User logged in'}
[2025-05-31T19:21:35.880+0000] {subprocess.py:93} INFO - Sending log: {'timestamp': '2025-05-31 19:21:35', 'level': 'INFO', 'message': 'Search executed'}
[2025-05-31T19:21:36.880+0000] {subprocess.py:93} INFO - Sending log: {'timestamp': '2025-05-31 19:21:36', 'level': 'ERROR', 'message': 'Payment gateway timeout'}
[2025-05-31T19:21:37.881+0000] {subprocess.py:93} INFO - Sending log: {'timestamp': '2025-05-31 19:21:37', 'level': 'WARNING', 'message': 'High memory usage'}
[2025-05-31T19:21:38.881+0000] {subprocess.py:93} INFO - Sending log: {'timestamp': '2025-05-31 19:21:38', 'level': 'WARNING', 'message': 'High memory usage'}
[2025-05-31T19:21:39.883+0000] {subprocess.py:93} INFO - Sending log: {'timestamp': '2025-05-31 19:21:39', 'level': 'WARNING', 'message': 'High memory usage'}
[2025-05-31T19:21:40.884+0000] {subprocess.py:93} INFO - Sending log: {'timestamp': '2025-05-31 19:21:40', 'level': 'INFO', 'message': 'Page loaded'}
[2025-05-31T19:21:41.884+0000] {subprocess.py:93} INFO - Sending log: {'timestamp': '2025-05-31 19:21:41', 'level': 'ERROR', 'message': 'Payment gateway timeout'}
[2025-05-31T19:21:42.885+0000] {subprocess.py:93} INFO - Sending log: {'timestamp': '2025-05-31 19:21:42', 'level': 'INFO', 'message': 'Page loaded'}
[2025-05-31T19:21:43.887+0000] {subprocess.py:93} INFO - Sending log: {'timestamp': '2025-05-31 19:21:43', 'level': 'ERROR', 'message': 'Payment gateway timeout'}
[2025-05-31T19:21:44.900+0000] {subprocess.py:93} INFO - Sending log: {'timestamp': '2025-05-31 19:21:44', 'level': 'ERROR', 'message': 'Payment gateway timeout'}
[2025-05-31T19:21:45.900+0000] {subprocess.py:93} INFO - Sending log: {'timestamp': '2025-05-31 19:21:45', 'level': 'ERROR', 'message': 'Database connection failed'}
[2025-05-31T19:21:46.901+0000] {subprocess.py:93} INFO - Sending log: {'timestamp': '2025-05-31 19:21:46', 'level': 'INFO', 'message': 'Page loaded'}
[2025-05-31T19:21:47.902+0000] {subprocess.py:93} INFO - Sending log: {'timestamp': '2025-05-31 19:21:47', 'level': 'ERROR', 'message': 'Database connection failed'}
[2025-05-31T19:21:48.902+0000] {subprocess.py:93} INFO - Sending log: {'timestamp': '2025-05-31 19:21:48', 'level': 'ERROR', 'message': 'Database connection failed'}
[2025-05-31T19:21:49.903+0000] {subprocess.py:93} INFO - Sending log: {'timestamp': '2025-05-31 19:21:49', 'level': 'ERROR', 'message': 'Payment gateway timeout'}
[2025-05-31T19:21:50.903+0000] {subprocess.py:93} INFO - Sending log: {'timestamp': '2025-05-31 19:21:50', 'level': 'ERROR', 'message': 'Database connection failed'}
[2025-05-31T19:21:51.904+0000] {subprocess.py:93} INFO - Sending log: {'timestamp': '2025-05-31 19:21:51', 'level': 'ERROR', 'message': 'Payment gateway timeout'}
[2025-05-31T19:21:52.904+0000] {subprocess.py:93} INFO - Sending log: {'timestamp': '2025-05-31 19:21:52', 'level': 'ERROR', 'message': 'Payment gateway timeout'}
[2025-05-31T19:21:53.905+0000] {subprocess.py:93} INFO - Sending log: {'timestamp': '2025-05-31 19:21:53', 'level': 'WARNING', 'message': 'Slow response time'}
[2025-05-31T19:21:54.905+0000] {subprocess.py:93} INFO - Sending log: {'timestamp': '2025-05-31 19:21:54', 'level': 'WARNING', 'message': 'High memory usage'}
[2025-05-31T19:21:55.906+0000] {subprocess.py:93} INFO - Sending log: {'timestamp': '2025-05-31 19:21:55', 'level': 'ERROR', 'message': 'Payment gateway timeout'}
[2025-05-31T19:21:56.907+0000] {subprocess.py:93} INFO - Sending log: {'timestamp': '2025-05-31 19:21:56', 'level': 'WARNING', 'message': 'High memory usage'}
[2025-05-31T19:21:57.908+0000] {subprocess.py:93} INFO - Sending log: {'timestamp': '2025-05-31 19:21:57', 'level': 'INFO', 'message': 'Page loaded'}
[2025-05-31T19:21:58.909+0000] {subprocess.py:93} INFO - Sending log: {'timestamp': '2025-05-31 19:21:58', 'level': 'INFO', 'message': 'Page loaded'}
[2025-05-31T19:21:59.909+0000] {subprocess.py:93} INFO - Sending log: {'timestamp': '2025-05-31 19:21:59', 'level': 'ERROR', 'message': 'Payment gateway timeout'}
[2025-05-31T19:22:00.910+0000] {subprocess.py:93} INFO - Sending log: {'timestamp': '2025-05-31 19:22:00', 'level': 'INFO', 'message': 'Page loaded'}
[2025-05-31T19:22:01.910+0000] {subprocess.py:93} INFO - Sending log: {'timestamp': '2025-05-31 19:22:01', 'level': 'INFO', 'message': 'Search executed'}
[2025-05-31T19:22:02.910+0000] {subprocess.py:93} INFO - Sending log: {'timestamp': '2025-05-31 19:22:02', 'level': 'INFO', 'message': 'Page loaded'}
[2025-05-31T19:22:03.911+0000] {subprocess.py:93} INFO - Sending log: {'timestamp': '2025-05-31 19:22:03', 'level': 'INFO', 'message': 'Search executed'}
[2025-05-31T19:22:04.911+0000] {subprocess.py:93} INFO - Sending log: {'timestamp': '2025-05-31 19:22:04', 'level': 'WARNING', 'message': 'High memory usage'}
[2025-05-31T19:22:05.912+0000] {subprocess.py:93} INFO - Sending log: {'timestamp': '2025-05-31 19:22:05', 'level': 'INFO', 'message': 'User logged in'}
[2025-05-31T19:22:06.912+0000] {subprocess.py:93} INFO - Sending log: {'timestamp': '2025-05-31 19:22:06', 'level': 'ERROR', 'message': 'Payment gateway timeout'}
[2025-05-31T19:22:07.913+0000] {subprocess.py:93} INFO - Sending log: {'timestamp': '2025-05-31 19:22:07', 'level': 'INFO', 'message': 'Search executed'}
[2025-05-31T19:22:08.913+0000] {subprocess.py:93} INFO - Sending log: {'timestamp': '2025-05-31 19:22:08', 'level': 'WARNING', 'message': 'High memory usage'}
[2025-05-31T19:22:09.913+0000] {subprocess.py:93} INFO - Sending log: {'timestamp': '2025-05-31 19:22:09', 'level': 'ERROR', 'message': 'Payment gateway timeout'}
[2025-05-31T19:22:10.914+0000] {subprocess.py:93} INFO - Sending log: {'timestamp': '2025-05-31 19:22:10', 'level': 'INFO', 'message': 'Search executed'}
[2025-05-31T19:22:11.914+0000] {subprocess.py:93} INFO - Sending log: {'timestamp': '2025-05-31 19:22:11', 'level': 'ERROR', 'message': 'Database connection failed'}
[2025-05-31T19:22:12.915+0000] {subprocess.py:93} INFO - Sending log: {'timestamp': '2025-05-31 19:22:12', 'level': 'ERROR', 'message': 'Database connection failed'}
[2025-05-31T19:22:13.915+0000] {subprocess.py:93} INFO - Sending log: {'timestamp': '2025-05-31 19:22:13', 'level': 'INFO', 'message': 'Page loaded'}
[2025-05-31T19:22:14.916+0000] {subprocess.py:93} INFO - Sending log: {'timestamp': '2025-05-31 19:22:14', 'level': 'WARNING', 'message': 'Slow response time'}
[2025-05-31T19:22:15.916+0000] {subprocess.py:93} INFO - Sending log: {'timestamp': '2025-05-31 19:22:15', 'level': 'INFO', 'message': 'User logged in'}
[2025-05-31T19:22:16.917+0000] {subprocess.py:93} INFO - Sending log: {'timestamp': '2025-05-31 19:22:16', 'level': 'ERROR', 'message': 'Database connection failed'}
[2025-05-31T19:22:17.919+0000] {subprocess.py:93} INFO - Sending log: {'timestamp': '2025-05-31 19:22:17', 'level': 'WARNING', 'message': 'Slow response time'}
[2025-05-31T19:22:18.920+0000] {subprocess.py:93} INFO - Sending log: {'timestamp': '2025-05-31 19:22:18', 'level': 'WARNING', 'message': 'High memory usage'}
[2025-05-31T19:22:19.920+0000] {subprocess.py:93} INFO - Sending log: {'timestamp': '2025-05-31 19:22:19', 'level': 'WARNING', 'message': 'Slow response time'}
[2025-05-31T19:22:20.920+0000] {subprocess.py:93} INFO - Sending log: {'timestamp': '2025-05-31 19:22:20', 'level': 'INFO', 'message': 'Page loaded'}
[2025-05-31T19:22:21.920+0000] {subprocess.py:93} INFO - Sending log: {'timestamp': '2025-05-31 19:22:21', 'level': 'INFO', 'message': 'Page loaded'}
[2025-05-31T19:22:22.921+0000] {subprocess.py:93} INFO - Sending log: {'timestamp': '2025-05-31 19:22:22', 'level': 'WARNING', 'message': 'Slow response time'}
[2025-05-31T19:22:23.921+0000] {subprocess.py:93} INFO - Sending log: {'timestamp': '2025-05-31 19:22:23', 'level': 'ERROR', 'message': 'Database connection failed'}
[2025-05-31T19:22:24.921+0000] {subprocess.py:93} INFO - Sending log: {'timestamp': '2025-05-31 19:22:24', 'level': 'INFO', 'message': 'Search executed'}
[2025-05-31T19:22:25.922+0000] {subprocess.py:93} INFO - Sending log: {'timestamp': '2025-05-31 19:22:25', 'level': 'INFO', 'message': 'Search executed'}
[2025-05-31T19:22:26.923+0000] {subprocess.py:93} INFO - Sending log: {'timestamp': '2025-05-31 19:22:26', 'level': 'WARNING', 'message': 'Slow response time'}
[2025-05-31T19:22:27.923+0000] {subprocess.py:93} INFO - Sending log: {'timestamp': '2025-05-31 19:22:27', 'level': 'WARNING', 'message': 'High memory usage'}
[2025-05-31T19:22:28.924+0000] {subprocess.py:93} INFO - Sending log: {'timestamp': '2025-05-31 19:22:28', 'level': 'INFO', 'message': 'Search executed'}
[2025-05-31T19:22:29.924+0000] {subprocess.py:93} INFO - Sending log: {'timestamp': '2025-05-31 19:22:29', 'level': 'ERROR', 'message': 'Database connection failed'}
[2025-05-31T19:22:30.925+0000] {subprocess.py:93} INFO - Sending log: {'timestamp': '2025-05-31 19:22:30', 'level': 'ERROR', 'message': 'Payment gateway timeout'}
[2025-05-31T19:22:31.925+0000] {subprocess.py:93} INFO - Sending log: {'timestamp': '2025-05-31 19:22:31', 'level': 'WARNING', 'message': 'Slow response time'}
[2025-05-31T19:22:32.926+0000] {subprocess.py:93} INFO - Sending log: {'timestamp': '2025-05-31 19:22:32', 'level': 'INFO', 'message': 'User logged in'}
[2025-05-31T19:22:33.926+0000] {subprocess.py:93} INFO - Sending log: {'timestamp': '2025-05-31 19:22:33', 'level': 'INFO', 'message': 'Search executed'}
[2025-05-31T19:22:34.926+0000] {subprocess.py:93} INFO - Sending log: {'timestamp': '2025-05-31 19:22:34', 'level': 'WARNING', 'message': 'Slow response time'}
[2025-05-31T19:22:35.928+0000] {subprocess.py:93} INFO - Sending log: {'timestamp': '2025-05-31 19:22:35', 'level': 'ERROR', 'message': 'Database connection failed'}
[2025-05-31T19:22:36.929+0000] {subprocess.py:93} INFO - Sending log: {'timestamp': '2025-05-31 19:22:36', 'level': 'WARNING', 'message': 'Slow response time'}
[2025-05-31T19:22:37.929+0000] {subprocess.py:93} INFO - Sending log: {'timestamp': '2025-05-31 19:22:37', 'level': 'INFO', 'message': 'Search executed'}
[2025-05-31T19:22:38.930+0000] {subprocess.py:93} INFO - Sending log: {'timestamp': '2025-05-31 19:22:38', 'level': 'WARNING', 'message': 'High memory usage'}
[2025-05-31T19:22:39.930+0000] {subprocess.py:93} INFO - Sending log: {'timestamp': '2025-05-31 19:22:39', 'level': 'WARNING', 'message': 'High memory usage'}
[2025-05-31T19:22:40.931+0000] {subprocess.py:93} INFO - Sending log: {'timestamp': '2025-05-31 19:22:40', 'level': 'INFO', 'message': 'Page loaded'}
[2025-05-31T19:22:41.931+0000] {subprocess.py:93} INFO - Sending log: {'timestamp': '2025-05-31 19:22:41', 'level': 'ERROR', 'message': 'Payment gateway timeout'}
[2025-05-31T19:22:42.931+0000] {subprocess.py:93} INFO - Sending log: {'timestamp': '2025-05-31 19:22:42', 'level': 'ERROR', 'message': 'Database connection failed'}
[2025-05-31T19:22:43.932+0000] {subprocess.py:93} INFO - Sending log: {'timestamp': '2025-05-31 19:22:43', 'level': 'WARNING', 'message': 'High memory usage'}
[2025-05-31T19:22:44.932+0000] {subprocess.py:93} INFO - Sending log: {'timestamp': '2025-05-31 19:22:44', 'level': 'ERROR', 'message': 'Database connection failed'}
[2025-05-31T19:22:45.933+0000] {subprocess.py:93} INFO - Sending log: {'timestamp': '2025-05-31 19:22:45', 'level': 'WARNING', 'message': 'High memory usage'}
[2025-05-31T19:22:46.934+0000] {subprocess.py:93} INFO - Sending log: {'timestamp': '2025-05-31 19:22:46', 'level': 'WARNING', 'message': 'High memory usage'}
[2025-05-31T19:22:47.950+0000] {subprocess.py:93} INFO - Sending log: {'timestamp': '2025-05-31 19:22:47', 'level': 'ERROR', 'message': 'Payment gateway timeout'}
[2025-05-31T19:22:48.951+0000] {subprocess.py:93} INFO - Sending log: {'timestamp': '2025-05-31 19:22:48', 'level': 'INFO', 'message': 'Page loaded'}
[2025-05-31T19:22:49.951+0000] {subprocess.py:93} INFO - Sending log: {'timestamp': '2025-05-31 19:22:49', 'level': 'INFO', 'message': 'User logged in'}
[2025-05-31T19:22:50.951+0000] {subprocess.py:93} INFO - Sending log: {'timestamp': '2025-05-31 19:22:50', 'level': 'ERROR', 'message': 'Payment gateway timeout'}
[2025-05-31T19:22:51.951+0000] {subprocess.py:93} INFO - Sending log: {'timestamp': '2025-05-31 19:22:51', 'level': 'WARNING', 'message': 'Slow response time'}
[2025-05-31T19:22:52.952+0000] {subprocess.py:93} INFO - Sending log: {'timestamp': '2025-05-31 19:22:52', 'level': 'WARNING', 'message': 'Slow response time'}
[2025-05-31T19:22:53.953+0000] {subprocess.py:93} INFO - Sending log: {'timestamp': '2025-05-31 19:22:53', 'level': 'ERROR', 'message': 'Database connection failed'}
[2025-05-31T19:22:54.953+0000] {subprocess.py:93} INFO - Sending log: {'timestamp': '2025-05-31 19:22:54', 'level': 'INFO', 'message': 'User logged in'}
[2025-05-31T19:22:55.954+0000] {subprocess.py:93} INFO - Sending log: {'timestamp': '2025-05-31 19:22:55', 'level': 'INFO', 'message': 'Page loaded'}
[2025-05-31T19:22:56.954+0000] {subprocess.py:93} INFO - Sending log: {'timestamp': '2025-05-31 19:22:56', 'level': 'WARNING', 'message': 'Slow response time'}
[2025-05-31T19:22:57.955+0000] {subprocess.py:93} INFO - Sending log: {'timestamp': '2025-05-31 19:22:57', 'level': 'INFO', 'message': 'User logged in'}
[2025-05-31T19:22:58.955+0000] {subprocess.py:93} INFO - Sending log: {'timestamp': '2025-05-31 19:22:58', 'level': 'WARNING', 'message': 'High memory usage'}
[2025-05-31T19:22:59.956+0000] {subprocess.py:93} INFO - Sending log: {'timestamp': '2025-05-31 19:22:59', 'level': 'WARNING', 'message': 'High memory usage'}
[2025-05-31T19:23:00.956+0000] {subprocess.py:93} INFO - Sending log: {'timestamp': '2025-05-31 19:23:00', 'level': 'ERROR', 'message': 'Database connection failed'}
[2025-05-31T19:23:01.957+0000] {subprocess.py:93} INFO - Sending log: {'timestamp': '2025-05-31 19:23:01', 'level': 'INFO', 'message': 'Page loaded'}
[2025-05-31T19:23:02.957+0000] {subprocess.py:93} INFO - Sending log: {'timestamp': '2025-05-31 19:23:02', 'level': 'WARNING', 'message': 'Slow response time'}
[2025-05-31T19:23:03.958+0000] {subprocess.py:93} INFO - Sending log: {'timestamp': '2025-05-31 19:23:03', 'level': 'INFO', 'message': 'Page loaded'}
[2025-05-31T19:23:04.958+0000] {subprocess.py:93} INFO - Sending log: {'timestamp': '2025-05-31 19:23:04', 'level': 'ERROR', 'message': 'Database connection failed'}
[2025-05-31T19:23:05.959+0000] {subprocess.py:93} INFO - Sending log: {'timestamp': '2025-05-31 19:23:05', 'level': 'INFO', 'message': 'User logged in'}
[2025-05-31T19:23:06.959+0000] {subprocess.py:93} INFO - Sending log: {'timestamp': '2025-05-31 19:23:06', 'level': 'INFO', 'message': 'Search executed'}
[2025-05-31T19:23:07.960+0000] {subprocess.py:93} INFO - Sending log: {'timestamp': '2025-05-31 19:23:07', 'level': 'WARNING', 'message': 'High memory usage'}
[2025-05-31T19:23:08.960+0000] {subprocess.py:93} INFO - Sending log: {'timestamp': '2025-05-31 19:23:08', 'level': 'INFO', 'message': 'Page loaded'}
[2025-05-31T19:23:09.960+0000] {subprocess.py:93} INFO - Sending log: {'timestamp': '2025-05-31 19:23:09', 'level': 'ERROR', 'message': 'Payment gateway timeout'}
[2025-05-31T19:23:10.961+0000] {subprocess.py:93} INFO - Sending log: {'timestamp': '2025-05-31 19:23:10', 'level': 'ERROR', 'message': 'Database connection failed'}
[2025-05-31T19:23:11.961+0000] {subprocess.py:93} INFO - Sending log: {'timestamp': '2025-05-31 19:23:11', 'level': 'ERROR', 'message': 'Database connection failed'}
[2025-05-31T19:23:12.962+0000] {subprocess.py:93} INFO - Sending log: {'timestamp': '2025-05-31 19:23:12', 'level': 'ERROR', 'message': 'Payment gateway timeout'}
[2025-05-31T19:23:13.962+0000] {subprocess.py:93} INFO - Sending log: {'timestamp': '2025-05-31 19:23:13', 'level': 'INFO', 'message': 'Search executed'}
[2025-05-31T19:23:14.963+0000] {subprocess.py:93} INFO - Sending log: {'timestamp': '2025-05-31 19:23:14', 'level': 'ERROR', 'message': 'Payment gateway timeout'}
[2025-05-31T19:23:15.963+0000] {subprocess.py:93} INFO - Sending log: {'timestamp': '2025-05-31 19:23:15', 'level': 'INFO', 'message': 'User logged in'}
[2025-05-31T19:23:16.963+0000] {subprocess.py:93} INFO - Sending log: {'timestamp': '2025-05-31 19:23:16', 'level': 'INFO', 'message': 'Page loaded'}
[2025-05-31T19:23:17.964+0000] {subprocess.py:93} INFO - Sending log: {'timestamp': '2025-05-31 19:23:17', 'level': 'WARNING', 'message': 'Slow response time'}
[2025-05-31T19:23:18.965+0000] {subprocess.py:93} INFO - Sending log: {'timestamp': '2025-05-31 19:23:18', 'level': 'WARNING', 'message': 'High memory usage'}
[2025-05-31T19:23:19.966+0000] {subprocess.py:93} INFO - Sending log: {'timestamp': '2025-05-31 19:23:19', 'level': 'INFO', 'message': 'Page loaded'}
[2025-05-31T19:23:20.965+0000] {subprocess.py:93} INFO - Sending log: {'timestamp': '2025-05-31 19:23:20', 'level': 'ERROR', 'message': 'Database connection failed'}
[2025-05-31T19:23:21.965+0000] {subprocess.py:93} INFO - Sending log: {'timestamp': '2025-05-31 19:23:21', 'level': 'ERROR', 'message': 'Database connection failed'}
[2025-05-31T19:23:22.966+0000] {subprocess.py:93} INFO - Sending log: {'timestamp': '2025-05-31 19:23:22', 'level': 'INFO', 'message': 'Page loaded'}
[2025-05-31T19:23:23.966+0000] {subprocess.py:93} INFO - Sending log: {'timestamp': '2025-05-31 19:23:23', 'level': 'ERROR', 'message': 'Database connection failed'}
[2025-05-31T19:23:24.967+0000] {subprocess.py:93} INFO - Sending log: {'timestamp': '2025-05-31 19:23:24', 'level': 'WARNING', 'message': 'Slow response time'}
[2025-05-31T19:23:25.967+0000] {subprocess.py:93} INFO - Sending log: {'timestamp': '2025-05-31 19:23:25', 'level': 'ERROR', 'message': 'Database connection failed'}
[2025-05-31T19:23:26.968+0000] {subprocess.py:93} INFO - Sending log: {'timestamp': '2025-05-31 19:23:26', 'level': 'INFO', 'message': 'Search executed'}
[2025-05-31T19:23:27.968+0000] {subprocess.py:93} INFO - Sending log: {'timestamp': '2025-05-31 19:23:27', 'level': 'INFO', 'message': 'Search executed'}
[2025-05-31T19:23:28.969+0000] {subprocess.py:93} INFO - Sending log: {'timestamp': '2025-05-31 19:23:28', 'level': 'INFO', 'message': 'User logged in'}
[2025-05-31T19:23:29.969+0000] {subprocess.py:93} INFO - Sending log: {'timestamp': '2025-05-31 19:23:29', 'level': 'ERROR', 'message': 'Database connection failed'}
[2025-05-31T19:23:30.969+0000] {subprocess.py:93} INFO - Sending log: {'timestamp': '2025-05-31 19:23:30', 'level': 'INFO', 'message': 'Search executed'}
[2025-05-31T19:23:31.970+0000] {subprocess.py:93} INFO - Sending log: {'timestamp': '2025-05-31 19:23:31', 'level': 'WARNING', 'message': 'High memory usage'}
[2025-05-31T19:23:32.971+0000] {subprocess.py:93} INFO - Sending log: {'timestamp': '2025-05-31 19:23:32', 'level': 'INFO', 'message': 'Search executed'}
[2025-05-31T19:23:33.971+0000] {subprocess.py:93} INFO - Sending log: {'timestamp': '2025-05-31 19:23:33', 'level': 'ERROR', 'message': 'Database connection failed'}
[2025-05-31T19:23:34.971+0000] {subprocess.py:93} INFO - Sending log: {'timestamp': '2025-05-31 19:23:34', 'level': 'WARNING', 'message': 'Slow response time'}
[2025-05-31T19:23:35.972+0000] {subprocess.py:93} INFO - Sending log: {'timestamp': '2025-05-31 19:23:35', 'level': 'ERROR', 'message': 'Database connection failed'}
[2025-05-31T19:23:36.972+0000] {subprocess.py:93} INFO - Sending log: {'timestamp': '2025-05-31 19:23:36', 'level': 'WARNING', 'message': 'High memory usage'}
[2025-05-31T19:23:37.974+0000] {subprocess.py:93} INFO - Sending log: {'timestamp': '2025-05-31 19:23:37', 'level': 'INFO', 'message': 'User logged in'}
[2025-05-31T19:23:38.975+0000] {subprocess.py:93} INFO - Sending log: {'timestamp': '2025-05-31 19:23:38', 'level': 'ERROR', 'message': 'Payment gateway timeout'}
[2025-05-31T19:23:39.976+0000] {subprocess.py:93} INFO - Sending log: {'timestamp': '2025-05-31 19:23:39', 'level': 'ERROR', 'message': 'Database connection failed'}
[2025-05-31T19:23:40.976+0000] {subprocess.py:93} INFO - Sending log: {'timestamp': '2025-05-31 19:23:40', 'level': 'WARNING', 'message': 'High memory usage'}
[2025-05-31T19:23:41.977+0000] {subprocess.py:93} INFO - Sending log: {'timestamp': '2025-05-31 19:23:41', 'level': 'ERROR', 'message': 'Payment gateway timeout'}
[2025-05-31T19:23:42.977+0000] {subprocess.py:93} INFO - Sending log: {'timestamp': '2025-05-31 19:23:42', 'level': 'ERROR', 'message': 'Payment gateway timeout'}
[2025-05-31T19:23:43.977+0000] {subprocess.py:93} INFO - Sending log: {'timestamp': '2025-05-31 19:23:43', 'level': 'WARNING', 'message': 'Slow response time'}
[2025-05-31T19:23:44.978+0000] {subprocess.py:93} INFO - Sending log: {'timestamp': '2025-05-31 19:23:44', 'level': 'ERROR', 'message': 'Database connection failed'}
[2025-05-31T19:23:45.978+0000] {subprocess.py:93} INFO - Sending log: {'timestamp': '2025-05-31 19:23:45', 'level': 'INFO', 'message': 'Search executed'}
[2025-05-31T19:23:46.979+0000] {subprocess.py:93} INFO - Sending log: {'timestamp': '2025-05-31 19:23:46', 'level': 'INFO', 'message': 'User logged in'}
[2025-05-31T19:23:47.980+0000] {subprocess.py:93} INFO - Sending log: {'timestamp': '2025-05-31 19:23:47', 'level': 'WARNING', 'message': 'Slow response time'}
[2025-05-31T19:23:48.980+0000] {subprocess.py:93} INFO - Sending log: {'timestamp': '2025-05-31 19:23:48', 'level': 'WARNING', 'message': 'Slow response time'}
[2025-05-31T19:23:49.981+0000] {subprocess.py:93} INFO - Sending log: {'timestamp': '2025-05-31 19:23:49', 'level': 'ERROR', 'message': 'Database connection failed'}
[2025-05-31T19:23:50.980+0000] {subprocess.py:93} INFO - Sending log: {'timestamp': '2025-05-31 19:23:50', 'level': 'ERROR', 'message': 'Database connection failed'}
[2025-05-31T19:23:51.981+0000] {subprocess.py:93} INFO - Sending log: {'timestamp': '2025-05-31 19:23:51', 'level': 'ERROR', 'message': 'Payment gateway timeout'}
[2025-05-31T19:23:52.981+0000] {subprocess.py:93} INFO - Sending log: {'timestamp': '2025-05-31 19:23:52', 'level': 'ERROR', 'message': 'Payment gateway timeout'}
[2025-05-31T19:23:53.982+0000] {subprocess.py:93} INFO - Sending log: {'timestamp': '2025-05-31 19:23:53', 'level': 'ERROR', 'message': 'Payment gateway timeout'}
[2025-05-31T19:23:54.982+0000] {subprocess.py:93} INFO - Sending log: {'timestamp': '2025-05-31 19:23:54', 'level': 'WARNING', 'message': 'Slow response time'}
[2025-05-31T19:23:55.982+0000] {subprocess.py:93} INFO - Sending log: {'timestamp': '2025-05-31 19:23:55', 'level': 'ERROR', 'message': 'Payment gateway timeout'}
[2025-05-31T19:23:56.983+0000] {subprocess.py:93} INFO - Sending log: {'timestamp': '2025-05-31 19:23:56', 'level': 'INFO', 'message': 'Page loaded'}
[2025-05-31T19:23:58.023+0000] {subprocess.py:93} INFO - Sending log: {'timestamp': '2025-05-31 19:23:57', 'level': 'ERROR', 'message': 'Database connection failed'}
[2025-05-31T19:23:59.023+0000] {subprocess.py:93} INFO - Sending log: {'timestamp': '2025-05-31 19:23:59', 'level': 'ERROR', 'message': 'Payment gateway timeout'}
[2025-05-31T19:24:00.024+0000] {subprocess.py:93} INFO - Sending log: {'timestamp': '2025-05-31 19:24:00', 'level': 'INFO', 'message': 'Search executed'}
[2025-05-31T19:24:01.024+0000] {subprocess.py:93} INFO - Sending log: {'timestamp': '2025-05-31 19:24:01', 'level': 'INFO', 'message': 'User logged in'}
[2025-05-31T19:24:02.025+0000] {subprocess.py:93} INFO - Sending log: {'timestamp': '2025-05-31 19:24:02', 'level': 'ERROR', 'message': 'Payment gateway timeout'}
[2025-05-31T19:24:03.025+0000] {subprocess.py:93} INFO - Sending log: {'timestamp': '2025-05-31 19:24:03', 'level': 'WARNING', 'message': 'High memory usage'}
[2025-05-31T19:24:04.025+0000] {subprocess.py:93} INFO - Sending log: {'timestamp': '2025-05-31 19:24:04', 'level': 'ERROR', 'message': 'Payment gateway timeout'}
[2025-05-31T19:24:05.026+0000] {subprocess.py:93} INFO - Sending log: {'timestamp': '2025-05-31 19:24:05', 'level': 'INFO', 'message': 'User logged in'}
[2025-05-31T19:24:06.026+0000] {subprocess.py:93} INFO - Sending log: {'timestamp': '2025-05-31 19:24:06', 'level': 'ERROR', 'message': 'Database connection failed'}
[2025-05-31T19:24:07.027+0000] {subprocess.py:93} INFO - Sending log: {'timestamp': '2025-05-31 19:24:07', 'level': 'WARNING', 'message': 'Slow response time'}
[2025-05-31T19:24:08.027+0000] {subprocess.py:93} INFO - Sending log: {'timestamp': '2025-05-31 19:24:08', 'level': 'INFO', 'message': 'User logged in'}
[2025-05-31T19:24:09.028+0000] {subprocess.py:93} INFO - Sending log: {'timestamp': '2025-05-31 19:24:09', 'level': 'INFO', 'message': 'User logged in'}
[2025-05-31T19:24:10.028+0000] {subprocess.py:93} INFO - Sending log: {'timestamp': '2025-05-31 19:24:10', 'level': 'WARNING', 'message': 'Slow response time'}
[2025-05-31T19:24:11.028+0000] {subprocess.py:93} INFO - Sending log: {'timestamp': '2025-05-31 19:24:11', 'level': 'ERROR', 'message': 'Database connection failed'}
[2025-05-31T19:24:12.029+0000] {subprocess.py:93} INFO - Sending log: {'timestamp': '2025-05-31 19:24:12', 'level': 'ERROR', 'message': 'Payment gateway timeout'}
[2025-05-31T19:24:13.029+0000] {subprocess.py:93} INFO - Sending log: {'timestamp': '2025-05-31 19:24:13', 'level': 'INFO', 'message': 'User logged in'}
[2025-05-31T19:24:14.030+0000] {subprocess.py:93} INFO - Sending log: {'timestamp': '2025-05-31 19:24:14', 'level': 'ERROR', 'message': 'Database connection failed'}
[2025-05-31T19:24:15.030+0000] {subprocess.py:93} INFO - Sending log: {'timestamp': '2025-05-31 19:24:15', 'level': 'ERROR', 'message': 'Payment gateway timeout'}
[2025-05-31T19:24:16.031+0000] {subprocess.py:93} INFO - Sending log: {'timestamp': '2025-05-31 19:24:16', 'level': 'WARNING', 'message': 'Slow response time'}
[2025-05-31T19:24:17.031+0000] {subprocess.py:93} INFO - Sending log: {'timestamp': '2025-05-31 19:24:17', 'level': 'WARNING', 'message': 'Slow response time'}
[2025-05-31T19:24:18.032+0000] {subprocess.py:93} INFO - Sending log: {'timestamp': '2025-05-31 19:24:18', 'level': 'ERROR', 'message': 'Payment gateway timeout'}
[2025-05-31T19:24:19.032+0000] {subprocess.py:93} INFO - Sending log: {'timestamp': '2025-05-31 19:24:19', 'level': 'ERROR', 'message': 'Payment gateway timeout'}
[2025-05-31T19:24:20.033+0000] {subprocess.py:93} INFO - Sending log: {'timestamp': '2025-05-31 19:24:20', 'level': 'INFO', 'message': 'Page loaded'}
[2025-05-31T19:24:21.030+0000] {subprocess.py:93} INFO - Sending log: {'timestamp': '2025-05-31 19:24:21', 'level': 'ERROR', 'message': 'Database connection failed'}
[2025-05-31T19:24:22.030+0000] {subprocess.py:93} INFO - Sending log: {'timestamp': '2025-05-31 19:24:22', 'level': 'ERROR', 'message': 'Payment gateway timeout'}
[2025-05-31T19:24:23.030+0000] {subprocess.py:93} INFO - Sending log: {'timestamp': '2025-05-31 19:24:23', 'level': 'WARNING', 'message': 'Slow response time'}
[2025-05-31T19:24:24.031+0000] {subprocess.py:93} INFO - Sending log: {'timestamp': '2025-05-31 19:24:24', 'level': 'ERROR', 'message': 'Database connection failed'}
[2025-05-31T19:24:25.032+0000] {subprocess.py:93} INFO - Sending log: {'timestamp': '2025-05-31 19:24:25', 'level': 'WARNING', 'message': 'Slow response time'}
[2025-05-31T19:24:26.032+0000] {subprocess.py:93} INFO - Sending log: {'timestamp': '2025-05-31 19:24:26', 'level': 'WARNING', 'message': 'High memory usage'}
[2025-05-31T19:24:27.033+0000] {subprocess.py:93} INFO - Sending log: {'timestamp': '2025-05-31 19:24:27', 'level': 'ERROR', 'message': 'Payment gateway timeout'}
[2025-05-31T19:24:28.033+0000] {subprocess.py:93} INFO - Sending log: {'timestamp': '2025-05-31 19:24:28', 'level': 'ERROR', 'message': 'Database connection failed'}
[2025-05-31T19:24:29.034+0000] {subprocess.py:93} INFO - Sending log: {'timestamp': '2025-05-31 19:24:29', 'level': 'WARNING', 'message': 'High memory usage'}
[2025-05-31T19:24:30.034+0000] {subprocess.py:93} INFO - Sending log: {'timestamp': '2025-05-31 19:24:30', 'level': 'INFO', 'message': 'User logged in'}
[2025-05-31T19:24:31.035+0000] {subprocess.py:93} INFO - Sending log: {'timestamp': '2025-05-31 19:24:31', 'level': 'WARNING', 'message': 'Slow response time'}
[2025-05-31T19:24:32.035+0000] {subprocess.py:93} INFO - Sending log: {'timestamp': '2025-05-31 19:24:32', 'level': 'ERROR', 'message': 'Payment gateway timeout'}
[2025-05-31T19:24:33.037+0000] {subprocess.py:93} INFO - Sending log: {'timestamp': '2025-05-31 19:24:33', 'level': 'ERROR', 'message': 'Payment gateway timeout'}
[2025-05-31T19:24:34.037+0000] {subprocess.py:93} INFO - Sending log: {'timestamp': '2025-05-31 19:24:34', 'level': 'ERROR', 'message': 'Payment gateway timeout'}
[2025-05-31T19:24:35.037+0000] {subprocess.py:93} INFO - Sending log: {'timestamp': '2025-05-31 19:24:35', 'level': 'ERROR', 'message': 'Payment gateway timeout'}
[2025-05-31T19:24:36.038+0000] {subprocess.py:93} INFO - Sending log: {'timestamp': '2025-05-31 19:24:36', 'level': 'ERROR', 'message': 'Payment gateway timeout'}
[2025-05-31T19:24:37.038+0000] {subprocess.py:93} INFO - Sending log: {'timestamp': '2025-05-31 19:24:37', 'level': 'WARNING', 'message': 'Slow response time'}
[2025-05-31T19:24:38.039+0000] {subprocess.py:93} INFO - Sending log: {'timestamp': '2025-05-31 19:24:38', 'level': 'INFO', 'message': 'Page loaded'}
[2025-05-31T19:24:39.039+0000] {subprocess.py:93} INFO - Sending log: {'timestamp': '2025-05-31 19:24:39', 'level': 'ERROR', 'message': 'Database connection failed'}
[2025-05-31T19:24:40.040+0000] {subprocess.py:93} INFO - Sending log: {'timestamp': '2025-05-31 19:24:40', 'level': 'WARNING', 'message': 'High memory usage'}
[2025-05-31T19:24:41.040+0000] {subprocess.py:93} INFO - Sending log: {'timestamp': '2025-05-31 19:24:41', 'level': 'WARNING', 'message': 'High memory usage'}
[2025-05-31T19:24:42.040+0000] {subprocess.py:93} INFO - Sending log: {'timestamp': '2025-05-31 19:24:42', 'level': 'ERROR', 'message': 'Payment gateway timeout'}
[2025-05-31T19:24:43.041+0000] {subprocess.py:93} INFO - Sending log: {'timestamp': '2025-05-31 19:24:43', 'level': 'WARNING', 'message': 'Slow response time'}
[2025-05-31T19:24:44.041+0000] {subprocess.py:93} INFO - Sending log: {'timestamp': '2025-05-31 19:24:44', 'level': 'INFO', 'message': 'Page loaded'}
[2025-05-31T19:24:45.042+0000] {subprocess.py:93} INFO - Sending log: {'timestamp': '2025-05-31 19:24:45', 'level': 'INFO', 'message': 'User logged in'}
[2025-05-31T19:24:46.042+0000] {subprocess.py:93} INFO - Sending log: {'timestamp': '2025-05-31 19:24:46', 'level': 'ERROR', 'message': 'Database connection failed'}
[2025-05-31T19:24:47.043+0000] {subprocess.py:93} INFO - Sending log: {'timestamp': '2025-05-31 19:24:47', 'level': 'ERROR', 'message': 'Payment gateway timeout'}
[2025-05-31T19:24:48.043+0000] {subprocess.py:93} INFO - Sending log: {'timestamp': '2025-05-31 19:24:48', 'level': 'ERROR', 'message': 'Database connection failed'}
[2025-05-31T19:24:49.044+0000] {subprocess.py:93} INFO - Sending log: {'timestamp': '2025-05-31 19:24:49', 'level': 'WARNING', 'message': 'Slow response time'}
[2025-05-31T19:24:50.044+0000] {subprocess.py:93} INFO - Sending log: {'timestamp': '2025-05-31 19:24:50', 'level': 'WARNING', 'message': 'High memory usage'}
[2025-05-31T19:24:51.045+0000] {subprocess.py:93} INFO - Sending log: {'timestamp': '2025-05-31 19:24:51', 'level': 'WARNING', 'message': 'Slow response time'}
[2025-05-31T19:24:52.045+0000] {subprocess.py:93} INFO - Sending log: {'timestamp': '2025-05-31 19:24:52', 'level': 'WARNING', 'message': 'High memory usage'}
[2025-05-31T19:24:53.095+0000] {subprocess.py:93} INFO - Sending log: {'timestamp': '2025-05-31 19:24:53', 'level': 'INFO', 'message': 'User logged in'}
[2025-05-31T19:24:54.096+0000] {subprocess.py:93} INFO - Sending log: {'timestamp': '2025-05-31 19:24:54', 'level': 'ERROR', 'message': 'Payment gateway timeout'}
[2025-05-31T19:24:55.110+0000] {subprocess.py:93} INFO - Sending log: {'timestamp': '2025-05-31 19:24:55', 'level': 'INFO', 'message': 'Page loaded'}
[2025-05-31T19:24:56.111+0000] {subprocess.py:93} INFO - Sending log: {'timestamp': '2025-05-31 19:24:56', 'level': 'INFO', 'message': 'Search executed'}
[2025-05-31T19:24:57.111+0000] {subprocess.py:93} INFO - Sending log: {'timestamp': '2025-05-31 19:24:57', 'level': 'WARNING', 'message': 'High memory usage'}
[2025-05-31T19:24:58.112+0000] {subprocess.py:93} INFO - Sending log: {'timestamp': '2025-05-31 19:24:58', 'level': 'WARNING', 'message': 'High memory usage'}
[2025-05-31T19:24:59.112+0000] {subprocess.py:93} INFO - Sending log: {'timestamp': '2025-05-31 19:24:59', 'level': 'INFO', 'message': 'Page loaded'}
[2025-05-31T19:25:00.114+0000] {subprocess.py:93} INFO - Sending log: {'timestamp': '2025-05-31 19:25:00', 'level': 'ERROR', 'message': 'Database connection failed'}
[2025-05-31T19:25:01.116+0000] {subprocess.py:93} INFO - Sending log: {'timestamp': '2025-05-31 19:25:01', 'level': 'WARNING', 'message': 'Slow response time'}
[2025-05-31T19:25:02.116+0000] {subprocess.py:93} INFO - Sending log: {'timestamp': '2025-05-31 19:25:02', 'level': 'WARNING', 'message': 'Slow response time'}
[2025-05-31T19:25:03.116+0000] {subprocess.py:93} INFO - Sending log: {'timestamp': '2025-05-31 19:25:03', 'level': 'INFO', 'message': 'Search executed'}
[2025-05-31T19:25:04.117+0000] {subprocess.py:93} INFO - Sending log: {'timestamp': '2025-05-31 19:25:04', 'level': 'ERROR', 'message': 'Database connection failed'}
[2025-05-31T19:25:05.117+0000] {subprocess.py:93} INFO - Sending log: {'timestamp': '2025-05-31 19:25:05', 'level': 'WARNING', 'message': 'High memory usage'}
[2025-05-31T19:25:06.118+0000] {subprocess.py:93} INFO - Sending log: {'timestamp': '2025-05-31 19:25:06', 'level': 'INFO', 'message': 'Page loaded'}
[2025-05-31T19:25:07.118+0000] {subprocess.py:93} INFO - Sending log: {'timestamp': '2025-05-31 19:25:07', 'level': 'WARNING', 'message': 'High memory usage'}
[2025-05-31T19:25:08.119+0000] {subprocess.py:93} INFO - Sending log: {'timestamp': '2025-05-31 19:25:08', 'level': 'INFO', 'message': 'Page loaded'}
[2025-05-31T19:25:09.119+0000] {subprocess.py:93} INFO - Sending log: {'timestamp': '2025-05-31 19:25:09', 'level': 'ERROR', 'message': 'Payment gateway timeout'}
[2025-05-31T19:25:10.120+0000] {subprocess.py:93} INFO - Sending log: {'timestamp': '2025-05-31 19:25:10', 'level': 'INFO', 'message': 'Page loaded'}
[2025-05-31T19:25:11.121+0000] {subprocess.py:93} INFO - Sending log: {'timestamp': '2025-05-31 19:25:11', 'level': 'INFO', 'message': 'Search executed'}
[2025-05-31T19:25:12.141+0000] {subprocess.py:93} INFO - Sending log: {'timestamp': '2025-05-31 19:25:12', 'level': 'ERROR', 'message': 'Payment gateway timeout'}
[2025-05-31T19:25:13.141+0000] {subprocess.py:93} INFO - Sending log: {'timestamp': '2025-05-31 19:25:13', 'level': 'INFO', 'message': 'User logged in'}
[2025-05-31T19:25:14.142+0000] {subprocess.py:93} INFO - Sending log: {'timestamp': '2025-05-31 19:25:14', 'level': 'WARNING', 'message': 'High memory usage'}
[2025-05-31T19:25:14.631+0000] {job.py:229} INFO - Heartbeat recovered after 11.50 seconds
[2025-05-31T19:25:15.142+0000] {subprocess.py:93} INFO - Sending log: {'timestamp': '2025-05-31 19:25:15', 'level': 'ERROR', 'message': 'Database connection failed'}
[2025-05-31T19:25:16.142+0000] {subprocess.py:93} INFO - Sending log: {'timestamp': '2025-05-31 19:25:16', 'level': 'WARNING', 'message': 'High memory usage'}
[2025-05-31T19:25:17.143+0000] {subprocess.py:93} INFO - Sending log: {'timestamp': '2025-05-31 19:25:17', 'level': 'INFO', 'message': 'Search executed'}
[2025-05-31T19:25:18.143+0000] {subprocess.py:93} INFO - Sending log: {'timestamp': '2025-05-31 19:25:18', 'level': 'ERROR', 'message': 'Database connection failed'}
[2025-05-31T19:25:19.156+0000] {subprocess.py:93} INFO - Sending log: {'timestamp': '2025-05-31 19:25:19', 'level': 'ERROR', 'message': 'Payment gateway timeout'}
[2025-05-31T19:25:20.156+0000] {subprocess.py:93} INFO - Sending log: {'timestamp': '2025-05-31 19:25:20', 'level': 'INFO', 'message': 'Search executed'}
[2025-05-31T19:25:20.667+0000] {job.py:229} INFO - Heartbeat recovered after 12.13 seconds
[2025-05-31T19:25:21.156+0000] {subprocess.py:93} INFO - Sending log: {'timestamp': '2025-05-31 19:25:21', 'level': 'INFO', 'message': 'Page loaded'}
[2025-05-31T19:25:22.156+0000] {subprocess.py:93} INFO - Sending log: {'timestamp': '2025-05-31 19:25:22', 'level': 'INFO', 'message': 'Page loaded'}
[2025-05-31T19:25:23.301+0000] {subprocess.py:93} INFO - Sending log: {'timestamp': '2025-05-31 19:25:23', 'level': 'WARNING', 'message': 'High memory usage'}
[2025-05-31T19:25:24.326+0000] {subprocess.py:93} INFO - Sending log: {'timestamp': '2025-05-31 19:25:24', 'level': 'ERROR', 'message': 'Database connection failed'}
[2025-05-31T19:25:25.327+0000] {subprocess.py:93} INFO - Sending log: {'timestamp': '2025-05-31 19:25:25', 'level': 'WARNING', 'message': 'High memory usage'}
[2025-05-31T19:25:26.327+0000] {subprocess.py:93} INFO - Sending log: {'timestamp': '2025-05-31 19:25:26', 'level': 'INFO', 'message': 'Search executed'}
[2025-05-31T19:25:27.328+0000] {subprocess.py:93} INFO - Sending log: {'timestamp': '2025-05-31 19:25:27', 'level': 'INFO', 'message': 'Page loaded'}
[2025-05-31T19:25:28.328+0000] {subprocess.py:93} INFO - Sending log: {'timestamp': '2025-05-31 19:25:28', 'level': 'ERROR', 'message': 'Payment gateway timeout'}
[2025-05-31T19:25:29.329+0000] {subprocess.py:93} INFO - Sending log: {'timestamp': '2025-05-31 19:25:29', 'level': 'INFO', 'message': 'Search executed'}
[2025-05-31T19:25:30.329+0000] {subprocess.py:93} INFO - Sending log: {'timestamp': '2025-05-31 19:25:30', 'level': 'WARNING', 'message': 'Slow response time'}
[2025-05-31T19:25:34.241+0000] {job.py:229} INFO - Heartbeat recovered after 13.77 seconds
[2025-05-31T19:25:41.442+0000] {job.py:229} INFO - Heartbeat recovered after 15.14 seconds
[2025-05-31T19:25:34.070+0000] {subprocess.py:93} INFO - Sending log: {'timestamp': '2025-05-31 19:25:31', 'level': 'INFO', 'message': 'Page loaded'}
[2025-05-31T19:25:49.665+0000] {subprocess.py:93} INFO - Sending log: {'timestamp': '2025-05-31 19:25:32', 'level': 'ERROR', 'message': 'Payment gateway timeout'}
[2025-05-31T19:25:49.665+0000] {subprocess.py:93} INFO - Sending log: {'timestamp': '2025-05-31 19:25:33', 'level': 'ERROR', 'message': 'Database connection failed'}
[2025-05-31T19:25:49.666+0000] {subprocess.py:93} INFO - Sending log: {'timestamp': '2025-05-31 19:25:34', 'level': 'ERROR', 'message': 'Database connection failed'}
[2025-05-31T19:25:49.666+0000] {subprocess.py:93} INFO - Sending log: {'timestamp': '2025-05-31 19:25:35', 'level': 'INFO', 'message': 'User logged in'}
[2025-05-31T19:25:49.666+0000] {subprocess.py:93} INFO - Sending log: {'timestamp': '2025-05-31 19:25:36', 'level': 'INFO', 'message': 'Search executed'}
[2025-05-31T19:25:49.667+0000] {subprocess.py:93} INFO - Sending log: {'timestamp': '2025-05-31 19:25:37', 'level': 'ERROR', 'message': 'Database connection failed'}
[2025-05-31T19:25:49.667+0000] {subprocess.py:93} INFO - Sending log: {'timestamp': '2025-05-31 19:25:38', 'level': 'INFO', 'message': 'Search executed'}
[2025-05-31T19:25:49.668+0000] {subprocess.py:93} INFO - Sending log: {'timestamp': '2025-05-31 19:25:39', 'level': 'ERROR', 'message': 'Database connection failed'}
[2025-05-31T19:25:49.668+0000] {subprocess.py:93} INFO - Sending log: {'timestamp': '2025-05-31 19:25:40', 'level': 'ERROR', 'message': 'Payment gateway timeout'}
[2025-05-31T19:25:49.669+0000] {subprocess.py:93} INFO - Sending log: {'timestamp': '2025-05-31 19:25:41', 'level': 'INFO', 'message': 'User logged in'}
[2025-05-31T19:25:49.669+0000] {subprocess.py:93} INFO - Sending log: {'timestamp': '2025-05-31 19:25:42', 'level': 'INFO', 'message': 'Page loaded'}
[2025-05-31T19:25:49.670+0000] {subprocess.py:93} INFO - Sending log: {'timestamp': '2025-05-31 19:25:43', 'level': 'WARNING', 'message': 'High memory usage'}
[2025-05-31T19:25:49.670+0000] {subprocess.py:93} INFO - Sending log: {'timestamp': '2025-05-31 19:25:44', 'level': 'ERROR', 'message': 'Database connection failed'}
[2025-05-31T19:25:49.670+0000] {subprocess.py:93} INFO - Sending log: {'timestamp': '2025-05-31 19:25:45', 'level': 'ERROR', 'message': 'Database connection failed'}
[2025-05-31T19:25:49.671+0000] {subprocess.py:93} INFO - Sending log: {'timestamp': '2025-05-31 19:25:46', 'level': 'WARNING', 'message': 'Slow response time'}
[2025-05-31T19:25:49.671+0000] {subprocess.py:93} INFO - Sending log: {'timestamp': '2025-05-31 19:25:47', 'level': 'ERROR', 'message': 'Payment gateway timeout'}
[2025-05-31T19:25:49.672+0000] {subprocess.py:93} INFO - Sending log: {'timestamp': '2025-05-31 19:25:48', 'level': 'WARNING', 'message': 'Slow response time'}
[2025-05-31T19:25:49.672+0000] {subprocess.py:93} INFO - Sending log: {'timestamp': '2025-05-31 19:25:49', 'level': 'WARNING', 'message': 'Slow response time'}
[2025-05-31T19:25:50.454+0000] {subprocess.py:93} INFO - Sending log: {'timestamp': '2025-05-31 19:25:50', 'level': 'INFO', 'message': 'User logged in'}
[2025-05-31T19:25:51.454+0000] {subprocess.py:93} INFO - Sending log: {'timestamp': '2025-05-31 19:25:51', 'level': 'ERROR', 'message': 'Database connection failed'}
[2025-05-31T19:25:52.454+0000] {subprocess.py:93} INFO - Sending log: {'timestamp': '2025-05-31 19:25:52', 'level': 'INFO', 'message': 'User logged in'}
[2025-05-31T19:25:53.455+0000] {subprocess.py:93} INFO - Sending log: {'timestamp': '2025-05-31 19:25:53', 'level': 'INFO', 'message': 'User logged in'}
[2025-05-31T19:25:54.455+0000] {subprocess.py:93} INFO - Sending log: {'timestamp': '2025-05-31 19:25:54', 'level': 'WARNING', 'message': 'Slow response time'}
[2025-05-31T19:25:55.456+0000] {subprocess.py:93} INFO - Sending log: {'timestamp': '2025-05-31 19:25:55', 'level': 'WARNING', 'message': 'Slow response time'}
[2025-05-31T19:25:56.456+0000] {subprocess.py:93} INFO - Sending log: {'timestamp': '2025-05-31 19:25:56', 'level': 'INFO', 'message': 'Page loaded'}
[2025-05-31T19:25:57.457+0000] {subprocess.py:93} INFO - Sending log: {'timestamp': '2025-05-31 19:25:57', 'level': 'ERROR', 'message': 'Payment gateway timeout'}
[2025-05-31T19:25:58.458+0000] {subprocess.py:93} INFO - Sending log: {'timestamp': '2025-05-31 19:25:58', 'level': 'ERROR', 'message': 'Database connection failed'}
[2025-05-31T19:25:59.459+0000] {subprocess.py:93} INFO - Sending log: {'timestamp': '2025-05-31 19:25:59', 'level': 'WARNING', 'message': 'High memory usage'}
[2025-05-31T19:26:00.459+0000] {subprocess.py:93} INFO - Sending log: {'timestamp': '2025-05-31 19:26:00', 'level': 'WARNING', 'message': 'High memory usage'}
[2025-05-31T19:26:01.460+0000] {subprocess.py:93} INFO - Sending log: {'timestamp': '2025-05-31 19:26:01', 'level': 'ERROR', 'message': 'Database connection failed'}
[2025-05-31T19:26:02.460+0000] {subprocess.py:93} INFO - Sending log: {'timestamp': '2025-05-31 19:26:02', 'level': 'ERROR', 'message': 'Payment gateway timeout'}
[2025-05-31T19:26:03.461+0000] {subprocess.py:93} INFO - Sending log: {'timestamp': '2025-05-31 19:26:03', 'level': 'WARNING', 'message': 'Slow response time'}
[2025-05-31T19:26:04.512+0000] {subprocess.py:93} INFO - Sending log: {'timestamp': '2025-05-31 19:26:04', 'level': 'ERROR', 'message': 'Payment gateway timeout'}
[2025-05-31T19:26:05.512+0000] {subprocess.py:93} INFO - Sending log: {'timestamp': '2025-05-31 19:26:05', 'level': 'WARNING', 'message': 'Slow response time'}
[2025-05-31T19:26:06.513+0000] {subprocess.py:93} INFO - Sending log: {'timestamp': '2025-05-31 19:26:06', 'level': 'INFO', 'message': 'Search executed'}
[2025-05-31T19:26:07.513+0000] {subprocess.py:93} INFO - Sending log: {'timestamp': '2025-05-31 19:26:07', 'level': 'WARNING', 'message': 'High memory usage'}
[2025-05-31T19:26:08.514+0000] {subprocess.py:93} INFO - Sending log: {'timestamp': '2025-05-31 19:26:08', 'level': 'ERROR', 'message': 'Payment gateway timeout'}
[2025-05-31T19:26:09.514+0000] {subprocess.py:93} INFO - Sending log: {'timestamp': '2025-05-31 19:26:09', 'level': 'WARNING', 'message': 'High memory usage'}
[2025-05-31T19:26:10.515+0000] {subprocess.py:93} INFO - Sending log: {'timestamp': '2025-05-31 19:26:10', 'level': 'WARNING', 'message': 'High memory usage'}
[2025-05-31T19:26:11.516+0000] {subprocess.py:93} INFO - Sending log: {'timestamp': '2025-05-31 19:26:11', 'level': 'INFO', 'message': 'User logged in'}
[2025-05-31T19:26:12.529+0000] {subprocess.py:93} INFO - Sending log: {'timestamp': '2025-05-31 19:26:12', 'level': 'ERROR', 'message': 'Database connection failed'}
[2025-05-31T19:26:13.529+0000] {subprocess.py:93} INFO - Sending log: {'timestamp': '2025-05-31 19:26:13', 'level': 'ERROR', 'message': 'Database connection failed'}
[2025-05-31T19:26:14.530+0000] {subprocess.py:93} INFO - Sending log: {'timestamp': '2025-05-31 19:26:14', 'level': 'ERROR', 'message': 'Database connection failed'}
[2025-05-31T19:26:15.530+0000] {subprocess.py:93} INFO - Sending log: {'timestamp': '2025-05-31 19:26:15', 'level': 'ERROR', 'message': 'Database connection failed'}
[2025-05-31T19:26:16.531+0000] {subprocess.py:93} INFO - Sending log: {'timestamp': '2025-05-31 19:26:16', 'level': 'ERROR', 'message': 'Payment gateway timeout'}
[2025-05-31T19:26:17.531+0000] {subprocess.py:93} INFO - Sending log: {'timestamp': '2025-05-31 19:26:17', 'level': 'WARNING', 'message': 'High memory usage'}
[2025-05-31T19:26:18.532+0000] {subprocess.py:93} INFO - Sending log: {'timestamp': '2025-05-31 19:26:18', 'level': 'WARNING', 'message': 'High memory usage'}
[2025-05-31T19:26:19.532+0000] {subprocess.py:93} INFO - Sending log: {'timestamp': '2025-05-31 19:26:19', 'level': 'ERROR', 'message': 'Payment gateway timeout'}
[2025-05-31T19:26:20.533+0000] {subprocess.py:93} INFO - Sending log: {'timestamp': '2025-05-31 19:26:20', 'level': 'ERROR', 'message': 'Database connection failed'}
[2025-05-31T19:26:21.532+0000] {subprocess.py:93} INFO - Sending log: {'timestamp': '2025-05-31 19:26:21', 'level': 'ERROR', 'message': 'Database connection failed'}
[2025-05-31T19:26:22.532+0000] {subprocess.py:93} INFO - Sending log: {'timestamp': '2025-05-31 19:26:22', 'level': 'ERROR', 'message': 'Payment gateway timeout'}
[2025-05-31T19:26:23.533+0000] {subprocess.py:93} INFO - Sending log: {'timestamp': '2025-05-31 19:26:23', 'level': 'ERROR', 'message': 'Database connection failed'}
[2025-05-31T19:26:24.533+0000] {subprocess.py:93} INFO - Sending log: {'timestamp': '2025-05-31 19:26:24', 'level': 'ERROR', 'message': 'Payment gateway timeout'}
[2025-05-31T19:26:25.534+0000] {subprocess.py:93} INFO - Sending log: {'timestamp': '2025-05-31 19:26:25', 'level': 'INFO', 'message': 'Search executed'}
[2025-05-31T19:26:26.534+0000] {subprocess.py:93} INFO - Sending log: {'timestamp': '2025-05-31 19:26:26', 'level': 'INFO', 'message': 'User logged in'}
[2025-05-31T19:26:27.535+0000] {subprocess.py:93} INFO - Sending log: {'timestamp': '2025-05-31 19:26:27', 'level': 'ERROR', 'message': 'Payment gateway timeout'}
[2025-05-31T19:26:28.535+0000] {subprocess.py:93} INFO - Sending log: {'timestamp': '2025-05-31 19:26:28', 'level': 'INFO', 'message': 'User logged in'}
[2025-05-31T19:26:29.535+0000] {subprocess.py:93} INFO - Sending log: {'timestamp': '2025-05-31 19:26:29', 'level': 'ERROR', 'message': 'Database connection failed'}
[2025-05-31T19:26:30.536+0000] {subprocess.py:93} INFO - Sending log: {'timestamp': '2025-05-31 19:26:30', 'level': 'ERROR', 'message': 'Payment gateway timeout'}
[2025-05-31T19:26:31.536+0000] {subprocess.py:93} INFO - Sending log: {'timestamp': '2025-05-31 19:26:31', 'level': 'INFO', 'message': 'User logged in'}
[2025-05-31T19:26:32.537+0000] {subprocess.py:93} INFO - Sending log: {'timestamp': '2025-05-31 19:26:32', 'level': 'WARNING', 'message': 'High memory usage'}
[2025-05-31T19:26:33.549+0000] {subprocess.py:93} INFO - Sending log: {'timestamp': '2025-05-31 19:26:33', 'level': 'ERROR', 'message': 'Database connection failed'}
[2025-05-31T19:26:34.549+0000] {subprocess.py:93} INFO - Sending log: {'timestamp': '2025-05-31 19:26:34', 'level': 'INFO', 'message': 'User logged in'}
[2025-05-31T19:26:35.549+0000] {subprocess.py:93} INFO - Sending log: {'timestamp': '2025-05-31 19:26:35', 'level': 'INFO', 'message': 'Page loaded'}
[2025-05-31T19:26:36.583+0000] {subprocess.py:93} INFO - Sending log: {'timestamp': '2025-05-31 19:26:36', 'level': 'INFO', 'message': 'User logged in'}
[2025-05-31T19:26:37.584+0000] {subprocess.py:93} INFO - Sending log: {'timestamp': '2025-05-31 19:26:37', 'level': 'ERROR', 'message': 'Payment gateway timeout'}
[2025-05-31T19:26:38.584+0000] {subprocess.py:93} INFO - Sending log: {'timestamp': '2025-05-31 19:26:38', 'level': 'ERROR', 'message': 'Database connection failed'}
[2025-05-31T19:26:39.585+0000] {subprocess.py:93} INFO - Sending log: {'timestamp': '2025-05-31 19:26:39', 'level': 'WARNING', 'message': 'High memory usage'}
[2025-05-31T19:26:40.670+0000] {subprocess.py:93} INFO - Sending log: {'timestamp': '2025-05-31 19:26:40', 'level': 'INFO', 'message': 'Page loaded'}
[2025-05-31T19:26:41.671+0000] {subprocess.py:93} INFO - Sending log: {'timestamp': '2025-05-31 19:26:41', 'level': 'INFO', 'message': 'Page loaded'}
[2025-05-31T19:26:42.672+0000] {subprocess.py:93} INFO - Sending log: {'timestamp': '2025-05-31 19:26:42', 'level': 'INFO', 'message': 'User logged in'}
[2025-05-31T19:26:43.726+0000] {subprocess.py:93} INFO - Sending log: {'timestamp': '2025-05-31 19:26:43', 'level': 'WARNING', 'message': 'High memory usage'}
[2025-05-31T19:26:44.727+0000] {subprocess.py:93} INFO - Sending log: {'timestamp': '2025-05-31 19:26:44', 'level': 'WARNING', 'message': 'Slow response time'}
[2025-05-31T19:26:45.727+0000] {subprocess.py:93} INFO - Sending log: {'timestamp': '2025-05-31 19:26:45', 'level': 'INFO', 'message': 'Page loaded'}
[2025-05-31T19:26:46.728+0000] {subprocess.py:93} INFO - Sending log: {'timestamp': '2025-05-31 19:26:46', 'level': 'INFO', 'message': 'Page loaded'}
[2025-05-31T19:26:47.728+0000] {subprocess.py:93} INFO - Sending log: {'timestamp': '2025-05-31 19:26:47', 'level': 'ERROR', 'message': 'Database connection failed'}
[2025-05-31T19:26:48.729+0000] {subprocess.py:93} INFO - Sending log: {'timestamp': '2025-05-31 19:26:48', 'level': 'ERROR', 'message': 'Payment gateway timeout'}
[2025-05-31T19:26:49.729+0000] {subprocess.py:93} INFO - Sending log: {'timestamp': '2025-05-31 19:26:49', 'level': 'INFO', 'message': 'User logged in'}
[2025-05-31T19:26:50.730+0000] {subprocess.py:93} INFO - Sending log: {'timestamp': '2025-05-31 19:26:50', 'level': 'ERROR', 'message': 'Payment gateway timeout'}
[2025-05-31T19:26:51.729+0000] {subprocess.py:93} INFO - Sending log: {'timestamp': '2025-05-31 19:26:51', 'level': 'INFO', 'message': 'Search executed'}
[2025-05-31T19:26:52.730+0000] {subprocess.py:93} INFO - Sending log: {'timestamp': '2025-05-31 19:26:52', 'level': 'INFO', 'message': 'Search executed'}
[2025-05-31T19:26:53.730+0000] {subprocess.py:93} INFO - Sending log: {'timestamp': '2025-05-31 19:26:53', 'level': 'WARNING', 'message': 'High memory usage'}
[2025-05-31T19:26:54.731+0000] {subprocess.py:93} INFO - Sending log: {'timestamp': '2025-05-31 19:26:54', 'level': 'INFO', 'message': 'Search executed'}
[2025-05-31T19:26:55.731+0000] {subprocess.py:93} INFO - Sending log: {'timestamp': '2025-05-31 19:26:55', 'level': 'INFO', 'message': 'User logged in'}
[2025-05-31T19:26:56.731+0000] {subprocess.py:93} INFO - Sending log: {'timestamp': '2025-05-31 19:26:56', 'level': 'ERROR', 'message': 'Database connection failed'}
[2025-05-31T19:26:57.732+0000] {subprocess.py:93} INFO - Sending log: {'timestamp': '2025-05-31 19:26:57', 'level': 'WARNING', 'message': 'Slow response time'}
[2025-05-31T19:26:58.732+0000] {subprocess.py:93} INFO - Sending log: {'timestamp': '2025-05-31 19:26:58', 'level': 'WARNING', 'message': 'High memory usage'}
[2025-05-31T19:26:59.733+0000] {subprocess.py:93} INFO - Sending log: {'timestamp': '2025-05-31 19:26:59', 'level': 'INFO', 'message': 'Page loaded'}
[2025-05-31T19:27:00.733+0000] {subprocess.py:93} INFO - Sending log: {'timestamp': '2025-05-31 19:27:00', 'level': 'INFO', 'message': 'Page loaded'}
[2025-05-31T19:27:01.734+0000] {subprocess.py:93} INFO - Sending log: {'timestamp': '2025-05-31 19:27:01', 'level': 'ERROR', 'message': 'Payment gateway timeout'}
[2025-05-31T19:27:02.734+0000] {subprocess.py:93} INFO - Sending log: {'timestamp': '2025-05-31 19:27:02', 'level': 'INFO', 'message': 'Search executed'}
[2025-05-31T19:27:03.734+0000] {subprocess.py:93} INFO - Sending log: {'timestamp': '2025-05-31 19:27:03', 'level': 'ERROR', 'message': 'Payment gateway timeout'}
[2025-05-31T19:27:04.735+0000] {subprocess.py:93} INFO - Sending log: {'timestamp': '2025-05-31 19:27:04', 'level': 'WARNING', 'message': 'High memory usage'}
[2025-05-31T19:27:05.735+0000] {subprocess.py:93} INFO - Sending log: {'timestamp': '2025-05-31 19:27:05', 'level': 'INFO', 'message': 'Search executed'}
[2025-05-31T19:27:06.736+0000] {subprocess.py:93} INFO - Sending log: {'timestamp': '2025-05-31 19:27:06', 'level': 'ERROR', 'message': 'Payment gateway timeout'}
[2025-05-31T19:27:07.736+0000] {subprocess.py:93} INFO - Sending log: {'timestamp': '2025-05-31 19:27:07', 'level': 'WARNING', 'message': 'Slow response time'}
[2025-05-31T19:27:08.737+0000] {subprocess.py:93} INFO - Sending log: {'timestamp': '2025-05-31 19:27:08', 'level': 'WARNING', 'message': 'High memory usage'}
[2025-05-31T19:27:09.737+0000] {subprocess.py:93} INFO - Sending log: {'timestamp': '2025-05-31 19:27:09', 'level': 'ERROR', 'message': 'Payment gateway timeout'}
[2025-05-31T19:27:10.738+0000] {subprocess.py:93} INFO - Sending log: {'timestamp': '2025-05-31 19:27:10', 'level': 'INFO', 'message': 'Page loaded'}
[2025-05-31T19:27:11.738+0000] {subprocess.py:93} INFO - Sending log: {'timestamp': '2025-05-31 19:27:11', 'level': 'ERROR', 'message': 'Payment gateway timeout'}
[2025-05-31T19:27:12.738+0000] {subprocess.py:93} INFO - Sending log: {'timestamp': '2025-05-31 19:27:12', 'level': 'WARNING', 'message': 'Slow response time'}
[2025-05-31T19:27:13.739+0000] {subprocess.py:93} INFO - Sending log: {'timestamp': '2025-05-31 19:27:13', 'level': 'WARNING', 'message': 'High memory usage'}
[2025-05-31T19:27:14.739+0000] {subprocess.py:93} INFO - Sending log: {'timestamp': '2025-05-31 19:27:14', 'level': 'ERROR', 'message': 'Database connection failed'}
[2025-05-31T19:27:15.740+0000] {subprocess.py:93} INFO - Sending log: {'timestamp': '2025-05-31 19:27:15', 'level': 'ERROR', 'message': 'Database connection failed'}
[2025-05-31T19:27:16.740+0000] {subprocess.py:93} INFO - Sending log: {'timestamp': '2025-05-31 19:27:16', 'level': 'INFO', 'message': 'User logged in'}
[2025-05-31T19:27:17.741+0000] {subprocess.py:93} INFO - Sending log: {'timestamp': '2025-05-31 19:27:17', 'level': 'INFO', 'message': 'User logged in'}
[2025-05-31T19:27:18.742+0000] {subprocess.py:93} INFO - Sending log: {'timestamp': '2025-05-31 19:27:18', 'level': 'WARNING', 'message': 'High memory usage'}
[2025-05-31T19:27:19.742+0000] {subprocess.py:93} INFO - Sending log: {'timestamp': '2025-05-31 19:27:19', 'level': 'ERROR', 'message': 'Database connection failed'}
[2025-05-31T19:27:20.743+0000] {subprocess.py:93} INFO - Sending log: {'timestamp': '2025-05-31 19:27:20', 'level': 'INFO', 'message': 'Search executed'}
[2025-05-31T19:27:21.742+0000] {subprocess.py:93} INFO - Sending log: {'timestamp': '2025-05-31 19:27:21', 'level': 'INFO', 'message': 'User logged in'}
[2025-05-31T19:27:22.742+0000] {subprocess.py:93} INFO - Sending log: {'timestamp': '2025-05-31 19:27:22', 'level': 'WARNING', 'message': 'High memory usage'}
[2025-05-31T19:27:23.743+0000] {subprocess.py:93} INFO - Sending log: {'timestamp': '2025-05-31 19:27:23', 'level': 'ERROR', 'message': 'Payment gateway timeout'}
[2025-05-31T19:27:24.743+0000] {subprocess.py:93} INFO - Sending log: {'timestamp': '2025-05-31 19:27:24', 'level': 'INFO', 'message': 'Search executed'}
[2025-05-31T19:27:25.743+0000] {subprocess.py:93} INFO - Sending log: {'timestamp': '2025-05-31 19:27:25', 'level': 'INFO', 'message': 'Page loaded'}
[2025-05-31T19:27:26.744+0000] {subprocess.py:93} INFO - Sending log: {'timestamp': '2025-05-31 19:27:26', 'level': 'WARNING', 'message': 'High memory usage'}
[2025-05-31T19:27:27.744+0000] {subprocess.py:93} INFO - Sending log: {'timestamp': '2025-05-31 19:27:27', 'level': 'ERROR', 'message': 'Database connection failed'}
[2025-05-31T19:27:28.745+0000] {subprocess.py:93} INFO - Sending log: {'timestamp': '2025-05-31 19:27:28', 'level': 'WARNING', 'message': 'Slow response time'}
[2025-05-31T19:27:29.745+0000] {subprocess.py:93} INFO - Sending log: {'timestamp': '2025-05-31 19:27:29', 'level': 'ERROR', 'message': 'Payment gateway timeout'}
[2025-05-31T19:27:30.746+0000] {subprocess.py:93} INFO - Sending log: {'timestamp': '2025-05-31 19:27:30', 'level': 'INFO', 'message': 'Search executed'}
[2025-05-31T19:27:31.746+0000] {subprocess.py:93} INFO - Sending log: {'timestamp': '2025-05-31 19:27:31', 'level': 'INFO', 'message': 'Page loaded'}
[2025-05-31T19:27:32.747+0000] {subprocess.py:93} INFO - Sending log: {'timestamp': '2025-05-31 19:27:32', 'level': 'WARNING', 'message': 'Slow response time'}
[2025-05-31T19:27:33.747+0000] {subprocess.py:93} INFO - Sending log: {'timestamp': '2025-05-31 19:27:33', 'level': 'WARNING', 'message': 'Slow response time'}
[2025-05-31T19:27:34.747+0000] {subprocess.py:93} INFO - Sending log: {'timestamp': '2025-05-31 19:27:34', 'level': 'WARNING', 'message': 'High memory usage'}
[2025-05-31T19:27:35.748+0000] {subprocess.py:93} INFO - Sending log: {'timestamp': '2025-05-31 19:27:35', 'level': 'INFO', 'message': 'User logged in'}
[2025-05-31T19:27:36.748+0000] {subprocess.py:93} INFO - Sending log: {'timestamp': '2025-05-31 19:27:36', 'level': 'ERROR', 'message': 'Payment gateway timeout'}
[2025-05-31T19:27:37.762+0000] {subprocess.py:93} INFO - Sending log: {'timestamp': '2025-05-31 19:27:37', 'level': 'INFO', 'message': 'User logged in'}
[2025-05-31T19:27:38.763+0000] {subprocess.py:93} INFO - Sending log: {'timestamp': '2025-05-31 19:27:38', 'level': 'WARNING', 'message': 'Slow response time'}
[2025-05-31T19:27:39.764+0000] {subprocess.py:93} INFO - Sending log: {'timestamp': '2025-05-31 19:27:39', 'level': 'WARNING', 'message': 'High memory usage'}
[2025-05-31T19:27:40.764+0000] {subprocess.py:93} INFO - Sending log: {'timestamp': '2025-05-31 19:27:40', 'level': 'ERROR', 'message': 'Payment gateway timeout'}
[2025-05-31T19:27:41.765+0000] {subprocess.py:93} INFO - Sending log: {'timestamp': '2025-05-31 19:27:41', 'level': 'ERROR', 'message': 'Database connection failed'}
[2025-05-31T19:27:42.765+0000] {subprocess.py:93} INFO - Sending log: {'timestamp': '2025-05-31 19:27:42', 'level': 'ERROR', 'message': 'Database connection failed'}
[2025-05-31T19:27:43.765+0000] {subprocess.py:93} INFO - Sending log: {'timestamp': '2025-05-31 19:27:43', 'level': 'WARNING', 'message': 'High memory usage'}
[2025-05-31T19:27:44.766+0000] {subprocess.py:93} INFO - Sending log: {'timestamp': '2025-05-31 19:27:44', 'level': 'ERROR', 'message': 'Database connection failed'}
[2025-05-31T19:27:45.766+0000] {subprocess.py:93} INFO - Sending log: {'timestamp': '2025-05-31 19:27:45', 'level': 'ERROR', 'message': 'Database connection failed'}
[2025-05-31T19:27:46.767+0000] {subprocess.py:93} INFO - Sending log: {'timestamp': '2025-05-31 19:27:46', 'level': 'INFO', 'message': 'Page loaded'}
[2025-05-31T19:27:47.767+0000] {subprocess.py:93} INFO - Sending log: {'timestamp': '2025-05-31 19:27:47', 'level': 'WARNING', 'message': 'Slow response time'}
[2025-05-31T19:27:48.767+0000] {subprocess.py:93} INFO - Sending log: {'timestamp': '2025-05-31 19:27:48', 'level': 'ERROR', 'message': 'Payment gateway timeout'}
[2025-05-31T19:27:49.768+0000] {subprocess.py:93} INFO - Sending log: {'timestamp': '2025-05-31 19:27:49', 'level': 'INFO', 'message': 'User logged in'}
[2025-05-31T19:27:50.859+0000] {subprocess.py:93} INFO - Sending log: {'timestamp': '2025-05-31 19:27:50', 'level': 'INFO', 'message': 'Page loaded'}
[2025-05-31T19:27:51.859+0000] {subprocess.py:93} INFO - Sending log: {'timestamp': '2025-05-31 19:27:51', 'level': 'WARNING', 'message': 'High memory usage'}
[2025-05-31T19:27:52.859+0000] {subprocess.py:93} INFO - Sending log: {'timestamp': '2025-05-31 19:27:52', 'level': 'ERROR', 'message': 'Database connection failed'}
[2025-05-31T19:27:53.860+0000] {subprocess.py:93} INFO - Sending log: {'timestamp': '2025-05-31 19:27:53', 'level': 'INFO', 'message': 'Page loaded'}
[2025-05-31T19:27:54.860+0000] {subprocess.py:93} INFO - Sending log: {'timestamp': '2025-05-31 19:27:54', 'level': 'INFO', 'message': 'Search executed'}
[2025-05-31T19:27:55.861+0000] {subprocess.py:93} INFO - Sending log: {'timestamp': '2025-05-31 19:27:55', 'level': 'WARNING', 'message': 'Slow response time'}
[2025-05-31T19:27:56.861+0000] {subprocess.py:93} INFO - Sending log: {'timestamp': '2025-05-31 19:27:56', 'level': 'ERROR', 'message': 'Database connection failed'}
[2025-05-31T19:27:57.862+0000] {subprocess.py:93} INFO - Sending log: {'timestamp': '2025-05-31 19:27:57', 'level': 'ERROR', 'message': 'Payment gateway timeout'}
[2025-05-31T19:27:58.862+0000] {subprocess.py:93} INFO - Sending log: {'timestamp': '2025-05-31 19:27:58', 'level': 'INFO', 'message': 'User logged in'}
[2025-05-31T19:27:59.863+0000] {subprocess.py:93} INFO - Sending log: {'timestamp': '2025-05-31 19:27:59', 'level': 'WARNING', 'message': 'High memory usage'}
[2025-05-31T19:28:00.863+0000] {subprocess.py:93} INFO - Sending log: {'timestamp': '2025-05-31 19:28:00', 'level': 'INFO', 'message': 'User logged in'}
[2025-05-31T19:28:01.863+0000] {subprocess.py:93} INFO - Sending log: {'timestamp': '2025-05-31 19:28:01', 'level': 'INFO', 'message': 'Search executed'}
[2025-05-31T19:28:02.864+0000] {subprocess.py:93} INFO - Sending log: {'timestamp': '2025-05-31 19:28:02', 'level': 'WARNING', 'message': 'Slow response time'}
[2025-05-31T19:28:03.864+0000] {subprocess.py:93} INFO - Sending log: {'timestamp': '2025-05-31 19:28:03', 'level': 'WARNING', 'message': 'High memory usage'}
[2025-05-31T19:28:04.865+0000] {subprocess.py:93} INFO - Sending log: {'timestamp': '2025-05-31 19:28:04', 'level': 'WARNING', 'message': 'Slow response time'}
[2025-05-31T19:28:05.865+0000] {subprocess.py:93} INFO - Sending log: {'timestamp': '2025-05-31 19:28:05', 'level': 'INFO', 'message': 'User logged in'}
[2025-05-31T19:28:06.866+0000] {subprocess.py:93} INFO - Sending log: {'timestamp': '2025-05-31 19:28:06', 'level': 'ERROR', 'message': 'Payment gateway timeout'}
[2025-05-31T19:28:07.866+0000] {subprocess.py:93} INFO - Sending log: {'timestamp': '2025-05-31 19:28:07', 'level': 'WARNING', 'message': 'Slow response time'}
[2025-05-31T19:28:08.866+0000] {subprocess.py:93} INFO - Sending log: {'timestamp': '2025-05-31 19:28:08', 'level': 'WARNING', 'message': 'Slow response time'}
[2025-05-31T19:28:09.867+0000] {subprocess.py:93} INFO - Sending log: {'timestamp': '2025-05-31 19:28:09', 'level': 'ERROR', 'message': 'Database connection failed'}
[2025-05-31T19:28:10.983+0000] {subprocess.py:93} INFO - Sending log: {'timestamp': '2025-05-31 19:28:10', 'level': 'ERROR', 'message': 'Payment gateway timeout'}
[2025-05-31T19:28:11.983+0000] {subprocess.py:93} INFO - Sending log: {'timestamp': '2025-05-31 19:28:11', 'level': 'INFO', 'message': 'Page loaded'}
[2025-05-31T19:28:12.984+0000] {subprocess.py:93} INFO - Sending log: {'timestamp': '2025-05-31 19:28:12', 'level': 'ERROR', 'message': 'Database connection failed'}
[2025-05-31T19:28:13.984+0000] {subprocess.py:93} INFO - Sending log: {'timestamp': '2025-05-31 19:28:13', 'level': 'WARNING', 'message': 'High memory usage'}
[2025-05-31T19:28:14.985+0000] {subprocess.py:93} INFO - Sending log: {'timestamp': '2025-05-31 19:28:14', 'level': 'ERROR', 'message': 'Payment gateway timeout'}
[2025-05-31T19:28:15.985+0000] {subprocess.py:93} INFO - Sending log: {'timestamp': '2025-05-31 19:28:15', 'level': 'ERROR', 'message': 'Database connection failed'}
[2025-05-31T19:28:16.985+0000] {subprocess.py:93} INFO - Sending log: {'timestamp': '2025-05-31 19:28:16', 'level': 'INFO', 'message': 'Page loaded'}
[2025-05-31T19:28:17.986+0000] {subprocess.py:93} INFO - Sending log: {'timestamp': '2025-05-31 19:28:17', 'level': 'INFO', 'message': 'Search executed'}
[2025-05-31T19:28:18.986+0000] {subprocess.py:93} INFO - Sending log: {'timestamp': '2025-05-31 19:28:18', 'level': 'ERROR', 'message': 'Database connection failed'}
[2025-05-31T19:28:19.987+0000] {subprocess.py:93} INFO - Sending log: {'timestamp': '2025-05-31 19:28:19', 'level': 'INFO', 'message': 'Search executed'}
[2025-05-31T19:28:20.986+0000] {subprocess.py:93} INFO - Sending log: {'timestamp': '2025-05-31 19:28:20', 'level': 'ERROR', 'message': 'Database connection failed'}
[2025-05-31T19:28:21.986+0000] {subprocess.py:93} INFO - Sending log: {'timestamp': '2025-05-31 19:28:21', 'level': 'INFO', 'message': 'Search executed'}
[2025-05-31T19:28:22.987+0000] {subprocess.py:93} INFO - Sending log: {'timestamp': '2025-05-31 19:28:22', 'level': 'ERROR', 'message': 'Payment gateway timeout'}
[2025-05-31T19:28:23.987+0000] {subprocess.py:93} INFO - Sending log: {'timestamp': '2025-05-31 19:28:23', 'level': 'INFO', 'message': 'Page loaded'}
[2025-05-31T19:28:24.988+0000] {subprocess.py:93} INFO - Sending log: {'timestamp': '2025-05-31 19:28:24', 'level': 'ERROR', 'message': 'Payment gateway timeout'}
[2025-05-31T19:28:26.012+0000] {subprocess.py:93} INFO - Sending log: {'timestamp': '2025-05-31 19:28:26', 'level': 'ERROR', 'message': 'Database connection failed'}
[2025-05-31T19:28:27.012+0000] {subprocess.py:93} INFO - Sending log: {'timestamp': '2025-05-31 19:28:27', 'level': 'ERROR', 'message': 'Database connection failed'}
[2025-05-31T19:28:28.013+0000] {subprocess.py:93} INFO - Sending log: {'timestamp': '2025-05-31 19:28:28', 'level': 'WARNING', 'message': 'High memory usage'}
[2025-05-31T19:28:29.013+0000] {subprocess.py:93} INFO - Sending log: {'timestamp': '2025-05-31 19:28:29', 'level': 'INFO', 'message': 'Search executed'}
[2025-05-31T19:28:30.014+0000] {subprocess.py:93} INFO - Sending log: {'timestamp': '2025-05-31 19:28:30', 'level': 'ERROR', 'message': 'Database connection failed'}
[2025-05-31T19:28:31.015+0000] {subprocess.py:93} INFO - Sending log: {'timestamp': '2025-05-31 19:28:31', 'level': 'ERROR', 'message': 'Payment gateway timeout'}
[2025-05-31T19:28:32.015+0000] {subprocess.py:93} INFO - Sending log: {'timestamp': '2025-05-31 19:28:32', 'level': 'INFO', 'message': 'Page loaded'}
[2025-05-31T19:28:33.016+0000] {subprocess.py:93} INFO - Sending log: {'timestamp': '2025-05-31 19:28:33', 'level': 'WARNING', 'message': 'Slow response time'}
[2025-05-31T19:28:34.016+0000] {subprocess.py:93} INFO - Sending log: {'timestamp': '2025-05-31 19:28:34', 'level': 'ERROR', 'message': 'Payment gateway timeout'}
[2025-05-31T19:28:35.017+0000] {subprocess.py:93} INFO - Sending log: {'timestamp': '2025-05-31 19:28:35', 'level': 'ERROR', 'message': 'Payment gateway timeout'}
[2025-05-31T19:28:36.017+0000] {subprocess.py:93} INFO - Sending log: {'timestamp': '2025-05-31 19:28:36', 'level': 'WARNING', 'message': 'High memory usage'}
[2025-05-31T19:28:37.017+0000] {subprocess.py:93} INFO - Sending log: {'timestamp': '2025-05-31 19:28:37', 'level': 'WARNING', 'message': 'High memory usage'}
[2025-05-31T19:28:38.091+0000] {subprocess.py:93} INFO - Sending log: {'timestamp': '2025-05-31 19:28:38', 'level': 'ERROR', 'message': 'Payment gateway timeout'}
[2025-05-31T19:28:39.092+0000] {subprocess.py:93} INFO - Sending log: {'timestamp': '2025-05-31 19:28:39', 'level': 'ERROR', 'message': 'Database connection failed'}
[2025-05-31T19:28:40.092+0000] {subprocess.py:93} INFO - Sending log: {'timestamp': '2025-05-31 19:28:40', 'level': 'ERROR', 'message': 'Payment gateway timeout'}
[2025-05-31T19:28:41.093+0000] {subprocess.py:93} INFO - Sending log: {'timestamp': '2025-05-31 19:28:41', 'level': 'ERROR', 'message': 'Database connection failed'}
[2025-05-31T19:28:42.093+0000] {subprocess.py:93} INFO - Sending log: {'timestamp': '2025-05-31 19:28:42', 'level': 'INFO', 'message': 'Page loaded'}
[2025-05-31T19:28:43.093+0000] {subprocess.py:93} INFO - Sending log: {'timestamp': '2025-05-31 19:28:43', 'level': 'WARNING', 'message': 'High memory usage'}
[2025-05-31T19:28:44.160+0000] {subprocess.py:93} INFO - Sending log: {'timestamp': '2025-05-31 19:28:44', 'level': 'WARNING', 'message': 'High memory usage'}
[2025-05-31T19:28:45.160+0000] {subprocess.py:93} INFO - Sending log: {'timestamp': '2025-05-31 19:28:45', 'level': 'INFO', 'message': 'Page loaded'}
[2025-05-31T19:28:46.161+0000] {subprocess.py:93} INFO - Sending log: {'timestamp': '2025-05-31 19:28:46', 'level': 'ERROR', 'message': 'Payment gateway timeout'}
[2025-05-31T19:28:47.161+0000] {subprocess.py:93} INFO - Sending log: {'timestamp': '2025-05-31 19:28:47', 'level': 'WARNING', 'message': 'Slow response time'}
[2025-05-31T19:28:48.162+0000] {subprocess.py:93} INFO - Sending log: {'timestamp': '2025-05-31 19:28:48', 'level': 'WARNING', 'message': 'High memory usage'}
[2025-05-31T19:28:49.162+0000] {subprocess.py:93} INFO - Sending log: {'timestamp': '2025-05-31 19:28:49', 'level': 'ERROR', 'message': 'Payment gateway timeout'}
[2025-05-31T19:28:50.163+0000] {subprocess.py:93} INFO - Sending log: {'timestamp': '2025-05-31 19:28:50', 'level': 'WARNING', 'message': 'High memory usage'}
[2025-05-31T19:28:51.162+0000] {subprocess.py:93} INFO - Sending log: {'timestamp': '2025-05-31 19:28:51', 'level': 'WARNING', 'message': 'High memory usage'}
[2025-05-31T19:28:52.163+0000] {subprocess.py:93} INFO - Sending log: {'timestamp': '2025-05-31 19:28:52', 'level': 'WARNING', 'message': 'High memory usage'}
[2025-05-31T19:28:53.163+0000] {subprocess.py:93} INFO - Sending log: {'timestamp': '2025-05-31 19:28:53', 'level': 'INFO', 'message': 'Search executed'}
[2025-05-31T19:28:54.164+0000] {subprocess.py:93} INFO - Sending log: {'timestamp': '2025-05-31 19:28:54', 'level': 'WARNING', 'message': 'High memory usage'}
[2025-05-31T19:28:55.164+0000] {subprocess.py:93} INFO - Sending log: {'timestamp': '2025-05-31 19:28:55', 'level': 'INFO', 'message': 'Search executed'}
[2025-05-31T19:28:56.165+0000] {subprocess.py:93} INFO - Sending log: {'timestamp': '2025-05-31 19:28:56', 'level': 'WARNING', 'message': 'Slow response time'}
[2025-05-31T19:28:57.165+0000] {subprocess.py:93} INFO - Sending log: {'timestamp': '2025-05-31 19:28:57', 'level': 'WARNING', 'message': 'Slow response time'}
[2025-05-31T19:28:58.166+0000] {subprocess.py:93} INFO - Sending log: {'timestamp': '2025-05-31 19:28:58', 'level': 'INFO', 'message': 'Search executed'}
[2025-05-31T19:28:59.183+0000] {subprocess.py:93} INFO - Sending log: {'timestamp': '2025-05-31 19:28:59', 'level': 'INFO', 'message': 'User logged in'}
[2025-05-31T19:29:00.184+0000] {subprocess.py:93} INFO - Sending log: {'timestamp': '2025-05-31 19:29:00', 'level': 'INFO', 'message': 'User logged in'}
[2025-05-31T19:29:01.185+0000] {subprocess.py:93} INFO - Sending log: {'timestamp': '2025-05-31 19:29:01', 'level': 'WARNING', 'message': 'Slow response time'}
[2025-05-31T19:29:02.185+0000] {subprocess.py:93} INFO - Sending log: {'timestamp': '2025-05-31 19:29:02', 'level': 'INFO', 'message': 'Page loaded'}
[2025-05-31T19:29:03.186+0000] {subprocess.py:93} INFO - Sending log: {'timestamp': '2025-05-31 19:29:03', 'level': 'ERROR', 'message': 'Database connection failed'}
[2025-05-31T19:29:04.186+0000] {subprocess.py:93} INFO - Sending log: {'timestamp': '2025-05-31 19:29:04', 'level': 'ERROR', 'message': 'Database connection failed'}
[2025-05-31T19:29:05.187+0000] {subprocess.py:93} INFO - Sending log: {'timestamp': '2025-05-31 19:29:05', 'level': 'INFO', 'message': 'Page loaded'}
[2025-05-31T19:29:06.187+0000] {subprocess.py:93} INFO - Sending log: {'timestamp': '2025-05-31 19:29:06', 'level': 'ERROR', 'message': 'Database connection failed'}
[2025-05-31T19:29:07.188+0000] {subprocess.py:93} INFO - Sending log: {'timestamp': '2025-05-31 19:29:07', 'level': 'ERROR', 'message': 'Database connection failed'}
[2025-05-31T19:29:08.188+0000] {subprocess.py:93} INFO - Sending log: {'timestamp': '2025-05-31 19:29:08', 'level': 'ERROR', 'message': 'Database connection failed'}
[2025-05-31T19:29:09.188+0000] {subprocess.py:93} INFO - Sending log: {'timestamp': '2025-05-31 19:29:09', 'level': 'INFO', 'message': 'Search executed'}
[2025-05-31T19:29:10.189+0000] {subprocess.py:93} INFO - Sending log: {'timestamp': '2025-05-31 19:29:10', 'level': 'INFO', 'message': 'User logged in'}
[2025-05-31T19:29:11.189+0000] {subprocess.py:93} INFO - Sending log: {'timestamp': '2025-05-31 19:29:11', 'level': 'WARNING', 'message': 'High memory usage'}
[2025-05-31T19:29:12.190+0000] {subprocess.py:93} INFO - Sending log: {'timestamp': '2025-05-31 19:29:12', 'level': 'INFO', 'message': 'Search executed'}
[2025-05-31T19:29:13.190+0000] {subprocess.py:93} INFO - Sending log: {'timestamp': '2025-05-31 19:29:13', 'level': 'WARNING', 'message': 'High memory usage'}
[2025-05-31T19:29:14.191+0000] {subprocess.py:93} INFO - Sending log: {'timestamp': '2025-05-31 19:29:14', 'level': 'INFO', 'message': 'User logged in'}
[2025-05-31T19:29:15.191+0000] {subprocess.py:93} INFO - Sending log: {'timestamp': '2025-05-31 19:29:15', 'level': 'WARNING', 'message': 'Slow response time'}
[2025-05-31T19:29:16.192+0000] {subprocess.py:93} INFO - Sending log: {'timestamp': '2025-05-31 19:29:16', 'level': 'INFO', 'message': 'Page loaded'}
[2025-05-31T19:29:17.193+0000] {subprocess.py:93} INFO - Sending log: {'timestamp': '2025-05-31 19:29:17', 'level': 'WARNING', 'message': 'High memory usage'}
[2025-05-31T19:29:18.193+0000] {subprocess.py:93} INFO - Sending log: {'timestamp': '2025-05-31 19:29:18', 'level': 'ERROR', 'message': 'Database connection failed'}
[2025-05-31T19:29:19.194+0000] {subprocess.py:93} INFO - Sending log: {'timestamp': '2025-05-31 19:29:19', 'level': 'INFO', 'message': 'User logged in'}
[2025-05-31T19:29:20.195+0000] {subprocess.py:93} INFO - Sending log: {'timestamp': '2025-05-31 19:29:20', 'level': 'WARNING', 'message': 'High memory usage'}
[2025-05-31T19:29:21.192+0000] {subprocess.py:93} INFO - Sending log: {'timestamp': '2025-05-31 19:29:21', 'level': 'WARNING', 'message': 'High memory usage'}
[2025-05-31T19:29:22.193+0000] {subprocess.py:93} INFO - Sending log: {'timestamp': '2025-05-31 19:29:22', 'level': 'INFO', 'message': 'User logged in'}
[2025-05-31T19:29:23.193+0000] {subprocess.py:93} INFO - Sending log: {'timestamp': '2025-05-31 19:29:23', 'level': 'ERROR', 'message': 'Payment gateway timeout'}
[2025-05-31T19:29:24.194+0000] {subprocess.py:93} INFO - Sending log: {'timestamp': '2025-05-31 19:29:24', 'level': 'INFO', 'message': 'Search executed'}
[2025-05-31T19:29:25.205+0000] {subprocess.py:93} INFO - Sending log: {'timestamp': '2025-05-31 19:29:25', 'level': 'INFO', 'message': 'Page loaded'}
[2025-05-31T19:29:26.206+0000] {subprocess.py:93} INFO - Sending log: {'timestamp': '2025-05-31 19:29:26', 'level': 'INFO', 'message': 'User logged in'}
[2025-05-31T19:29:27.318+0000] {subprocess.py:93} INFO - Sending log: {'timestamp': '2025-05-31 19:29:27', 'level': 'ERROR', 'message': 'Database connection failed'}
[2025-05-31T19:29:28.707+0000] {subprocess.py:93} INFO - Sending log: {'timestamp': '2025-05-31 19:29:28', 'level': 'ERROR', 'message': 'Payment gateway timeout'}
[2025-05-31T19:29:29.707+0000] {subprocess.py:93} INFO - Sending log: {'timestamp': '2025-05-31 19:29:29', 'level': 'INFO', 'message': 'Search executed'}
[2025-05-31T19:29:30.708+0000] {subprocess.py:93} INFO - Sending log: {'timestamp': '2025-05-31 19:29:30', 'level': 'WARNING', 'message': 'High memory usage'}
[2025-05-31T19:29:31.708+0000] {subprocess.py:93} INFO - Sending log: {'timestamp': '2025-05-31 19:29:31', 'level': 'ERROR', 'message': 'Database connection failed'}
[2025-05-31T19:29:32.709+0000] {subprocess.py:93} INFO - Sending log: {'timestamp': '2025-05-31 19:29:32', 'level': 'INFO', 'message': 'User logged in'}
[2025-05-31T19:29:33.710+0000] {subprocess.py:93} INFO - Sending log: {'timestamp': '2025-05-31 19:29:33', 'level': 'ERROR', 'message': 'Database connection failed'}
[2025-05-31T19:29:34.710+0000] {subprocess.py:93} INFO - Sending log: {'timestamp': '2025-05-31 19:29:34', 'level': 'WARNING', 'message': 'High memory usage'}
[2025-05-31T19:29:35.711+0000] {subprocess.py:93} INFO - Sending log: {'timestamp': '2025-05-31 19:29:35', 'level': 'ERROR', 'message': 'Database connection failed'}
[2025-05-31T19:29:36.711+0000] {subprocess.py:93} INFO - Sending log: {'timestamp': '2025-05-31 19:29:36', 'level': 'ERROR', 'message': 'Payment gateway timeout'}
[2025-05-31T19:29:37.835+0000] {subprocess.py:93} INFO - Sending log: {'timestamp': '2025-05-31 19:29:37', 'level': 'ERROR', 'message': 'Payment gateway timeout'}
[2025-05-31T19:29:38.836+0000] {subprocess.py:93} INFO - Sending log: {'timestamp': '2025-05-31 19:29:38', 'level': 'ERROR', 'message': 'Database connection failed'}
[2025-05-31T19:29:39.836+0000] {subprocess.py:93} INFO - Sending log: {'timestamp': '2025-05-31 19:29:39', 'level': 'ERROR', 'message': 'Payment gateway timeout'}
[2025-05-31T19:29:40.837+0000] {subprocess.py:93} INFO - Sending log: {'timestamp': '2025-05-31 19:29:40', 'level': 'ERROR', 'message': 'Database connection failed'}
[2025-05-31T19:29:41.837+0000] {subprocess.py:93} INFO - Sending log: {'timestamp': '2025-05-31 19:29:41', 'level': 'WARNING', 'message': 'High memory usage'}
[2025-05-31T19:29:42.838+0000] {subprocess.py:93} INFO - Sending log: {'timestamp': '2025-05-31 19:29:42', 'level': 'WARNING', 'message': 'Slow response time'}
[2025-05-31T19:29:43.838+0000] {subprocess.py:93} INFO - Sending log: {'timestamp': '2025-05-31 19:29:43', 'level': 'WARNING', 'message': 'Slow response time'}
[2025-05-31T19:29:44.839+0000] {subprocess.py:93} INFO - Sending log: {'timestamp': '2025-05-31 19:29:44', 'level': 'WARNING', 'message': 'Slow response time'}
[2025-05-31T19:29:45.839+0000] {subprocess.py:93} INFO - Sending log: {'timestamp': '2025-05-31 19:29:45', 'level': 'ERROR', 'message': 'Database connection failed'}
[2025-05-31T19:29:46.872+0000] {subprocess.py:93} INFO - Sending log: {'timestamp': '2025-05-31 19:29:46', 'level': 'WARNING', 'message': 'Slow response time'}
[2025-05-31T19:29:46.892+0000] {job.py:229} INFO - Heartbeat recovered after 25.11 seconds
[2025-05-31T19:29:47.876+0000] {subprocess.py:93} INFO - Sending log: {'timestamp': '2025-05-31 19:29:47', 'level': 'WARNING', 'message': 'Slow response time'}
[2025-05-31T19:29:48.877+0000] {subprocess.py:93} INFO - Sending log: {'timestamp': '2025-05-31 19:29:48', 'level': 'INFO', 'message': 'User logged in'}
[2025-05-31T19:29:49.877+0000] {subprocess.py:93} INFO - Sending log: {'timestamp': '2025-05-31 19:29:49', 'level': 'ERROR', 'message': 'Database connection failed'}
[2025-05-31T19:29:50.878+0000] {subprocess.py:93} INFO - Sending log: {'timestamp': '2025-05-31 19:29:50', 'level': 'WARNING', 'message': 'Slow response time'}
[2025-05-31T19:29:51.879+0000] {subprocess.py:93} INFO - Sending log: {'timestamp': '2025-05-31 19:29:51', 'level': 'ERROR', 'message': 'Payment gateway timeout'}
[2025-05-31T19:29:52.880+0000] {subprocess.py:93} INFO - Sending log: {'timestamp': '2025-05-31 19:29:52', 'level': 'WARNING', 'message': 'Slow response time'}
[2025-05-31T19:29:53.146+0000] {job.py:229} INFO - Heartbeat recovered after 25.09 seconds
[2025-05-31T19:29:53.182+0000] {local_task_job_runner.py:346} WARNING - State of this instance has been externally set to success. Terminating instance.
[2025-05-31T19:29:53.251+0000] {local_task_job_runner.py:245} INFO - ::endgroup::
[2025-05-31T19:29:54.047+0000] {subprocess.py:93} INFO - Sending log: {'timestamp': '2025-05-31 19:29:54', 'level': 'ERROR', 'message': 'Payment gateway timeout'}
[2025-05-31T19:29:55.100+0000] {subprocess.py:93} INFO - Sending log: {'timestamp': '2025-05-31 19:29:55', 'level': 'ERROR', 'message': 'Database connection failed'}
[2025-05-31T19:29:56.101+0000] {subprocess.py:93} INFO - Sending log: {'timestamp': '2025-05-31 19:29:56', 'level': 'ERROR', 'message': 'Payment gateway timeout'}
[2025-05-31T19:29:57.101+0000] {subprocess.py:93} INFO - Sending log: {'timestamp': '2025-05-31 19:29:57', 'level': 'INFO', 'message': 'Search executed'}
[2025-05-31T19:29:58.102+0000] {subprocess.py:93} INFO - Sending log: {'timestamp': '2025-05-31 19:29:58', 'level': 'INFO', 'message': 'Page loaded'}
[2025-05-31T19:29:59.102+0000] {subprocess.py:93} INFO - Sending log: {'timestamp': '2025-05-31 19:29:59', 'level': 'INFO', 'message': 'Search executed'}
[2025-05-31T19:29:54.635+0000] {process_utils.py:132} INFO - Sending 15 to group 194. PIDs of all processes in the group: [196, 194]
[2025-05-31T19:29:59.639+0000] {process_utils.py:87} INFO - Sending the signal 15 to group 194
[2025-05-31T19:29:59.645+0000] {taskinstance.py:3092} ERROR - Received SIGTERM. Terminating subprocesses.
[2025-05-31T19:29:59.715+0000] {subprocess.py:104} INFO - Sending SIGTERM signal to process group
[2025-05-31T19:30:06.045+0000] {taskinstance.py:340} INFO - ::group::Post task execution logs
[2025-05-31T19:30:06.904+0000] {process_utils.py:80} INFO - Process psutil.Process(pid=194, status='terminated', exitcode=0, started='19:20:00') (194) terminated with exit code 0
[2025-05-31T19:30:06.907+0000] {process_utils.py:80} INFO - Process psutil.Process(pid=196, status='terminated', started='19:20:00') (196) terminated with exit code None
