[2025-05-31T17:30:12.166+0000] {local_task_job_runner.py:123} INFO - ::group::Pre task execution logs
[2025-05-31T17:30:12.184+0000] {taskinstance.py:2612} INFO - Dependencies all met for dep_context=non-requeueable deps ti=<TaskInstance: log_monitoring_dag.start_log_producer scheduled__2025-05-31T17:25:00+00:00 [queued]>
[2025-05-31T17:30:12.194+0000] {taskinstance.py:2612} INFO - Dependencies all met for dep_context=requeueable deps ti=<TaskInstance: log_monitoring_dag.start_log_producer scheduled__2025-05-31T17:25:00+00:00 [queued]>
[2025-05-31T17:30:12.201+0000] {taskinstance.py:2865} INFO - Starting attempt 1 of 2
[2025-05-31T17:30:12.289+0000] {taskinstance.py:2888} INFO - Executing <Task(BashOperator): start_log_producer> on 2025-05-31 17:25:00+00:00
[2025-05-31T17:30:12.314+0000] {logging_mixin.py:190} WARNING - /home/***/.local/lib/python3.12/site-packages/***/task/task_runner/standard_task_runner.py:70 DeprecationWarning: This process (pid=1148) is multi-threaded, use of fork() may lead to deadlocks in the child.
[2025-05-31T17:30:12.316+0000] {standard_task_runner.py:72} INFO - Started process 1154 to run task
[2025-05-31T17:30:12.313+0000] {standard_task_runner.py:104} INFO - Running: ['***', 'tasks', 'run', 'log_monitoring_dag', 'start_log_producer', 'scheduled__2025-05-31T17:25:00+00:00', '--job-id', '234', '--raw', '--subdir', 'DAGS_FOLDER/log_monitoring_dag.py', '--cfg-path', '/tmp/tmpgx3w7mze']
[2025-05-31T17:30:12.317+0000] {standard_task_runner.py:105} INFO - Job 234: Subtask start_log_producer
[2025-05-31T17:30:12.455+0000] {logging_mixin.py:190} WARNING - /home/***/.local/lib/python3.12/site-packages/***/settings.py:209 DeprecationWarning: The sql_alchemy_conn option in [core] has been moved to the sql_alchemy_conn option in [database] - the old setting has been used, but please update your config.
[2025-05-31T17:30:12.504+0000] {task_command.py:467} INFO - Running <TaskInstance: log_monitoring_dag.start_log_producer scheduled__2025-05-31T17:25:00+00:00 [running]> on host 1d31c4e9dbe9
[2025-05-31T17:30:12.506+0000] {logging_mixin.py:190} WARNING - /home/***/.local/lib/python3.12/site-packages/***/settings.py:470 DeprecationWarning: The sql_alchemy_conn option in [core] has been moved to the sql_alchemy_conn option in [database] - the old setting has been used, but please update your config.
[2025-05-31T17:30:12.620+0000] {taskinstance.py:3131} INFO - Exporting env vars: AIRFLOW_CTX_DAG_OWNER='***' AIRFLOW_CTX_DAG_ID='log_monitoring_dag' AIRFLOW_CTX_TASK_ID='start_log_producer' AIRFLOW_CTX_EXECUTION_DATE='2025-05-31T17:25:00+00:00' AIRFLOW_CTX_TRY_NUMBER='1' AIRFLOW_CTX_DAG_RUN_ID='scheduled__2025-05-31T17:25:00+00:00'
[2025-05-31T17:30:12.621+0000] {taskinstance.py:731} INFO - ::endgroup::
[2025-05-31T17:30:12.643+0000] {subprocess.py:63} INFO - Tmp dir root location: /tmp
[2025-05-31T17:30:12.645+0000] {subprocess.py:75} INFO - Running command: ['/usr/bin/bash', '-c', 'cd /opt/***/app && python -u log_producer.py']
[2025-05-31T17:30:12.654+0000] {subprocess.py:86} INFO - Output:
[2025-05-31T17:30:13.739+0000] {subprocess.py:93} INFO - Sending log: {'timestamp': '2025-05-31 17:30:13', 'level': 'ERROR', 'message': 'Payment gateway timeout'}
[2025-05-31T17:30:15.843+0000] {subprocess.py:93} INFO - Sending log: {'timestamp': '2025-05-31 17:30:15', 'level': 'WARNING', 'message': 'Slow response time'}
[2025-05-31T17:30:17.843+0000] {subprocess.py:93} INFO - Sending log: {'timestamp': '2025-05-31 17:30:17', 'level': 'INFO', 'message': 'User logged in'}
[2025-05-31T17:30:19.844+0000] {subprocess.py:93} INFO - Sending log: {'timestamp': '2025-05-31 17:30:19', 'level': 'INFO', 'message': 'Search executed'}
[2025-05-31T17:30:21.844+0000] {subprocess.py:93} INFO - Sending log: {'timestamp': '2025-05-31 17:30:21', 'level': 'WARNING', 'message': 'High memory usage'}
[2025-05-31T17:30:23.845+0000] {subprocess.py:93} INFO - Sending log: {'timestamp': '2025-05-31 17:30:23', 'level': 'WARNING', 'message': 'Slow response time'}
[2025-05-31T17:30:25.845+0000] {subprocess.py:93} INFO - Sending log: {'timestamp': '2025-05-31 17:30:25', 'level': 'WARNING', 'message': 'Slow response time'}
[2025-05-31T17:30:27.846+0000] {subprocess.py:93} INFO - Sending log: {'timestamp': '2025-05-31 17:30:27', 'level': 'INFO', 'message': 'Page loaded'}
[2025-05-31T17:30:29.846+0000] {subprocess.py:93} INFO - Sending log: {'timestamp': '2025-05-31 17:30:29', 'level': 'WARNING', 'message': 'Slow response time'}
[2025-05-31T17:30:31.847+0000] {subprocess.py:93} INFO - Sending log: {'timestamp': '2025-05-31 17:30:31', 'level': 'WARNING', 'message': 'High memory usage'}
[2025-05-31T17:30:33.847+0000] {subprocess.py:93} INFO - Sending log: {'timestamp': '2025-05-31 17:30:33', 'level': 'WARNING', 'message': 'High memory usage'}
[2025-05-31T17:30:35.847+0000] {subprocess.py:93} INFO - Sending log: {'timestamp': '2025-05-31 17:30:35', 'level': 'WARNING', 'message': 'High memory usage'}
[2025-05-31T17:30:37.848+0000] {subprocess.py:93} INFO - Sending log: {'timestamp': '2025-05-31 17:30:37', 'level': 'INFO', 'message': 'User logged in'}
[2025-05-31T17:30:39.848+0000] {subprocess.py:93} INFO - Sending log: {'timestamp': '2025-05-31 17:30:39', 'level': 'ERROR', 'message': 'Payment gateway timeout'}
[2025-05-31T17:30:41.849+0000] {subprocess.py:93} INFO - Sending log: {'timestamp': '2025-05-31 17:30:41', 'level': 'INFO', 'message': 'Page loaded'}
[2025-05-31T17:30:43.849+0000] {subprocess.py:93} INFO - Sending log: {'timestamp': '2025-05-31 17:30:43', 'level': 'WARNING', 'message': 'High memory usage'}
[2025-05-31T17:30:45.848+0000] {subprocess.py:93} INFO - Sending log: {'timestamp': '2025-05-31 17:30:45', 'level': 'INFO', 'message': 'Search executed'}
[2025-05-31T17:30:47.849+0000] {subprocess.py:93} INFO - Sending log: {'timestamp': '2025-05-31 17:30:47', 'level': 'ERROR', 'message': 'Payment gateway timeout'}
[2025-05-31T17:30:49.849+0000] {subprocess.py:93} INFO - Sending log: {'timestamp': '2025-05-31 17:30:49', 'level': 'ERROR', 'message': 'Database connection failed'}
[2025-05-31T17:30:51.850+0000] {subprocess.py:93} INFO - Sending log: {'timestamp': '2025-05-31 17:30:51', 'level': 'ERROR', 'message': 'Database connection failed'}
[2025-05-31T17:30:53.850+0000] {subprocess.py:93} INFO - Sending log: {'timestamp': '2025-05-31 17:30:53', 'level': 'ERROR', 'message': 'Payment gateway timeout'}
[2025-05-31T17:30:55.850+0000] {subprocess.py:93} INFO - Sending log: {'timestamp': '2025-05-31 17:30:55', 'level': 'WARNING', 'message': 'Slow response time'}
[2025-05-31T17:30:57.851+0000] {subprocess.py:93} INFO - Sending log: {'timestamp': '2025-05-31 17:30:57', 'level': 'WARNING', 'message': 'High memory usage'}
[2025-05-31T17:30:59.851+0000] {subprocess.py:93} INFO - Sending log: {'timestamp': '2025-05-31 17:30:59', 'level': 'WARNING', 'message': 'High memory usage'}
[2025-05-31T17:31:01.852+0000] {subprocess.py:93} INFO - Sending log: {'timestamp': '2025-05-31 17:31:01', 'level': 'ERROR', 'message': 'Payment gateway timeout'}
[2025-05-31T17:31:03.852+0000] {subprocess.py:93} INFO - Sending log: {'timestamp': '2025-05-31 17:31:03', 'level': 'WARNING', 'message': 'Slow response time'}
[2025-05-31T17:31:05.853+0000] {subprocess.py:93} INFO - Sending log: {'timestamp': '2025-05-31 17:31:05', 'level': 'WARNING', 'message': 'Slow response time'}
[2025-05-31T17:31:07.853+0000] {subprocess.py:93} INFO - Sending log: {'timestamp': '2025-05-31 17:31:07', 'level': 'WARNING', 'message': 'High memory usage'}
[2025-05-31T17:31:09.854+0000] {subprocess.py:93} INFO - Sending log: {'timestamp': '2025-05-31 17:31:09', 'level': 'ERROR', 'message': 'Payment gateway timeout'}
[2025-05-31T17:31:11.854+0000] {subprocess.py:93} INFO - Sending log: {'timestamp': '2025-05-31 17:31:11', 'level': 'ERROR', 'message': 'Payment gateway timeout'}
[2025-05-31T17:31:13.855+0000] {subprocess.py:93} INFO - Sending log: {'timestamp': '2025-05-31 17:31:13', 'level': 'INFO', 'message': 'Page loaded'}
[2025-05-31T17:31:15.854+0000] {subprocess.py:93} INFO - Sending log: {'timestamp': '2025-05-31 17:31:15', 'level': 'INFO', 'message': 'Page loaded'}
[2025-05-31T17:31:17.854+0000] {subprocess.py:93} INFO - Sending log: {'timestamp': '2025-05-31 17:31:17', 'level': 'WARNING', 'message': 'Slow response time'}
[2025-05-31T17:31:19.855+0000] {subprocess.py:93} INFO - Sending log: {'timestamp': '2025-05-31 17:31:19', 'level': 'WARNING', 'message': 'High memory usage'}
[2025-05-31T17:31:21.855+0000] {subprocess.py:93} INFO - Sending log: {'timestamp': '2025-05-31 17:31:21', 'level': 'WARNING', 'message': 'Slow response time'}
[2025-05-31T17:31:23.855+0000] {subprocess.py:93} INFO - Sending log: {'timestamp': '2025-05-31 17:31:23', 'level': 'ERROR', 'message': 'Payment gateway timeout'}
[2025-05-31T17:31:25.856+0000] {subprocess.py:93} INFO - Sending log: {'timestamp': '2025-05-31 17:31:25', 'level': 'INFO', 'message': 'Search executed'}
[2025-05-31T17:31:27.856+0000] {subprocess.py:93} INFO - Sending log: {'timestamp': '2025-05-31 17:31:27', 'level': 'INFO', 'message': 'Search executed'}
[2025-05-31T17:31:29.857+0000] {subprocess.py:93} INFO - Sending log: {'timestamp': '2025-05-31 17:31:29', 'level': 'WARNING', 'message': 'High memory usage'}
[2025-05-31T17:31:31.857+0000] {subprocess.py:93} INFO - Sending log: {'timestamp': '2025-05-31 17:31:31', 'level': 'INFO', 'message': 'Page loaded'}
[2025-05-31T17:31:33.857+0000] {subprocess.py:93} INFO - Sending log: {'timestamp': '2025-05-31 17:31:33', 'level': 'ERROR', 'message': 'Payment gateway timeout'}
[2025-05-31T17:31:35.858+0000] {subprocess.py:93} INFO - Sending log: {'timestamp': '2025-05-31 17:31:35', 'level': 'ERROR', 'message': 'Payment gateway timeout'}
[2025-05-31T17:31:37.858+0000] {subprocess.py:93} INFO - Sending log: {'timestamp': '2025-05-31 17:31:37', 'level': 'WARNING', 'message': 'High memory usage'}
[2025-05-31T17:31:39.859+0000] {subprocess.py:93} INFO - Sending log: {'timestamp': '2025-05-31 17:31:39', 'level': 'WARNING', 'message': 'Slow response time'}
[2025-05-31T17:31:41.859+0000] {subprocess.py:93} INFO - Sending log: {'timestamp': '2025-05-31 17:31:41', 'level': 'INFO', 'message': 'Search executed'}
[2025-05-31T17:31:43.859+0000] {subprocess.py:93} INFO - Sending log: {'timestamp': '2025-05-31 17:31:43', 'level': 'WARNING', 'message': 'Slow response time'}
[2025-05-31T17:31:45.859+0000] {subprocess.py:93} INFO - Sending log: {'timestamp': '2025-05-31 17:31:45', 'level': 'WARNING', 'message': 'High memory usage'}
[2025-05-31T17:31:47.859+0000] {subprocess.py:93} INFO - Sending log: {'timestamp': '2025-05-31 17:31:47', 'level': 'INFO', 'message': 'Search executed'}
[2025-05-31T17:31:49.859+0000] {subprocess.py:93} INFO - Sending log: {'timestamp': '2025-05-31 17:31:49', 'level': 'INFO', 'message': 'Search executed'}
[2025-05-31T17:31:51.860+0000] {subprocess.py:93} INFO - Sending log: {'timestamp': '2025-05-31 17:31:51', 'level': 'INFO', 'message': 'Search executed'}
[2025-05-31T17:31:53.860+0000] {subprocess.py:93} INFO - Sending log: {'timestamp': '2025-05-31 17:31:53', 'level': 'INFO', 'message': 'Search executed'}
[2025-05-31T17:31:55.861+0000] {subprocess.py:93} INFO - Sending log: {'timestamp': '2025-05-31 17:31:55', 'level': 'INFO', 'message': 'User logged in'}
[2025-05-31T17:31:57.861+0000] {subprocess.py:93} INFO - Sending log: {'timestamp': '2025-05-31 17:31:57', 'level': 'ERROR', 'message': 'Payment gateway timeout'}
[2025-05-31T17:31:59.861+0000] {subprocess.py:93} INFO - Sending log: {'timestamp': '2025-05-31 17:31:59', 'level': 'INFO', 'message': 'Search executed'}
[2025-05-31T17:32:01.862+0000] {subprocess.py:93} INFO - Sending log: {'timestamp': '2025-05-31 17:32:01', 'level': 'ERROR', 'message': 'Database connection failed'}
[2025-05-31T17:32:03.862+0000] {subprocess.py:93} INFO - Sending log: {'timestamp': '2025-05-31 17:32:03', 'level': 'WARNING', 'message': 'High memory usage'}
[2025-05-31T17:32:05.863+0000] {subprocess.py:93} INFO - Sending log: {'timestamp': '2025-05-31 17:32:05', 'level': 'ERROR', 'message': 'Payment gateway timeout'}
[2025-05-31T17:32:07.863+0000] {subprocess.py:93} INFO - Sending log: {'timestamp': '2025-05-31 17:32:07', 'level': 'WARNING', 'message': 'High memory usage'}
[2025-05-31T17:32:09.864+0000] {subprocess.py:93} INFO - Sending log: {'timestamp': '2025-05-31 17:32:09', 'level': 'ERROR', 'message': 'Payment gateway timeout'}
[2025-05-31T17:32:11.864+0000] {subprocess.py:93} INFO - Sending log: {'timestamp': '2025-05-31 17:32:11', 'level': 'INFO', 'message': 'Page loaded'}
[2025-05-31T17:32:13.864+0000] {subprocess.py:93} INFO - Sending log: {'timestamp': '2025-05-31 17:32:13', 'level': 'INFO', 'message': 'Search executed'}
[2025-05-31T17:32:15.863+0000] {subprocess.py:93} INFO - Sending log: {'timestamp': '2025-05-31 17:32:15', 'level': 'WARNING', 'message': 'High memory usage'}
[2025-05-31T17:32:17.864+0000] {subprocess.py:93} INFO - Sending log: {'timestamp': '2025-05-31 17:32:17', 'level': 'WARNING', 'message': 'Slow response time'}
[2025-05-31T17:32:19.864+0000] {subprocess.py:93} INFO - Sending log: {'timestamp': '2025-05-31 17:32:19', 'level': 'INFO', 'message': 'Page loaded'}
[2025-05-31T17:32:21.865+0000] {subprocess.py:93} INFO - Sending log: {'timestamp': '2025-05-31 17:32:21', 'level': 'WARNING', 'message': 'Slow response time'}
[2025-05-31T17:32:23.865+0000] {subprocess.py:93} INFO - Sending log: {'timestamp': '2025-05-31 17:32:23', 'level': 'WARNING', 'message': 'Slow response time'}
[2025-05-31T17:32:25.866+0000] {subprocess.py:93} INFO - Sending log: {'timestamp': '2025-05-31 17:32:25', 'level': 'INFO', 'message': 'Search executed'}
[2025-05-31T17:32:27.866+0000] {subprocess.py:93} INFO - Sending log: {'timestamp': '2025-05-31 17:32:27', 'level': 'INFO', 'message': 'Search executed'}
[2025-05-31T17:32:29.867+0000] {subprocess.py:93} INFO - Sending log: {'timestamp': '2025-05-31 17:32:29', 'level': 'WARNING', 'message': 'Slow response time'}
[2025-05-31T17:32:31.867+0000] {subprocess.py:93} INFO - Sending log: {'timestamp': '2025-05-31 17:32:31', 'level': 'WARNING', 'message': 'Slow response time'}
[2025-05-31T17:32:33.867+0000] {subprocess.py:93} INFO - Sending log: {'timestamp': '2025-05-31 17:32:33', 'level': 'WARNING', 'message': 'Slow response time'}
[2025-05-31T17:32:35.868+0000] {subprocess.py:93} INFO - Sending log: {'timestamp': '2025-05-31 17:32:35', 'level': 'WARNING', 'message': 'Slow response time'}
[2025-05-31T17:32:37.868+0000] {subprocess.py:93} INFO - Sending log: {'timestamp': '2025-05-31 17:32:37', 'level': 'WARNING', 'message': 'Slow response time'}
[2025-05-31T17:32:39.869+0000] {subprocess.py:93} INFO - Sending log: {'timestamp': '2025-05-31 17:32:39', 'level': 'WARNING', 'message': 'Slow response time'}
[2025-05-31T17:32:41.869+0000] {subprocess.py:93} INFO - Sending log: {'timestamp': '2025-05-31 17:32:41', 'level': 'WARNING', 'message': 'Slow response time'}
[2025-05-31T17:32:43.869+0000] {subprocess.py:93} INFO - Sending log: {'timestamp': '2025-05-31 17:32:43', 'level': 'WARNING', 'message': 'High memory usage'}
[2025-05-31T17:32:45.868+0000] {subprocess.py:93} INFO - Sending log: {'timestamp': '2025-05-31 17:32:45', 'level': 'INFO', 'message': 'Page loaded'}
[2025-05-31T17:32:47.869+0000] {subprocess.py:93} INFO - Sending log: {'timestamp': '2025-05-31 17:32:47', 'level': 'ERROR', 'message': 'Payment gateway timeout'}
[2025-05-31T17:32:49.869+0000] {subprocess.py:93} INFO - Sending log: {'timestamp': '2025-05-31 17:32:49', 'level': 'INFO', 'message': 'User logged in'}
[2025-05-31T17:32:51.870+0000] {subprocess.py:93} INFO - Sending log: {'timestamp': '2025-05-31 17:32:51', 'level': 'WARNING', 'message': 'Slow response time'}
[2025-05-31T17:32:53.870+0000] {subprocess.py:93} INFO - Sending log: {'timestamp': '2025-05-31 17:32:53', 'level': 'WARNING', 'message': 'Slow response time'}
[2025-05-31T17:32:55.870+0000] {subprocess.py:93} INFO - Sending log: {'timestamp': '2025-05-31 17:32:55', 'level': 'ERROR', 'message': 'Payment gateway timeout'}
[2025-05-31T17:32:57.871+0000] {subprocess.py:93} INFO - Sending log: {'timestamp': '2025-05-31 17:32:57', 'level': 'WARNING', 'message': 'Slow response time'}
[2025-05-31T17:32:59.871+0000] {subprocess.py:93} INFO - Sending log: {'timestamp': '2025-05-31 17:32:59', 'level': 'WARNING', 'message': 'High memory usage'}
[2025-05-31T17:33:01.872+0000] {subprocess.py:93} INFO - Sending log: {'timestamp': '2025-05-31 17:33:01', 'level': 'INFO', 'message': 'User logged in'}
[2025-05-31T17:33:03.872+0000] {subprocess.py:93} INFO - Sending log: {'timestamp': '2025-05-31 17:33:03', 'level': 'ERROR', 'message': 'Database connection failed'}
[2025-05-31T17:33:05.872+0000] {subprocess.py:93} INFO - Sending log: {'timestamp': '2025-05-31 17:33:05', 'level': 'WARNING', 'message': 'High memory usage'}
[2025-05-31T17:33:07.873+0000] {subprocess.py:93} INFO - Sending log: {'timestamp': '2025-05-31 17:33:07', 'level': 'WARNING', 'message': 'High memory usage'}
[2025-05-31T17:33:09.873+0000] {subprocess.py:93} INFO - Sending log: {'timestamp': '2025-05-31 17:33:09', 'level': 'ERROR', 'message': 'Database connection failed'}
[2025-05-31T17:33:11.874+0000] {subprocess.py:93} INFO - Sending log: {'timestamp': '2025-05-31 17:33:11', 'level': 'INFO', 'message': 'Search executed'}
[2025-05-31T17:33:13.874+0000] {subprocess.py:93} INFO - Sending log: {'timestamp': '2025-05-31 17:33:13', 'level': 'ERROR', 'message': 'Database connection failed'}
[2025-05-31T17:33:15.874+0000] {subprocess.py:93} INFO - Sending log: {'timestamp': '2025-05-31 17:33:15', 'level': 'INFO', 'message': 'Search executed'}
[2025-05-31T17:33:17.875+0000] {subprocess.py:93} INFO - Sending log: {'timestamp': '2025-05-31 17:33:17', 'level': 'WARNING', 'message': 'High memory usage'}
[2025-05-31T17:33:19.875+0000] {subprocess.py:93} INFO - Sending log: {'timestamp': '2025-05-31 17:33:19', 'level': 'ERROR', 'message': 'Payment gateway timeout'}
[2025-05-31T17:33:21.875+0000] {subprocess.py:93} INFO - Sending log: {'timestamp': '2025-05-31 17:33:21', 'level': 'ERROR', 'message': 'Database connection failed'}
[2025-05-31T17:33:23.876+0000] {subprocess.py:93} INFO - Sending log: {'timestamp': '2025-05-31 17:33:23', 'level': 'INFO', 'message': 'Search executed'}
[2025-05-31T17:33:25.876+0000] {subprocess.py:93} INFO - Sending log: {'timestamp': '2025-05-31 17:33:25', 'level': 'ERROR', 'message': 'Database connection failed'}
[2025-05-31T17:33:27.877+0000] {subprocess.py:93} INFO - Sending log: {'timestamp': '2025-05-31 17:33:27', 'level': 'ERROR', 'message': 'Payment gateway timeout'}
[2025-05-31T17:33:29.877+0000] {subprocess.py:93} INFO - Sending log: {'timestamp': '2025-05-31 17:33:29', 'level': 'INFO', 'message': 'Page loaded'}
[2025-05-31T17:33:31.878+0000] {subprocess.py:93} INFO - Sending log: {'timestamp': '2025-05-31 17:33:31', 'level': 'ERROR', 'message': 'Database connection failed'}
[2025-05-31T17:33:33.878+0000] {subprocess.py:93} INFO - Sending log: {'timestamp': '2025-05-31 17:33:33', 'level': 'WARNING', 'message': 'Slow response time'}
[2025-05-31T17:33:35.878+0000] {subprocess.py:93} INFO - Sending log: {'timestamp': '2025-05-31 17:33:35', 'level': 'INFO', 'message': 'Page loaded'}
[2025-05-31T17:33:37.879+0000] {subprocess.py:93} INFO - Sending log: {'timestamp': '2025-05-31 17:33:37', 'level': 'ERROR', 'message': 'Payment gateway timeout'}
[2025-05-31T17:33:39.879+0000] {subprocess.py:93} INFO - Sending log: {'timestamp': '2025-05-31 17:33:39', 'level': 'ERROR', 'message': 'Payment gateway timeout'}
[2025-05-31T17:33:41.880+0000] {subprocess.py:93} INFO - Sending log: {'timestamp': '2025-05-31 17:33:41', 'level': 'INFO', 'message': 'Search executed'}
[2025-05-31T17:33:43.880+0000] {subprocess.py:93} INFO - Sending log: {'timestamp': '2025-05-31 17:33:43', 'level': 'WARNING', 'message': 'Slow response time'}
[2025-05-31T17:33:45.879+0000] {subprocess.py:93} INFO - Sending log: {'timestamp': '2025-05-31 17:33:45', 'level': 'INFO', 'message': 'User logged in'}
[2025-05-31T17:33:47.879+0000] {subprocess.py:93} INFO - Sending log: {'timestamp': '2025-05-31 17:33:47', 'level': 'WARNING', 'message': 'Slow response time'}
[2025-05-31T17:33:49.880+0000] {subprocess.py:93} INFO - Sending log: {'timestamp': '2025-05-31 17:33:49', 'level': 'INFO', 'message': 'Search executed'}
[2025-05-31T17:33:51.880+0000] {subprocess.py:93} INFO - Sending log: {'timestamp': '2025-05-31 17:33:51', 'level': 'WARNING', 'message': 'High memory usage'}
[2025-05-31T17:33:53.881+0000] {subprocess.py:93} INFO - Sending log: {'timestamp': '2025-05-31 17:33:53', 'level': 'ERROR', 'message': 'Payment gateway timeout'}
[2025-05-31T17:33:55.882+0000] {subprocess.py:93} INFO - Sending log: {'timestamp': '2025-05-31 17:33:55', 'level': 'WARNING', 'message': 'High memory usage'}
[2025-05-31T17:33:57.882+0000] {subprocess.py:93} INFO - Sending log: {'timestamp': '2025-05-31 17:33:57', 'level': 'WARNING', 'message': 'Slow response time'}
[2025-05-31T17:33:59.882+0000] {subprocess.py:93} INFO - Sending log: {'timestamp': '2025-05-31 17:33:59', 'level': 'ERROR', 'message': 'Payment gateway timeout'}
[2025-05-31T17:34:01.883+0000] {subprocess.py:93} INFO - Sending log: {'timestamp': '2025-05-31 17:34:01', 'level': 'ERROR', 'message': 'Payment gateway timeout'}
[2025-05-31T17:34:03.883+0000] {subprocess.py:93} INFO - Sending log: {'timestamp': '2025-05-31 17:34:03', 'level': 'INFO', 'message': 'User logged in'}
[2025-05-31T17:34:05.884+0000] {subprocess.py:93} INFO - Sending log: {'timestamp': '2025-05-31 17:34:05', 'level': 'INFO', 'message': 'Page loaded'}
[2025-05-31T17:34:07.884+0000] {subprocess.py:93} INFO - Sending log: {'timestamp': '2025-05-31 17:34:07', 'level': 'INFO', 'message': 'Page loaded'}
[2025-05-31T17:34:09.885+0000] {subprocess.py:93} INFO - Sending log: {'timestamp': '2025-05-31 17:34:09', 'level': 'WARNING', 'message': 'Slow response time'}
[2025-05-31T17:34:11.885+0000] {subprocess.py:93} INFO - Sending log: {'timestamp': '2025-05-31 17:34:11', 'level': 'WARNING', 'message': 'Slow response time'}
[2025-05-31T17:34:13.885+0000] {subprocess.py:93} INFO - Sending log: {'timestamp': '2025-05-31 17:34:13', 'level': 'WARNING', 'message': 'Slow response time'}
[2025-05-31T17:34:15.885+0000] {subprocess.py:93} INFO - Sending log: {'timestamp': '2025-05-31 17:34:15', 'level': 'INFO', 'message': 'Search executed'}
[2025-05-31T17:34:17.885+0000] {subprocess.py:93} INFO - Sending log: {'timestamp': '2025-05-31 17:34:17', 'level': 'INFO', 'message': 'User logged in'}
[2025-05-31T17:34:19.885+0000] {subprocess.py:93} INFO - Sending log: {'timestamp': '2025-05-31 17:34:19', 'level': 'INFO', 'message': 'Search executed'}
[2025-05-31T17:34:21.886+0000] {subprocess.py:93} INFO - Sending log: {'timestamp': '2025-05-31 17:34:21', 'level': 'INFO', 'message': 'Page loaded'}
[2025-05-31T17:34:23.886+0000] {subprocess.py:93} INFO - Sending log: {'timestamp': '2025-05-31 17:34:23', 'level': 'WARNING', 'message': 'Slow response time'}
[2025-05-31T17:34:25.887+0000] {subprocess.py:93} INFO - Sending log: {'timestamp': '2025-05-31 17:34:25', 'level': 'ERROR', 'message': 'Database connection failed'}
[2025-05-31T17:34:27.887+0000] {subprocess.py:93} INFO - Sending log: {'timestamp': '2025-05-31 17:34:27', 'level': 'WARNING', 'message': 'Slow response time'}
[2025-05-31T17:34:29.888+0000] {subprocess.py:93} INFO - Sending log: {'timestamp': '2025-05-31 17:34:29', 'level': 'WARNING', 'message': 'High memory usage'}
[2025-05-31T17:34:31.888+0000] {subprocess.py:93} INFO - Sending log: {'timestamp': '2025-05-31 17:34:31', 'level': 'INFO', 'message': 'Search executed'}
[2025-05-31T17:34:33.888+0000] {subprocess.py:93} INFO - Sending log: {'timestamp': '2025-05-31 17:34:33', 'level': 'INFO', 'message': 'Search executed'}
[2025-05-31T17:34:35.889+0000] {subprocess.py:93} INFO - Sending log: {'timestamp': '2025-05-31 17:34:35', 'level': 'WARNING', 'message': 'High memory usage'}
[2025-05-31T17:34:37.889+0000] {subprocess.py:93} INFO - Sending log: {'timestamp': '2025-05-31 17:34:37', 'level': 'ERROR', 'message': 'Payment gateway timeout'}
[2025-05-31T17:34:39.890+0000] {subprocess.py:93} INFO - Sending log: {'timestamp': '2025-05-31 17:34:39', 'level': 'INFO', 'message': 'Search executed'}
[2025-05-31T17:34:41.890+0000] {subprocess.py:93} INFO - Sending log: {'timestamp': '2025-05-31 17:34:41', 'level': 'ERROR', 'message': 'Database connection failed'}
[2025-05-31T17:34:43.891+0000] {subprocess.py:93} INFO - Sending log: {'timestamp': '2025-05-31 17:34:43', 'level': 'WARNING', 'message': 'High memory usage'}
[2025-05-31T17:34:45.890+0000] {subprocess.py:93} INFO - Sending log: {'timestamp': '2025-05-31 17:34:45', 'level': 'ERROR', 'message': 'Payment gateway timeout'}
[2025-05-31T17:34:47.890+0000] {subprocess.py:93} INFO - Sending log: {'timestamp': '2025-05-31 17:34:47', 'level': 'ERROR', 'message': 'Payment gateway timeout'}
[2025-05-31T17:34:49.891+0000] {subprocess.py:93} INFO - Sending log: {'timestamp': '2025-05-31 17:34:49', 'level': 'WARNING', 'message': 'Slow response time'}
[2025-05-31T17:34:51.891+0000] {subprocess.py:93} INFO - Sending log: {'timestamp': '2025-05-31 17:34:51', 'level': 'WARNING', 'message': 'Slow response time'}
[2025-05-31T17:34:53.892+0000] {subprocess.py:93} INFO - Sending log: {'timestamp': '2025-05-31 17:34:53', 'level': 'ERROR', 'message': 'Payment gateway timeout'}
[2025-05-31T17:34:55.892+0000] {subprocess.py:93} INFO - Sending log: {'timestamp': '2025-05-31 17:34:55', 'level': 'ERROR', 'message': 'Payment gateway timeout'}
[2025-05-31T17:34:57.893+0000] {subprocess.py:93} INFO - Sending log: {'timestamp': '2025-05-31 17:34:57', 'level': 'ERROR', 'message': 'Payment gateway timeout'}
[2025-05-31T17:34:59.893+0000] {subprocess.py:93} INFO - Sending log: {'timestamp': '2025-05-31 17:34:59', 'level': 'INFO', 'message': 'User logged in'}
[2025-05-31T17:35:01.894+0000] {subprocess.py:93} INFO - Sending log: {'timestamp': '2025-05-31 17:35:01', 'level': 'WARNING', 'message': 'Slow response time'}
[2025-05-31T17:35:03.894+0000] {subprocess.py:93} INFO - Sending log: {'timestamp': '2025-05-31 17:35:03', 'level': 'WARNING', 'message': 'High memory usage'}
[2025-05-31T17:35:05.895+0000] {subprocess.py:93} INFO - Sending log: {'timestamp': '2025-05-31 17:35:05', 'level': 'WARNING', 'message': 'High memory usage'}
[2025-05-31T17:35:07.895+0000] {subprocess.py:93} INFO - Sending log: {'timestamp': '2025-05-31 17:35:07', 'level': 'ERROR', 'message': 'Database connection failed'}
[2025-05-31T17:35:09.896+0000] {subprocess.py:93} INFO - Sending log: {'timestamp': '2025-05-31 17:35:09', 'level': 'INFO', 'message': 'Page loaded'}
[2025-05-31T17:35:11.896+0000] {subprocess.py:93} INFO - Sending log: {'timestamp': '2025-05-31 17:35:11', 'level': 'WARNING', 'message': 'High memory usage'}
[2025-05-31T17:35:13.897+0000] {subprocess.py:93} INFO - Sending log: {'timestamp': '2025-05-31 17:35:13', 'level': 'WARNING', 'message': 'High memory usage'}
[2025-05-31T17:35:15.985+0000] {subprocess.py:93} INFO - Sending log: {'timestamp': '2025-05-31 17:35:15', 'level': 'WARNING', 'message': 'High memory usage'}
[2025-05-31T17:35:17.986+0000] {subprocess.py:93} INFO - Sending log: {'timestamp': '2025-05-31 17:35:17', 'level': 'ERROR', 'message': 'Payment gateway timeout'}
[2025-05-31T17:35:19.986+0000] {subprocess.py:93} INFO - Sending log: {'timestamp': '2025-05-31 17:35:19', 'level': 'WARNING', 'message': 'Slow response time'}
[2025-05-31T17:35:21.987+0000] {subprocess.py:93} INFO - Sending log: {'timestamp': '2025-05-31 17:35:21', 'level': 'WARNING', 'message': 'High memory usage'}
[2025-05-31T17:35:23.988+0000] {subprocess.py:93} INFO - Sending log: {'timestamp': '2025-05-31 17:35:23', 'level': 'ERROR', 'message': 'Database connection failed'}
[2025-05-31T17:35:25.988+0000] {subprocess.py:93} INFO - Sending log: {'timestamp': '2025-05-31 17:35:25', 'level': 'INFO', 'message': 'Page loaded'}
[2025-05-31T17:35:27.988+0000] {subprocess.py:93} INFO - Sending log: {'timestamp': '2025-05-31 17:35:27', 'level': 'ERROR', 'message': 'Database connection failed'}
[2025-05-31T17:35:29.989+0000] {subprocess.py:93} INFO - Sending log: {'timestamp': '2025-05-31 17:35:29', 'level': 'INFO', 'message': 'User logged in'}
[2025-05-31T17:35:31.989+0000] {subprocess.py:93} INFO - Sending log: {'timestamp': '2025-05-31 17:35:31', 'level': 'INFO', 'message': 'Search executed'}
[2025-05-31T17:35:33.990+0000] {subprocess.py:93} INFO - Sending log: {'timestamp': '2025-05-31 17:35:33', 'level': 'WARNING', 'message': 'Slow response time'}
[2025-05-31T17:35:35.990+0000] {subprocess.py:93} INFO - Sending log: {'timestamp': '2025-05-31 17:35:35', 'level': 'WARNING', 'message': 'Slow response time'}
[2025-05-31T17:35:37.990+0000] {subprocess.py:93} INFO - Sending log: {'timestamp': '2025-05-31 17:35:37', 'level': 'WARNING', 'message': 'Slow response time'}
[2025-05-31T17:35:39.991+0000] {subprocess.py:93} INFO - Sending log: {'timestamp': '2025-05-31 17:35:39', 'level': 'WARNING', 'message': 'High memory usage'}
[2025-05-31T17:35:41.991+0000] {subprocess.py:93} INFO - Sending log: {'timestamp': '2025-05-31 17:35:41', 'level': 'ERROR', 'message': 'Payment gateway timeout'}
[2025-05-31T17:35:43.992+0000] {subprocess.py:93} INFO - Sending log: {'timestamp': '2025-05-31 17:35:43', 'level': 'INFO', 'message': 'Page loaded'}
[2025-05-31T17:35:45.991+0000] {subprocess.py:93} INFO - Sending log: {'timestamp': '2025-05-31 17:35:45', 'level': 'INFO', 'message': 'Search executed'}
[2025-05-31T17:35:47.992+0000] {subprocess.py:93} INFO - Sending log: {'timestamp': '2025-05-31 17:35:47', 'level': 'INFO', 'message': 'Search executed'}
[2025-05-31T17:35:49.992+0000] {subprocess.py:93} INFO - Sending log: {'timestamp': '2025-05-31 17:35:49', 'level': 'WARNING', 'message': 'Slow response time'}
[2025-05-31T17:35:51.993+0000] {subprocess.py:93} INFO - Sending log: {'timestamp': '2025-05-31 17:35:51', 'level': 'WARNING', 'message': 'High memory usage'}
[2025-05-31T17:44:32.181+0000] {subprocess.py:93} INFO - Sending log: {'timestamp': '2025-05-31 17:44:32', 'level': 'INFO', 'message': 'Search executed'}
[2025-05-31T17:44:34.182+0000] {subprocess.py:93} INFO - Sending log: {'timestamp': '2025-05-31 17:44:34', 'level': 'WARNING', 'message': 'Slow response time'}
[2025-05-31T17:44:36.302+0000] {subprocess.py:93} INFO - Sending log: {'timestamp': '2025-05-31 17:44:36', 'level': 'ERROR', 'message': 'Database connection failed'}
[2025-05-31T17:44:38.302+0000] {subprocess.py:93} INFO - Sending log: {'timestamp': '2025-05-31 17:44:38', 'level': 'WARNING', 'message': 'High memory usage'}
[2025-05-31T17:44:39.535+0000] {job.py:229} INFO - Heartbeat recovered after 528.33 seconds
[2025-05-31T17:44:40.303+0000] {subprocess.py:93} INFO - Sending log: {'timestamp': '2025-05-31 17:44:40', 'level': 'INFO', 'message': 'Search executed'}
[2025-05-31T17:44:42.303+0000] {subprocess.py:93} INFO - Sending log: {'timestamp': '2025-05-31 17:44:42', 'level': 'WARNING', 'message': 'High memory usage'}
[2025-05-31T17:44:44.307+0000] {subprocess.py:93} INFO - Sending log: {'timestamp': '2025-05-31 17:44:44', 'level': 'INFO', 'message': 'Search executed'}
[2025-05-31T17:44:45.510+0000] {job.py:229} INFO - Heartbeat recovered after 10.91 seconds
[2025-05-31T17:44:46.634+0000] {subprocess.py:93} INFO - Sending log: {'timestamp': '2025-05-31 17:44:46', 'level': 'INFO', 'message': 'Page loaded'}
[2025-05-31T17:44:48.635+0000] {subprocess.py:93} INFO - Sending log: {'timestamp': '2025-05-31 17:44:48', 'level': 'ERROR', 'message': 'Database connection failed'}
[2025-05-31T17:44:50.929+0000] {subprocess.py:93} INFO - Sending log: {'timestamp': '2025-05-31 17:44:50', 'level': 'WARNING', 'message': 'Slow response time'}
[2025-05-31T17:44:52.886+0000] {subprocess.py:93} INFO - Sending log: {'timestamp': '2025-05-31 17:44:52', 'level': 'WARNING', 'message': 'High memory usage'}
[2025-05-31T17:44:55.201+0000] {subprocess.py:93} INFO - Sending log: {'timestamp': '2025-05-31 17:44:55', 'level': 'WARNING', 'message': 'Slow response time'}
[2025-05-31T17:44:57.202+0000] {subprocess.py:93} INFO - Sending log: {'timestamp': '2025-05-31 17:44:57', 'level': 'ERROR', 'message': 'Database connection failed'}
[2025-05-31T17:44:59.202+0000] {subprocess.py:93} INFO - Sending log: {'timestamp': '2025-05-31 17:44:59', 'level': 'WARNING', 'message': 'Slow response time'}
[2025-05-31T17:45:01.203+0000] {subprocess.py:93} INFO - Sending log: {'timestamp': '2025-05-31 17:45:01', 'level': 'ERROR', 'message': 'Payment gateway timeout'}
[2025-05-31T17:45:03.231+0000] {subprocess.py:93} INFO - Sending log: {'timestamp': '2025-05-31 17:45:03', 'level': 'WARNING', 'message': 'High memory usage'}
[2025-05-31T17:45:05.642+0000] {subprocess.py:93} INFO - Sending log: {'timestamp': '2025-05-31 17:45:05', 'level': 'WARNING', 'message': 'Slow response time'}
[2025-05-31T17:45:07.812+0000] {subprocess.py:93} INFO - Sending log: {'timestamp': '2025-05-31 17:45:07', 'level': 'INFO', 'message': 'Page loaded'}
[2025-05-31T17:45:09.991+0000] {subprocess.py:93} INFO - Sending log: {'timestamp': '2025-05-31 17:45:09', 'level': 'WARNING', 'message': 'Slow response time'}
[2025-05-31T17:45:11.992+0000] {subprocess.py:93} INFO - Sending log: {'timestamp': '2025-05-31 17:45:11', 'level': 'WARNING', 'message': 'Slow response time'}
[2025-05-31T17:45:13.992+0000] {subprocess.py:93} INFO - Sending log: {'timestamp': '2025-05-31 17:45:13', 'level': 'INFO', 'message': 'Page loaded'}
[2025-05-31T17:45:15.993+0000] {subprocess.py:93} INFO - Sending log: {'timestamp': '2025-05-31 17:45:15', 'level': 'INFO', 'message': 'Search executed'}
[2025-05-31T17:45:17.993+0000] {subprocess.py:93} INFO - Sending log: {'timestamp': '2025-05-31 17:45:17', 'level': 'WARNING', 'message': 'Slow response time'}
[2025-05-31T17:45:19.994+0000] {subprocess.py:93} INFO - Sending log: {'timestamp': '2025-05-31 17:45:19', 'level': 'INFO', 'message': 'Page loaded'}
[2025-05-31T17:45:21.994+0000] {subprocess.py:93} INFO - Sending log: {'timestamp': '2025-05-31 17:45:21', 'level': 'WARNING', 'message': 'High memory usage'}
[2025-05-31T17:45:23.993+0000] {subprocess.py:93} INFO - Sending log: {'timestamp': '2025-05-31 17:45:23', 'level': 'INFO', 'message': 'User logged in'}
[2025-05-31T17:45:26.120+0000] {subprocess.py:93} INFO - Sending log: {'timestamp': '2025-05-31 17:45:26', 'level': 'ERROR', 'message': 'Payment gateway timeout'}
[2025-05-31T17:45:28.209+0000] {subprocess.py:93} INFO - Sending log: {'timestamp': '2025-05-31 17:45:28', 'level': 'ERROR', 'message': 'Database connection failed'}
[2025-05-31T17:45:30.209+0000] {subprocess.py:93} INFO - Sending log: {'timestamp': '2025-05-31 17:45:30', 'level': 'WARNING', 'message': 'High memory usage'}
[2025-05-31T17:45:32.210+0000] {subprocess.py:93} INFO - Sending log: {'timestamp': '2025-05-31 17:45:32', 'level': 'ERROR', 'message': 'Payment gateway timeout'}
[2025-05-31T17:45:34.210+0000] {subprocess.py:93} INFO - Sending log: {'timestamp': '2025-05-31 17:45:34', 'level': 'ERROR', 'message': 'Database connection failed'}
[2025-05-31T17:45:36.211+0000] {subprocess.py:93} INFO - Sending log: {'timestamp': '2025-05-31 17:45:36', 'level': 'WARNING', 'message': 'Slow response time'}
[2025-05-31T17:45:38.387+0000] {subprocess.py:93} INFO - Sending log: {'timestamp': '2025-05-31 17:45:38', 'level': 'INFO', 'message': 'Search executed'}
[2025-05-31T17:45:40.639+0000] {subprocess.py:93} INFO - Sending log: {'timestamp': '2025-05-31 17:45:40', 'level': 'WARNING', 'message': 'High memory usage'}
[2025-05-31T17:45:42.821+0000] {subprocess.py:93} INFO - Sending log: {'timestamp': '2025-05-31 17:45:42', 'level': 'ERROR', 'message': 'Payment gateway timeout'}
[2025-05-31T17:45:44.824+0000] {subprocess.py:93} INFO - Sending log: {'timestamp': '2025-05-31 17:45:44', 'level': 'INFO', 'message': 'Search executed'}
[2025-05-31T17:45:46.929+0000] {subprocess.py:93} INFO - Sending log: {'timestamp': '2025-05-31 17:45:46', 'level': 'ERROR', 'message': 'Payment gateway timeout'}
[2025-05-31T17:45:49.366+0000] {subprocess.py:93} INFO - Sending log: {'timestamp': '2025-05-31 17:45:48', 'level': 'INFO', 'message': 'Search executed'}
[2025-05-31T17:45:49.606+0000] {job.py:229} INFO - Heartbeat recovered after 12.35 seconds
[2025-05-31T17:45:51.062+0000] {subprocess.py:93} INFO - Sending log: {'timestamp': '2025-05-31 17:45:51', 'level': 'ERROR', 'message': 'Payment gateway timeout'}
[2025-05-31T17:45:53.256+0000] {subprocess.py:93} INFO - Sending log: {'timestamp': '2025-05-31 17:45:53', 'level': 'ERROR', 'message': 'Payment gateway timeout'}
[2025-05-31T17:45:55.441+0000] {subprocess.py:93} INFO - Sending log: {'timestamp': '2025-05-31 17:45:55', 'level': 'ERROR', 'message': 'Database connection failed'}
[2025-05-31T17:45:57.861+0000] {subprocess.py:93} INFO - Sending log: {'timestamp': '2025-05-31 17:45:57', 'level': 'INFO', 'message': 'Page loaded'}
[2025-05-31T17:45:59.721+0000] {subprocess.py:93} INFO - Sending log: {'timestamp': '2025-05-31 17:45:59', 'level': 'INFO', 'message': 'Page loaded'}
[2025-05-31T17:46:01.848+0000] {subprocess.py:93} INFO - Sending log: {'timestamp': '2025-05-31 17:46:01', 'level': 'ERROR', 'message': 'Database connection failed'}
[2025-05-31T17:46:04.030+0000] {subprocess.py:93} INFO - Sending log: {'timestamp': '2025-05-31 17:46:04', 'level': 'ERROR', 'message': 'Database connection failed'}
[2025-05-31T17:46:06.392+0000] {subprocess.py:93} INFO - Sending log: {'timestamp': '2025-05-31 17:46:06', 'level': 'WARNING', 'message': 'High memory usage'}
[2025-05-31T17:46:08.184+0000] {subprocess.py:93} INFO - Sending log: {'timestamp': '2025-05-31 17:46:08', 'level': 'WARNING', 'message': 'High memory usage'}
[2025-05-31T17:46:10.368+0000] {subprocess.py:93} INFO - Sending log: {'timestamp': '2025-05-31 17:46:10', 'level': 'ERROR', 'message': 'Database connection failed'}
[2025-05-31T17:46:11.709+0000] {job.py:229} INFO - Heartbeat recovered after 22.51 seconds
[2025-05-31T17:46:13.097+0000] {subprocess.py:93} INFO - Sending log: {'timestamp': '2025-05-31 17:46:12', 'level': 'ERROR', 'message': 'Payment gateway timeout'}
[2025-05-31T17:46:21.750+0000] {subprocess.py:93} INFO - Sending log: {'timestamp': '2025-05-31 17:46:14', 'level': 'WARNING', 'message': 'Slow response time'}
[2025-05-31T17:46:21.751+0000] {subprocess.py:93} INFO - Sending log: {'timestamp': '2025-05-31 17:46:16', 'level': 'INFO', 'message': 'Search executed'}
[2025-05-31T17:46:21.752+0000] {subprocess.py:93} INFO - Sending log: {'timestamp': '2025-05-31 17:46:18', 'level': 'ERROR', 'message': 'Payment gateway timeout'}
[2025-05-31T17:46:21.960+0000] {subprocess.py:93} INFO - Sending log: {'timestamp': '2025-05-31 17:46:20', 'level': 'INFO', 'message': 'Search executed'}
[2025-05-31T17:46:22.832+0000] {subprocess.py:93} INFO - Sending log: {'timestamp': '2025-05-31 17:46:22', 'level': 'INFO', 'message': 'Page loaded'}
[2025-05-31T17:46:24.987+0000] {subprocess.py:93} INFO - Sending log: {'timestamp': '2025-05-31 17:46:24', 'level': 'WARNING', 'message': 'High memory usage'}
[2025-05-31T17:46:25.246+0000] {job.py:229} INFO - Heartbeat recovered after 14.38 seconds
[2025-05-31T17:46:26.987+0000] {subprocess.py:93} INFO - Sending log: {'timestamp': '2025-05-31 17:46:26', 'level': 'WARNING', 'message': 'High memory usage'}
[2025-05-31T17:46:29.243+0000] {subprocess.py:93} INFO - Sending log: {'timestamp': '2025-05-31 17:46:29', 'level': 'INFO', 'message': 'Search executed'}
[2025-05-31T17:46:31.479+0000] {subprocess.py:93} INFO - Sending log: {'timestamp': '2025-05-31 17:46:31', 'level': 'WARNING', 'message': 'High memory usage'}
[2025-05-31T17:46:33.403+0000] {subprocess.py:93} INFO - Sending log: {'timestamp': '2025-05-31 17:46:33', 'level': 'WARNING', 'message': 'High memory usage'}
[2025-05-31T17:46:35.517+0000] {subprocess.py:93} INFO - Sending log: {'timestamp': '2025-05-31 17:46:35', 'level': 'INFO', 'message': 'Search executed'}
[2025-05-31T17:46:37.628+0000] {subprocess.py:93} INFO - Sending log: {'timestamp': '2025-05-31 17:46:37', 'level': 'INFO', 'message': 'Search executed'}
[2025-05-31T17:46:39.377+0000] {job.py:229} INFO - Heartbeat recovered after 14.22 seconds
[2025-05-31T17:46:39.673+0000] {subprocess.py:93} INFO - Sending log: {'timestamp': '2025-05-31 17:46:39', 'level': 'WARNING', 'message': 'Slow response time'}
[2025-05-31T17:46:41.673+0000] {subprocess.py:93} INFO - Sending log: {'timestamp': '2025-05-31 17:46:41', 'level': 'WARNING', 'message': 'Slow response time'}
[2025-05-31T17:46:43.879+0000] {subprocess.py:93} INFO - Sending log: {'timestamp': '2025-05-31 17:46:43', 'level': 'WARNING', 'message': 'Slow response time'}
[2025-05-31T17:46:45.945+0000] {subprocess.py:93} INFO - Sending log: {'timestamp': '2025-05-31 17:46:45', 'level': 'ERROR', 'message': 'Database connection failed'}
[2025-05-31T17:46:48.056+0000] {subprocess.py:93} INFO - Sending log: {'timestamp': '2025-05-31 17:46:48', 'level': 'WARNING', 'message': 'High memory usage'}
[2025-05-31T17:46:50.051+0000] {subprocess.py:93} INFO - Sending log: {'timestamp': '2025-05-31 17:46:50', 'level': 'ERROR', 'message': 'Database connection failed'}
[2025-05-31T17:46:52.123+0000] {subprocess.py:93} INFO - Sending log: {'timestamp': '2025-05-31 17:46:52', 'level': 'ERROR', 'message': 'Payment gateway timeout'}
[2025-05-31T17:46:54.275+0000] {subprocess.py:93} INFO - Sending log: {'timestamp': '2025-05-31 17:46:54', 'level': 'ERROR', 'message': 'Database connection failed'}
[2025-05-31T17:46:55.034+0000] {job.py:229} INFO - Heartbeat recovered after 10.63 seconds
[2025-05-31T17:46:56.276+0000] {subprocess.py:93} INFO - Sending log: {'timestamp': '2025-05-31 17:46:56', 'level': 'WARNING', 'message': 'High memory usage'}
[2025-05-31T17:46:58.276+0000] {subprocess.py:93} INFO - Sending log: {'timestamp': '2025-05-31 17:46:58', 'level': 'WARNING', 'message': 'Slow response time'}
[2025-05-31T17:47:00.277+0000] {subprocess.py:93} INFO - Sending log: {'timestamp': '2025-05-31 17:47:00', 'level': 'WARNING', 'message': 'High memory usage'}
[2025-05-31T17:47:02.277+0000] {subprocess.py:93} INFO - Sending log: {'timestamp': '2025-05-31 17:47:02', 'level': 'ERROR', 'message': 'Payment gateway timeout'}
[2025-05-31T17:47:04.277+0000] {subprocess.py:93} INFO - Sending log: {'timestamp': '2025-05-31 17:47:04', 'level': 'INFO', 'message': 'User logged in'}
[2025-05-31T17:47:06.472+0000] {subprocess.py:93} INFO - Sending log: {'timestamp': '2025-05-31 17:47:06', 'level': 'ERROR', 'message': 'Database connection failed'}
[2025-05-31T17:47:08.507+0000] {subprocess.py:93} INFO - Sending log: {'timestamp': '2025-05-31 17:47:08', 'level': 'ERROR', 'message': 'Payment gateway timeout'}
[2025-05-31T17:47:10.684+0000] {subprocess.py:93} INFO - Sending log: {'timestamp': '2025-05-31 17:47:10', 'level': 'ERROR', 'message': 'Database connection failed'}
[2025-05-31T17:47:12.741+0000] {subprocess.py:93} INFO - Sending log: {'timestamp': '2025-05-31 17:47:12', 'level': 'INFO', 'message': 'Search executed'}
[2025-05-31T17:47:14.741+0000] {subprocess.py:93} INFO - Sending log: {'timestamp': '2025-05-31 17:47:14', 'level': 'WARNING', 'message': 'High memory usage'}
[2025-05-31T17:47:16.742+0000] {subprocess.py:93} INFO - Sending log: {'timestamp': '2025-05-31 17:47:16', 'level': 'INFO', 'message': 'User logged in'}
[2025-05-31T17:47:18.742+0000] {subprocess.py:93} INFO - Sending log: {'timestamp': '2025-05-31 17:47:18', 'level': 'INFO', 'message': 'User logged in'}
[2025-05-31T17:47:20.743+0000] {subprocess.py:93} INFO - Sending log: {'timestamp': '2025-05-31 17:47:20', 'level': 'ERROR', 'message': 'Payment gateway timeout'}
[2025-05-31T17:47:22.784+0000] {subprocess.py:93} INFO - Sending log: {'timestamp': '2025-05-31 17:47:22', 'level': 'INFO', 'message': 'User logged in'}
[2025-05-31T17:47:24.561+0000] {subprocess.py:93} INFO - Sending log: {'timestamp': '2025-05-31 17:47:24', 'level': 'ERROR', 'message': 'Database connection failed'}
[2025-05-31T17:47:26.561+0000] {subprocess.py:93} INFO - Sending log: {'timestamp': '2025-05-31 17:47:26', 'level': 'WARNING', 'message': 'High memory usage'}
[2025-05-31T17:47:28.654+0000] {subprocess.py:93} INFO - Sending log: {'timestamp': '2025-05-31 17:47:28', 'level': 'WARNING', 'message': 'Slow response time'}
[2025-05-31T17:47:30.695+0000] {subprocess.py:93} INFO - Sending log: {'timestamp': '2025-05-31 17:47:30', 'level': 'INFO', 'message': 'Search executed'}
[2025-05-31T17:47:33.183+0000] {subprocess.py:93} INFO - Sending log: {'timestamp': '2025-05-31 17:47:33', 'level': 'WARNING', 'message': 'High memory usage'}
[2025-05-31T17:47:34.428+0000] {job.py:229} INFO - Heartbeat recovered after 12.14 seconds
[2025-05-31T17:47:35.499+0000] {subprocess.py:93} INFO - Sending log: {'timestamp': '2025-05-31 17:47:35', 'level': 'WARNING', 'message': 'High memory usage'}
[2025-05-31T17:47:37.343+0000] {subprocess.py:93} INFO - Sending log: {'timestamp': '2025-05-31 17:47:37', 'level': 'WARNING', 'message': 'High memory usage'}
[2025-05-31T17:47:39.673+0000] {subprocess.py:93} INFO - Sending log: {'timestamp': '2025-05-31 17:47:39', 'level': 'WARNING', 'message': 'High memory usage'}
[2025-05-31T17:47:41.920+0000] {subprocess.py:93} INFO - Sending log: {'timestamp': '2025-05-31 17:47:41', 'level': 'WARNING', 'message': 'High memory usage'}
[2025-05-31T17:47:43.963+0000] {subprocess.py:93} INFO - Sending log: {'timestamp': '2025-05-31 17:47:43', 'level': 'WARNING', 'message': 'Slow response time'}
[2025-05-31T17:47:47.908+0000] {subprocess.py:93} INFO - Sending log: {'timestamp': '2025-05-31 17:47:47', 'level': 'INFO', 'message': 'User logged in'}
[2025-05-31T17:47:51.023+0000] {subprocess.py:93} INFO - Sending log: {'timestamp': '2025-05-31 17:47:51', 'level': 'WARNING', 'message': 'High memory usage'}
[2025-05-31T17:47:53.528+0000] {subprocess.py:93} INFO - Sending log: {'timestamp': '2025-05-31 17:47:53', 'level': 'WARNING', 'message': 'High memory usage'}
[2025-05-31T17:47:55.458+0000] {subprocess.py:93} INFO - Sending log: {'timestamp': '2025-05-31 17:47:55', 'level': 'WARNING', 'message': 'Slow response time'}
[2025-05-31T17:47:57.616+0000] {subprocess.py:93} INFO - Sending log: {'timestamp': '2025-05-31 17:47:57', 'level': 'WARNING', 'message': 'Slow response time'}
[2025-05-31T17:47:59.722+0000] {subprocess.py:93} INFO - Sending log: {'timestamp': '2025-05-31 17:47:59', 'level': 'WARNING', 'message': 'Slow response time'}
[2025-05-31T17:48:01.822+0000] {subprocess.py:93} INFO - Sending log: {'timestamp': '2025-05-31 17:48:01', 'level': 'ERROR', 'message': 'Payment gateway timeout'}
[2025-05-31T17:48:03.851+0000] {subprocess.py:93} INFO - Sending log: {'timestamp': '2025-05-31 17:48:03', 'level': 'ERROR', 'message': 'Database connection failed'}
[2025-05-31T17:48:06.420+0000] {subprocess.py:93} INFO - Sending log: {'timestamp': '2025-05-31 17:48:06', 'level': 'INFO', 'message': 'Page loaded'}
[2025-05-31T17:48:08.465+0000] {subprocess.py:93} INFO - Sending log: {'timestamp': '2025-05-31 17:48:08', 'level': 'ERROR', 'message': 'Payment gateway timeout'}
[2025-05-31T17:48:10.656+0000] {subprocess.py:93} INFO - Sending log: {'timestamp': '2025-05-31 17:48:10', 'level': 'ERROR', 'message': 'Payment gateway timeout'}
[2025-05-31T17:48:12.711+0000] {subprocess.py:93} INFO - Sending log: {'timestamp': '2025-05-31 17:48:12', 'level': 'WARNING', 'message': 'Slow response time'}
[2025-05-31T17:48:15.105+0000] {subprocess.py:93} INFO - Sending log: {'timestamp': '2025-05-31 17:48:15', 'level': 'ERROR', 'message': 'Payment gateway timeout'}
[2025-05-31T17:48:17.979+0000] {subprocess.py:93} INFO - Sending log: {'timestamp': '2025-05-31 17:48:17', 'level': 'INFO', 'message': 'Search executed'}
[2025-05-31T17:48:20.338+0000] {subprocess.py:93} INFO - Sending log: {'timestamp': '2025-05-31 17:48:20', 'level': 'INFO', 'message': 'Search executed'}
[2025-05-31T17:48:22.522+0000] {subprocess.py:93} INFO - Sending log: {'timestamp': '2025-05-31 17:48:22', 'level': 'ERROR', 'message': 'Database connection failed'}
[2025-05-31T17:48:24.311+0000] {job.py:229} INFO - Heartbeat recovered after 50.22 seconds
[2025-05-31T17:48:24.860+0000] {subprocess.py:93} INFO - Sending log: {'timestamp': '2025-05-31 17:48:24', 'level': 'WARNING', 'message': 'Slow response time'}
[2025-05-31T17:48:26.949+0000] {subprocess.py:93} INFO - Sending log: {'timestamp': '2025-05-31 17:48:26', 'level': 'WARNING', 'message': 'High memory usage'}
[2025-05-31T17:48:28.786+0000] {subprocess.py:93} INFO - Sending log: {'timestamp': '2025-05-31 17:48:28', 'level': 'INFO', 'message': 'Page loaded'}
[2025-05-31T17:48:30.845+0000] {subprocess.py:93} INFO - Sending log: {'timestamp': '2025-05-31 17:48:30', 'level': 'INFO', 'message': 'Page loaded'}
[2025-05-31T17:48:32.758+0000] {subprocess.py:93} INFO - Sending log: {'timestamp': '2025-05-31 17:48:32', 'level': 'ERROR', 'message': 'Database connection failed'}
[2025-05-31T17:48:34.839+0000] {subprocess.py:93} INFO - Sending log: {'timestamp': '2025-05-31 17:48:34', 'level': 'WARNING', 'message': 'Slow response time'}
[2025-05-31T17:48:36.805+0000] {subprocess.py:93} INFO - Sending log: {'timestamp': '2025-05-31 17:48:36', 'level': 'ERROR', 'message': 'Payment gateway timeout'}
[2025-05-31T17:48:38.904+0000] {subprocess.py:93} INFO - Sending log: {'timestamp': '2025-05-31 17:48:38', 'level': 'WARNING', 'message': 'Slow response time'}
[2025-05-31T17:48:41.087+0000] {subprocess.py:93} INFO - Sending log: {'timestamp': '2025-05-31 17:48:41', 'level': 'WARNING', 'message': 'Slow response time'}
[2025-05-31T17:48:43.363+0000] {subprocess.py:93} INFO - Sending log: {'timestamp': '2025-05-31 17:48:43', 'level': 'INFO', 'message': 'Page loaded'}
[2025-05-31T17:48:45.413+0000] {subprocess.py:93} INFO - Sending log: {'timestamp': '2025-05-31 17:48:45', 'level': 'INFO', 'message': 'Search executed'}
[2025-05-31T17:48:48.370+0000] {job.py:229} INFO - Heartbeat recovered after 26.45 seconds
[2025-05-31T17:48:48.433+0000] {subprocess.py:93} INFO - Sending log: {'timestamp': '2025-05-31 17:48:48', 'level': 'ERROR', 'message': 'Database connection failed'}
[2025-05-31T17:48:50.637+0000] {subprocess.py:93} INFO - Sending log: {'timestamp': '2025-05-31 17:48:50', 'level': 'ERROR', 'message': 'Database connection failed'}
[2025-05-31T17:48:52.690+0000] {subprocess.py:93} INFO - Sending log: {'timestamp': '2025-05-31 17:48:52', 'level': 'WARNING', 'message': 'High memory usage'}
[2025-05-31T17:48:54.791+0000] {subprocess.py:93} INFO - Sending log: {'timestamp': '2025-05-31 17:48:54', 'level': 'ERROR', 'message': 'Payment gateway timeout'}
[2025-05-31T17:48:56.557+0000] {subprocess.py:93} INFO - Sending log: {'timestamp': '2025-05-31 17:48:56', 'level': 'INFO', 'message': 'Search executed'}
[2025-05-31T17:48:58.494+0000] {subprocess.py:93} INFO - Sending log: {'timestamp': '2025-05-31 17:48:58', 'level': 'WARNING', 'message': 'Slow response time'}
[2025-05-31T17:49:00.721+0000] {subprocess.py:93} INFO - Sending log: {'timestamp': '2025-05-31 17:49:00', 'level': 'INFO', 'message': 'User logged in'}
[2025-05-31T17:49:02.892+0000] {subprocess.py:93} INFO - Sending log: {'timestamp': '2025-05-31 17:49:02', 'level': 'INFO', 'message': 'User logged in'}
[2025-05-31T17:49:03.999+0000] {job.py:229} INFO - Heartbeat recovered after 15.97 seconds
[2025-05-31T17:49:05.296+0000] {subprocess.py:93} INFO - Sending log: {'timestamp': '2025-05-31 17:49:05', 'level': 'ERROR', 'message': 'Payment gateway timeout'}
[2025-05-31T17:49:07.587+0000] {subprocess.py:93} INFO - Sending log: {'timestamp': '2025-05-31 17:49:07', 'level': 'ERROR', 'message': 'Database connection failed'}
[2025-05-31T17:49:09.613+0000] {subprocess.py:93} INFO - Sending log: {'timestamp': '2025-05-31 17:49:09', 'level': 'INFO', 'message': 'User logged in'}
[2025-05-31T17:49:11.537+0000] {subprocess.py:93} INFO - Sending log: {'timestamp': '2025-05-31 17:49:11', 'level': 'ERROR', 'message': 'Database connection failed'}
[2025-05-31T17:49:13.575+0000] {subprocess.py:93} INFO - Sending log: {'timestamp': '2025-05-31 17:49:13', 'level': 'ERROR', 'message': 'Database connection failed'}
[2025-05-31T17:49:15.576+0000] {subprocess.py:93} INFO - Sending log: {'timestamp': '2025-05-31 17:49:15', 'level': 'WARNING', 'message': 'High memory usage'}
[2025-05-31T17:49:17.577+0000] {subprocess.py:93} INFO - Sending log: {'timestamp': '2025-05-31 17:49:17', 'level': 'WARNING', 'message': 'High memory usage'}
[2025-05-31T17:49:19.677+0000] {subprocess.py:93} INFO - Sending log: {'timestamp': '2025-05-31 17:49:19', 'level': 'INFO', 'message': 'User logged in'}
[2025-05-31T17:49:20.062+0000] {job.py:229} INFO - Heartbeat recovered after 16.89 seconds
[2025-05-31T17:49:21.677+0000] {subprocess.py:93} INFO - Sending log: {'timestamp': '2025-05-31 17:49:21', 'level': 'WARNING', 'message': 'Slow response time'}
[2025-05-31T17:49:23.678+0000] {subprocess.py:93} INFO - Sending log: {'timestamp': '2025-05-31 17:49:23', 'level': 'INFO', 'message': 'User logged in'}
[2025-05-31T17:49:25.678+0000] {subprocess.py:93} INFO - Sending log: {'timestamp': '2025-05-31 17:49:25', 'level': 'WARNING', 'message': 'Slow response time'}
[2025-05-31T17:49:27.607+0000] {subprocess.py:93} INFO - Sending log: {'timestamp': '2025-05-31 17:49:27', 'level': 'INFO', 'message': 'User logged in'}
[2025-05-31T17:49:29.608+0000] {subprocess.py:93} INFO - Sending log: {'timestamp': '2025-05-31 17:49:29', 'level': 'WARNING', 'message': 'Slow response time'}
[2025-05-31T17:49:31.609+0000] {subprocess.py:93} INFO - Sending log: {'timestamp': '2025-05-31 17:49:31', 'level': 'ERROR', 'message': 'Database connection failed'}
[2025-05-31T17:49:33.609+0000] {subprocess.py:93} INFO - Sending log: {'timestamp': '2025-05-31 17:49:33', 'level': 'INFO', 'message': 'Search executed'}
[2025-05-31T17:49:35.610+0000] {subprocess.py:93} INFO - Sending log: {'timestamp': '2025-05-31 17:49:35', 'level': 'INFO', 'message': 'User logged in'}
[2025-05-31T17:49:37.611+0000] {subprocess.py:93} INFO - Sending log: {'timestamp': '2025-05-31 17:49:37', 'level': 'ERROR', 'message': 'Payment gateway timeout'}
[2025-05-31T17:49:39.611+0000] {subprocess.py:93} INFO - Sending log: {'timestamp': '2025-05-31 17:49:39', 'level': 'WARNING', 'message': 'High memory usage'}
[2025-05-31T17:49:41.612+0000] {subprocess.py:93} INFO - Sending log: {'timestamp': '2025-05-31 17:49:41', 'level': 'ERROR', 'message': 'Database connection failed'}
[2025-05-31T17:49:43.613+0000] {subprocess.py:93} INFO - Sending log: {'timestamp': '2025-05-31 17:49:43', 'level': 'WARNING', 'message': 'High memory usage'}
[2025-05-31T17:49:45.613+0000] {subprocess.py:93} INFO - Sending log: {'timestamp': '2025-05-31 17:49:45', 'level': 'ERROR', 'message': 'Database connection failed'}
[2025-05-31T17:49:47.614+0000] {subprocess.py:93} INFO - Sending log: {'timestamp': '2025-05-31 17:49:47', 'level': 'INFO', 'message': 'User logged in'}
[2025-05-31T17:49:49.645+0000] {subprocess.py:93} INFO - Sending log: {'timestamp': '2025-05-31 17:49:49', 'level': 'ERROR', 'message': 'Payment gateway timeout'}
[2025-05-31T17:49:51.645+0000] {subprocess.py:93} INFO - Sending log: {'timestamp': '2025-05-31 17:49:51', 'level': 'ERROR', 'message': 'Payment gateway timeout'}
[2025-05-31T17:49:53.646+0000] {subprocess.py:93} INFO - Sending log: {'timestamp': '2025-05-31 17:49:53', 'level': 'ERROR', 'message': 'Database connection failed'}
[2025-05-31T17:49:55.646+0000] {subprocess.py:93} INFO - Sending log: {'timestamp': '2025-05-31 17:49:55', 'level': 'INFO', 'message': 'Search executed'}
[2025-05-31T17:49:57.552+0000] {subprocess.py:93} INFO - Sending log: {'timestamp': '2025-05-31 17:49:57', 'level': 'WARNING', 'message': 'Slow response time'}
[2025-05-31T17:49:59.552+0000] {subprocess.py:93} INFO - Sending log: {'timestamp': '2025-05-31 17:49:59', 'level': 'INFO', 'message': 'Search executed'}
[2025-05-31T17:50:01.604+0000] {subprocess.py:93} INFO - Sending log: {'timestamp': '2025-05-31 17:50:01', 'level': 'WARNING', 'message': 'High memory usage'}
[2025-05-31T17:50:03.605+0000] {subprocess.py:93} INFO - Sending log: {'timestamp': '2025-05-31 17:50:03', 'level': 'INFO', 'message': 'Search executed'}
[2025-05-31T17:50:05.606+0000] {subprocess.py:93} INFO - Sending log: {'timestamp': '2025-05-31 17:50:05', 'level': 'ERROR', 'message': 'Database connection failed'}
[2025-05-31T17:50:07.606+0000] {subprocess.py:93} INFO - Sending log: {'timestamp': '2025-05-31 17:50:07', 'level': 'ERROR', 'message': 'Payment gateway timeout'}
[2025-05-31T17:50:09.607+0000] {subprocess.py:93} INFO - Sending log: {'timestamp': '2025-05-31 17:50:09', 'level': 'INFO', 'message': 'User logged in'}
[2025-05-31T17:50:11.607+0000] {subprocess.py:93} INFO - Sending log: {'timestamp': '2025-05-31 17:50:11', 'level': 'WARNING', 'message': 'Slow response time'}
[2025-05-31T17:50:13.608+0000] {subprocess.py:93} INFO - Sending log: {'timestamp': '2025-05-31 17:50:13', 'level': 'WARNING', 'message': 'High memory usage'}
[2025-05-31T17:50:15.608+0000] {subprocess.py:93} INFO - Sending log: {'timestamp': '2025-05-31 17:50:15', 'level': 'INFO', 'message': 'Search executed'}
[2025-05-31T17:50:17.609+0000] {subprocess.py:93} INFO - Sending log: {'timestamp': '2025-05-31 17:50:17', 'level': 'INFO', 'message': 'Page loaded'}
[2025-05-31T17:50:19.609+0000] {subprocess.py:93} INFO - Sending log: {'timestamp': '2025-05-31 17:50:19', 'level': 'INFO', 'message': 'User logged in'}
[2025-05-31T17:50:21.610+0000] {subprocess.py:93} INFO - Sending log: {'timestamp': '2025-05-31 17:50:21', 'level': 'INFO', 'message': 'Page loaded'}
[2025-05-31T17:50:23.610+0000] {subprocess.py:93} INFO - Sending log: {'timestamp': '2025-05-31 17:50:23', 'level': 'INFO', 'message': 'Page loaded'}
[2025-05-31T17:50:25.611+0000] {subprocess.py:93} INFO - Sending log: {'timestamp': '2025-05-31 17:50:25', 'level': 'ERROR', 'message': 'Payment gateway timeout'}
[2025-05-31T17:50:27.595+0000] {subprocess.py:93} INFO - Sending log: {'timestamp': '2025-05-31 17:50:27', 'level': 'INFO', 'message': 'Page loaded'}
[2025-05-31T17:50:29.595+0000] {subprocess.py:93} INFO - Sending log: {'timestamp': '2025-05-31 17:50:29', 'level': 'INFO', 'message': 'Page loaded'}
[2025-05-31T17:50:31.596+0000] {subprocess.py:93} INFO - Sending log: {'timestamp': '2025-05-31 17:50:31', 'level': 'INFO', 'message': 'Page loaded'}
[2025-05-31T17:50:33.596+0000] {subprocess.py:93} INFO - Sending log: {'timestamp': '2025-05-31 17:50:33', 'level': 'ERROR', 'message': 'Database connection failed'}
[2025-05-31T17:50:35.597+0000] {subprocess.py:93} INFO - Sending log: {'timestamp': '2025-05-31 17:50:35', 'level': 'INFO', 'message': 'User logged in'}
[2025-05-31T17:50:37.597+0000] {subprocess.py:93} INFO - Sending log: {'timestamp': '2025-05-31 17:50:37', 'level': 'INFO', 'message': 'Page loaded'}
[2025-05-31T17:50:39.598+0000] {subprocess.py:93} INFO - Sending log: {'timestamp': '2025-05-31 17:50:39', 'level': 'INFO', 'message': 'User logged in'}
[2025-05-31T17:50:41.598+0000] {subprocess.py:93} INFO - Sending log: {'timestamp': '2025-05-31 17:50:41', 'level': 'INFO', 'message': 'Page loaded'}
[2025-05-31T17:50:43.599+0000] {subprocess.py:93} INFO - Sending log: {'timestamp': '2025-05-31 17:50:43', 'level': 'WARNING', 'message': 'High memory usage'}
[2025-05-31T17:50:45.599+0000] {subprocess.py:93} INFO - Sending log: {'timestamp': '2025-05-31 17:50:45', 'level': 'WARNING', 'message': 'Slow response time'}
[2025-05-31T17:50:47.600+0000] {subprocess.py:93} INFO - Sending log: {'timestamp': '2025-05-31 17:50:47', 'level': 'INFO', 'message': 'Page loaded'}
[2025-05-31T17:50:49.600+0000] {subprocess.py:93} INFO - Sending log: {'timestamp': '2025-05-31 17:50:49', 'level': 'INFO', 'message': 'User logged in'}
[2025-05-31T17:50:51.601+0000] {subprocess.py:93} INFO - Sending log: {'timestamp': '2025-05-31 17:50:51', 'level': 'INFO', 'message': 'User logged in'}
[2025-05-31T17:50:53.601+0000] {subprocess.py:93} INFO - Sending log: {'timestamp': '2025-05-31 17:50:53', 'level': 'WARNING', 'message': 'Slow response time'}
[2025-05-31T17:50:55.636+0000] {subprocess.py:93} INFO - Sending log: {'timestamp': '2025-05-31 17:50:55', 'level': 'WARNING', 'message': 'High memory usage'}
[2025-05-31T17:50:57.681+0000] {subprocess.py:93} INFO - Sending log: {'timestamp': '2025-05-31 17:50:57', 'level': 'ERROR', 'message': 'Database connection failed'}
[2025-05-31T17:50:59.681+0000] {subprocess.py:93} INFO - Sending log: {'timestamp': '2025-05-31 17:50:59', 'level': 'INFO', 'message': 'Page loaded'}
[2025-05-31T17:51:01.682+0000] {subprocess.py:93} INFO - Sending log: {'timestamp': '2025-05-31 17:51:01', 'level': 'ERROR', 'message': 'Payment gateway timeout'}
[2025-05-31T17:51:03.682+0000] {subprocess.py:93} INFO - Sending log: {'timestamp': '2025-05-31 17:51:03', 'level': 'INFO', 'message': 'Search executed'}
[2025-05-31T17:51:05.682+0000] {subprocess.py:93} INFO - Sending log: {'timestamp': '2025-05-31 17:51:05', 'level': 'INFO', 'message': 'User logged in'}
[2025-05-31T17:51:07.692+0000] {subprocess.py:93} INFO - Sending log: {'timestamp': '2025-05-31 17:51:07', 'level': 'WARNING', 'message': 'High memory usage'}
[2025-05-31T17:51:09.692+0000] {subprocess.py:93} INFO - Sending log: {'timestamp': '2025-05-31 17:51:09', 'level': 'ERROR', 'message': 'Database connection failed'}
[2025-05-31T17:51:11.693+0000] {subprocess.py:93} INFO - Sending log: {'timestamp': '2025-05-31 17:51:11', 'level': 'WARNING', 'message': 'High memory usage'}
[2025-05-31T17:51:13.693+0000] {subprocess.py:93} INFO - Sending log: {'timestamp': '2025-05-31 17:51:13', 'level': 'ERROR', 'message': 'Payment gateway timeout'}
[2025-05-31T17:51:15.694+0000] {subprocess.py:93} INFO - Sending log: {'timestamp': '2025-05-31 17:51:15', 'level': 'WARNING', 'message': 'High memory usage'}
[2025-05-31T17:51:17.694+0000] {subprocess.py:93} INFO - Sending log: {'timestamp': '2025-05-31 17:51:17', 'level': 'INFO', 'message': 'Page loaded'}
[2025-05-31T17:51:19.695+0000] {subprocess.py:93} INFO - Sending log: {'timestamp': '2025-05-31 17:51:19', 'level': 'ERROR', 'message': 'Database connection failed'}
[2025-05-31T17:51:21.695+0000] {subprocess.py:93} INFO - Sending log: {'timestamp': '2025-05-31 17:51:21', 'level': 'INFO', 'message': 'User logged in'}
[2025-05-31T17:51:23.695+0000] {subprocess.py:93} INFO - Sending log: {'timestamp': '2025-05-31 17:51:23', 'level': 'INFO', 'message': 'User logged in'}
[2025-05-31T17:51:25.696+0000] {subprocess.py:93} INFO - Sending log: {'timestamp': '2025-05-31 17:51:25', 'level': 'WARNING', 'message': 'High memory usage'}
[2025-05-31T17:51:27.693+0000] {subprocess.py:93} INFO - Sending log: {'timestamp': '2025-05-31 17:51:27', 'level': 'ERROR', 'message': 'Payment gateway timeout'}
[2025-05-31T17:51:29.859+0000] {subprocess.py:93} INFO - Sending log: {'timestamp': '2025-05-31 17:51:29', 'level': 'ERROR', 'message': 'Payment gateway timeout'}
[2025-05-31T17:51:31.860+0000] {subprocess.py:93} INFO - Sending log: {'timestamp': '2025-05-31 17:51:31', 'level': 'ERROR', 'message': 'Database connection failed'}
[2025-05-31T17:51:33.860+0000] {subprocess.py:93} INFO - Sending log: {'timestamp': '2025-05-31 17:51:33', 'level': 'WARNING', 'message': 'Slow response time'}
[2025-05-31T17:51:35.861+0000] {subprocess.py:93} INFO - Sending log: {'timestamp': '2025-05-31 17:51:35', 'level': 'WARNING', 'message': 'Slow response time'}
[2025-05-31T17:51:37.862+0000] {subprocess.py:93} INFO - Sending log: {'timestamp': '2025-05-31 17:51:37', 'level': 'ERROR', 'message': 'Payment gateway timeout'}
[2025-05-31T17:51:39.862+0000] {subprocess.py:93} INFO - Sending log: {'timestamp': '2025-05-31 17:51:39', 'level': 'WARNING', 'message': 'Slow response time'}
[2025-05-31T17:51:41.863+0000] {subprocess.py:93} INFO - Sending log: {'timestamp': '2025-05-31 17:51:41', 'level': 'WARNING', 'message': 'Slow response time'}
[2025-05-31T17:51:43.863+0000] {subprocess.py:93} INFO - Sending log: {'timestamp': '2025-05-31 17:51:43', 'level': 'WARNING', 'message': 'Slow response time'}
[2025-05-31T17:51:45.864+0000] {subprocess.py:93} INFO - Sending log: {'timestamp': '2025-05-31 17:51:45', 'level': 'INFO', 'message': 'User logged in'}
[2025-05-31T17:51:47.864+0000] {subprocess.py:93} INFO - Sending log: {'timestamp': '2025-05-31 17:51:47', 'level': 'INFO', 'message': 'User logged in'}
[2025-05-31T17:51:49.864+0000] {subprocess.py:93} INFO - Sending log: {'timestamp': '2025-05-31 17:51:49', 'level': 'ERROR', 'message': 'Database connection failed'}
[2025-05-31T17:51:51.865+0000] {subprocess.py:93} INFO - Sending log: {'timestamp': '2025-05-31 17:51:51', 'level': 'WARNING', 'message': 'High memory usage'}
[2025-05-31T17:51:53.865+0000] {subprocess.py:93} INFO - Sending log: {'timestamp': '2025-05-31 17:51:53', 'level': 'WARNING', 'message': 'Slow response time'}
[2025-05-31T17:51:55.863+0000] {subprocess.py:93} INFO - Sending log: {'timestamp': '2025-05-31 17:51:55', 'level': 'WARNING', 'message': 'High memory usage'}
[2025-05-31T17:51:57.863+0000] {subprocess.py:93} INFO - Sending log: {'timestamp': '2025-05-31 17:51:57', 'level': 'WARNING', 'message': 'Slow response time'}
[2025-05-31T17:51:59.864+0000] {subprocess.py:93} INFO - Sending log: {'timestamp': '2025-05-31 17:51:59', 'level': 'INFO', 'message': 'Page loaded'}
[2025-05-31T17:52:01.865+0000] {subprocess.py:93} INFO - Sending log: {'timestamp': '2025-05-31 17:52:01', 'level': 'WARNING', 'message': 'High memory usage'}
[2025-05-31T17:52:03.865+0000] {subprocess.py:93} INFO - Sending log: {'timestamp': '2025-05-31 17:52:03', 'level': 'ERROR', 'message': 'Database connection failed'}
[2025-05-31T17:52:05.865+0000] {subprocess.py:93} INFO - Sending log: {'timestamp': '2025-05-31 17:52:05', 'level': 'INFO', 'message': 'Page loaded'}
[2025-05-31T17:52:07.866+0000] {subprocess.py:93} INFO - Sending log: {'timestamp': '2025-05-31 17:52:07', 'level': 'ERROR', 'message': 'Database connection failed'}
[2025-05-31T17:52:09.866+0000] {subprocess.py:93} INFO - Sending log: {'timestamp': '2025-05-31 17:52:09', 'level': 'ERROR', 'message': 'Database connection failed'}
[2025-05-31T17:52:11.867+0000] {subprocess.py:93} INFO - Sending log: {'timestamp': '2025-05-31 17:52:11', 'level': 'WARNING', 'message': 'High memory usage'}
[2025-05-31T17:52:13.867+0000] {subprocess.py:93} INFO - Sending log: {'timestamp': '2025-05-31 17:52:13', 'level': 'WARNING', 'message': 'Slow response time'}
[2025-05-31T17:52:15.867+0000] {subprocess.py:93} INFO - Sending log: {'timestamp': '2025-05-31 17:52:15', 'level': 'INFO', 'message': 'Page loaded'}
[2025-05-31T17:52:17.868+0000] {subprocess.py:93} INFO - Sending log: {'timestamp': '2025-05-31 17:52:17', 'level': 'ERROR', 'message': 'Payment gateway timeout'}
[2025-05-31T17:52:19.869+0000] {subprocess.py:93} INFO - Sending log: {'timestamp': '2025-05-31 17:52:19', 'level': 'ERROR', 'message': 'Payment gateway timeout'}
[2025-05-31T17:52:21.869+0000] {subprocess.py:93} INFO - Sending log: {'timestamp': '2025-05-31 17:52:21', 'level': 'INFO', 'message': 'User logged in'}
[2025-05-31T17:52:23.870+0000] {subprocess.py:93} INFO - Sending log: {'timestamp': '2025-05-31 17:52:23', 'level': 'INFO', 'message': 'Page loaded'}
[2025-05-31T17:52:25.827+0000] {subprocess.py:93} INFO - Sending log: {'timestamp': '2025-05-31 17:52:25', 'level': 'ERROR', 'message': 'Payment gateway timeout'}
[2025-05-31T17:52:27.828+0000] {subprocess.py:93} INFO - Sending log: {'timestamp': '2025-05-31 17:52:27', 'level': 'WARNING', 'message': 'Slow response time'}
[2025-05-31T17:52:29.828+0000] {subprocess.py:93} INFO - Sending log: {'timestamp': '2025-05-31 17:52:29', 'level': 'ERROR', 'message': 'Database connection failed'}
[2025-05-31T17:52:31.829+0000] {subprocess.py:93} INFO - Sending log: {'timestamp': '2025-05-31 17:52:31', 'level': 'INFO', 'message': 'Search executed'}
[2025-05-31T17:52:33.829+0000] {subprocess.py:93} INFO - Sending log: {'timestamp': '2025-05-31 17:52:33', 'level': 'INFO', 'message': 'Page loaded'}
[2025-05-31T17:52:35.830+0000] {subprocess.py:93} INFO - Sending log: {'timestamp': '2025-05-31 17:52:35', 'level': 'WARNING', 'message': 'Slow response time'}
[2025-05-31T17:52:37.830+0000] {subprocess.py:93} INFO - Sending log: {'timestamp': '2025-05-31 17:52:37', 'level': 'WARNING', 'message': 'High memory usage'}
[2025-05-31T17:52:39.831+0000] {subprocess.py:93} INFO - Sending log: {'timestamp': '2025-05-31 17:52:39', 'level': 'INFO', 'message': 'Search executed'}
[2025-05-31T17:52:41.832+0000] {subprocess.py:93} INFO - Sending log: {'timestamp': '2025-05-31 17:52:41', 'level': 'ERROR', 'message': 'Database connection failed'}
[2025-05-31T17:52:43.832+0000] {subprocess.py:93} INFO - Sending log: {'timestamp': '2025-05-31 17:52:43', 'level': 'ERROR', 'message': 'Database connection failed'}
[2025-05-31T17:52:45.833+0000] {subprocess.py:93} INFO - Sending log: {'timestamp': '2025-05-31 17:52:45', 'level': 'INFO', 'message': 'Page loaded'}
[2025-05-31T17:52:47.833+0000] {subprocess.py:93} INFO - Sending log: {'timestamp': '2025-05-31 17:52:47', 'level': 'INFO', 'message': 'User logged in'}
[2025-05-31T17:52:49.834+0000] {subprocess.py:93} INFO - Sending log: {'timestamp': '2025-05-31 17:52:49', 'level': 'ERROR', 'message': 'Payment gateway timeout'}
[2025-05-31T17:52:51.835+0000] {subprocess.py:93} INFO - Sending log: {'timestamp': '2025-05-31 17:52:51', 'level': 'ERROR', 'message': 'Database connection failed'}
[2025-05-31T17:52:53.835+0000] {subprocess.py:93} INFO - Sending log: {'timestamp': '2025-05-31 17:52:53', 'level': 'ERROR', 'message': 'Database connection failed'}
[2025-05-31T17:52:54.387+0000] {local_task_job_runner.py:127} ERROR - Received SIGTERM. Terminating subprocesses
[2025-05-31T17:52:55.205+0000] {process_utils.py:132} INFO - Sending 15 to group 1154. PIDs of all processes in the group: [1156, 1154]
[2025-05-31T17:52:55.722+0000] {process_utils.py:87} INFO - Sending the signal 15 to group 1154
[2025-05-31T17:52:56.026+0000] {taskinstance.py:3092} ERROR - Received SIGTERM. Terminating subprocesses.
[2025-05-31T17:52:56.160+0000] {subprocess.py:104} INFO - Sending SIGTERM signal to process group
[2025-05-31T17:52:57.942+0000] {taskinstance.py:3310} ERROR - Task failed with exception
Traceback (most recent call last):
  File "/home/airflow/.local/lib/python3.12/site-packages/airflow/models/taskinstance.py", line 767, in _execute_task
    result = _execute_callable(context=context, **execute_callable_kwargs)
             ^^^^^^^^^^^^^^^^^^^^^^^^^^^^^^^^^^^^^^^^^^^^^^^^^^^^^^^^^^^^^
  File "/home/airflow/.local/lib/python3.12/site-packages/airflow/models/taskinstance.py", line 733, in _execute_callable
    return ExecutionCallableRunner(
           ^^^^^^^^^^^^^^^^^^^^^^^^
  File "/home/airflow/.local/lib/python3.12/site-packages/airflow/utils/operator_helpers.py", line 252, in run
    return self.func(*args, **kwargs)
           ^^^^^^^^^^^^^^^^^^^^^^^^^^
  File "/home/airflow/.local/lib/python3.12/site-packages/airflow/models/baseoperator.py", line 406, in wrapper
    return func(self, *args, **kwargs)
           ^^^^^^^^^^^^^^^^^^^^^^^^^^^
  File "/home/airflow/.local/lib/python3.12/site-packages/airflow/operators/bash.py", line 240, in execute
    result = self.subprocess_hook.run_command(
             ^^^^^^^^^^^^^^^^^^^^^^^^^^^^^^^^^
  File "/home/airflow/.local/lib/python3.12/site-packages/airflow/hooks/subprocess.py", line 91, in run_command
    for raw_line in iter(self.sub_process.stdout.readline, b""):
                    ^^^^^^^^^^^^^^^^^^^^^^^^^^^^^^^^^^^^^^^^^^^
  File "/home/airflow/.local/lib/python3.12/site-packages/airflow/models/taskinstance.py", line 3094, in signal_handler
    raise AirflowTaskTerminated("Task received SIGTERM signal")
airflow.exceptions.AirflowTaskTerminated: Task received SIGTERM signal
[2025-05-31T17:53:04.329+0000] {taskinstance.py:1225} INFO - Marking task as UP_FOR_RETRY. dag_id=log_monitoring_dag, task_id=start_log_producer, run_id=scheduled__2025-05-31T17:25:00+00:00, execution_date=20250531T172500, start_date=20250531T173012, end_date=20250531T175303
[2025-05-31T17:53:08.789+0000] {taskinstance.py:340} INFO - ::group::Post task execution logs
[2025-05-31T17:53:09.521+0000] {process_utils.py:80} INFO - Process psutil.Process(pid=1154, status='terminated', exitcode=2, started='17:30:11') (1154) terminated with exit code 2
[2025-05-31T17:53:09.732+0000] {process_utils.py:80} INFO - Process psutil.Process(pid=1156, status='terminated', started='17:30:11') (1156) terminated with exit code None
[2025-05-31T17:53:09.770+0000] {local_task_job_runner.py:266} INFO - Task exited with return code 143
[2025-05-31T17:53:10.306+0000] {standard_task_runner.py:217} INFO - Process not found (most likely exited), stop collecting metrics
