[2025-06-01T20:46:04.353+0000] {local_task_job_runner.py:123} INFO - ::group::Pre task execution logs
[2025-06-01T20:46:04.637+0000] {taskinstance.py:2612} INFO - Dependencies all met for dep_context=non-requeueable deps ti=<TaskInstance: log_monitoring_dag.start_log_producer manual__2025-06-01T18:45:47.092796+00:00 [queued]>
[2025-06-01T20:46:04.650+0000] {taskinstance.py:2612} INFO - Dependencies all met for dep_context=requeueable deps ti=<TaskInstance: log_monitoring_dag.start_log_producer manual__2025-06-01T18:45:47.092796+00:00 [queued]>
[2025-06-01T20:46:04.651+0000] {taskinstance.py:2865} INFO - Starting attempt 2 of 2
[2025-06-01T20:46:04.731+0000] {taskinstance.py:2888} INFO - Executing <Task(BashOperator): start_log_producer> on 2025-06-01 18:45:47.092796+00:00
[2025-06-01T20:46:04.761+0000] {logging_mixin.py:190} WARNING - /home/***/.local/lib/python3.12/site-packages/***/task/task_runner/standard_task_runner.py:70 DeprecationWarning: This process (pid=177) is multi-threaded, use of fork() may lead to deadlocks in the child.
[2025-06-01T20:46:04.770+0000] {standard_task_runner.py:104} INFO - Running: ['***', 'tasks', 'run', 'log_monitoring_dag', 'start_log_producer', 'manual__2025-06-01T18:45:47.092796+00:00', '--job-id', '145', '--raw', '--subdir', 'DAGS_FOLDER/log_monitoring_dag.py', '--cfg-path', '/tmp/tmp7d37v2uj']
[2025-06-01T20:46:04.782+0000] {standard_task_runner.py:72} INFO - Started process 193 to run task
[2025-06-01T20:46:04.861+0000] {standard_task_runner.py:105} INFO - Job 145: Subtask start_log_producer
[2025-06-01T20:46:04.999+0000] {logging_mixin.py:190} WARNING - /home/***/.local/lib/python3.12/site-packages/***/settings.py:209 DeprecationWarning: The sql_alchemy_conn option in [core] has been moved to the sql_alchemy_conn option in [database] - the old setting has been used, but please update your config.
[2025-06-01T20:46:05.131+0000] {task_command.py:467} INFO - Running <TaskInstance: log_monitoring_dag.start_log_producer manual__2025-06-01T18:45:47.092796+00:00 [running]> on host 61a0313acf02
[2025-06-01T20:46:05.710+0000] {taskinstance.py:3131} INFO - Exporting env vars: AIRFLOW_CTX_DAG_OWNER='***' AIRFLOW_CTX_DAG_ID='log_monitoring_dag' AIRFLOW_CTX_TASK_ID='start_log_producer' AIRFLOW_CTX_EXECUTION_DATE='2025-06-01T18:45:47.092796+00:00' AIRFLOW_CTX_TRY_NUMBER='2' AIRFLOW_CTX_DAG_RUN_ID='manual__2025-06-01T18:45:47.092796+00:00'
[2025-06-01T20:46:05.712+0000] {taskinstance.py:731} INFO - ::endgroup::
[2025-06-01T20:46:05.821+0000] {subprocess.py:63} INFO - Tmp dir root location: /tmp
[2025-06-01T20:46:05.824+0000] {subprocess.py:75} INFO - Running command: ['/usr/bin/bash', '-c', 'cd /opt/***/app && python -u log_producer.py']
[2025-06-01T20:46:05.889+0000] {subprocess.py:86} INFO - Output:
[2025-06-01T20:46:17.391+0000] {job.py:229} INFO - Heartbeat recovered after 13.32 seconds
[2025-06-01T20:46:43.483+0000] {job.py:229} INFO - Heartbeat recovered after 26.43 seconds
[2025-06-01T20:46:59.390+0000] {subprocess.py:93} INFO - Sent log: {'timestamp': '2025-06-01T20:46:59.236732', 'level': 'INFO', 'message': 'This is a log message'}
[2025-06-01T20:47:00.469+0000] {subprocess.py:93} INFO - Sent log: {'timestamp': '2025-06-01T20:47:00.469349', 'level': 'INFO', 'message': 'This is a log message'}
[2025-06-01T20:47:01.474+0000] {subprocess.py:93} INFO - Sent log: {'timestamp': '2025-06-01T20:47:01.473967', 'level': 'WARNING', 'message': 'This is a log message'}
[2025-06-01T20:47:02.477+0000] {subprocess.py:93} INFO - Sent log: {'timestamp': '2025-06-01T20:47:02.477646', 'level': 'ERROR', 'message': 'This is a log message'}
[2025-06-01T20:47:03.499+0000] {subprocess.py:93} INFO - Sent log: {'timestamp': '2025-06-01T20:47:03.498746', 'level': 'INFO', 'message': 'This is a log message'}
[2025-06-01T20:47:04.810+0000] {subprocess.py:93} INFO - Sent log: {'timestamp': '2025-06-01T20:47:04.790241', 'level': 'ERROR', 'message': 'This is a log message'}
[2025-06-01T20:47:05.795+0000] {subprocess.py:93} INFO - Sent log: {'timestamp': '2025-06-01T20:47:05.794501', 'level': 'INFO', 'message': 'This is a log message'}
[2025-06-01T20:47:06.898+0000] {subprocess.py:93} INFO - Sent log: {'timestamp': '2025-06-01T20:47:06.898317', 'level': 'INFO', 'message': 'This is a log message'}
[2025-06-01T20:47:07.928+0000] {subprocess.py:93} INFO - Sent log: {'timestamp': '2025-06-01T20:47:07.927258', 'level': 'ERROR', 'message': 'This is a log message'}
[2025-06-01T20:47:09.041+0000] {subprocess.py:93} INFO - Sent log: {'timestamp': '2025-06-01T20:47:09.038688', 'level': 'ERROR', 'message': 'This is a log message'}
[2025-06-01T20:47:10.043+0000] {subprocess.py:93} INFO - Sent log: {'timestamp': '2025-06-01T20:47:10.043591', 'level': 'INFO', 'message': 'This is a log message'}
[2025-06-01T20:47:11.252+0000] {subprocess.py:93} INFO - Sent log: {'timestamp': '2025-06-01T20:47:11.251631', 'level': 'ERROR', 'message': 'This is a log message'}
[2025-06-01T20:47:12.939+0000] {subprocess.py:93} INFO - Sent log: {'timestamp': '2025-06-01T20:47:12.938847', 'level': 'ERROR', 'message': 'This is a log message'}
[2025-06-01T20:47:14.035+0000] {subprocess.py:93} INFO - Sent log: {'timestamp': '2025-06-01T20:47:13.961600', 'level': 'WARNING', 'message': 'This is a log message'}
[2025-06-01T20:47:15.379+0000] {subprocess.py:93} INFO - Sent log: {'timestamp': '2025-06-01T20:47:15.153442', 'level': 'INFO', 'message': 'This is a log message'}
[2025-06-01T20:47:17.050+0000] {subprocess.py:93} INFO - Sent log: {'timestamp': '2025-06-01T20:47:17.031457', 'level': 'INFO', 'message': 'This is a log message'}
[2025-06-01T20:47:19.779+0000] {subprocess.py:93} INFO - Sent log: {'timestamp': '2025-06-01T20:47:19.738655', 'level': 'INFO', 'message': 'This is a log message'}
[2025-06-01T20:47:21.649+0000] {subprocess.py:93} INFO - Sent log: {'timestamp': '2025-06-01T20:47:21.189341', 'level': 'INFO', 'message': 'This is a log message'}
[2025-06-01T20:47:22.925+0000] {subprocess.py:93} INFO - Sent log: {'timestamp': '2025-06-01T20:47:22.925152', 'level': 'WARNING', 'message': 'This is a log message'}
[2025-06-01T20:47:24.292+0000] {subprocess.py:93} INFO - Sent log: {'timestamp': '2025-06-01T20:47:24.291941', 'level': 'ERROR', 'message': 'This is a log message'}
[2025-06-01T20:47:24.918+0000] {job.py:229} INFO - Heartbeat recovered after 13.65 seconds
[2025-06-01T20:47:25.758+0000] {subprocess.py:93} INFO - Sent log: {'timestamp': '2025-06-01T20:47:25.757886', 'level': 'WARNING', 'message': 'This is a log message'}
[2025-06-01T20:47:26.788+0000] {subprocess.py:93} INFO - Sent log: {'timestamp': '2025-06-01T20:47:26.787799', 'level': 'WARNING', 'message': 'This is a log message'}
[2025-06-01T20:47:27.959+0000] {subprocess.py:93} INFO - Sent log: {'timestamp': '2025-06-01T20:47:27.958618', 'level': 'INFO', 'message': 'This is a log message'}
[2025-06-01T20:47:28.962+0000] {subprocess.py:93} INFO - Sent log: {'timestamp': '2025-06-01T20:47:28.961582', 'level': 'ERROR', 'message': 'This is a log message'}
[2025-06-01T20:47:29.964+0000] {subprocess.py:93} INFO - Sent log: {'timestamp': '2025-06-01T20:47:29.964435', 'level': 'WARNING', 'message': 'This is a log message'}
[2025-06-01T20:47:30.968+0000] {subprocess.py:93} INFO - Sent log: {'timestamp': '2025-06-01T20:47:30.968247', 'level': 'INFO', 'message': 'This is a log message'}
[2025-06-01T20:47:32.229+0000] {subprocess.py:93} INFO - Sent log: {'timestamp': '2025-06-01T20:47:32.228426', 'level': 'WARNING', 'message': 'This is a log message'}
[2025-06-01T20:47:33.234+0000] {subprocess.py:93} INFO - Sent log: {'timestamp': '2025-06-01T20:47:33.233428', 'level': 'WARNING', 'message': 'This is a log message'}
[2025-06-01T20:47:34.302+0000] {subprocess.py:93} INFO - Sent log: {'timestamp': '2025-06-01T20:47:34.301521', 'level': 'INFO', 'message': 'This is a log message'}
[2025-06-01T20:47:35.367+0000] {subprocess.py:93} INFO - Sent log: {'timestamp': '2025-06-01T20:47:35.366489', 'level': 'WARNING', 'message': 'This is a log message'}
[2025-06-01T20:47:36.370+0000] {subprocess.py:93} INFO - Sent log: {'timestamp': '2025-06-01T20:47:36.370511', 'level': 'WARNING', 'message': 'This is a log message'}
[2025-06-01T20:47:37.375+0000] {subprocess.py:93} INFO - Sent log: {'timestamp': '2025-06-01T20:47:37.374365', 'level': 'WARNING', 'message': 'This is a log message'}
[2025-06-01T20:47:38.554+0000] {subprocess.py:93} INFO - Sent log: {'timestamp': '2025-06-01T20:47:38.554483', 'level': 'WARNING', 'message': 'This is a log message'}
[2025-06-01T20:47:39.569+0000] {subprocess.py:93} INFO - Sent log: {'timestamp': '2025-06-01T20:47:39.568255', 'level': 'ERROR', 'message': 'This is a log message'}
[2025-06-01T20:47:40.780+0000] {subprocess.py:93} INFO - Sent log: {'timestamp': '2025-06-01T20:47:40.779155', 'level': 'WARNING', 'message': 'This is a log message'}
[2025-06-01T20:47:41.817+0000] {subprocess.py:93} INFO - Sent log: {'timestamp': '2025-06-01T20:47:41.816714', 'level': 'INFO', 'message': 'This is a log message'}
[2025-06-01T20:47:42.821+0000] {subprocess.py:93} INFO - Sent log: {'timestamp': '2025-06-01T20:47:42.820152', 'level': 'ERROR', 'message': 'This is a log message'}
[2025-06-01T20:47:43.825+0000] {subprocess.py:93} INFO - Sent log: {'timestamp': '2025-06-01T20:47:43.824690', 'level': 'ERROR', 'message': 'This is a log message'}
[2025-06-01T20:47:44.828+0000] {subprocess.py:93} INFO - Sent log: {'timestamp': '2025-06-01T20:47:44.827634', 'level': 'WARNING', 'message': 'This is a log message'}
[2025-06-01T20:47:45.857+0000] {subprocess.py:93} INFO - Sent log: {'timestamp': '2025-06-01T20:47:45.833837', 'level': 'ERROR', 'message': 'This is a log message'}
[2025-06-01T20:47:46.890+0000] {subprocess.py:93} INFO - Sent log: {'timestamp': '2025-06-01T20:47:46.889126', 'level': 'INFO', 'message': 'This is a log message'}
[2025-06-01T20:47:48.050+0000] {subprocess.py:93} INFO - Sent log: {'timestamp': '2025-06-01T20:47:48.049377', 'level': 'ERROR', 'message': 'This is a log message'}
[2025-06-01T20:47:49.053+0000] {subprocess.py:93} INFO - Sent log: {'timestamp': '2025-06-01T20:47:49.053337', 'level': 'ERROR', 'message': 'This is a log message'}
[2025-06-01T20:47:50.057+0000] {subprocess.py:93} INFO - Sent log: {'timestamp': '2025-06-01T20:47:50.055969', 'level': 'ERROR', 'message': 'This is a log message'}
[2025-06-01T20:47:51.065+0000] {subprocess.py:93} INFO - Sent log: {'timestamp': '2025-06-01T20:47:51.063569', 'level': 'ERROR', 'message': 'This is a log message'}
[2025-06-01T20:47:52.074+0000] {subprocess.py:93} INFO - Sent log: {'timestamp': '2025-06-01T20:47:52.072478', 'level': 'INFO', 'message': 'This is a log message'}
[2025-06-01T20:47:53.086+0000] {subprocess.py:93} INFO - Sent log: {'timestamp': '2025-06-01T20:47:53.084937', 'level': 'ERROR', 'message': 'This is a log message'}
[2025-06-01T20:47:54.614+0000] {subprocess.py:93} INFO - Sent log: {'timestamp': '2025-06-01T20:47:54.590624', 'level': 'ERROR', 'message': 'This is a log message'}
[2025-06-01T20:47:58.283+0000] {subprocess.py:93} INFO - Sent log: {'timestamp': '2025-06-01T20:47:58.278266', 'level': 'WARNING', 'message': 'This is a log message'}
[2025-06-01T20:47:59.386+0000] {subprocess.py:93} INFO - Sent log: {'timestamp': '2025-06-01T20:47:59.385620', 'level': 'ERROR', 'message': 'This is a log message'}
[2025-06-01T20:48:00.819+0000] {subprocess.py:93} INFO - Sent log: {'timestamp': '2025-06-01T20:48:00.819184', 'level': 'ERROR', 'message': 'This is a log message'}
[2025-06-01T20:48:01.827+0000] {subprocess.py:93} INFO - Sent log: {'timestamp': '2025-06-01T20:48:01.826403', 'level': 'INFO', 'message': 'This is a log message'}
[2025-06-01T20:48:02.884+0000] {subprocess.py:93} INFO - Sent log: {'timestamp': '2025-06-01T20:48:02.883278', 'level': 'WARNING', 'message': 'This is a log message'}
[2025-06-01T20:48:03.887+0000] {subprocess.py:93} INFO - Sent log: {'timestamp': '2025-06-01T20:48:03.886769', 'level': 'ERROR', 'message': 'This is a log message'}
[2025-06-01T20:48:04.963+0000] {subprocess.py:93} INFO - Sent log: {'timestamp': '2025-06-01T20:48:04.900114', 'level': 'ERROR', 'message': 'This is a log message'}
[2025-06-01T20:48:06.109+0000] {subprocess.py:93} INFO - Sent log: {'timestamp': '2025-06-01T20:48:06.103374', 'level': 'INFO', 'message': 'This is a log message'}
[2025-06-01T20:48:07.583+0000] {subprocess.py:93} INFO - Sent log: {'timestamp': '2025-06-01T20:48:07.582196', 'level': 'INFO', 'message': 'This is a log message'}
[2025-06-01T20:48:09.260+0000] {subprocess.py:93} INFO - Sent log: {'timestamp': '2025-06-01T20:48:09.231278', 'level': 'ERROR', 'message': 'This is a log message'}
[2025-06-01T20:48:10.366+0000] {subprocess.py:93} INFO - Sent log: {'timestamp': '2025-06-01T20:48:10.364778', 'level': 'WARNING', 'message': 'This is a log message'}
[2025-06-01T20:48:11.681+0000] {subprocess.py:93} INFO - Sent log: {'timestamp': '2025-06-01T20:48:11.679534', 'level': 'ERROR', 'message': 'This is a log message'}
[2025-06-01T20:48:12.740+0000] {subprocess.py:93} INFO - Sent log: {'timestamp': '2025-06-01T20:48:12.739631', 'level': 'INFO', 'message': 'This is a log message'}
[2025-06-01T20:48:14.842+0000] {subprocess.py:93} INFO - Sent log: {'timestamp': '2025-06-01T20:48:14.840940', 'level': 'ERROR', 'message': 'This is a log message'}
[2025-06-01T20:48:18.161+0000] {subprocess.py:93} INFO - Sent log: {'timestamp': '2025-06-01T20:48:18.156817', 'level': 'INFO', 'message': 'This is a log message'}
[2025-06-01T20:48:19.072+0000] {job.py:229} INFO - Heartbeat recovered after 13.30 seconds
[2025-06-01T20:48:19.881+0000] {subprocess.py:93} INFO - Sent log: {'timestamp': '2025-06-01T20:48:19.878966', 'level': 'INFO', 'message': 'This is a log message'}
[2025-06-01T20:48:20.886+0000] {subprocess.py:93} INFO - Sent log: {'timestamp': '2025-06-01T20:48:20.885676', 'level': 'INFO', 'message': 'This is a log message'}
[2025-06-01T20:48:21.890+0000] {subprocess.py:93} INFO - Sent log: {'timestamp': '2025-06-01T20:48:21.889111', 'level': 'WARNING', 'message': 'This is a log message'}
[2025-06-01T20:48:22.895+0000] {subprocess.py:93} INFO - Sent log: {'timestamp': '2025-06-01T20:48:22.893776', 'level': 'INFO', 'message': 'This is a log message'}
[2025-06-01T20:48:23.922+0000] {subprocess.py:93} INFO - Sent log: {'timestamp': '2025-06-01T20:48:23.921099', 'level': 'WARNING', 'message': 'This is a log message'}
[2025-06-01T20:48:25.046+0000] {subprocess.py:93} INFO - Sent log: {'timestamp': '2025-06-01T20:48:24.988249', 'level': 'INFO', 'message': 'This is a log message'}
[2025-06-01T20:48:26.305+0000] {subprocess.py:93} INFO - Sent log: {'timestamp': '2025-06-01T20:48:26.304419', 'level': 'INFO', 'message': 'This is a log message'}
[2025-06-01T20:48:27.851+0000] {subprocess.py:93} INFO - Sent log: {'timestamp': '2025-06-01T20:48:27.851533', 'level': 'ERROR', 'message': 'This is a log message'}
[2025-06-01T20:48:28.862+0000] {subprocess.py:93} INFO - Sent log: {'timestamp': '2025-06-01T20:48:28.862003', 'level': 'INFO', 'message': 'This is a log message'}
[2025-06-01T20:48:29.947+0000] {subprocess.py:93} INFO - Sent log: {'timestamp': '2025-06-01T20:48:29.946271', 'level': 'ERROR', 'message': 'This is a log message'}
[2025-06-01T20:48:31.217+0000] {subprocess.py:93} INFO - Sent log: {'timestamp': '2025-06-01T20:48:31.217028', 'level': 'INFO', 'message': 'This is a log message'}
[2025-06-01T20:48:32.220+0000] {subprocess.py:93} INFO - Sent log: {'timestamp': '2025-06-01T20:48:32.220152', 'level': 'ERROR', 'message': 'This is a log message'}
[2025-06-01T20:48:33.224+0000] {subprocess.py:93} INFO - Sent log: {'timestamp': '2025-06-01T20:48:33.223827', 'level': 'WARNING', 'message': 'This is a log message'}
[2025-06-01T20:48:34.227+0000] {subprocess.py:93} INFO - Sent log: {'timestamp': '2025-06-01T20:48:34.226302', 'level': 'ERROR', 'message': 'This is a log message'}
[2025-06-01T20:48:35.229+0000] {subprocess.py:93} INFO - Sent log: {'timestamp': '2025-06-01T20:48:35.228983', 'level': 'INFO', 'message': 'This is a log message'}
[2025-06-01T20:48:36.233+0000] {subprocess.py:93} INFO - Sent log: {'timestamp': '2025-06-01T20:48:36.232084', 'level': 'WARNING', 'message': 'This is a log message'}
[2025-06-01T20:48:37.237+0000] {subprocess.py:93} INFO - Sent log: {'timestamp': '2025-06-01T20:48:37.236055', 'level': 'INFO', 'message': 'This is a log message'}
[2025-06-01T20:48:38.240+0000] {subprocess.py:93} INFO - Sent log: {'timestamp': '2025-06-01T20:48:38.239840', 'level': 'INFO', 'message': 'This is a log message'}
[2025-06-01T20:48:39.243+0000] {subprocess.py:93} INFO - Sent log: {'timestamp': '2025-06-01T20:48:39.243124', 'level': 'ERROR', 'message': 'This is a log message'}
[2025-06-01T20:48:40.247+0000] {subprocess.py:93} INFO - Sent log: {'timestamp': '2025-06-01T20:48:40.246170', 'level': 'WARNING', 'message': 'This is a log message'}
[2025-06-01T20:48:41.250+0000] {subprocess.py:93} INFO - Sent log: {'timestamp': '2025-06-01T20:48:41.249153', 'level': 'ERROR', 'message': 'This is a log message'}
[2025-06-01T20:48:42.253+0000] {subprocess.py:93} INFO - Sent log: {'timestamp': '2025-06-01T20:48:42.252250', 'level': 'INFO', 'message': 'This is a log message'}
[2025-06-01T20:48:43.256+0000] {subprocess.py:93} INFO - Sent log: {'timestamp': '2025-06-01T20:48:43.255538', 'level': 'WARNING', 'message': 'This is a log message'}
[2025-06-01T20:48:44.259+0000] {subprocess.py:93} INFO - Sent log: {'timestamp': '2025-06-01T20:48:44.258124', 'level': 'WARNING', 'message': 'This is a log message'}
[2025-06-01T20:48:45.263+0000] {subprocess.py:93} INFO - Sent log: {'timestamp': '2025-06-01T20:48:45.262740', 'level': 'INFO', 'message': 'This is a log message'}
[2025-06-01T20:48:46.830+0000] {subprocess.py:93} INFO - Sent log: {'timestamp': '2025-06-01T20:48:46.266277', 'level': 'ERROR', 'message': 'This is a log message'}
[2025-06-01T20:48:46.985+0000] {job.py:229} INFO - Heartbeat recovered after 14.13 seconds
[2025-06-01T20:48:47.736+0000] {subprocess.py:93} INFO - Sent log: {'timestamp': '2025-06-01T20:48:47.732217', 'level': 'ERROR', 'message': 'This is a log message'}
[2025-06-01T20:48:48.798+0000] {subprocess.py:93} INFO - Sent log: {'timestamp': '2025-06-01T20:48:48.796406', 'level': 'INFO', 'message': 'This is a log message'}
[2025-06-01T20:48:51.091+0000] {subprocess.py:93} INFO - Sent log: {'timestamp': '2025-06-01T20:48:51.018203', 'level': 'ERROR', 'message': 'This is a log message'}
[2025-06-01T20:48:52.491+0000] {subprocess.py:93} INFO - Sent log: {'timestamp': '2025-06-01T20:48:52.315881', 'level': 'ERROR', 'message': 'This is a log message'}
[2025-06-01T20:48:54.112+0000] {subprocess.py:93} INFO - Sent log: {'timestamp': '2025-06-01T20:48:53.665646', 'level': 'INFO', 'message': 'This is a log message'}
[2025-06-01T20:48:54.913+0000] {subprocess.py:93} INFO - Sent log: {'timestamp': '2025-06-01T20:48:54.912633', 'level': 'ERROR', 'message': 'This is a log message'}
[2025-06-01T20:48:57.563+0000] {subprocess.py:93} INFO - Sent log: {'timestamp': '2025-06-01T20:48:57.551162', 'level': 'INFO', 'message': 'This is a log message'}
[2025-06-01T20:48:58.794+0000] {subprocess.py:93} INFO - Sent log: {'timestamp': '2025-06-01T20:48:58.793455', 'level': 'WARNING', 'message': 'This is a log message'}
[2025-06-01T20:48:59.849+0000] {job.py:229} INFO - Heartbeat recovered after 13.58 seconds
[2025-06-01T20:49:06.867+0000] {subprocess.py:97} INFO - Command exited with return code 0
[2025-06-01T20:49:07.328+0000] {taskinstance.py:340} INFO - ::group::Post task execution logs
[2025-06-01T20:49:07.339+0000] {taskinstance.py:352} INFO - Marking task as SUCCESS. dag_id=log_monitoring_dag, task_id=start_log_producer, run_id=manual__2025-06-01T18:45:47.092796+00:00, execution_date=20250601T184547, start_date=20250601T204604, end_date=20250601T204907
[2025-06-01T20:49:07.596+0000] {local_task_job_runner.py:266} INFO - Task exited with return code 0
[2025-06-01T20:49:08.106+0000] {taskinstance.py:3900} INFO - 1 downstream tasks scheduled from follow-on schedule check
[2025-06-01T20:49:08.256+0000] {local_task_job_runner.py:245} INFO - ::endgroup::
[2025-06-01T20:49:10.398+0000] {standard_task_runner.py:217} INFO - Process not found (most likely exited), stop collecting metrics
