[2025-06-01T23:42:21.656+0000] {local_task_job_runner.py:123} INFO - ::group::Pre task execution logs
[2025-06-01T23:42:21.965+0000] {taskinstance.py:2612} INFO - Dependencies all met for dep_context=non-requeueable deps ti=<TaskInstance: log_monitoring_dag.start_spark_consumer scheduled__2025-06-01T23:05:00+00:00 [queued]>
[2025-06-01T23:42:21.977+0000] {taskinstance.py:2612} INFO - Dependencies all met for dep_context=requeueable deps ti=<TaskInstance: log_monitoring_dag.start_spark_consumer scheduled__2025-06-01T23:05:00+00:00 [queued]>
[2025-06-01T23:42:21.978+0000] {taskinstance.py:2865} INFO - Starting attempt 2 of 2
[2025-06-01T23:42:21.997+0000] {taskinstance.py:2888} INFO - Executing <Task(BashOperator): start_spark_consumer> on 2025-06-01 23:05:00+00:00
[2025-06-01T23:42:22.053+0000] {standard_task_runner.py:104} INFO - Running: ['***', 'tasks', 'run', 'log_monitoring_dag', 'start_spark_consumer', 'scheduled__2025-06-01T23:05:00+00:00', '--job-id', '16', '--raw', '--subdir', 'DAGS_FOLDER/log_monitoring_dag.py', '--cfg-path', '/tmp/tmp15zq8z7n']
[2025-06-01T23:42:22.058+0000] {standard_task_runner.py:105} INFO - Job 16: Subtask start_spark_consumer
[2025-06-01T23:42:22.061+0000] {logging_mixin.py:190} WARNING - /home/***/.local/lib/python3.12/site-packages/***/task/task_runner/standard_task_runner.py:70 DeprecationWarning: This process (pid=462) is multi-threaded, use of fork() may lead to deadlocks in the child.
[2025-06-01T23:42:22.062+0000] {standard_task_runner.py:72} INFO - Started process 464 to run task
[2025-06-01T23:42:22.469+0000] {logging_mixin.py:190} WARNING - /home/***/.local/lib/python3.12/site-packages/***/settings.py:209 DeprecationWarning: The sql_alchemy_conn option in [core] has been moved to the sql_alchemy_conn option in [database] - the old setting has been used, but please update your config.
[2025-06-01T23:42:22.751+0000] {task_command.py:467} INFO - Running <TaskInstance: log_monitoring_dag.start_spark_consumer scheduled__2025-06-01T23:05:00+00:00 [running]> on host 2317d0480f96
[2025-06-01T23:42:22.753+0000] {logging_mixin.py:190} WARNING - /home/***/.local/lib/python3.12/site-packages/***/settings.py:470 DeprecationWarning: The sql_alchemy_conn option in [core] has been moved to the sql_alchemy_conn option in [database] - the old setting has been used, but please update your config.
[2025-06-01T23:42:23.156+0000] {taskinstance.py:3131} INFO - Exporting env vars: AIRFLOW_CTX_DAG_OWNER='***' AIRFLOW_CTX_DAG_ID='log_monitoring_dag' AIRFLOW_CTX_TASK_ID='start_spark_consumer' AIRFLOW_CTX_EXECUTION_DATE='2025-06-01T23:05:00+00:00' AIRFLOW_CTX_TRY_NUMBER='2' AIRFLOW_CTX_DAG_RUN_ID='scheduled__2025-06-01T23:05:00+00:00'
[2025-06-01T23:42:23.158+0000] {taskinstance.py:731} INFO - ::endgroup::
[2025-06-01T23:42:23.185+0000] {subprocess.py:63} INFO - Tmp dir root location: /tmp
[2025-06-01T23:42:23.187+0000] {subprocess.py:75} INFO - Running command: ['/usr/bin/bash', '-c', '\n            docker run --rm             --network realtime_log_monitoring_default             -v /opt/***/app:/app             bitnami/spark:3.3.0             spark-submit --packages org.apache.spark:spark-sql-kafka-0-10_2.12:3.2.0 /app/log_consumer.py\n        ']
[2025-06-01T23:42:23.202+0000] {subprocess.py:86} INFO - Output:
[2025-06-01T23:44:06.225+0000] {subprocess.py:93} INFO - [38;5;6m [38;5;5m23:44:06.00 [0m
[2025-06-01T23:44:06.248+0000] {subprocess.py:93} INFO - [38;5;6m [38;5;5m23:44:06.22 [0m[1mWelcome to the Bitnami spark container[0m
[2025-06-01T23:44:06.249+0000] {subprocess.py:93} INFO - [38;5;6m [38;5;5m23:44:06.22 [0mSubscribe to project updates by watching [1mhttps://github.com/bitnami/containers[0m
[2025-06-01T23:44:06.250+0000] {subprocess.py:93} INFO - [38;5;6m [38;5;5m23:44:06.22 [0mSubmit issues and feature requests at [1mhttps://github.com/bitnami/containers/issues[0m
[2025-06-01T23:44:06.357+0000] {subprocess.py:93} INFO - [38;5;6m [38;5;5m23:44:06.23 [0m
[2025-06-01T23:44:06.459+0000] {subprocess.py:93} INFO - 
[2025-06-01T23:47:50.346+0000] {job.py:229} INFO - Heartbeat recovered after 81.42 seconds
[2025-06-01T23:49:00.041+0000] {job.py:229} INFO - Heartbeat recovered after 58.05 seconds
[2025-06-01T23:51:07.342+0000] {job.py:229} INFO - Heartbeat recovered after 128.10 seconds
[2025-06-01T23:51:23.093+0000] {job.py:229} INFO - Heartbeat recovered after 78.81 seconds
[2025-06-01T23:51:37.469+0000] {job.py:229} INFO - Heartbeat recovered after 15.91 seconds
[2025-06-01T23:54:11.276+0000] {job.py:229} INFO - Heartbeat recovered after 148.07 seconds
[2025-06-01T23:54:18.568+0000] {job.py:229} INFO - Heartbeat recovered after 84.87 seconds
[2025-06-01T23:54:34.994+0000] {job.py:229} INFO - Heartbeat recovered after 17.83 seconds
[2025-06-01T23:55:05.431+0000] {job.py:229} INFO - Heartbeat recovered after 18.99 seconds
[2025-06-01T23:55:46.715+0000] {job.py:229} INFO - Heartbeat recovered after 43.23 seconds
[2025-06-01T23:56:17.122+0000] {job.py:229} INFO - Heartbeat recovered after 62.79 seconds
[2025-06-01T23:56:22.559+0000] {job.py:229} INFO - Heartbeat recovered after 19.49 seconds
[2025-06-01T23:56:46.055+0000] {job.py:229} INFO - Heartbeat recovered after 23.59 seconds
[2025-06-01T23:56:56.050+0000] {job.py:229} INFO - Heartbeat recovered after 18.37 seconds
[2025-06-01T23:57:19.809+0000] {subprocess.py:93} INFO - :: loading settings :: url = jar:file:/opt/bitnami/spark/jars/ivy-2.5.0.jar!/org/apache/ivy/core/settings/ivysettings.xml
[2025-06-01T23:57:29.344+0000] {subprocess.py:93} INFO - Ivy Default Cache set to: /opt/bitnami/spark/.ivy2/cache
[2025-06-01T23:57:29.534+0000] {subprocess.py:93} INFO - The jars for the packages stored in: /opt/bitnami/spark/.ivy2/jars
[2025-06-01T23:57:30.289+0000] {subprocess.py:93} INFO - org.apache.spark#spark-sql-kafka-0-10_2.12 added as a dependency
[2025-06-01T23:57:30.979+0000] {subprocess.py:93} INFO - :: resolving dependencies :: org.apache.spark#spark-submit-parent-8d3221f5-dcc6-40a9-a190-c06825bf2681;1.0
[2025-06-01T23:57:31.505+0000] {subprocess.py:93} INFO - 	confs: [default]
[2025-06-01T23:57:31.547+0000] {job.py:229} INFO - Heartbeat recovered after 12.16 seconds
[2025-06-01T23:58:02.949+0000] {subprocess.py:93} INFO - You probably access the destination server through a proxy server that is not well configured.
[2025-06-01T23:58:03.216+0000] {subprocess.py:93} INFO - You probably access the destination server through a proxy server that is not well configured.
[2025-06-01T23:58:13.454+0000] {subprocess.py:93} INFO - You probably access the destination server through a proxy server that is not well configured.
[2025-06-01T23:58:13.575+0000] {subprocess.py:93} INFO - You probably access the destination server through a proxy server that is not well configured.
[2025-06-01T23:58:14.029+0000] {subprocess.py:93} INFO - :: resolution report :: resolve 44410ms :: artifacts dl 0ms
[2025-06-01T23:58:14.535+0000] {subprocess.py:93} INFO - 	:: modules in use:
[2025-06-01T23:58:16.341+0000] {subprocess.py:93} INFO - 	---------------------------------------------------------------------
[2025-06-01T23:58:16.364+0000] {subprocess.py:93} INFO - 	|                  |            modules            ||   artifacts   |
[2025-06-01T23:58:16.365+0000] {subprocess.py:93} INFO - 	|       conf       | number| search|dwnlded|evicted|| number|dwnlded|
[2025-06-01T23:58:16.427+0000] {subprocess.py:93} INFO - 	---------------------------------------------------------------------
[2025-06-01T23:58:17.285+0000] {subprocess.py:93} INFO - 	|      default     |   1   |   0   |   0   |   0   ||   0   |   0   |
[2025-06-01T23:58:17.285+0000] {subprocess.py:93} INFO - 	---------------------------------------------------------------------
[2025-06-01T23:58:17.934+0000] {subprocess.py:93} INFO - 
[2025-06-01T23:58:18.205+0000] {subprocess.py:93} INFO - :: problems summary ::
[2025-06-01T23:58:18.274+0000] {subprocess.py:93} INFO - :::: WARNINGS
[2025-06-01T23:58:18.800+0000] {subprocess.py:93} INFO - 	Host repo1.maven.org not found. url=https://repo1.maven.org/maven2/org/apache/spark/spark-sql-kafka-0-10_2.12/3.2.0/spark-sql-kafka-0-10_2.12-3.2.0.pom
[2025-06-01T23:58:19.455+0000] {subprocess.py:93} INFO - 
[2025-06-01T23:58:19.508+0000] {subprocess.py:93} INFO - 	Host repo1.maven.org not found. url=https://repo1.maven.org/maven2/org/apache/spark/spark-sql-kafka-0-10_2.12/3.2.0/spark-sql-kafka-0-10_2.12-3.2.0.jar
[2025-06-01T23:58:19.808+0000] {subprocess.py:93} INFO - 
[2025-06-01T23:58:19.960+0000] {subprocess.py:93} INFO - 	Host repos.spark-packages.org not found. url=https://repos.spark-packages.org/org/apache/spark/spark-sql-kafka-0-10_2.12/3.2.0/spark-sql-kafka-0-10_2.12-3.2.0.pom
[2025-06-01T23:58:20.619+0000] {subprocess.py:93} INFO - 
[2025-06-01T23:58:20.620+0000] {subprocess.py:93} INFO - 	Host repos.spark-packages.org not found. url=https://repos.spark-packages.org/org/apache/spark/spark-sql-kafka-0-10_2.12/3.2.0/spark-sql-kafka-0-10_2.12-3.2.0.jar
[2025-06-01T23:58:20.696+0000] {subprocess.py:93} INFO - 
[2025-06-01T23:58:20.718+0000] {subprocess.py:93} INFO - 		module not found: org.apache.spark#spark-sql-kafka-0-10_2.12;3.2.0
[2025-06-01T23:58:20.745+0000] {subprocess.py:93} INFO - 
[2025-06-01T23:58:21.071+0000] {subprocess.py:93} INFO - 	==== local-m2-cache: tried
[2025-06-01T23:58:21.089+0000] {subprocess.py:93} INFO - 
[2025-06-01T23:58:21.141+0000] {subprocess.py:93} INFO - 	  file:/opt/bitnami/spark/.m2/repository/org/apache/spark/spark-sql-kafka-0-10_2.12/3.2.0/spark-sql-kafka-0-10_2.12-3.2.0.pom
[2025-06-01T23:58:21.470+0000] {subprocess.py:93} INFO - 
[2025-06-01T23:58:21.484+0000] {subprocess.py:93} INFO - 	  -- artifact org.apache.spark#spark-sql-kafka-0-10_2.12;3.2.0!spark-sql-kafka-0-10_2.12.jar:
[2025-06-01T23:58:21.487+0000] {subprocess.py:93} INFO - 
[2025-06-01T23:58:21.663+0000] {subprocess.py:93} INFO - 	  file:/opt/bitnami/spark/.m2/repository/org/apache/spark/spark-sql-kafka-0-10_2.12/3.2.0/spark-sql-kafka-0-10_2.12-3.2.0.jar
[2025-06-01T23:58:21.854+0000] {subprocess.py:93} INFO - 
[2025-06-01T23:58:21.884+0000] {subprocess.py:93} INFO - 	==== local-ivy-cache: tried
[2025-06-01T23:58:22.334+0000] {subprocess.py:93} INFO - 
[2025-06-01T23:58:22.374+0000] {subprocess.py:93} INFO - 	  /opt/bitnami/spark/.ivy2/local/org.apache.spark/spark-sql-kafka-0-10_2.12/3.2.0/ivys/ivy.xml
[2025-06-01T23:58:22.479+0000] {subprocess.py:93} INFO - 
[2025-06-01T23:58:22.501+0000] {subprocess.py:93} INFO - 	  -- artifact org.apache.spark#spark-sql-kafka-0-10_2.12;3.2.0!spark-sql-kafka-0-10_2.12.jar:
[2025-06-01T23:58:22.502+0000] {subprocess.py:93} INFO - 
[2025-06-01T23:58:22.569+0000] {subprocess.py:93} INFO - 	  /opt/bitnami/spark/.ivy2/local/org.apache.spark/spark-sql-kafka-0-10_2.12/3.2.0/jars/spark-sql-kafka-0-10_2.12.jar
[2025-06-01T23:58:22.570+0000] {subprocess.py:93} INFO - 
[2025-06-01T23:58:22.570+0000] {subprocess.py:93} INFO - 	==== central: tried
[2025-06-01T23:58:22.571+0000] {subprocess.py:93} INFO - 
[2025-06-01T23:58:22.729+0000] {subprocess.py:93} INFO - 	  https://repo1.maven.org/maven2/org/apache/spark/spark-sql-kafka-0-10_2.12/3.2.0/spark-sql-kafka-0-10_2.12-3.2.0.pom
[2025-06-01T23:58:22.926+0000] {subprocess.py:93} INFO - 
[2025-06-01T23:58:23.018+0000] {subprocess.py:93} INFO - 	  -- artifact org.apache.spark#spark-sql-kafka-0-10_2.12;3.2.0!spark-sql-kafka-0-10_2.12.jar:
[2025-06-01T23:58:24.073+0000] {subprocess.py:93} INFO - 
[2025-06-01T23:58:24.913+0000] {subprocess.py:93} INFO - 	  https://repo1.maven.org/maven2/org/apache/spark/spark-sql-kafka-0-10_2.12/3.2.0/spark-sql-kafka-0-10_2.12-3.2.0.jar
[2025-06-01T23:58:24.962+0000] {subprocess.py:93} INFO - 
[2025-06-01T23:58:25.936+0000] {subprocess.py:93} INFO - 	==== spark-packages: tried
[2025-06-01T23:58:26.121+0000] {subprocess.py:93} INFO - 
[2025-06-01T23:58:26.382+0000] {subprocess.py:93} INFO - 	  https://repos.spark-packages.org/org/apache/spark/spark-sql-kafka-0-10_2.12/3.2.0/spark-sql-kafka-0-10_2.12-3.2.0.pom
[2025-06-01T23:58:26.667+0000] {subprocess.py:93} INFO - 
[2025-06-01T23:58:26.676+0000] {subprocess.py:93} INFO - 	  -- artifact org.apache.spark#spark-sql-kafka-0-10_2.12;3.2.0!spark-sql-kafka-0-10_2.12.jar:
[2025-06-01T23:58:26.750+0000] {subprocess.py:93} INFO - 
[2025-06-01T23:58:26.750+0000] {subprocess.py:93} INFO - 	  https://repos.spark-packages.org/org/apache/spark/spark-sql-kafka-0-10_2.12/3.2.0/spark-sql-kafka-0-10_2.12-3.2.0.jar
[2025-06-01T23:58:26.751+0000] {subprocess.py:93} INFO - 
[2025-06-01T23:58:26.751+0000] {subprocess.py:93} INFO - 		::::::::::::::::::::::::::::::::::::::::::::::
[2025-06-01T23:58:26.752+0000] {subprocess.py:93} INFO - 
[2025-06-01T23:58:26.808+0000] {subprocess.py:93} INFO - 		::          UNRESOLVED DEPENDENCIES         ::
[2025-06-01T23:58:26.830+0000] {subprocess.py:93} INFO - 
[2025-06-01T23:58:26.849+0000] {subprocess.py:93} INFO - 		::::::::::::::::::::::::::::::::::::::::::::::
[2025-06-01T23:58:27.113+0000] {subprocess.py:93} INFO - 
[2025-06-01T23:58:27.451+0000] {subprocess.py:93} INFO - 		:: org.apache.spark#spark-sql-kafka-0-10_2.12;3.2.0: not found
[2025-06-01T23:58:27.452+0000] {subprocess.py:93} INFO - 
[2025-06-01T23:58:27.453+0000] {subprocess.py:93} INFO - 		::::::::::::::::::::::::::::::::::::::::::::::
[2025-06-01T23:58:27.453+0000] {subprocess.py:93} INFO - 
[2025-06-01T23:58:27.453+0000] {subprocess.py:93} INFO - 
[2025-06-01T23:58:27.454+0000] {subprocess.py:93} INFO - 
[2025-06-01T23:58:27.454+0000] {subprocess.py:93} INFO - :: USE VERBOSE OR DEBUG MESSAGE LEVEL FOR MORE DETAILS
[2025-06-01T23:58:27.455+0000] {subprocess.py:93} INFO - Exception in thread "main" java.lang.RuntimeException: [unresolved dependency: org.apache.spark#spark-sql-kafka-0-10_2.12;3.2.0: not found]
[2025-06-01T23:58:27.455+0000] {subprocess.py:93} INFO - 	at org.apache.spark.deploy.SparkSubmitUtils$.resolveMavenCoordinates(SparkSubmit.scala:1456)
[2025-06-01T23:58:27.456+0000] {subprocess.py:93} INFO - 	at org.apache.spark.util.DependencyUtils$.resolveMavenDependencies(DependencyUtils.scala:185)
[2025-06-01T23:58:27.456+0000] {subprocess.py:93} INFO - 	at org.apache.spark.deploy.SparkSubmit.prepareSubmitEnvironment(SparkSubmit.scala:308)
[2025-06-01T23:58:27.456+0000] {subprocess.py:93} INFO - 	at org.apache.spark.deploy.SparkSubmit.org$apache$spark$deploy$SparkSubmit$$runMain(SparkSubmit.scala:901)
[2025-06-01T23:58:27.457+0000] {subprocess.py:93} INFO - 	at org.apache.spark.deploy.SparkSubmit.doRunMain$1(SparkSubmit.scala:180)
[2025-06-01T23:58:27.457+0000] {subprocess.py:93} INFO - 	at org.apache.spark.deploy.SparkSubmit.submit(SparkSubmit.scala:203)
[2025-06-01T23:58:27.458+0000] {subprocess.py:93} INFO - 	at org.apache.spark.deploy.SparkSubmit.doSubmit(SparkSubmit.scala:90)
[2025-06-01T23:58:27.491+0000] {subprocess.py:93} INFO - 	at org.apache.spark.deploy.SparkSubmit$$anon$2.doSubmit(SparkSubmit.scala:1046)
[2025-06-01T23:58:27.656+0000] {subprocess.py:93} INFO - 	at org.apache.spark.deploy.SparkSubmit$.main(SparkSubmit.scala:1055)
[2025-06-01T23:58:27.767+0000] {subprocess.py:93} INFO - 	at org.apache.spark.deploy.SparkSubmit.main(SparkSubmit.scala)
[2025-06-01T23:59:00.426+0000] {subprocess.py:97} INFO - Command exited with return code 1
[2025-06-01T23:59:36.012+0000] {job.py:229} INFO - Heartbeat recovered after 10.96 seconds
[2025-06-02T00:00:00.734+0000] {job.py:229} INFO - Heartbeat recovered after 25.88 seconds
[2025-06-02T00:00:23.715+0000] {job.py:229} INFO - Heartbeat recovered after 13.59 seconds
[2025-06-02T00:00:51.662+0000] {taskinstance.py:3310} ERROR - Task failed with exception
Traceback (most recent call last):
  File "/home/airflow/.local/lib/python3.12/site-packages/airflow/models/taskinstance.py", line 767, in _execute_task
    result = _execute_callable(context=context, **execute_callable_kwargs)
             ^^^^^^^^^^^^^^^^^^^^^^^^^^^^^^^^^^^^^^^^^^^^^^^^^^^^^^^^^^^^^
  File "/home/airflow/.local/lib/python3.12/site-packages/airflow/models/taskinstance.py", line 733, in _execute_callable
    return ExecutionCallableRunner(
           ^^^^^^^^^^^^^^^^^^^^^^^^
  File "/home/airflow/.local/lib/python3.12/site-packages/airflow/utils/operator_helpers.py", line 252, in run
    return self.func(*args, **kwargs)
           ^^^^^^^^^^^^^^^^^^^^^^^^^^
  File "/home/airflow/.local/lib/python3.12/site-packages/airflow/models/baseoperator.py", line 406, in wrapper
    return func(self, *args, **kwargs)
           ^^^^^^^^^^^^^^^^^^^^^^^^^^^
  File "/home/airflow/.local/lib/python3.12/site-packages/airflow/operators/bash.py", line 249, in execute
    raise AirflowException(
airflow.exceptions.AirflowException: Bash command failed. The command returned a non-zero exit code 1.
[2025-06-02T00:00:55.187+0000] {taskinstance.py:1225} INFO - Marking task as FAILED. dag_id=log_monitoring_dag, task_id=start_spark_consumer, run_id=scheduled__2025-06-01T23:05:00+00:00, execution_date=20250601T230500, start_date=20250601T234221, end_date=20250602T000052
[2025-06-02T00:01:07.487+0000] {taskinstance.py:340} INFO - ::group::Post task execution logs
[2025-06-02T00:01:08.172+0000] {standard_task_runner.py:124} ERROR - Failed to execute job 16 for task start_spark_consumer (Bash command failed. The command returned a non-zero exit code 1.; 464)
Traceback (most recent call last):
  File "/home/airflow/.local/lib/python3.12/site-packages/airflow/task/task_runner/standard_task_runner.py", line 117, in _start_by_fork
    ret = args.func(args, dag=self.dag)
          ^^^^^^^^^^^^^^^^^^^^^^^^^^^^^
  File "/home/airflow/.local/lib/python3.12/site-packages/airflow/cli/cli_config.py", line 49, in command
    return func(*args, **kwargs)
           ^^^^^^^^^^^^^^^^^^^^^
  File "/home/airflow/.local/lib/python3.12/site-packages/airflow/utils/cli.py", line 115, in wrapper
    return f(*args, **kwargs)
           ^^^^^^^^^^^^^^^^^^
  File "/home/airflow/.local/lib/python3.12/site-packages/airflow/cli/commands/task_command.py", line 483, in task_run
    task_return_code = _run_task_by_selected_method(args, _dag, ti)
                       ^^^^^^^^^^^^^^^^^^^^^^^^^^^^^^^^^^^^^^^^^^^^
  File "/home/airflow/.local/lib/python3.12/site-packages/airflow/cli/commands/task_command.py", line 256, in _run_task_by_selected_method
    return _run_raw_task(args, ti)
           ^^^^^^^^^^^^^^^^^^^^^^^
  File "/home/airflow/.local/lib/python3.12/site-packages/airflow/cli/commands/task_command.py", line 341, in _run_raw_task
    return ti._run_raw_task(
           ^^^^^^^^^^^^^^^^^
  File "/home/airflow/.local/lib/python3.12/site-packages/airflow/utils/session.py", line 97, in wrapper
    return func(*args, session=session, **kwargs)
           ^^^^^^^^^^^^^^^^^^^^^^^^^^^^^^^^^^^^^^
  File "/home/airflow/.local/lib/python3.12/site-packages/airflow/models/taskinstance.py", line 3004, in _run_raw_task
    return _run_raw_task(
           ^^^^^^^^^^^^^^
  File "/home/airflow/.local/lib/python3.12/site-packages/airflow/models/taskinstance.py", line 273, in _run_raw_task
    TaskInstance._execute_task_with_callbacks(
  File "/home/airflow/.local/lib/python3.12/site-packages/airflow/models/taskinstance.py", line 3158, in _execute_task_with_callbacks
    result = self._execute_task(context, task_orig)
             ^^^^^^^^^^^^^^^^^^^^^^^^^^^^^^^^^^^^^^
  File "/home/airflow/.local/lib/python3.12/site-packages/airflow/models/taskinstance.py", line 3182, in _execute_task
    return _execute_task(self, context, task_orig)
           ^^^^^^^^^^^^^^^^^^^^^^^^^^^^^^^^^^^^^^^
  File "/home/airflow/.local/lib/python3.12/site-packages/airflow/models/taskinstance.py", line 767, in _execute_task
    result = _execute_callable(context=context, **execute_callable_kwargs)
             ^^^^^^^^^^^^^^^^^^^^^^^^^^^^^^^^^^^^^^^^^^^^^^^^^^^^^^^^^^^^^
  File "/home/airflow/.local/lib/python3.12/site-packages/airflow/models/taskinstance.py", line 733, in _execute_callable
    return ExecutionCallableRunner(
           ^^^^^^^^^^^^^^^^^^^^^^^^
  File "/home/airflow/.local/lib/python3.12/site-packages/airflow/utils/operator_helpers.py", line 252, in run
    return self.func(*args, **kwargs)
           ^^^^^^^^^^^^^^^^^^^^^^^^^^
  File "/home/airflow/.local/lib/python3.12/site-packages/airflow/models/baseoperator.py", line 406, in wrapper
    return func(self, *args, **kwargs)
           ^^^^^^^^^^^^^^^^^^^^^^^^^^^
  File "/home/airflow/.local/lib/python3.12/site-packages/airflow/operators/bash.py", line 249, in execute
    raise AirflowException(
airflow.exceptions.AirflowException: Bash command failed. The command returned a non-zero exit code 1.
[2025-06-02T00:01:13.171+0000] {local_task_job_runner.py:266} INFO - Task exited with return code 1
[2025-06-02T00:01:13.597+0000] {standard_task_runner.py:217} INFO - Process not found (most likely exited), stop collecting metrics
[2025-06-02T00:01:31.593+0000] {taskinstance.py:3900} INFO - 0 downstream tasks scheduled from follow-on schedule check
[2025-06-02T00:01:32.173+0000] {local_task_job_runner.py:245} INFO - ::endgroup::
